[2022-08-03 22:38:24,702] {taskinstance.py:1179} INFO - Dependencies all met for <TaskInstance: ltv-pipeline.load-data manual__2022-08-03T22:37:47.885427+00:00 [queued]>
[2022-08-03 22:38:24,839] {taskinstance.py:1179} INFO - Dependencies all met for <TaskInstance: ltv-pipeline.load-data manual__2022-08-03T22:37:47.885427+00:00 [queued]>
[2022-08-03 22:38:24,905] {taskinstance.py:1376} INFO - 
--------------------------------------------------------------------------------
[2022-08-03 22:38:24,957] {taskinstance.py:1377} INFO - Starting attempt 1 of 1
[2022-08-03 22:38:24,998] {taskinstance.py:1378} INFO - 
--------------------------------------------------------------------------------
[2022-08-03 22:38:25,313] {taskinstance.py:1397} INFO - Executing <Task(PythonOperator): load-data> on 2022-08-03 22:37:47.885427+00:00
[2022-08-03 22:38:25,555] {standard_task_runner.py:52} INFO - Started process 5389 to run task
[2022-08-03 22:38:25,567] {standard_task_runner.py:79} INFO - Running: ['***', 'tasks', 'run', 'ltv-pipeline', 'load-data', 'manual__2022-08-03T22:37:47.885427+00:00', '--job-id', '244', '--raw', '--subdir', 'DAGS_FOLDER/dag-test.py', '--cfg-path', '/tmp/tmp_46f91w0', '--error-file', '/tmp/tmpv6jiqht3']
[2022-08-03 22:38:25,618] {standard_task_runner.py:80} INFO - Job 244: Subtask load-data
[2022-08-03 22:38:25,983] {task_command.py:371} INFO - Running <TaskInstance: ltv-pipeline.load-data manual__2022-08-03T22:37:47.885427+00:00 [running]> on host 3b0f05b8acbc
[2022-08-03 22:38:26,185] {taskinstance.py:1591} INFO - Exporting the following env vars:
AIRFLOW_CTX_DAG_OWNER=***
AIRFLOW_CTX_DAG_ID=ltv-pipeline
AIRFLOW_CTX_TASK_ID=load-data
AIRFLOW_CTX_EXECUTION_DATE=2022-08-03T22:37:47.885427+00:00
AIRFLOW_CTX_TRY_NUMBER=1
AIRFLOW_CTX_DAG_RUN_ID=manual__2022-08-03T22:37:47.885427+00:00
[2022-08-03 22:38:26,205] {postgres.py:127} INFO - Running copy expert: COPY vehicles FROM STDIN WITH DELIMITER ',' CSV HEADER , filename: files/vehicle_challenge.csv
[2022-08-03 22:38:26,292] {base.py:68} INFO - Using connection ID 'postgres' for task execution.
[2022-08-03 22:38:42,667] {python.py:173} INFO - Done. Returned value was: None
[2022-08-03 22:38:43,321] {taskinstance.py:1420} INFO - Marking task as SUCCESS. dag_id=ltv-pipeline, task_id=load-data, execution_date=20220803T223747, start_date=20220803T223824, end_date=20220803T223843
[2022-08-03 22:38:43,903] {local_task_job.py:156} INFO - Task exited with return code 0
[2022-08-03 22:38:44,403] {local_task_job.py:273} INFO - 0 downstream tasks scheduled from follow-on schedule check
