[2022-08-03 22:47:28,102] {taskinstance.py:1179} INFO - Dependencies all met for <TaskInstance: ltv-pipeline.drop_table manual__2022-08-03T22:47:11.145640+00:00 [queued]>
[2022-08-03 22:47:28,263] {taskinstance.py:1179} INFO - Dependencies all met for <TaskInstance: ltv-pipeline.drop_table manual__2022-08-03T22:47:11.145640+00:00 [queued]>
[2022-08-03 22:47:28,299] {taskinstance.py:1376} INFO - 
--------------------------------------------------------------------------------
[2022-08-03 22:47:28,338] {taskinstance.py:1377} INFO - Starting attempt 1 of 1
[2022-08-03 22:47:28,356] {taskinstance.py:1378} INFO - 
--------------------------------------------------------------------------------
[2022-08-03 22:47:28,772] {taskinstance.py:1397} INFO - Executing <Task(PostgresOperator): drop_table> on 2022-08-03 22:47:11.145640+00:00
[2022-08-03 22:47:29,149] {standard_task_runner.py:52} INFO - Started process 5742 to run task
[2022-08-03 22:47:29,198] {standard_task_runner.py:79} INFO - Running: ['***', 'tasks', 'run', 'ltv-pipeline', 'drop_table', 'manual__2022-08-03T22:47:11.145640+00:00', '--job-id', '252', '--raw', '--subdir', 'DAGS_FOLDER/dag-test.py', '--cfg-path', '/tmp/tmpv9yyif_1', '--error-file', '/tmp/tmpwsljjfec']
[2022-08-03 22:47:29,216] {standard_task_runner.py:80} INFO - Job 252: Subtask drop_table
[2022-08-03 22:47:29,895] {task_command.py:371} INFO - Running <TaskInstance: ltv-pipeline.drop_table manual__2022-08-03T22:47:11.145640+00:00 [running]> on host 3b0f05b8acbc
[2022-08-03 22:47:30,249] {taskinstance.py:1591} INFO - Exporting the following env vars:
AIRFLOW_CTX_DAG_OWNER=***
AIRFLOW_CTX_DAG_ID=ltv-pipeline
AIRFLOW_CTX_TASK_ID=drop_table
AIRFLOW_CTX_EXECUTION_DATE=2022-08-03T22:47:11.145640+00:00
AIRFLOW_CTX_TRY_NUMBER=1
AIRFLOW_CTX_DAG_RUN_ID=manual__2022-08-03T22:47:11.145640+00:00
[2022-08-03 22:47:30,313] {base.py:68} INFO - Using connection ID 'postgres' for task execution.
[2022-08-03 22:47:30,332] {dbapi.py:231} INFO - Running statement: DROP TABLE IF EXISTS vehicles, parameters: None
[2022-08-03 22:47:30,566] {taskinstance.py:1420} INFO - Marking task as SUCCESS. dag_id=ltv-pipeline, task_id=drop_table, execution_date=20220803T224711, start_date=20220803T224728, end_date=20220803T224730
[2022-08-03 22:47:30,667] {local_task_job.py:156} INFO - Task exited with return code 0
[2022-08-03 22:47:31,022] {local_task_job.py:273} INFO - 1 downstream tasks scheduled from follow-on schedule check
