[2022-08-03 22:52:42,846] {taskinstance.py:1179} INFO - Dependencies all met for <TaskInstance: ltv-pipeline.decompress-file manual__2022-08-03T22:52:24.290575+00:00 [queued]>
[2022-08-03 22:52:42,865] {taskinstance.py:1179} INFO - Dependencies all met for <TaskInstance: ltv-pipeline.decompress-file manual__2022-08-03T22:52:24.290575+00:00 [queued]>
[2022-08-03 22:52:42,868] {taskinstance.py:1376} INFO - 
--------------------------------------------------------------------------------
[2022-08-03 22:52:42,873] {taskinstance.py:1377} INFO - Starting attempt 1 of 1
[2022-08-03 22:52:42,877] {taskinstance.py:1378} INFO - 
--------------------------------------------------------------------------------
[2022-08-03 22:52:42,909] {taskinstance.py:1397} INFO - Executing <Task(BashOperator): decompress-file> on 2022-08-03 22:52:24.290575+00:00
[2022-08-03 22:52:42,971] {standard_task_runner.py:52} INFO - Started process 5982 to run task
[2022-08-03 22:52:42,981] {standard_task_runner.py:79} INFO - Running: ['***', 'tasks', 'run', 'ltv-pipeline', 'decompress-file', 'manual__2022-08-03T22:52:24.290575+00:00', '--job-id', '263', '--raw', '--subdir', 'DAGS_FOLDER/dag-test.py', '--cfg-path', '/tmp/tmpqx7is4sa', '--error-file', '/tmp/tmpgz6n1nfs']
[2022-08-03 22:52:42,990] {standard_task_runner.py:80} INFO - Job 263: Subtask decompress-file
[2022-08-03 22:52:43,194] {task_command.py:371} INFO - Running <TaskInstance: ltv-pipeline.decompress-file manual__2022-08-03T22:52:24.290575+00:00 [running]> on host 3b0f05b8acbc
[2022-08-03 22:52:43,350] {taskinstance.py:1591} INFO - Exporting the following env vars:
AIRFLOW_CTX_DAG_OWNER=***
AIRFLOW_CTX_DAG_ID=ltv-pipeline
AIRFLOW_CTX_TASK_ID=decompress-file
AIRFLOW_CTX_EXECUTION_DATE=2022-08-03T22:52:24.290575+00:00
AIRFLOW_CTX_TRY_NUMBER=1
AIRFLOW_CTX_DAG_RUN_ID=manual__2022-08-03T22:52:24.290575+00:00
[2022-08-03 22:52:43,365] {subprocess.py:62} INFO - Tmp dir root location: 
 /tmp
[2022-08-03 22:52:43,386] {subprocess.py:74} INFO - Running command: ['bash', '-c', 'if [ -f *vehicle_challenge.csv.gz ]; then  gunzip -f /opt/***/files/vehicle_challenge.csv.gz; fi;']
[2022-08-03 22:52:43,461] {subprocess.py:85} INFO - Output:
[2022-08-03 22:52:43,496] {subprocess.py:96} INFO - Command exited with return code 0
[2022-08-03 22:52:43,599] {taskinstance.py:1420} INFO - Marking task as SUCCESS. dag_id=ltv-pipeline, task_id=decompress-file, execution_date=20220803T225224, start_date=20220803T225242, end_date=20220803T225243
[2022-08-03 22:52:44,063] {local_task_job.py:156} INFO - Task exited with return code 0
[2022-08-03 22:52:44,999] {local_task_job.py:273} INFO - 0 downstream tasks scheduled from follow-on schedule check
