[2022-08-03 21:34:32,698] {taskinstance.py:1179} INFO - Dependencies all met for <TaskInstance: ltv-pipeline.load-data manual__2022-08-03T21:33:36.800884+00:00 [queued]>
[2022-08-03 21:34:32,732] {taskinstance.py:1179} INFO - Dependencies all met for <TaskInstance: ltv-pipeline.load-data manual__2022-08-03T21:33:36.800884+00:00 [queued]>
[2022-08-03 21:34:32,741] {taskinstance.py:1376} INFO - 
--------------------------------------------------------------------------------
[2022-08-03 21:34:32,749] {taskinstance.py:1377} INFO - Starting attempt 1 of 1
[2022-08-03 21:34:32,756] {taskinstance.py:1378} INFO - 
--------------------------------------------------------------------------------
[2022-08-03 21:34:32,787] {taskinstance.py:1397} INFO - Executing <Task(PythonOperator): load-data> on 2022-08-03 21:33:36.800884+00:00
[2022-08-03 21:34:32,803] {standard_task_runner.py:52} INFO - Started process 2588 to run task
[2022-08-03 21:34:32,811] {standard_task_runner.py:79} INFO - Running: ['***', 'tasks', 'run', 'ltv-pipeline', 'load-data', 'manual__2022-08-03T21:33:36.800884+00:00', '--job-id', '154', '--raw', '--subdir', 'DAGS_FOLDER/dag-test.py', '--cfg-path', '/tmp/tmppte3t7sy', '--error-file', '/tmp/tmpz7o59wzw']
[2022-08-03 21:34:32,822] {standard_task_runner.py:80} INFO - Job 154: Subtask load-data
[2022-08-03 21:34:32,978] {task_command.py:371} INFO - Running <TaskInstance: ltv-pipeline.load-data manual__2022-08-03T21:33:36.800884+00:00 [running]> on host 3b0f05b8acbc
[2022-08-03 21:34:33,361] {taskinstance.py:1591} INFO - Exporting the following env vars:
AIRFLOW_CTX_DAG_OWNER=***
AIRFLOW_CTX_DAG_ID=ltv-pipeline
AIRFLOW_CTX_TASK_ID=load-data
AIRFLOW_CTX_EXECUTION_DATE=2022-08-03T21:33:36.800884+00:00
AIRFLOW_CTX_TRY_NUMBER=1
AIRFLOW_CTX_DAG_RUN_ID=manual__2022-08-03T21:33:36.800884+00:00
[2022-08-03 21:34:33,387] {postgres.py:127} INFO - Running copy expert: COPY vehicles FROM STDIN WITH DELIMITER ',' CSV HEADER , filename: files/vehicle_challenge.csv
[2022-08-03 21:34:33,438] {base.py:68} INFO - Using connection ID 'postgres' for task execution.
[2022-08-03 21:34:39,847] {python.py:173} INFO - Done. Returned value was: None
[2022-08-03 21:34:40,135] {taskinstance.py:1420} INFO - Marking task as SUCCESS. dag_id=ltv-pipeline, task_id=load-data, execution_date=20220803T213336, start_date=20220803T213432, end_date=20220803T213440
[2022-08-03 21:34:40,464] {local_task_job.py:156} INFO - Task exited with return code 0
[2022-08-03 21:34:40,777] {local_task_job.py:273} INFO - 1 downstream tasks scheduled from follow-on schedule check
