[2022-08-03 21:49:27,197] {taskinstance.py:1179} INFO - Dependencies all met for <TaskInstance: ltv-pipeline.drop_table manual__2022-08-03T21:49:20.269366+00:00 [queued]>
[2022-08-03 21:49:27,259] {taskinstance.py:1179} INFO - Dependencies all met for <TaskInstance: ltv-pipeline.drop_table manual__2022-08-03T21:49:20.269366+00:00 [queued]>
[2022-08-03 21:49:27,269] {taskinstance.py:1376} INFO - 
--------------------------------------------------------------------------------
[2022-08-03 21:49:27,276] {taskinstance.py:1377} INFO - Starting attempt 1 of 1
[2022-08-03 21:49:27,296] {taskinstance.py:1378} INFO - 
--------------------------------------------------------------------------------
[2022-08-03 21:49:27,456] {taskinstance.py:1397} INFO - Executing <Task(PostgresOperator): drop_table> on 2022-08-03 21:49:20.269366+00:00
[2022-08-03 21:49:27,539] {standard_task_runner.py:52} INFO - Started process 3274 to run task
[2022-08-03 21:49:27,583] {standard_task_runner.py:79} INFO - Running: ['***', 'tasks', 'run', 'ltv-pipeline', 'drop_table', 'manual__2022-08-03T21:49:20.269366+00:00', '--job-id', '186', '--raw', '--subdir', 'DAGS_FOLDER/dag-test.py', '--cfg-path', '/tmp/tmpplyu7lpq', '--error-file', '/tmp/tmpntfvfsgu']
[2022-08-03 21:49:27,623] {standard_task_runner.py:80} INFO - Job 186: Subtask drop_table
[2022-08-03 21:49:28,486] {task_command.py:371} INFO - Running <TaskInstance: ltv-pipeline.drop_table manual__2022-08-03T21:49:20.269366+00:00 [running]> on host 3b0f05b8acbc
[2022-08-03 21:49:29,084] {taskinstance.py:1591} INFO - Exporting the following env vars:
AIRFLOW_CTX_DAG_OWNER=***
AIRFLOW_CTX_DAG_ID=ltv-pipeline
AIRFLOW_CTX_TASK_ID=drop_table
AIRFLOW_CTX_EXECUTION_DATE=2022-08-03T21:49:20.269366+00:00
AIRFLOW_CTX_TRY_NUMBER=1
AIRFLOW_CTX_DAG_RUN_ID=manual__2022-08-03T21:49:20.269366+00:00
[2022-08-03 21:49:29,226] {base.py:68} INFO - Using connection ID 'postgres' for task execution.
[2022-08-03 21:49:29,286] {dbapi.py:231} INFO - Running statement: DROP TABLE IF EXISTS vehicles, parameters: None
[2022-08-03 21:49:32,180] {taskinstance.py:1420} INFO - Marking task as SUCCESS. dag_id=ltv-pipeline, task_id=drop_table, execution_date=20220803T214920, start_date=20220803T214927, end_date=20220803T214932
[2022-08-03 21:49:32,875] {local_task_job.py:156} INFO - Task exited with return code 0
[2022-08-03 21:49:33,046] {local_task_job.py:273} INFO - 1 downstream tasks scheduled from follow-on schedule check
