[2022-08-03 22:02:17,339] {taskinstance.py:1179} INFO - Dependencies all met for <TaskInstance: ltv-pipeline.decompress-file manual__2022-08-03T22:02:03.726070+00:00 [queued]>
[2022-08-03 22:02:17,353] {taskinstance.py:1179} INFO - Dependencies all met for <TaskInstance: ltv-pipeline.decompress-file manual__2022-08-03T22:02:03.726070+00:00 [queued]>
[2022-08-03 22:02:17,356] {taskinstance.py:1376} INFO - 
--------------------------------------------------------------------------------
[2022-08-03 22:02:17,360] {taskinstance.py:1377} INFO - Starting attempt 1 of 1
[2022-08-03 22:02:17,362] {taskinstance.py:1378} INFO - 
--------------------------------------------------------------------------------
[2022-08-03 22:02:17,380] {taskinstance.py:1397} INFO - Executing <Task(BashOperator): decompress-file> on 2022-08-03 22:02:03.726070+00:00
[2022-08-03 22:02:17,395] {standard_task_runner.py:52} INFO - Started process 3826 to run task
[2022-08-03 22:02:17,404] {standard_task_runner.py:79} INFO - Running: ['***', 'tasks', 'run', 'ltv-pipeline', 'decompress-file', 'manual__2022-08-03T22:02:03.726070+00:00', '--job-id', '205', '--raw', '--subdir', 'DAGS_FOLDER/dag-test.py', '--cfg-path', '/tmp/tmpvrlwl8az', '--error-file', '/tmp/tmpzlwcbd84']
[2022-08-03 22:02:17,411] {standard_task_runner.py:80} INFO - Job 205: Subtask decompress-file
[2022-08-03 22:02:17,548] {task_command.py:371} INFO - Running <TaskInstance: ltv-pipeline.decompress-file manual__2022-08-03T22:02:03.726070+00:00 [running]> on host 3b0f05b8acbc
[2022-08-03 22:02:17,722] {taskinstance.py:1591} INFO - Exporting the following env vars:
AIRFLOW_CTX_DAG_OWNER=***
AIRFLOW_CTX_DAG_ID=ltv-pipeline
AIRFLOW_CTX_TASK_ID=decompress-file
AIRFLOW_CTX_EXECUTION_DATE=2022-08-03T22:02:03.726070+00:00
AIRFLOW_CTX_TRY_NUMBER=1
AIRFLOW_CTX_DAG_RUN_ID=manual__2022-08-03T22:02:03.726070+00:00
[2022-08-03 22:02:17,740] {subprocess.py:62} INFO - Tmp dir root location: 
 /tmp
[2022-08-03 22:02:17,750] {subprocess.py:74} INFO - Running command: ['bash', '-c', 'if [ -f *vehicle_challenge.csv.gz ]; then  gunzip -f /opt/***/files/vehicle_challenge.csv.gz; fi;']
[2022-08-03 22:02:17,786] {subprocess.py:85} INFO - Output:
[2022-08-03 22:02:17,804] {subprocess.py:96} INFO - Command exited with return code 0
[2022-08-03 22:02:17,882] {taskinstance.py:1420} INFO - Marking task as SUCCESS. dag_id=ltv-pipeline, task_id=decompress-file, execution_date=20220803T220203, start_date=20220803T220217, end_date=20220803T220217
[2022-08-03 22:02:18,058] {local_task_job.py:156} INFO - Task exited with return code 0
[2022-08-03 22:02:18,236] {local_task_job.py:273} INFO - 1 downstream tasks scheduled from follow-on schedule check
