[2022-08-03 21:10:47,920] {taskinstance.py:1179} INFO - Dependencies all met for <TaskInstance: ltv-pipeline.decompress-file manual__2022-08-03T21:10:38.828157+00:00 [queued]>
[2022-08-03 21:10:47,936] {taskinstance.py:1179} INFO - Dependencies all met for <TaskInstance: ltv-pipeline.decompress-file manual__2022-08-03T21:10:38.828157+00:00 [queued]>
[2022-08-03 21:10:47,941] {taskinstance.py:1376} INFO - 
--------------------------------------------------------------------------------
[2022-08-03 21:10:47,945] {taskinstance.py:1377} INFO - Starting attempt 1 of 1
[2022-08-03 21:10:47,952] {taskinstance.py:1378} INFO - 
--------------------------------------------------------------------------------
[2022-08-03 21:10:47,970] {taskinstance.py:1397} INFO - Executing <Task(BashOperator): decompress-file> on 2022-08-03 21:10:38.828157+00:00
[2022-08-03 21:10:47,993] {standard_task_runner.py:52} INFO - Started process 1546 to run task
[2022-08-03 21:10:48,000] {standard_task_runner.py:79} INFO - Running: ['***', 'tasks', 'run', 'ltv-pipeline', 'decompress-file', 'manual__2022-08-03T21:10:38.828157+00:00', '--job-id', '127', '--raw', '--subdir', 'DAGS_FOLDER/dag-test.py', '--cfg-path', '/tmp/tmpzso1r08c', '--error-file', '/tmp/tmp73a7hjra']
[2022-08-03 21:10:48,009] {standard_task_runner.py:80} INFO - Job 127: Subtask decompress-file
[2022-08-03 21:10:48,123] {task_command.py:371} INFO - Running <TaskInstance: ltv-pipeline.decompress-file manual__2022-08-03T21:10:38.828157+00:00 [running]> on host 3b0f05b8acbc
[2022-08-03 21:10:48,253] {taskinstance.py:1591} INFO - Exporting the following env vars:
AIRFLOW_CTX_DAG_OWNER=***
AIRFLOW_CTX_DAG_ID=ltv-pipeline
AIRFLOW_CTX_TASK_ID=decompress-file
AIRFLOW_CTX_EXECUTION_DATE=2022-08-03T21:10:38.828157+00:00
AIRFLOW_CTX_TRY_NUMBER=1
AIRFLOW_CTX_DAG_RUN_ID=manual__2022-08-03T21:10:38.828157+00:00
[2022-08-03 21:10:48,264] {subprocess.py:62} INFO - Tmp dir root location: 
 /tmp
[2022-08-03 21:10:48,272] {subprocess.py:74} INFO - Running command: ['bash', '-c', 'if [ -f *vehicle_challenge.csv.gz ]; then  gunzip -f /opt/***/files/vehicle_challenge.csv.gz; fi;']
[2022-08-03 21:10:48,320] {subprocess.py:85} INFO - Output:
[2022-08-03 21:10:48,334] {subprocess.py:96} INFO - Command exited with return code 0
[2022-08-03 21:10:48,400] {taskinstance.py:1420} INFO - Marking task as SUCCESS. dag_id=ltv-pipeline, task_id=decompress-file, execution_date=20220803T211038, start_date=20220803T211047, end_date=20220803T211048
[2022-08-03 21:10:48,468] {local_task_job.py:156} INFO - Task exited with return code 0
[2022-08-03 21:10:48,573] {local_task_job.py:273} INFO - 1 downstream tasks scheduled from follow-on schedule check
