[2022-08-03 16:08:46,704] {taskinstance.py:1179} INFO - Dependencies all met for <TaskInstance: ltv-pipeline.query-table manual__2022-08-03T16:08:38.105006+00:00 [queued]>
[2022-08-03 16:08:46,725] {taskinstance.py:1179} INFO - Dependencies all met for <TaskInstance: ltv-pipeline.query-table manual__2022-08-03T16:08:38.105006+00:00 [queued]>
[2022-08-03 16:08:46,728] {taskinstance.py:1376} INFO - 
--------------------------------------------------------------------------------
[2022-08-03 16:08:46,737] {taskinstance.py:1377} INFO - Starting attempt 1 of 1
[2022-08-03 16:08:46,741] {taskinstance.py:1378} INFO - 
--------------------------------------------------------------------------------
[2022-08-03 16:08:46,772] {taskinstance.py:1397} INFO - Executing <Task(PythonOperator): query-table> on 2022-08-03 16:08:38.105006+00:00
[2022-08-03 16:08:46,786] {standard_task_runner.py:52} INFO - Started process 534 to run task
[2022-08-03 16:08:46,794] {standard_task_runner.py:79} INFO - Running: ['***', 'tasks', 'run', 'ltv-pipeline', 'query-table', 'manual__2022-08-03T16:08:38.105006+00:00', '--job-id', '58', '--raw', '--subdir', 'DAGS_FOLDER/dag-test.py', '--cfg-path', '/tmp/tmp67q2yhvx', '--error-file', '/tmp/tmp30ec47fm']
[2022-08-03 16:08:46,802] {standard_task_runner.py:80} INFO - Job 58: Subtask query-table
[2022-08-03 16:08:46,951] {task_command.py:371} INFO - Running <TaskInstance: ltv-pipeline.query-table manual__2022-08-03T16:08:38.105006+00:00 [running]> on host 3b0f05b8acbc
[2022-08-03 16:08:47,093] {taskinstance.py:1591} INFO - Exporting the following env vars:
AIRFLOW_CTX_DAG_OWNER=***
AIRFLOW_CTX_DAG_ID=ltv-pipeline
AIRFLOW_CTX_TASK_ID=query-table
AIRFLOW_CTX_EXECUTION_DATE=2022-08-03T16:08:38.105006+00:00
AIRFLOW_CTX_TRY_NUMBER=1
AIRFLOW_CTX_DAG_RUN_ID=manual__2022-08-03T16:08:38.105006+00:00
[2022-08-03 16:08:47,108] {logging_mixin.py:115} INFO - Testing hook
[2022-08-03 16:08:47,130] {base.py:68} INFO - Using connection ID 'postgres' for task execution.
[2022-08-03 16:08:47,152] {logging_mixin.py:115} INFO - []
[2022-08-03 16:08:47,177] {base.py:68} INFO - Using connection ID 'postgres' for task execution.
[2022-08-03 16:08:47,202] {logging_mixin.py:115} INFO - [('pg_toast',), ('pg_catalog',), ('public',), ('information_schema',)]
[2022-08-03 16:08:47,212] {logging_mixin.py:115} INFO - PRINT PATH: ['dags', 'logs', 'webserver_config.py', 'plugins', '***-worker.pid', '***.cfg', 'files']
[2022-08-03 16:08:47,230] {logging_mixin.py:115} INFO - PRINT PATH: ['test.csv', 'vehicle_challenge.csv', 'vehicle_challenge.csv.gz']
[2022-08-03 16:08:47,261] {logging_mixin.py:115} INFO - /opt/***
[2022-08-03 16:08:47,264] {python.py:173} INFO - Done. Returned value was: None
[2022-08-03 16:08:47,302] {taskinstance.py:1420} INFO - Marking task as SUCCESS. dag_id=ltv-pipeline, task_id=query-table, execution_date=20220803T160838, start_date=20220803T160846, end_date=20220803T160847
[2022-08-03 16:08:47,389] {local_task_job.py:156} INFO - Task exited with return code 0
[2022-08-03 16:08:47,651] {local_task_job.py:273} INFO - 0 downstream tasks scheduled from follow-on schedule check
