[2022-08-03 17:25:39,939] {taskinstance.py:1179} INFO - Dependencies all met for <TaskInstance: ltv-pipeline.drop_table manual__2022-08-03T17:25:33.021034+00:00 [queued]>
[2022-08-03 17:25:40,068] {taskinstance.py:1179} INFO - Dependencies all met for <TaskInstance: ltv-pipeline.drop_table manual__2022-08-03T17:25:33.021034+00:00 [queued]>
[2022-08-03 17:25:40,094] {taskinstance.py:1376} INFO - 
--------------------------------------------------------------------------------
[2022-08-03 17:25:40,194] {taskinstance.py:1377} INFO - Starting attempt 1 of 1
[2022-08-03 17:25:40,204] {taskinstance.py:1378} INFO - 
--------------------------------------------------------------------------------
[2022-08-03 17:25:40,289] {taskinstance.py:1397} INFO - Executing <Task(PostgresOperator): drop_table> on 2022-08-03 17:25:33.021034+00:00
[2022-08-03 17:25:40,342] {standard_task_runner.py:52} INFO - Started process 3632 to run task
[2022-08-03 17:25:40,355] {standard_task_runner.py:79} INFO - Running: ['***', 'tasks', 'run', 'ltv-pipeline', 'drop_table', 'manual__2022-08-03T17:25:33.021034+00:00', '--job-id', '98', '--raw', '--subdir', 'DAGS_FOLDER/dag-test.py', '--cfg-path', '/tmp/tmpacaq4l0p', '--error-file', '/tmp/tmp2ns63_e9']
[2022-08-03 17:25:40,478] {standard_task_runner.py:80} INFO - Job 98: Subtask drop_table
[2022-08-03 17:25:41,309] {task_command.py:371} INFO - Running <TaskInstance: ltv-pipeline.drop_table manual__2022-08-03T17:25:33.021034+00:00 [running]> on host 3b0f05b8acbc
[2022-08-03 17:25:41,684] {taskinstance.py:1591} INFO - Exporting the following env vars:
AIRFLOW_CTX_DAG_OWNER=***
AIRFLOW_CTX_DAG_ID=ltv-pipeline
AIRFLOW_CTX_TASK_ID=drop_table
AIRFLOW_CTX_EXECUTION_DATE=2022-08-03T17:25:33.021034+00:00
AIRFLOW_CTX_TRY_NUMBER=1
AIRFLOW_CTX_DAG_RUN_ID=manual__2022-08-03T17:25:33.021034+00:00
[2022-08-03 17:25:41,755] {base.py:68} INFO - Using connection ID 'postgres' for task execution.
[2022-08-03 17:25:41,806] {dbapi.py:231} INFO - Running statement: DROP TABLE IF EXISTS vehicles, parameters: None
[2022-08-03 17:25:41,831] {postgres.py:94} INFO - NOTICE:  table "vehicles" does not exist, skipping

[2022-08-03 17:25:41,897] {taskinstance.py:1420} INFO - Marking task as SUCCESS. dag_id=ltv-pipeline, task_id=drop_table, execution_date=20220803T172533, start_date=20220803T172539, end_date=20220803T172541
[2022-08-03 17:25:42,040] {local_task_job.py:156} INFO - Task exited with return code 0
[2022-08-03 17:25:42,234] {local_task_job.py:273} INFO - 1 downstream tasks scheduled from follow-on schedule check
