[2022-08-04 00:00:19,803] {processor.py:153} INFO - Started process (PID=22360) to work on /home/airflow/.local/lib/python3.7/site-packages/airflow/example_dags/example_subdag_operator.py
[2022-08-04 00:00:19,809] {processor.py:641} INFO - Processing file /home/airflow/.local/lib/python3.7/site-packages/airflow/example_dags/example_subdag_operator.py for tasks to queue
[2022-08-04 00:00:19,813] {logging_mixin.py:115} INFO - [2022-08-04 00:00:19,812] {dagbag.py:508} INFO - Filling up the DagBag from /home/airflow/.local/lib/python3.7/site-packages/airflow/example_dags/example_subdag_operator.py
[2022-08-04 00:00:19,889] {processor.py:651} INFO - DAG(s) dict_keys(['example_subdag_operator.section-1', 'example_subdag_operator.section-2', 'example_subdag_operator']) retrieved from /home/airflow/.local/lib/python3.7/site-packages/airflow/example_dags/example_subdag_operator.py
[2022-08-04 00:00:20,009] {logging_mixin.py:115} INFO - [2022-08-04 00:00:20,009] {dag.py:2420} INFO - Sync 3 DAGs
[2022-08-04 00:00:20,055] {logging_mixin.py:115} INFO - [2022-08-04 00:00:20,055] {dag.py:2972} INFO - Setting next_dagrun for example_subdag_operator to 2022-01-01T00:00:00+00:00, run_after=2022-01-01T00:00:00+00:00
[2022-08-04 00:00:20,146] {logging_mixin.py:115} INFO - [2022-08-04 00:00:20,146] {dag.py:2972} INFO - Setting next_dagrun for example_subdag_operator.section-1 to None, run_after=None
[2022-08-04 00:00:20,153] {logging_mixin.py:115} INFO - [2022-08-04 00:00:20,153] {dag.py:2972} INFO - Setting next_dagrun for example_subdag_operator.section-2 to None, run_after=None
[2022-08-04 00:00:20,193] {logging_mixin.py:115} INFO - [2022-08-04 00:00:20,193] {dag.py:2420} INFO - Sync 2 DAGs
[2022-08-04 00:00:20,233] {logging_mixin.py:115} INFO - [2022-08-04 00:00:20,233] {dag.py:2972} INFO - Setting next_dagrun for example_subdag_operator.section-1 to None, run_after=None
[2022-08-04 00:00:20,244] {logging_mixin.py:115} INFO - [2022-08-04 00:00:20,244] {dag.py:2972} INFO - Setting next_dagrun for example_subdag_operator.section-2 to None, run_after=None
[2022-08-04 00:00:20,276] {processor.py:161} INFO - Processing /home/airflow/.local/lib/python3.7/site-packages/airflow/example_dags/example_subdag_operator.py took 0.479 seconds
[2022-08-04 00:00:50,489] {processor.py:153} INFO - Started process (PID=22414) to work on /home/airflow/.local/lib/python3.7/site-packages/airflow/example_dags/example_subdag_operator.py
[2022-08-04 00:00:50,496] {processor.py:641} INFO - Processing file /home/airflow/.local/lib/python3.7/site-packages/airflow/example_dags/example_subdag_operator.py for tasks to queue
[2022-08-04 00:00:50,500] {logging_mixin.py:115} INFO - [2022-08-04 00:00:50,500] {dagbag.py:508} INFO - Filling up the DagBag from /home/airflow/.local/lib/python3.7/site-packages/airflow/example_dags/example_subdag_operator.py
[2022-08-04 00:00:50,634] {processor.py:651} INFO - DAG(s) dict_keys(['example_subdag_operator.section-1', 'example_subdag_operator.section-2', 'example_subdag_operator']) retrieved from /home/airflow/.local/lib/python3.7/site-packages/airflow/example_dags/example_subdag_operator.py
[2022-08-04 00:00:50,965] {logging_mixin.py:115} INFO - [2022-08-04 00:00:50,965] {dag.py:2420} INFO - Sync 3 DAGs
[2022-08-04 00:00:51,023] {logging_mixin.py:115} INFO - [2022-08-04 00:00:51,023] {dag.py:2972} INFO - Setting next_dagrun for example_subdag_operator to 2022-01-01T00:00:00+00:00, run_after=2022-01-01T00:00:00+00:00
[2022-08-04 00:00:51,034] {logging_mixin.py:115} INFO - [2022-08-04 00:00:51,034] {dag.py:2972} INFO - Setting next_dagrun for example_subdag_operator.section-1 to None, run_after=None
[2022-08-04 00:00:51,040] {logging_mixin.py:115} INFO - [2022-08-04 00:00:51,040] {dag.py:2972} INFO - Setting next_dagrun for example_subdag_operator.section-2 to None, run_after=None
[2022-08-04 00:00:51,063] {logging_mixin.py:115} INFO - [2022-08-04 00:00:51,063] {dag.py:2420} INFO - Sync 2 DAGs
[2022-08-04 00:00:51,078] {logging_mixin.py:115} INFO - [2022-08-04 00:00:51,078] {dag.py:2972} INFO - Setting next_dagrun for example_subdag_operator.section-1 to None, run_after=None
[2022-08-04 00:00:51,090] {logging_mixin.py:115} INFO - [2022-08-04 00:00:51,090] {dag.py:2972} INFO - Setting next_dagrun for example_subdag_operator.section-2 to None, run_after=None
[2022-08-04 00:00:51,119] {processor.py:161} INFO - Processing /home/airflow/.local/lib/python3.7/site-packages/airflow/example_dags/example_subdag_operator.py took 0.634 seconds
[2022-08-04 00:01:22,180] {processor.py:153} INFO - Started process (PID=22478) to work on /home/airflow/.local/lib/python3.7/site-packages/airflow/example_dags/example_subdag_operator.py
[2022-08-04 00:01:22,201] {processor.py:641} INFO - Processing file /home/airflow/.local/lib/python3.7/site-packages/airflow/example_dags/example_subdag_operator.py for tasks to queue
[2022-08-04 00:01:22,231] {logging_mixin.py:115} INFO - [2022-08-04 00:01:22,231] {dagbag.py:508} INFO - Filling up the DagBag from /home/airflow/.local/lib/python3.7/site-packages/airflow/example_dags/example_subdag_operator.py
[2022-08-04 00:01:22,403] {processor.py:651} INFO - DAG(s) dict_keys(['example_subdag_operator.section-1', 'example_subdag_operator.section-2', 'example_subdag_operator']) retrieved from /home/airflow/.local/lib/python3.7/site-packages/airflow/example_dags/example_subdag_operator.py
[2022-08-04 00:01:22,731] {logging_mixin.py:115} INFO - [2022-08-04 00:01:22,731] {dag.py:2420} INFO - Sync 3 DAGs
[2022-08-04 00:01:22,859] {logging_mixin.py:115} INFO - [2022-08-04 00:01:22,859] {dag.py:2972} INFO - Setting next_dagrun for example_subdag_operator to 2022-01-01T00:00:00+00:00, run_after=2022-01-01T00:00:00+00:00
[2022-08-04 00:01:22,869] {logging_mixin.py:115} INFO - [2022-08-04 00:01:22,868] {dag.py:2972} INFO - Setting next_dagrun for example_subdag_operator.section-1 to None, run_after=None
[2022-08-04 00:01:22,879] {logging_mixin.py:115} INFO - [2022-08-04 00:01:22,879] {dag.py:2972} INFO - Setting next_dagrun for example_subdag_operator.section-2 to None, run_after=None
[2022-08-04 00:01:22,930] {logging_mixin.py:115} INFO - [2022-08-04 00:01:22,926] {dag.py:2420} INFO - Sync 2 DAGs
[2022-08-04 00:01:22,958] {logging_mixin.py:115} INFO - [2022-08-04 00:01:22,956] {dag.py:2972} INFO - Setting next_dagrun for example_subdag_operator.section-1 to None, run_after=None
[2022-08-04 00:01:22,973] {logging_mixin.py:115} INFO - [2022-08-04 00:01:22,971] {dag.py:2972} INFO - Setting next_dagrun for example_subdag_operator.section-2 to None, run_after=None
[2022-08-04 00:01:23,028] {processor.py:161} INFO - Processing /home/airflow/.local/lib/python3.7/site-packages/airflow/example_dags/example_subdag_operator.py took 0.874 seconds
[2022-08-04 00:01:53,597] {processor.py:153} INFO - Started process (PID=22532) to work on /home/airflow/.local/lib/python3.7/site-packages/airflow/example_dags/example_subdag_operator.py
[2022-08-04 00:01:53,600] {processor.py:641} INFO - Processing file /home/airflow/.local/lib/python3.7/site-packages/airflow/example_dags/example_subdag_operator.py for tasks to queue
[2022-08-04 00:01:53,602] {logging_mixin.py:115} INFO - [2022-08-04 00:01:53,602] {dagbag.py:508} INFO - Filling up the DagBag from /home/airflow/.local/lib/python3.7/site-packages/airflow/example_dags/example_subdag_operator.py
[2022-08-04 00:01:53,638] {processor.py:651} INFO - DAG(s) dict_keys(['example_subdag_operator.section-1', 'example_subdag_operator.section-2', 'example_subdag_operator']) retrieved from /home/airflow/.local/lib/python3.7/site-packages/airflow/example_dags/example_subdag_operator.py
[2022-08-04 00:01:53,711] {logging_mixin.py:115} INFO - [2022-08-04 00:01:53,711] {dag.py:2420} INFO - Sync 3 DAGs
[2022-08-04 00:01:53,755] {logging_mixin.py:115} INFO - [2022-08-04 00:01:53,755] {dag.py:2972} INFO - Setting next_dagrun for example_subdag_operator to 2022-01-01T00:00:00+00:00, run_after=2022-01-01T00:00:00+00:00
[2022-08-04 00:01:53,760] {logging_mixin.py:115} INFO - [2022-08-04 00:01:53,759] {dag.py:2972} INFO - Setting next_dagrun for example_subdag_operator.section-1 to None, run_after=None
[2022-08-04 00:01:53,762] {logging_mixin.py:115} INFO - [2022-08-04 00:01:53,762] {dag.py:2972} INFO - Setting next_dagrun for example_subdag_operator.section-2 to None, run_after=None
[2022-08-04 00:01:53,779] {logging_mixin.py:115} INFO - [2022-08-04 00:01:53,779] {dag.py:2420} INFO - Sync 2 DAGs
[2022-08-04 00:01:53,816] {logging_mixin.py:115} INFO - [2022-08-04 00:01:53,816] {dag.py:2972} INFO - Setting next_dagrun for example_subdag_operator.section-1 to None, run_after=None
[2022-08-04 00:01:53,828] {logging_mixin.py:115} INFO - [2022-08-04 00:01:53,828] {dag.py:2972} INFO - Setting next_dagrun for example_subdag_operator.section-2 to None, run_after=None
[2022-08-04 00:01:53,863] {processor.py:161} INFO - Processing /home/airflow/.local/lib/python3.7/site-packages/airflow/example_dags/example_subdag_operator.py took 0.271 seconds
[2022-08-04 00:02:24,056] {processor.py:153} INFO - Started process (PID=22592) to work on /home/airflow/.local/lib/python3.7/site-packages/airflow/example_dags/example_subdag_operator.py
[2022-08-04 00:02:24,065] {processor.py:641} INFO - Processing file /home/airflow/.local/lib/python3.7/site-packages/airflow/example_dags/example_subdag_operator.py for tasks to queue
[2022-08-04 00:02:24,073] {logging_mixin.py:115} INFO - [2022-08-04 00:02:24,073] {dagbag.py:508} INFO - Filling up the DagBag from /home/airflow/.local/lib/python3.7/site-packages/airflow/example_dags/example_subdag_operator.py
[2022-08-04 00:02:24,181] {processor.py:651} INFO - DAG(s) dict_keys(['example_subdag_operator.section-1', 'example_subdag_operator.section-2', 'example_subdag_operator']) retrieved from /home/airflow/.local/lib/python3.7/site-packages/airflow/example_dags/example_subdag_operator.py
[2022-08-04 00:02:24,284] {logging_mixin.py:115} INFO - [2022-08-04 00:02:24,284] {dag.py:2420} INFO - Sync 3 DAGs
[2022-08-04 00:02:24,349] {logging_mixin.py:115} INFO - [2022-08-04 00:02:24,348] {dag.py:2972} INFO - Setting next_dagrun for example_subdag_operator to 2022-01-01T00:00:00+00:00, run_after=2022-01-01T00:00:00+00:00
[2022-08-04 00:02:24,360] {logging_mixin.py:115} INFO - [2022-08-04 00:02:24,360] {dag.py:2972} INFO - Setting next_dagrun for example_subdag_operator.section-1 to None, run_after=None
[2022-08-04 00:02:24,365] {logging_mixin.py:115} INFO - [2022-08-04 00:02:24,365] {dag.py:2972} INFO - Setting next_dagrun for example_subdag_operator.section-2 to None, run_after=None
[2022-08-04 00:02:24,395] {logging_mixin.py:115} INFO - [2022-08-04 00:02:24,395] {dag.py:2420} INFO - Sync 2 DAGs
[2022-08-04 00:02:24,414] {logging_mixin.py:115} INFO - [2022-08-04 00:02:24,413] {dag.py:2972} INFO - Setting next_dagrun for example_subdag_operator.section-1 to None, run_after=None
[2022-08-04 00:02:24,429] {logging_mixin.py:115} INFO - [2022-08-04 00:02:24,425] {dag.py:2972} INFO - Setting next_dagrun for example_subdag_operator.section-2 to None, run_after=None
[2022-08-04 00:02:24,466] {processor.py:161} INFO - Processing /home/airflow/.local/lib/python3.7/site-packages/airflow/example_dags/example_subdag_operator.py took 0.413 seconds
[2022-08-04 00:02:55,255] {processor.py:153} INFO - Started process (PID=22650) to work on /home/airflow/.local/lib/python3.7/site-packages/airflow/example_dags/example_subdag_operator.py
[2022-08-04 00:02:55,258] {processor.py:641} INFO - Processing file /home/airflow/.local/lib/python3.7/site-packages/airflow/example_dags/example_subdag_operator.py for tasks to queue
[2022-08-04 00:02:55,260] {logging_mixin.py:115} INFO - [2022-08-04 00:02:55,260] {dagbag.py:508} INFO - Filling up the DagBag from /home/airflow/.local/lib/python3.7/site-packages/airflow/example_dags/example_subdag_operator.py
[2022-08-04 00:02:55,297] {processor.py:651} INFO - DAG(s) dict_keys(['example_subdag_operator.section-1', 'example_subdag_operator.section-2', 'example_subdag_operator']) retrieved from /home/airflow/.local/lib/python3.7/site-packages/airflow/example_dags/example_subdag_operator.py
[2022-08-04 00:02:55,354] {logging_mixin.py:115} INFO - [2022-08-04 00:02:55,354] {dag.py:2420} INFO - Sync 3 DAGs
[2022-08-04 00:02:55,382] {logging_mixin.py:115} INFO - [2022-08-04 00:02:55,382] {dag.py:2972} INFO - Setting next_dagrun for example_subdag_operator to 2022-01-01T00:00:00+00:00, run_after=2022-01-01T00:00:00+00:00
[2022-08-04 00:02:55,389] {logging_mixin.py:115} INFO - [2022-08-04 00:02:55,389] {dag.py:2972} INFO - Setting next_dagrun for example_subdag_operator.section-1 to None, run_after=None
[2022-08-04 00:02:55,391] {logging_mixin.py:115} INFO - [2022-08-04 00:02:55,391] {dag.py:2972} INFO - Setting next_dagrun for example_subdag_operator.section-2 to None, run_after=None
[2022-08-04 00:02:55,403] {logging_mixin.py:115} INFO - [2022-08-04 00:02:55,403] {dag.py:2420} INFO - Sync 2 DAGs
[2022-08-04 00:02:55,411] {logging_mixin.py:115} INFO - [2022-08-04 00:02:55,411] {dag.py:2972} INFO - Setting next_dagrun for example_subdag_operator.section-1 to None, run_after=None
[2022-08-04 00:02:55,414] {logging_mixin.py:115} INFO - [2022-08-04 00:02:55,414] {dag.py:2972} INFO - Setting next_dagrun for example_subdag_operator.section-2 to None, run_after=None
[2022-08-04 00:02:55,424] {processor.py:161} INFO - Processing /home/airflow/.local/lib/python3.7/site-packages/airflow/example_dags/example_subdag_operator.py took 0.172 seconds
[2022-08-04 00:03:25,896] {processor.py:153} INFO - Started process (PID=22713) to work on /home/airflow/.local/lib/python3.7/site-packages/airflow/example_dags/example_subdag_operator.py
[2022-08-04 00:03:25,904] {processor.py:641} INFO - Processing file /home/airflow/.local/lib/python3.7/site-packages/airflow/example_dags/example_subdag_operator.py for tasks to queue
[2022-08-04 00:03:25,911] {logging_mixin.py:115} INFO - [2022-08-04 00:03:25,911] {dagbag.py:508} INFO - Filling up the DagBag from /home/airflow/.local/lib/python3.7/site-packages/airflow/example_dags/example_subdag_operator.py
[2022-08-04 00:03:25,981] {processor.py:651} INFO - DAG(s) dict_keys(['example_subdag_operator.section-1', 'example_subdag_operator.section-2', 'example_subdag_operator']) retrieved from /home/airflow/.local/lib/python3.7/site-packages/airflow/example_dags/example_subdag_operator.py
[2022-08-04 00:03:26,079] {logging_mixin.py:115} INFO - [2022-08-04 00:03:26,078] {dag.py:2420} INFO - Sync 3 DAGs
[2022-08-04 00:03:26,116] {logging_mixin.py:115} INFO - [2022-08-04 00:03:26,115] {dag.py:2972} INFO - Setting next_dagrun for example_subdag_operator to 2022-01-01T00:00:00+00:00, run_after=2022-01-01T00:00:00+00:00
[2022-08-04 00:03:26,121] {logging_mixin.py:115} INFO - [2022-08-04 00:03:26,121] {dag.py:2972} INFO - Setting next_dagrun for example_subdag_operator.section-1 to None, run_after=None
[2022-08-04 00:03:26,126] {logging_mixin.py:115} INFO - [2022-08-04 00:03:26,126] {dag.py:2972} INFO - Setting next_dagrun for example_subdag_operator.section-2 to None, run_after=None
[2022-08-04 00:03:26,149] {logging_mixin.py:115} INFO - [2022-08-04 00:03:26,149] {dag.py:2420} INFO - Sync 2 DAGs
[2022-08-04 00:03:26,162] {logging_mixin.py:115} INFO - [2022-08-04 00:03:26,162] {dag.py:2972} INFO - Setting next_dagrun for example_subdag_operator.section-1 to None, run_after=None
[2022-08-04 00:03:26,165] {logging_mixin.py:115} INFO - [2022-08-04 00:03:26,165] {dag.py:2972} INFO - Setting next_dagrun for example_subdag_operator.section-2 to None, run_after=None
[2022-08-04 00:03:26,188] {processor.py:161} INFO - Processing /home/airflow/.local/lib/python3.7/site-packages/airflow/example_dags/example_subdag_operator.py took 0.303 seconds
[2022-08-04 00:03:56,701] {processor.py:153} INFO - Started process (PID=22768) to work on /home/airflow/.local/lib/python3.7/site-packages/airflow/example_dags/example_subdag_operator.py
[2022-08-04 00:03:56,703] {processor.py:641} INFO - Processing file /home/airflow/.local/lib/python3.7/site-packages/airflow/example_dags/example_subdag_operator.py for tasks to queue
[2022-08-04 00:03:56,705] {logging_mixin.py:115} INFO - [2022-08-04 00:03:56,705] {dagbag.py:508} INFO - Filling up the DagBag from /home/airflow/.local/lib/python3.7/site-packages/airflow/example_dags/example_subdag_operator.py
[2022-08-04 00:03:56,735] {processor.py:651} INFO - DAG(s) dict_keys(['example_subdag_operator.section-1', 'example_subdag_operator.section-2', 'example_subdag_operator']) retrieved from /home/airflow/.local/lib/python3.7/site-packages/airflow/example_dags/example_subdag_operator.py
[2022-08-04 00:03:56,786] {logging_mixin.py:115} INFO - [2022-08-04 00:03:56,786] {dag.py:2420} INFO - Sync 3 DAGs
[2022-08-04 00:03:56,814] {logging_mixin.py:115} INFO - [2022-08-04 00:03:56,814] {dag.py:2972} INFO - Setting next_dagrun for example_subdag_operator to 2022-01-01T00:00:00+00:00, run_after=2022-01-01T00:00:00+00:00
[2022-08-04 00:03:56,816] {logging_mixin.py:115} INFO - [2022-08-04 00:03:56,816] {dag.py:2972} INFO - Setting next_dagrun for example_subdag_operator.section-1 to None, run_after=None
[2022-08-04 00:03:56,819] {logging_mixin.py:115} INFO - [2022-08-04 00:03:56,819] {dag.py:2972} INFO - Setting next_dagrun for example_subdag_operator.section-2 to None, run_after=None
[2022-08-04 00:03:56,835] {logging_mixin.py:115} INFO - [2022-08-04 00:03:56,835] {dag.py:2420} INFO - Sync 2 DAGs
[2022-08-04 00:03:56,845] {logging_mixin.py:115} INFO - [2022-08-04 00:03:56,844] {dag.py:2972} INFO - Setting next_dagrun for example_subdag_operator.section-1 to None, run_after=None
[2022-08-04 00:03:56,848] {logging_mixin.py:115} INFO - [2022-08-04 00:03:56,847] {dag.py:2972} INFO - Setting next_dagrun for example_subdag_operator.section-2 to None, run_after=None
[2022-08-04 00:03:56,861] {processor.py:161} INFO - Processing /home/airflow/.local/lib/python3.7/site-packages/airflow/example_dags/example_subdag_operator.py took 0.165 seconds
[2022-08-04 00:04:27,136] {processor.py:153} INFO - Started process (PID=22820) to work on /home/airflow/.local/lib/python3.7/site-packages/airflow/example_dags/example_subdag_operator.py
[2022-08-04 00:04:27,142] {processor.py:641} INFO - Processing file /home/airflow/.local/lib/python3.7/site-packages/airflow/example_dags/example_subdag_operator.py for tasks to queue
[2022-08-04 00:04:27,151] {logging_mixin.py:115} INFO - [2022-08-04 00:04:27,151] {dagbag.py:508} INFO - Filling up the DagBag from /home/airflow/.local/lib/python3.7/site-packages/airflow/example_dags/example_subdag_operator.py
[2022-08-04 00:04:27,258] {processor.py:651} INFO - DAG(s) dict_keys(['example_subdag_operator.section-1', 'example_subdag_operator.section-2', 'example_subdag_operator']) retrieved from /home/airflow/.local/lib/python3.7/site-packages/airflow/example_dags/example_subdag_operator.py
[2022-08-04 00:04:27,350] {logging_mixin.py:115} INFO - [2022-08-04 00:04:27,350] {dag.py:2420} INFO - Sync 3 DAGs
[2022-08-04 00:04:27,407] {logging_mixin.py:115} INFO - [2022-08-04 00:04:27,407] {dag.py:2972} INFO - Setting next_dagrun for example_subdag_operator to 2022-01-01T00:00:00+00:00, run_after=2022-01-01T00:00:00+00:00
[2022-08-04 00:04:27,424] {logging_mixin.py:115} INFO - [2022-08-04 00:04:27,424] {dag.py:2972} INFO - Setting next_dagrun for example_subdag_operator.section-1 to None, run_after=None
[2022-08-04 00:04:27,435] {logging_mixin.py:115} INFO - [2022-08-04 00:04:27,435] {dag.py:2972} INFO - Setting next_dagrun for example_subdag_operator.section-2 to None, run_after=None
[2022-08-04 00:04:27,469] {logging_mixin.py:115} INFO - [2022-08-04 00:04:27,468] {dag.py:2420} INFO - Sync 2 DAGs
[2022-08-04 00:04:27,500] {logging_mixin.py:115} INFO - [2022-08-04 00:04:27,500] {dag.py:2972} INFO - Setting next_dagrun for example_subdag_operator.section-1 to None, run_after=None
[2022-08-04 00:04:27,515] {logging_mixin.py:115} INFO - [2022-08-04 00:04:27,515] {dag.py:2972} INFO - Setting next_dagrun for example_subdag_operator.section-2 to None, run_after=None
[2022-08-04 00:04:27,547] {processor.py:161} INFO - Processing /home/airflow/.local/lib/python3.7/site-packages/airflow/example_dags/example_subdag_operator.py took 0.416 seconds
[2022-08-04 00:04:58,005] {processor.py:153} INFO - Started process (PID=22883) to work on /home/airflow/.local/lib/python3.7/site-packages/airflow/example_dags/example_subdag_operator.py
[2022-08-04 00:04:58,007] {processor.py:641} INFO - Processing file /home/airflow/.local/lib/python3.7/site-packages/airflow/example_dags/example_subdag_operator.py for tasks to queue
[2022-08-04 00:04:58,011] {logging_mixin.py:115} INFO - [2022-08-04 00:04:58,011] {dagbag.py:508} INFO - Filling up the DagBag from /home/airflow/.local/lib/python3.7/site-packages/airflow/example_dags/example_subdag_operator.py
[2022-08-04 00:04:58,058] {processor.py:651} INFO - DAG(s) dict_keys(['example_subdag_operator.section-1', 'example_subdag_operator.section-2', 'example_subdag_operator']) retrieved from /home/airflow/.local/lib/python3.7/site-packages/airflow/example_dags/example_subdag_operator.py
[2022-08-04 00:04:58,120] {logging_mixin.py:115} INFO - [2022-08-04 00:04:58,120] {dag.py:2420} INFO - Sync 3 DAGs
[2022-08-04 00:04:58,162] {logging_mixin.py:115} INFO - [2022-08-04 00:04:58,161] {dag.py:2972} INFO - Setting next_dagrun for example_subdag_operator to 2022-01-01T00:00:00+00:00, run_after=2022-01-01T00:00:00+00:00
[2022-08-04 00:04:58,168] {logging_mixin.py:115} INFO - [2022-08-04 00:04:58,167] {dag.py:2972} INFO - Setting next_dagrun for example_subdag_operator.section-1 to None, run_after=None
[2022-08-04 00:04:58,177] {logging_mixin.py:115} INFO - [2022-08-04 00:04:58,177] {dag.py:2972} INFO - Setting next_dagrun for example_subdag_operator.section-2 to None, run_after=None
[2022-08-04 00:04:58,193] {logging_mixin.py:115} INFO - [2022-08-04 00:04:58,193] {dag.py:2420} INFO - Sync 2 DAGs
[2022-08-04 00:04:58,209] {logging_mixin.py:115} INFO - [2022-08-04 00:04:58,209] {dag.py:2972} INFO - Setting next_dagrun for example_subdag_operator.section-1 to None, run_after=None
[2022-08-04 00:04:58,215] {logging_mixin.py:115} INFO - [2022-08-04 00:04:58,215] {dag.py:2972} INFO - Setting next_dagrun for example_subdag_operator.section-2 to None, run_after=None
[2022-08-04 00:04:58,234] {processor.py:161} INFO - Processing /home/airflow/.local/lib/python3.7/site-packages/airflow/example_dags/example_subdag_operator.py took 0.233 seconds
[2022-08-04 00:05:28,765] {processor.py:153} INFO - Started process (PID=22937) to work on /home/airflow/.local/lib/python3.7/site-packages/airflow/example_dags/example_subdag_operator.py
[2022-08-04 00:05:28,772] {processor.py:641} INFO - Processing file /home/airflow/.local/lib/python3.7/site-packages/airflow/example_dags/example_subdag_operator.py for tasks to queue
[2022-08-04 00:05:28,818] {logging_mixin.py:115} INFO - [2022-08-04 00:05:28,817] {dagbag.py:508} INFO - Filling up the DagBag from /home/airflow/.local/lib/python3.7/site-packages/airflow/example_dags/example_subdag_operator.py
[2022-08-04 00:05:28,931] {processor.py:651} INFO - DAG(s) dict_keys(['example_subdag_operator.section-1', 'example_subdag_operator.section-2', 'example_subdag_operator']) retrieved from /home/airflow/.local/lib/python3.7/site-packages/airflow/example_dags/example_subdag_operator.py
[2022-08-04 00:05:29,060] {logging_mixin.py:115} INFO - [2022-08-04 00:05:29,060] {dag.py:2420} INFO - Sync 3 DAGs
[2022-08-04 00:05:29,165] {logging_mixin.py:115} INFO - [2022-08-04 00:05:29,164] {dag.py:2972} INFO - Setting next_dagrun for example_subdag_operator to 2022-01-01T00:00:00+00:00, run_after=2022-01-01T00:00:00+00:00
[2022-08-04 00:05:29,181] {logging_mixin.py:115} INFO - [2022-08-04 00:05:29,181] {dag.py:2972} INFO - Setting next_dagrun for example_subdag_operator.section-1 to None, run_after=None
[2022-08-04 00:05:29,189] {logging_mixin.py:115} INFO - [2022-08-04 00:05:29,189] {dag.py:2972} INFO - Setting next_dagrun for example_subdag_operator.section-2 to None, run_after=None
[2022-08-04 00:05:29,214] {logging_mixin.py:115} INFO - [2022-08-04 00:05:29,213] {dag.py:2420} INFO - Sync 2 DAGs
[2022-08-04 00:05:29,232] {logging_mixin.py:115} INFO - [2022-08-04 00:05:29,232] {dag.py:2972} INFO - Setting next_dagrun for example_subdag_operator.section-1 to None, run_after=None
[2022-08-04 00:05:29,243] {logging_mixin.py:115} INFO - [2022-08-04 00:05:29,243] {dag.py:2972} INFO - Setting next_dagrun for example_subdag_operator.section-2 to None, run_after=None
[2022-08-04 00:05:29,273] {processor.py:161} INFO - Processing /home/airflow/.local/lib/python3.7/site-packages/airflow/example_dags/example_subdag_operator.py took 0.520 seconds
[2022-08-04 00:05:59,347] {processor.py:153} INFO - Started process (PID=23002) to work on /home/airflow/.local/lib/python3.7/site-packages/airflow/example_dags/example_subdag_operator.py
[2022-08-04 00:05:59,387] {processor.py:641} INFO - Processing file /home/airflow/.local/lib/python3.7/site-packages/airflow/example_dags/example_subdag_operator.py for tasks to queue
[2022-08-04 00:05:59,414] {logging_mixin.py:115} INFO - [2022-08-04 00:05:59,414] {dagbag.py:508} INFO - Filling up the DagBag from /home/airflow/.local/lib/python3.7/site-packages/airflow/example_dags/example_subdag_operator.py
[2022-08-04 00:05:59,525] {processor.py:651} INFO - DAG(s) dict_keys(['example_subdag_operator.section-1', 'example_subdag_operator.section-2', 'example_subdag_operator']) retrieved from /home/airflow/.local/lib/python3.7/site-packages/airflow/example_dags/example_subdag_operator.py
[2022-08-04 00:05:59,603] {logging_mixin.py:115} INFO - [2022-08-04 00:05:59,603] {dag.py:2420} INFO - Sync 3 DAGs
[2022-08-04 00:05:59,637] {logging_mixin.py:115} INFO - [2022-08-04 00:05:59,637] {dag.py:2972} INFO - Setting next_dagrun for example_subdag_operator to 2022-01-01T00:00:00+00:00, run_after=2022-01-01T00:00:00+00:00
[2022-08-04 00:05:59,639] {logging_mixin.py:115} INFO - [2022-08-04 00:05:59,638] {dag.py:2972} INFO - Setting next_dagrun for example_subdag_operator.section-1 to None, run_after=None
[2022-08-04 00:05:59,655] {logging_mixin.py:115} INFO - [2022-08-04 00:05:59,655] {dag.py:2972} INFO - Setting next_dagrun for example_subdag_operator.section-2 to None, run_after=None
[2022-08-04 00:05:59,668] {logging_mixin.py:115} INFO - [2022-08-04 00:05:59,668] {dag.py:2420} INFO - Sync 2 DAGs
[2022-08-04 00:05:59,686] {logging_mixin.py:115} INFO - [2022-08-04 00:05:59,686] {dag.py:2972} INFO - Setting next_dagrun for example_subdag_operator.section-1 to None, run_after=None
[2022-08-04 00:05:59,691] {logging_mixin.py:115} INFO - [2022-08-04 00:05:59,691] {dag.py:2972} INFO - Setting next_dagrun for example_subdag_operator.section-2 to None, run_after=None
[2022-08-04 00:05:59,712] {processor.py:161} INFO - Processing /home/airflow/.local/lib/python3.7/site-packages/airflow/example_dags/example_subdag_operator.py took 0.371 seconds
[2022-08-04 00:06:29,876] {processor.py:153} INFO - Started process (PID=23055) to work on /home/airflow/.local/lib/python3.7/site-packages/airflow/example_dags/example_subdag_operator.py
[2022-08-04 00:06:29,879] {processor.py:641} INFO - Processing file /home/airflow/.local/lib/python3.7/site-packages/airflow/example_dags/example_subdag_operator.py for tasks to queue
[2022-08-04 00:06:29,882] {logging_mixin.py:115} INFO - [2022-08-04 00:06:29,882] {dagbag.py:508} INFO - Filling up the DagBag from /home/airflow/.local/lib/python3.7/site-packages/airflow/example_dags/example_subdag_operator.py
[2022-08-04 00:06:29,925] {processor.py:651} INFO - DAG(s) dict_keys(['example_subdag_operator.section-1', 'example_subdag_operator.section-2', 'example_subdag_operator']) retrieved from /home/airflow/.local/lib/python3.7/site-packages/airflow/example_dags/example_subdag_operator.py
[2022-08-04 00:06:29,982] {logging_mixin.py:115} INFO - [2022-08-04 00:06:29,982] {dag.py:2420} INFO - Sync 3 DAGs
[2022-08-04 00:06:30,013] {logging_mixin.py:115} INFO - [2022-08-04 00:06:30,013] {dag.py:2972} INFO - Setting next_dagrun for example_subdag_operator to 2022-01-01T00:00:00+00:00, run_after=2022-01-01T00:00:00+00:00
[2022-08-04 00:06:30,017] {logging_mixin.py:115} INFO - [2022-08-04 00:06:30,017] {dag.py:2972} INFO - Setting next_dagrun for example_subdag_operator.section-1 to None, run_after=None
[2022-08-04 00:06:30,020] {logging_mixin.py:115} INFO - [2022-08-04 00:06:30,020] {dag.py:2972} INFO - Setting next_dagrun for example_subdag_operator.section-2 to None, run_after=None
[2022-08-04 00:06:30,030] {logging_mixin.py:115} INFO - [2022-08-04 00:06:30,030] {dag.py:2420} INFO - Sync 2 DAGs
[2022-08-04 00:06:30,040] {logging_mixin.py:115} INFO - [2022-08-04 00:06:30,039] {dag.py:2972} INFO - Setting next_dagrun for example_subdag_operator.section-1 to None, run_after=None
[2022-08-04 00:06:30,043] {logging_mixin.py:115} INFO - [2022-08-04 00:06:30,043] {dag.py:2972} INFO - Setting next_dagrun for example_subdag_operator.section-2 to None, run_after=None
[2022-08-04 00:06:30,058] {processor.py:161} INFO - Processing /home/airflow/.local/lib/python3.7/site-packages/airflow/example_dags/example_subdag_operator.py took 0.186 seconds
[2022-08-04 00:07:00,413] {processor.py:153} INFO - Started process (PID=23119) to work on /home/airflow/.local/lib/python3.7/site-packages/airflow/example_dags/example_subdag_operator.py
[2022-08-04 00:07:00,416] {processor.py:641} INFO - Processing file /home/airflow/.local/lib/python3.7/site-packages/airflow/example_dags/example_subdag_operator.py for tasks to queue
[2022-08-04 00:07:00,418] {logging_mixin.py:115} INFO - [2022-08-04 00:07:00,418] {dagbag.py:508} INFO - Filling up the DagBag from /home/airflow/.local/lib/python3.7/site-packages/airflow/example_dags/example_subdag_operator.py
[2022-08-04 00:07:00,451] {processor.py:651} INFO - DAG(s) dict_keys(['example_subdag_operator.section-1', 'example_subdag_operator.section-2', 'example_subdag_operator']) retrieved from /home/airflow/.local/lib/python3.7/site-packages/airflow/example_dags/example_subdag_operator.py
[2022-08-04 00:07:00,500] {logging_mixin.py:115} INFO - [2022-08-04 00:07:00,500] {dag.py:2420} INFO - Sync 3 DAGs
[2022-08-04 00:07:00,525] {logging_mixin.py:115} INFO - [2022-08-04 00:07:00,524] {dag.py:2972} INFO - Setting next_dagrun for example_subdag_operator to 2022-01-01T00:00:00+00:00, run_after=2022-01-01T00:00:00+00:00
[2022-08-04 00:07:00,527] {logging_mixin.py:115} INFO - [2022-08-04 00:07:00,527] {dag.py:2972} INFO - Setting next_dagrun for example_subdag_operator.section-1 to None, run_after=None
[2022-08-04 00:07:00,530] {logging_mixin.py:115} INFO - [2022-08-04 00:07:00,530] {dag.py:2972} INFO - Setting next_dagrun for example_subdag_operator.section-2 to None, run_after=None
[2022-08-04 00:07:00,539] {logging_mixin.py:115} INFO - [2022-08-04 00:07:00,539] {dag.py:2420} INFO - Sync 2 DAGs
[2022-08-04 00:07:00,547] {logging_mixin.py:115} INFO - [2022-08-04 00:07:00,547] {dag.py:2972} INFO - Setting next_dagrun for example_subdag_operator.section-1 to None, run_after=None
[2022-08-04 00:07:00,549] {logging_mixin.py:115} INFO - [2022-08-04 00:07:00,549] {dag.py:2972} INFO - Setting next_dagrun for example_subdag_operator.section-2 to None, run_after=None
[2022-08-04 00:07:00,560] {processor.py:161} INFO - Processing /home/airflow/.local/lib/python3.7/site-packages/airflow/example_dags/example_subdag_operator.py took 0.151 seconds
[2022-08-04 00:07:31,111] {processor.py:153} INFO - Started process (PID=23180) to work on /home/airflow/.local/lib/python3.7/site-packages/airflow/example_dags/example_subdag_operator.py
[2022-08-04 00:07:31,116] {processor.py:641} INFO - Processing file /home/airflow/.local/lib/python3.7/site-packages/airflow/example_dags/example_subdag_operator.py for tasks to queue
[2022-08-04 00:07:31,121] {logging_mixin.py:115} INFO - [2022-08-04 00:07:31,120] {dagbag.py:508} INFO - Filling up the DagBag from /home/airflow/.local/lib/python3.7/site-packages/airflow/example_dags/example_subdag_operator.py
[2022-08-04 00:07:31,169] {processor.py:651} INFO - DAG(s) dict_keys(['example_subdag_operator.section-1', 'example_subdag_operator.section-2', 'example_subdag_operator']) retrieved from /home/airflow/.local/lib/python3.7/site-packages/airflow/example_dags/example_subdag_operator.py
[2022-08-04 00:07:31,243] {logging_mixin.py:115} INFO - [2022-08-04 00:07:31,243] {dag.py:2420} INFO - Sync 3 DAGs
[2022-08-04 00:07:31,276] {logging_mixin.py:115} INFO - [2022-08-04 00:07:31,276] {dag.py:2972} INFO - Setting next_dagrun for example_subdag_operator to 2022-01-01T00:00:00+00:00, run_after=2022-01-01T00:00:00+00:00
[2022-08-04 00:07:31,280] {logging_mixin.py:115} INFO - [2022-08-04 00:07:31,280] {dag.py:2972} INFO - Setting next_dagrun for example_subdag_operator.section-1 to None, run_after=None
[2022-08-04 00:07:31,289] {logging_mixin.py:115} INFO - [2022-08-04 00:07:31,289] {dag.py:2972} INFO - Setting next_dagrun for example_subdag_operator.section-2 to None, run_after=None
[2022-08-04 00:07:31,300] {logging_mixin.py:115} INFO - [2022-08-04 00:07:31,300] {dag.py:2420} INFO - Sync 2 DAGs
[2022-08-04 00:07:31,310] {logging_mixin.py:115} INFO - [2022-08-04 00:07:31,310] {dag.py:2972} INFO - Setting next_dagrun for example_subdag_operator.section-1 to None, run_after=None
[2022-08-04 00:07:31,315] {logging_mixin.py:115} INFO - [2022-08-04 00:07:31,315] {dag.py:2972} INFO - Setting next_dagrun for example_subdag_operator.section-2 to None, run_after=None
[2022-08-04 00:07:31,342] {processor.py:161} INFO - Processing /home/airflow/.local/lib/python3.7/site-packages/airflow/example_dags/example_subdag_operator.py took 0.236 seconds
[2022-08-04 00:08:01,696] {processor.py:153} INFO - Started process (PID=23237) to work on /home/airflow/.local/lib/python3.7/site-packages/airflow/example_dags/example_subdag_operator.py
[2022-08-04 00:08:01,706] {processor.py:641} INFO - Processing file /home/airflow/.local/lib/python3.7/site-packages/airflow/example_dags/example_subdag_operator.py for tasks to queue
[2022-08-04 00:08:01,711] {logging_mixin.py:115} INFO - [2022-08-04 00:08:01,711] {dagbag.py:508} INFO - Filling up the DagBag from /home/airflow/.local/lib/python3.7/site-packages/airflow/example_dags/example_subdag_operator.py
[2022-08-04 00:08:01,789] {processor.py:651} INFO - DAG(s) dict_keys(['example_subdag_operator.section-1', 'example_subdag_operator.section-2', 'example_subdag_operator']) retrieved from /home/airflow/.local/lib/python3.7/site-packages/airflow/example_dags/example_subdag_operator.py
[2022-08-04 00:08:01,856] {logging_mixin.py:115} INFO - [2022-08-04 00:08:01,856] {dag.py:2420} INFO - Sync 3 DAGs
[2022-08-04 00:08:01,889] {logging_mixin.py:115} INFO - [2022-08-04 00:08:01,889] {dag.py:2972} INFO - Setting next_dagrun for example_subdag_operator to 2022-01-01T00:00:00+00:00, run_after=2022-01-01T00:00:00+00:00
[2022-08-04 00:08:01,892] {logging_mixin.py:115} INFO - [2022-08-04 00:08:01,892] {dag.py:2972} INFO - Setting next_dagrun for example_subdag_operator.section-1 to None, run_after=None
[2022-08-04 00:08:01,898] {logging_mixin.py:115} INFO - [2022-08-04 00:08:01,898] {dag.py:2972} INFO - Setting next_dagrun for example_subdag_operator.section-2 to None, run_after=None
[2022-08-04 00:08:01,909] {logging_mixin.py:115} INFO - [2022-08-04 00:08:01,909] {dag.py:2420} INFO - Sync 2 DAGs
[2022-08-04 00:08:01,919] {logging_mixin.py:115} INFO - [2022-08-04 00:08:01,919] {dag.py:2972} INFO - Setting next_dagrun for example_subdag_operator.section-1 to None, run_after=None
[2022-08-04 00:08:01,922] {logging_mixin.py:115} INFO - [2022-08-04 00:08:01,922] {dag.py:2972} INFO - Setting next_dagrun for example_subdag_operator.section-2 to None, run_after=None
[2022-08-04 00:08:01,937] {processor.py:161} INFO - Processing /home/airflow/.local/lib/python3.7/site-packages/airflow/example_dags/example_subdag_operator.py took 0.249 seconds
[2022-08-04 00:08:32,220] {processor.py:153} INFO - Started process (PID=23297) to work on /home/airflow/.local/lib/python3.7/site-packages/airflow/example_dags/example_subdag_operator.py
[2022-08-04 00:08:32,225] {processor.py:641} INFO - Processing file /home/airflow/.local/lib/python3.7/site-packages/airflow/example_dags/example_subdag_operator.py for tasks to queue
[2022-08-04 00:08:32,230] {logging_mixin.py:115} INFO - [2022-08-04 00:08:32,230] {dagbag.py:508} INFO - Filling up the DagBag from /home/airflow/.local/lib/python3.7/site-packages/airflow/example_dags/example_subdag_operator.py
[2022-08-04 00:08:32,276] {processor.py:651} INFO - DAG(s) dict_keys(['example_subdag_operator.section-1', 'example_subdag_operator.section-2', 'example_subdag_operator']) retrieved from /home/airflow/.local/lib/python3.7/site-packages/airflow/example_dags/example_subdag_operator.py
[2022-08-04 00:08:32,345] {logging_mixin.py:115} INFO - [2022-08-04 00:08:32,345] {dag.py:2420} INFO - Sync 3 DAGs
[2022-08-04 00:08:32,378] {logging_mixin.py:115} INFO - [2022-08-04 00:08:32,378] {dag.py:2972} INFO - Setting next_dagrun for example_subdag_operator to 2022-01-01T00:00:00+00:00, run_after=2022-01-01T00:00:00+00:00
[2022-08-04 00:08:32,383] {logging_mixin.py:115} INFO - [2022-08-04 00:08:32,383] {dag.py:2972} INFO - Setting next_dagrun for example_subdag_operator.section-1 to None, run_after=None
[2022-08-04 00:08:32,388] {logging_mixin.py:115} INFO - [2022-08-04 00:08:32,388] {dag.py:2972} INFO - Setting next_dagrun for example_subdag_operator.section-2 to None, run_after=None
[2022-08-04 00:08:32,403] {logging_mixin.py:115} INFO - [2022-08-04 00:08:32,403] {dag.py:2420} INFO - Sync 2 DAGs
[2022-08-04 00:08:32,416] {logging_mixin.py:115} INFO - [2022-08-04 00:08:32,416] {dag.py:2972} INFO - Setting next_dagrun for example_subdag_operator.section-1 to None, run_after=None
[2022-08-04 00:08:32,420] {logging_mixin.py:115} INFO - [2022-08-04 00:08:32,420] {dag.py:2972} INFO - Setting next_dagrun for example_subdag_operator.section-2 to None, run_after=None
[2022-08-04 00:08:32,493] {processor.py:161} INFO - Processing /home/airflow/.local/lib/python3.7/site-packages/airflow/example_dags/example_subdag_operator.py took 0.279 seconds
[2022-08-04 00:09:02,990] {processor.py:153} INFO - Started process (PID=23353) to work on /home/airflow/.local/lib/python3.7/site-packages/airflow/example_dags/example_subdag_operator.py
[2022-08-04 00:09:02,993] {processor.py:641} INFO - Processing file /home/airflow/.local/lib/python3.7/site-packages/airflow/example_dags/example_subdag_operator.py for tasks to queue
[2022-08-04 00:09:02,999] {logging_mixin.py:115} INFO - [2022-08-04 00:09:02,999] {dagbag.py:508} INFO - Filling up the DagBag from /home/airflow/.local/lib/python3.7/site-packages/airflow/example_dags/example_subdag_operator.py
[2022-08-04 00:09:03,060] {processor.py:651} INFO - DAG(s) dict_keys(['example_subdag_operator.section-1', 'example_subdag_operator.section-2', 'example_subdag_operator']) retrieved from /home/airflow/.local/lib/python3.7/site-packages/airflow/example_dags/example_subdag_operator.py
[2022-08-04 00:09:03,142] {logging_mixin.py:115} INFO - [2022-08-04 00:09:03,142] {dag.py:2420} INFO - Sync 3 DAGs
[2022-08-04 00:09:03,176] {logging_mixin.py:115} INFO - [2022-08-04 00:09:03,176] {dag.py:2972} INFO - Setting next_dagrun for example_subdag_operator to 2022-01-01T00:00:00+00:00, run_after=2022-01-01T00:00:00+00:00
[2022-08-04 00:09:03,183] {logging_mixin.py:115} INFO - [2022-08-04 00:09:03,182] {dag.py:2972} INFO - Setting next_dagrun for example_subdag_operator.section-1 to None, run_after=None
[2022-08-04 00:09:03,190] {logging_mixin.py:115} INFO - [2022-08-04 00:09:03,190] {dag.py:2972} INFO - Setting next_dagrun for example_subdag_operator.section-2 to None, run_after=None
[2022-08-04 00:09:03,205] {logging_mixin.py:115} INFO - [2022-08-04 00:09:03,205] {dag.py:2420} INFO - Sync 2 DAGs
[2022-08-04 00:09:03,216] {logging_mixin.py:115} INFO - [2022-08-04 00:09:03,216] {dag.py:2972} INFO - Setting next_dagrun for example_subdag_operator.section-1 to None, run_after=None
[2022-08-04 00:09:03,221] {logging_mixin.py:115} INFO - [2022-08-04 00:09:03,221] {dag.py:2972} INFO - Setting next_dagrun for example_subdag_operator.section-2 to None, run_after=None
[2022-08-04 00:09:03,246] {processor.py:161} INFO - Processing /home/airflow/.local/lib/python3.7/site-packages/airflow/example_dags/example_subdag_operator.py took 0.260 seconds
[2022-08-04 00:09:33,572] {processor.py:153} INFO - Started process (PID=23420) to work on /home/airflow/.local/lib/python3.7/site-packages/airflow/example_dags/example_subdag_operator.py
[2022-08-04 00:09:33,575] {processor.py:641} INFO - Processing file /home/airflow/.local/lib/python3.7/site-packages/airflow/example_dags/example_subdag_operator.py for tasks to queue
[2022-08-04 00:09:33,579] {logging_mixin.py:115} INFO - [2022-08-04 00:09:33,579] {dagbag.py:508} INFO - Filling up the DagBag from /home/airflow/.local/lib/python3.7/site-packages/airflow/example_dags/example_subdag_operator.py
[2022-08-04 00:09:33,630] {processor.py:651} INFO - DAG(s) dict_keys(['example_subdag_operator.section-1', 'example_subdag_operator.section-2', 'example_subdag_operator']) retrieved from /home/airflow/.local/lib/python3.7/site-packages/airflow/example_dags/example_subdag_operator.py
[2022-08-04 00:09:33,701] {logging_mixin.py:115} INFO - [2022-08-04 00:09:33,701] {dag.py:2420} INFO - Sync 3 DAGs
[2022-08-04 00:09:33,736] {logging_mixin.py:115} INFO - [2022-08-04 00:09:33,736] {dag.py:2972} INFO - Setting next_dagrun for example_subdag_operator to 2022-01-01T00:00:00+00:00, run_after=2022-01-01T00:00:00+00:00
[2022-08-04 00:09:33,743] {logging_mixin.py:115} INFO - [2022-08-04 00:09:33,743] {dag.py:2972} INFO - Setting next_dagrun for example_subdag_operator.section-1 to None, run_after=None
[2022-08-04 00:09:33,748] {logging_mixin.py:115} INFO - [2022-08-04 00:09:33,748] {dag.py:2972} INFO - Setting next_dagrun for example_subdag_operator.section-2 to None, run_after=None
[2022-08-04 00:09:33,766] {logging_mixin.py:115} INFO - [2022-08-04 00:09:33,766] {dag.py:2420} INFO - Sync 2 DAGs
[2022-08-04 00:09:33,780] {logging_mixin.py:115} INFO - [2022-08-04 00:09:33,780] {dag.py:2972} INFO - Setting next_dagrun for example_subdag_operator.section-1 to None, run_after=None
[2022-08-04 00:09:33,793] {logging_mixin.py:115} INFO - [2022-08-04 00:09:33,793] {dag.py:2972} INFO - Setting next_dagrun for example_subdag_operator.section-2 to None, run_after=None
[2022-08-04 00:09:33,828] {processor.py:161} INFO - Processing /home/airflow/.local/lib/python3.7/site-packages/airflow/example_dags/example_subdag_operator.py took 0.261 seconds
[2022-08-04 00:10:11,301] {processor.py:153} INFO - Started process (PID=23475) to work on /home/airflow/.local/lib/python3.7/site-packages/airflow/example_dags/example_subdag_operator.py
[2022-08-04 00:10:11,349] {processor.py:641} INFO - Processing file /home/airflow/.local/lib/python3.7/site-packages/airflow/example_dags/example_subdag_operator.py for tasks to queue
[2022-08-04 00:10:11,370] {logging_mixin.py:115} INFO - [2022-08-04 00:10:11,370] {dagbag.py:508} INFO - Filling up the DagBag from /home/airflow/.local/lib/python3.7/site-packages/airflow/example_dags/example_subdag_operator.py
[2022-08-04 00:10:11,611] {processor.py:651} INFO - DAG(s) dict_keys(['example_subdag_operator.section-1', 'example_subdag_operator.section-2', 'example_subdag_operator']) retrieved from /home/airflow/.local/lib/python3.7/site-packages/airflow/example_dags/example_subdag_operator.py
[2022-08-04 00:10:11,998] {logging_mixin.py:115} INFO - [2022-08-04 00:10:11,998] {dag.py:2420} INFO - Sync 3 DAGs
[2022-08-04 00:10:12,081] {logging_mixin.py:115} INFO - [2022-08-04 00:10:12,079] {dag.py:2972} INFO - Setting next_dagrun for example_subdag_operator to 2022-01-01T00:00:00+00:00, run_after=2022-01-01T00:00:00+00:00
[2022-08-04 00:10:12,095] {logging_mixin.py:115} INFO - [2022-08-04 00:10:12,094] {dag.py:2972} INFO - Setting next_dagrun for example_subdag_operator.section-1 to None, run_after=None
[2022-08-04 00:10:12,115] {logging_mixin.py:115} INFO - [2022-08-04 00:10:12,115] {dag.py:2972} INFO - Setting next_dagrun for example_subdag_operator.section-2 to None, run_after=None
[2022-08-04 00:10:12,139] {logging_mixin.py:115} INFO - [2022-08-04 00:10:12,139] {dag.py:2420} INFO - Sync 2 DAGs
[2022-08-04 00:10:12,163] {logging_mixin.py:115} INFO - [2022-08-04 00:10:12,163] {dag.py:2972} INFO - Setting next_dagrun for example_subdag_operator.section-1 to None, run_after=None
[2022-08-04 00:10:12,169] {logging_mixin.py:115} INFO - [2022-08-04 00:10:12,169] {dag.py:2972} INFO - Setting next_dagrun for example_subdag_operator.section-2 to None, run_after=None
[2022-08-04 00:10:12,195] {processor.py:161} INFO - Processing /home/airflow/.local/lib/python3.7/site-packages/airflow/example_dags/example_subdag_operator.py took 0.922 seconds
[2022-08-04 00:11:09,577] {processor.py:153} INFO - Started process (PID=23540) to work on /home/airflow/.local/lib/python3.7/site-packages/airflow/example_dags/example_subdag_operator.py
[2022-08-04 00:11:09,597] {processor.py:641} INFO - Processing file /home/airflow/.local/lib/python3.7/site-packages/airflow/example_dags/example_subdag_operator.py for tasks to queue
[2022-08-04 00:11:09,610] {logging_mixin.py:115} INFO - [2022-08-04 00:11:09,610] {dagbag.py:508} INFO - Filling up the DagBag from /home/airflow/.local/lib/python3.7/site-packages/airflow/example_dags/example_subdag_operator.py
[2022-08-04 00:11:09,659] {processor.py:651} INFO - DAG(s) dict_keys(['example_subdag_operator.section-1', 'example_subdag_operator.section-2', 'example_subdag_operator']) retrieved from /home/airflow/.local/lib/python3.7/site-packages/airflow/example_dags/example_subdag_operator.py
[2022-08-04 00:11:09,741] {logging_mixin.py:115} INFO - [2022-08-04 00:11:09,741] {dag.py:2420} INFO - Sync 3 DAGs
[2022-08-04 00:11:09,789] {logging_mixin.py:115} INFO - [2022-08-04 00:11:09,788] {dag.py:2972} INFO - Setting next_dagrun for example_subdag_operator to 2022-01-01T00:00:00+00:00, run_after=2022-01-01T00:00:00+00:00
[2022-08-04 00:11:09,804] {logging_mixin.py:115} INFO - [2022-08-04 00:11:09,804] {dag.py:2972} INFO - Setting next_dagrun for example_subdag_operator.section-1 to None, run_after=None
[2022-08-04 00:11:09,824] {logging_mixin.py:115} INFO - [2022-08-04 00:11:09,824] {dag.py:2972} INFO - Setting next_dagrun for example_subdag_operator.section-2 to None, run_after=None
[2022-08-04 00:11:09,862] {logging_mixin.py:115} INFO - [2022-08-04 00:11:09,862] {dag.py:2420} INFO - Sync 2 DAGs
[2022-08-04 00:11:09,884] {logging_mixin.py:115} INFO - [2022-08-04 00:11:09,884] {dag.py:2972} INFO - Setting next_dagrun for example_subdag_operator.section-1 to None, run_after=None
[2022-08-04 00:11:09,889] {logging_mixin.py:115} INFO - [2022-08-04 00:11:09,889] {dag.py:2972} INFO - Setting next_dagrun for example_subdag_operator.section-2 to None, run_after=None
[2022-08-04 00:11:09,922] {processor.py:161} INFO - Processing /home/airflow/.local/lib/python3.7/site-packages/airflow/example_dags/example_subdag_operator.py took 0.351 seconds
[2022-08-04 00:11:40,081] {processor.py:153} INFO - Started process (PID=23603) to work on /home/airflow/.local/lib/python3.7/site-packages/airflow/example_dags/example_subdag_operator.py
[2022-08-04 00:11:40,086] {processor.py:641} INFO - Processing file /home/airflow/.local/lib/python3.7/site-packages/airflow/example_dags/example_subdag_operator.py for tasks to queue
[2022-08-04 00:11:40,091] {logging_mixin.py:115} INFO - [2022-08-04 00:11:40,091] {dagbag.py:508} INFO - Filling up the DagBag from /home/airflow/.local/lib/python3.7/site-packages/airflow/example_dags/example_subdag_operator.py
[2022-08-04 00:11:40,139] {processor.py:651} INFO - DAG(s) dict_keys(['example_subdag_operator.section-1', 'example_subdag_operator.section-2', 'example_subdag_operator']) retrieved from /home/airflow/.local/lib/python3.7/site-packages/airflow/example_dags/example_subdag_operator.py
[2022-08-04 00:11:40,195] {logging_mixin.py:115} INFO - [2022-08-04 00:11:40,194] {dag.py:2420} INFO - Sync 3 DAGs
[2022-08-04 00:11:40,243] {logging_mixin.py:115} INFO - [2022-08-04 00:11:40,243] {dag.py:2972} INFO - Setting next_dagrun for example_subdag_operator to 2022-01-01T00:00:00+00:00, run_after=2022-01-01T00:00:00+00:00
[2022-08-04 00:11:40,244] {logging_mixin.py:115} INFO - [2022-08-04 00:11:40,244] {dag.py:2972} INFO - Setting next_dagrun for example_subdag_operator.section-1 to None, run_after=None
[2022-08-04 00:11:40,247] {logging_mixin.py:115} INFO - [2022-08-04 00:11:40,247] {dag.py:2972} INFO - Setting next_dagrun for example_subdag_operator.section-2 to None, run_after=None
[2022-08-04 00:11:40,264] {logging_mixin.py:115} INFO - [2022-08-04 00:11:40,264] {dag.py:2420} INFO - Sync 2 DAGs
[2022-08-04 00:11:40,277] {logging_mixin.py:115} INFO - [2022-08-04 00:11:40,277] {dag.py:2972} INFO - Setting next_dagrun for example_subdag_operator.section-1 to None, run_after=None
[2022-08-04 00:11:40,287] {logging_mixin.py:115} INFO - [2022-08-04 00:11:40,287] {dag.py:2972} INFO - Setting next_dagrun for example_subdag_operator.section-2 to None, run_after=None
[2022-08-04 00:11:40,303] {processor.py:161} INFO - Processing /home/airflow/.local/lib/python3.7/site-packages/airflow/example_dags/example_subdag_operator.py took 0.228 seconds
[2022-08-04 00:14:59,053] {processor.py:153} INFO - Started process (PID=23657) to work on /home/airflow/.local/lib/python3.7/site-packages/airflow/example_dags/example_subdag_operator.py
[2022-08-04 00:14:59,062] {processor.py:641} INFO - Processing file /home/airflow/.local/lib/python3.7/site-packages/airflow/example_dags/example_subdag_operator.py for tasks to queue
[2022-08-04 00:14:59,069] {logging_mixin.py:115} INFO - [2022-08-04 00:14:59,069] {dagbag.py:508} INFO - Filling up the DagBag from /home/airflow/.local/lib/python3.7/site-packages/airflow/example_dags/example_subdag_operator.py
[2022-08-04 00:14:59,151] {processor.py:651} INFO - DAG(s) dict_keys(['example_subdag_operator.section-1', 'example_subdag_operator.section-2', 'example_subdag_operator']) retrieved from /home/airflow/.local/lib/python3.7/site-packages/airflow/example_dags/example_subdag_operator.py
[2022-08-04 00:14:59,317] {logging_mixin.py:115} INFO - [2022-08-04 00:14:59,317] {dag.py:2420} INFO - Sync 3 DAGs
[2022-08-04 00:14:59,386] {logging_mixin.py:115} INFO - [2022-08-04 00:14:59,386] {dag.py:2972} INFO - Setting next_dagrun for example_subdag_operator to 2022-01-01T00:00:00+00:00, run_after=2022-01-01T00:00:00+00:00
[2022-08-04 00:14:59,417] {logging_mixin.py:115} INFO - [2022-08-04 00:14:59,417] {dag.py:2972} INFO - Setting next_dagrun for example_subdag_operator.section-1 to None, run_after=None
[2022-08-04 00:14:59,424] {logging_mixin.py:115} INFO - [2022-08-04 00:14:59,423] {dag.py:2972} INFO - Setting next_dagrun for example_subdag_operator.section-2 to None, run_after=None
[2022-08-04 00:14:59,455] {logging_mixin.py:115} INFO - [2022-08-04 00:14:59,455] {dag.py:2420} INFO - Sync 2 DAGs
[2022-08-04 00:14:59,540] {logging_mixin.py:115} INFO - [2022-08-04 00:14:59,540] {dag.py:2972} INFO - Setting next_dagrun for example_subdag_operator.section-1 to None, run_after=None
[2022-08-04 00:14:59,557] {logging_mixin.py:115} INFO - [2022-08-04 00:14:59,557] {dag.py:2972} INFO - Setting next_dagrun for example_subdag_operator.section-2 to None, run_after=None
[2022-08-04 00:14:59,628] {processor.py:161} INFO - Processing /home/airflow/.local/lib/python3.7/site-packages/airflow/example_dags/example_subdag_operator.py took 0.586 seconds
[2022-08-04 00:15:40,499] {processor.py:153} INFO - Started process (PID=23721) to work on /home/airflow/.local/lib/python3.7/site-packages/airflow/example_dags/example_subdag_operator.py
[2022-08-04 00:15:40,506] {processor.py:641} INFO - Processing file /home/airflow/.local/lib/python3.7/site-packages/airflow/example_dags/example_subdag_operator.py for tasks to queue
[2022-08-04 00:15:40,509] {logging_mixin.py:115} INFO - [2022-08-04 00:15:40,509] {dagbag.py:508} INFO - Filling up the DagBag from /home/airflow/.local/lib/python3.7/site-packages/airflow/example_dags/example_subdag_operator.py
[2022-08-04 00:15:40,602] {processor.py:651} INFO - DAG(s) dict_keys(['example_subdag_operator.section-1', 'example_subdag_operator.section-2', 'example_subdag_operator']) retrieved from /home/airflow/.local/lib/python3.7/site-packages/airflow/example_dags/example_subdag_operator.py
[2022-08-04 00:15:40,733] {logging_mixin.py:115} INFO - [2022-08-04 00:15:40,733] {dag.py:2420} INFO - Sync 3 DAGs
[2022-08-04 00:15:40,791] {logging_mixin.py:115} INFO - [2022-08-04 00:15:40,791] {dag.py:2972} INFO - Setting next_dagrun for example_subdag_operator to 2022-01-01T00:00:00+00:00, run_after=2022-01-01T00:00:00+00:00
[2022-08-04 00:15:40,795] {logging_mixin.py:115} INFO - [2022-08-04 00:15:40,794] {dag.py:2972} INFO - Setting next_dagrun for example_subdag_operator.section-1 to None, run_after=None
[2022-08-04 00:15:40,805] {logging_mixin.py:115} INFO - [2022-08-04 00:15:40,805] {dag.py:2972} INFO - Setting next_dagrun for example_subdag_operator.section-2 to None, run_after=None
[2022-08-04 00:15:40,831] {logging_mixin.py:115} INFO - [2022-08-04 00:15:40,831] {dag.py:2420} INFO - Sync 2 DAGs
[2022-08-04 00:15:40,849] {logging_mixin.py:115} INFO - [2022-08-04 00:15:40,849] {dag.py:2972} INFO - Setting next_dagrun for example_subdag_operator.section-1 to None, run_after=None
[2022-08-04 00:15:40,855] {logging_mixin.py:115} INFO - [2022-08-04 00:15:40,855] {dag.py:2972} INFO - Setting next_dagrun for example_subdag_operator.section-2 to None, run_after=None
[2022-08-04 00:15:40,894] {processor.py:161} INFO - Processing /home/airflow/.local/lib/python3.7/site-packages/airflow/example_dags/example_subdag_operator.py took 0.402 seconds
[2022-08-04 00:32:56,345] {processor.py:153} INFO - Started process (PID=23776) to work on /home/airflow/.local/lib/python3.7/site-packages/airflow/example_dags/example_subdag_operator.py
[2022-08-04 00:32:56,357] {processor.py:641} INFO - Processing file /home/airflow/.local/lib/python3.7/site-packages/airflow/example_dags/example_subdag_operator.py for tasks to queue
[2022-08-04 00:32:56,375] {logging_mixin.py:115} INFO - [2022-08-04 00:32:56,373] {dagbag.py:508} INFO - Filling up the DagBag from /home/airflow/.local/lib/python3.7/site-packages/airflow/example_dags/example_subdag_operator.py
[2022-08-04 00:32:56,602] {processor.py:651} INFO - DAG(s) dict_keys(['example_subdag_operator.section-1', 'example_subdag_operator.section-2', 'example_subdag_operator']) retrieved from /home/airflow/.local/lib/python3.7/site-packages/airflow/example_dags/example_subdag_operator.py
[2022-08-04 00:32:56,788] {logging_mixin.py:115} INFO - [2022-08-04 00:32:56,788] {dag.py:2420} INFO - Sync 3 DAGs
[2022-08-04 00:32:56,931] {logging_mixin.py:115} INFO - [2022-08-04 00:32:56,930] {dag.py:2972} INFO - Setting next_dagrun for example_subdag_operator to 2022-01-01T00:00:00+00:00, run_after=2022-01-01T00:00:00+00:00
[2022-08-04 00:32:56,942] {logging_mixin.py:115} INFO - [2022-08-04 00:32:56,942] {dag.py:2972} INFO - Setting next_dagrun for example_subdag_operator.section-1 to None, run_after=None
[2022-08-04 00:32:56,944] {logging_mixin.py:115} INFO - [2022-08-04 00:32:56,944] {dag.py:2972} INFO - Setting next_dagrun for example_subdag_operator.section-2 to None, run_after=None
[2022-08-04 00:32:56,984] {logging_mixin.py:115} INFO - [2022-08-04 00:32:56,984] {dag.py:2420} INFO - Sync 2 DAGs
[2022-08-04 00:32:57,023] {logging_mixin.py:115} INFO - [2022-08-04 00:32:57,023] {dag.py:2972} INFO - Setting next_dagrun for example_subdag_operator.section-1 to None, run_after=None
[2022-08-04 00:32:57,032] {logging_mixin.py:115} INFO - [2022-08-04 00:32:57,032] {dag.py:2972} INFO - Setting next_dagrun for example_subdag_operator.section-2 to None, run_after=None
[2022-08-04 00:32:57,104] {processor.py:161} INFO - Processing /home/airflow/.local/lib/python3.7/site-packages/airflow/example_dags/example_subdag_operator.py took 0.781 seconds
[2022-08-04 00:33:27,251] {processor.py:153} INFO - Started process (PID=23831) to work on /home/airflow/.local/lib/python3.7/site-packages/airflow/example_dags/example_subdag_operator.py
[2022-08-04 00:33:27,263] {processor.py:641} INFO - Processing file /home/airflow/.local/lib/python3.7/site-packages/airflow/example_dags/example_subdag_operator.py for tasks to queue
[2022-08-04 00:33:27,277] {logging_mixin.py:115} INFO - [2022-08-04 00:33:27,276] {dagbag.py:508} INFO - Filling up the DagBag from /home/airflow/.local/lib/python3.7/site-packages/airflow/example_dags/example_subdag_operator.py
[2022-08-04 00:33:27,365] {processor.py:651} INFO - DAG(s) dict_keys(['example_subdag_operator.section-1', 'example_subdag_operator.section-2', 'example_subdag_operator']) retrieved from /home/airflow/.local/lib/python3.7/site-packages/airflow/example_dags/example_subdag_operator.py
[2022-08-04 00:33:27,422] {logging_mixin.py:115} INFO - [2022-08-04 00:33:27,422] {dag.py:2420} INFO - Sync 3 DAGs
[2022-08-04 00:33:27,468] {logging_mixin.py:115} INFO - [2022-08-04 00:33:27,468] {dag.py:2972} INFO - Setting next_dagrun for example_subdag_operator to 2022-01-01T00:00:00+00:00, run_after=2022-01-01T00:00:00+00:00
[2022-08-04 00:33:27,488] {logging_mixin.py:115} INFO - [2022-08-04 00:33:27,488] {dag.py:2972} INFO - Setting next_dagrun for example_subdag_operator.section-1 to None, run_after=None
[2022-08-04 00:33:27,492] {logging_mixin.py:115} INFO - [2022-08-04 00:33:27,492] {dag.py:2972} INFO - Setting next_dagrun for example_subdag_operator.section-2 to None, run_after=None
[2022-08-04 00:33:27,511] {logging_mixin.py:115} INFO - [2022-08-04 00:33:27,511] {dag.py:2420} INFO - Sync 2 DAGs
[2022-08-04 00:33:27,544] {logging_mixin.py:115} INFO - [2022-08-04 00:33:27,544] {dag.py:2972} INFO - Setting next_dagrun for example_subdag_operator.section-1 to None, run_after=None
[2022-08-04 00:33:27,547] {logging_mixin.py:115} INFO - [2022-08-04 00:33:27,547] {dag.py:2972} INFO - Setting next_dagrun for example_subdag_operator.section-2 to None, run_after=None
[2022-08-04 00:33:27,576] {processor.py:161} INFO - Processing /home/airflow/.local/lib/python3.7/site-packages/airflow/example_dags/example_subdag_operator.py took 0.332 seconds
[2022-08-04 00:33:59,320] {processor.py:153} INFO - Started process (PID=23893) to work on /home/airflow/.local/lib/python3.7/site-packages/airflow/example_dags/example_subdag_operator.py
[2022-08-04 00:33:59,336] {processor.py:641} INFO - Processing file /home/airflow/.local/lib/python3.7/site-packages/airflow/example_dags/example_subdag_operator.py for tasks to queue
[2022-08-04 00:33:59,346] {logging_mixin.py:115} INFO - [2022-08-04 00:33:59,346] {dagbag.py:508} INFO - Filling up the DagBag from /home/airflow/.local/lib/python3.7/site-packages/airflow/example_dags/example_subdag_operator.py
[2022-08-04 00:33:59,535] {processor.py:651} INFO - DAG(s) dict_keys(['example_subdag_operator.section-1', 'example_subdag_operator.section-2', 'example_subdag_operator']) retrieved from /home/airflow/.local/lib/python3.7/site-packages/airflow/example_dags/example_subdag_operator.py
[2022-08-04 00:34:00,075] {logging_mixin.py:115} INFO - [2022-08-04 00:34:00,075] {dag.py:2420} INFO - Sync 3 DAGs
[2022-08-04 00:34:00,125] {logging_mixin.py:115} INFO - [2022-08-04 00:34:00,125] {dag.py:2972} INFO - Setting next_dagrun for example_subdag_operator to 2022-01-01T00:00:00+00:00, run_after=2022-01-01T00:00:00+00:00
[2022-08-04 00:34:00,131] {logging_mixin.py:115} INFO - [2022-08-04 00:34:00,131] {dag.py:2972} INFO - Setting next_dagrun for example_subdag_operator.section-1 to None, run_after=None
[2022-08-04 00:34:00,137] {logging_mixin.py:115} INFO - [2022-08-04 00:34:00,137] {dag.py:2972} INFO - Setting next_dagrun for example_subdag_operator.section-2 to None, run_after=None
[2022-08-04 00:34:00,151] {logging_mixin.py:115} INFO - [2022-08-04 00:34:00,151] {dag.py:2420} INFO - Sync 2 DAGs
[2022-08-04 00:34:00,166] {logging_mixin.py:115} INFO - [2022-08-04 00:34:00,166] {dag.py:2972} INFO - Setting next_dagrun for example_subdag_operator.section-1 to None, run_after=None
[2022-08-04 00:34:00,171] {logging_mixin.py:115} INFO - [2022-08-04 00:34:00,170] {dag.py:2972} INFO - Setting next_dagrun for example_subdag_operator.section-2 to None, run_after=None
[2022-08-04 00:34:00,198] {processor.py:161} INFO - Processing /home/airflow/.local/lib/python3.7/site-packages/airflow/example_dags/example_subdag_operator.py took 0.886 seconds
[2022-08-04 00:34:31,142] {processor.py:153} INFO - Started process (PID=23950) to work on /home/airflow/.local/lib/python3.7/site-packages/airflow/example_dags/example_subdag_operator.py
[2022-08-04 00:34:31,144] {processor.py:641} INFO - Processing file /home/airflow/.local/lib/python3.7/site-packages/airflow/example_dags/example_subdag_operator.py for tasks to queue
[2022-08-04 00:34:31,147] {logging_mixin.py:115} INFO - [2022-08-04 00:34:31,147] {dagbag.py:508} INFO - Filling up the DagBag from /home/airflow/.local/lib/python3.7/site-packages/airflow/example_dags/example_subdag_operator.py
[2022-08-04 00:34:31,188] {processor.py:651} INFO - DAG(s) dict_keys(['example_subdag_operator.section-1', 'example_subdag_operator.section-2', 'example_subdag_operator']) retrieved from /home/airflow/.local/lib/python3.7/site-packages/airflow/example_dags/example_subdag_operator.py
[2022-08-04 00:34:31,228] {logging_mixin.py:115} INFO - [2022-08-04 00:34:31,227] {dag.py:2420} INFO - Sync 3 DAGs
[2022-08-04 00:34:31,252] {logging_mixin.py:115} INFO - [2022-08-04 00:34:31,252] {dag.py:2972} INFO - Setting next_dagrun for example_subdag_operator to 2022-01-01T00:00:00+00:00, run_after=2022-01-01T00:00:00+00:00
[2022-08-04 00:34:31,255] {logging_mixin.py:115} INFO - [2022-08-04 00:34:31,254] {dag.py:2972} INFO - Setting next_dagrun for example_subdag_operator.section-1 to None, run_after=None
[2022-08-04 00:34:31,256] {logging_mixin.py:115} INFO - [2022-08-04 00:34:31,256] {dag.py:2972} INFO - Setting next_dagrun for example_subdag_operator.section-2 to None, run_after=None
[2022-08-04 00:34:31,267] {logging_mixin.py:115} INFO - [2022-08-04 00:34:31,267] {dag.py:2420} INFO - Sync 2 DAGs
[2022-08-04 00:34:31,276] {logging_mixin.py:115} INFO - [2022-08-04 00:34:31,276] {dag.py:2972} INFO - Setting next_dagrun for example_subdag_operator.section-1 to None, run_after=None
[2022-08-04 00:34:31,296] {logging_mixin.py:115} INFO - [2022-08-04 00:34:31,296] {dag.py:2972} INFO - Setting next_dagrun for example_subdag_operator.section-2 to None, run_after=None
[2022-08-04 00:34:31,314] {processor.py:161} INFO - Processing /home/airflow/.local/lib/python3.7/site-packages/airflow/example_dags/example_subdag_operator.py took 0.177 seconds
[2022-08-04 00:35:01,709] {processor.py:153} INFO - Started process (PID=24013) to work on /home/airflow/.local/lib/python3.7/site-packages/airflow/example_dags/example_subdag_operator.py
[2022-08-04 00:35:01,718] {processor.py:641} INFO - Processing file /home/airflow/.local/lib/python3.7/site-packages/airflow/example_dags/example_subdag_operator.py for tasks to queue
[2022-08-04 00:35:01,725] {logging_mixin.py:115} INFO - [2022-08-04 00:35:01,725] {dagbag.py:508} INFO - Filling up the DagBag from /home/airflow/.local/lib/python3.7/site-packages/airflow/example_dags/example_subdag_operator.py
[2022-08-04 00:35:01,773] {processor.py:651} INFO - DAG(s) dict_keys(['example_subdag_operator.section-1', 'example_subdag_operator.section-2', 'example_subdag_operator']) retrieved from /home/airflow/.local/lib/python3.7/site-packages/airflow/example_dags/example_subdag_operator.py
[2022-08-04 00:35:01,815] {logging_mixin.py:115} INFO - [2022-08-04 00:35:01,815] {dag.py:2420} INFO - Sync 3 DAGs
[2022-08-04 00:35:01,848] {logging_mixin.py:115} INFO - [2022-08-04 00:35:01,848] {dag.py:2972} INFO - Setting next_dagrun for example_subdag_operator to 2022-01-01T00:00:00+00:00, run_after=2022-01-01T00:00:00+00:00
[2022-08-04 00:35:01,852] {logging_mixin.py:115} INFO - [2022-08-04 00:35:01,852] {dag.py:2972} INFO - Setting next_dagrun for example_subdag_operator.section-1 to None, run_after=None
[2022-08-04 00:35:01,855] {logging_mixin.py:115} INFO - [2022-08-04 00:35:01,855] {dag.py:2972} INFO - Setting next_dagrun for example_subdag_operator.section-2 to None, run_after=None
[2022-08-04 00:35:01,875] {logging_mixin.py:115} INFO - [2022-08-04 00:35:01,875] {dag.py:2420} INFO - Sync 2 DAGs
[2022-08-04 00:35:01,896] {logging_mixin.py:115} INFO - [2022-08-04 00:35:01,896] {dag.py:2972} INFO - Setting next_dagrun for example_subdag_operator.section-1 to None, run_after=None
[2022-08-04 00:35:01,901] {logging_mixin.py:115} INFO - [2022-08-04 00:35:01,901] {dag.py:2972} INFO - Setting next_dagrun for example_subdag_operator.section-2 to None, run_after=None
[2022-08-04 00:35:01,924] {processor.py:161} INFO - Processing /home/airflow/.local/lib/python3.7/site-packages/airflow/example_dags/example_subdag_operator.py took 0.221 seconds
[2022-08-04 00:35:32,497] {processor.py:153} INFO - Started process (PID=24066) to work on /home/airflow/.local/lib/python3.7/site-packages/airflow/example_dags/example_subdag_operator.py
[2022-08-04 00:35:32,500] {processor.py:641} INFO - Processing file /home/airflow/.local/lib/python3.7/site-packages/airflow/example_dags/example_subdag_operator.py for tasks to queue
[2022-08-04 00:35:32,504] {logging_mixin.py:115} INFO - [2022-08-04 00:35:32,504] {dagbag.py:508} INFO - Filling up the DagBag from /home/airflow/.local/lib/python3.7/site-packages/airflow/example_dags/example_subdag_operator.py
[2022-08-04 00:35:32,543] {processor.py:651} INFO - DAG(s) dict_keys(['example_subdag_operator.section-1', 'example_subdag_operator.section-2', 'example_subdag_operator']) retrieved from /home/airflow/.local/lib/python3.7/site-packages/airflow/example_dags/example_subdag_operator.py
[2022-08-04 00:35:32,589] {logging_mixin.py:115} INFO - [2022-08-04 00:35:32,589] {dag.py:2420} INFO - Sync 3 DAGs
[2022-08-04 00:35:32,628] {logging_mixin.py:115} INFO - [2022-08-04 00:35:32,628] {dag.py:2972} INFO - Setting next_dagrun for example_subdag_operator to 2022-01-01T00:00:00+00:00, run_after=2022-01-01T00:00:00+00:00
[2022-08-04 00:35:32,632] {logging_mixin.py:115} INFO - [2022-08-04 00:35:32,632] {dag.py:2972} INFO - Setting next_dagrun for example_subdag_operator.section-1 to None, run_after=None
[2022-08-04 00:35:32,636] {logging_mixin.py:115} INFO - [2022-08-04 00:35:32,636] {dag.py:2972} INFO - Setting next_dagrun for example_subdag_operator.section-2 to None, run_after=None
[2022-08-04 00:35:32,650] {logging_mixin.py:115} INFO - [2022-08-04 00:35:32,649] {dag.py:2420} INFO - Sync 2 DAGs
[2022-08-04 00:35:32,658] {logging_mixin.py:115} INFO - [2022-08-04 00:35:32,658] {dag.py:2972} INFO - Setting next_dagrun for example_subdag_operator.section-1 to None, run_after=None
[2022-08-04 00:35:32,663] {logging_mixin.py:115} INFO - [2022-08-04 00:35:32,663] {dag.py:2972} INFO - Setting next_dagrun for example_subdag_operator.section-2 to None, run_after=None
[2022-08-04 00:35:32,678] {processor.py:161} INFO - Processing /home/airflow/.local/lib/python3.7/site-packages/airflow/example_dags/example_subdag_operator.py took 0.185 seconds
[2022-08-04 00:36:03,162] {processor.py:153} INFO - Started process (PID=24120) to work on /home/airflow/.local/lib/python3.7/site-packages/airflow/example_dags/example_subdag_operator.py
[2022-08-04 00:36:03,165] {processor.py:641} INFO - Processing file /home/airflow/.local/lib/python3.7/site-packages/airflow/example_dags/example_subdag_operator.py for tasks to queue
[2022-08-04 00:36:03,168] {logging_mixin.py:115} INFO - [2022-08-04 00:36:03,168] {dagbag.py:508} INFO - Filling up the DagBag from /home/airflow/.local/lib/python3.7/site-packages/airflow/example_dags/example_subdag_operator.py
[2022-08-04 00:36:03,208] {processor.py:651} INFO - DAG(s) dict_keys(['example_subdag_operator.section-1', 'example_subdag_operator.section-2', 'example_subdag_operator']) retrieved from /home/airflow/.local/lib/python3.7/site-packages/airflow/example_dags/example_subdag_operator.py
[2022-08-04 00:36:03,251] {logging_mixin.py:115} INFO - [2022-08-04 00:36:03,251] {dag.py:2420} INFO - Sync 3 DAGs
[2022-08-04 00:36:03,281] {logging_mixin.py:115} INFO - [2022-08-04 00:36:03,280] {dag.py:2972} INFO - Setting next_dagrun for example_subdag_operator to 2022-01-01T00:00:00+00:00, run_after=2022-01-01T00:00:00+00:00
[2022-08-04 00:36:03,283] {logging_mixin.py:115} INFO - [2022-08-04 00:36:03,283] {dag.py:2972} INFO - Setting next_dagrun for example_subdag_operator.section-1 to None, run_after=None
[2022-08-04 00:36:03,288] {logging_mixin.py:115} INFO - [2022-08-04 00:36:03,288] {dag.py:2972} INFO - Setting next_dagrun for example_subdag_operator.section-2 to None, run_after=None
[2022-08-04 00:36:03,299] {logging_mixin.py:115} INFO - [2022-08-04 00:36:03,299] {dag.py:2420} INFO - Sync 2 DAGs
[2022-08-04 00:36:03,308] {logging_mixin.py:115} INFO - [2022-08-04 00:36:03,308] {dag.py:2972} INFO - Setting next_dagrun for example_subdag_operator.section-1 to None, run_after=None
[2022-08-04 00:36:03,310] {logging_mixin.py:115} INFO - [2022-08-04 00:36:03,310] {dag.py:2972} INFO - Setting next_dagrun for example_subdag_operator.section-2 to None, run_after=None
[2022-08-04 00:36:03,325] {processor.py:161} INFO - Processing /home/airflow/.local/lib/python3.7/site-packages/airflow/example_dags/example_subdag_operator.py took 0.169 seconds
[2022-08-04 00:36:33,914] {processor.py:153} INFO - Started process (PID=24184) to work on /home/airflow/.local/lib/python3.7/site-packages/airflow/example_dags/example_subdag_operator.py
[2022-08-04 00:36:33,919] {processor.py:641} INFO - Processing file /home/airflow/.local/lib/python3.7/site-packages/airflow/example_dags/example_subdag_operator.py for tasks to queue
[2022-08-04 00:36:33,924] {logging_mixin.py:115} INFO - [2022-08-04 00:36:33,924] {dagbag.py:508} INFO - Filling up the DagBag from /home/airflow/.local/lib/python3.7/site-packages/airflow/example_dags/example_subdag_operator.py
[2022-08-04 00:36:33,983] {processor.py:651} INFO - DAG(s) dict_keys(['example_subdag_operator.section-1', 'example_subdag_operator.section-2', 'example_subdag_operator']) retrieved from /home/airflow/.local/lib/python3.7/site-packages/airflow/example_dags/example_subdag_operator.py
[2022-08-04 00:36:34,060] {logging_mixin.py:115} INFO - [2022-08-04 00:36:34,059] {dag.py:2420} INFO - Sync 3 DAGs
[2022-08-04 00:36:34,108] {logging_mixin.py:115} INFO - [2022-08-04 00:36:34,107] {dag.py:2972} INFO - Setting next_dagrun for example_subdag_operator to 2022-01-01T00:00:00+00:00, run_after=2022-01-01T00:00:00+00:00
[2022-08-04 00:36:34,112] {logging_mixin.py:115} INFO - [2022-08-04 00:36:34,112] {dag.py:2972} INFO - Setting next_dagrun for example_subdag_operator.section-1 to None, run_after=None
[2022-08-04 00:36:34,117] {logging_mixin.py:115} INFO - [2022-08-04 00:36:34,117] {dag.py:2972} INFO - Setting next_dagrun for example_subdag_operator.section-2 to None, run_after=None
[2022-08-04 00:36:34,146] {logging_mixin.py:115} INFO - [2022-08-04 00:36:34,146] {dag.py:2420} INFO - Sync 2 DAGs
[2022-08-04 00:36:34,167] {logging_mixin.py:115} INFO - [2022-08-04 00:36:34,167] {dag.py:2972} INFO - Setting next_dagrun for example_subdag_operator.section-1 to None, run_after=None
[2022-08-04 00:36:34,172] {logging_mixin.py:115} INFO - [2022-08-04 00:36:34,172] {dag.py:2972} INFO - Setting next_dagrun for example_subdag_operator.section-2 to None, run_after=None
[2022-08-04 00:36:34,193] {processor.py:161} INFO - Processing /home/airflow/.local/lib/python3.7/site-packages/airflow/example_dags/example_subdag_operator.py took 0.284 seconds
[2022-08-04 00:37:04,384] {processor.py:153} INFO - Started process (PID=24237) to work on /home/airflow/.local/lib/python3.7/site-packages/airflow/example_dags/example_subdag_operator.py
[2022-08-04 00:37:04,391] {processor.py:641} INFO - Processing file /home/airflow/.local/lib/python3.7/site-packages/airflow/example_dags/example_subdag_operator.py for tasks to queue
[2022-08-04 00:37:04,396] {logging_mixin.py:115} INFO - [2022-08-04 00:37:04,395] {dagbag.py:508} INFO - Filling up the DagBag from /home/airflow/.local/lib/python3.7/site-packages/airflow/example_dags/example_subdag_operator.py
[2022-08-04 00:37:04,457] {processor.py:651} INFO - DAG(s) dict_keys(['example_subdag_operator.section-1', 'example_subdag_operator.section-2', 'example_subdag_operator']) retrieved from /home/airflow/.local/lib/python3.7/site-packages/airflow/example_dags/example_subdag_operator.py
[2022-08-04 00:37:04,529] {logging_mixin.py:115} INFO - [2022-08-04 00:37:04,529] {dag.py:2420} INFO - Sync 3 DAGs
[2022-08-04 00:37:04,562] {logging_mixin.py:115} INFO - [2022-08-04 00:37:04,562] {dag.py:2972} INFO - Setting next_dagrun for example_subdag_operator to 2022-01-01T00:00:00+00:00, run_after=2022-01-01T00:00:00+00:00
[2022-08-04 00:37:04,565] {logging_mixin.py:115} INFO - [2022-08-04 00:37:04,565] {dag.py:2972} INFO - Setting next_dagrun for example_subdag_operator.section-1 to None, run_after=None
[2022-08-04 00:37:04,571] {logging_mixin.py:115} INFO - [2022-08-04 00:37:04,571] {dag.py:2972} INFO - Setting next_dagrun for example_subdag_operator.section-2 to None, run_after=None
[2022-08-04 00:37:04,591] {logging_mixin.py:115} INFO - [2022-08-04 00:37:04,590] {dag.py:2420} INFO - Sync 2 DAGs
[2022-08-04 00:37:04,609] {logging_mixin.py:115} INFO - [2022-08-04 00:37:04,609] {dag.py:2972} INFO - Setting next_dagrun for example_subdag_operator.section-1 to None, run_after=None
[2022-08-04 00:37:04,615] {logging_mixin.py:115} INFO - [2022-08-04 00:37:04,615] {dag.py:2972} INFO - Setting next_dagrun for example_subdag_operator.section-2 to None, run_after=None
[2022-08-04 00:37:04,633] {processor.py:161} INFO - Processing /home/airflow/.local/lib/python3.7/site-packages/airflow/example_dags/example_subdag_operator.py took 0.254 seconds
[2022-08-04 00:37:34,766] {processor.py:153} INFO - Started process (PID=24299) to work on /home/airflow/.local/lib/python3.7/site-packages/airflow/example_dags/example_subdag_operator.py
[2022-08-04 00:37:34,782] {processor.py:641} INFO - Processing file /home/airflow/.local/lib/python3.7/site-packages/airflow/example_dags/example_subdag_operator.py for tasks to queue
[2022-08-04 00:37:34,796] {logging_mixin.py:115} INFO - [2022-08-04 00:37:34,795] {dagbag.py:508} INFO - Filling up the DagBag from /home/airflow/.local/lib/python3.7/site-packages/airflow/example_dags/example_subdag_operator.py
[2022-08-04 00:37:35,035] {processor.py:651} INFO - DAG(s) dict_keys(['example_subdag_operator.section-1', 'example_subdag_operator.section-2', 'example_subdag_operator']) retrieved from /home/airflow/.local/lib/python3.7/site-packages/airflow/example_dags/example_subdag_operator.py
[2022-08-04 00:37:35,211] {logging_mixin.py:115} INFO - [2022-08-04 00:37:35,211] {dag.py:2420} INFO - Sync 3 DAGs
[2022-08-04 00:37:35,281] {logging_mixin.py:115} INFO - [2022-08-04 00:37:35,281] {dag.py:2972} INFO - Setting next_dagrun for example_subdag_operator to 2022-01-01T00:00:00+00:00, run_after=2022-01-01T00:00:00+00:00
[2022-08-04 00:37:35,293] {logging_mixin.py:115} INFO - [2022-08-04 00:37:35,293] {dag.py:2972} INFO - Setting next_dagrun for example_subdag_operator.section-1 to None, run_after=None
[2022-08-04 00:37:35,301] {logging_mixin.py:115} INFO - [2022-08-04 00:37:35,301] {dag.py:2972} INFO - Setting next_dagrun for example_subdag_operator.section-2 to None, run_after=None
[2022-08-04 00:37:35,433] {logging_mixin.py:115} INFO - [2022-08-04 00:37:35,433] {dag.py:2420} INFO - Sync 2 DAGs
[2022-08-04 00:37:35,459] {logging_mixin.py:115} INFO - [2022-08-04 00:37:35,458] {dag.py:2972} INFO - Setting next_dagrun for example_subdag_operator.section-1 to None, run_after=None
[2022-08-04 00:37:35,465] {logging_mixin.py:115} INFO - [2022-08-04 00:37:35,465] {dag.py:2972} INFO - Setting next_dagrun for example_subdag_operator.section-2 to None, run_after=None
[2022-08-04 00:37:35,497] {processor.py:161} INFO - Processing /home/airflow/.local/lib/python3.7/site-packages/airflow/example_dags/example_subdag_operator.py took 0.751 seconds
[2022-08-04 00:38:10,442] {processor.py:153} INFO - Started process (PID=24354) to work on /home/airflow/.local/lib/python3.7/site-packages/airflow/example_dags/example_subdag_operator.py
[2022-08-04 00:38:10,466] {processor.py:641} INFO - Processing file /home/airflow/.local/lib/python3.7/site-packages/airflow/example_dags/example_subdag_operator.py for tasks to queue
[2022-08-04 00:38:10,539] {logging_mixin.py:115} INFO - [2022-08-04 00:38:10,538] {dagbag.py:508} INFO - Filling up the DagBag from /home/airflow/.local/lib/python3.7/site-packages/airflow/example_dags/example_subdag_operator.py
[2022-08-04 00:38:10,692] {processor.py:651} INFO - DAG(s) dict_keys(['example_subdag_operator.section-1', 'example_subdag_operator.section-2', 'example_subdag_operator']) retrieved from /home/airflow/.local/lib/python3.7/site-packages/airflow/example_dags/example_subdag_operator.py
[2022-08-04 00:38:10,816] {logging_mixin.py:115} INFO - [2022-08-04 00:38:10,816] {dag.py:2420} INFO - Sync 3 DAGs
[2022-08-04 00:38:10,873] {logging_mixin.py:115} INFO - [2022-08-04 00:38:10,873] {dag.py:2972} INFO - Setting next_dagrun for example_subdag_operator to 2022-01-01T00:00:00+00:00, run_after=2022-01-01T00:00:00+00:00
[2022-08-04 00:38:10,881] {logging_mixin.py:115} INFO - [2022-08-04 00:38:10,880] {dag.py:2972} INFO - Setting next_dagrun for example_subdag_operator.section-1 to None, run_after=None
[2022-08-04 00:38:10,891] {logging_mixin.py:115} INFO - [2022-08-04 00:38:10,891] {dag.py:2972} INFO - Setting next_dagrun for example_subdag_operator.section-2 to None, run_after=None
[2022-08-04 00:38:10,908] {logging_mixin.py:115} INFO - [2022-08-04 00:38:10,908] {dag.py:2420} INFO - Sync 2 DAGs
[2022-08-04 00:38:10,936] {logging_mixin.py:115} INFO - [2022-08-04 00:38:10,936] {dag.py:2972} INFO - Setting next_dagrun for example_subdag_operator.section-1 to None, run_after=None
[2022-08-04 00:38:10,952] {logging_mixin.py:115} INFO - [2022-08-04 00:38:10,950] {dag.py:2972} INFO - Setting next_dagrun for example_subdag_operator.section-2 to None, run_after=None
[2022-08-04 00:38:11,013] {processor.py:161} INFO - Processing /home/airflow/.local/lib/python3.7/site-packages/airflow/example_dags/example_subdag_operator.py took 0.583 seconds
