[2022-08-04 00:00:05,688] {processor.py:153} INFO - Started process (PID=22337) to work on /home/airflow/.local/lib/python3.7/site-packages/airflow/example_dags/example_branch_python_dop_operator_3.py
[2022-08-04 00:00:05,697] {processor.py:641} INFO - Processing file /home/airflow/.local/lib/python3.7/site-packages/airflow/example_dags/example_branch_python_dop_operator_3.py for tasks to queue
[2022-08-04 00:00:05,712] {logging_mixin.py:115} INFO - [2022-08-04 00:00:05,711] {dagbag.py:508} INFO - Filling up the DagBag from /home/airflow/.local/lib/python3.7/site-packages/airflow/example_dags/example_branch_python_dop_operator_3.py
[2022-08-04 00:00:05,762] {processor.py:651} INFO - DAG(s) dict_keys(['example_branch_dop_operator_v3']) retrieved from /home/airflow/.local/lib/python3.7/site-packages/airflow/example_dags/example_branch_python_dop_operator_3.py
[2022-08-04 00:00:05,833] {logging_mixin.py:115} INFO - [2022-08-04 00:00:05,833] {dag.py:2420} INFO - Sync 1 DAGs
[2022-08-04 00:00:06,010] {logging_mixin.py:115} INFO - [2022-08-04 00:00:06,010] {dag.py:2972} INFO - Setting next_dagrun for example_branch_dop_operator_v3 to 2022-08-03T23:59:00+00:00, run_after=2022-08-04T00:00:00+00:00
[2022-08-04 00:00:06,150] {processor.py:161} INFO - Processing /home/airflow/.local/lib/python3.7/site-packages/airflow/example_dags/example_branch_python_dop_operator_3.py took 0.476 seconds
[2022-08-04 00:00:36,609] {processor.py:153} INFO - Started process (PID=22391) to work on /home/airflow/.local/lib/python3.7/site-packages/airflow/example_dags/example_branch_python_dop_operator_3.py
[2022-08-04 00:00:36,613] {processor.py:641} INFO - Processing file /home/airflow/.local/lib/python3.7/site-packages/airflow/example_dags/example_branch_python_dop_operator_3.py for tasks to queue
[2022-08-04 00:00:36,615] {logging_mixin.py:115} INFO - [2022-08-04 00:00:36,615] {dagbag.py:508} INFO - Filling up the DagBag from /home/airflow/.local/lib/python3.7/site-packages/airflow/example_dags/example_branch_python_dop_operator_3.py
[2022-08-04 00:00:36,628] {processor.py:651} INFO - DAG(s) dict_keys(['example_branch_dop_operator_v3']) retrieved from /home/airflow/.local/lib/python3.7/site-packages/airflow/example_dags/example_branch_python_dop_operator_3.py
[2022-08-04 00:00:36,666] {logging_mixin.py:115} INFO - [2022-08-04 00:00:36,666] {dag.py:2420} INFO - Sync 1 DAGs
[2022-08-04 00:00:36,698] {logging_mixin.py:115} INFO - [2022-08-04 00:00:36,698] {dag.py:2972} INFO - Setting next_dagrun for example_branch_dop_operator_v3 to 2022-08-03T23:59:00+00:00, run_after=2022-08-04T00:00:00+00:00
[2022-08-04 00:00:36,714] {processor.py:161} INFO - Processing /home/airflow/.local/lib/python3.7/site-packages/airflow/example_dags/example_branch_python_dop_operator_3.py took 0.109 seconds
[2022-08-04 00:01:07,423] {processor.py:153} INFO - Started process (PID=22455) to work on /home/airflow/.local/lib/python3.7/site-packages/airflow/example_dags/example_branch_python_dop_operator_3.py
[2022-08-04 00:01:07,431] {processor.py:641} INFO - Processing file /home/airflow/.local/lib/python3.7/site-packages/airflow/example_dags/example_branch_python_dop_operator_3.py for tasks to queue
[2022-08-04 00:01:07,439] {logging_mixin.py:115} INFO - [2022-08-04 00:01:07,439] {dagbag.py:508} INFO - Filling up the DagBag from /home/airflow/.local/lib/python3.7/site-packages/airflow/example_dags/example_branch_python_dop_operator_3.py
[2022-08-04 00:01:07,483] {processor.py:651} INFO - DAG(s) dict_keys(['example_branch_dop_operator_v3']) retrieved from /home/airflow/.local/lib/python3.7/site-packages/airflow/example_dags/example_branch_python_dop_operator_3.py
[2022-08-04 00:01:07,574] {logging_mixin.py:115} INFO - [2022-08-04 00:01:07,574] {dag.py:2420} INFO - Sync 1 DAGs
[2022-08-04 00:01:07,636] {logging_mixin.py:115} INFO - [2022-08-04 00:01:07,636] {dag.py:2972} INFO - Setting next_dagrun for example_branch_dop_operator_v3 to 2022-08-04T00:00:00+00:00, run_after=2022-08-04T00:01:00+00:00
[2022-08-04 00:01:07,696] {processor.py:161} INFO - Processing /home/airflow/.local/lib/python3.7/site-packages/airflow/example_dags/example_branch_python_dop_operator_3.py took 0.290 seconds
[2022-08-04 00:01:37,915] {processor.py:153} INFO - Started process (PID=22509) to work on /home/airflow/.local/lib/python3.7/site-packages/airflow/example_dags/example_branch_python_dop_operator_3.py
[2022-08-04 00:01:37,923] {processor.py:641} INFO - Processing file /home/airflow/.local/lib/python3.7/site-packages/airflow/example_dags/example_branch_python_dop_operator_3.py for tasks to queue
[2022-08-04 00:01:37,937] {logging_mixin.py:115} INFO - [2022-08-04 00:01:37,935] {dagbag.py:508} INFO - Filling up the DagBag from /home/airflow/.local/lib/python3.7/site-packages/airflow/example_dags/example_branch_python_dop_operator_3.py
[2022-08-04 00:01:38,073] {processor.py:651} INFO - DAG(s) dict_keys(['example_branch_dop_operator_v3']) retrieved from /home/airflow/.local/lib/python3.7/site-packages/airflow/example_dags/example_branch_python_dop_operator_3.py
[2022-08-04 00:01:38,173] {logging_mixin.py:115} INFO - [2022-08-04 00:01:38,172] {dag.py:2420} INFO - Sync 1 DAGs
[2022-08-04 00:01:38,255] {logging_mixin.py:115} INFO - [2022-08-04 00:01:38,255] {dag.py:2972} INFO - Setting next_dagrun for example_branch_dop_operator_v3 to 2022-08-04T00:00:00+00:00, run_after=2022-08-04T00:01:00+00:00
[2022-08-04 00:01:38,289] {processor.py:161} INFO - Processing /home/airflow/.local/lib/python3.7/site-packages/airflow/example_dags/example_branch_python_dop_operator_3.py took 0.388 seconds
[2022-08-04 00:02:08,611] {processor.py:153} INFO - Started process (PID=22562) to work on /home/airflow/.local/lib/python3.7/site-packages/airflow/example_dags/example_branch_python_dop_operator_3.py
[2022-08-04 00:02:08,614] {processor.py:641} INFO - Processing file /home/airflow/.local/lib/python3.7/site-packages/airflow/example_dags/example_branch_python_dop_operator_3.py for tasks to queue
[2022-08-04 00:02:08,617] {logging_mixin.py:115} INFO - [2022-08-04 00:02:08,617] {dagbag.py:508} INFO - Filling up the DagBag from /home/airflow/.local/lib/python3.7/site-packages/airflow/example_dags/example_branch_python_dop_operator_3.py
[2022-08-04 00:02:08,646] {processor.py:651} INFO - DAG(s) dict_keys(['example_branch_dop_operator_v3']) retrieved from /home/airflow/.local/lib/python3.7/site-packages/airflow/example_dags/example_branch_python_dop_operator_3.py
[2022-08-04 00:02:08,759] {logging_mixin.py:115} INFO - [2022-08-04 00:02:08,759] {dag.py:2420} INFO - Sync 1 DAGs
[2022-08-04 00:02:08,806] {logging_mixin.py:115} INFO - [2022-08-04 00:02:08,805] {dag.py:2972} INFO - Setting next_dagrun for example_branch_dop_operator_v3 to 2022-08-04T00:01:00+00:00, run_after=2022-08-04T00:02:00+00:00
[2022-08-04 00:02:08,830] {processor.py:161} INFO - Processing /home/airflow/.local/lib/python3.7/site-packages/airflow/example_dags/example_branch_python_dop_operator_3.py took 0.228 seconds
[2022-08-04 00:02:39,444] {processor.py:153} INFO - Started process (PID=22626) to work on /home/airflow/.local/lib/python3.7/site-packages/airflow/example_dags/example_branch_python_dop_operator_3.py
[2022-08-04 00:02:39,452] {processor.py:641} INFO - Processing file /home/airflow/.local/lib/python3.7/site-packages/airflow/example_dags/example_branch_python_dop_operator_3.py for tasks to queue
[2022-08-04 00:02:39,457] {logging_mixin.py:115} INFO - [2022-08-04 00:02:39,457] {dagbag.py:508} INFO - Filling up the DagBag from /home/airflow/.local/lib/python3.7/site-packages/airflow/example_dags/example_branch_python_dop_operator_3.py
[2022-08-04 00:02:39,483] {processor.py:651} INFO - DAG(s) dict_keys(['example_branch_dop_operator_v3']) retrieved from /home/airflow/.local/lib/python3.7/site-packages/airflow/example_dags/example_branch_python_dop_operator_3.py
[2022-08-04 00:02:39,559] {logging_mixin.py:115} INFO - [2022-08-04 00:02:39,559] {dag.py:2420} INFO - Sync 1 DAGs
[2022-08-04 00:02:39,621] {logging_mixin.py:115} INFO - [2022-08-04 00:02:39,621] {dag.py:2972} INFO - Setting next_dagrun for example_branch_dop_operator_v3 to 2022-08-04T00:01:00+00:00, run_after=2022-08-04T00:02:00+00:00
[2022-08-04 00:02:39,651] {processor.py:161} INFO - Processing /home/airflow/.local/lib/python3.7/site-packages/airflow/example_dags/example_branch_python_dop_operator_3.py took 0.213 seconds
[2022-08-04 00:03:10,319] {processor.py:153} INFO - Started process (PID=22680) to work on /home/airflow/.local/lib/python3.7/site-packages/airflow/example_dags/example_branch_python_dop_operator_3.py
[2022-08-04 00:03:10,326] {processor.py:641} INFO - Processing file /home/airflow/.local/lib/python3.7/site-packages/airflow/example_dags/example_branch_python_dop_operator_3.py for tasks to queue
[2022-08-04 00:03:10,330] {logging_mixin.py:115} INFO - [2022-08-04 00:03:10,330] {dagbag.py:508} INFO - Filling up the DagBag from /home/airflow/.local/lib/python3.7/site-packages/airflow/example_dags/example_branch_python_dop_operator_3.py
[2022-08-04 00:03:10,371] {processor.py:651} INFO - DAG(s) dict_keys(['example_branch_dop_operator_v3']) retrieved from /home/airflow/.local/lib/python3.7/site-packages/airflow/example_dags/example_branch_python_dop_operator_3.py
[2022-08-04 00:03:10,482] {logging_mixin.py:115} INFO - [2022-08-04 00:03:10,482] {dag.py:2420} INFO - Sync 1 DAGs
[2022-08-04 00:03:10,533] {logging_mixin.py:115} INFO - [2022-08-04 00:03:10,533] {dag.py:2972} INFO - Setting next_dagrun for example_branch_dop_operator_v3 to 2022-08-04T00:02:00+00:00, run_after=2022-08-04T00:03:00+00:00
[2022-08-04 00:03:10,570] {processor.py:161} INFO - Processing /home/airflow/.local/lib/python3.7/site-packages/airflow/example_dags/example_branch_python_dop_operator_3.py took 0.263 seconds
[2022-08-04 00:03:41,023] {processor.py:153} INFO - Started process (PID=22744) to work on /home/airflow/.local/lib/python3.7/site-packages/airflow/example_dags/example_branch_python_dop_operator_3.py
[2022-08-04 00:03:41,029] {processor.py:641} INFO - Processing file /home/airflow/.local/lib/python3.7/site-packages/airflow/example_dags/example_branch_python_dop_operator_3.py for tasks to queue
[2022-08-04 00:03:41,033] {logging_mixin.py:115} INFO - [2022-08-04 00:03:41,033] {dagbag.py:508} INFO - Filling up the DagBag from /home/airflow/.local/lib/python3.7/site-packages/airflow/example_dags/example_branch_python_dop_operator_3.py
[2022-08-04 00:03:41,055] {processor.py:651} INFO - DAG(s) dict_keys(['example_branch_dop_operator_v3']) retrieved from /home/airflow/.local/lib/python3.7/site-packages/airflow/example_dags/example_branch_python_dop_operator_3.py
[2022-08-04 00:03:41,114] {logging_mixin.py:115} INFO - [2022-08-04 00:03:41,114] {dag.py:2420} INFO - Sync 1 DAGs
[2022-08-04 00:03:41,150] {logging_mixin.py:115} INFO - [2022-08-04 00:03:41,149] {dag.py:2972} INFO - Setting next_dagrun for example_branch_dop_operator_v3 to 2022-08-04T00:02:00+00:00, run_after=2022-08-04T00:03:00+00:00
[2022-08-04 00:03:41,172] {processor.py:161} INFO - Processing /home/airflow/.local/lib/python3.7/site-packages/airflow/example_dags/example_branch_python_dop_operator_3.py took 0.156 seconds
[2022-08-04 00:04:11,379] {processor.py:153} INFO - Started process (PID=22797) to work on /home/airflow/.local/lib/python3.7/site-packages/airflow/example_dags/example_branch_python_dop_operator_3.py
[2022-08-04 00:04:11,383] {processor.py:641} INFO - Processing file /home/airflow/.local/lib/python3.7/site-packages/airflow/example_dags/example_branch_python_dop_operator_3.py for tasks to queue
[2022-08-04 00:04:11,386] {logging_mixin.py:115} INFO - [2022-08-04 00:04:11,386] {dagbag.py:508} INFO - Filling up the DagBag from /home/airflow/.local/lib/python3.7/site-packages/airflow/example_dags/example_branch_python_dop_operator_3.py
[2022-08-04 00:04:11,427] {processor.py:651} INFO - DAG(s) dict_keys(['example_branch_dop_operator_v3']) retrieved from /home/airflow/.local/lib/python3.7/site-packages/airflow/example_dags/example_branch_python_dop_operator_3.py
[2022-08-04 00:04:11,531] {logging_mixin.py:115} INFO - [2022-08-04 00:04:11,530] {dag.py:2420} INFO - Sync 1 DAGs
[2022-08-04 00:04:11,571] {logging_mixin.py:115} INFO - [2022-08-04 00:04:11,571] {dag.py:2972} INFO - Setting next_dagrun for example_branch_dop_operator_v3 to 2022-08-04T00:03:00+00:00, run_after=2022-08-04T00:04:00+00:00
[2022-08-04 00:04:11,598] {processor.py:161} INFO - Processing /home/airflow/.local/lib/python3.7/site-packages/airflow/example_dags/example_branch_python_dop_operator_3.py took 0.235 seconds
[2022-08-04 00:04:42,249] {processor.py:153} INFO - Started process (PID=22859) to work on /home/airflow/.local/lib/python3.7/site-packages/airflow/example_dags/example_branch_python_dop_operator_3.py
[2022-08-04 00:04:42,253] {processor.py:641} INFO - Processing file /home/airflow/.local/lib/python3.7/site-packages/airflow/example_dags/example_branch_python_dop_operator_3.py for tasks to queue
[2022-08-04 00:04:42,261] {logging_mixin.py:115} INFO - [2022-08-04 00:04:42,261] {dagbag.py:508} INFO - Filling up the DagBag from /home/airflow/.local/lib/python3.7/site-packages/airflow/example_dags/example_branch_python_dop_operator_3.py
[2022-08-04 00:04:42,284] {processor.py:651} INFO - DAG(s) dict_keys(['example_branch_dop_operator_v3']) retrieved from /home/airflow/.local/lib/python3.7/site-packages/airflow/example_dags/example_branch_python_dop_operator_3.py
[2022-08-04 00:04:42,334] {logging_mixin.py:115} INFO - [2022-08-04 00:04:42,334] {dag.py:2420} INFO - Sync 1 DAGs
[2022-08-04 00:04:42,369] {logging_mixin.py:115} INFO - [2022-08-04 00:04:42,369] {dag.py:2972} INFO - Setting next_dagrun for example_branch_dop_operator_v3 to 2022-08-04T00:03:00+00:00, run_after=2022-08-04T00:04:00+00:00
[2022-08-04 00:04:42,397] {processor.py:161} INFO - Processing /home/airflow/.local/lib/python3.7/site-packages/airflow/example_dags/example_branch_python_dop_operator_3.py took 0.157 seconds
[2022-08-04 00:05:12,712] {processor.py:153} INFO - Started process (PID=22913) to work on /home/airflow/.local/lib/python3.7/site-packages/airflow/example_dags/example_branch_python_dop_operator_3.py
[2022-08-04 00:05:12,717] {processor.py:641} INFO - Processing file /home/airflow/.local/lib/python3.7/site-packages/airflow/example_dags/example_branch_python_dop_operator_3.py for tasks to queue
[2022-08-04 00:05:12,725] {logging_mixin.py:115} INFO - [2022-08-04 00:05:12,725] {dagbag.py:508} INFO - Filling up the DagBag from /home/airflow/.local/lib/python3.7/site-packages/airflow/example_dags/example_branch_python_dop_operator_3.py
[2022-08-04 00:05:12,794] {processor.py:651} INFO - DAG(s) dict_keys(['example_branch_dop_operator_v3']) retrieved from /home/airflow/.local/lib/python3.7/site-packages/airflow/example_dags/example_branch_python_dop_operator_3.py
[2022-08-04 00:05:13,088] {logging_mixin.py:115} INFO - [2022-08-04 00:05:13,087] {dag.py:2420} INFO - Sync 1 DAGs
[2022-08-04 00:05:13,245] {logging_mixin.py:115} INFO - [2022-08-04 00:05:13,245] {dag.py:2972} INFO - Setting next_dagrun for example_branch_dop_operator_v3 to 2022-08-04T00:04:00+00:00, run_after=2022-08-04T00:05:00+00:00
[2022-08-04 00:05:13,305] {processor.py:161} INFO - Processing /home/airflow/.local/lib/python3.7/site-packages/airflow/example_dags/example_branch_python_dop_operator_3.py took 0.606 seconds
[2022-08-04 00:05:43,453] {processor.py:153} INFO - Started process (PID=22977) to work on /home/airflow/.local/lib/python3.7/site-packages/airflow/example_dags/example_branch_python_dop_operator_3.py
[2022-08-04 00:05:43,463] {processor.py:641} INFO - Processing file /home/airflow/.local/lib/python3.7/site-packages/airflow/example_dags/example_branch_python_dop_operator_3.py for tasks to queue
[2022-08-04 00:05:43,470] {logging_mixin.py:115} INFO - [2022-08-04 00:05:43,470] {dagbag.py:508} INFO - Filling up the DagBag from /home/airflow/.local/lib/python3.7/site-packages/airflow/example_dags/example_branch_python_dop_operator_3.py
[2022-08-04 00:05:43,516] {processor.py:651} INFO - DAG(s) dict_keys(['example_branch_dop_operator_v3']) retrieved from /home/airflow/.local/lib/python3.7/site-packages/airflow/example_dags/example_branch_python_dop_operator_3.py
[2022-08-04 00:05:43,648] {logging_mixin.py:115} INFO - [2022-08-04 00:05:43,648] {dag.py:2420} INFO - Sync 1 DAGs
[2022-08-04 00:05:43,745] {logging_mixin.py:115} INFO - [2022-08-04 00:05:43,745] {dag.py:2972} INFO - Setting next_dagrun for example_branch_dop_operator_v3 to 2022-08-04T00:04:00+00:00, run_after=2022-08-04T00:05:00+00:00
[2022-08-04 00:05:43,778] {processor.py:161} INFO - Processing /home/airflow/.local/lib/python3.7/site-packages/airflow/example_dags/example_branch_python_dop_operator_3.py took 0.343 seconds
[2022-08-04 00:06:14,414] {processor.py:153} INFO - Started process (PID=23030) to work on /home/airflow/.local/lib/python3.7/site-packages/airflow/example_dags/example_branch_python_dop_operator_3.py
[2022-08-04 00:06:14,416] {processor.py:641} INFO - Processing file /home/airflow/.local/lib/python3.7/site-packages/airflow/example_dags/example_branch_python_dop_operator_3.py for tasks to queue
[2022-08-04 00:06:14,419] {logging_mixin.py:115} INFO - [2022-08-04 00:06:14,419] {dagbag.py:508} INFO - Filling up the DagBag from /home/airflow/.local/lib/python3.7/site-packages/airflow/example_dags/example_branch_python_dop_operator_3.py
[2022-08-04 00:06:14,432] {processor.py:651} INFO - DAG(s) dict_keys(['example_branch_dop_operator_v3']) retrieved from /home/airflow/.local/lib/python3.7/site-packages/airflow/example_dags/example_branch_python_dop_operator_3.py
[2022-08-04 00:06:14,467] {logging_mixin.py:115} INFO - [2022-08-04 00:06:14,467] {dag.py:2420} INFO - Sync 1 DAGs
[2022-08-04 00:06:14,502] {logging_mixin.py:115} INFO - [2022-08-04 00:06:14,502] {dag.py:2972} INFO - Setting next_dagrun for example_branch_dop_operator_v3 to 2022-08-04T00:05:00+00:00, run_after=2022-08-04T00:06:00+00:00
[2022-08-04 00:06:14,527] {processor.py:161} INFO - Processing /home/airflow/.local/lib/python3.7/site-packages/airflow/example_dags/example_branch_python_dop_operator_3.py took 0.120 seconds
[2022-08-04 00:06:44,760] {processor.py:153} INFO - Started process (PID=23094) to work on /home/airflow/.local/lib/python3.7/site-packages/airflow/example_dags/example_branch_python_dop_operator_3.py
[2022-08-04 00:06:44,765] {processor.py:641} INFO - Processing file /home/airflow/.local/lib/python3.7/site-packages/airflow/example_dags/example_branch_python_dop_operator_3.py for tasks to queue
[2022-08-04 00:06:44,772] {logging_mixin.py:115} INFO - [2022-08-04 00:06:44,771] {dagbag.py:508} INFO - Filling up the DagBag from /home/airflow/.local/lib/python3.7/site-packages/airflow/example_dags/example_branch_python_dop_operator_3.py
[2022-08-04 00:06:44,805] {processor.py:651} INFO - DAG(s) dict_keys(['example_branch_dop_operator_v3']) retrieved from /home/airflow/.local/lib/python3.7/site-packages/airflow/example_dags/example_branch_python_dop_operator_3.py
[2022-08-04 00:06:44,888] {logging_mixin.py:115} INFO - [2022-08-04 00:06:44,887] {dag.py:2420} INFO - Sync 1 DAGs
[2022-08-04 00:06:44,939] {logging_mixin.py:115} INFO - [2022-08-04 00:06:44,938] {dag.py:2972} INFO - Setting next_dagrun for example_branch_dop_operator_v3 to 2022-08-04T00:05:00+00:00, run_after=2022-08-04T00:06:00+00:00
[2022-08-04 00:06:44,970] {processor.py:161} INFO - Processing /home/airflow/.local/lib/python3.7/site-packages/airflow/example_dags/example_branch_python_dop_operator_3.py took 0.219 seconds
[2022-08-04 00:07:15,373] {processor.py:153} INFO - Started process (PID=23149) to work on /home/airflow/.local/lib/python3.7/site-packages/airflow/example_dags/example_branch_python_dop_operator_3.py
[2022-08-04 00:07:15,376] {processor.py:641} INFO - Processing file /home/airflow/.local/lib/python3.7/site-packages/airflow/example_dags/example_branch_python_dop_operator_3.py for tasks to queue
[2022-08-04 00:07:15,378] {logging_mixin.py:115} INFO - [2022-08-04 00:07:15,378] {dagbag.py:508} INFO - Filling up the DagBag from /home/airflow/.local/lib/python3.7/site-packages/airflow/example_dags/example_branch_python_dop_operator_3.py
[2022-08-04 00:07:15,392] {processor.py:651} INFO - DAG(s) dict_keys(['example_branch_dop_operator_v3']) retrieved from /home/airflow/.local/lib/python3.7/site-packages/airflow/example_dags/example_branch_python_dop_operator_3.py
[2022-08-04 00:07:15,434] {logging_mixin.py:115} INFO - [2022-08-04 00:07:15,434] {dag.py:2420} INFO - Sync 1 DAGs
[2022-08-04 00:07:15,468] {logging_mixin.py:115} INFO - [2022-08-04 00:07:15,468] {dag.py:2972} INFO - Setting next_dagrun for example_branch_dop_operator_v3 to 2022-08-04T00:06:00+00:00, run_after=2022-08-04T00:07:00+00:00
[2022-08-04 00:07:15,487] {processor.py:161} INFO - Processing /home/airflow/.local/lib/python3.7/site-packages/airflow/example_dags/example_branch_python_dop_operator_3.py took 0.118 seconds
[2022-08-04 00:07:45,907] {processor.py:153} INFO - Started process (PID=23212) to work on /home/airflow/.local/lib/python3.7/site-packages/airflow/example_dags/example_branch_python_dop_operator_3.py
[2022-08-04 00:07:45,909] {processor.py:641} INFO - Processing file /home/airflow/.local/lib/python3.7/site-packages/airflow/example_dags/example_branch_python_dop_operator_3.py for tasks to queue
[2022-08-04 00:07:45,912] {logging_mixin.py:115} INFO - [2022-08-04 00:07:45,911] {dagbag.py:508} INFO - Filling up the DagBag from /home/airflow/.local/lib/python3.7/site-packages/airflow/example_dags/example_branch_python_dop_operator_3.py
[2022-08-04 00:07:45,924] {processor.py:651} INFO - DAG(s) dict_keys(['example_branch_dop_operator_v3']) retrieved from /home/airflow/.local/lib/python3.7/site-packages/airflow/example_dags/example_branch_python_dop_operator_3.py
[2022-08-04 00:07:45,968] {logging_mixin.py:115} INFO - [2022-08-04 00:07:45,968] {dag.py:2420} INFO - Sync 1 DAGs
[2022-08-04 00:07:45,999] {logging_mixin.py:115} INFO - [2022-08-04 00:07:45,999] {dag.py:2972} INFO - Setting next_dagrun for example_branch_dop_operator_v3 to 2022-08-04T00:06:00+00:00, run_after=2022-08-04T00:07:00+00:00
[2022-08-04 00:07:46,014] {processor.py:161} INFO - Processing /home/airflow/.local/lib/python3.7/site-packages/airflow/example_dags/example_branch_python_dop_operator_3.py took 0.111 seconds
[2022-08-04 00:08:17,030] {processor.py:153} INFO - Started process (PID=23267) to work on /home/airflow/.local/lib/python3.7/site-packages/airflow/example_dags/example_branch_python_dop_operator_3.py
[2022-08-04 00:08:17,137] {processor.py:641} INFO - Processing file /home/airflow/.local/lib/python3.7/site-packages/airflow/example_dags/example_branch_python_dop_operator_3.py for tasks to queue
[2022-08-04 00:08:17,152] {logging_mixin.py:115} INFO - [2022-08-04 00:08:17,152] {dagbag.py:508} INFO - Filling up the DagBag from /home/airflow/.local/lib/python3.7/site-packages/airflow/example_dags/example_branch_python_dop_operator_3.py
[2022-08-04 00:08:17,275] {processor.py:651} INFO - DAG(s) dict_keys(['example_branch_dop_operator_v3']) retrieved from /home/airflow/.local/lib/python3.7/site-packages/airflow/example_dags/example_branch_python_dop_operator_3.py
[2022-08-04 00:08:17,459] {logging_mixin.py:115} INFO - [2022-08-04 00:08:17,458] {dag.py:2420} INFO - Sync 1 DAGs
[2022-08-04 00:08:17,543] {logging_mixin.py:115} INFO - [2022-08-04 00:08:17,543] {dag.py:2972} INFO - Setting next_dagrun for example_branch_dop_operator_v3 to 2022-08-04T00:07:00+00:00, run_after=2022-08-04T00:08:00+00:00
[2022-08-04 00:08:17,591] {processor.py:161} INFO - Processing /home/airflow/.local/lib/python3.7/site-packages/airflow/example_dags/example_branch_python_dop_operator_3.py took 0.635 seconds
[2022-08-04 00:08:48,359] {processor.py:153} INFO - Started process (PID=23328) to work on /home/airflow/.local/lib/python3.7/site-packages/airflow/example_dags/example_branch_python_dop_operator_3.py
[2022-08-04 00:08:48,362] {processor.py:641} INFO - Processing file /home/airflow/.local/lib/python3.7/site-packages/airflow/example_dags/example_branch_python_dop_operator_3.py for tasks to queue
[2022-08-04 00:08:48,365] {logging_mixin.py:115} INFO - [2022-08-04 00:08:48,365] {dagbag.py:508} INFO - Filling up the DagBag from /home/airflow/.local/lib/python3.7/site-packages/airflow/example_dags/example_branch_python_dop_operator_3.py
[2022-08-04 00:08:48,384] {processor.py:651} INFO - DAG(s) dict_keys(['example_branch_dop_operator_v3']) retrieved from /home/airflow/.local/lib/python3.7/site-packages/airflow/example_dags/example_branch_python_dop_operator_3.py
[2022-08-04 00:08:48,439] {logging_mixin.py:115} INFO - [2022-08-04 00:08:48,439] {dag.py:2420} INFO - Sync 1 DAGs
[2022-08-04 00:08:48,473] {logging_mixin.py:115} INFO - [2022-08-04 00:08:48,473] {dag.py:2972} INFO - Setting next_dagrun for example_branch_dop_operator_v3 to 2022-08-04T00:07:00+00:00, run_after=2022-08-04T00:08:00+00:00
[2022-08-04 00:08:48,495] {processor.py:161} INFO - Processing /home/airflow/.local/lib/python3.7/site-packages/airflow/example_dags/example_branch_python_dop_operator_3.py took 0.143 seconds
[2022-08-04 00:09:19,111] {processor.py:153} INFO - Started process (PID=23383) to work on /home/airflow/.local/lib/python3.7/site-packages/airflow/example_dags/example_branch_python_dop_operator_3.py
[2022-08-04 00:09:19,117] {processor.py:641} INFO - Processing file /home/airflow/.local/lib/python3.7/site-packages/airflow/example_dags/example_branch_python_dop_operator_3.py for tasks to queue
[2022-08-04 00:09:19,122] {logging_mixin.py:115} INFO - [2022-08-04 00:09:19,122] {dagbag.py:508} INFO - Filling up the DagBag from /home/airflow/.local/lib/python3.7/site-packages/airflow/example_dags/example_branch_python_dop_operator_3.py
[2022-08-04 00:09:19,151] {processor.py:651} INFO - DAG(s) dict_keys(['example_branch_dop_operator_v3']) retrieved from /home/airflow/.local/lib/python3.7/site-packages/airflow/example_dags/example_branch_python_dop_operator_3.py
[2022-08-04 00:09:19,207] {logging_mixin.py:115} INFO - [2022-08-04 00:09:19,207] {dag.py:2420} INFO - Sync 1 DAGs
[2022-08-04 00:09:19,249] {logging_mixin.py:115} INFO - [2022-08-04 00:09:19,249] {dag.py:2972} INFO - Setting next_dagrun for example_branch_dop_operator_v3 to 2022-08-04T00:08:00+00:00, run_after=2022-08-04T00:09:00+00:00
[2022-08-04 00:09:19,271] {processor.py:161} INFO - Processing /home/airflow/.local/lib/python3.7/site-packages/airflow/example_dags/example_branch_python_dop_operator_3.py took 0.166 seconds
[2022-08-04 00:09:49,705] {processor.py:153} INFO - Started process (PID=23447) to work on /home/airflow/.local/lib/python3.7/site-packages/airflow/example_dags/example_branch_python_dop_operator_3.py
[2022-08-04 00:09:49,709] {processor.py:641} INFO - Processing file /home/airflow/.local/lib/python3.7/site-packages/airflow/example_dags/example_branch_python_dop_operator_3.py for tasks to queue
[2022-08-04 00:09:49,712] {logging_mixin.py:115} INFO - [2022-08-04 00:09:49,711] {dagbag.py:508} INFO - Filling up the DagBag from /home/airflow/.local/lib/python3.7/site-packages/airflow/example_dags/example_branch_python_dop_operator_3.py
[2022-08-04 00:09:49,744] {processor.py:651} INFO - DAG(s) dict_keys(['example_branch_dop_operator_v3']) retrieved from /home/airflow/.local/lib/python3.7/site-packages/airflow/example_dags/example_branch_python_dop_operator_3.py
[2022-08-04 00:09:49,810] {logging_mixin.py:115} INFO - [2022-08-04 00:09:49,809] {dag.py:2420} INFO - Sync 1 DAGs
[2022-08-04 00:09:49,847] {logging_mixin.py:115} INFO - [2022-08-04 00:09:49,847] {dag.py:2972} INFO - Setting next_dagrun for example_branch_dop_operator_v3 to 2022-08-04T00:08:00+00:00, run_after=2022-08-04T00:09:00+00:00
[2022-08-04 00:09:49,861] {processor.py:161} INFO - Processing /home/airflow/.local/lib/python3.7/site-packages/airflow/example_dags/example_branch_python_dop_operator_3.py took 0.162 seconds
[2022-08-04 00:10:20,351] {processor.py:153} INFO - Started process (PID=23501) to work on /home/airflow/.local/lib/python3.7/site-packages/airflow/example_dags/example_branch_python_dop_operator_3.py
[2022-08-04 00:10:20,355] {processor.py:641} INFO - Processing file /home/airflow/.local/lib/python3.7/site-packages/airflow/example_dags/example_branch_python_dop_operator_3.py for tasks to queue
[2022-08-04 00:10:20,361] {logging_mixin.py:115} INFO - [2022-08-04 00:10:20,361] {dagbag.py:508} INFO - Filling up the DagBag from /home/airflow/.local/lib/python3.7/site-packages/airflow/example_dags/example_branch_python_dop_operator_3.py
[2022-08-04 00:10:20,385] {processor.py:651} INFO - DAG(s) dict_keys(['example_branch_dop_operator_v3']) retrieved from /home/airflow/.local/lib/python3.7/site-packages/airflow/example_dags/example_branch_python_dop_operator_3.py
[2022-08-04 00:10:20,447] {logging_mixin.py:115} INFO - [2022-08-04 00:10:20,447] {dag.py:2420} INFO - Sync 1 DAGs
[2022-08-04 00:10:20,483] {logging_mixin.py:115} INFO - [2022-08-04 00:10:20,483] {dag.py:2972} INFO - Setting next_dagrun for example_branch_dop_operator_v3 to 2022-08-04T00:09:00+00:00, run_after=2022-08-04T00:10:00+00:00
[2022-08-04 00:10:20,502] {processor.py:161} INFO - Processing /home/airflow/.local/lib/python3.7/site-packages/airflow/example_dags/example_branch_python_dop_operator_3.py took 0.161 seconds
[2022-08-04 00:11:04,105] {processor.py:153} INFO - Started process (PID=23520) to work on /home/airflow/.local/lib/python3.7/site-packages/airflow/example_dags/example_branch_python_dop_operator_3.py
[2022-08-04 00:11:04,113] {processor.py:641} INFO - Processing file /home/airflow/.local/lib/python3.7/site-packages/airflow/example_dags/example_branch_python_dop_operator_3.py for tasks to queue
[2022-08-04 00:11:04,120] {logging_mixin.py:115} INFO - [2022-08-04 00:11:04,120] {dagbag.py:508} INFO - Filling up the DagBag from /home/airflow/.local/lib/python3.7/site-packages/airflow/example_dags/example_branch_python_dop_operator_3.py
[2022-08-04 00:11:04,147] {processor.py:651} INFO - DAG(s) dict_keys(['example_branch_dop_operator_v3']) retrieved from /home/airflow/.local/lib/python3.7/site-packages/airflow/example_dags/example_branch_python_dop_operator_3.py
[2022-08-04 00:11:04,210] {logging_mixin.py:115} INFO - [2022-08-04 00:11:04,210] {dag.py:2420} INFO - Sync 1 DAGs
[2022-08-04 00:11:04,274] {logging_mixin.py:115} INFO - [2022-08-04 00:11:04,274] {dag.py:2972} INFO - Setting next_dagrun for example_branch_dop_operator_v3 to 2022-08-04T00:10:00+00:00, run_after=2022-08-04T00:11:00+00:00
[2022-08-04 00:11:04,322] {processor.py:161} INFO - Processing /home/airflow/.local/lib/python3.7/site-packages/airflow/example_dags/example_branch_python_dop_operator_3.py took 0.226 seconds
[2022-08-04 00:11:35,805] {processor.py:153} INFO - Started process (PID=23583) to work on /home/airflow/.local/lib/python3.7/site-packages/airflow/example_dags/example_branch_python_dop_operator_3.py
[2022-08-04 00:11:35,814] {processor.py:641} INFO - Processing file /home/airflow/.local/lib/python3.7/site-packages/airflow/example_dags/example_branch_python_dop_operator_3.py for tasks to queue
[2022-08-04 00:11:35,823] {logging_mixin.py:115} INFO - [2022-08-04 00:11:35,823] {dagbag.py:508} INFO - Filling up the DagBag from /home/airflow/.local/lib/python3.7/site-packages/airflow/example_dags/example_branch_python_dop_operator_3.py
[2022-08-04 00:11:35,855] {processor.py:651} INFO - DAG(s) dict_keys(['example_branch_dop_operator_v3']) retrieved from /home/airflow/.local/lib/python3.7/site-packages/airflow/example_dags/example_branch_python_dop_operator_3.py
[2022-08-04 00:11:35,910] {logging_mixin.py:115} INFO - [2022-08-04 00:11:35,910] {dag.py:2420} INFO - Sync 1 DAGs
[2022-08-04 00:11:35,956] {logging_mixin.py:115} INFO - [2022-08-04 00:11:35,956] {dag.py:2972} INFO - Setting next_dagrun for example_branch_dop_operator_v3 to 2022-08-04T00:10:00+00:00, run_after=2022-08-04T00:11:00+00:00
[2022-08-04 00:11:36,007] {processor.py:161} INFO - Processing /home/airflow/.local/lib/python3.7/site-packages/airflow/example_dags/example_branch_python_dop_operator_3.py took 0.212 seconds
[2022-08-04 00:14:54,914] {processor.py:153} INFO - Started process (PID=23637) to work on /home/airflow/.local/lib/python3.7/site-packages/airflow/example_dags/example_branch_python_dop_operator_3.py
[2022-08-04 00:14:54,923] {processor.py:641} INFO - Processing file /home/airflow/.local/lib/python3.7/site-packages/airflow/example_dags/example_branch_python_dop_operator_3.py for tasks to queue
[2022-08-04 00:14:54,927] {logging_mixin.py:115} INFO - [2022-08-04 00:14:54,927] {dagbag.py:508} INFO - Filling up the DagBag from /home/airflow/.local/lib/python3.7/site-packages/airflow/example_dags/example_branch_python_dop_operator_3.py
[2022-08-04 00:14:54,956] {processor.py:651} INFO - DAG(s) dict_keys(['example_branch_dop_operator_v3']) retrieved from /home/airflow/.local/lib/python3.7/site-packages/airflow/example_dags/example_branch_python_dop_operator_3.py
[2022-08-04 00:14:55,008] {logging_mixin.py:115} INFO - [2022-08-04 00:14:55,007] {dag.py:2420} INFO - Sync 1 DAGs
[2022-08-04 00:14:55,059] {logging_mixin.py:115} INFO - [2022-08-04 00:14:55,059] {dag.py:2972} INFO - Setting next_dagrun for example_branch_dop_operator_v3 to 2022-08-04T00:13:00+00:00, run_after=2022-08-04T00:14:00+00:00
[2022-08-04 00:14:55,101] {processor.py:161} INFO - Processing /home/airflow/.local/lib/python3.7/site-packages/airflow/example_dags/example_branch_python_dop_operator_3.py took 0.198 seconds
[2022-08-04 00:15:31,769] {processor.py:153} INFO - Started process (PID=23701) to work on /home/airflow/.local/lib/python3.7/site-packages/airflow/example_dags/example_branch_python_dop_operator_3.py
[2022-08-04 00:15:31,788] {processor.py:641} INFO - Processing file /home/airflow/.local/lib/python3.7/site-packages/airflow/example_dags/example_branch_python_dop_operator_3.py for tasks to queue
[2022-08-04 00:15:31,808] {logging_mixin.py:115} INFO - [2022-08-04 00:15:31,807] {dagbag.py:508} INFO - Filling up the DagBag from /home/airflow/.local/lib/python3.7/site-packages/airflow/example_dags/example_branch_python_dop_operator_3.py
[2022-08-04 00:15:31,926] {processor.py:651} INFO - DAG(s) dict_keys(['example_branch_dop_operator_v3']) retrieved from /home/airflow/.local/lib/python3.7/site-packages/airflow/example_dags/example_branch_python_dop_operator_3.py
[2022-08-04 00:15:32,016] {logging_mixin.py:115} INFO - [2022-08-04 00:15:32,016] {dag.py:2420} INFO - Sync 1 DAGs
[2022-08-04 00:15:32,106] {logging_mixin.py:115} INFO - [2022-08-04 00:15:32,106] {dag.py:2972} INFO - Setting next_dagrun for example_branch_dop_operator_v3 to 2022-08-04T00:14:00+00:00, run_after=2022-08-04T00:15:00+00:00
[2022-08-04 00:15:32,162] {processor.py:161} INFO - Processing /home/airflow/.local/lib/python3.7/site-packages/airflow/example_dags/example_branch_python_dop_operator_3.py took 0.404 seconds
[2022-08-04 00:32:49,566] {processor.py:153} INFO - Started process (PID=23746) to work on /home/airflow/.local/lib/python3.7/site-packages/airflow/example_dags/example_branch_python_dop_operator_3.py
[2022-08-04 00:32:49,588] {processor.py:641} INFO - Processing file /home/airflow/.local/lib/python3.7/site-packages/airflow/example_dags/example_branch_python_dop_operator_3.py for tasks to queue
[2022-08-04 00:32:49,600] {logging_mixin.py:115} INFO - [2022-08-04 00:32:49,600] {dagbag.py:508} INFO - Filling up the DagBag from /home/airflow/.local/lib/python3.7/site-packages/airflow/example_dags/example_branch_python_dop_operator_3.py
[2022-08-04 00:32:49,668] {processor.py:651} INFO - DAG(s) dict_keys(['example_branch_dop_operator_v3']) retrieved from /home/airflow/.local/lib/python3.7/site-packages/airflow/example_dags/example_branch_python_dop_operator_3.py
[2022-08-04 00:32:49,782] {logging_mixin.py:115} INFO - [2022-08-04 00:32:49,782] {dag.py:2420} INFO - Sync 1 DAGs
[2022-08-04 00:32:49,844] {logging_mixin.py:115} INFO - [2022-08-04 00:32:49,844] {dag.py:2972} INFO - Setting next_dagrun for example_branch_dop_operator_v3 to 2022-08-04T00:31:00+00:00, run_after=2022-08-04T00:32:00+00:00
[2022-08-04 00:32:49,885] {processor.py:161} INFO - Processing /home/airflow/.local/lib/python3.7/site-packages/airflow/example_dags/example_branch_python_dop_operator_3.py took 0.331 seconds
[2022-08-04 00:33:21,239] {processor.py:153} INFO - Started process (PID=23802) to work on /home/airflow/.local/lib/python3.7/site-packages/airflow/example_dags/example_branch_python_dop_operator_3.py
[2022-08-04 00:33:21,252] {processor.py:641} INFO - Processing file /home/airflow/.local/lib/python3.7/site-packages/airflow/example_dags/example_branch_python_dop_operator_3.py for tasks to queue
[2022-08-04 00:33:21,268] {logging_mixin.py:115} INFO - [2022-08-04 00:33:21,268] {dagbag.py:508} INFO - Filling up the DagBag from /home/airflow/.local/lib/python3.7/site-packages/airflow/example_dags/example_branch_python_dop_operator_3.py
[2022-08-04 00:33:21,323] {processor.py:651} INFO - DAG(s) dict_keys(['example_branch_dop_operator_v3']) retrieved from /home/airflow/.local/lib/python3.7/site-packages/airflow/example_dags/example_branch_python_dop_operator_3.py
[2022-08-04 00:33:21,408] {logging_mixin.py:115} INFO - [2022-08-04 00:33:21,407] {dag.py:2420} INFO - Sync 1 DAGs
[2022-08-04 00:33:21,447] {logging_mixin.py:115} INFO - [2022-08-04 00:33:21,447] {dag.py:2972} INFO - Setting next_dagrun for example_branch_dop_operator_v3 to 2022-08-04T00:32:00+00:00, run_after=2022-08-04T00:33:00+00:00
[2022-08-04 00:33:21,474] {processor.py:161} INFO - Processing /home/airflow/.local/lib/python3.7/site-packages/airflow/example_dags/example_branch_python_dop_operator_3.py took 0.241 seconds
[2022-08-04 00:33:52,310] {processor.py:153} INFO - Started process (PID=23865) to work on /home/airflow/.local/lib/python3.7/site-packages/airflow/example_dags/example_branch_python_dop_operator_3.py
[2022-08-04 00:33:52,314] {processor.py:641} INFO - Processing file /home/airflow/.local/lib/python3.7/site-packages/airflow/example_dags/example_branch_python_dop_operator_3.py for tasks to queue
[2022-08-04 00:33:52,318] {logging_mixin.py:115} INFO - [2022-08-04 00:33:52,318] {dagbag.py:508} INFO - Filling up the DagBag from /home/airflow/.local/lib/python3.7/site-packages/airflow/example_dags/example_branch_python_dop_operator_3.py
[2022-08-04 00:33:52,337] {processor.py:651} INFO - DAG(s) dict_keys(['example_branch_dop_operator_v3']) retrieved from /home/airflow/.local/lib/python3.7/site-packages/airflow/example_dags/example_branch_python_dop_operator_3.py
[2022-08-04 00:33:52,390] {logging_mixin.py:115} INFO - [2022-08-04 00:33:52,390] {dag.py:2420} INFO - Sync 1 DAGs
[2022-08-04 00:33:52,432] {logging_mixin.py:115} INFO - [2022-08-04 00:33:52,432] {dag.py:2972} INFO - Setting next_dagrun for example_branch_dop_operator_v3 to 2022-08-04T00:32:00+00:00, run_after=2022-08-04T00:33:00+00:00
[2022-08-04 00:33:52,481] {processor.py:161} INFO - Processing /home/airflow/.local/lib/python3.7/site-packages/airflow/example_dags/example_branch_python_dop_operator_3.py took 0.175 seconds
[2022-08-04 00:34:23,318] {processor.py:153} INFO - Started process (PID=23919) to work on /home/airflow/.local/lib/python3.7/site-packages/airflow/example_dags/example_branch_python_dop_operator_3.py
[2022-08-04 00:34:23,323] {processor.py:641} INFO - Processing file /home/airflow/.local/lib/python3.7/site-packages/airflow/example_dags/example_branch_python_dop_operator_3.py for tasks to queue
[2022-08-04 00:34:23,338] {logging_mixin.py:115} INFO - [2022-08-04 00:34:23,338] {dagbag.py:508} INFO - Filling up the DagBag from /home/airflow/.local/lib/python3.7/site-packages/airflow/example_dags/example_branch_python_dop_operator_3.py
[2022-08-04 00:34:23,398] {processor.py:651} INFO - DAG(s) dict_keys(['example_branch_dop_operator_v3']) retrieved from /home/airflow/.local/lib/python3.7/site-packages/airflow/example_dags/example_branch_python_dop_operator_3.py
[2022-08-04 00:34:23,498] {logging_mixin.py:115} INFO - [2022-08-04 00:34:23,497] {dag.py:2420} INFO - Sync 1 DAGs
[2022-08-04 00:34:23,553] {logging_mixin.py:115} INFO - [2022-08-04 00:34:23,553] {dag.py:2972} INFO - Setting next_dagrun for example_branch_dop_operator_v3 to 2022-08-04T00:33:00+00:00, run_after=2022-08-04T00:34:00+00:00
[2022-08-04 00:34:23,601] {processor.py:161} INFO - Processing /home/airflow/.local/lib/python3.7/site-packages/airflow/example_dags/example_branch_python_dop_operator_3.py took 0.291 seconds
[2022-08-04 00:34:53,703] {processor.py:153} INFO - Started process (PID=23981) to work on /home/airflow/.local/lib/python3.7/site-packages/airflow/example_dags/example_branch_python_dop_operator_3.py
[2022-08-04 00:34:53,709] {processor.py:641} INFO - Processing file /home/airflow/.local/lib/python3.7/site-packages/airflow/example_dags/example_branch_python_dop_operator_3.py for tasks to queue
[2022-08-04 00:34:53,718] {logging_mixin.py:115} INFO - [2022-08-04 00:34:53,718] {dagbag.py:508} INFO - Filling up the DagBag from /home/airflow/.local/lib/python3.7/site-packages/airflow/example_dags/example_branch_python_dop_operator_3.py
[2022-08-04 00:34:53,735] {processor.py:651} INFO - DAG(s) dict_keys(['example_branch_dop_operator_v3']) retrieved from /home/airflow/.local/lib/python3.7/site-packages/airflow/example_dags/example_branch_python_dop_operator_3.py
[2022-08-04 00:34:53,780] {logging_mixin.py:115} INFO - [2022-08-04 00:34:53,780] {dag.py:2420} INFO - Sync 1 DAGs
[2022-08-04 00:34:53,813] {logging_mixin.py:115} INFO - [2022-08-04 00:34:53,813] {dag.py:2972} INFO - Setting next_dagrun for example_branch_dop_operator_v3 to 2022-08-04T00:33:00+00:00, run_after=2022-08-04T00:34:00+00:00
[2022-08-04 00:34:53,836] {processor.py:161} INFO - Processing /home/airflow/.local/lib/python3.7/site-packages/airflow/example_dags/example_branch_python_dop_operator_3.py took 0.138 seconds
[2022-08-04 00:35:24,816] {processor.py:153} INFO - Started process (PID=24035) to work on /home/airflow/.local/lib/python3.7/site-packages/airflow/example_dags/example_branch_python_dop_operator_3.py
[2022-08-04 00:35:24,835] {processor.py:641} INFO - Processing file /home/airflow/.local/lib/python3.7/site-packages/airflow/example_dags/example_branch_python_dop_operator_3.py for tasks to queue
[2022-08-04 00:35:24,839] {logging_mixin.py:115} INFO - [2022-08-04 00:35:24,839] {dagbag.py:508} INFO - Filling up the DagBag from /home/airflow/.local/lib/python3.7/site-packages/airflow/example_dags/example_branch_python_dop_operator_3.py
[2022-08-04 00:35:24,872] {processor.py:651} INFO - DAG(s) dict_keys(['example_branch_dop_operator_v3']) retrieved from /home/airflow/.local/lib/python3.7/site-packages/airflow/example_dags/example_branch_python_dop_operator_3.py
[2022-08-04 00:35:24,945] {logging_mixin.py:115} INFO - [2022-08-04 00:35:24,945] {dag.py:2420} INFO - Sync 1 DAGs
[2022-08-04 00:35:25,013] {logging_mixin.py:115} INFO - [2022-08-04 00:35:25,013] {dag.py:2972} INFO - Setting next_dagrun for example_branch_dop_operator_v3 to 2022-08-04T00:34:00+00:00, run_after=2022-08-04T00:35:00+00:00
[2022-08-04 00:35:25,040] {processor.py:161} INFO - Processing /home/airflow/.local/lib/python3.7/site-packages/airflow/example_dags/example_branch_python_dop_operator_3.py took 0.237 seconds
[2022-08-04 00:35:56,189] {processor.py:153} INFO - Started process (PID=24097) to work on /home/airflow/.local/lib/python3.7/site-packages/airflow/example_dags/example_branch_python_dop_operator_3.py
[2022-08-04 00:35:56,198] {processor.py:641} INFO - Processing file /home/airflow/.local/lib/python3.7/site-packages/airflow/example_dags/example_branch_python_dop_operator_3.py for tasks to queue
[2022-08-04 00:35:56,212] {logging_mixin.py:115} INFO - [2022-08-04 00:35:56,211] {dagbag.py:508} INFO - Filling up the DagBag from /home/airflow/.local/lib/python3.7/site-packages/airflow/example_dags/example_branch_python_dop_operator_3.py
[2022-08-04 00:35:56,249] {processor.py:651} INFO - DAG(s) dict_keys(['example_branch_dop_operator_v3']) retrieved from /home/airflow/.local/lib/python3.7/site-packages/airflow/example_dags/example_branch_python_dop_operator_3.py
[2022-08-04 00:35:56,340] {logging_mixin.py:115} INFO - [2022-08-04 00:35:56,340] {dag.py:2420} INFO - Sync 1 DAGs
[2022-08-04 00:35:56,381] {logging_mixin.py:115} INFO - [2022-08-04 00:35:56,381] {dag.py:2972} INFO - Setting next_dagrun for example_branch_dop_operator_v3 to 2022-08-04T00:34:00+00:00, run_after=2022-08-04T00:35:00+00:00
[2022-08-04 00:35:56,409] {processor.py:161} INFO - Processing /home/airflow/.local/lib/python3.7/site-packages/airflow/example_dags/example_branch_python_dop_operator_3.py took 0.231 seconds
[2022-08-04 00:36:26,692] {processor.py:153} INFO - Started process (PID=24152) to work on /home/airflow/.local/lib/python3.7/site-packages/airflow/example_dags/example_branch_python_dop_operator_3.py
[2022-08-04 00:36:26,721] {processor.py:641} INFO - Processing file /home/airflow/.local/lib/python3.7/site-packages/airflow/example_dags/example_branch_python_dop_operator_3.py for tasks to queue
[2022-08-04 00:36:26,736] {logging_mixin.py:115} INFO - [2022-08-04 00:36:26,735] {dagbag.py:508} INFO - Filling up the DagBag from /home/airflow/.local/lib/python3.7/site-packages/airflow/example_dags/example_branch_python_dop_operator_3.py
[2022-08-04 00:36:26,770] {processor.py:651} INFO - DAG(s) dict_keys(['example_branch_dop_operator_v3']) retrieved from /home/airflow/.local/lib/python3.7/site-packages/airflow/example_dags/example_branch_python_dop_operator_3.py
[2022-08-04 00:36:26,867] {logging_mixin.py:115} INFO - [2022-08-04 00:36:26,867] {dag.py:2420} INFO - Sync 1 DAGs
[2022-08-04 00:36:26,903] {logging_mixin.py:115} INFO - [2022-08-04 00:36:26,903] {dag.py:2972} INFO - Setting next_dagrun for example_branch_dop_operator_v3 to 2022-08-04T00:35:00+00:00, run_after=2022-08-04T00:36:00+00:00
[2022-08-04 00:36:26,925] {processor.py:161} INFO - Processing /home/airflow/.local/lib/python3.7/site-packages/airflow/example_dags/example_branch_python_dop_operator_3.py took 0.246 seconds
[2022-08-04 00:36:57,143] {processor.py:153} INFO - Started process (PID=24214) to work on /home/airflow/.local/lib/python3.7/site-packages/airflow/example_dags/example_branch_python_dop_operator_3.py
[2022-08-04 00:36:57,147] {processor.py:641} INFO - Processing file /home/airflow/.local/lib/python3.7/site-packages/airflow/example_dags/example_branch_python_dop_operator_3.py for tasks to queue
[2022-08-04 00:36:57,152] {logging_mixin.py:115} INFO - [2022-08-04 00:36:57,152] {dagbag.py:508} INFO - Filling up the DagBag from /home/airflow/.local/lib/python3.7/site-packages/airflow/example_dags/example_branch_python_dop_operator_3.py
[2022-08-04 00:36:57,173] {processor.py:651} INFO - DAG(s) dict_keys(['example_branch_dop_operator_v3']) retrieved from /home/airflow/.local/lib/python3.7/site-packages/airflow/example_dags/example_branch_python_dop_operator_3.py
[2022-08-04 00:36:57,288] {logging_mixin.py:115} INFO - [2022-08-04 00:36:57,288] {dag.py:2420} INFO - Sync 1 DAGs
[2022-08-04 00:36:57,341] {logging_mixin.py:115} INFO - [2022-08-04 00:36:57,341] {dag.py:2972} INFO - Setting next_dagrun for example_branch_dop_operator_v3 to 2022-08-04T00:35:00+00:00, run_after=2022-08-04T00:36:00+00:00
[2022-08-04 00:36:57,377] {processor.py:161} INFO - Processing /home/airflow/.local/lib/python3.7/site-packages/airflow/example_dags/example_branch_python_dop_operator_3.py took 0.245 seconds
[2022-08-04 00:37:28,238] {processor.py:153} INFO - Started process (PID=24268) to work on /home/airflow/.local/lib/python3.7/site-packages/airflow/example_dags/example_branch_python_dop_operator_3.py
[2022-08-04 00:37:28,244] {processor.py:641} INFO - Processing file /home/airflow/.local/lib/python3.7/site-packages/airflow/example_dags/example_branch_python_dop_operator_3.py for tasks to queue
[2022-08-04 00:37:28,250] {logging_mixin.py:115} INFO - [2022-08-04 00:37:28,250] {dagbag.py:508} INFO - Filling up the DagBag from /home/airflow/.local/lib/python3.7/site-packages/airflow/example_dags/example_branch_python_dop_operator_3.py
[2022-08-04 00:37:28,274] {processor.py:651} INFO - DAG(s) dict_keys(['example_branch_dop_operator_v3']) retrieved from /home/airflow/.local/lib/python3.7/site-packages/airflow/example_dags/example_branch_python_dop_operator_3.py
[2022-08-04 00:37:28,332] {logging_mixin.py:115} INFO - [2022-08-04 00:37:28,332] {dag.py:2420} INFO - Sync 1 DAGs
[2022-08-04 00:37:28,384] {logging_mixin.py:115} INFO - [2022-08-04 00:37:28,383] {dag.py:2972} INFO - Setting next_dagrun for example_branch_dop_operator_v3 to 2022-08-04T00:36:00+00:00, run_after=2022-08-04T00:37:00+00:00
[2022-08-04 00:37:28,405] {processor.py:161} INFO - Processing /home/airflow/.local/lib/python3.7/site-packages/airflow/example_dags/example_branch_python_dop_operator_3.py took 0.173 seconds
[2022-08-04 00:38:04,429] {processor.py:153} INFO - Started process (PID=24331) to work on /home/airflow/.local/lib/python3.7/site-packages/airflow/example_dags/example_branch_python_dop_operator_3.py
[2022-08-04 00:38:04,441] {processor.py:641} INFO - Processing file /home/airflow/.local/lib/python3.7/site-packages/airflow/example_dags/example_branch_python_dop_operator_3.py for tasks to queue
[2022-08-04 00:38:04,450] {logging_mixin.py:115} INFO - [2022-08-04 00:38:04,449] {dagbag.py:508} INFO - Filling up the DagBag from /home/airflow/.local/lib/python3.7/site-packages/airflow/example_dags/example_branch_python_dop_operator_3.py
[2022-08-04 00:38:04,565] {processor.py:651} INFO - DAG(s) dict_keys(['example_branch_dop_operator_v3']) retrieved from /home/airflow/.local/lib/python3.7/site-packages/airflow/example_dags/example_branch_python_dop_operator_3.py
[2022-08-04 00:38:04,712] {logging_mixin.py:115} INFO - [2022-08-04 00:38:04,712] {dag.py:2420} INFO - Sync 1 DAGs
[2022-08-04 00:38:04,816] {logging_mixin.py:115} INFO - [2022-08-04 00:38:04,816] {dag.py:2972} INFO - Setting next_dagrun for example_branch_dop_operator_v3 to 2022-08-04T00:37:00+00:00, run_after=2022-08-04T00:38:00+00:00
[2022-08-04 00:38:04,873] {processor.py:161} INFO - Processing /home/airflow/.local/lib/python3.7/site-packages/airflow/example_dags/example_branch_python_dop_operator_3.py took 0.458 seconds
