[2022-08-04 00:00:01,080] {processor.py:153} INFO - Started process (PID=22327) to work on /home/airflow/.local/lib/python3.7/site-packages/airflow/example_dags/example_dag_decorator.py
[2022-08-04 00:00:01,083] {processor.py:641} INFO - Processing file /home/airflow/.local/lib/python3.7/site-packages/airflow/example_dags/example_dag_decorator.py for tasks to queue
[2022-08-04 00:00:01,086] {logging_mixin.py:115} INFO - [2022-08-04 00:00:01,086] {dagbag.py:508} INFO - Filling up the DagBag from /home/airflow/.local/lib/python3.7/site-packages/airflow/example_dags/example_dag_decorator.py
[2022-08-04 00:00:01,130] {processor.py:651} INFO - DAG(s) dict_keys(['example_dag_decorator']) retrieved from /home/airflow/.local/lib/python3.7/site-packages/airflow/example_dags/example_dag_decorator.py
[2022-08-04 00:00:01,240] {logging_mixin.py:115} INFO - [2022-08-04 00:00:01,240] {dag.py:2420} INFO - Sync 1 DAGs
[2022-08-04 00:00:01,265] {logging_mixin.py:115} INFO - [2022-08-04 00:00:01,265] {dag.py:2972} INFO - Setting next_dagrun for example_dag_decorator to None, run_after=None
[2022-08-04 00:00:01,285] {processor.py:161} INFO - Processing /home/airflow/.local/lib/python3.7/site-packages/airflow/example_dags/example_dag_decorator.py took 0.211 seconds
[2022-08-04 00:00:31,365] {processor.py:153} INFO - Started process (PID=22390) to work on /home/airflow/.local/lib/python3.7/site-packages/airflow/example_dags/example_dag_decorator.py
[2022-08-04 00:00:31,373] {processor.py:641} INFO - Processing file /home/airflow/.local/lib/python3.7/site-packages/airflow/example_dags/example_dag_decorator.py for tasks to queue
[2022-08-04 00:00:31,380] {logging_mixin.py:115} INFO - [2022-08-04 00:00:31,380] {dagbag.py:508} INFO - Filling up the DagBag from /home/airflow/.local/lib/python3.7/site-packages/airflow/example_dags/example_dag_decorator.py
[2022-08-04 00:00:31,471] {processor.py:651} INFO - DAG(s) dict_keys(['example_dag_decorator']) retrieved from /home/airflow/.local/lib/python3.7/site-packages/airflow/example_dags/example_dag_decorator.py
[2022-08-04 00:00:31,563] {logging_mixin.py:115} INFO - [2022-08-04 00:00:31,563] {dag.py:2420} INFO - Sync 1 DAGs
[2022-08-04 00:00:31,603] {logging_mixin.py:115} INFO - [2022-08-04 00:00:31,602] {dag.py:2972} INFO - Setting next_dagrun for example_dag_decorator to None, run_after=None
[2022-08-04 00:00:31,628] {processor.py:161} INFO - Processing /home/airflow/.local/lib/python3.7/site-packages/airflow/example_dags/example_dag_decorator.py took 0.271 seconds
[2022-08-04 00:01:02,077] {processor.py:153} INFO - Started process (PID=22445) to work on /home/airflow/.local/lib/python3.7/site-packages/airflow/example_dags/example_dag_decorator.py
[2022-08-04 00:01:02,082] {processor.py:641} INFO - Processing file /home/airflow/.local/lib/python3.7/site-packages/airflow/example_dags/example_dag_decorator.py for tasks to queue
[2022-08-04 00:01:02,084] {logging_mixin.py:115} INFO - [2022-08-04 00:01:02,084] {dagbag.py:508} INFO - Filling up the DagBag from /home/airflow/.local/lib/python3.7/site-packages/airflow/example_dags/example_dag_decorator.py
[2022-08-04 00:01:02,117] {processor.py:651} INFO - DAG(s) dict_keys(['example_dag_decorator']) retrieved from /home/airflow/.local/lib/python3.7/site-packages/airflow/example_dags/example_dag_decorator.py
[2022-08-04 00:01:02,223] {logging_mixin.py:115} INFO - [2022-08-04 00:01:02,223] {dag.py:2420} INFO - Sync 1 DAGs
[2022-08-04 00:01:02,250] {logging_mixin.py:115} INFO - [2022-08-04 00:01:02,250] {dag.py:2972} INFO - Setting next_dagrun for example_dag_decorator to None, run_after=None
[2022-08-04 00:01:02,269] {processor.py:161} INFO - Processing /home/airflow/.local/lib/python3.7/site-packages/airflow/example_dags/example_dag_decorator.py took 0.196 seconds
[2022-08-04 00:01:32,714] {processor.py:153} INFO - Started process (PID=22499) to work on /home/airflow/.local/lib/python3.7/site-packages/airflow/example_dags/example_dag_decorator.py
[2022-08-04 00:01:32,718] {processor.py:641} INFO - Processing file /home/airflow/.local/lib/python3.7/site-packages/airflow/example_dags/example_dag_decorator.py for tasks to queue
[2022-08-04 00:01:32,723] {logging_mixin.py:115} INFO - [2022-08-04 00:01:32,723] {dagbag.py:508} INFO - Filling up the DagBag from /home/airflow/.local/lib/python3.7/site-packages/airflow/example_dags/example_dag_decorator.py
[2022-08-04 00:01:32,758] {processor.py:651} INFO - DAG(s) dict_keys(['example_dag_decorator']) retrieved from /home/airflow/.local/lib/python3.7/site-packages/airflow/example_dags/example_dag_decorator.py
[2022-08-04 00:01:32,862] {logging_mixin.py:115} INFO - [2022-08-04 00:01:32,862] {dag.py:2420} INFO - Sync 1 DAGs
[2022-08-04 00:01:32,892] {logging_mixin.py:115} INFO - [2022-08-04 00:01:32,892] {dag.py:2972} INFO - Setting next_dagrun for example_dag_decorator to None, run_after=None
[2022-08-04 00:01:32,923] {processor.py:161} INFO - Processing /home/airflow/.local/lib/python3.7/site-packages/airflow/example_dags/example_dag_decorator.py took 0.214 seconds
[2022-08-04 00:02:03,359] {processor.py:153} INFO - Started process (PID=22561) to work on /home/airflow/.local/lib/python3.7/site-packages/airflow/example_dags/example_dag_decorator.py
[2022-08-04 00:02:03,362] {processor.py:641} INFO - Processing file /home/airflow/.local/lib/python3.7/site-packages/airflow/example_dags/example_dag_decorator.py for tasks to queue
[2022-08-04 00:02:03,363] {logging_mixin.py:115} INFO - [2022-08-04 00:02:03,363] {dagbag.py:508} INFO - Filling up the DagBag from /home/airflow/.local/lib/python3.7/site-packages/airflow/example_dags/example_dag_decorator.py
[2022-08-04 00:02:03,393] {processor.py:651} INFO - DAG(s) dict_keys(['example_dag_decorator']) retrieved from /home/airflow/.local/lib/python3.7/site-packages/airflow/example_dags/example_dag_decorator.py
[2022-08-04 00:02:03,468] {logging_mixin.py:115} INFO - [2022-08-04 00:02:03,468] {dag.py:2420} INFO - Sync 1 DAGs
[2022-08-04 00:02:03,489] {logging_mixin.py:115} INFO - [2022-08-04 00:02:03,489] {dag.py:2972} INFO - Setting next_dagrun for example_dag_decorator to None, run_after=None
[2022-08-04 00:02:03,507] {processor.py:161} INFO - Processing /home/airflow/.local/lib/python3.7/site-packages/airflow/example_dags/example_dag_decorator.py took 0.153 seconds
[2022-08-04 00:02:34,366] {processor.py:153} INFO - Started process (PID=22615) to work on /home/airflow/.local/lib/python3.7/site-packages/airflow/example_dags/example_dag_decorator.py
[2022-08-04 00:02:34,368] {processor.py:641} INFO - Processing file /home/airflow/.local/lib/python3.7/site-packages/airflow/example_dags/example_dag_decorator.py for tasks to queue
[2022-08-04 00:02:34,371] {logging_mixin.py:115} INFO - [2022-08-04 00:02:34,370] {dagbag.py:508} INFO - Filling up the DagBag from /home/airflow/.local/lib/python3.7/site-packages/airflow/example_dags/example_dag_decorator.py
[2022-08-04 00:02:34,403] {processor.py:651} INFO - DAG(s) dict_keys(['example_dag_decorator']) retrieved from /home/airflow/.local/lib/python3.7/site-packages/airflow/example_dags/example_dag_decorator.py
[2022-08-04 00:02:34,484] {logging_mixin.py:115} INFO - [2022-08-04 00:02:34,484] {dag.py:2420} INFO - Sync 1 DAGs
[2022-08-04 00:02:34,509] {logging_mixin.py:115} INFO - [2022-08-04 00:02:34,509] {dag.py:2972} INFO - Setting next_dagrun for example_dag_decorator to None, run_after=None
[2022-08-04 00:02:34,526] {processor.py:161} INFO - Processing /home/airflow/.local/lib/python3.7/site-packages/airflow/example_dags/example_dag_decorator.py took 0.169 seconds
[2022-08-04 00:03:05,018] {processor.py:153} INFO - Started process (PID=22679) to work on /home/airflow/.local/lib/python3.7/site-packages/airflow/example_dags/example_dag_decorator.py
[2022-08-04 00:03:05,020] {processor.py:641} INFO - Processing file /home/airflow/.local/lib/python3.7/site-packages/airflow/example_dags/example_dag_decorator.py for tasks to queue
[2022-08-04 00:03:05,022] {logging_mixin.py:115} INFO - [2022-08-04 00:03:05,022] {dagbag.py:508} INFO - Filling up the DagBag from /home/airflow/.local/lib/python3.7/site-packages/airflow/example_dags/example_dag_decorator.py
[2022-08-04 00:03:05,061] {processor.py:651} INFO - DAG(s) dict_keys(['example_dag_decorator']) retrieved from /home/airflow/.local/lib/python3.7/site-packages/airflow/example_dags/example_dag_decorator.py
[2022-08-04 00:03:05,157] {logging_mixin.py:115} INFO - [2022-08-04 00:03:05,157] {dag.py:2420} INFO - Sync 1 DAGs
[2022-08-04 00:03:05,182] {logging_mixin.py:115} INFO - [2022-08-04 00:03:05,181] {dag.py:2972} INFO - Setting next_dagrun for example_dag_decorator to None, run_after=None
[2022-08-04 00:03:05,201] {processor.py:161} INFO - Processing /home/airflow/.local/lib/python3.7/site-packages/airflow/example_dags/example_dag_decorator.py took 0.187 seconds
[2022-08-04 00:03:35,853] {processor.py:153} INFO - Started process (PID=22733) to work on /home/airflow/.local/lib/python3.7/site-packages/airflow/example_dags/example_dag_decorator.py
[2022-08-04 00:03:35,856] {processor.py:641} INFO - Processing file /home/airflow/.local/lib/python3.7/site-packages/airflow/example_dags/example_dag_decorator.py for tasks to queue
[2022-08-04 00:03:35,857] {logging_mixin.py:115} INFO - [2022-08-04 00:03:35,857] {dagbag.py:508} INFO - Filling up the DagBag from /home/airflow/.local/lib/python3.7/site-packages/airflow/example_dags/example_dag_decorator.py
[2022-08-04 00:03:35,888] {processor.py:651} INFO - DAG(s) dict_keys(['example_dag_decorator']) retrieved from /home/airflow/.local/lib/python3.7/site-packages/airflow/example_dags/example_dag_decorator.py
[2022-08-04 00:03:35,980] {logging_mixin.py:115} INFO - [2022-08-04 00:03:35,980] {dag.py:2420} INFO - Sync 1 DAGs
[2022-08-04 00:03:36,001] {logging_mixin.py:115} INFO - [2022-08-04 00:03:36,001] {dag.py:2972} INFO - Setting next_dagrun for example_dag_decorator to None, run_after=None
[2022-08-04 00:03:36,021] {processor.py:161} INFO - Processing /home/airflow/.local/lib/python3.7/site-packages/airflow/example_dags/example_dag_decorator.py took 0.173 seconds
[2022-08-04 00:04:06,919] {processor.py:153} INFO - Started process (PID=22796) to work on /home/airflow/.local/lib/python3.7/site-packages/airflow/example_dags/example_dag_decorator.py
[2022-08-04 00:04:06,934] {processor.py:641} INFO - Processing file /home/airflow/.local/lib/python3.7/site-packages/airflow/example_dags/example_dag_decorator.py for tasks to queue
[2022-08-04 00:04:07,019] {logging_mixin.py:115} INFO - [2022-08-04 00:04:07,018] {dagbag.py:508} INFO - Filling up the DagBag from /home/airflow/.local/lib/python3.7/site-packages/airflow/example_dags/example_dag_decorator.py
[2022-08-04 00:04:07,103] {processor.py:651} INFO - DAG(s) dict_keys(['example_dag_decorator']) retrieved from /home/airflow/.local/lib/python3.7/site-packages/airflow/example_dags/example_dag_decorator.py
[2022-08-04 00:04:07,175] {logging_mixin.py:115} INFO - [2022-08-04 00:04:07,175] {dag.py:2420} INFO - Sync 1 DAGs
[2022-08-04 00:04:07,212] {logging_mixin.py:115} INFO - [2022-08-04 00:04:07,212] {dag.py:2972} INFO - Setting next_dagrun for example_dag_decorator to None, run_after=None
[2022-08-04 00:04:07,233] {processor.py:161} INFO - Processing /home/airflow/.local/lib/python3.7/site-packages/airflow/example_dags/example_dag_decorator.py took 0.325 seconds
[2022-08-04 00:04:38,052] {processor.py:153} INFO - Started process (PID=22849) to work on /home/airflow/.local/lib/python3.7/site-packages/airflow/example_dags/example_dag_decorator.py
[2022-08-04 00:04:38,055] {processor.py:641} INFO - Processing file /home/airflow/.local/lib/python3.7/site-packages/airflow/example_dags/example_dag_decorator.py for tasks to queue
[2022-08-04 00:04:38,057] {logging_mixin.py:115} INFO - [2022-08-04 00:04:38,057] {dagbag.py:508} INFO - Filling up the DagBag from /home/airflow/.local/lib/python3.7/site-packages/airflow/example_dags/example_dag_decorator.py
[2022-08-04 00:04:38,094] {processor.py:651} INFO - DAG(s) dict_keys(['example_dag_decorator']) retrieved from /home/airflow/.local/lib/python3.7/site-packages/airflow/example_dags/example_dag_decorator.py
[2022-08-04 00:04:38,178] {logging_mixin.py:115} INFO - [2022-08-04 00:04:38,178] {dag.py:2420} INFO - Sync 1 DAGs
[2022-08-04 00:04:38,204] {logging_mixin.py:115} INFO - [2022-08-04 00:04:38,204] {dag.py:2972} INFO - Setting next_dagrun for example_dag_decorator to None, run_after=None
[2022-08-04 00:04:38,221] {processor.py:161} INFO - Processing /home/airflow/.local/lib/python3.7/site-packages/airflow/example_dags/example_dag_decorator.py took 0.175 seconds
[2022-08-04 00:05:08,617] {processor.py:153} INFO - Started process (PID=22912) to work on /home/airflow/.local/lib/python3.7/site-packages/airflow/example_dags/example_dag_decorator.py
[2022-08-04 00:05:08,623] {processor.py:641} INFO - Processing file /home/airflow/.local/lib/python3.7/site-packages/airflow/example_dags/example_dag_decorator.py for tasks to queue
[2022-08-04 00:05:08,627] {logging_mixin.py:115} INFO - [2022-08-04 00:05:08,627] {dagbag.py:508} INFO - Filling up the DagBag from /home/airflow/.local/lib/python3.7/site-packages/airflow/example_dags/example_dag_decorator.py
[2022-08-04 00:05:08,664] {processor.py:651} INFO - DAG(s) dict_keys(['example_dag_decorator']) retrieved from /home/airflow/.local/lib/python3.7/site-packages/airflow/example_dags/example_dag_decorator.py
[2022-08-04 00:05:08,720] {logging_mixin.py:115} INFO - [2022-08-04 00:05:08,719] {dag.py:2420} INFO - Sync 1 DAGs
[2022-08-04 00:05:08,790] {logging_mixin.py:115} INFO - [2022-08-04 00:05:08,790] {dag.py:2972} INFO - Setting next_dagrun for example_dag_decorator to None, run_after=None
[2022-08-04 00:05:08,813] {processor.py:161} INFO - Processing /home/airflow/.local/lib/python3.7/site-packages/airflow/example_dags/example_dag_decorator.py took 0.200 seconds
[2022-08-04 00:05:39,399] {processor.py:153} INFO - Started process (PID=22967) to work on /home/airflow/.local/lib/python3.7/site-packages/airflow/example_dags/example_dag_decorator.py
[2022-08-04 00:05:39,408] {processor.py:641} INFO - Processing file /home/airflow/.local/lib/python3.7/site-packages/airflow/example_dags/example_dag_decorator.py for tasks to queue
[2022-08-04 00:05:39,418] {logging_mixin.py:115} INFO - [2022-08-04 00:05:39,418] {dagbag.py:508} INFO - Filling up the DagBag from /home/airflow/.local/lib/python3.7/site-packages/airflow/example_dags/example_dag_decorator.py
[2022-08-04 00:05:39,490] {processor.py:651} INFO - DAG(s) dict_keys(['example_dag_decorator']) retrieved from /home/airflow/.local/lib/python3.7/site-packages/airflow/example_dags/example_dag_decorator.py
[2022-08-04 00:05:39,588] {logging_mixin.py:115} INFO - [2022-08-04 00:05:39,588] {dag.py:2420} INFO - Sync 1 DAGs
[2022-08-04 00:05:39,641] {logging_mixin.py:115} INFO - [2022-08-04 00:05:39,641] {dag.py:2972} INFO - Setting next_dagrun for example_dag_decorator to None, run_after=None
[2022-08-04 00:05:39,661] {processor.py:161} INFO - Processing /home/airflow/.local/lib/python3.7/site-packages/airflow/example_dags/example_dag_decorator.py took 0.269 seconds
[2022-08-04 00:06:09,819] {processor.py:153} INFO - Started process (PID=23029) to work on /home/airflow/.local/lib/python3.7/site-packages/airflow/example_dags/example_dag_decorator.py
[2022-08-04 00:06:09,833] {processor.py:641} INFO - Processing file /home/airflow/.local/lib/python3.7/site-packages/airflow/example_dags/example_dag_decorator.py for tasks to queue
[2022-08-04 00:06:09,853] {logging_mixin.py:115} INFO - [2022-08-04 00:06:09,851] {dagbag.py:508} INFO - Filling up the DagBag from /home/airflow/.local/lib/python3.7/site-packages/airflow/example_dags/example_dag_decorator.py
[2022-08-04 00:06:09,977] {processor.py:651} INFO - DAG(s) dict_keys(['example_dag_decorator']) retrieved from /home/airflow/.local/lib/python3.7/site-packages/airflow/example_dags/example_dag_decorator.py
[2022-08-04 00:06:10,168] {logging_mixin.py:115} INFO - [2022-08-04 00:06:10,168] {dag.py:2420} INFO - Sync 1 DAGs
[2022-08-04 00:06:10,229] {logging_mixin.py:115} INFO - [2022-08-04 00:06:10,228] {dag.py:2972} INFO - Setting next_dagrun for example_dag_decorator to None, run_after=None
[2022-08-04 00:06:10,301] {processor.py:161} INFO - Processing /home/airflow/.local/lib/python3.7/site-packages/airflow/example_dags/example_dag_decorator.py took 0.496 seconds
[2022-08-04 00:06:40,537] {processor.py:153} INFO - Started process (PID=23083) to work on /home/airflow/.local/lib/python3.7/site-packages/airflow/example_dags/example_dag_decorator.py
[2022-08-04 00:06:40,540] {processor.py:641} INFO - Processing file /home/airflow/.local/lib/python3.7/site-packages/airflow/example_dags/example_dag_decorator.py for tasks to queue
[2022-08-04 00:06:40,541] {logging_mixin.py:115} INFO - [2022-08-04 00:06:40,541] {dagbag.py:508} INFO - Filling up the DagBag from /home/airflow/.local/lib/python3.7/site-packages/airflow/example_dags/example_dag_decorator.py
[2022-08-04 00:06:40,575] {processor.py:651} INFO - DAG(s) dict_keys(['example_dag_decorator']) retrieved from /home/airflow/.local/lib/python3.7/site-packages/airflow/example_dags/example_dag_decorator.py
[2022-08-04 00:06:40,608] {logging_mixin.py:115} INFO - [2022-08-04 00:06:40,607] {dag.py:2420} INFO - Sync 1 DAGs
[2022-08-04 00:06:40,634] {logging_mixin.py:115} INFO - [2022-08-04 00:06:40,633] {dag.py:2972} INFO - Setting next_dagrun for example_dag_decorator to None, run_after=None
[2022-08-04 00:06:40,651] {processor.py:161} INFO - Processing /home/airflow/.local/lib/python3.7/site-packages/airflow/example_dags/example_dag_decorator.py took 0.118 seconds
[2022-08-04 00:07:11,375] {processor.py:153} INFO - Started process (PID=23147) to work on /home/airflow/.local/lib/python3.7/site-packages/airflow/example_dags/example_dag_decorator.py
[2022-08-04 00:07:11,385] {processor.py:641} INFO - Processing file /home/airflow/.local/lib/python3.7/site-packages/airflow/example_dags/example_dag_decorator.py for tasks to queue
[2022-08-04 00:07:11,392] {logging_mixin.py:115} INFO - [2022-08-04 00:07:11,392] {dagbag.py:508} INFO - Filling up the DagBag from /home/airflow/.local/lib/python3.7/site-packages/airflow/example_dags/example_dag_decorator.py
[2022-08-04 00:07:11,458] {processor.py:651} INFO - DAG(s) dict_keys(['example_dag_decorator']) retrieved from /home/airflow/.local/lib/python3.7/site-packages/airflow/example_dags/example_dag_decorator.py
[2022-08-04 00:07:11,550] {logging_mixin.py:115} INFO - [2022-08-04 00:07:11,550] {dag.py:2420} INFO - Sync 1 DAGs
[2022-08-04 00:07:11,612] {logging_mixin.py:115} INFO - [2022-08-04 00:07:11,611] {dag.py:2972} INFO - Setting next_dagrun for example_dag_decorator to None, run_after=None
[2022-08-04 00:07:11,788] {processor.py:161} INFO - Processing /home/airflow/.local/lib/python3.7/site-packages/airflow/example_dags/example_dag_decorator.py took 0.420 seconds
[2022-08-04 00:07:42,042] {processor.py:153} INFO - Started process (PID=23199) to work on /home/airflow/.local/lib/python3.7/site-packages/airflow/example_dags/example_dag_decorator.py
[2022-08-04 00:07:42,046] {processor.py:641} INFO - Processing file /home/airflow/.local/lib/python3.7/site-packages/airflow/example_dags/example_dag_decorator.py for tasks to queue
[2022-08-04 00:07:42,049] {logging_mixin.py:115} INFO - [2022-08-04 00:07:42,049] {dagbag.py:508} INFO - Filling up the DagBag from /home/airflow/.local/lib/python3.7/site-packages/airflow/example_dags/example_dag_decorator.py
[2022-08-04 00:07:42,089] {processor.py:651} INFO - DAG(s) dict_keys(['example_dag_decorator']) retrieved from /home/airflow/.local/lib/python3.7/site-packages/airflow/example_dags/example_dag_decorator.py
[2022-08-04 00:07:42,176] {logging_mixin.py:115} INFO - [2022-08-04 00:07:42,176] {dag.py:2420} INFO - Sync 1 DAGs
[2022-08-04 00:07:42,198] {logging_mixin.py:115} INFO - [2022-08-04 00:07:42,198] {dag.py:2972} INFO - Setting next_dagrun for example_dag_decorator to None, run_after=None
[2022-08-04 00:07:42,215] {processor.py:161} INFO - Processing /home/airflow/.local/lib/python3.7/site-packages/airflow/example_dags/example_dag_decorator.py took 0.180 seconds
[2022-08-04 00:08:12,935] {processor.py:153} INFO - Started process (PID=23263) to work on /home/airflow/.local/lib/python3.7/site-packages/airflow/example_dags/example_dag_decorator.py
[2022-08-04 00:08:12,951] {processor.py:641} INFO - Processing file /home/airflow/.local/lib/python3.7/site-packages/airflow/example_dags/example_dag_decorator.py for tasks to queue
[2022-08-04 00:08:12,974] {logging_mixin.py:115} INFO - [2022-08-04 00:08:12,974] {dagbag.py:508} INFO - Filling up the DagBag from /home/airflow/.local/lib/python3.7/site-packages/airflow/example_dags/example_dag_decorator.py
[2022-08-04 00:08:13,085] {processor.py:651} INFO - DAG(s) dict_keys(['example_dag_decorator']) retrieved from /home/airflow/.local/lib/python3.7/site-packages/airflow/example_dags/example_dag_decorator.py
[2022-08-04 00:08:13,203] {logging_mixin.py:115} INFO - [2022-08-04 00:08:13,202] {dag.py:2420} INFO - Sync 1 DAGs
[2022-08-04 00:08:13,290] {logging_mixin.py:115} INFO - [2022-08-04 00:08:13,289] {dag.py:2972} INFO - Setting next_dagrun for example_dag_decorator to None, run_after=None
[2022-08-04 00:08:13,324] {processor.py:161} INFO - Processing /home/airflow/.local/lib/python3.7/site-packages/airflow/example_dags/example_dag_decorator.py took 0.401 seconds
[2022-08-04 00:08:44,124] {processor.py:153} INFO - Started process (PID=23323) to work on /home/airflow/.local/lib/python3.7/site-packages/airflow/example_dags/example_dag_decorator.py
[2022-08-04 00:08:44,127] {processor.py:641} INFO - Processing file /home/airflow/.local/lib/python3.7/site-packages/airflow/example_dags/example_dag_decorator.py for tasks to queue
[2022-08-04 00:08:44,128] {logging_mixin.py:115} INFO - [2022-08-04 00:08:44,128] {dagbag.py:508} INFO - Filling up the DagBag from /home/airflow/.local/lib/python3.7/site-packages/airflow/example_dags/example_dag_decorator.py
[2022-08-04 00:08:44,165] {processor.py:651} INFO - DAG(s) dict_keys(['example_dag_decorator']) retrieved from /home/airflow/.local/lib/python3.7/site-packages/airflow/example_dags/example_dag_decorator.py
[2022-08-04 00:08:44,274] {logging_mixin.py:115} INFO - [2022-08-04 00:08:44,274] {dag.py:2420} INFO - Sync 1 DAGs
[2022-08-04 00:08:44,319] {logging_mixin.py:115} INFO - [2022-08-04 00:08:44,319] {dag.py:2972} INFO - Setting next_dagrun for example_dag_decorator to None, run_after=None
[2022-08-04 00:08:44,340] {processor.py:161} INFO - Processing /home/airflow/.local/lib/python3.7/site-packages/airflow/example_dags/example_dag_decorator.py took 0.220 seconds
[2022-08-04 00:09:14,487] {processor.py:153} INFO - Started process (PID=23381) to work on /home/airflow/.local/lib/python3.7/site-packages/airflow/example_dags/example_dag_decorator.py
[2022-08-04 00:09:14,503] {processor.py:641} INFO - Processing file /home/airflow/.local/lib/python3.7/site-packages/airflow/example_dags/example_dag_decorator.py for tasks to queue
[2022-08-04 00:09:14,515] {logging_mixin.py:115} INFO - [2022-08-04 00:09:14,513] {dagbag.py:508} INFO - Filling up the DagBag from /home/airflow/.local/lib/python3.7/site-packages/airflow/example_dags/example_dag_decorator.py
[2022-08-04 00:09:14,696] {processor.py:651} INFO - DAG(s) dict_keys(['example_dag_decorator']) retrieved from /home/airflow/.local/lib/python3.7/site-packages/airflow/example_dags/example_dag_decorator.py
[2022-08-04 00:09:14,947] {logging_mixin.py:115} INFO - [2022-08-04 00:09:14,947] {dag.py:2420} INFO - Sync 1 DAGs
[2022-08-04 00:09:15,010] {logging_mixin.py:115} INFO - [2022-08-04 00:09:15,010] {dag.py:2972} INFO - Setting next_dagrun for example_dag_decorator to None, run_after=None
[2022-08-04 00:09:15,057] {processor.py:161} INFO - Processing /home/airflow/.local/lib/python3.7/site-packages/airflow/example_dags/example_dag_decorator.py took 0.583 seconds
[2022-08-04 00:09:45,419] {processor.py:153} INFO - Started process (PID=23445) to work on /home/airflow/.local/lib/python3.7/site-packages/airflow/example_dags/example_dag_decorator.py
[2022-08-04 00:09:45,425] {processor.py:641} INFO - Processing file /home/airflow/.local/lib/python3.7/site-packages/airflow/example_dags/example_dag_decorator.py for tasks to queue
[2022-08-04 00:09:45,434] {logging_mixin.py:115} INFO - [2022-08-04 00:09:45,434] {dagbag.py:508} INFO - Filling up the DagBag from /home/airflow/.local/lib/python3.7/site-packages/airflow/example_dags/example_dag_decorator.py
[2022-08-04 00:09:45,527] {processor.py:651} INFO - DAG(s) dict_keys(['example_dag_decorator']) retrieved from /home/airflow/.local/lib/python3.7/site-packages/airflow/example_dags/example_dag_decorator.py
[2022-08-04 00:09:45,626] {logging_mixin.py:115} INFO - [2022-08-04 00:09:45,626] {dag.py:2420} INFO - Sync 1 DAGs
[2022-08-04 00:09:45,655] {logging_mixin.py:115} INFO - [2022-08-04 00:09:45,655] {dag.py:2972} INFO - Setting next_dagrun for example_dag_decorator to None, run_after=None
[2022-08-04 00:09:45,672] {processor.py:161} INFO - Processing /home/airflow/.local/lib/python3.7/site-packages/airflow/example_dags/example_dag_decorator.py took 0.262 seconds
[2022-08-04 00:10:16,010] {processor.py:153} INFO - Started process (PID=23490) to work on /home/airflow/.local/lib/python3.7/site-packages/airflow/example_dags/example_dag_decorator.py
[2022-08-04 00:10:16,015] {processor.py:641} INFO - Processing file /home/airflow/.local/lib/python3.7/site-packages/airflow/example_dags/example_dag_decorator.py for tasks to queue
[2022-08-04 00:10:16,023] {logging_mixin.py:115} INFO - [2022-08-04 00:10:16,023] {dagbag.py:508} INFO - Filling up the DagBag from /home/airflow/.local/lib/python3.7/site-packages/airflow/example_dags/example_dag_decorator.py
[2022-08-04 00:10:16,094] {processor.py:651} INFO - DAG(s) dict_keys(['example_dag_decorator']) retrieved from /home/airflow/.local/lib/python3.7/site-packages/airflow/example_dags/example_dag_decorator.py
[2022-08-04 00:10:16,256] {logging_mixin.py:115} INFO - [2022-08-04 00:10:16,255] {dag.py:2420} INFO - Sync 1 DAGs
[2022-08-04 00:10:16,298] {logging_mixin.py:115} INFO - [2022-08-04 00:10:16,298] {dag.py:2972} INFO - Setting next_dagrun for example_dag_decorator to None, run_after=None
[2022-08-04 00:10:16,321] {processor.py:161} INFO - Processing /home/airflow/.local/lib/python3.7/site-packages/airflow/example_dags/example_dag_decorator.py took 0.320 seconds
[2022-08-04 00:11:04,433] {processor.py:153} INFO - Started process (PID=23522) to work on /home/airflow/.local/lib/python3.7/site-packages/airflow/example_dags/example_dag_decorator.py
[2022-08-04 00:11:04,439] {processor.py:641} INFO - Processing file /home/airflow/.local/lib/python3.7/site-packages/airflow/example_dags/example_dag_decorator.py for tasks to queue
[2022-08-04 00:11:04,448] {logging_mixin.py:115} INFO - [2022-08-04 00:11:04,448] {dagbag.py:508} INFO - Filling up the DagBag from /home/airflow/.local/lib/python3.7/site-packages/airflow/example_dags/example_dag_decorator.py
[2022-08-04 00:11:04,502] {processor.py:651} INFO - DAG(s) dict_keys(['example_dag_decorator']) retrieved from /home/airflow/.local/lib/python3.7/site-packages/airflow/example_dags/example_dag_decorator.py
[2022-08-04 00:11:04,656] {logging_mixin.py:115} INFO - [2022-08-04 00:11:04,656] {dag.py:2420} INFO - Sync 1 DAGs
[2022-08-04 00:11:04,698] {logging_mixin.py:115} INFO - [2022-08-04 00:11:04,698] {dag.py:2972} INFO - Setting next_dagrun for example_dag_decorator to None, run_after=None
[2022-08-04 00:11:04,727] {processor.py:161} INFO - Processing /home/airflow/.local/lib/python3.7/site-packages/airflow/example_dags/example_dag_decorator.py took 0.301 seconds
[2022-08-04 00:11:36,502] {processor.py:153} INFO - Started process (PID=23585) to work on /home/airflow/.local/lib/python3.7/site-packages/airflow/example_dags/example_dag_decorator.py
[2022-08-04 00:11:36,537] {processor.py:641} INFO - Processing file /home/airflow/.local/lib/python3.7/site-packages/airflow/example_dags/example_dag_decorator.py for tasks to queue
[2022-08-04 00:11:36,561] {logging_mixin.py:115} INFO - [2022-08-04 00:11:36,561] {dagbag.py:508} INFO - Filling up the DagBag from /home/airflow/.local/lib/python3.7/site-packages/airflow/example_dags/example_dag_decorator.py
[2022-08-04 00:11:36,652] {processor.py:651} INFO - DAG(s) dict_keys(['example_dag_decorator']) retrieved from /home/airflow/.local/lib/python3.7/site-packages/airflow/example_dags/example_dag_decorator.py
[2022-08-04 00:11:36,784] {logging_mixin.py:115} INFO - [2022-08-04 00:11:36,784] {dag.py:2420} INFO - Sync 1 DAGs
[2022-08-04 00:11:36,852] {logging_mixin.py:115} INFO - [2022-08-04 00:11:36,852] {dag.py:2972} INFO - Setting next_dagrun for example_dag_decorator to None, run_after=None
[2022-08-04 00:11:36,888] {processor.py:161} INFO - Processing /home/airflow/.local/lib/python3.7/site-packages/airflow/example_dags/example_dag_decorator.py took 0.456 seconds
[2022-08-04 00:14:55,185] {processor.py:153} INFO - Started process (PID=23639) to work on /home/airflow/.local/lib/python3.7/site-packages/airflow/example_dags/example_dag_decorator.py
[2022-08-04 00:14:55,190] {processor.py:641} INFO - Processing file /home/airflow/.local/lib/python3.7/site-packages/airflow/example_dags/example_dag_decorator.py for tasks to queue
[2022-08-04 00:14:55,196] {logging_mixin.py:115} INFO - [2022-08-04 00:14:55,195] {dagbag.py:508} INFO - Filling up the DagBag from /home/airflow/.local/lib/python3.7/site-packages/airflow/example_dags/example_dag_decorator.py
[2022-08-04 00:14:55,263] {processor.py:651} INFO - DAG(s) dict_keys(['example_dag_decorator']) retrieved from /home/airflow/.local/lib/python3.7/site-packages/airflow/example_dags/example_dag_decorator.py
[2022-08-04 00:14:55,377] {logging_mixin.py:115} INFO - [2022-08-04 00:14:55,376] {dag.py:2420} INFO - Sync 1 DAGs
[2022-08-04 00:14:55,401] {logging_mixin.py:115} INFO - [2022-08-04 00:14:55,401] {dag.py:2972} INFO - Setting next_dagrun for example_dag_decorator to None, run_after=None
[2022-08-04 00:14:55,460] {processor.py:161} INFO - Processing /home/airflow/.local/lib/python3.7/site-packages/airflow/example_dags/example_dag_decorator.py took 0.286 seconds
[2022-08-04 00:15:32,350] {processor.py:153} INFO - Started process (PID=23703) to work on /home/airflow/.local/lib/python3.7/site-packages/airflow/example_dags/example_dag_decorator.py
[2022-08-04 00:15:32,364] {processor.py:641} INFO - Processing file /home/airflow/.local/lib/python3.7/site-packages/airflow/example_dags/example_dag_decorator.py for tasks to queue
[2022-08-04 00:15:32,382] {logging_mixin.py:115} INFO - [2022-08-04 00:15:32,381] {dagbag.py:508} INFO - Filling up the DagBag from /home/airflow/.local/lib/python3.7/site-packages/airflow/example_dags/example_dag_decorator.py
[2022-08-04 00:15:32,607] {processor.py:651} INFO - DAG(s) dict_keys(['example_dag_decorator']) retrieved from /home/airflow/.local/lib/python3.7/site-packages/airflow/example_dags/example_dag_decorator.py
[2022-08-04 00:15:32,837] {logging_mixin.py:115} INFO - [2022-08-04 00:15:32,837] {dag.py:2420} INFO - Sync 1 DAGs
[2022-08-04 00:15:32,911] {logging_mixin.py:115} INFO - [2022-08-04 00:15:32,909] {dag.py:2972} INFO - Setting next_dagrun for example_dag_decorator to None, run_after=None
[2022-08-04 00:15:32,994] {processor.py:161} INFO - Processing /home/airflow/.local/lib/python3.7/site-packages/airflow/example_dags/example_dag_decorator.py took 0.663 seconds
[2022-08-04 00:32:50,067] {processor.py:153} INFO - Started process (PID=23748) to work on /home/airflow/.local/lib/python3.7/site-packages/airflow/example_dags/example_dag_decorator.py
[2022-08-04 00:32:50,080] {processor.py:641} INFO - Processing file /home/airflow/.local/lib/python3.7/site-packages/airflow/example_dags/example_dag_decorator.py for tasks to queue
[2022-08-04 00:32:50,090] {logging_mixin.py:115} INFO - [2022-08-04 00:32:50,089] {dagbag.py:508} INFO - Filling up the DagBag from /home/airflow/.local/lib/python3.7/site-packages/airflow/example_dags/example_dag_decorator.py
[2022-08-04 00:32:50,210] {processor.py:651} INFO - DAG(s) dict_keys(['example_dag_decorator']) retrieved from /home/airflow/.local/lib/python3.7/site-packages/airflow/example_dags/example_dag_decorator.py
[2022-08-04 00:32:50,447] {logging_mixin.py:115} INFO - [2022-08-04 00:32:50,447] {dag.py:2420} INFO - Sync 1 DAGs
[2022-08-04 00:32:50,533] {logging_mixin.py:115} INFO - [2022-08-04 00:32:50,533] {dag.py:2972} INFO - Setting next_dagrun for example_dag_decorator to None, run_after=None
[2022-08-04 00:32:50,653] {processor.py:161} INFO - Processing /home/airflow/.local/lib/python3.7/site-packages/airflow/example_dags/example_dag_decorator.py took 0.594 seconds
[2022-08-04 00:33:21,611] {processor.py:153} INFO - Started process (PID=23804) to work on /home/airflow/.local/lib/python3.7/site-packages/airflow/example_dags/example_dag_decorator.py
[2022-08-04 00:33:21,615] {processor.py:641} INFO - Processing file /home/airflow/.local/lib/python3.7/site-packages/airflow/example_dags/example_dag_decorator.py for tasks to queue
[2022-08-04 00:33:21,621] {logging_mixin.py:115} INFO - [2022-08-04 00:33:21,619] {dagbag.py:508} INFO - Filling up the DagBag from /home/airflow/.local/lib/python3.7/site-packages/airflow/example_dags/example_dag_decorator.py
[2022-08-04 00:33:21,682] {processor.py:651} INFO - DAG(s) dict_keys(['example_dag_decorator']) retrieved from /home/airflow/.local/lib/python3.7/site-packages/airflow/example_dags/example_dag_decorator.py
[2022-08-04 00:33:21,799] {logging_mixin.py:115} INFO - [2022-08-04 00:33:21,799] {dag.py:2420} INFO - Sync 1 DAGs
[2022-08-04 00:33:21,848] {logging_mixin.py:115} INFO - [2022-08-04 00:33:21,848] {dag.py:2972} INFO - Setting next_dagrun for example_dag_decorator to None, run_after=None
[2022-08-04 00:33:21,889] {processor.py:161} INFO - Processing /home/airflow/.local/lib/python3.7/site-packages/airflow/example_dags/example_dag_decorator.py took 0.283 seconds
[2022-08-04 00:33:52,670] {processor.py:153} INFO - Started process (PID=23867) to work on /home/airflow/.local/lib/python3.7/site-packages/airflow/example_dags/example_dag_decorator.py
[2022-08-04 00:33:52,674] {processor.py:641} INFO - Processing file /home/airflow/.local/lib/python3.7/site-packages/airflow/example_dags/example_dag_decorator.py for tasks to queue
[2022-08-04 00:33:52,679] {logging_mixin.py:115} INFO - [2022-08-04 00:33:52,679] {dagbag.py:508} INFO - Filling up the DagBag from /home/airflow/.local/lib/python3.7/site-packages/airflow/example_dags/example_dag_decorator.py
[2022-08-04 00:33:52,723] {processor.py:651} INFO - DAG(s) dict_keys(['example_dag_decorator']) retrieved from /home/airflow/.local/lib/python3.7/site-packages/airflow/example_dags/example_dag_decorator.py
[2022-08-04 00:33:52,837] {logging_mixin.py:115} INFO - [2022-08-04 00:33:52,837] {dag.py:2420} INFO - Sync 1 DAGs
[2022-08-04 00:33:52,871] {logging_mixin.py:115} INFO - [2022-08-04 00:33:52,870] {dag.py:2972} INFO - Setting next_dagrun for example_dag_decorator to None, run_after=None
[2022-08-04 00:33:52,900] {processor.py:161} INFO - Processing /home/airflow/.local/lib/python3.7/site-packages/airflow/example_dags/example_dag_decorator.py took 0.236 seconds
[2022-08-04 00:34:24,036] {processor.py:153} INFO - Started process (PID=23929) to work on /home/airflow/.local/lib/python3.7/site-packages/airflow/example_dags/example_dag_decorator.py
[2022-08-04 00:34:24,042] {processor.py:641} INFO - Processing file /home/airflow/.local/lib/python3.7/site-packages/airflow/example_dags/example_dag_decorator.py for tasks to queue
[2022-08-04 00:34:24,048] {logging_mixin.py:115} INFO - [2022-08-04 00:34:24,048] {dagbag.py:508} INFO - Filling up the DagBag from /home/airflow/.local/lib/python3.7/site-packages/airflow/example_dags/example_dag_decorator.py
[2022-08-04 00:34:24,087] {processor.py:651} INFO - DAG(s) dict_keys(['example_dag_decorator']) retrieved from /home/airflow/.local/lib/python3.7/site-packages/airflow/example_dags/example_dag_decorator.py
[2022-08-04 00:34:24,191] {logging_mixin.py:115} INFO - [2022-08-04 00:34:24,191] {dag.py:2420} INFO - Sync 1 DAGs
[2022-08-04 00:34:24,226] {logging_mixin.py:115} INFO - [2022-08-04 00:34:24,226] {dag.py:2972} INFO - Setting next_dagrun for example_dag_decorator to None, run_after=None
[2022-08-04 00:34:24,251] {processor.py:161} INFO - Processing /home/airflow/.local/lib/python3.7/site-packages/airflow/example_dags/example_dag_decorator.py took 0.221 seconds
[2022-08-04 00:34:55,025] {processor.py:153} INFO - Started process (PID=23984) to work on /home/airflow/.local/lib/python3.7/site-packages/airflow/example_dags/example_dag_decorator.py
[2022-08-04 00:34:55,029] {processor.py:641} INFO - Processing file /home/airflow/.local/lib/python3.7/site-packages/airflow/example_dags/example_dag_decorator.py for tasks to queue
[2022-08-04 00:34:55,031] {logging_mixin.py:115} INFO - [2022-08-04 00:34:55,031] {dagbag.py:508} INFO - Filling up the DagBag from /home/airflow/.local/lib/python3.7/site-packages/airflow/example_dags/example_dag_decorator.py
[2022-08-04 00:34:55,065] {processor.py:651} INFO - DAG(s) dict_keys(['example_dag_decorator']) retrieved from /home/airflow/.local/lib/python3.7/site-packages/airflow/example_dags/example_dag_decorator.py
[2022-08-04 00:34:55,196] {logging_mixin.py:115} INFO - [2022-08-04 00:34:55,196] {dag.py:2420} INFO - Sync 1 DAGs
[2022-08-04 00:34:55,256] {logging_mixin.py:115} INFO - [2022-08-04 00:34:55,256] {dag.py:2972} INFO - Setting next_dagrun for example_dag_decorator to None, run_after=None
[2022-08-04 00:34:55,301] {processor.py:161} INFO - Processing /home/airflow/.local/lib/python3.7/site-packages/airflow/example_dags/example_dag_decorator.py took 0.281 seconds
[2022-08-04 00:35:25,423] {processor.py:153} INFO - Started process (PID=24037) to work on /home/airflow/.local/lib/python3.7/site-packages/airflow/example_dags/example_dag_decorator.py
[2022-08-04 00:35:25,430] {processor.py:641} INFO - Processing file /home/airflow/.local/lib/python3.7/site-packages/airflow/example_dags/example_dag_decorator.py for tasks to queue
[2022-08-04 00:35:25,436] {logging_mixin.py:115} INFO - [2022-08-04 00:35:25,436] {dagbag.py:508} INFO - Filling up the DagBag from /home/airflow/.local/lib/python3.7/site-packages/airflow/example_dags/example_dag_decorator.py
[2022-08-04 00:35:25,494] {processor.py:651} INFO - DAG(s) dict_keys(['example_dag_decorator']) retrieved from /home/airflow/.local/lib/python3.7/site-packages/airflow/example_dags/example_dag_decorator.py
[2022-08-04 00:35:25,593] {logging_mixin.py:115} INFO - [2022-08-04 00:35:25,593] {dag.py:2420} INFO - Sync 1 DAGs
[2022-08-04 00:35:25,620] {logging_mixin.py:115} INFO - [2022-08-04 00:35:25,620] {dag.py:2972} INFO - Setting next_dagrun for example_dag_decorator to None, run_after=None
[2022-08-04 00:35:25,646] {processor.py:161} INFO - Processing /home/airflow/.local/lib/python3.7/site-packages/airflow/example_dags/example_dag_decorator.py took 0.229 seconds
[2022-08-04 00:35:56,520] {processor.py:153} INFO - Started process (PID=24099) to work on /home/airflow/.local/lib/python3.7/site-packages/airflow/example_dags/example_dag_decorator.py
[2022-08-04 00:35:56,529] {processor.py:641} INFO - Processing file /home/airflow/.local/lib/python3.7/site-packages/airflow/example_dags/example_dag_decorator.py for tasks to queue
[2022-08-04 00:35:56,538] {logging_mixin.py:115} INFO - [2022-08-04 00:35:56,538] {dagbag.py:508} INFO - Filling up the DagBag from /home/airflow/.local/lib/python3.7/site-packages/airflow/example_dags/example_dag_decorator.py
[2022-08-04 00:35:56,598] {processor.py:651} INFO - DAG(s) dict_keys(['example_dag_decorator']) retrieved from /home/airflow/.local/lib/python3.7/site-packages/airflow/example_dags/example_dag_decorator.py
[2022-08-04 00:35:56,836] {logging_mixin.py:115} INFO - [2022-08-04 00:35:56,836] {dag.py:2420} INFO - Sync 1 DAGs
[2022-08-04 00:35:56,888] {logging_mixin.py:115} INFO - [2022-08-04 00:35:56,887] {dag.py:2972} INFO - Setting next_dagrun for example_dag_decorator to None, run_after=None
[2022-08-04 00:35:56,936] {processor.py:161} INFO - Processing /home/airflow/.local/lib/python3.7/site-packages/airflow/example_dags/example_dag_decorator.py took 0.428 seconds
[2022-08-04 00:36:27,056] {processor.py:153} INFO - Started process (PID=24154) to work on /home/airflow/.local/lib/python3.7/site-packages/airflow/example_dags/example_dag_decorator.py
[2022-08-04 00:36:27,061] {processor.py:641} INFO - Processing file /home/airflow/.local/lib/python3.7/site-packages/airflow/example_dags/example_dag_decorator.py for tasks to queue
[2022-08-04 00:36:27,068] {logging_mixin.py:115} INFO - [2022-08-04 00:36:27,068] {dagbag.py:508} INFO - Filling up the DagBag from /home/airflow/.local/lib/python3.7/site-packages/airflow/example_dags/example_dag_decorator.py
[2022-08-04 00:36:27,109] {processor.py:651} INFO - DAG(s) dict_keys(['example_dag_decorator']) retrieved from /home/airflow/.local/lib/python3.7/site-packages/airflow/example_dags/example_dag_decorator.py
[2022-08-04 00:36:27,168] {logging_mixin.py:115} INFO - [2022-08-04 00:36:27,168] {dag.py:2420} INFO - Sync 1 DAGs
[2022-08-04 00:36:27,206] {logging_mixin.py:115} INFO - [2022-08-04 00:36:27,206] {dag.py:2972} INFO - Setting next_dagrun for example_dag_decorator to None, run_after=None
[2022-08-04 00:36:27,229] {processor.py:161} INFO - Processing /home/airflow/.local/lib/python3.7/site-packages/airflow/example_dags/example_dag_decorator.py took 0.177 seconds
[2022-08-04 00:36:57,464] {processor.py:153} INFO - Started process (PID=24216) to work on /home/airflow/.local/lib/python3.7/site-packages/airflow/example_dags/example_dag_decorator.py
[2022-08-04 00:36:57,472] {processor.py:641} INFO - Processing file /home/airflow/.local/lib/python3.7/site-packages/airflow/example_dags/example_dag_decorator.py for tasks to queue
[2022-08-04 00:36:57,478] {logging_mixin.py:115} INFO - [2022-08-04 00:36:57,478] {dagbag.py:508} INFO - Filling up the DagBag from /home/airflow/.local/lib/python3.7/site-packages/airflow/example_dags/example_dag_decorator.py
[2022-08-04 00:36:57,520] {processor.py:651} INFO - DAG(s) dict_keys(['example_dag_decorator']) retrieved from /home/airflow/.local/lib/python3.7/site-packages/airflow/example_dags/example_dag_decorator.py
[2022-08-04 00:36:57,587] {logging_mixin.py:115} INFO - [2022-08-04 00:36:57,587] {dag.py:2420} INFO - Sync 1 DAGs
[2022-08-04 00:36:57,627] {logging_mixin.py:115} INFO - [2022-08-04 00:36:57,627] {dag.py:2972} INFO - Setting next_dagrun for example_dag_decorator to None, run_after=None
[2022-08-04 00:36:57,663] {processor.py:161} INFO - Processing /home/airflow/.local/lib/python3.7/site-packages/airflow/example_dags/example_dag_decorator.py took 0.208 seconds
[2022-08-04 00:37:28,571] {processor.py:153} INFO - Started process (PID=24270) to work on /home/airflow/.local/lib/python3.7/site-packages/airflow/example_dags/example_dag_decorator.py
[2022-08-04 00:37:28,580] {processor.py:641} INFO - Processing file /home/airflow/.local/lib/python3.7/site-packages/airflow/example_dags/example_dag_decorator.py for tasks to queue
[2022-08-04 00:37:28,586] {logging_mixin.py:115} INFO - [2022-08-04 00:37:28,585] {dagbag.py:508} INFO - Filling up the DagBag from /home/airflow/.local/lib/python3.7/site-packages/airflow/example_dags/example_dag_decorator.py
[2022-08-04 00:37:28,624] {processor.py:651} INFO - DAG(s) dict_keys(['example_dag_decorator']) retrieved from /home/airflow/.local/lib/python3.7/site-packages/airflow/example_dags/example_dag_decorator.py
[2022-08-04 00:37:28,679] {logging_mixin.py:115} INFO - [2022-08-04 00:37:28,679] {dag.py:2420} INFO - Sync 1 DAGs
[2022-08-04 00:37:28,724] {logging_mixin.py:115} INFO - [2022-08-04 00:37:28,724] {dag.py:2972} INFO - Setting next_dagrun for example_dag_decorator to None, run_after=None
[2022-08-04 00:37:28,746] {processor.py:161} INFO - Processing /home/airflow/.local/lib/python3.7/site-packages/airflow/example_dags/example_dag_decorator.py took 0.182 seconds
[2022-08-04 00:38:04,994] {processor.py:153} INFO - Started process (PID=24333) to work on /home/airflow/.local/lib/python3.7/site-packages/airflow/example_dags/example_dag_decorator.py
[2022-08-04 00:38:05,010] {processor.py:641} INFO - Processing file /home/airflow/.local/lib/python3.7/site-packages/airflow/example_dags/example_dag_decorator.py for tasks to queue
[2022-08-04 00:38:05,020] {logging_mixin.py:115} INFO - [2022-08-04 00:38:05,019] {dagbag.py:508} INFO - Filling up the DagBag from /home/airflow/.local/lib/python3.7/site-packages/airflow/example_dags/example_dag_decorator.py
[2022-08-04 00:38:05,106] {processor.py:651} INFO - DAG(s) dict_keys(['example_dag_decorator']) retrieved from /home/airflow/.local/lib/python3.7/site-packages/airflow/example_dags/example_dag_decorator.py
[2022-08-04 00:38:05,292] {logging_mixin.py:115} INFO - [2022-08-04 00:38:05,291] {dag.py:2420} INFO - Sync 1 DAGs
[2022-08-04 00:38:05,368] {logging_mixin.py:115} INFO - [2022-08-04 00:38:05,366] {dag.py:2972} INFO - Setting next_dagrun for example_dag_decorator to None, run_after=None
[2022-08-04 00:38:05,435] {processor.py:161} INFO - Processing /home/airflow/.local/lib/python3.7/site-packages/airflow/example_dags/example_dag_decorator.py took 0.451 seconds
