[2022-08-04 00:00:19,472] {processor.py:153} INFO - Started process (PID=22359) to work on /home/airflow/.local/lib/python3.7/site-packages/airflow/example_dags/example_branch_labels.py
[2022-08-04 00:00:19,478] {processor.py:641} INFO - Processing file /home/airflow/.local/lib/python3.7/site-packages/airflow/example_dags/example_branch_labels.py for tasks to queue
[2022-08-04 00:00:19,487] {logging_mixin.py:115} INFO - [2022-08-04 00:00:19,487] {dagbag.py:508} INFO - Filling up the DagBag from /home/airflow/.local/lib/python3.7/site-packages/airflow/example_dags/example_branch_labels.py
[2022-08-04 00:00:19,532] {processor.py:651} INFO - DAG(s) dict_keys(['example_branch_labels']) retrieved from /home/airflow/.local/lib/python3.7/site-packages/airflow/example_dags/example_branch_labels.py
[2022-08-04 00:00:19,594] {logging_mixin.py:115} INFO - [2022-08-04 00:00:19,594] {dag.py:2420} INFO - Sync 1 DAGs
[2022-08-04 00:00:19,635] {logging_mixin.py:115} INFO - [2022-08-04 00:00:19,634] {dag.py:2972} INFO - Setting next_dagrun for example_branch_labels to 2022-08-03T00:00:00+00:00, run_after=2022-08-04T00:00:00+00:00
[2022-08-04 00:00:19,656] {processor.py:161} INFO - Processing /home/airflow/.local/lib/python3.7/site-packages/airflow/example_dags/example_branch_labels.py took 0.197 seconds
[2022-08-04 00:00:50,107] {processor.py:153} INFO - Started process (PID=22413) to work on /home/airflow/.local/lib/python3.7/site-packages/airflow/example_dags/example_branch_labels.py
[2022-08-04 00:00:50,116] {processor.py:641} INFO - Processing file /home/airflow/.local/lib/python3.7/site-packages/airflow/example_dags/example_branch_labels.py for tasks to queue
[2022-08-04 00:00:50,125] {logging_mixin.py:115} INFO - [2022-08-04 00:00:50,125] {dagbag.py:508} INFO - Filling up the DagBag from /home/airflow/.local/lib/python3.7/site-packages/airflow/example_dags/example_branch_labels.py
[2022-08-04 00:00:50,147] {processor.py:651} INFO - DAG(s) dict_keys(['example_branch_labels']) retrieved from /home/airflow/.local/lib/python3.7/site-packages/airflow/example_dags/example_branch_labels.py
[2022-08-04 00:00:50,225] {logging_mixin.py:115} INFO - [2022-08-04 00:00:50,225] {dag.py:2420} INFO - Sync 1 DAGs
[2022-08-04 00:00:50,317] {logging_mixin.py:115} INFO - [2022-08-04 00:00:50,315] {dag.py:2972} INFO - Setting next_dagrun for example_branch_labels to 2022-08-03T00:00:00+00:00, run_after=2022-08-04T00:00:00+00:00
[2022-08-04 00:00:50,348] {processor.py:161} INFO - Processing /home/airflow/.local/lib/python3.7/site-packages/airflow/example_dags/example_branch_labels.py took 0.249 seconds
[2022-08-04 00:01:22,178] {processor.py:153} INFO - Started process (PID=22477) to work on /home/airflow/.local/lib/python3.7/site-packages/airflow/example_dags/example_branch_labels.py
[2022-08-04 00:01:22,190] {processor.py:641} INFO - Processing file /home/airflow/.local/lib/python3.7/site-packages/airflow/example_dags/example_branch_labels.py for tasks to queue
[2022-08-04 00:01:22,211] {logging_mixin.py:115} INFO - [2022-08-04 00:01:22,210] {dagbag.py:508} INFO - Filling up the DagBag from /home/airflow/.local/lib/python3.7/site-packages/airflow/example_dags/example_branch_labels.py
[2022-08-04 00:01:22,279] {processor.py:651} INFO - DAG(s) dict_keys(['example_branch_labels']) retrieved from /home/airflow/.local/lib/python3.7/site-packages/airflow/example_dags/example_branch_labels.py
[2022-08-04 00:01:22,405] {logging_mixin.py:115} INFO - [2022-08-04 00:01:22,405] {dag.py:2420} INFO - Sync 1 DAGs
[2022-08-04 00:01:22,512] {logging_mixin.py:115} INFO - [2022-08-04 00:01:22,511] {dag.py:2972} INFO - Setting next_dagrun for example_branch_labels to 2022-08-03T00:00:00+00:00, run_after=2022-08-04T00:00:00+00:00
[2022-08-04 00:01:22,580] {processor.py:161} INFO - Processing /home/airflow/.local/lib/python3.7/site-packages/airflow/example_dags/example_branch_labels.py took 0.427 seconds
[2022-08-04 00:01:53,595] {processor.py:153} INFO - Started process (PID=22531) to work on /home/airflow/.local/lib/python3.7/site-packages/airflow/example_dags/example_branch_labels.py
[2022-08-04 00:01:53,598] {processor.py:641} INFO - Processing file /home/airflow/.local/lib/python3.7/site-packages/airflow/example_dags/example_branch_labels.py for tasks to queue
[2022-08-04 00:01:53,600] {logging_mixin.py:115} INFO - [2022-08-04 00:01:53,600] {dagbag.py:508} INFO - Filling up the DagBag from /home/airflow/.local/lib/python3.7/site-packages/airflow/example_dags/example_branch_labels.py
[2022-08-04 00:01:53,611] {processor.py:651} INFO - DAG(s) dict_keys(['example_branch_labels']) retrieved from /home/airflow/.local/lib/python3.7/site-packages/airflow/example_dags/example_branch_labels.py
[2022-08-04 00:01:53,648] {logging_mixin.py:115} INFO - [2022-08-04 00:01:53,648] {dag.py:2420} INFO - Sync 1 DAGs
[2022-08-04 00:01:53,676] {logging_mixin.py:115} INFO - [2022-08-04 00:01:53,675] {dag.py:2972} INFO - Setting next_dagrun for example_branch_labels to 2022-08-03T00:00:00+00:00, run_after=2022-08-04T00:00:00+00:00
[2022-08-04 00:01:53,700] {processor.py:161} INFO - Processing /home/airflow/.local/lib/python3.7/site-packages/airflow/example_dags/example_branch_labels.py took 0.112 seconds
[2022-08-04 00:02:24,040] {processor.py:153} INFO - Started process (PID=22591) to work on /home/airflow/.local/lib/python3.7/site-packages/airflow/example_dags/example_branch_labels.py
[2022-08-04 00:02:24,052] {processor.py:641} INFO - Processing file /home/airflow/.local/lib/python3.7/site-packages/airflow/example_dags/example_branch_labels.py for tasks to queue
[2022-08-04 00:02:24,061] {logging_mixin.py:115} INFO - [2022-08-04 00:02:24,061] {dagbag.py:508} INFO - Filling up the DagBag from /home/airflow/.local/lib/python3.7/site-packages/airflow/example_dags/example_branch_labels.py
[2022-08-04 00:02:24,086] {processor.py:651} INFO - DAG(s) dict_keys(['example_branch_labels']) retrieved from /home/airflow/.local/lib/python3.7/site-packages/airflow/example_dags/example_branch_labels.py
[2022-08-04 00:02:24,150] {logging_mixin.py:115} INFO - [2022-08-04 00:02:24,150] {dag.py:2420} INFO - Sync 1 DAGs
[2022-08-04 00:02:24,194] {logging_mixin.py:115} INFO - [2022-08-04 00:02:24,194] {dag.py:2972} INFO - Setting next_dagrun for example_branch_labels to 2022-08-03T00:00:00+00:00, run_after=2022-08-04T00:00:00+00:00
[2022-08-04 00:02:24,223] {processor.py:161} INFO - Processing /home/airflow/.local/lib/python3.7/site-packages/airflow/example_dags/example_branch_labels.py took 0.194 seconds
[2022-08-04 00:02:55,107] {processor.py:153} INFO - Started process (PID=22649) to work on /home/airflow/.local/lib/python3.7/site-packages/airflow/example_dags/example_branch_labels.py
[2022-08-04 00:02:55,109] {processor.py:641} INFO - Processing file /home/airflow/.local/lib/python3.7/site-packages/airflow/example_dags/example_branch_labels.py for tasks to queue
[2022-08-04 00:02:55,111] {logging_mixin.py:115} INFO - [2022-08-04 00:02:55,111] {dagbag.py:508} INFO - Filling up the DagBag from /home/airflow/.local/lib/python3.7/site-packages/airflow/example_dags/example_branch_labels.py
[2022-08-04 00:02:55,123] {processor.py:651} INFO - DAG(s) dict_keys(['example_branch_labels']) retrieved from /home/airflow/.local/lib/python3.7/site-packages/airflow/example_dags/example_branch_labels.py
[2022-08-04 00:02:55,175] {logging_mixin.py:115} INFO - [2022-08-04 00:02:55,175] {dag.py:2420} INFO - Sync 1 DAGs
[2022-08-04 00:02:55,208] {logging_mixin.py:115} INFO - [2022-08-04 00:02:55,208] {dag.py:2972} INFO - Setting next_dagrun for example_branch_labels to 2022-08-03T00:00:00+00:00, run_after=2022-08-04T00:00:00+00:00
[2022-08-04 00:02:55,221] {processor.py:161} INFO - Processing /home/airflow/.local/lib/python3.7/site-packages/airflow/example_dags/example_branch_labels.py took 0.119 seconds
[2022-08-04 00:03:25,455] {processor.py:153} INFO - Started process (PID=22712) to work on /home/airflow/.local/lib/python3.7/site-packages/airflow/example_dags/example_branch_labels.py
[2022-08-04 00:03:25,464] {processor.py:641} INFO - Processing file /home/airflow/.local/lib/python3.7/site-packages/airflow/example_dags/example_branch_labels.py for tasks to queue
[2022-08-04 00:03:25,473] {logging_mixin.py:115} INFO - [2022-08-04 00:03:25,473] {dagbag.py:508} INFO - Filling up the DagBag from /home/airflow/.local/lib/python3.7/site-packages/airflow/example_dags/example_branch_labels.py
[2022-08-04 00:03:25,507] {processor.py:651} INFO - DAG(s) dict_keys(['example_branch_labels']) retrieved from /home/airflow/.local/lib/python3.7/site-packages/airflow/example_dags/example_branch_labels.py
[2022-08-04 00:03:25,599] {logging_mixin.py:115} INFO - [2022-08-04 00:03:25,599] {dag.py:2420} INFO - Sync 1 DAGs
[2022-08-04 00:03:25,698] {logging_mixin.py:115} INFO - [2022-08-04 00:03:25,698] {dag.py:2972} INFO - Setting next_dagrun for example_branch_labels to 2022-08-03T00:00:00+00:00, run_after=2022-08-04T00:00:00+00:00
[2022-08-04 00:03:25,762] {processor.py:161} INFO - Processing /home/airflow/.local/lib/python3.7/site-packages/airflow/example_dags/example_branch_labels.py took 0.312 seconds
[2022-08-04 00:03:56,568] {processor.py:153} INFO - Started process (PID=22767) to work on /home/airflow/.local/lib/python3.7/site-packages/airflow/example_dags/example_branch_labels.py
[2022-08-04 00:03:56,570] {processor.py:641} INFO - Processing file /home/airflow/.local/lib/python3.7/site-packages/airflow/example_dags/example_branch_labels.py for tasks to queue
[2022-08-04 00:03:56,572] {logging_mixin.py:115} INFO - [2022-08-04 00:03:56,572] {dagbag.py:508} INFO - Filling up the DagBag from /home/airflow/.local/lib/python3.7/site-packages/airflow/example_dags/example_branch_labels.py
[2022-08-04 00:03:56,583] {processor.py:651} INFO - DAG(s) dict_keys(['example_branch_labels']) retrieved from /home/airflow/.local/lib/python3.7/site-packages/airflow/example_dags/example_branch_labels.py
[2022-08-04 00:03:56,621] {logging_mixin.py:115} INFO - [2022-08-04 00:03:56,621] {dag.py:2420} INFO - Sync 1 DAGs
[2022-08-04 00:03:56,645] {logging_mixin.py:115} INFO - [2022-08-04 00:03:56,645] {dag.py:2972} INFO - Setting next_dagrun for example_branch_labels to 2022-08-03T00:00:00+00:00, run_after=2022-08-04T00:00:00+00:00
[2022-08-04 00:03:56,660] {processor.py:161} INFO - Processing /home/airflow/.local/lib/python3.7/site-packages/airflow/example_dags/example_branch_labels.py took 0.097 seconds
[2022-08-04 00:04:26,892] {processor.py:153} INFO - Started process (PID=22819) to work on /home/airflow/.local/lib/python3.7/site-packages/airflow/example_dags/example_branch_labels.py
[2022-08-04 00:04:26,899] {processor.py:641} INFO - Processing file /home/airflow/.local/lib/python3.7/site-packages/airflow/example_dags/example_branch_labels.py for tasks to queue
[2022-08-04 00:04:26,908] {logging_mixin.py:115} INFO - [2022-08-04 00:04:26,908] {dagbag.py:508} INFO - Filling up the DagBag from /home/airflow/.local/lib/python3.7/site-packages/airflow/example_dags/example_branch_labels.py
[2022-08-04 00:04:26,932] {processor.py:651} INFO - DAG(s) dict_keys(['example_branch_labels']) retrieved from /home/airflow/.local/lib/python3.7/site-packages/airflow/example_dags/example_branch_labels.py
[2022-08-04 00:04:26,988] {logging_mixin.py:115} INFO - [2022-08-04 00:04:26,988] {dag.py:2420} INFO - Sync 1 DAGs
[2022-08-04 00:04:27,041] {logging_mixin.py:115} INFO - [2022-08-04 00:04:27,041] {dag.py:2972} INFO - Setting next_dagrun for example_branch_labels to 2022-08-03T00:00:00+00:00, run_after=2022-08-04T00:00:00+00:00
[2022-08-04 00:04:27,080] {processor.py:161} INFO - Processing /home/airflow/.local/lib/python3.7/site-packages/airflow/example_dags/example_branch_labels.py took 0.197 seconds
[2022-08-04 00:04:57,860] {processor.py:153} INFO - Started process (PID=22882) to work on /home/airflow/.local/lib/python3.7/site-packages/airflow/example_dags/example_branch_labels.py
[2022-08-04 00:04:57,867] {processor.py:641} INFO - Processing file /home/airflow/.local/lib/python3.7/site-packages/airflow/example_dags/example_branch_labels.py for tasks to queue
[2022-08-04 00:04:57,869] {logging_mixin.py:115} INFO - [2022-08-04 00:04:57,869] {dagbag.py:508} INFO - Filling up the DagBag from /home/airflow/.local/lib/python3.7/site-packages/airflow/example_dags/example_branch_labels.py
[2022-08-04 00:04:57,880] {processor.py:651} INFO - DAG(s) dict_keys(['example_branch_labels']) retrieved from /home/airflow/.local/lib/python3.7/site-packages/airflow/example_dags/example_branch_labels.py
[2022-08-04 00:04:57,919] {logging_mixin.py:115} INFO - [2022-08-04 00:04:57,919] {dag.py:2420} INFO - Sync 1 DAGs
[2022-08-04 00:04:57,948] {logging_mixin.py:115} INFO - [2022-08-04 00:04:57,948] {dag.py:2972} INFO - Setting next_dagrun for example_branch_labels to 2022-08-03T00:00:00+00:00, run_after=2022-08-04T00:00:00+00:00
[2022-08-04 00:04:57,966] {processor.py:161} INFO - Processing /home/airflow/.local/lib/python3.7/site-packages/airflow/example_dags/example_branch_labels.py took 0.110 seconds
[2022-08-04 00:05:28,378] {processor.py:153} INFO - Started process (PID=22936) to work on /home/airflow/.local/lib/python3.7/site-packages/airflow/example_dags/example_branch_labels.py
[2022-08-04 00:05:28,385] {processor.py:641} INFO - Processing file /home/airflow/.local/lib/python3.7/site-packages/airflow/example_dags/example_branch_labels.py for tasks to queue
[2022-08-04 00:05:28,393] {logging_mixin.py:115} INFO - [2022-08-04 00:05:28,393] {dagbag.py:508} INFO - Filling up the DagBag from /home/airflow/.local/lib/python3.7/site-packages/airflow/example_dags/example_branch_labels.py
[2022-08-04 00:05:28,423] {processor.py:651} INFO - DAG(s) dict_keys(['example_branch_labels']) retrieved from /home/airflow/.local/lib/python3.7/site-packages/airflow/example_dags/example_branch_labels.py
[2022-08-04 00:05:28,500] {logging_mixin.py:115} INFO - [2022-08-04 00:05:28,500] {dag.py:2420} INFO - Sync 1 DAGs
[2022-08-04 00:05:28,579] {logging_mixin.py:115} INFO - [2022-08-04 00:05:28,579] {dag.py:2972} INFO - Setting next_dagrun for example_branch_labels to 2022-08-03T00:00:00+00:00, run_after=2022-08-04T00:00:00+00:00
[2022-08-04 00:05:28,628] {processor.py:161} INFO - Processing /home/airflow/.local/lib/python3.7/site-packages/airflow/example_dags/example_branch_labels.py took 0.260 seconds
[2022-08-04 00:05:59,169] {processor.py:153} INFO - Started process (PID=23000) to work on /home/airflow/.local/lib/python3.7/site-packages/airflow/example_dags/example_branch_labels.py
[2022-08-04 00:05:59,171] {processor.py:641} INFO - Processing file /home/airflow/.local/lib/python3.7/site-packages/airflow/example_dags/example_branch_labels.py for tasks to queue
[2022-08-04 00:05:59,174] {logging_mixin.py:115} INFO - [2022-08-04 00:05:59,173] {dagbag.py:508} INFO - Filling up the DagBag from /home/airflow/.local/lib/python3.7/site-packages/airflow/example_dags/example_branch_labels.py
[2022-08-04 00:05:59,185] {processor.py:651} INFO - DAG(s) dict_keys(['example_branch_labels']) retrieved from /home/airflow/.local/lib/python3.7/site-packages/airflow/example_dags/example_branch_labels.py
[2022-08-04 00:05:59,236] {logging_mixin.py:115} INFO - [2022-08-04 00:05:59,235] {dag.py:2420} INFO - Sync 1 DAGs
[2022-08-04 00:05:59,270] {logging_mixin.py:115} INFO - [2022-08-04 00:05:59,269] {dag.py:2972} INFO - Setting next_dagrun for example_branch_labels to 2022-08-03T00:00:00+00:00, run_after=2022-08-04T00:00:00+00:00
[2022-08-04 00:05:59,290] {processor.py:161} INFO - Processing /home/airflow/.local/lib/python3.7/site-packages/airflow/example_dags/example_branch_labels.py took 0.127 seconds
[2022-08-04 00:06:29,603] {processor.py:153} INFO - Started process (PID=23053) to work on /home/airflow/.local/lib/python3.7/site-packages/airflow/example_dags/example_branch_labels.py
[2022-08-04 00:06:29,604] {processor.py:641} INFO - Processing file /home/airflow/.local/lib/python3.7/site-packages/airflow/example_dags/example_branch_labels.py for tasks to queue
[2022-08-04 00:06:29,606] {logging_mixin.py:115} INFO - [2022-08-04 00:06:29,606] {dagbag.py:508} INFO - Filling up the DagBag from /home/airflow/.local/lib/python3.7/site-packages/airflow/example_dags/example_branch_labels.py
[2022-08-04 00:06:29,616] {processor.py:651} INFO - DAG(s) dict_keys(['example_branch_labels']) retrieved from /home/airflow/.local/lib/python3.7/site-packages/airflow/example_dags/example_branch_labels.py
[2022-08-04 00:06:29,652] {logging_mixin.py:115} INFO - [2022-08-04 00:06:29,652] {dag.py:2420} INFO - Sync 1 DAGs
[2022-08-04 00:06:29,678] {logging_mixin.py:115} INFO - [2022-08-04 00:06:29,678] {dag.py:2972} INFO - Setting next_dagrun for example_branch_labels to 2022-08-03T00:00:00+00:00, run_after=2022-08-04T00:00:00+00:00
[2022-08-04 00:06:29,693] {processor.py:161} INFO - Processing /home/airflow/.local/lib/python3.7/site-packages/airflow/example_dags/example_branch_labels.py took 0.094 seconds
[2022-08-04 00:07:00,273] {processor.py:153} INFO - Started process (PID=23118) to work on /home/airflow/.local/lib/python3.7/site-packages/airflow/example_dags/example_branch_labels.py
[2022-08-04 00:07:00,275] {processor.py:641} INFO - Processing file /home/airflow/.local/lib/python3.7/site-packages/airflow/example_dags/example_branch_labels.py for tasks to queue
[2022-08-04 00:07:00,278] {logging_mixin.py:115} INFO - [2022-08-04 00:07:00,277] {dagbag.py:508} INFO - Filling up the DagBag from /home/airflow/.local/lib/python3.7/site-packages/airflow/example_dags/example_branch_labels.py
[2022-08-04 00:07:00,289] {processor.py:651} INFO - DAG(s) dict_keys(['example_branch_labels']) retrieved from /home/airflow/.local/lib/python3.7/site-packages/airflow/example_dags/example_branch_labels.py
[2022-08-04 00:07:00,330] {logging_mixin.py:115} INFO - [2022-08-04 00:07:00,330] {dag.py:2420} INFO - Sync 1 DAGs
[2022-08-04 00:07:00,358] {logging_mixin.py:115} INFO - [2022-08-04 00:07:00,358] {dag.py:2972} INFO - Setting next_dagrun for example_branch_labels to 2022-08-03T00:00:00+00:00, run_after=2022-08-04T00:00:00+00:00
[2022-08-04 00:07:00,372] {processor.py:161} INFO - Processing /home/airflow/.local/lib/python3.7/site-packages/airflow/example_dags/example_branch_labels.py took 0.105 seconds
[2022-08-04 00:07:30,769] {processor.py:153} INFO - Started process (PID=23172) to work on /home/airflow/.local/lib/python3.7/site-packages/airflow/example_dags/example_branch_labels.py
[2022-08-04 00:07:30,773] {processor.py:641} INFO - Processing file /home/airflow/.local/lib/python3.7/site-packages/airflow/example_dags/example_branch_labels.py for tasks to queue
[2022-08-04 00:07:30,778] {logging_mixin.py:115} INFO - [2022-08-04 00:07:30,778] {dagbag.py:508} INFO - Filling up the DagBag from /home/airflow/.local/lib/python3.7/site-packages/airflow/example_dags/example_branch_labels.py
[2022-08-04 00:07:30,791] {processor.py:651} INFO - DAG(s) dict_keys(['example_branch_labels']) retrieved from /home/airflow/.local/lib/python3.7/site-packages/airflow/example_dags/example_branch_labels.py
[2022-08-04 00:07:30,894] {logging_mixin.py:115} INFO - [2022-08-04 00:07:30,894] {dag.py:2420} INFO - Sync 1 DAGs
[2022-08-04 00:07:30,947] {logging_mixin.py:115} INFO - [2022-08-04 00:07:30,947] {dag.py:2972} INFO - Setting next_dagrun for example_branch_labels to 2022-08-03T00:00:00+00:00, run_after=2022-08-04T00:00:00+00:00
[2022-08-04 00:07:31,028] {processor.py:161} INFO - Processing /home/airflow/.local/lib/python3.7/site-packages/airflow/example_dags/example_branch_labels.py took 0.265 seconds
[2022-08-04 00:08:01,372] {processor.py:153} INFO - Started process (PID=23236) to work on /home/airflow/.local/lib/python3.7/site-packages/airflow/example_dags/example_branch_labels.py
[2022-08-04 00:08:01,386] {processor.py:641} INFO - Processing file /home/airflow/.local/lib/python3.7/site-packages/airflow/example_dags/example_branch_labels.py for tasks to queue
[2022-08-04 00:08:01,394] {logging_mixin.py:115} INFO - [2022-08-04 00:08:01,394] {dagbag.py:508} INFO - Filling up the DagBag from /home/airflow/.local/lib/python3.7/site-packages/airflow/example_dags/example_branch_labels.py
[2022-08-04 00:08:01,425] {processor.py:651} INFO - DAG(s) dict_keys(['example_branch_labels']) retrieved from /home/airflow/.local/lib/python3.7/site-packages/airflow/example_dags/example_branch_labels.py
[2022-08-04 00:08:01,512] {logging_mixin.py:115} INFO - [2022-08-04 00:08:01,512] {dag.py:2420} INFO - Sync 1 DAGs
[2022-08-04 00:08:01,578] {logging_mixin.py:115} INFO - [2022-08-04 00:08:01,578] {dag.py:2972} INFO - Setting next_dagrun for example_branch_labels to 2022-08-03T00:00:00+00:00, run_after=2022-08-04T00:00:00+00:00
[2022-08-04 00:08:01,629] {processor.py:161} INFO - Processing /home/airflow/.local/lib/python3.7/site-packages/airflow/example_dags/example_branch_labels.py took 0.274 seconds
[2022-08-04 00:08:32,018] {processor.py:153} INFO - Started process (PID=23290) to work on /home/airflow/.local/lib/python3.7/site-packages/airflow/example_dags/example_branch_labels.py
[2022-08-04 00:08:32,023] {processor.py:641} INFO - Processing file /home/airflow/.local/lib/python3.7/site-packages/airflow/example_dags/example_branch_labels.py for tasks to queue
[2022-08-04 00:08:32,029] {logging_mixin.py:115} INFO - [2022-08-04 00:08:32,029] {dagbag.py:508} INFO - Filling up the DagBag from /home/airflow/.local/lib/python3.7/site-packages/airflow/example_dags/example_branch_labels.py
[2022-08-04 00:08:32,049] {processor.py:651} INFO - DAG(s) dict_keys(['example_branch_labels']) retrieved from /home/airflow/.local/lib/python3.7/site-packages/airflow/example_dags/example_branch_labels.py
[2022-08-04 00:08:32,112] {logging_mixin.py:115} INFO - [2022-08-04 00:08:32,112] {dag.py:2420} INFO - Sync 1 DAGs
[2022-08-04 00:08:32,141] {logging_mixin.py:115} INFO - [2022-08-04 00:08:32,141] {dag.py:2972} INFO - Setting next_dagrun for example_branch_labels to 2022-08-03T00:00:00+00:00, run_after=2022-08-04T00:00:00+00:00
[2022-08-04 00:08:32,158] {processor.py:161} INFO - Processing /home/airflow/.local/lib/python3.7/site-packages/airflow/example_dags/example_branch_labels.py took 0.148 seconds
[2022-08-04 00:09:02,644] {processor.py:153} INFO - Started process (PID=23352) to work on /home/airflow/.local/lib/python3.7/site-packages/airflow/example_dags/example_branch_labels.py
[2022-08-04 00:09:02,648] {processor.py:641} INFO - Processing file /home/airflow/.local/lib/python3.7/site-packages/airflow/example_dags/example_branch_labels.py for tasks to queue
[2022-08-04 00:09:02,657] {logging_mixin.py:115} INFO - [2022-08-04 00:09:02,657] {dagbag.py:508} INFO - Filling up the DagBag from /home/airflow/.local/lib/python3.7/site-packages/airflow/example_dags/example_branch_labels.py
[2022-08-04 00:09:02,684] {processor.py:651} INFO - DAG(s) dict_keys(['example_branch_labels']) retrieved from /home/airflow/.local/lib/python3.7/site-packages/airflow/example_dags/example_branch_labels.py
[2022-08-04 00:09:02,755] {logging_mixin.py:115} INFO - [2022-08-04 00:09:02,755] {dag.py:2420} INFO - Sync 1 DAGs
[2022-08-04 00:09:02,804] {logging_mixin.py:115} INFO - [2022-08-04 00:09:02,803] {dag.py:2972} INFO - Setting next_dagrun for example_branch_labels to 2022-08-03T00:00:00+00:00, run_after=2022-08-04T00:00:00+00:00
[2022-08-04 00:09:02,859] {processor.py:161} INFO - Processing /home/airflow/.local/lib/python3.7/site-packages/airflow/example_dags/example_branch_labels.py took 0.228 seconds
[2022-08-04 00:09:33,237] {processor.py:153} INFO - Started process (PID=23418) to work on /home/airflow/.local/lib/python3.7/site-packages/airflow/example_dags/example_branch_labels.py
[2022-08-04 00:09:33,239] {processor.py:641} INFO - Processing file /home/airflow/.local/lib/python3.7/site-packages/airflow/example_dags/example_branch_labels.py for tasks to queue
[2022-08-04 00:09:33,242] {logging_mixin.py:115} INFO - [2022-08-04 00:09:33,242] {dagbag.py:508} INFO - Filling up the DagBag from /home/airflow/.local/lib/python3.7/site-packages/airflow/example_dags/example_branch_labels.py
[2022-08-04 00:09:33,251] {processor.py:651} INFO - DAG(s) dict_keys(['example_branch_labels']) retrieved from /home/airflow/.local/lib/python3.7/site-packages/airflow/example_dags/example_branch_labels.py
[2022-08-04 00:09:33,300] {logging_mixin.py:115} INFO - [2022-08-04 00:09:33,300] {dag.py:2420} INFO - Sync 1 DAGs
[2022-08-04 00:09:33,327] {logging_mixin.py:115} INFO - [2022-08-04 00:09:33,327] {dag.py:2972} INFO - Setting next_dagrun for example_branch_labels to 2022-08-03T00:00:00+00:00, run_after=2022-08-04T00:00:00+00:00
[2022-08-04 00:09:33,354] {processor.py:161} INFO - Processing /home/airflow/.local/lib/python3.7/site-packages/airflow/example_dags/example_branch_labels.py took 0.122 seconds
[2022-08-04 00:10:11,067] {processor.py:153} INFO - Started process (PID=23474) to work on /home/airflow/.local/lib/python3.7/site-packages/airflow/example_dags/example_branch_labels.py
[2022-08-04 00:10:11,074] {processor.py:641} INFO - Processing file /home/airflow/.local/lib/python3.7/site-packages/airflow/example_dags/example_branch_labels.py for tasks to queue
[2022-08-04 00:10:11,080] {logging_mixin.py:115} INFO - [2022-08-04 00:10:11,080] {dagbag.py:508} INFO - Filling up the DagBag from /home/airflow/.local/lib/python3.7/site-packages/airflow/example_dags/example_branch_labels.py
[2022-08-04 00:10:11,103] {processor.py:651} INFO - DAG(s) dict_keys(['example_branch_labels']) retrieved from /home/airflow/.local/lib/python3.7/site-packages/airflow/example_dags/example_branch_labels.py
[2022-08-04 00:10:11,185] {logging_mixin.py:115} INFO - [2022-08-04 00:10:11,185] {dag.py:2420} INFO - Sync 1 DAGs
[2022-08-04 00:10:11,294] {logging_mixin.py:115} INFO - [2022-08-04 00:10:11,294] {dag.py:2972} INFO - Setting next_dagrun for example_branch_labels to 2022-08-03T00:00:00+00:00, run_after=2022-08-04T00:00:00+00:00
[2022-08-04 00:10:11,470] {processor.py:161} INFO - Processing /home/airflow/.local/lib/python3.7/site-packages/airflow/example_dags/example_branch_labels.py took 0.411 seconds
[2022-08-04 00:11:09,076] {processor.py:153} INFO - Started process (PID=23539) to work on /home/airflow/.local/lib/python3.7/site-packages/airflow/example_dags/example_branch_labels.py
[2022-08-04 00:11:09,084] {processor.py:641} INFO - Processing file /home/airflow/.local/lib/python3.7/site-packages/airflow/example_dags/example_branch_labels.py for tasks to queue
[2022-08-04 00:11:09,090] {logging_mixin.py:115} INFO - [2022-08-04 00:11:09,090] {dagbag.py:508} INFO - Filling up the DagBag from /home/airflow/.local/lib/python3.7/site-packages/airflow/example_dags/example_branch_labels.py
[2022-08-04 00:11:09,118] {processor.py:651} INFO - DAG(s) dict_keys(['example_branch_labels']) retrieved from /home/airflow/.local/lib/python3.7/site-packages/airflow/example_dags/example_branch_labels.py
[2022-08-04 00:11:09,180] {logging_mixin.py:115} INFO - [2022-08-04 00:11:09,180] {dag.py:2420} INFO - Sync 1 DAGs
[2022-08-04 00:11:09,225] {logging_mixin.py:115} INFO - [2022-08-04 00:11:09,224] {dag.py:2972} INFO - Setting next_dagrun for example_branch_labels to 2022-08-03T00:00:00+00:00, run_after=2022-08-04T00:00:00+00:00
[2022-08-04 00:11:09,262] {processor.py:161} INFO - Processing /home/airflow/.local/lib/python3.7/site-packages/airflow/example_dags/example_branch_labels.py took 0.195 seconds
[2022-08-04 00:11:40,023] {processor.py:153} INFO - Started process (PID=23602) to work on /home/airflow/.local/lib/python3.7/site-packages/airflow/example_dags/example_branch_labels.py
[2022-08-04 00:11:40,026] {processor.py:641} INFO - Processing file /home/airflow/.local/lib/python3.7/site-packages/airflow/example_dags/example_branch_labels.py for tasks to queue
[2022-08-04 00:11:40,037] {logging_mixin.py:115} INFO - [2022-08-04 00:11:40,036] {dagbag.py:508} INFO - Filling up the DagBag from /home/airflow/.local/lib/python3.7/site-packages/airflow/example_dags/example_branch_labels.py
[2022-08-04 00:11:40,053] {processor.py:651} INFO - DAG(s) dict_keys(['example_branch_labels']) retrieved from /home/airflow/.local/lib/python3.7/site-packages/airflow/example_dags/example_branch_labels.py
[2022-08-04 00:11:40,106] {logging_mixin.py:115} INFO - [2022-08-04 00:11:40,106] {dag.py:2420} INFO - Sync 1 DAGs
[2022-08-04 00:11:40,138] {logging_mixin.py:115} INFO - [2022-08-04 00:11:40,138] {dag.py:2972} INFO - Setting next_dagrun for example_branch_labels to 2022-08-03T00:00:00+00:00, run_after=2022-08-04T00:00:00+00:00
[2022-08-04 00:11:40,158] {processor.py:161} INFO - Processing /home/airflow/.local/lib/python3.7/site-packages/airflow/example_dags/example_branch_labels.py took 0.145 seconds
[2022-08-04 00:14:58,692] {processor.py:153} INFO - Started process (PID=23656) to work on /home/airflow/.local/lib/python3.7/site-packages/airflow/example_dags/example_branch_labels.py
[2022-08-04 00:14:58,701] {processor.py:641} INFO - Processing file /home/airflow/.local/lib/python3.7/site-packages/airflow/example_dags/example_branch_labels.py for tasks to queue
[2022-08-04 00:14:58,707] {logging_mixin.py:115} INFO - [2022-08-04 00:14:58,707] {dagbag.py:508} INFO - Filling up the DagBag from /home/airflow/.local/lib/python3.7/site-packages/airflow/example_dags/example_branch_labels.py
[2022-08-04 00:14:58,754] {processor.py:651} INFO - DAG(s) dict_keys(['example_branch_labels']) retrieved from /home/airflow/.local/lib/python3.7/site-packages/airflow/example_dags/example_branch_labels.py
[2022-08-04 00:14:58,833] {logging_mixin.py:115} INFO - [2022-08-04 00:14:58,833] {dag.py:2420} INFO - Sync 1 DAGs
[2022-08-04 00:14:58,901] {logging_mixin.py:115} INFO - [2022-08-04 00:14:58,901] {dag.py:2972} INFO - Setting next_dagrun for example_branch_labels to 2022-08-03T00:00:00+00:00, run_after=2022-08-04T00:00:00+00:00
[2022-08-04 00:14:58,939] {processor.py:161} INFO - Processing /home/airflow/.local/lib/python3.7/site-packages/airflow/example_dags/example_branch_labels.py took 0.260 seconds
[2022-08-04 00:15:40,137] {processor.py:153} INFO - Started process (PID=23720) to work on /home/airflow/.local/lib/python3.7/site-packages/airflow/example_dags/example_branch_labels.py
[2022-08-04 00:15:40,152] {processor.py:641} INFO - Processing file /home/airflow/.local/lib/python3.7/site-packages/airflow/example_dags/example_branch_labels.py for tasks to queue
[2022-08-04 00:15:40,178] {logging_mixin.py:115} INFO - [2022-08-04 00:15:40,177] {dagbag.py:508} INFO - Filling up the DagBag from /home/airflow/.local/lib/python3.7/site-packages/airflow/example_dags/example_branch_labels.py
[2022-08-04 00:15:40,242] {processor.py:651} INFO - DAG(s) dict_keys(['example_branch_labels']) retrieved from /home/airflow/.local/lib/python3.7/site-packages/airflow/example_dags/example_branch_labels.py
[2022-08-04 00:15:40,489] {logging_mixin.py:115} INFO - [2022-08-04 00:15:40,488] {dag.py:2420} INFO - Sync 1 DAGs
[2022-08-04 00:15:40,542] {logging_mixin.py:115} INFO - [2022-08-04 00:15:40,542] {dag.py:2972} INFO - Setting next_dagrun for example_branch_labels to 2022-08-03T00:00:00+00:00, run_after=2022-08-04T00:00:00+00:00
[2022-08-04 00:15:40,570] {processor.py:161} INFO - Processing /home/airflow/.local/lib/python3.7/site-packages/airflow/example_dags/example_branch_labels.py took 0.467 seconds
[2022-08-04 00:32:55,836] {processor.py:153} INFO - Started process (PID=23775) to work on /home/airflow/.local/lib/python3.7/site-packages/airflow/example_dags/example_branch_labels.py
[2022-08-04 00:32:55,844] {processor.py:641} INFO - Processing file /home/airflow/.local/lib/python3.7/site-packages/airflow/example_dags/example_branch_labels.py for tasks to queue
[2022-08-04 00:32:55,857] {logging_mixin.py:115} INFO - [2022-08-04 00:32:55,856] {dagbag.py:508} INFO - Filling up the DagBag from /home/airflow/.local/lib/python3.7/site-packages/airflow/example_dags/example_branch_labels.py
[2022-08-04 00:32:55,910] {processor.py:651} INFO - DAG(s) dict_keys(['example_branch_labels']) retrieved from /home/airflow/.local/lib/python3.7/site-packages/airflow/example_dags/example_branch_labels.py
[2022-08-04 00:32:56,262] {logging_mixin.py:115} INFO - [2022-08-04 00:32:56,261] {dag.py:2420} INFO - Sync 1 DAGs
[2022-08-04 00:32:56,445] {logging_mixin.py:115} INFO - [2022-08-04 00:32:56,444] {dag.py:2972} INFO - Setting next_dagrun for example_branch_labels to 2022-08-03T00:00:00+00:00, run_after=2022-08-04T00:00:00+00:00
[2022-08-04 00:32:56,516] {processor.py:161} INFO - Processing /home/airflow/.local/lib/python3.7/site-packages/airflow/example_dags/example_branch_labels.py took 0.710 seconds
[2022-08-04 00:33:26,996] {processor.py:153} INFO - Started process (PID=23830) to work on /home/airflow/.local/lib/python3.7/site-packages/airflow/example_dags/example_branch_labels.py
[2022-08-04 00:33:27,008] {processor.py:641} INFO - Processing file /home/airflow/.local/lib/python3.7/site-packages/airflow/example_dags/example_branch_labels.py for tasks to queue
[2022-08-04 00:33:27,018] {logging_mixin.py:115} INFO - [2022-08-04 00:33:27,017] {dagbag.py:508} INFO - Filling up the DagBag from /home/airflow/.local/lib/python3.7/site-packages/airflow/example_dags/example_branch_labels.py
[2022-08-04 00:33:27,040] {processor.py:651} INFO - DAG(s) dict_keys(['example_branch_labels']) retrieved from /home/airflow/.local/lib/python3.7/site-packages/airflow/example_dags/example_branch_labels.py
[2022-08-04 00:33:27,102] {logging_mixin.py:115} INFO - [2022-08-04 00:33:27,102] {dag.py:2420} INFO - Sync 1 DAGs
[2022-08-04 00:33:27,143] {logging_mixin.py:115} INFO - [2022-08-04 00:33:27,143] {dag.py:2972} INFO - Setting next_dagrun for example_branch_labels to 2022-08-03T00:00:00+00:00, run_after=2022-08-04T00:00:00+00:00
[2022-08-04 00:33:27,167] {processor.py:161} INFO - Processing /home/airflow/.local/lib/python3.7/site-packages/airflow/example_dags/example_branch_labels.py took 0.178 seconds
[2022-08-04 00:33:57,801] {processor.py:153} INFO - Started process (PID=23884) to work on /home/airflow/.local/lib/python3.7/site-packages/airflow/example_dags/example_branch_labels.py
[2022-08-04 00:33:57,817] {processor.py:641} INFO - Processing file /home/airflow/.local/lib/python3.7/site-packages/airflow/example_dags/example_branch_labels.py for tasks to queue
[2022-08-04 00:33:57,830] {logging_mixin.py:115} INFO - [2022-08-04 00:33:57,830] {dagbag.py:508} INFO - Filling up the DagBag from /home/airflow/.local/lib/python3.7/site-packages/airflow/example_dags/example_branch_labels.py
[2022-08-04 00:33:57,936] {processor.py:651} INFO - DAG(s) dict_keys(['example_branch_labels']) retrieved from /home/airflow/.local/lib/python3.7/site-packages/airflow/example_dags/example_branch_labels.py
[2022-08-04 00:33:58,822] {logging_mixin.py:115} INFO - [2022-08-04 00:33:58,822] {dag.py:2420} INFO - Sync 1 DAGs
[2022-08-04 00:33:58,993] {logging_mixin.py:115} INFO - [2022-08-04 00:33:58,993] {dag.py:2972} INFO - Setting next_dagrun for example_branch_labels to 2022-08-03T00:00:00+00:00, run_after=2022-08-04T00:00:00+00:00
[2022-08-04 00:33:59,171] {processor.py:161} INFO - Processing /home/airflow/.local/lib/python3.7/site-packages/airflow/example_dags/example_branch_labels.py took 1.394 seconds
[2022-08-04 00:34:29,955] {processor.py:153} INFO - Started process (PID=23948) to work on /home/airflow/.local/lib/python3.7/site-packages/airflow/example_dags/example_branch_labels.py
[2022-08-04 00:34:29,958] {processor.py:641} INFO - Processing file /home/airflow/.local/lib/python3.7/site-packages/airflow/example_dags/example_branch_labels.py for tasks to queue
[2022-08-04 00:34:29,961] {logging_mixin.py:115} INFO - [2022-08-04 00:34:29,961] {dagbag.py:508} INFO - Filling up the DagBag from /home/airflow/.local/lib/python3.7/site-packages/airflow/example_dags/example_branch_labels.py
[2022-08-04 00:34:29,971] {processor.py:651} INFO - DAG(s) dict_keys(['example_branch_labels']) retrieved from /home/airflow/.local/lib/python3.7/site-packages/airflow/example_dags/example_branch_labels.py
[2022-08-04 00:34:30,008] {logging_mixin.py:115} INFO - [2022-08-04 00:34:30,008] {dag.py:2420} INFO - Sync 1 DAGs
[2022-08-04 00:34:30,042] {logging_mixin.py:115} INFO - [2022-08-04 00:34:30,042] {dag.py:2972} INFO - Setting next_dagrun for example_branch_labels to 2022-08-03T00:00:00+00:00, run_after=2022-08-04T00:00:00+00:00
[2022-08-04 00:34:30,058] {processor.py:161} INFO - Processing /home/airflow/.local/lib/python3.7/site-packages/airflow/example_dags/example_branch_labels.py took 0.107 seconds
[2022-08-04 00:35:00,434] {processor.py:153} INFO - Started process (PID=24011) to work on /home/airflow/.local/lib/python3.7/site-packages/airflow/example_dags/example_branch_labels.py
[2022-08-04 00:35:00,442] {processor.py:641} INFO - Processing file /home/airflow/.local/lib/python3.7/site-packages/airflow/example_dags/example_branch_labels.py for tasks to queue
[2022-08-04 00:35:00,452] {logging_mixin.py:115} INFO - [2022-08-04 00:35:00,452] {dagbag.py:508} INFO - Filling up the DagBag from /home/airflow/.local/lib/python3.7/site-packages/airflow/example_dags/example_branch_labels.py
[2022-08-04 00:35:00,470] {processor.py:651} INFO - DAG(s) dict_keys(['example_branch_labels']) retrieved from /home/airflow/.local/lib/python3.7/site-packages/airflow/example_dags/example_branch_labels.py
[2022-08-04 00:35:00,530] {logging_mixin.py:115} INFO - [2022-08-04 00:35:00,530] {dag.py:2420} INFO - Sync 1 DAGs
[2022-08-04 00:35:00,574] {logging_mixin.py:115} INFO - [2022-08-04 00:35:00,574] {dag.py:2972} INFO - Setting next_dagrun for example_branch_labels to 2022-08-03T00:00:00+00:00, run_after=2022-08-04T00:00:00+00:00
[2022-08-04 00:35:00,605] {processor.py:161} INFO - Processing /home/airflow/.local/lib/python3.7/site-packages/airflow/example_dags/example_branch_labels.py took 0.174 seconds
[2022-08-04 00:35:31,202] {processor.py:153} INFO - Started process (PID=24064) to work on /home/airflow/.local/lib/python3.7/site-packages/airflow/example_dags/example_branch_labels.py
[2022-08-04 00:35:31,209] {processor.py:641} INFO - Processing file /home/airflow/.local/lib/python3.7/site-packages/airflow/example_dags/example_branch_labels.py for tasks to queue
[2022-08-04 00:35:31,216] {logging_mixin.py:115} INFO - [2022-08-04 00:35:31,216] {dagbag.py:508} INFO - Filling up the DagBag from /home/airflow/.local/lib/python3.7/site-packages/airflow/example_dags/example_branch_labels.py
[2022-08-04 00:35:31,242] {processor.py:651} INFO - DAG(s) dict_keys(['example_branch_labels']) retrieved from /home/airflow/.local/lib/python3.7/site-packages/airflow/example_dags/example_branch_labels.py
[2022-08-04 00:35:31,311] {logging_mixin.py:115} INFO - [2022-08-04 00:35:31,311] {dag.py:2420} INFO - Sync 1 DAGs
[2022-08-04 00:35:31,356] {logging_mixin.py:115} INFO - [2022-08-04 00:35:31,356] {dag.py:2972} INFO - Setting next_dagrun for example_branch_labels to 2022-08-03T00:00:00+00:00, run_after=2022-08-04T00:00:00+00:00
[2022-08-04 00:35:31,379] {processor.py:161} INFO - Processing /home/airflow/.local/lib/python3.7/site-packages/airflow/example_dags/example_branch_labels.py took 0.186 seconds
[2022-08-04 00:36:01,934] {processor.py:153} INFO - Started process (PID=24118) to work on /home/airflow/.local/lib/python3.7/site-packages/airflow/example_dags/example_branch_labels.py
[2022-08-04 00:36:01,943] {processor.py:641} INFO - Processing file /home/airflow/.local/lib/python3.7/site-packages/airflow/example_dags/example_branch_labels.py for tasks to queue
[2022-08-04 00:36:01,949] {logging_mixin.py:115} INFO - [2022-08-04 00:36:01,949] {dagbag.py:508} INFO - Filling up the DagBag from /home/airflow/.local/lib/python3.7/site-packages/airflow/example_dags/example_branch_labels.py
[2022-08-04 00:36:01,969] {processor.py:651} INFO - DAG(s) dict_keys(['example_branch_labels']) retrieved from /home/airflow/.local/lib/python3.7/site-packages/airflow/example_dags/example_branch_labels.py
[2022-08-04 00:36:02,029] {logging_mixin.py:115} INFO - [2022-08-04 00:36:02,028] {dag.py:2420} INFO - Sync 1 DAGs
[2022-08-04 00:36:02,061] {logging_mixin.py:115} INFO - [2022-08-04 00:36:02,061] {dag.py:2972} INFO - Setting next_dagrun for example_branch_labels to 2022-08-03T00:00:00+00:00, run_after=2022-08-04T00:00:00+00:00
[2022-08-04 00:36:02,089] {processor.py:161} INFO - Processing /home/airflow/.local/lib/python3.7/site-packages/airflow/example_dags/example_branch_labels.py took 0.166 seconds
[2022-08-04 00:36:32,537] {processor.py:153} INFO - Started process (PID=24182) to work on /home/airflow/.local/lib/python3.7/site-packages/airflow/example_dags/example_branch_labels.py
[2022-08-04 00:36:32,549] {processor.py:641} INFO - Processing file /home/airflow/.local/lib/python3.7/site-packages/airflow/example_dags/example_branch_labels.py for tasks to queue
[2022-08-04 00:36:32,565] {logging_mixin.py:115} INFO - [2022-08-04 00:36:32,565] {dagbag.py:508} INFO - Filling up the DagBag from /home/airflow/.local/lib/python3.7/site-packages/airflow/example_dags/example_branch_labels.py
[2022-08-04 00:36:32,598] {processor.py:651} INFO - DAG(s) dict_keys(['example_branch_labels']) retrieved from /home/airflow/.local/lib/python3.7/site-packages/airflow/example_dags/example_branch_labels.py
[2022-08-04 00:36:32,675] {logging_mixin.py:115} INFO - [2022-08-04 00:36:32,675] {dag.py:2420} INFO - Sync 1 DAGs
[2022-08-04 00:36:32,750] {logging_mixin.py:115} INFO - [2022-08-04 00:36:32,750] {dag.py:2972} INFO - Setting next_dagrun for example_branch_labels to 2022-08-03T00:00:00+00:00, run_after=2022-08-04T00:00:00+00:00
[2022-08-04 00:36:32,804] {processor.py:161} INFO - Processing /home/airflow/.local/lib/python3.7/site-packages/airflow/example_dags/example_branch_labels.py took 0.274 seconds
[2022-08-04 00:37:03,218] {processor.py:153} INFO - Started process (PID=24235) to work on /home/airflow/.local/lib/python3.7/site-packages/airflow/example_dags/example_branch_labels.py
[2022-08-04 00:37:03,221] {processor.py:641} INFO - Processing file /home/airflow/.local/lib/python3.7/site-packages/airflow/example_dags/example_branch_labels.py for tasks to queue
[2022-08-04 00:37:03,224] {logging_mixin.py:115} INFO - [2022-08-04 00:37:03,224] {dagbag.py:508} INFO - Filling up the DagBag from /home/airflow/.local/lib/python3.7/site-packages/airflow/example_dags/example_branch_labels.py
[2022-08-04 00:37:03,235] {processor.py:651} INFO - DAG(s) dict_keys(['example_branch_labels']) retrieved from /home/airflow/.local/lib/python3.7/site-packages/airflow/example_dags/example_branch_labels.py
[2022-08-04 00:37:03,273] {logging_mixin.py:115} INFO - [2022-08-04 00:37:03,273] {dag.py:2420} INFO - Sync 1 DAGs
[2022-08-04 00:37:03,304] {logging_mixin.py:115} INFO - [2022-08-04 00:37:03,304] {dag.py:2972} INFO - Setting next_dagrun for example_branch_labels to 2022-08-03T00:00:00+00:00, run_after=2022-08-04T00:00:00+00:00
[2022-08-04 00:37:03,319] {processor.py:161} INFO - Processing /home/airflow/.local/lib/python3.7/site-packages/airflow/example_dags/example_branch_labels.py took 0.106 seconds
[2022-08-04 00:37:34,408] {processor.py:153} INFO - Started process (PID=24297) to work on /home/airflow/.local/lib/python3.7/site-packages/airflow/example_dags/example_branch_labels.py
[2022-08-04 00:37:34,418] {processor.py:641} INFO - Processing file /home/airflow/.local/lib/python3.7/site-packages/airflow/example_dags/example_branch_labels.py for tasks to queue
[2022-08-04 00:37:34,427] {logging_mixin.py:115} INFO - [2022-08-04 00:37:34,427] {dagbag.py:508} INFO - Filling up the DagBag from /home/airflow/.local/lib/python3.7/site-packages/airflow/example_dags/example_branch_labels.py
[2022-08-04 00:37:34,458] {processor.py:651} INFO - DAG(s) dict_keys(['example_branch_labels']) retrieved from /home/airflow/.local/lib/python3.7/site-packages/airflow/example_dags/example_branch_labels.py
[2022-08-04 00:37:34,539] {logging_mixin.py:115} INFO - [2022-08-04 00:37:34,539] {dag.py:2420} INFO - Sync 1 DAGs
[2022-08-04 00:37:34,596] {logging_mixin.py:115} INFO - [2022-08-04 00:37:34,595] {dag.py:2972} INFO - Setting next_dagrun for example_branch_labels to 2022-08-03T00:00:00+00:00, run_after=2022-08-04T00:00:00+00:00
[2022-08-04 00:37:34,629] {processor.py:161} INFO - Processing /home/airflow/.local/lib/python3.7/site-packages/airflow/example_dags/example_branch_labels.py took 0.240 seconds
[2022-08-04 00:38:09,825] {processor.py:153} INFO - Started process (PID=24352) to work on /home/airflow/.local/lib/python3.7/site-packages/airflow/example_dags/example_branch_labels.py
[2022-08-04 00:38:09,837] {processor.py:641} INFO - Processing file /home/airflow/.local/lib/python3.7/site-packages/airflow/example_dags/example_branch_labels.py for tasks to queue
[2022-08-04 00:38:09,848] {logging_mixin.py:115} INFO - [2022-08-04 00:38:09,848] {dagbag.py:508} INFO - Filling up the DagBag from /home/airflow/.local/lib/python3.7/site-packages/airflow/example_dags/example_branch_labels.py
[2022-08-04 00:38:09,914] {processor.py:651} INFO - DAG(s) dict_keys(['example_branch_labels']) retrieved from /home/airflow/.local/lib/python3.7/site-packages/airflow/example_dags/example_branch_labels.py
[2022-08-04 00:38:10,048] {logging_mixin.py:115} INFO - [2022-08-04 00:38:10,048] {dag.py:2420} INFO - Sync 1 DAGs
[2022-08-04 00:38:10,141] {logging_mixin.py:115} INFO - [2022-08-04 00:38:10,141] {dag.py:2972} INFO - Setting next_dagrun for example_branch_labels to 2022-08-03T00:00:00+00:00, run_after=2022-08-04T00:00:00+00:00
[2022-08-04 00:38:10,213] {processor.py:161} INFO - Processing /home/airflow/.local/lib/python3.7/site-packages/airflow/example_dags/example_branch_labels.py took 0.395 seconds
