[2022-08-04 00:00:17,850] {processor.py:153} INFO - Started process (PID=22353) to work on /home/airflow/.local/lib/python3.7/site-packages/airflow/example_dags/example_skip_dag.py
[2022-08-04 00:00:17,858] {processor.py:641} INFO - Processing file /home/airflow/.local/lib/python3.7/site-packages/airflow/example_dags/example_skip_dag.py for tasks to queue
[2022-08-04 00:00:17,887] {logging_mixin.py:115} INFO - [2022-08-04 00:00:17,887] {dagbag.py:508} INFO - Filling up the DagBag from /home/airflow/.local/lib/python3.7/site-packages/airflow/example_dags/example_skip_dag.py
[2022-08-04 00:00:18,008] {processor.py:651} INFO - DAG(s) dict_keys(['example_skip_dag']) retrieved from /home/airflow/.local/lib/python3.7/site-packages/airflow/example_dags/example_skip_dag.py
[2022-08-04 00:00:18,338] {logging_mixin.py:115} INFO - [2022-08-04 00:00:18,337] {dag.py:2420} INFO - Sync 1 DAGs
[2022-08-04 00:00:18,413] {logging_mixin.py:115} INFO - [2022-08-04 00:00:18,412] {dag.py:2972} INFO - Setting next_dagrun for example_skip_dag to 2022-08-03T00:00:18.410995+00:00, run_after=2022-08-04T00:00:18.410995+00:00
[2022-08-04 00:00:18,503] {processor.py:161} INFO - Processing /home/airflow/.local/lib/python3.7/site-packages/airflow/example_dags/example_skip_dag.py took 0.681 seconds
[2022-08-04 00:00:49,358] {processor.py:153} INFO - Started process (PID=22407) to work on /home/airflow/.local/lib/python3.7/site-packages/airflow/example_dags/example_skip_dag.py
[2022-08-04 00:00:49,360] {processor.py:641} INFO - Processing file /home/airflow/.local/lib/python3.7/site-packages/airflow/example_dags/example_skip_dag.py for tasks to queue
[2022-08-04 00:00:49,363] {logging_mixin.py:115} INFO - [2022-08-04 00:00:49,363] {dagbag.py:508} INFO - Filling up the DagBag from /home/airflow/.local/lib/python3.7/site-packages/airflow/example_dags/example_skip_dag.py
[2022-08-04 00:00:49,376] {processor.py:651} INFO - DAG(s) dict_keys(['example_skip_dag']) retrieved from /home/airflow/.local/lib/python3.7/site-packages/airflow/example_dags/example_skip_dag.py
[2022-08-04 00:00:49,433] {logging_mixin.py:115} INFO - [2022-08-04 00:00:49,433] {dag.py:2420} INFO - Sync 1 DAGs
[2022-08-04 00:00:49,471] {logging_mixin.py:115} INFO - [2022-08-04 00:00:49,471] {dag.py:2972} INFO - Setting next_dagrun for example_skip_dag to 2022-08-03T00:00:49.471131+00:00, run_after=2022-08-04T00:00:49.471131+00:00
[2022-08-04 00:00:49,495] {processor.py:161} INFO - Processing /home/airflow/.local/lib/python3.7/site-packages/airflow/example_dags/example_skip_dag.py took 0.145 seconds
[2022-08-04 00:01:20,480] {processor.py:153} INFO - Started process (PID=22469) to work on /home/airflow/.local/lib/python3.7/site-packages/airflow/example_dags/example_skip_dag.py
[2022-08-04 00:01:20,492] {processor.py:641} INFO - Processing file /home/airflow/.local/lib/python3.7/site-packages/airflow/example_dags/example_skip_dag.py for tasks to queue
[2022-08-04 00:01:20,503] {logging_mixin.py:115} INFO - [2022-08-04 00:01:20,503] {dagbag.py:508} INFO - Filling up the DagBag from /home/airflow/.local/lib/python3.7/site-packages/airflow/example_dags/example_skip_dag.py
[2022-08-04 00:01:20,529] {processor.py:651} INFO - DAG(s) dict_keys(['example_skip_dag']) retrieved from /home/airflow/.local/lib/python3.7/site-packages/airflow/example_dags/example_skip_dag.py
[2022-08-04 00:01:20,639] {logging_mixin.py:115} INFO - [2022-08-04 00:01:20,638] {dag.py:2420} INFO - Sync 1 DAGs
[2022-08-04 00:01:20,736] {logging_mixin.py:115} INFO - [2022-08-04 00:01:20,735] {dag.py:2972} INFO - Setting next_dagrun for example_skip_dag to 2022-08-03T00:01:20.726886+00:00, run_after=2022-08-04T00:01:20.726886+00:00
[2022-08-04 00:01:20,833] {processor.py:161} INFO - Processing /home/airflow/.local/lib/python3.7/site-packages/airflow/example_dags/example_skip_dag.py took 0.373 seconds
[2022-08-04 00:01:51,152] {processor.py:153} INFO - Started process (PID=22525) to work on /home/airflow/.local/lib/python3.7/site-packages/airflow/example_dags/example_skip_dag.py
[2022-08-04 00:01:51,156] {processor.py:641} INFO - Processing file /home/airflow/.local/lib/python3.7/site-packages/airflow/example_dags/example_skip_dag.py for tasks to queue
[2022-08-04 00:01:51,163] {logging_mixin.py:115} INFO - [2022-08-04 00:01:51,163] {dagbag.py:508} INFO - Filling up the DagBag from /home/airflow/.local/lib/python3.7/site-packages/airflow/example_dags/example_skip_dag.py
[2022-08-04 00:01:51,169] {processor.py:651} INFO - DAG(s) dict_keys(['example_skip_dag']) retrieved from /home/airflow/.local/lib/python3.7/site-packages/airflow/example_dags/example_skip_dag.py
[2022-08-04 00:01:51,204] {logging_mixin.py:115} INFO - [2022-08-04 00:01:51,203] {dag.py:2420} INFO - Sync 1 DAGs
[2022-08-04 00:01:51,228] {logging_mixin.py:115} INFO - [2022-08-04 00:01:51,228] {dag.py:2972} INFO - Setting next_dagrun for example_skip_dag to 2022-08-03T00:01:51.227770+00:00, run_after=2022-08-04T00:01:51.227770+00:00
[2022-08-04 00:01:51,243] {processor.py:161} INFO - Processing /home/airflow/.local/lib/python3.7/site-packages/airflow/example_dags/example_skip_dag.py took 0.096 seconds
[2022-08-04 00:02:21,383] {processor.py:153} INFO - Started process (PID=22578) to work on /home/airflow/.local/lib/python3.7/site-packages/airflow/example_dags/example_skip_dag.py
[2022-08-04 00:02:21,388] {processor.py:641} INFO - Processing file /home/airflow/.local/lib/python3.7/site-packages/airflow/example_dags/example_skip_dag.py for tasks to queue
[2022-08-04 00:02:21,393] {logging_mixin.py:115} INFO - [2022-08-04 00:02:21,392] {dagbag.py:508} INFO - Filling up the DagBag from /home/airflow/.local/lib/python3.7/site-packages/airflow/example_dags/example_skip_dag.py
[2022-08-04 00:02:21,403] {processor.py:651} INFO - DAG(s) dict_keys(['example_skip_dag']) retrieved from /home/airflow/.local/lib/python3.7/site-packages/airflow/example_dags/example_skip_dag.py
[2022-08-04 00:02:21,462] {logging_mixin.py:115} INFO - [2022-08-04 00:02:21,462] {dag.py:2420} INFO - Sync 1 DAGs
[2022-08-04 00:02:21,499] {logging_mixin.py:115} INFO - [2022-08-04 00:02:21,499] {dag.py:2972} INFO - Setting next_dagrun for example_skip_dag to 2022-08-03T00:02:21.498885+00:00, run_after=2022-08-04T00:02:21.498885+00:00
[2022-08-04 00:02:21,519] {processor.py:161} INFO - Processing /home/airflow/.local/lib/python3.7/site-packages/airflow/example_dags/example_skip_dag.py took 0.140 seconds
[2022-08-04 00:02:52,494] {processor.py:153} INFO - Started process (PID=22642) to work on /home/airflow/.local/lib/python3.7/site-packages/airflow/example_dags/example_skip_dag.py
[2022-08-04 00:02:52,501] {processor.py:641} INFO - Processing file /home/airflow/.local/lib/python3.7/site-packages/airflow/example_dags/example_skip_dag.py for tasks to queue
[2022-08-04 00:02:52,506] {logging_mixin.py:115} INFO - [2022-08-04 00:02:52,506] {dagbag.py:508} INFO - Filling up the DagBag from /home/airflow/.local/lib/python3.7/site-packages/airflow/example_dags/example_skip_dag.py
[2022-08-04 00:02:52,520] {processor.py:651} INFO - DAG(s) dict_keys(['example_skip_dag']) retrieved from /home/airflow/.local/lib/python3.7/site-packages/airflow/example_dags/example_skip_dag.py
[2022-08-04 00:02:52,575] {logging_mixin.py:115} INFO - [2022-08-04 00:02:52,575] {dag.py:2420} INFO - Sync 1 DAGs
[2022-08-04 00:02:52,621] {logging_mixin.py:115} INFO - [2022-08-04 00:02:52,621] {dag.py:2972} INFO - Setting next_dagrun for example_skip_dag to 2022-08-03T00:02:52.621458+00:00, run_after=2022-08-04T00:02:52.621458+00:00
[2022-08-04 00:02:52,645] {processor.py:161} INFO - Processing /home/airflow/.local/lib/python3.7/site-packages/airflow/example_dags/example_skip_dag.py took 0.158 seconds
[2022-08-04 00:03:23,276] {processor.py:153} INFO - Started process (PID=22696) to work on /home/airflow/.local/lib/python3.7/site-packages/airflow/example_dags/example_skip_dag.py
[2022-08-04 00:03:23,284] {processor.py:641} INFO - Processing file /home/airflow/.local/lib/python3.7/site-packages/airflow/example_dags/example_skip_dag.py for tasks to queue
[2022-08-04 00:03:23,294] {logging_mixin.py:115} INFO - [2022-08-04 00:03:23,293] {dagbag.py:508} INFO - Filling up the DagBag from /home/airflow/.local/lib/python3.7/site-packages/airflow/example_dags/example_skip_dag.py
[2022-08-04 00:03:23,314] {processor.py:651} INFO - DAG(s) dict_keys(['example_skip_dag']) retrieved from /home/airflow/.local/lib/python3.7/site-packages/airflow/example_dags/example_skip_dag.py
[2022-08-04 00:03:23,381] {logging_mixin.py:115} INFO - [2022-08-04 00:03:23,381] {dag.py:2420} INFO - Sync 1 DAGs
[2022-08-04 00:03:23,434] {logging_mixin.py:115} INFO - [2022-08-04 00:03:23,434] {dag.py:2972} INFO - Setting next_dagrun for example_skip_dag to 2022-08-03T00:03:23.432787+00:00, run_after=2022-08-04T00:03:23.432787+00:00
[2022-08-04 00:03:23,482] {processor.py:161} INFO - Processing /home/airflow/.local/lib/python3.7/site-packages/airflow/example_dags/example_skip_dag.py took 0.218 seconds
[2022-08-04 00:03:54,010] {processor.py:153} INFO - Started process (PID=22760) to work on /home/airflow/.local/lib/python3.7/site-packages/airflow/example_dags/example_skip_dag.py
[2022-08-04 00:03:54,014] {processor.py:641} INFO - Processing file /home/airflow/.local/lib/python3.7/site-packages/airflow/example_dags/example_skip_dag.py for tasks to queue
[2022-08-04 00:03:54,015] {logging_mixin.py:115} INFO - [2022-08-04 00:03:54,015] {dagbag.py:508} INFO - Filling up the DagBag from /home/airflow/.local/lib/python3.7/site-packages/airflow/example_dags/example_skip_dag.py
[2022-08-04 00:03:54,025] {processor.py:651} INFO - DAG(s) dict_keys(['example_skip_dag']) retrieved from /home/airflow/.local/lib/python3.7/site-packages/airflow/example_dags/example_skip_dag.py
[2022-08-04 00:03:54,071] {logging_mixin.py:115} INFO - [2022-08-04 00:03:54,071] {dag.py:2420} INFO - Sync 1 DAGs
[2022-08-04 00:03:54,098] {logging_mixin.py:115} INFO - [2022-08-04 00:03:54,098] {dag.py:2972} INFO - Setting next_dagrun for example_skip_dag to 2022-08-03T00:03:54.098318+00:00, run_after=2022-08-04T00:03:54.098318+00:00
[2022-08-04 00:03:54,119] {processor.py:161} INFO - Processing /home/airflow/.local/lib/python3.7/site-packages/airflow/example_dags/example_skip_dag.py took 0.114 seconds
[2022-08-04 00:04:24,281] {processor.py:153} INFO - Started process (PID=22812) to work on /home/airflow/.local/lib/python3.7/site-packages/airflow/example_dags/example_skip_dag.py
[2022-08-04 00:04:24,283] {processor.py:641} INFO - Processing file /home/airflow/.local/lib/python3.7/site-packages/airflow/example_dags/example_skip_dag.py for tasks to queue
[2022-08-04 00:04:24,285] {logging_mixin.py:115} INFO - [2022-08-04 00:04:24,285] {dagbag.py:508} INFO - Filling up the DagBag from /home/airflow/.local/lib/python3.7/site-packages/airflow/example_dags/example_skip_dag.py
[2022-08-04 00:04:24,291] {processor.py:651} INFO - DAG(s) dict_keys(['example_skip_dag']) retrieved from /home/airflow/.local/lib/python3.7/site-packages/airflow/example_dags/example_skip_dag.py
[2022-08-04 00:04:24,324] {logging_mixin.py:115} INFO - [2022-08-04 00:04:24,324] {dag.py:2420} INFO - Sync 1 DAGs
[2022-08-04 00:04:24,346] {logging_mixin.py:115} INFO - [2022-08-04 00:04:24,346] {dag.py:2972} INFO - Setting next_dagrun for example_skip_dag to 2022-08-03T00:04:24.346169+00:00, run_after=2022-08-04T00:04:24.346169+00:00
[2022-08-04 00:04:24,366] {processor.py:161} INFO - Processing /home/airflow/.local/lib/python3.7/site-packages/airflow/example_dags/example_skip_dag.py took 0.088 seconds
[2022-08-04 00:04:55,316] {processor.py:153} INFO - Started process (PID=22875) to work on /home/airflow/.local/lib/python3.7/site-packages/airflow/example_dags/example_skip_dag.py
[2022-08-04 00:04:55,319] {processor.py:641} INFO - Processing file /home/airflow/.local/lib/python3.7/site-packages/airflow/example_dags/example_skip_dag.py for tasks to queue
[2022-08-04 00:04:55,321] {logging_mixin.py:115} INFO - [2022-08-04 00:04:55,321] {dagbag.py:508} INFO - Filling up the DagBag from /home/airflow/.local/lib/python3.7/site-packages/airflow/example_dags/example_skip_dag.py
[2022-08-04 00:04:55,334] {processor.py:651} INFO - DAG(s) dict_keys(['example_skip_dag']) retrieved from /home/airflow/.local/lib/python3.7/site-packages/airflow/example_dags/example_skip_dag.py
[2022-08-04 00:04:55,377] {logging_mixin.py:115} INFO - [2022-08-04 00:04:55,376] {dag.py:2420} INFO - Sync 1 DAGs
[2022-08-04 00:04:55,400] {logging_mixin.py:115} INFO - [2022-08-04 00:04:55,400] {dag.py:2972} INFO - Setting next_dagrun for example_skip_dag to 2022-08-03T00:04:55.400386+00:00, run_after=2022-08-04T00:04:55.400386+00:00
[2022-08-04 00:04:55,417] {processor.py:161} INFO - Processing /home/airflow/.local/lib/python3.7/site-packages/airflow/example_dags/example_skip_dag.py took 0.108 seconds
[2022-08-04 00:05:25,673] {processor.py:153} INFO - Started process (PID=22929) to work on /home/airflow/.local/lib/python3.7/site-packages/airflow/example_dags/example_skip_dag.py
[2022-08-04 00:05:25,676] {processor.py:641} INFO - Processing file /home/airflow/.local/lib/python3.7/site-packages/airflow/example_dags/example_skip_dag.py for tasks to queue
[2022-08-04 00:05:25,679] {logging_mixin.py:115} INFO - [2022-08-04 00:05:25,679] {dagbag.py:508} INFO - Filling up the DagBag from /home/airflow/.local/lib/python3.7/site-packages/airflow/example_dags/example_skip_dag.py
[2022-08-04 00:05:25,687] {processor.py:651} INFO - DAG(s) dict_keys(['example_skip_dag']) retrieved from /home/airflow/.local/lib/python3.7/site-packages/airflow/example_dags/example_skip_dag.py
[2022-08-04 00:05:25,734] {logging_mixin.py:115} INFO - [2022-08-04 00:05:25,733] {dag.py:2420} INFO - Sync 1 DAGs
[2022-08-04 00:05:25,766] {logging_mixin.py:115} INFO - [2022-08-04 00:05:25,766] {dag.py:2972} INFO - Setting next_dagrun for example_skip_dag to 2022-08-03T00:05:25.765841+00:00, run_after=2022-08-04T00:05:25.765841+00:00
[2022-08-04 00:05:25,798] {processor.py:161} INFO - Processing /home/airflow/.local/lib/python3.7/site-packages/airflow/example_dags/example_skip_dag.py took 0.132 seconds
[2022-08-04 00:05:56,530] {processor.py:153} INFO - Started process (PID=22993) to work on /home/airflow/.local/lib/python3.7/site-packages/airflow/example_dags/example_skip_dag.py
[2022-08-04 00:05:56,537] {processor.py:641} INFO - Processing file /home/airflow/.local/lib/python3.7/site-packages/airflow/example_dags/example_skip_dag.py for tasks to queue
[2022-08-04 00:05:56,541] {logging_mixin.py:115} INFO - [2022-08-04 00:05:56,541] {dagbag.py:508} INFO - Filling up the DagBag from /home/airflow/.local/lib/python3.7/site-packages/airflow/example_dags/example_skip_dag.py
[2022-08-04 00:05:56,554] {processor.py:651} INFO - DAG(s) dict_keys(['example_skip_dag']) retrieved from /home/airflow/.local/lib/python3.7/site-packages/airflow/example_dags/example_skip_dag.py
[2022-08-04 00:05:56,619] {logging_mixin.py:115} INFO - [2022-08-04 00:05:56,619] {dag.py:2420} INFO - Sync 1 DAGs
[2022-08-04 00:05:56,652] {logging_mixin.py:115} INFO - [2022-08-04 00:05:56,652] {dag.py:2972} INFO - Setting next_dagrun for example_skip_dag to 2022-08-03T00:05:56.652184+00:00, run_after=2022-08-04T00:05:56.652184+00:00
[2022-08-04 00:05:56,676] {processor.py:161} INFO - Processing /home/airflow/.local/lib/python3.7/site-packages/airflow/example_dags/example_skip_dag.py took 0.150 seconds
[2022-08-04 00:06:27,200] {processor.py:153} INFO - Started process (PID=23046) to work on /home/airflow/.local/lib/python3.7/site-packages/airflow/example_dags/example_skip_dag.py
[2022-08-04 00:06:27,206] {processor.py:641} INFO - Processing file /home/airflow/.local/lib/python3.7/site-packages/airflow/example_dags/example_skip_dag.py for tasks to queue
[2022-08-04 00:06:27,212] {logging_mixin.py:115} INFO - [2022-08-04 00:06:27,212] {dagbag.py:508} INFO - Filling up the DagBag from /home/airflow/.local/lib/python3.7/site-packages/airflow/example_dags/example_skip_dag.py
[2022-08-04 00:06:27,228] {processor.py:651} INFO - DAG(s) dict_keys(['example_skip_dag']) retrieved from /home/airflow/.local/lib/python3.7/site-packages/airflow/example_dags/example_skip_dag.py
[2022-08-04 00:06:27,284] {logging_mixin.py:115} INFO - [2022-08-04 00:06:27,284] {dag.py:2420} INFO - Sync 1 DAGs
[2022-08-04 00:06:27,320] {logging_mixin.py:115} INFO - [2022-08-04 00:06:27,320] {dag.py:2972} INFO - Setting next_dagrun for example_skip_dag to 2022-08-03T00:06:27.320172+00:00, run_after=2022-08-04T00:06:27.320172+00:00
[2022-08-04 00:06:27,356] {processor.py:161} INFO - Processing /home/airflow/.local/lib/python3.7/site-packages/airflow/example_dags/example_skip_dag.py took 0.160 seconds
[2022-08-04 00:06:57,454] {processor.py:153} INFO - Started process (PID=23111) to work on /home/airflow/.local/lib/python3.7/site-packages/airflow/example_dags/example_skip_dag.py
[2022-08-04 00:06:57,458] {processor.py:641} INFO - Processing file /home/airflow/.local/lib/python3.7/site-packages/airflow/example_dags/example_skip_dag.py for tasks to queue
[2022-08-04 00:06:57,460] {logging_mixin.py:115} INFO - [2022-08-04 00:06:57,460] {dagbag.py:508} INFO - Filling up the DagBag from /home/airflow/.local/lib/python3.7/site-packages/airflow/example_dags/example_skip_dag.py
[2022-08-04 00:06:57,468] {processor.py:651} INFO - DAG(s) dict_keys(['example_skip_dag']) retrieved from /home/airflow/.local/lib/python3.7/site-packages/airflow/example_dags/example_skip_dag.py
[2022-08-04 00:06:57,525] {logging_mixin.py:115} INFO - [2022-08-04 00:06:57,525] {dag.py:2420} INFO - Sync 1 DAGs
[2022-08-04 00:06:57,582] {logging_mixin.py:115} INFO - [2022-08-04 00:06:57,581] {dag.py:2972} INFO - Setting next_dagrun for example_skip_dag to 2022-08-03T00:06:57.581677+00:00, run_after=2022-08-04T00:06:57.581677+00:00
[2022-08-04 00:06:57,627] {processor.py:161} INFO - Processing /home/airflow/.local/lib/python3.7/site-packages/airflow/example_dags/example_skip_dag.py took 0.174 seconds
[2022-08-04 00:07:28,251] {processor.py:153} INFO - Started process (PID=23165) to work on /home/airflow/.local/lib/python3.7/site-packages/airflow/example_dags/example_skip_dag.py
[2022-08-04 00:07:28,253] {processor.py:641} INFO - Processing file /home/airflow/.local/lib/python3.7/site-packages/airflow/example_dags/example_skip_dag.py for tasks to queue
[2022-08-04 00:07:28,254] {logging_mixin.py:115} INFO - [2022-08-04 00:07:28,254] {dagbag.py:508} INFO - Filling up the DagBag from /home/airflow/.local/lib/python3.7/site-packages/airflow/example_dags/example_skip_dag.py
[2022-08-04 00:07:28,263] {processor.py:651} INFO - DAG(s) dict_keys(['example_skip_dag']) retrieved from /home/airflow/.local/lib/python3.7/site-packages/airflow/example_dags/example_skip_dag.py
[2022-08-04 00:07:28,297] {logging_mixin.py:115} INFO - [2022-08-04 00:07:28,297] {dag.py:2420} INFO - Sync 1 DAGs
[2022-08-04 00:07:28,322] {logging_mixin.py:115} INFO - [2022-08-04 00:07:28,322] {dag.py:2972} INFO - Setting next_dagrun for example_skip_dag to 2022-08-03T00:07:28.321790+00:00, run_after=2022-08-04T00:07:28.321790+00:00
[2022-08-04 00:07:28,338] {processor.py:161} INFO - Processing /home/airflow/.local/lib/python3.7/site-packages/airflow/example_dags/example_skip_dag.py took 0.091 seconds
[2022-08-04 00:07:58,441] {processor.py:153} INFO - Started process (PID=23229) to work on /home/airflow/.local/lib/python3.7/site-packages/airflow/example_dags/example_skip_dag.py
[2022-08-04 00:07:58,444] {processor.py:641} INFO - Processing file /home/airflow/.local/lib/python3.7/site-packages/airflow/example_dags/example_skip_dag.py for tasks to queue
[2022-08-04 00:07:58,446] {logging_mixin.py:115} INFO - [2022-08-04 00:07:58,446] {dagbag.py:508} INFO - Filling up the DagBag from /home/airflow/.local/lib/python3.7/site-packages/airflow/example_dags/example_skip_dag.py
[2022-08-04 00:07:58,459] {processor.py:651} INFO - DAG(s) dict_keys(['example_skip_dag']) retrieved from /home/airflow/.local/lib/python3.7/site-packages/airflow/example_dags/example_skip_dag.py
[2022-08-04 00:07:58,501] {logging_mixin.py:115} INFO - [2022-08-04 00:07:58,501] {dag.py:2420} INFO - Sync 1 DAGs
[2022-08-04 00:07:58,529] {logging_mixin.py:115} INFO - [2022-08-04 00:07:58,529] {dag.py:2972} INFO - Setting next_dagrun for example_skip_dag to 2022-08-03T00:07:58.528430+00:00, run_after=2022-08-04T00:07:58.528430+00:00
[2022-08-04 00:07:58,547] {processor.py:161} INFO - Processing /home/airflow/.local/lib/python3.7/site-packages/airflow/example_dags/example_skip_dag.py took 0.111 seconds
[2022-08-04 00:08:29,602] {processor.py:153} INFO - Started process (PID=23283) to work on /home/airflow/.local/lib/python3.7/site-packages/airflow/example_dags/example_skip_dag.py
[2022-08-04 00:08:29,608] {processor.py:641} INFO - Processing file /home/airflow/.local/lib/python3.7/site-packages/airflow/example_dags/example_skip_dag.py for tasks to queue
[2022-08-04 00:08:29,614] {logging_mixin.py:115} INFO - [2022-08-04 00:08:29,613] {dagbag.py:508} INFO - Filling up the DagBag from /home/airflow/.local/lib/python3.7/site-packages/airflow/example_dags/example_skip_dag.py
[2022-08-04 00:08:29,628] {processor.py:651} INFO - DAG(s) dict_keys(['example_skip_dag']) retrieved from /home/airflow/.local/lib/python3.7/site-packages/airflow/example_dags/example_skip_dag.py
[2022-08-04 00:08:29,717] {logging_mixin.py:115} INFO - [2022-08-04 00:08:29,717] {dag.py:2420} INFO - Sync 1 DAGs
[2022-08-04 00:08:29,765] {logging_mixin.py:115} INFO - [2022-08-04 00:08:29,765] {dag.py:2972} INFO - Setting next_dagrun for example_skip_dag to 2022-08-03T00:08:29.765128+00:00, run_after=2022-08-04T00:08:29.765128+00:00
[2022-08-04 00:08:29,792] {processor.py:161} INFO - Processing /home/airflow/.local/lib/python3.7/site-packages/airflow/example_dags/example_skip_dag.py took 0.196 seconds
[2022-08-04 00:09:00,810] {processor.py:153} INFO - Started process (PID=23345) to work on /home/airflow/.local/lib/python3.7/site-packages/airflow/example_dags/example_skip_dag.py
[2022-08-04 00:09:00,816] {processor.py:641} INFO - Processing file /home/airflow/.local/lib/python3.7/site-packages/airflow/example_dags/example_skip_dag.py for tasks to queue
[2022-08-04 00:09:00,821] {logging_mixin.py:115} INFO - [2022-08-04 00:09:00,821] {dagbag.py:508} INFO - Filling up the DagBag from /home/airflow/.local/lib/python3.7/site-packages/airflow/example_dags/example_skip_dag.py
[2022-08-04 00:09:00,837] {processor.py:651} INFO - DAG(s) dict_keys(['example_skip_dag']) retrieved from /home/airflow/.local/lib/python3.7/site-packages/airflow/example_dags/example_skip_dag.py
[2022-08-04 00:09:00,903] {logging_mixin.py:115} INFO - [2022-08-04 00:09:00,903] {dag.py:2420} INFO - Sync 1 DAGs
[2022-08-04 00:09:00,933] {logging_mixin.py:115} INFO - [2022-08-04 00:09:00,933] {dag.py:2972} INFO - Setting next_dagrun for example_skip_dag to 2022-08-03T00:09:00.932556+00:00, run_after=2022-08-04T00:09:00.932556+00:00
[2022-08-04 00:09:00,951] {processor.py:161} INFO - Processing /home/airflow/.local/lib/python3.7/site-packages/airflow/example_dags/example_skip_dag.py took 0.152 seconds
[2022-08-04 00:09:31,425] {processor.py:153} INFO - Started process (PID=23409) to work on /home/airflow/.local/lib/python3.7/site-packages/airflow/example_dags/example_skip_dag.py
[2022-08-04 00:09:31,433] {processor.py:641} INFO - Processing file /home/airflow/.local/lib/python3.7/site-packages/airflow/example_dags/example_skip_dag.py for tasks to queue
[2022-08-04 00:09:31,442] {logging_mixin.py:115} INFO - [2022-08-04 00:09:31,442] {dagbag.py:508} INFO - Filling up the DagBag from /home/airflow/.local/lib/python3.7/site-packages/airflow/example_dags/example_skip_dag.py
[2022-08-04 00:09:31,460] {processor.py:651} INFO - DAG(s) dict_keys(['example_skip_dag']) retrieved from /home/airflow/.local/lib/python3.7/site-packages/airflow/example_dags/example_skip_dag.py
[2022-08-04 00:09:31,532] {logging_mixin.py:115} INFO - [2022-08-04 00:09:31,532] {dag.py:2420} INFO - Sync 1 DAGs
[2022-08-04 00:09:31,573] {logging_mixin.py:115} INFO - [2022-08-04 00:09:31,572] {dag.py:2972} INFO - Setting next_dagrun for example_skip_dag to 2022-08-03T00:09:31.572578+00:00, run_after=2022-08-04T00:09:31.572578+00:00
[2022-08-04 00:09:31,621] {processor.py:161} INFO - Processing /home/airflow/.local/lib/python3.7/site-packages/airflow/example_dags/example_skip_dag.py took 0.205 seconds
[2022-08-04 00:10:08,841] {processor.py:153} INFO - Started process (PID=23463) to work on /home/airflow/.local/lib/python3.7/site-packages/airflow/example_dags/example_skip_dag.py
[2022-08-04 00:10:08,873] {processor.py:641} INFO - Processing file /home/airflow/.local/lib/python3.7/site-packages/airflow/example_dags/example_skip_dag.py for tasks to queue
[2022-08-04 00:10:08,903] {logging_mixin.py:115} INFO - [2022-08-04 00:10:08,903] {dagbag.py:508} INFO - Filling up the DagBag from /home/airflow/.local/lib/python3.7/site-packages/airflow/example_dags/example_skip_dag.py
[2022-08-04 00:10:08,922] {processor.py:651} INFO - DAG(s) dict_keys(['example_skip_dag']) retrieved from /home/airflow/.local/lib/python3.7/site-packages/airflow/example_dags/example_skip_dag.py
[2022-08-04 00:10:09,084] {logging_mixin.py:115} INFO - [2022-08-04 00:10:09,083] {dag.py:2420} INFO - Sync 1 DAGs
[2022-08-04 00:10:09,173] {logging_mixin.py:115} INFO - [2022-08-04 00:10:09,173] {dag.py:2972} INFO - Setting next_dagrun for example_skip_dag to 2022-08-03T00:10:09.172701+00:00, run_after=2022-08-04T00:10:09.172701+00:00
[2022-08-04 00:10:09,250] {processor.py:161} INFO - Processing /home/airflow/.local/lib/python3.7/site-packages/airflow/example_dags/example_skip_dag.py took 0.417 seconds
[2022-08-04 00:11:02,321] {processor.py:153} INFO - Started process (PID=23515) to work on /home/airflow/.local/lib/python3.7/site-packages/airflow/example_dags/example_skip_dag.py
[2022-08-04 00:11:02,329] {processor.py:641} INFO - Processing file /home/airflow/.local/lib/python3.7/site-packages/airflow/example_dags/example_skip_dag.py for tasks to queue
[2022-08-04 00:11:02,346] {logging_mixin.py:115} INFO - [2022-08-04 00:11:02,346] {dagbag.py:508} INFO - Filling up the DagBag from /home/airflow/.local/lib/python3.7/site-packages/airflow/example_dags/example_skip_dag.py
[2022-08-04 00:11:02,386] {processor.py:651} INFO - DAG(s) dict_keys(['example_skip_dag']) retrieved from /home/airflow/.local/lib/python3.7/site-packages/airflow/example_dags/example_skip_dag.py
[2022-08-04 00:11:02,548] {logging_mixin.py:115} INFO - [2022-08-04 00:11:02,548] {dag.py:2420} INFO - Sync 1 DAGs
[2022-08-04 00:11:02,650] {logging_mixin.py:115} INFO - [2022-08-04 00:11:02,650] {dag.py:2972} INFO - Setting next_dagrun for example_skip_dag to 2022-08-03T00:11:02.648053+00:00, run_after=2022-08-04T00:11:02.648053+00:00
[2022-08-04 00:11:02,732] {processor.py:161} INFO - Processing /home/airflow/.local/lib/python3.7/site-packages/airflow/example_dags/example_skip_dag.py took 0.429 seconds
[2022-08-04 00:11:33,043] {processor.py:153} INFO - Started process (PID=23568) to work on /home/airflow/.local/lib/python3.7/site-packages/airflow/example_dags/example_skip_dag.py
[2022-08-04 00:11:33,045] {processor.py:641} INFO - Processing file /home/airflow/.local/lib/python3.7/site-packages/airflow/example_dags/example_skip_dag.py for tasks to queue
[2022-08-04 00:11:33,048] {logging_mixin.py:115} INFO - [2022-08-04 00:11:33,048] {dagbag.py:508} INFO - Filling up the DagBag from /home/airflow/.local/lib/python3.7/site-packages/airflow/example_dags/example_skip_dag.py
[2022-08-04 00:11:33,057] {processor.py:651} INFO - DAG(s) dict_keys(['example_skip_dag']) retrieved from /home/airflow/.local/lib/python3.7/site-packages/airflow/example_dags/example_skip_dag.py
[2022-08-04 00:11:33,103] {logging_mixin.py:115} INFO - [2022-08-04 00:11:33,103] {dag.py:2420} INFO - Sync 1 DAGs
[2022-08-04 00:11:33,133] {logging_mixin.py:115} INFO - [2022-08-04 00:11:33,132] {dag.py:2972} INFO - Setting next_dagrun for example_skip_dag to 2022-08-03T00:11:33.132476+00:00, run_after=2022-08-04T00:11:33.132476+00:00
[2022-08-04 00:11:33,149] {processor.py:161} INFO - Processing /home/airflow/.local/lib/python3.7/site-packages/airflow/example_dags/example_skip_dag.py took 0.111 seconds
[2022-08-04 00:14:53,688] {processor.py:153} INFO - Started process (PID=23632) to work on /home/airflow/.local/lib/python3.7/site-packages/airflow/example_dags/example_skip_dag.py
[2022-08-04 00:14:53,697] {processor.py:641} INFO - Processing file /home/airflow/.local/lib/python3.7/site-packages/airflow/example_dags/example_skip_dag.py for tasks to queue
[2022-08-04 00:14:53,702] {logging_mixin.py:115} INFO - [2022-08-04 00:14:53,702] {dagbag.py:508} INFO - Filling up the DagBag from /home/airflow/.local/lib/python3.7/site-packages/airflow/example_dags/example_skip_dag.py
[2022-08-04 00:14:53,723] {processor.py:651} INFO - DAG(s) dict_keys(['example_skip_dag']) retrieved from /home/airflow/.local/lib/python3.7/site-packages/airflow/example_dags/example_skip_dag.py
[2022-08-04 00:14:53,802] {logging_mixin.py:115} INFO - [2022-08-04 00:14:53,801] {dag.py:2420} INFO - Sync 1 DAGs
[2022-08-04 00:14:53,857] {logging_mixin.py:115} INFO - [2022-08-04 00:14:53,857] {dag.py:2972} INFO - Setting next_dagrun for example_skip_dag to 2022-08-03T00:14:53.857194+00:00, run_after=2022-08-04T00:14:53.857194+00:00
[2022-08-04 00:14:53,888] {processor.py:161} INFO - Processing /home/airflow/.local/lib/python3.7/site-packages/airflow/example_dags/example_skip_dag.py took 0.207 seconds
[2022-08-04 00:15:26,241] {processor.py:153} INFO - Started process (PID=23686) to work on /home/airflow/.local/lib/python3.7/site-packages/airflow/example_dags/example_skip_dag.py
[2022-08-04 00:15:26,282] {processor.py:641} INFO - Processing file /home/airflow/.local/lib/python3.7/site-packages/airflow/example_dags/example_skip_dag.py for tasks to queue
[2022-08-04 00:15:26,489] {logging_mixin.py:115} INFO - [2022-08-04 00:15:26,487] {dagbag.py:508} INFO - Filling up the DagBag from /home/airflow/.local/lib/python3.7/site-packages/airflow/example_dags/example_skip_dag.py
[2022-08-04 00:15:27,524] {processor.py:651} INFO - DAG(s) dict_keys(['example_skip_dag']) retrieved from /home/airflow/.local/lib/python3.7/site-packages/airflow/example_dags/example_skip_dag.py
[2022-08-04 00:15:28,382] {logging_mixin.py:115} INFO - [2022-08-04 00:15:28,379] {dag.py:2420} INFO - Sync 1 DAGs
[2022-08-04 00:15:28,588] {logging_mixin.py:115} INFO - [2022-08-04 00:15:28,587] {dag.py:2972} INFO - Setting next_dagrun for example_skip_dag to 2022-08-03T00:15:28.584272+00:00, run_after=2022-08-04T00:15:28.584272+00:00
[2022-08-04 00:15:28,691] {processor.py:161} INFO - Processing /home/airflow/.local/lib/python3.7/site-packages/airflow/example_dags/example_skip_dag.py took 3.069 seconds
[2022-08-04 00:32:46,382] {processor.py:153} INFO - Started process (PID=23741) to work on /home/airflow/.local/lib/python3.7/site-packages/airflow/example_dags/example_skip_dag.py
[2022-08-04 00:32:46,392] {processor.py:641} INFO - Processing file /home/airflow/.local/lib/python3.7/site-packages/airflow/example_dags/example_skip_dag.py for tasks to queue
[2022-08-04 00:32:46,404] {logging_mixin.py:115} INFO - [2022-08-04 00:32:46,403] {dagbag.py:508} INFO - Filling up the DagBag from /home/airflow/.local/lib/python3.7/site-packages/airflow/example_dags/example_skip_dag.py
[2022-08-04 00:32:46,453] {processor.py:651} INFO - DAG(s) dict_keys(['example_skip_dag']) retrieved from /home/airflow/.local/lib/python3.7/site-packages/airflow/example_dags/example_skip_dag.py
[2022-08-04 00:32:46,671] {logging_mixin.py:115} INFO - [2022-08-04 00:32:46,671] {dag.py:2420} INFO - Sync 1 DAGs
[2022-08-04 00:32:46,744] {logging_mixin.py:115} INFO - [2022-08-04 00:32:46,744] {dag.py:2972} INFO - Setting next_dagrun for example_skip_dag to 2022-08-03T00:32:46.740771+00:00, run_after=2022-08-04T00:32:46.740771+00:00
[2022-08-04 00:32:46,888] {processor.py:161} INFO - Processing /home/airflow/.local/lib/python3.7/site-packages/airflow/example_dags/example_skip_dag.py took 0.514 seconds
[2022-08-04 00:33:18,088] {processor.py:153} INFO - Started process (PID=23796) to work on /home/airflow/.local/lib/python3.7/site-packages/airflow/example_dags/example_skip_dag.py
[2022-08-04 00:33:18,107] {processor.py:641} INFO - Processing file /home/airflow/.local/lib/python3.7/site-packages/airflow/example_dags/example_skip_dag.py for tasks to queue
[2022-08-04 00:33:18,128] {logging_mixin.py:115} INFO - [2022-08-04 00:33:18,127] {dagbag.py:508} INFO - Filling up the DagBag from /home/airflow/.local/lib/python3.7/site-packages/airflow/example_dags/example_skip_dag.py
[2022-08-04 00:33:18,220] {processor.py:651} INFO - DAG(s) dict_keys(['example_skip_dag']) retrieved from /home/airflow/.local/lib/python3.7/site-packages/airflow/example_dags/example_skip_dag.py
[2022-08-04 00:33:19,955] {logging_mixin.py:115} INFO - [2022-08-04 00:33:19,953] {dag.py:2420} INFO - Sync 1 DAGs
[2022-08-04 00:33:20,124] {logging_mixin.py:115} INFO - [2022-08-04 00:33:20,124] {dag.py:2972} INFO - Setting next_dagrun for example_skip_dag to 2022-08-03T00:33:20.123989+00:00, run_after=2022-08-04T00:33:20.123989+00:00
[2022-08-04 00:33:20,234] {processor.py:161} INFO - Processing /home/airflow/.local/lib/python3.7/site-packages/airflow/example_dags/example_skip_dag.py took 2.192 seconds
[2022-08-04 00:33:50,442] {processor.py:153} INFO - Started process (PID=23859) to work on /home/airflow/.local/lib/python3.7/site-packages/airflow/example_dags/example_skip_dag.py
[2022-08-04 00:33:50,450] {processor.py:641} INFO - Processing file /home/airflow/.local/lib/python3.7/site-packages/airflow/example_dags/example_skip_dag.py for tasks to queue
[2022-08-04 00:33:50,462] {logging_mixin.py:115} INFO - [2022-08-04 00:33:50,461] {dagbag.py:508} INFO - Filling up the DagBag from /home/airflow/.local/lib/python3.7/site-packages/airflow/example_dags/example_skip_dag.py
[2022-08-04 00:33:50,486] {processor.py:651} INFO - DAG(s) dict_keys(['example_skip_dag']) retrieved from /home/airflow/.local/lib/python3.7/site-packages/airflow/example_dags/example_skip_dag.py
[2022-08-04 00:33:50,565] {logging_mixin.py:115} INFO - [2022-08-04 00:33:50,565] {dag.py:2420} INFO - Sync 1 DAGs
[2022-08-04 00:33:50,603] {logging_mixin.py:115} INFO - [2022-08-04 00:33:50,603] {dag.py:2972} INFO - Setting next_dagrun for example_skip_dag to 2022-08-03T00:33:50.603470+00:00, run_after=2022-08-04T00:33:50.603470+00:00
[2022-08-04 00:33:50,637] {processor.py:161} INFO - Processing /home/airflow/.local/lib/python3.7/site-packages/airflow/example_dags/example_skip_dag.py took 0.202 seconds
[2022-08-04 00:34:22,449] {processor.py:153} INFO - Started process (PID=23913) to work on /home/airflow/.local/lib/python3.7/site-packages/airflow/example_dags/example_skip_dag.py
[2022-08-04 00:34:22,458] {processor.py:641} INFO - Processing file /home/airflow/.local/lib/python3.7/site-packages/airflow/example_dags/example_skip_dag.py for tasks to queue
[2022-08-04 00:34:22,472] {logging_mixin.py:115} INFO - [2022-08-04 00:34:22,471] {dagbag.py:508} INFO - Filling up the DagBag from /home/airflow/.local/lib/python3.7/site-packages/airflow/example_dags/example_skip_dag.py
[2022-08-04 00:34:22,502] {processor.py:651} INFO - DAG(s) dict_keys(['example_skip_dag']) retrieved from /home/airflow/.local/lib/python3.7/site-packages/airflow/example_dags/example_skip_dag.py
[2022-08-04 00:34:22,611] {logging_mixin.py:115} INFO - [2022-08-04 00:34:22,611] {dag.py:2420} INFO - Sync 1 DAGs
[2022-08-04 00:34:22,663] {logging_mixin.py:115} INFO - [2022-08-04 00:34:22,663] {dag.py:2972} INFO - Setting next_dagrun for example_skip_dag to 2022-08-03T00:34:22.662291+00:00, run_after=2022-08-04T00:34:22.662291+00:00
[2022-08-04 00:34:22,692] {processor.py:161} INFO - Processing /home/airflow/.local/lib/python3.7/site-packages/airflow/example_dags/example_skip_dag.py took 0.260 seconds
[2022-08-04 00:34:53,203] {processor.py:153} INFO - Started process (PID=23977) to work on /home/airflow/.local/lib/python3.7/site-packages/airflow/example_dags/example_skip_dag.py
[2022-08-04 00:34:53,206] {processor.py:641} INFO - Processing file /home/airflow/.local/lib/python3.7/site-packages/airflow/example_dags/example_skip_dag.py for tasks to queue
[2022-08-04 00:34:53,210] {logging_mixin.py:115} INFO - [2022-08-04 00:34:53,210] {dagbag.py:508} INFO - Filling up the DagBag from /home/airflow/.local/lib/python3.7/site-packages/airflow/example_dags/example_skip_dag.py
[2022-08-04 00:34:53,233] {processor.py:651} INFO - DAG(s) dict_keys(['example_skip_dag']) retrieved from /home/airflow/.local/lib/python3.7/site-packages/airflow/example_dags/example_skip_dag.py
[2022-08-04 00:34:53,319] {logging_mixin.py:115} INFO - [2022-08-04 00:34:53,318] {dag.py:2420} INFO - Sync 1 DAGs
[2022-08-04 00:34:53,368] {logging_mixin.py:115} INFO - [2022-08-04 00:34:53,368] {dag.py:2972} INFO - Setting next_dagrun for example_skip_dag to 2022-08-03T00:34:53.367663+00:00, run_after=2022-08-04T00:34:53.367663+00:00
[2022-08-04 00:34:53,384] {processor.py:161} INFO - Processing /home/airflow/.local/lib/python3.7/site-packages/airflow/example_dags/example_skip_dag.py took 0.188 seconds
[2022-08-04 00:35:24,088] {processor.py:153} INFO - Started process (PID=24031) to work on /home/airflow/.local/lib/python3.7/site-packages/airflow/example_dags/example_skip_dag.py
[2022-08-04 00:35:24,094] {processor.py:641} INFO - Processing file /home/airflow/.local/lib/python3.7/site-packages/airflow/example_dags/example_skip_dag.py for tasks to queue
[2022-08-04 00:35:24,104] {logging_mixin.py:115} INFO - [2022-08-04 00:35:24,104] {dagbag.py:508} INFO - Filling up the DagBag from /home/airflow/.local/lib/python3.7/site-packages/airflow/example_dags/example_skip_dag.py
[2022-08-04 00:35:24,146] {processor.py:651} INFO - DAG(s) dict_keys(['example_skip_dag']) retrieved from /home/airflow/.local/lib/python3.7/site-packages/airflow/example_dags/example_skip_dag.py
[2022-08-04 00:35:24,269] {logging_mixin.py:115} INFO - [2022-08-04 00:35:24,269] {dag.py:2420} INFO - Sync 1 DAGs
[2022-08-04 00:35:24,329] {logging_mixin.py:115} INFO - [2022-08-04 00:35:24,328] {dag.py:2972} INFO - Setting next_dagrun for example_skip_dag to 2022-08-03T00:35:24.327630+00:00, run_after=2022-08-04T00:35:24.327630+00:00
[2022-08-04 00:35:24,367] {processor.py:161} INFO - Processing /home/airflow/.local/lib/python3.7/site-packages/airflow/example_dags/example_skip_dag.py took 0.303 seconds
[2022-08-04 00:35:55,472] {processor.py:153} INFO - Started process (PID=24093) to work on /home/airflow/.local/lib/python3.7/site-packages/airflow/example_dags/example_skip_dag.py
[2022-08-04 00:35:55,483] {processor.py:641} INFO - Processing file /home/airflow/.local/lib/python3.7/site-packages/airflow/example_dags/example_skip_dag.py for tasks to queue
[2022-08-04 00:35:55,497] {logging_mixin.py:115} INFO - [2022-08-04 00:35:55,497] {dagbag.py:508} INFO - Filling up the DagBag from /home/airflow/.local/lib/python3.7/site-packages/airflow/example_dags/example_skip_dag.py
[2022-08-04 00:35:55,517] {processor.py:651} INFO - DAG(s) dict_keys(['example_skip_dag']) retrieved from /home/airflow/.local/lib/python3.7/site-packages/airflow/example_dags/example_skip_dag.py
[2022-08-04 00:35:55,641] {logging_mixin.py:115} INFO - [2022-08-04 00:35:55,641] {dag.py:2420} INFO - Sync 1 DAGs
[2022-08-04 00:35:55,707] {logging_mixin.py:115} INFO - [2022-08-04 00:35:55,707] {dag.py:2972} INFO - Setting next_dagrun for example_skip_dag to 2022-08-03T00:35:55.706333+00:00, run_after=2022-08-04T00:35:55.706333+00:00
[2022-08-04 00:35:55,743] {processor.py:161} INFO - Processing /home/airflow/.local/lib/python3.7/site-packages/airflow/example_dags/example_skip_dag.py took 0.279 seconds
[2022-08-04 00:36:26,301] {processor.py:153} INFO - Started process (PID=24148) to work on /home/airflow/.local/lib/python3.7/site-packages/airflow/example_dags/example_skip_dag.py
[2022-08-04 00:36:26,304] {processor.py:641} INFO - Processing file /home/airflow/.local/lib/python3.7/site-packages/airflow/example_dags/example_skip_dag.py for tasks to queue
[2022-08-04 00:36:26,308] {logging_mixin.py:115} INFO - [2022-08-04 00:36:26,308] {dagbag.py:508} INFO - Filling up the DagBag from /home/airflow/.local/lib/python3.7/site-packages/airflow/example_dags/example_skip_dag.py
[2022-08-04 00:36:26,324] {processor.py:651} INFO - DAG(s) dict_keys(['example_skip_dag']) retrieved from /home/airflow/.local/lib/python3.7/site-packages/airflow/example_dags/example_skip_dag.py
[2022-08-04 00:36:26,383] {logging_mixin.py:115} INFO - [2022-08-04 00:36:26,382] {dag.py:2420} INFO - Sync 1 DAGs
[2022-08-04 00:36:26,421] {logging_mixin.py:115} INFO - [2022-08-04 00:36:26,421] {dag.py:2972} INFO - Setting next_dagrun for example_skip_dag to 2022-08-03T00:36:26.421095+00:00, run_after=2022-08-04T00:36:26.421095+00:00
[2022-08-04 00:36:26,443] {processor.py:161} INFO - Processing /home/airflow/.local/lib/python3.7/site-packages/airflow/example_dags/example_skip_dag.py took 0.151 seconds
[2022-08-04 00:36:56,584] {processor.py:153} INFO - Started process (PID=24210) to work on /home/airflow/.local/lib/python3.7/site-packages/airflow/example_dags/example_skip_dag.py
[2022-08-04 00:36:56,591] {processor.py:641} INFO - Processing file /home/airflow/.local/lib/python3.7/site-packages/airflow/example_dags/example_skip_dag.py for tasks to queue
[2022-08-04 00:36:56,601] {logging_mixin.py:115} INFO - [2022-08-04 00:36:56,601] {dagbag.py:508} INFO - Filling up the DagBag from /home/airflow/.local/lib/python3.7/site-packages/airflow/example_dags/example_skip_dag.py
[2022-08-04 00:36:56,624] {processor.py:651} INFO - DAG(s) dict_keys(['example_skip_dag']) retrieved from /home/airflow/.local/lib/python3.7/site-packages/airflow/example_dags/example_skip_dag.py
[2022-08-04 00:36:56,719] {logging_mixin.py:115} INFO - [2022-08-04 00:36:56,718] {dag.py:2420} INFO - Sync 1 DAGs
[2022-08-04 00:36:56,795] {logging_mixin.py:115} INFO - [2022-08-04 00:36:56,794] {dag.py:2972} INFO - Setting next_dagrun for example_skip_dag to 2022-08-03T00:36:56.794169+00:00, run_after=2022-08-04T00:36:56.794169+00:00
[2022-08-04 00:36:56,833] {processor.py:161} INFO - Processing /home/airflow/.local/lib/python3.7/site-packages/airflow/example_dags/example_skip_dag.py took 0.264 seconds
[2022-08-04 00:37:27,774] {processor.py:153} INFO - Started process (PID=24264) to work on /home/airflow/.local/lib/python3.7/site-packages/airflow/example_dags/example_skip_dag.py
[2022-08-04 00:37:27,778] {processor.py:641} INFO - Processing file /home/airflow/.local/lib/python3.7/site-packages/airflow/example_dags/example_skip_dag.py for tasks to queue
[2022-08-04 00:37:27,780] {logging_mixin.py:115} INFO - [2022-08-04 00:37:27,780] {dagbag.py:508} INFO - Filling up the DagBag from /home/airflow/.local/lib/python3.7/site-packages/airflow/example_dags/example_skip_dag.py
[2022-08-04 00:37:27,805] {processor.py:651} INFO - DAG(s) dict_keys(['example_skip_dag']) retrieved from /home/airflow/.local/lib/python3.7/site-packages/airflow/example_dags/example_skip_dag.py
[2022-08-04 00:37:27,871] {logging_mixin.py:115} INFO - [2022-08-04 00:37:27,870] {dag.py:2420} INFO - Sync 1 DAGs
[2022-08-04 00:37:27,903] {logging_mixin.py:115} INFO - [2022-08-04 00:37:27,903] {dag.py:2972} INFO - Setting next_dagrun for example_skip_dag to 2022-08-03T00:37:27.903102+00:00, run_after=2022-08-04T00:37:27.903102+00:00
[2022-08-04 00:37:27,919] {processor.py:161} INFO - Processing /home/airflow/.local/lib/python3.7/site-packages/airflow/example_dags/example_skip_dag.py took 0.155 seconds
[2022-08-04 00:38:00,334] {processor.py:153} INFO - Started process (PID=24317) to work on /home/airflow/.local/lib/python3.7/site-packages/airflow/example_dags/example_skip_dag.py
[2022-08-04 00:38:00,340] {processor.py:641} INFO - Processing file /home/airflow/.local/lib/python3.7/site-packages/airflow/example_dags/example_skip_dag.py for tasks to queue
[2022-08-04 00:38:00,376] {logging_mixin.py:115} INFO - [2022-08-04 00:38:00,376] {dagbag.py:508} INFO - Filling up the DagBag from /home/airflow/.local/lib/python3.7/site-packages/airflow/example_dags/example_skip_dag.py
[2022-08-04 00:38:00,569] {processor.py:651} INFO - DAG(s) dict_keys(['example_skip_dag']) retrieved from /home/airflow/.local/lib/python3.7/site-packages/airflow/example_dags/example_skip_dag.py
[2022-08-04 00:38:02,005] {logging_mixin.py:115} INFO - [2022-08-04 00:38:02,003] {dag.py:2420} INFO - Sync 1 DAGs
[2022-08-04 00:38:02,119] {logging_mixin.py:115} INFO - [2022-08-04 00:38:02,118] {dag.py:2972} INFO - Setting next_dagrun for example_skip_dag to 2022-08-03T00:38:02.108110+00:00, run_after=2022-08-04T00:38:02.108110+00:00
[2022-08-04 00:38:02,220] {processor.py:161} INFO - Processing /home/airflow/.local/lib/python3.7/site-packages/airflow/example_dags/example_skip_dag.py took 2.113 seconds
