[2022-08-04 00:00:29,216] {processor.py:153} INFO - Started process (PID=22386) to work on /home/airflow/.local/lib/python3.7/site-packages/airflow/example_dags/example_latest_only_with_trigger.py
[2022-08-04 00:00:29,223] {processor.py:641} INFO - Processing file /home/airflow/.local/lib/python3.7/site-packages/airflow/example_dags/example_latest_only_with_trigger.py for tasks to queue
[2022-08-04 00:00:29,231] {logging_mixin.py:115} INFO - [2022-08-04 00:00:29,231] {dagbag.py:508} INFO - Filling up the DagBag from /home/airflow/.local/lib/python3.7/site-packages/airflow/example_dags/example_latest_only_with_trigger.py
[2022-08-04 00:00:29,288] {processor.py:651} INFO - DAG(s) dict_keys(['latest_only_with_trigger']) retrieved from /home/airflow/.local/lib/python3.7/site-packages/airflow/example_dags/example_latest_only_with_trigger.py
[2022-08-04 00:00:29,420] {logging_mixin.py:115} INFO - [2022-08-04 00:00:29,420] {dag.py:2420} INFO - Sync 1 DAGs
[2022-08-04 00:00:29,481] {logging_mixin.py:115} INFO - [2022-08-04 00:00:29,481] {dag.py:2972} INFO - Setting next_dagrun for latest_only_with_trigger to 2022-08-03T20:00:29.481250+00:00, run_after=2022-08-04T00:00:29.481250+00:00
[2022-08-04 00:00:29,509] {processor.py:161} INFO - Processing /home/airflow/.local/lib/python3.7/site-packages/airflow/example_dags/example_latest_only_with_trigger.py took 0.305 seconds
[2022-08-04 00:01:00,030] {processor.py:153} INFO - Started process (PID=22444) to work on /home/airflow/.local/lib/python3.7/site-packages/airflow/example_dags/example_latest_only_with_trigger.py
[2022-08-04 00:01:00,038] {processor.py:641} INFO - Processing file /home/airflow/.local/lib/python3.7/site-packages/airflow/example_dags/example_latest_only_with_trigger.py for tasks to queue
[2022-08-04 00:01:00,040] {logging_mixin.py:115} INFO - [2022-08-04 00:01:00,040] {dagbag.py:508} INFO - Filling up the DagBag from /home/airflow/.local/lib/python3.7/site-packages/airflow/example_dags/example_latest_only_with_trigger.py
[2022-08-04 00:01:00,052] {processor.py:651} INFO - DAG(s) dict_keys(['latest_only_with_trigger']) retrieved from /home/airflow/.local/lib/python3.7/site-packages/airflow/example_dags/example_latest_only_with_trigger.py
[2022-08-04 00:01:00,128] {logging_mixin.py:115} INFO - [2022-08-04 00:01:00,128] {dag.py:2420} INFO - Sync 1 DAGs
[2022-08-04 00:01:00,166] {logging_mixin.py:115} INFO - [2022-08-04 00:01:00,166] {dag.py:2972} INFO - Setting next_dagrun for latest_only_with_trigger to 2022-08-03T20:01:00.166082+00:00, run_after=2022-08-04T00:01:00.166082+00:00
[2022-08-04 00:01:00,186] {processor.py:161} INFO - Processing /home/airflow/.local/lib/python3.7/site-packages/airflow/example_dags/example_latest_only_with_trigger.py took 0.168 seconds
[2022-08-04 00:01:30,670] {processor.py:153} INFO - Started process (PID=22498) to work on /home/airflow/.local/lib/python3.7/site-packages/airflow/example_dags/example_latest_only_with_trigger.py
[2022-08-04 00:01:30,673] {processor.py:641} INFO - Processing file /home/airflow/.local/lib/python3.7/site-packages/airflow/example_dags/example_latest_only_with_trigger.py for tasks to queue
[2022-08-04 00:01:30,675] {logging_mixin.py:115} INFO - [2022-08-04 00:01:30,675] {dagbag.py:508} INFO - Filling up the DagBag from /home/airflow/.local/lib/python3.7/site-packages/airflow/example_dags/example_latest_only_with_trigger.py
[2022-08-04 00:01:30,685] {processor.py:651} INFO - DAG(s) dict_keys(['latest_only_with_trigger']) retrieved from /home/airflow/.local/lib/python3.7/site-packages/airflow/example_dags/example_latest_only_with_trigger.py
[2022-08-04 00:01:30,722] {logging_mixin.py:115} INFO - [2022-08-04 00:01:30,722] {dag.py:2420} INFO - Sync 1 DAGs
[2022-08-04 00:01:30,749] {logging_mixin.py:115} INFO - [2022-08-04 00:01:30,748] {dag.py:2972} INFO - Setting next_dagrun for latest_only_with_trigger to 2022-08-03T20:01:30.748458+00:00, run_after=2022-08-04T00:01:30.748458+00:00
[2022-08-04 00:01:30,763] {processor.py:161} INFO - Processing /home/airflow/.local/lib/python3.7/site-packages/airflow/example_dags/example_latest_only_with_trigger.py took 0.098 seconds
[2022-08-04 00:02:01,360] {processor.py:153} INFO - Started process (PID=22560) to work on /home/airflow/.local/lib/python3.7/site-packages/airflow/example_dags/example_latest_only_with_trigger.py
[2022-08-04 00:02:01,365] {processor.py:641} INFO - Processing file /home/airflow/.local/lib/python3.7/site-packages/airflow/example_dags/example_latest_only_with_trigger.py for tasks to queue
[2022-08-04 00:02:01,371] {logging_mixin.py:115} INFO - [2022-08-04 00:02:01,371] {dagbag.py:508} INFO - Filling up the DagBag from /home/airflow/.local/lib/python3.7/site-packages/airflow/example_dags/example_latest_only_with_trigger.py
[2022-08-04 00:02:01,386] {processor.py:651} INFO - DAG(s) dict_keys(['latest_only_with_trigger']) retrieved from /home/airflow/.local/lib/python3.7/site-packages/airflow/example_dags/example_latest_only_with_trigger.py
[2022-08-04 00:02:01,432] {logging_mixin.py:115} INFO - [2022-08-04 00:02:01,432] {dag.py:2420} INFO - Sync 1 DAGs
[2022-08-04 00:02:01,466] {logging_mixin.py:115} INFO - [2022-08-04 00:02:01,466] {dag.py:2972} INFO - Setting next_dagrun for latest_only_with_trigger to 2022-08-03T20:02:01.466052+00:00, run_after=2022-08-04T00:02:01.466052+00:00
[2022-08-04 00:02:01,487] {processor.py:161} INFO - Processing /home/airflow/.local/lib/python3.7/site-packages/airflow/example_dags/example_latest_only_with_trigger.py took 0.134 seconds
[2022-08-04 00:02:32,256] {processor.py:153} INFO - Started process (PID=22614) to work on /home/airflow/.local/lib/python3.7/site-packages/airflow/example_dags/example_latest_only_with_trigger.py
[2022-08-04 00:02:32,258] {processor.py:641} INFO - Processing file /home/airflow/.local/lib/python3.7/site-packages/airflow/example_dags/example_latest_only_with_trigger.py for tasks to queue
[2022-08-04 00:02:32,260] {logging_mixin.py:115} INFO - [2022-08-04 00:02:32,260] {dagbag.py:508} INFO - Filling up the DagBag from /home/airflow/.local/lib/python3.7/site-packages/airflow/example_dags/example_latest_only_with_trigger.py
[2022-08-04 00:02:32,271] {processor.py:651} INFO - DAG(s) dict_keys(['latest_only_with_trigger']) retrieved from /home/airflow/.local/lib/python3.7/site-packages/airflow/example_dags/example_latest_only_with_trigger.py
[2022-08-04 00:02:32,311] {logging_mixin.py:115} INFO - [2022-08-04 00:02:32,311] {dag.py:2420} INFO - Sync 1 DAGs
[2022-08-04 00:02:32,338] {logging_mixin.py:115} INFO - [2022-08-04 00:02:32,338] {dag.py:2972} INFO - Setting next_dagrun for latest_only_with_trigger to 2022-08-03T20:02:32.338243+00:00, run_after=2022-08-04T00:02:32.338243+00:00
[2022-08-04 00:02:32,355] {processor.py:161} INFO - Processing /home/airflow/.local/lib/python3.7/site-packages/airflow/example_dags/example_latest_only_with_trigger.py took 0.104 seconds
[2022-08-04 00:03:03,002] {processor.py:153} INFO - Started process (PID=22678) to work on /home/airflow/.local/lib/python3.7/site-packages/airflow/example_dags/example_latest_only_with_trigger.py
[2022-08-04 00:03:03,006] {processor.py:641} INFO - Processing file /home/airflow/.local/lib/python3.7/site-packages/airflow/example_dags/example_latest_only_with_trigger.py for tasks to queue
[2022-08-04 00:03:03,010] {logging_mixin.py:115} INFO - [2022-08-04 00:03:03,010] {dagbag.py:508} INFO - Filling up the DagBag from /home/airflow/.local/lib/python3.7/site-packages/airflow/example_dags/example_latest_only_with_trigger.py
[2022-08-04 00:03:03,023] {processor.py:651} INFO - DAG(s) dict_keys(['latest_only_with_trigger']) retrieved from /home/airflow/.local/lib/python3.7/site-packages/airflow/example_dags/example_latest_only_with_trigger.py
[2022-08-04 00:03:03,070] {logging_mixin.py:115} INFO - [2022-08-04 00:03:03,070] {dag.py:2420} INFO - Sync 1 DAGs
[2022-08-04 00:03:03,102] {logging_mixin.py:115} INFO - [2022-08-04 00:03:03,102] {dag.py:2972} INFO - Setting next_dagrun for latest_only_with_trigger to 2022-08-03T20:03:03.102228+00:00, run_after=2022-08-04T00:03:03.102228+00:00
[2022-08-04 00:03:03,124] {processor.py:161} INFO - Processing /home/airflow/.local/lib/python3.7/site-packages/airflow/example_dags/example_latest_only_with_trigger.py took 0.130 seconds
[2022-08-04 00:03:33,836] {processor.py:153} INFO - Started process (PID=22732) to work on /home/airflow/.local/lib/python3.7/site-packages/airflow/example_dags/example_latest_only_with_trigger.py
[2022-08-04 00:03:33,839] {processor.py:641} INFO - Processing file /home/airflow/.local/lib/python3.7/site-packages/airflow/example_dags/example_latest_only_with_trigger.py for tasks to queue
[2022-08-04 00:03:33,841] {logging_mixin.py:115} INFO - [2022-08-04 00:03:33,841] {dagbag.py:508} INFO - Filling up the DagBag from /home/airflow/.local/lib/python3.7/site-packages/airflow/example_dags/example_latest_only_with_trigger.py
[2022-08-04 00:03:33,851] {processor.py:651} INFO - DAG(s) dict_keys(['latest_only_with_trigger']) retrieved from /home/airflow/.local/lib/python3.7/site-packages/airflow/example_dags/example_latest_only_with_trigger.py
[2022-08-04 00:03:33,890] {logging_mixin.py:115} INFO - [2022-08-04 00:03:33,889] {dag.py:2420} INFO - Sync 1 DAGs
[2022-08-04 00:03:33,916] {logging_mixin.py:115} INFO - [2022-08-04 00:03:33,916] {dag.py:2972} INFO - Setting next_dagrun for latest_only_with_trigger to 2022-08-03T20:03:33.916038+00:00, run_after=2022-08-04T00:03:33.916038+00:00
[2022-08-04 00:03:33,933] {processor.py:161} INFO - Processing /home/airflow/.local/lib/python3.7/site-packages/airflow/example_dags/example_latest_only_with_trigger.py took 0.103 seconds
[2022-08-04 00:04:04,769] {processor.py:153} INFO - Started process (PID=22795) to work on /home/airflow/.local/lib/python3.7/site-packages/airflow/example_dags/example_latest_only_with_trigger.py
[2022-08-04 00:04:04,775] {processor.py:641} INFO - Processing file /home/airflow/.local/lib/python3.7/site-packages/airflow/example_dags/example_latest_only_with_trigger.py for tasks to queue
[2022-08-04 00:04:04,782] {logging_mixin.py:115} INFO - [2022-08-04 00:04:04,782] {dagbag.py:508} INFO - Filling up the DagBag from /home/airflow/.local/lib/python3.7/site-packages/airflow/example_dags/example_latest_only_with_trigger.py
[2022-08-04 00:04:04,801] {processor.py:651} INFO - DAG(s) dict_keys(['latest_only_with_trigger']) retrieved from /home/airflow/.local/lib/python3.7/site-packages/airflow/example_dags/example_latest_only_with_trigger.py
[2022-08-04 00:04:04,857] {logging_mixin.py:115} INFO - [2022-08-04 00:04:04,857] {dag.py:2420} INFO - Sync 1 DAGs
[2022-08-04 00:04:04,910] {logging_mixin.py:115} INFO - [2022-08-04 00:04:04,909] {dag.py:2972} INFO - Setting next_dagrun for latest_only_with_trigger to 2022-08-03T20:04:04.909656+00:00, run_after=2022-08-04T00:04:04.909656+00:00
[2022-08-04 00:04:04,944] {processor.py:161} INFO - Processing /home/airflow/.local/lib/python3.7/site-packages/airflow/example_dags/example_latest_only_with_trigger.py took 0.188 seconds
[2022-08-04 00:04:35,031] {processor.py:153} INFO - Started process (PID=22848) to work on /home/airflow/.local/lib/python3.7/site-packages/airflow/example_dags/example_latest_only_with_trigger.py
[2022-08-04 00:04:35,035] {processor.py:641} INFO - Processing file /home/airflow/.local/lib/python3.7/site-packages/airflow/example_dags/example_latest_only_with_trigger.py for tasks to queue
[2022-08-04 00:04:35,039] {logging_mixin.py:115} INFO - [2022-08-04 00:04:35,039] {dagbag.py:508} INFO - Filling up the DagBag from /home/airflow/.local/lib/python3.7/site-packages/airflow/example_dags/example_latest_only_with_trigger.py
[2022-08-04 00:04:35,047] {processor.py:651} INFO - DAG(s) dict_keys(['latest_only_with_trigger']) retrieved from /home/airflow/.local/lib/python3.7/site-packages/airflow/example_dags/example_latest_only_with_trigger.py
[2022-08-04 00:04:35,092] {logging_mixin.py:115} INFO - [2022-08-04 00:04:35,092] {dag.py:2420} INFO - Sync 1 DAGs
[2022-08-04 00:04:35,114] {logging_mixin.py:115} INFO - [2022-08-04 00:04:35,114] {dag.py:2972} INFO - Setting next_dagrun for latest_only_with_trigger to 2022-08-03T20:04:35.113479+00:00, run_after=2022-08-04T00:04:35.113479+00:00
[2022-08-04 00:04:35,135] {processor.py:161} INFO - Processing /home/airflow/.local/lib/python3.7/site-packages/airflow/example_dags/example_latest_only_with_trigger.py took 0.109 seconds
[2022-08-04 00:05:05,596] {processor.py:153} INFO - Started process (PID=22909) to work on /home/airflow/.local/lib/python3.7/site-packages/airflow/example_dags/example_latest_only_with_trigger.py
[2022-08-04 00:05:05,602] {processor.py:641} INFO - Processing file /home/airflow/.local/lib/python3.7/site-packages/airflow/example_dags/example_latest_only_with_trigger.py for tasks to queue
[2022-08-04 00:05:05,610] {logging_mixin.py:115} INFO - [2022-08-04 00:05:05,610] {dagbag.py:508} INFO - Filling up the DagBag from /home/airflow/.local/lib/python3.7/site-packages/airflow/example_dags/example_latest_only_with_trigger.py
[2022-08-04 00:05:05,650] {processor.py:651} INFO - DAG(s) dict_keys(['latest_only_with_trigger']) retrieved from /home/airflow/.local/lib/python3.7/site-packages/airflow/example_dags/example_latest_only_with_trigger.py
[2022-08-04 00:05:05,775] {logging_mixin.py:115} INFO - [2022-08-04 00:05:05,775] {dag.py:2420} INFO - Sync 1 DAGs
[2022-08-04 00:05:05,945] {logging_mixin.py:115} INFO - [2022-08-04 00:05:05,944] {dag.py:2972} INFO - Setting next_dagrun for latest_only_with_trigger to 2022-08-03T20:05:05.943979+00:00, run_after=2022-08-04T00:05:05.943979+00:00
[2022-08-04 00:05:06,061] {processor.py:161} INFO - Processing /home/airflow/.local/lib/python3.7/site-packages/airflow/example_dags/example_latest_only_with_trigger.py took 0.470 seconds
[2022-08-04 00:05:37,087] {processor.py:153} INFO - Started process (PID=22963) to work on /home/airflow/.local/lib/python3.7/site-packages/airflow/example_dags/example_latest_only_with_trigger.py
[2022-08-04 00:05:37,090] {processor.py:641} INFO - Processing file /home/airflow/.local/lib/python3.7/site-packages/airflow/example_dags/example_latest_only_with_trigger.py for tasks to queue
[2022-08-04 00:05:37,093] {logging_mixin.py:115} INFO - [2022-08-04 00:05:37,093] {dagbag.py:508} INFO - Filling up the DagBag from /home/airflow/.local/lib/python3.7/site-packages/airflow/example_dags/example_latest_only_with_trigger.py
[2022-08-04 00:05:37,108] {processor.py:651} INFO - DAG(s) dict_keys(['latest_only_with_trigger']) retrieved from /home/airflow/.local/lib/python3.7/site-packages/airflow/example_dags/example_latest_only_with_trigger.py
[2022-08-04 00:05:37,153] {logging_mixin.py:115} INFO - [2022-08-04 00:05:37,153] {dag.py:2420} INFO - Sync 1 DAGs
[2022-08-04 00:05:37,179] {logging_mixin.py:115} INFO - [2022-08-04 00:05:37,179] {dag.py:2972} INFO - Setting next_dagrun for latest_only_with_trigger to 2022-08-03T20:05:37.178793+00:00, run_after=2022-08-04T00:05:37.178793+00:00
[2022-08-04 00:05:37,194] {processor.py:161} INFO - Processing /home/airflow/.local/lib/python3.7/site-packages/airflow/example_dags/example_latest_only_with_trigger.py took 0.118 seconds
[2022-08-04 00:06:07,747] {processor.py:153} INFO - Started process (PID=23025) to work on /home/airflow/.local/lib/python3.7/site-packages/airflow/example_dags/example_latest_only_with_trigger.py
[2022-08-04 00:06:07,776] {processor.py:641} INFO - Processing file /home/airflow/.local/lib/python3.7/site-packages/airflow/example_dags/example_latest_only_with_trigger.py for tasks to queue
[2022-08-04 00:06:07,823] {logging_mixin.py:115} INFO - [2022-08-04 00:06:07,823] {dagbag.py:508} INFO - Filling up the DagBag from /home/airflow/.local/lib/python3.7/site-packages/airflow/example_dags/example_latest_only_with_trigger.py
[2022-08-04 00:06:07,949] {processor.py:651} INFO - DAG(s) dict_keys(['latest_only_with_trigger']) retrieved from /home/airflow/.local/lib/python3.7/site-packages/airflow/example_dags/example_latest_only_with_trigger.py
[2022-08-04 00:06:08,094] {logging_mixin.py:115} INFO - [2022-08-04 00:06:08,094] {dag.py:2420} INFO - Sync 1 DAGs
[2022-08-04 00:06:08,154] {logging_mixin.py:115} INFO - [2022-08-04 00:06:08,154] {dag.py:2972} INFO - Setting next_dagrun for latest_only_with_trigger to 2022-08-03T20:06:08.153961+00:00, run_after=2022-08-04T00:06:08.153961+00:00
[2022-08-04 00:06:08,231] {processor.py:161} INFO - Processing /home/airflow/.local/lib/python3.7/site-packages/airflow/example_dags/example_latest_only_with_trigger.py took 0.509 seconds
[2022-08-04 00:06:38,353] {processor.py:153} INFO - Started process (PID=23080) to work on /home/airflow/.local/lib/python3.7/site-packages/airflow/example_dags/example_latest_only_with_trigger.py
[2022-08-04 00:06:38,356] {processor.py:641} INFO - Processing file /home/airflow/.local/lib/python3.7/site-packages/airflow/example_dags/example_latest_only_with_trigger.py for tasks to queue
[2022-08-04 00:06:38,359] {logging_mixin.py:115} INFO - [2022-08-04 00:06:38,358] {dagbag.py:508} INFO - Filling up the DagBag from /home/airflow/.local/lib/python3.7/site-packages/airflow/example_dags/example_latest_only_with_trigger.py
[2022-08-04 00:06:38,367] {processor.py:651} INFO - DAG(s) dict_keys(['latest_only_with_trigger']) retrieved from /home/airflow/.local/lib/python3.7/site-packages/airflow/example_dags/example_latest_only_with_trigger.py
[2022-08-04 00:06:38,405] {logging_mixin.py:115} INFO - [2022-08-04 00:06:38,404] {dag.py:2420} INFO - Sync 1 DAGs
[2022-08-04 00:06:38,436] {logging_mixin.py:115} INFO - [2022-08-04 00:06:38,436] {dag.py:2972} INFO - Setting next_dagrun for latest_only_with_trigger to 2022-08-03T20:06:38.436518+00:00, run_after=2022-08-04T00:06:38.436518+00:00
[2022-08-04 00:06:38,471] {processor.py:161} INFO - Processing /home/airflow/.local/lib/python3.7/site-packages/airflow/example_dags/example_latest_only_with_trigger.py took 0.121 seconds
[2022-08-04 00:07:09,378] {processor.py:153} INFO - Started process (PID=23144) to work on /home/airflow/.local/lib/python3.7/site-packages/airflow/example_dags/example_latest_only_with_trigger.py
[2022-08-04 00:07:09,381] {processor.py:641} INFO - Processing file /home/airflow/.local/lib/python3.7/site-packages/airflow/example_dags/example_latest_only_with_trigger.py for tasks to queue
[2022-08-04 00:07:09,383] {logging_mixin.py:115} INFO - [2022-08-04 00:07:09,383] {dagbag.py:508} INFO - Filling up the DagBag from /home/airflow/.local/lib/python3.7/site-packages/airflow/example_dags/example_latest_only_with_trigger.py
[2022-08-04 00:07:09,392] {processor.py:651} INFO - DAG(s) dict_keys(['latest_only_with_trigger']) retrieved from /home/airflow/.local/lib/python3.7/site-packages/airflow/example_dags/example_latest_only_with_trigger.py
[2022-08-04 00:07:09,435] {logging_mixin.py:115} INFO - [2022-08-04 00:07:09,435] {dag.py:2420} INFO - Sync 1 DAGs
[2022-08-04 00:07:09,469] {logging_mixin.py:115} INFO - [2022-08-04 00:07:09,469] {dag.py:2972} INFO - Setting next_dagrun for latest_only_with_trigger to 2022-08-03T20:07:09.468644+00:00, run_after=2022-08-04T00:07:09.468644+00:00
[2022-08-04 00:07:09,487] {processor.py:161} INFO - Processing /home/airflow/.local/lib/python3.7/site-packages/airflow/example_dags/example_latest_only_with_trigger.py took 0.115 seconds
[2022-08-04 00:07:40,007] {processor.py:153} INFO - Started process (PID=23198) to work on /home/airflow/.local/lib/python3.7/site-packages/airflow/example_dags/example_latest_only_with_trigger.py
[2022-08-04 00:07:40,009] {processor.py:641} INFO - Processing file /home/airflow/.local/lib/python3.7/site-packages/airflow/example_dags/example_latest_only_with_trigger.py for tasks to queue
[2022-08-04 00:07:40,012] {logging_mixin.py:115} INFO - [2022-08-04 00:07:40,012] {dagbag.py:508} INFO - Filling up the DagBag from /home/airflow/.local/lib/python3.7/site-packages/airflow/example_dags/example_latest_only_with_trigger.py
[2022-08-04 00:07:40,026] {processor.py:651} INFO - DAG(s) dict_keys(['latest_only_with_trigger']) retrieved from /home/airflow/.local/lib/python3.7/site-packages/airflow/example_dags/example_latest_only_with_trigger.py
[2022-08-04 00:07:40,059] {logging_mixin.py:115} INFO - [2022-08-04 00:07:40,059] {dag.py:2420} INFO - Sync 1 DAGs
[2022-08-04 00:07:40,081] {logging_mixin.py:115} INFO - [2022-08-04 00:07:40,081] {dag.py:2972} INFO - Setting next_dagrun for latest_only_with_trigger to 2022-08-03T20:07:40.080757+00:00, run_after=2022-08-04T00:07:40.080757+00:00
[2022-08-04 00:07:40,098] {processor.py:161} INFO - Processing /home/airflow/.local/lib/python3.7/site-packages/airflow/example_dags/example_latest_only_with_trigger.py took 0.096 seconds
[2022-08-04 00:08:10,887] {processor.py:153} INFO - Started process (PID=23262) to work on /home/airflow/.local/lib/python3.7/site-packages/airflow/example_dags/example_latest_only_with_trigger.py
[2022-08-04 00:08:10,890] {processor.py:641} INFO - Processing file /home/airflow/.local/lib/python3.7/site-packages/airflow/example_dags/example_latest_only_with_trigger.py for tasks to queue
[2022-08-04 00:08:10,892] {logging_mixin.py:115} INFO - [2022-08-04 00:08:10,892] {dagbag.py:508} INFO - Filling up the DagBag from /home/airflow/.local/lib/python3.7/site-packages/airflow/example_dags/example_latest_only_with_trigger.py
[2022-08-04 00:08:10,899] {processor.py:651} INFO - DAG(s) dict_keys(['latest_only_with_trigger']) retrieved from /home/airflow/.local/lib/python3.7/site-packages/airflow/example_dags/example_latest_only_with_trigger.py
[2022-08-04 00:08:10,939] {logging_mixin.py:115} INFO - [2022-08-04 00:08:10,938] {dag.py:2420} INFO - Sync 1 DAGs
[2022-08-04 00:08:10,963] {logging_mixin.py:115} INFO - [2022-08-04 00:08:10,963] {dag.py:2972} INFO - Setting next_dagrun for latest_only_with_trigger to 2022-08-03T20:08:10.963172+00:00, run_after=2022-08-04T00:08:10.963172+00:00
[2022-08-04 00:08:10,977] {processor.py:161} INFO - Processing /home/airflow/.local/lib/python3.7/site-packages/airflow/example_dags/example_latest_only_with_trigger.py took 0.094 seconds
[2022-08-04 00:08:41,107] {processor.py:153} INFO - Started process (PID=23315) to work on /home/airflow/.local/lib/python3.7/site-packages/airflow/example_dags/example_latest_only_with_trigger.py
[2022-08-04 00:08:41,113] {processor.py:641} INFO - Processing file /home/airflow/.local/lib/python3.7/site-packages/airflow/example_dags/example_latest_only_with_trigger.py for tasks to queue
[2022-08-04 00:08:41,119] {logging_mixin.py:115} INFO - [2022-08-04 00:08:41,118] {dagbag.py:508} INFO - Filling up the DagBag from /home/airflow/.local/lib/python3.7/site-packages/airflow/example_dags/example_latest_only_with_trigger.py
[2022-08-04 00:08:41,135] {processor.py:651} INFO - DAG(s) dict_keys(['latest_only_with_trigger']) retrieved from /home/airflow/.local/lib/python3.7/site-packages/airflow/example_dags/example_latest_only_with_trigger.py
[2022-08-04 00:08:41,177] {logging_mixin.py:115} INFO - [2022-08-04 00:08:41,177] {dag.py:2420} INFO - Sync 1 DAGs
[2022-08-04 00:08:41,207] {logging_mixin.py:115} INFO - [2022-08-04 00:08:41,207] {dag.py:2972} INFO - Setting next_dagrun for latest_only_with_trigger to 2022-08-03T20:08:41.207313+00:00, run_after=2022-08-04T00:08:41.207313+00:00
[2022-08-04 00:08:41,229] {processor.py:161} INFO - Processing /home/airflow/.local/lib/python3.7/site-packages/airflow/example_dags/example_latest_only_with_trigger.py took 0.127 seconds
[2022-08-04 00:09:11,403] {processor.py:153} INFO - Started process (PID=23380) to work on /home/airflow/.local/lib/python3.7/site-packages/airflow/example_dags/example_latest_only_with_trigger.py
[2022-08-04 00:09:11,412] {processor.py:641} INFO - Processing file /home/airflow/.local/lib/python3.7/site-packages/airflow/example_dags/example_latest_only_with_trigger.py for tasks to queue
[2022-08-04 00:09:11,417] {logging_mixin.py:115} INFO - [2022-08-04 00:09:11,417] {dagbag.py:508} INFO - Filling up the DagBag from /home/airflow/.local/lib/python3.7/site-packages/airflow/example_dags/example_latest_only_with_trigger.py
[2022-08-04 00:09:11,432] {processor.py:651} INFO - DAG(s) dict_keys(['latest_only_with_trigger']) retrieved from /home/airflow/.local/lib/python3.7/site-packages/airflow/example_dags/example_latest_only_with_trigger.py
[2022-08-04 00:09:11,471] {logging_mixin.py:115} INFO - [2022-08-04 00:09:11,471] {dag.py:2420} INFO - Sync 1 DAGs
[2022-08-04 00:09:11,499] {logging_mixin.py:115} INFO - [2022-08-04 00:09:11,499] {dag.py:2972} INFO - Setting next_dagrun for latest_only_with_trigger to 2022-08-03T20:09:11.498446+00:00, run_after=2022-08-04T00:09:11.498446+00:00
[2022-08-04 00:09:11,523] {processor.py:161} INFO - Processing /home/airflow/.local/lib/python3.7/site-packages/airflow/example_dags/example_latest_only_with_trigger.py took 0.130 seconds
[2022-08-04 00:09:42,204] {processor.py:153} INFO - Started process (PID=23433) to work on /home/airflow/.local/lib/python3.7/site-packages/airflow/example_dags/example_latest_only_with_trigger.py
[2022-08-04 00:09:42,207] {processor.py:641} INFO - Processing file /home/airflow/.local/lib/python3.7/site-packages/airflow/example_dags/example_latest_only_with_trigger.py for tasks to queue
[2022-08-04 00:09:42,209] {logging_mixin.py:115} INFO - [2022-08-04 00:09:42,209] {dagbag.py:508} INFO - Filling up the DagBag from /home/airflow/.local/lib/python3.7/site-packages/airflow/example_dags/example_latest_only_with_trigger.py
[2022-08-04 00:09:42,218] {processor.py:651} INFO - DAG(s) dict_keys(['latest_only_with_trigger']) retrieved from /home/airflow/.local/lib/python3.7/site-packages/airflow/example_dags/example_latest_only_with_trigger.py
[2022-08-04 00:09:42,254] {logging_mixin.py:115} INFO - [2022-08-04 00:09:42,254] {dag.py:2420} INFO - Sync 1 DAGs
[2022-08-04 00:09:42,279] {logging_mixin.py:115} INFO - [2022-08-04 00:09:42,279] {dag.py:2972} INFO - Setting next_dagrun for latest_only_with_trigger to 2022-08-03T20:09:42.278700+00:00, run_after=2022-08-04T00:09:42.278700+00:00
[2022-08-04 00:09:42,300] {processor.py:161} INFO - Processing /home/airflow/.local/lib/python3.7/site-packages/airflow/example_dags/example_latest_only_with_trigger.py took 0.101 seconds
[2022-08-04 00:10:13,883] {processor.py:153} INFO - Started process (PID=23487) to work on /home/airflow/.local/lib/python3.7/site-packages/airflow/example_dags/example_latest_only_with_trigger.py
[2022-08-04 00:10:13,891] {processor.py:641} INFO - Processing file /home/airflow/.local/lib/python3.7/site-packages/airflow/example_dags/example_latest_only_with_trigger.py for tasks to queue
[2022-08-04 00:10:13,900] {logging_mixin.py:115} INFO - [2022-08-04 00:10:13,900] {dagbag.py:508} INFO - Filling up the DagBag from /home/airflow/.local/lib/python3.7/site-packages/airflow/example_dags/example_latest_only_with_trigger.py
[2022-08-04 00:10:13,934] {processor.py:651} INFO - DAG(s) dict_keys(['latest_only_with_trigger']) retrieved from /home/airflow/.local/lib/python3.7/site-packages/airflow/example_dags/example_latest_only_with_trigger.py
[2022-08-04 00:10:14,325] {logging_mixin.py:115} INFO - [2022-08-04 00:10:14,324] {dag.py:2420} INFO - Sync 1 DAGs
[2022-08-04 00:10:14,410] {logging_mixin.py:115} INFO - [2022-08-04 00:10:14,409] {dag.py:2972} INFO - Setting next_dagrun for latest_only_with_trigger to 2022-08-03T20:10:14.409323+00:00, run_after=2022-08-04T00:10:14.409323+00:00
[2022-08-04 00:10:14,579] {processor.py:161} INFO - Processing /home/airflow/.local/lib/python3.7/site-packages/airflow/example_dags/example_latest_only_with_trigger.py took 0.711 seconds
[2022-08-04 00:11:05,613] {processor.py:153} INFO - Started process (PID=23527) to work on /home/airflow/.local/lib/python3.7/site-packages/airflow/example_dags/example_latest_only_with_trigger.py
[2022-08-04 00:11:05,628] {processor.py:641} INFO - Processing file /home/airflow/.local/lib/python3.7/site-packages/airflow/example_dags/example_latest_only_with_trigger.py for tasks to queue
[2022-08-04 00:11:05,659] {logging_mixin.py:115} INFO - [2022-08-04 00:11:05,657] {dagbag.py:508} INFO - Filling up the DagBag from /home/airflow/.local/lib/python3.7/site-packages/airflow/example_dags/example_latest_only_with_trigger.py
[2022-08-04 00:11:05,697] {processor.py:651} INFO - DAG(s) dict_keys(['latest_only_with_trigger']) retrieved from /home/airflow/.local/lib/python3.7/site-packages/airflow/example_dags/example_latest_only_with_trigger.py
[2022-08-04 00:11:05,868] {logging_mixin.py:115} INFO - [2022-08-04 00:11:05,868] {dag.py:2420} INFO - Sync 1 DAGs
[2022-08-04 00:11:06,032] {logging_mixin.py:115} INFO - [2022-08-04 00:11:06,032] {dag.py:2972} INFO - Setting next_dagrun for latest_only_with_trigger to 2022-08-03T20:11:06.031858+00:00, run_after=2022-08-04T00:11:06.031858+00:00
[2022-08-04 00:11:06,187] {processor.py:161} INFO - Processing /home/airflow/.local/lib/python3.7/site-packages/airflow/example_dags/example_latest_only_with_trigger.py took 0.645 seconds
[2022-08-04 00:11:37,215] {processor.py:153} INFO - Started process (PID=23590) to work on /home/airflow/.local/lib/python3.7/site-packages/airflow/example_dags/example_latest_only_with_trigger.py
[2022-08-04 00:11:37,221] {processor.py:641} INFO - Processing file /home/airflow/.local/lib/python3.7/site-packages/airflow/example_dags/example_latest_only_with_trigger.py for tasks to queue
[2022-08-04 00:11:37,225] {logging_mixin.py:115} INFO - [2022-08-04 00:11:37,225] {dagbag.py:508} INFO - Filling up the DagBag from /home/airflow/.local/lib/python3.7/site-packages/airflow/example_dags/example_latest_only_with_trigger.py
[2022-08-04 00:11:37,254] {processor.py:651} INFO - DAG(s) dict_keys(['latest_only_with_trigger']) retrieved from /home/airflow/.local/lib/python3.7/site-packages/airflow/example_dags/example_latest_only_with_trigger.py
[2022-08-04 00:11:37,337] {logging_mixin.py:115} INFO - [2022-08-04 00:11:37,336] {dag.py:2420} INFO - Sync 1 DAGs
[2022-08-04 00:11:37,372] {logging_mixin.py:115} INFO - [2022-08-04 00:11:37,372] {dag.py:2972} INFO - Setting next_dagrun for latest_only_with_trigger to 2022-08-03T20:11:37.372307+00:00, run_after=2022-08-04T00:11:37.372307+00:00
[2022-08-04 00:11:37,395] {processor.py:161} INFO - Processing /home/airflow/.local/lib/python3.7/site-packages/airflow/example_dags/example_latest_only_with_trigger.py took 0.186 seconds
[2022-08-04 00:14:55,866] {processor.py:153} INFO - Started process (PID=23644) to work on /home/airflow/.local/lib/python3.7/site-packages/airflow/example_dags/example_latest_only_with_trigger.py
[2022-08-04 00:14:55,874] {processor.py:641} INFO - Processing file /home/airflow/.local/lib/python3.7/site-packages/airflow/example_dags/example_latest_only_with_trigger.py for tasks to queue
[2022-08-04 00:14:55,880] {logging_mixin.py:115} INFO - [2022-08-04 00:14:55,880] {dagbag.py:508} INFO - Filling up the DagBag from /home/airflow/.local/lib/python3.7/site-packages/airflow/example_dags/example_latest_only_with_trigger.py
[2022-08-04 00:14:55,895] {processor.py:651} INFO - DAG(s) dict_keys(['latest_only_with_trigger']) retrieved from /home/airflow/.local/lib/python3.7/site-packages/airflow/example_dags/example_latest_only_with_trigger.py
[2022-08-04 00:14:55,982] {logging_mixin.py:115} INFO - [2022-08-04 00:14:55,981] {dag.py:2420} INFO - Sync 1 DAGs
[2022-08-04 00:14:56,027] {logging_mixin.py:115} INFO - [2022-08-04 00:14:56,027] {dag.py:2972} INFO - Setting next_dagrun for latest_only_with_trigger to 2022-08-03T20:14:56.026991+00:00, run_after=2022-08-04T00:14:56.026991+00:00
[2022-08-04 00:14:56,068] {processor.py:161} INFO - Processing /home/airflow/.local/lib/python3.7/site-packages/airflow/example_dags/example_latest_only_with_trigger.py took 0.208 seconds
[2022-08-04 00:15:34,437] {processor.py:153} INFO - Started process (PID=23708) to work on /home/airflow/.local/lib/python3.7/site-packages/airflow/example_dags/example_latest_only_with_trigger.py
[2022-08-04 00:15:34,488] {processor.py:641} INFO - Processing file /home/airflow/.local/lib/python3.7/site-packages/airflow/example_dags/example_latest_only_with_trigger.py for tasks to queue
[2022-08-04 00:15:34,503] {logging_mixin.py:115} INFO - [2022-08-04 00:15:34,503] {dagbag.py:508} INFO - Filling up the DagBag from /home/airflow/.local/lib/python3.7/site-packages/airflow/example_dags/example_latest_only_with_trigger.py
[2022-08-04 00:15:34,563] {processor.py:651} INFO - DAG(s) dict_keys(['latest_only_with_trigger']) retrieved from /home/airflow/.local/lib/python3.7/site-packages/airflow/example_dags/example_latest_only_with_trigger.py
[2022-08-04 00:15:34,760] {logging_mixin.py:115} INFO - [2022-08-04 00:15:34,760] {dag.py:2420} INFO - Sync 1 DAGs
[2022-08-04 00:15:34,855] {logging_mixin.py:115} INFO - [2022-08-04 00:15:34,855] {dag.py:2972} INFO - Setting next_dagrun for latest_only_with_trigger to 2022-08-03T20:15:34.854888+00:00, run_after=2022-08-04T00:15:34.854888+00:00
[2022-08-04 00:15:35,142] {processor.py:161} INFO - Processing /home/airflow/.local/lib/python3.7/site-packages/airflow/example_dags/example_latest_only_with_trigger.py took 0.740 seconds
[2022-08-04 00:32:52,153] {processor.py:153} INFO - Started process (PID=23753) to work on /home/airflow/.local/lib/python3.7/site-packages/airflow/example_dags/example_latest_only_with_trigger.py
[2022-08-04 00:32:52,162] {processor.py:641} INFO - Processing file /home/airflow/.local/lib/python3.7/site-packages/airflow/example_dags/example_latest_only_with_trigger.py for tasks to queue
[2022-08-04 00:32:52,167] {logging_mixin.py:115} INFO - [2022-08-04 00:32:52,167] {dagbag.py:508} INFO - Filling up the DagBag from /home/airflow/.local/lib/python3.7/site-packages/airflow/example_dags/example_latest_only_with_trigger.py
[2022-08-04 00:32:52,192] {processor.py:651} INFO - DAG(s) dict_keys(['latest_only_with_trigger']) retrieved from /home/airflow/.local/lib/python3.7/site-packages/airflow/example_dags/example_latest_only_with_trigger.py
[2022-08-04 00:32:52,268] {logging_mixin.py:115} INFO - [2022-08-04 00:32:52,268] {dag.py:2420} INFO - Sync 1 DAGs
[2022-08-04 00:32:52,377] {logging_mixin.py:115} INFO - [2022-08-04 00:32:52,377] {dag.py:2972} INFO - Setting next_dagrun for latest_only_with_trigger to 2022-08-03T20:32:52.375057+00:00, run_after=2022-08-04T00:32:52.375057+00:00
[2022-08-04 00:32:52,419] {processor.py:161} INFO - Processing /home/airflow/.local/lib/python3.7/site-packages/airflow/example_dags/example_latest_only_with_trigger.py took 0.273 seconds
[2022-08-04 00:33:22,511] {processor.py:153} INFO - Started process (PID=23808) to work on /home/airflow/.local/lib/python3.7/site-packages/airflow/example_dags/example_latest_only_with_trigger.py
[2022-08-04 00:33:22,515] {processor.py:641} INFO - Processing file /home/airflow/.local/lib/python3.7/site-packages/airflow/example_dags/example_latest_only_with_trigger.py for tasks to queue
[2022-08-04 00:33:22,518] {logging_mixin.py:115} INFO - [2022-08-04 00:33:22,518] {dagbag.py:508} INFO - Filling up the DagBag from /home/airflow/.local/lib/python3.7/site-packages/airflow/example_dags/example_latest_only_with_trigger.py
[2022-08-04 00:33:22,530] {processor.py:651} INFO - DAG(s) dict_keys(['latest_only_with_trigger']) retrieved from /home/airflow/.local/lib/python3.7/site-packages/airflow/example_dags/example_latest_only_with_trigger.py
[2022-08-04 00:33:22,569] {logging_mixin.py:115} INFO - [2022-08-04 00:33:22,569] {dag.py:2420} INFO - Sync 1 DAGs
[2022-08-04 00:33:22,598] {logging_mixin.py:115} INFO - [2022-08-04 00:33:22,598] {dag.py:2972} INFO - Setting next_dagrun for latest_only_with_trigger to 2022-08-03T20:33:22.597859+00:00, run_after=2022-08-04T00:33:22.597859+00:00
[2022-08-04 00:33:22,618] {processor.py:161} INFO - Processing /home/airflow/.local/lib/python3.7/site-packages/airflow/example_dags/example_latest_only_with_trigger.py took 0.112 seconds
[2022-08-04 00:33:53,348] {processor.py:153} INFO - Started process (PID=23871) to work on /home/airflow/.local/lib/python3.7/site-packages/airflow/example_dags/example_latest_only_with_trigger.py
[2022-08-04 00:33:53,351] {processor.py:641} INFO - Processing file /home/airflow/.local/lib/python3.7/site-packages/airflow/example_dags/example_latest_only_with_trigger.py for tasks to queue
[2022-08-04 00:33:53,355] {logging_mixin.py:115} INFO - [2022-08-04 00:33:53,355] {dagbag.py:508} INFO - Filling up the DagBag from /home/airflow/.local/lib/python3.7/site-packages/airflow/example_dags/example_latest_only_with_trigger.py
[2022-08-04 00:33:53,367] {processor.py:651} INFO - DAG(s) dict_keys(['latest_only_with_trigger']) retrieved from /home/airflow/.local/lib/python3.7/site-packages/airflow/example_dags/example_latest_only_with_trigger.py
[2022-08-04 00:33:53,406] {logging_mixin.py:115} INFO - [2022-08-04 00:33:53,406] {dag.py:2420} INFO - Sync 1 DAGs
[2022-08-04 00:33:53,436] {logging_mixin.py:115} INFO - [2022-08-04 00:33:53,436] {dag.py:2972} INFO - Setting next_dagrun for latest_only_with_trigger to 2022-08-03T20:33:53.436077+00:00, run_after=2022-08-04T00:33:53.436077+00:00
[2022-08-04 00:33:53,459] {processor.py:161} INFO - Processing /home/airflow/.local/lib/python3.7/site-packages/airflow/example_dags/example_latest_only_with_trigger.py took 0.116 seconds
[2022-08-04 00:34:25,394] {processor.py:153} INFO - Started process (PID=23936) to work on /home/airflow/.local/lib/python3.7/site-packages/airflow/example_dags/example_latest_only_with_trigger.py
[2022-08-04 00:34:25,400] {processor.py:641} INFO - Processing file /home/airflow/.local/lib/python3.7/site-packages/airflow/example_dags/example_latest_only_with_trigger.py for tasks to queue
[2022-08-04 00:34:25,405] {logging_mixin.py:115} INFO - [2022-08-04 00:34:25,405] {dagbag.py:508} INFO - Filling up the DagBag from /home/airflow/.local/lib/python3.7/site-packages/airflow/example_dags/example_latest_only_with_trigger.py
[2022-08-04 00:34:25,429] {processor.py:651} INFO - DAG(s) dict_keys(['latest_only_with_trigger']) retrieved from /home/airflow/.local/lib/python3.7/site-packages/airflow/example_dags/example_latest_only_with_trigger.py
[2022-08-04 00:34:25,514] {logging_mixin.py:115} INFO - [2022-08-04 00:34:25,514] {dag.py:2420} INFO - Sync 1 DAGs
[2022-08-04 00:34:25,557] {logging_mixin.py:115} INFO - [2022-08-04 00:34:25,557] {dag.py:2972} INFO - Setting next_dagrun for latest_only_with_trigger to 2022-08-03T20:34:25.557372+00:00, run_after=2022-08-04T00:34:25.557372+00:00
[2022-08-04 00:34:25,596] {processor.py:161} INFO - Processing /home/airflow/.local/lib/python3.7/site-packages/airflow/example_dags/example_latest_only_with_trigger.py took 0.208 seconds
[2022-08-04 00:34:55,974] {processor.py:153} INFO - Started process (PID=23990) to work on /home/airflow/.local/lib/python3.7/site-packages/airflow/example_dags/example_latest_only_with_trigger.py
[2022-08-04 00:34:55,977] {processor.py:641} INFO - Processing file /home/airflow/.local/lib/python3.7/site-packages/airflow/example_dags/example_latest_only_with_trigger.py for tasks to queue
[2022-08-04 00:34:55,981] {logging_mixin.py:115} INFO - [2022-08-04 00:34:55,980] {dagbag.py:508} INFO - Filling up the DagBag from /home/airflow/.local/lib/python3.7/site-packages/airflow/example_dags/example_latest_only_with_trigger.py
[2022-08-04 00:34:56,001] {processor.py:651} INFO - DAG(s) dict_keys(['latest_only_with_trigger']) retrieved from /home/airflow/.local/lib/python3.7/site-packages/airflow/example_dags/example_latest_only_with_trigger.py
[2022-08-04 00:34:56,049] {logging_mixin.py:115} INFO - [2022-08-04 00:34:56,049] {dag.py:2420} INFO - Sync 1 DAGs
[2022-08-04 00:34:56,083] {logging_mixin.py:115} INFO - [2022-08-04 00:34:56,083] {dag.py:2972} INFO - Setting next_dagrun for latest_only_with_trigger to 2022-08-03T20:34:56.083267+00:00, run_after=2022-08-04T00:34:56.083267+00:00
[2022-08-04 00:34:56,105] {processor.py:161} INFO - Processing /home/airflow/.local/lib/python3.7/site-packages/airflow/example_dags/example_latest_only_with_trigger.py took 0.136 seconds
[2022-08-04 00:35:27,277] {processor.py:153} INFO - Started process (PID=24050) to work on /home/airflow/.local/lib/python3.7/site-packages/airflow/example_dags/example_latest_only_with_trigger.py
[2022-08-04 00:35:27,288] {processor.py:641} INFO - Processing file /home/airflow/.local/lib/python3.7/site-packages/airflow/example_dags/example_latest_only_with_trigger.py for tasks to queue
[2022-08-04 00:35:27,295] {logging_mixin.py:115} INFO - [2022-08-04 00:35:27,294] {dagbag.py:508} INFO - Filling up the DagBag from /home/airflow/.local/lib/python3.7/site-packages/airflow/example_dags/example_latest_only_with_trigger.py
[2022-08-04 00:35:27,322] {processor.py:651} INFO - DAG(s) dict_keys(['latest_only_with_trigger']) retrieved from /home/airflow/.local/lib/python3.7/site-packages/airflow/example_dags/example_latest_only_with_trigger.py
[2022-08-04 00:35:27,402] {logging_mixin.py:115} INFO - [2022-08-04 00:35:27,402] {dag.py:2420} INFO - Sync 1 DAGs
[2022-08-04 00:35:27,458] {logging_mixin.py:115} INFO - [2022-08-04 00:35:27,458] {dag.py:2972} INFO - Setting next_dagrun for latest_only_with_trigger to 2022-08-03T20:35:27.458215+00:00, run_after=2022-08-04T00:35:27.458215+00:00
[2022-08-04 00:35:27,507] {processor.py:161} INFO - Processing /home/airflow/.local/lib/python3.7/site-packages/airflow/example_dags/example_latest_only_with_trigger.py took 0.243 seconds
[2022-08-04 00:35:58,102] {processor.py:153} INFO - Started process (PID=24106) to work on /home/airflow/.local/lib/python3.7/site-packages/airflow/example_dags/example_latest_only_with_trigger.py
[2022-08-04 00:35:58,109] {processor.py:641} INFO - Processing file /home/airflow/.local/lib/python3.7/site-packages/airflow/example_dags/example_latest_only_with_trigger.py for tasks to queue
[2022-08-04 00:35:58,126] {logging_mixin.py:115} INFO - [2022-08-04 00:35:58,124] {dagbag.py:508} INFO - Filling up the DagBag from /home/airflow/.local/lib/python3.7/site-packages/airflow/example_dags/example_latest_only_with_trigger.py
[2022-08-04 00:35:58,154] {processor.py:651} INFO - DAG(s) dict_keys(['latest_only_with_trigger']) retrieved from /home/airflow/.local/lib/python3.7/site-packages/airflow/example_dags/example_latest_only_with_trigger.py
[2022-08-04 00:35:58,225] {logging_mixin.py:115} INFO - [2022-08-04 00:35:58,225] {dag.py:2420} INFO - Sync 1 DAGs
[2022-08-04 00:35:58,287] {logging_mixin.py:115} INFO - [2022-08-04 00:35:58,287] {dag.py:2972} INFO - Setting next_dagrun for latest_only_with_trigger to 2022-08-03T20:35:58.286889+00:00, run_after=2022-08-04T00:35:58.286889+00:00
[2022-08-04 00:35:58,318] {processor.py:161} INFO - Processing /home/airflow/.local/lib/python3.7/site-packages/airflow/example_dags/example_latest_only_with_trigger.py took 0.228 seconds
[2022-08-04 00:36:28,783] {processor.py:153} INFO - Started process (PID=24159) to work on /home/airflow/.local/lib/python3.7/site-packages/airflow/example_dags/example_latest_only_with_trigger.py
[2022-08-04 00:36:28,787] {processor.py:641} INFO - Processing file /home/airflow/.local/lib/python3.7/site-packages/airflow/example_dags/example_latest_only_with_trigger.py for tasks to queue
[2022-08-04 00:36:28,794] {logging_mixin.py:115} INFO - [2022-08-04 00:36:28,794] {dagbag.py:508} INFO - Filling up the DagBag from /home/airflow/.local/lib/python3.7/site-packages/airflow/example_dags/example_latest_only_with_trigger.py
[2022-08-04 00:36:28,807] {processor.py:651} INFO - DAG(s) dict_keys(['latest_only_with_trigger']) retrieved from /home/airflow/.local/lib/python3.7/site-packages/airflow/example_dags/example_latest_only_with_trigger.py
[2022-08-04 00:36:28,856] {logging_mixin.py:115} INFO - [2022-08-04 00:36:28,856] {dag.py:2420} INFO - Sync 1 DAGs
[2022-08-04 00:36:28,876] {logging_mixin.py:115} INFO - [2022-08-04 00:36:28,876] {dag.py:2972} INFO - Setting next_dagrun for latest_only_with_trigger to 2022-08-03T20:36:28.875991+00:00, run_after=2022-08-04T00:36:28.875991+00:00
[2022-08-04 00:36:28,902] {processor.py:161} INFO - Processing /home/airflow/.local/lib/python3.7/site-packages/airflow/example_dags/example_latest_only_with_trigger.py took 0.126 seconds
[2022-08-04 00:36:59,365] {processor.py:153} INFO - Started process (PID=24221) to work on /home/airflow/.local/lib/python3.7/site-packages/airflow/example_dags/example_latest_only_with_trigger.py
[2022-08-04 00:36:59,377] {processor.py:641} INFO - Processing file /home/airflow/.local/lib/python3.7/site-packages/airflow/example_dags/example_latest_only_with_trigger.py for tasks to queue
[2022-08-04 00:36:59,382] {logging_mixin.py:115} INFO - [2022-08-04 00:36:59,382] {dagbag.py:508} INFO - Filling up the DagBag from /home/airflow/.local/lib/python3.7/site-packages/airflow/example_dags/example_latest_only_with_trigger.py
[2022-08-04 00:36:59,417] {processor.py:651} INFO - DAG(s) dict_keys(['latest_only_with_trigger']) retrieved from /home/airflow/.local/lib/python3.7/site-packages/airflow/example_dags/example_latest_only_with_trigger.py
[2022-08-04 00:36:59,487] {logging_mixin.py:115} INFO - [2022-08-04 00:36:59,487] {dag.py:2420} INFO - Sync 1 DAGs
[2022-08-04 00:36:59,557] {logging_mixin.py:115} INFO - [2022-08-04 00:36:59,557] {dag.py:2972} INFO - Setting next_dagrun for latest_only_with_trigger to 2022-08-03T20:36:59.556968+00:00, run_after=2022-08-04T00:36:59.556968+00:00
[2022-08-04 00:36:59,589] {processor.py:161} INFO - Processing /home/airflow/.local/lib/python3.7/site-packages/airflow/example_dags/example_latest_only_with_trigger.py took 0.234 seconds
[2022-08-04 00:37:30,247] {processor.py:153} INFO - Started process (PID=24275) to work on /home/airflow/.local/lib/python3.7/site-packages/airflow/example_dags/example_latest_only_with_trigger.py
[2022-08-04 00:37:30,257] {processor.py:641} INFO - Processing file /home/airflow/.local/lib/python3.7/site-packages/airflow/example_dags/example_latest_only_with_trigger.py for tasks to queue
[2022-08-04 00:37:30,265] {logging_mixin.py:115} INFO - [2022-08-04 00:37:30,265] {dagbag.py:508} INFO - Filling up the DagBag from /home/airflow/.local/lib/python3.7/site-packages/airflow/example_dags/example_latest_only_with_trigger.py
[2022-08-04 00:37:30,290] {processor.py:651} INFO - DAG(s) dict_keys(['latest_only_with_trigger']) retrieved from /home/airflow/.local/lib/python3.7/site-packages/airflow/example_dags/example_latest_only_with_trigger.py
[2022-08-04 00:37:30,372] {logging_mixin.py:115} INFO - [2022-08-04 00:37:30,372] {dag.py:2420} INFO - Sync 1 DAGs
[2022-08-04 00:37:30,417] {logging_mixin.py:115} INFO - [2022-08-04 00:37:30,417] {dag.py:2972} INFO - Setting next_dagrun for latest_only_with_trigger to 2022-08-03T20:37:30.417129+00:00, run_after=2022-08-04T00:37:30.417129+00:00
[2022-08-04 00:37:30,442] {processor.py:161} INFO - Processing /home/airflow/.local/lib/python3.7/site-packages/airflow/example_dags/example_latest_only_with_trigger.py took 0.206 seconds
[2022-08-04 00:38:07,627] {processor.py:153} INFO - Started process (PID=24340) to work on /home/airflow/.local/lib/python3.7/site-packages/airflow/example_dags/example_latest_only_with_trigger.py
[2022-08-04 00:38:07,664] {processor.py:641} INFO - Processing file /home/airflow/.local/lib/python3.7/site-packages/airflow/example_dags/example_latest_only_with_trigger.py for tasks to queue
[2022-08-04 00:38:07,677] {logging_mixin.py:115} INFO - [2022-08-04 00:38:07,677] {dagbag.py:508} INFO - Filling up the DagBag from /home/airflow/.local/lib/python3.7/site-packages/airflow/example_dags/example_latest_only_with_trigger.py
[2022-08-04 00:38:07,735] {processor.py:651} INFO - DAG(s) dict_keys(['latest_only_with_trigger']) retrieved from /home/airflow/.local/lib/python3.7/site-packages/airflow/example_dags/example_latest_only_with_trigger.py
[2022-08-04 00:38:07,841] {logging_mixin.py:115} INFO - [2022-08-04 00:38:07,841] {dag.py:2420} INFO - Sync 1 DAGs
[2022-08-04 00:38:07,899] {logging_mixin.py:115} INFO - [2022-08-04 00:38:07,899] {dag.py:2972} INFO - Setting next_dagrun for latest_only_with_trigger to 2022-08-03T20:38:07.898511+00:00, run_after=2022-08-04T00:38:07.898511+00:00
[2022-08-04 00:38:07,938] {processor.py:161} INFO - Processing /home/airflow/.local/lib/python3.7/site-packages/airflow/example_dags/example_latest_only_with_trigger.py took 0.334 seconds
