[2022-08-04 00:00:23,645] {processor.py:153} INFO - Started process (PID=22374) to work on /home/airflow/.local/lib/python3.7/site-packages/airflow/example_dags/example_complex.py
[2022-08-04 00:00:23,650] {processor.py:641} INFO - Processing file /home/airflow/.local/lib/python3.7/site-packages/airflow/example_dags/example_complex.py for tasks to queue
[2022-08-04 00:00:23,654] {logging_mixin.py:115} INFO - [2022-08-04 00:00:23,654] {dagbag.py:508} INFO - Filling up the DagBag from /home/airflow/.local/lib/python3.7/site-packages/airflow/example_dags/example_complex.py
[2022-08-04 00:00:23,673] {processor.py:651} INFO - DAG(s) dict_keys(['example_complex']) retrieved from /home/airflow/.local/lib/python3.7/site-packages/airflow/example_dags/example_complex.py
[2022-08-04 00:00:23,723] {logging_mixin.py:115} INFO - [2022-08-04 00:00:23,723] {dag.py:2420} INFO - Sync 1 DAGs
[2022-08-04 00:00:23,765] {logging_mixin.py:115} INFO - [2022-08-04 00:00:23,765] {dag.py:2972} INFO - Setting next_dagrun for example_complex to None, run_after=None
[2022-08-04 00:00:23,791] {processor.py:161} INFO - Processing /home/airflow/.local/lib/python3.7/site-packages/airflow/example_dags/example_complex.py took 0.152 seconds
[2022-08-04 00:00:54,560] {processor.py:153} INFO - Started process (PID=22437) to work on /home/airflow/.local/lib/python3.7/site-packages/airflow/example_dags/example_complex.py
[2022-08-04 00:00:54,569] {processor.py:641} INFO - Processing file /home/airflow/.local/lib/python3.7/site-packages/airflow/example_dags/example_complex.py for tasks to queue
[2022-08-04 00:00:54,581] {logging_mixin.py:115} INFO - [2022-08-04 00:00:54,581] {dagbag.py:508} INFO - Filling up the DagBag from /home/airflow/.local/lib/python3.7/site-packages/airflow/example_dags/example_complex.py
[2022-08-04 00:00:54,617] {processor.py:651} INFO - DAG(s) dict_keys(['example_complex']) retrieved from /home/airflow/.local/lib/python3.7/site-packages/airflow/example_dags/example_complex.py
[2022-08-04 00:00:54,791] {logging_mixin.py:115} INFO - [2022-08-04 00:00:54,791] {dag.py:2420} INFO - Sync 1 DAGs
[2022-08-04 00:00:54,848] {logging_mixin.py:115} INFO - [2022-08-04 00:00:54,848] {dag.py:2972} INFO - Setting next_dagrun for example_complex to None, run_after=None
[2022-08-04 00:00:54,933] {processor.py:161} INFO - Processing /home/airflow/.local/lib/python3.7/site-packages/airflow/example_dags/example_complex.py took 0.383 seconds
[2022-08-04 00:01:25,082] {processor.py:153} INFO - Started process (PID=22490) to work on /home/airflow/.local/lib/python3.7/site-packages/airflow/example_dags/example_complex.py
[2022-08-04 00:01:25,087] {processor.py:641} INFO - Processing file /home/airflow/.local/lib/python3.7/site-packages/airflow/example_dags/example_complex.py for tasks to queue
[2022-08-04 00:01:25,093] {logging_mixin.py:115} INFO - [2022-08-04 00:01:25,092] {dagbag.py:508} INFO - Filling up the DagBag from /home/airflow/.local/lib/python3.7/site-packages/airflow/example_dags/example_complex.py
[2022-08-04 00:01:25,113] {processor.py:651} INFO - DAG(s) dict_keys(['example_complex']) retrieved from /home/airflow/.local/lib/python3.7/site-packages/airflow/example_dags/example_complex.py
[2022-08-04 00:01:25,160] {logging_mixin.py:115} INFO - [2022-08-04 00:01:25,160] {dag.py:2420} INFO - Sync 1 DAGs
[2022-08-04 00:01:25,195] {logging_mixin.py:115} INFO - [2022-08-04 00:01:25,195] {dag.py:2972} INFO - Setting next_dagrun for example_complex to None, run_after=None
[2022-08-04 00:01:25,235] {processor.py:161} INFO - Processing /home/airflow/.local/lib/python3.7/site-packages/airflow/example_dags/example_complex.py took 0.159 seconds
[2022-08-04 00:01:55,529] {processor.py:153} INFO - Started process (PID=22540) to work on /home/airflow/.local/lib/python3.7/site-packages/airflow/example_dags/example_complex.py
[2022-08-04 00:01:55,532] {processor.py:641} INFO - Processing file /home/airflow/.local/lib/python3.7/site-packages/airflow/example_dags/example_complex.py for tasks to queue
[2022-08-04 00:01:55,534] {logging_mixin.py:115} INFO - [2022-08-04 00:01:55,534] {dagbag.py:508} INFO - Filling up the DagBag from /home/airflow/.local/lib/python3.7/site-packages/airflow/example_dags/example_complex.py
[2022-08-04 00:01:55,551] {processor.py:651} INFO - DAG(s) dict_keys(['example_complex']) retrieved from /home/airflow/.local/lib/python3.7/site-packages/airflow/example_dags/example_complex.py
[2022-08-04 00:01:55,590] {logging_mixin.py:115} INFO - [2022-08-04 00:01:55,590] {dag.py:2420} INFO - Sync 1 DAGs
[2022-08-04 00:01:55,616] {logging_mixin.py:115} INFO - [2022-08-04 00:01:55,616] {dag.py:2972} INFO - Setting next_dagrun for example_complex to None, run_after=None
[2022-08-04 00:01:55,635] {processor.py:161} INFO - Processing /home/airflow/.local/lib/python3.7/site-packages/airflow/example_dags/example_complex.py took 0.110 seconds
[2022-08-04 00:02:25,877] {processor.py:153} INFO - Started process (PID=22602) to work on /home/airflow/.local/lib/python3.7/site-packages/airflow/example_dags/example_complex.py
[2022-08-04 00:02:25,884] {processor.py:641} INFO - Processing file /home/airflow/.local/lib/python3.7/site-packages/airflow/example_dags/example_complex.py for tasks to queue
[2022-08-04 00:02:25,892] {logging_mixin.py:115} INFO - [2022-08-04 00:02:25,892] {dagbag.py:508} INFO - Filling up the DagBag from /home/airflow/.local/lib/python3.7/site-packages/airflow/example_dags/example_complex.py
[2022-08-04 00:02:25,922] {processor.py:651} INFO - DAG(s) dict_keys(['example_complex']) retrieved from /home/airflow/.local/lib/python3.7/site-packages/airflow/example_dags/example_complex.py
[2022-08-04 00:02:25,995] {logging_mixin.py:115} INFO - [2022-08-04 00:02:25,995] {dag.py:2420} INFO - Sync 1 DAGs
[2022-08-04 00:02:26,036] {logging_mixin.py:115} INFO - [2022-08-04 00:02:26,036] {dag.py:2972} INFO - Setting next_dagrun for example_complex to None, run_after=None
[2022-08-04 00:02:26,064] {processor.py:161} INFO - Processing /home/airflow/.local/lib/python3.7/site-packages/airflow/example_dags/example_complex.py took 0.194 seconds
[2022-08-04 00:02:56,990] {processor.py:153} INFO - Started process (PID=22657) to work on /home/airflow/.local/lib/python3.7/site-packages/airflow/example_dags/example_complex.py
[2022-08-04 00:02:56,997] {processor.py:641} INFO - Processing file /home/airflow/.local/lib/python3.7/site-packages/airflow/example_dags/example_complex.py for tasks to queue
[2022-08-04 00:02:57,000] {logging_mixin.py:115} INFO - [2022-08-04 00:02:57,000] {dagbag.py:508} INFO - Filling up the DagBag from /home/airflow/.local/lib/python3.7/site-packages/airflow/example_dags/example_complex.py
[2022-08-04 00:02:57,027] {processor.py:651} INFO - DAG(s) dict_keys(['example_complex']) retrieved from /home/airflow/.local/lib/python3.7/site-packages/airflow/example_dags/example_complex.py
[2022-08-04 00:02:57,096] {logging_mixin.py:115} INFO - [2022-08-04 00:02:57,096] {dag.py:2420} INFO - Sync 1 DAGs
[2022-08-04 00:02:57,132] {logging_mixin.py:115} INFO - [2022-08-04 00:02:57,132] {dag.py:2972} INFO - Setting next_dagrun for example_complex to None, run_after=None
[2022-08-04 00:02:57,157] {processor.py:161} INFO - Processing /home/airflow/.local/lib/python3.7/site-packages/airflow/example_dags/example_complex.py took 0.175 seconds
[2022-08-04 00:03:27,328] {processor.py:153} INFO - Started process (PID=22720) to work on /home/airflow/.local/lib/python3.7/site-packages/airflow/example_dags/example_complex.py
[2022-08-04 00:03:27,342] {processor.py:641} INFO - Processing file /home/airflow/.local/lib/python3.7/site-packages/airflow/example_dags/example_complex.py for tasks to queue
[2022-08-04 00:03:27,348] {logging_mixin.py:115} INFO - [2022-08-04 00:03:27,348] {dagbag.py:508} INFO - Filling up the DagBag from /home/airflow/.local/lib/python3.7/site-packages/airflow/example_dags/example_complex.py
[2022-08-04 00:03:27,379] {processor.py:651} INFO - DAG(s) dict_keys(['example_complex']) retrieved from /home/airflow/.local/lib/python3.7/site-packages/airflow/example_dags/example_complex.py
[2022-08-04 00:03:27,463] {logging_mixin.py:115} INFO - [2022-08-04 00:03:27,463] {dag.py:2420} INFO - Sync 1 DAGs
[2022-08-04 00:03:27,510] {logging_mixin.py:115} INFO - [2022-08-04 00:03:27,510] {dag.py:2972} INFO - Setting next_dagrun for example_complex to None, run_after=None
[2022-08-04 00:03:27,544] {processor.py:161} INFO - Processing /home/airflow/.local/lib/python3.7/site-packages/airflow/example_dags/example_complex.py took 0.223 seconds
[2022-08-04 00:03:58,337] {processor.py:153} INFO - Started process (PID=22775) to work on /home/airflow/.local/lib/python3.7/site-packages/airflow/example_dags/example_complex.py
[2022-08-04 00:03:58,340] {processor.py:641} INFO - Processing file /home/airflow/.local/lib/python3.7/site-packages/airflow/example_dags/example_complex.py for tasks to queue
[2022-08-04 00:03:58,342] {logging_mixin.py:115} INFO - [2022-08-04 00:03:58,342] {dagbag.py:508} INFO - Filling up the DagBag from /home/airflow/.local/lib/python3.7/site-packages/airflow/example_dags/example_complex.py
[2022-08-04 00:03:58,361] {processor.py:651} INFO - DAG(s) dict_keys(['example_complex']) retrieved from /home/airflow/.local/lib/python3.7/site-packages/airflow/example_dags/example_complex.py
[2022-08-04 00:03:58,403] {logging_mixin.py:115} INFO - [2022-08-04 00:03:58,402] {dag.py:2420} INFO - Sync 1 DAGs
[2022-08-04 00:03:58,425] {logging_mixin.py:115} INFO - [2022-08-04 00:03:58,425] {dag.py:2972} INFO - Setting next_dagrun for example_complex to None, run_after=None
[2022-08-04 00:03:58,439] {processor.py:161} INFO - Processing /home/airflow/.local/lib/python3.7/site-packages/airflow/example_dags/example_complex.py took 0.106 seconds
[2022-08-04 00:04:28,771] {processor.py:153} INFO - Started process (PID=22836) to work on /home/airflow/.local/lib/python3.7/site-packages/airflow/example_dags/example_complex.py
[2022-08-04 00:04:28,785] {processor.py:641} INFO - Processing file /home/airflow/.local/lib/python3.7/site-packages/airflow/example_dags/example_complex.py for tasks to queue
[2022-08-04 00:04:28,792] {logging_mixin.py:115} INFO - [2022-08-04 00:04:28,791] {dagbag.py:508} INFO - Filling up the DagBag from /home/airflow/.local/lib/python3.7/site-packages/airflow/example_dags/example_complex.py
[2022-08-04 00:04:28,821] {processor.py:651} INFO - DAG(s) dict_keys(['example_complex']) retrieved from /home/airflow/.local/lib/python3.7/site-packages/airflow/example_dags/example_complex.py
[2022-08-04 00:04:28,953] {logging_mixin.py:115} INFO - [2022-08-04 00:04:28,951] {dag.py:2420} INFO - Sync 1 DAGs
[2022-08-04 00:04:29,030] {logging_mixin.py:115} INFO - [2022-08-04 00:04:29,030] {dag.py:2972} INFO - Setting next_dagrun for example_complex to None, run_after=None
[2022-08-04 00:04:29,087] {processor.py:161} INFO - Processing /home/airflow/.local/lib/python3.7/site-packages/airflow/example_dags/example_complex.py took 0.329 seconds
[2022-08-04 00:04:59,787] {processor.py:153} INFO - Started process (PID=22890) to work on /home/airflow/.local/lib/python3.7/site-packages/airflow/example_dags/example_complex.py
[2022-08-04 00:04:59,789] {processor.py:641} INFO - Processing file /home/airflow/.local/lib/python3.7/site-packages/airflow/example_dags/example_complex.py for tasks to queue
[2022-08-04 00:04:59,791] {logging_mixin.py:115} INFO - [2022-08-04 00:04:59,791] {dagbag.py:508} INFO - Filling up the DagBag from /home/airflow/.local/lib/python3.7/site-packages/airflow/example_dags/example_complex.py
[2022-08-04 00:04:59,808] {processor.py:651} INFO - DAG(s) dict_keys(['example_complex']) retrieved from /home/airflow/.local/lib/python3.7/site-packages/airflow/example_dags/example_complex.py
[2022-08-04 00:04:59,845] {logging_mixin.py:115} INFO - [2022-08-04 00:04:59,845] {dag.py:2420} INFO - Sync 1 DAGs
[2022-08-04 00:04:59,869] {logging_mixin.py:115} INFO - [2022-08-04 00:04:59,869] {dag.py:2972} INFO - Setting next_dagrun for example_complex to None, run_after=None
[2022-08-04 00:04:59,882] {processor.py:161} INFO - Processing /home/airflow/.local/lib/python3.7/site-packages/airflow/example_dags/example_complex.py took 0.100 seconds
[2022-08-04 00:05:30,063] {processor.py:153} INFO - Started process (PID=22952) to work on /home/airflow/.local/lib/python3.7/site-packages/airflow/example_dags/example_complex.py
[2022-08-04 00:05:30,075] {processor.py:641} INFO - Processing file /home/airflow/.local/lib/python3.7/site-packages/airflow/example_dags/example_complex.py for tasks to queue
[2022-08-04 00:05:30,087] {logging_mixin.py:115} INFO - [2022-08-04 00:05:30,087] {dagbag.py:508} INFO - Filling up the DagBag from /home/airflow/.local/lib/python3.7/site-packages/airflow/example_dags/example_complex.py
[2022-08-04 00:05:30,123] {processor.py:651} INFO - DAG(s) dict_keys(['example_complex']) retrieved from /home/airflow/.local/lib/python3.7/site-packages/airflow/example_dags/example_complex.py
[2022-08-04 00:05:30,200] {logging_mixin.py:115} INFO - [2022-08-04 00:05:30,199] {dag.py:2420} INFO - Sync 1 DAGs
[2022-08-04 00:05:30,237] {logging_mixin.py:115} INFO - [2022-08-04 00:05:30,237] {dag.py:2972} INFO - Setting next_dagrun for example_complex to None, run_after=None
[2022-08-04 00:05:30,261] {processor.py:161} INFO - Processing /home/airflow/.local/lib/python3.7/site-packages/airflow/example_dags/example_complex.py took 0.207 seconds
[2022-08-04 00:06:00,547] {processor.py:153} INFO - Started process (PID=23008) to work on /home/airflow/.local/lib/python3.7/site-packages/airflow/example_dags/example_complex.py
[2022-08-04 00:06:00,560] {processor.py:641} INFO - Processing file /home/airflow/.local/lib/python3.7/site-packages/airflow/example_dags/example_complex.py for tasks to queue
[2022-08-04 00:06:00,575] {logging_mixin.py:115} INFO - [2022-08-04 00:06:00,575] {dagbag.py:508} INFO - Filling up the DagBag from /home/airflow/.local/lib/python3.7/site-packages/airflow/example_dags/example_complex.py
[2022-08-04 00:06:00,663] {processor.py:651} INFO - DAG(s) dict_keys(['example_complex']) retrieved from /home/airflow/.local/lib/python3.7/site-packages/airflow/example_dags/example_complex.py
[2022-08-04 00:06:01,058] {logging_mixin.py:115} INFO - [2022-08-04 00:06:01,057] {dag.py:2420} INFO - Sync 1 DAGs
[2022-08-04 00:06:01,109] {logging_mixin.py:115} INFO - [2022-08-04 00:06:01,108] {dag.py:2972} INFO - Setting next_dagrun for example_complex to None, run_after=None
[2022-08-04 00:06:01,138] {processor.py:161} INFO - Processing /home/airflow/.local/lib/python3.7/site-packages/airflow/example_dags/example_complex.py took 0.604 seconds
[2022-08-04 00:06:31,589] {processor.py:153} INFO - Started process (PID=23061) to work on /home/airflow/.local/lib/python3.7/site-packages/airflow/example_dags/example_complex.py
[2022-08-04 00:06:31,591] {processor.py:641} INFO - Processing file /home/airflow/.local/lib/python3.7/site-packages/airflow/example_dags/example_complex.py for tasks to queue
[2022-08-04 00:06:31,594] {logging_mixin.py:115} INFO - [2022-08-04 00:06:31,594] {dagbag.py:508} INFO - Filling up the DagBag from /home/airflow/.local/lib/python3.7/site-packages/airflow/example_dags/example_complex.py
[2022-08-04 00:06:31,611] {processor.py:651} INFO - DAG(s) dict_keys(['example_complex']) retrieved from /home/airflow/.local/lib/python3.7/site-packages/airflow/example_dags/example_complex.py
[2022-08-04 00:06:31,648] {logging_mixin.py:115} INFO - [2022-08-04 00:06:31,648] {dag.py:2420} INFO - Sync 1 DAGs
[2022-08-04 00:06:31,672] {logging_mixin.py:115} INFO - [2022-08-04 00:06:31,672] {dag.py:2972} INFO - Setting next_dagrun for example_complex to None, run_after=None
[2022-08-04 00:06:31,684] {processor.py:161} INFO - Processing /home/airflow/.local/lib/python3.7/site-packages/airflow/example_dags/example_complex.py took 0.101 seconds
[2022-08-04 00:07:02,225] {processor.py:153} INFO - Started process (PID=23126) to work on /home/airflow/.local/lib/python3.7/site-packages/airflow/example_dags/example_complex.py
[2022-08-04 00:07:02,232] {processor.py:641} INFO - Processing file /home/airflow/.local/lib/python3.7/site-packages/airflow/example_dags/example_complex.py for tasks to queue
[2022-08-04 00:07:02,238] {logging_mixin.py:115} INFO - [2022-08-04 00:07:02,238] {dagbag.py:508} INFO - Filling up the DagBag from /home/airflow/.local/lib/python3.7/site-packages/airflow/example_dags/example_complex.py
[2022-08-04 00:07:02,269] {processor.py:651} INFO - DAG(s) dict_keys(['example_complex']) retrieved from /home/airflow/.local/lib/python3.7/site-packages/airflow/example_dags/example_complex.py
[2022-08-04 00:07:02,326] {logging_mixin.py:115} INFO - [2022-08-04 00:07:02,325] {dag.py:2420} INFO - Sync 1 DAGs
[2022-08-04 00:07:02,379] {logging_mixin.py:115} INFO - [2022-08-04 00:07:02,379] {dag.py:2972} INFO - Setting next_dagrun for example_complex to None, run_after=None
[2022-08-04 00:07:02,413] {processor.py:161} INFO - Processing /home/airflow/.local/lib/python3.7/site-packages/airflow/example_dags/example_complex.py took 0.195 seconds
[2022-08-04 00:07:33,238] {processor.py:153} INFO - Started process (PID=23189) to work on /home/airflow/.local/lib/python3.7/site-packages/airflow/example_dags/example_complex.py
[2022-08-04 00:07:33,240] {processor.py:641} INFO - Processing file /home/airflow/.local/lib/python3.7/site-packages/airflow/example_dags/example_complex.py for tasks to queue
[2022-08-04 00:07:33,243] {logging_mixin.py:115} INFO - [2022-08-04 00:07:33,243] {dagbag.py:508} INFO - Filling up the DagBag from /home/airflow/.local/lib/python3.7/site-packages/airflow/example_dags/example_complex.py
[2022-08-04 00:07:33,259] {processor.py:651} INFO - DAG(s) dict_keys(['example_complex']) retrieved from /home/airflow/.local/lib/python3.7/site-packages/airflow/example_dags/example_complex.py
[2022-08-04 00:07:33,297] {logging_mixin.py:115} INFO - [2022-08-04 00:07:33,297] {dag.py:2420} INFO - Sync 1 DAGs
[2022-08-04 00:07:33,321] {logging_mixin.py:115} INFO - [2022-08-04 00:07:33,321] {dag.py:2972} INFO - Setting next_dagrun for example_complex to None, run_after=None
[2022-08-04 00:07:33,336] {processor.py:161} INFO - Processing /home/airflow/.local/lib/python3.7/site-packages/airflow/example_dags/example_complex.py took 0.102 seconds
[2022-08-04 00:08:03,941] {processor.py:153} INFO - Started process (PID=23244) to work on /home/airflow/.local/lib/python3.7/site-packages/airflow/example_dags/example_complex.py
[2022-08-04 00:08:03,944] {processor.py:641} INFO - Processing file /home/airflow/.local/lib/python3.7/site-packages/airflow/example_dags/example_complex.py for tasks to queue
[2022-08-04 00:08:03,947] {logging_mixin.py:115} INFO - [2022-08-04 00:08:03,947] {dagbag.py:508} INFO - Filling up the DagBag from /home/airflow/.local/lib/python3.7/site-packages/airflow/example_dags/example_complex.py
[2022-08-04 00:08:03,963] {processor.py:651} INFO - DAG(s) dict_keys(['example_complex']) retrieved from /home/airflow/.local/lib/python3.7/site-packages/airflow/example_dags/example_complex.py
[2022-08-04 00:08:03,999] {logging_mixin.py:115} INFO - [2022-08-04 00:08:03,999] {dag.py:2420} INFO - Sync 1 DAGs
[2022-08-04 00:08:04,022] {logging_mixin.py:115} INFO - [2022-08-04 00:08:04,022] {dag.py:2972} INFO - Setting next_dagrun for example_complex to None, run_after=None
[2022-08-04 00:08:04,037] {processor.py:161} INFO - Processing /home/airflow/.local/lib/python3.7/site-packages/airflow/example_dags/example_complex.py took 0.100 seconds
[2022-08-04 00:08:34,343] {processor.py:153} INFO - Started process (PID=23306) to work on /home/airflow/.local/lib/python3.7/site-packages/airflow/example_dags/example_complex.py
[2022-08-04 00:08:34,346] {processor.py:641} INFO - Processing file /home/airflow/.local/lib/python3.7/site-packages/airflow/example_dags/example_complex.py for tasks to queue
[2022-08-04 00:08:34,349] {logging_mixin.py:115} INFO - [2022-08-04 00:08:34,349] {dagbag.py:508} INFO - Filling up the DagBag from /home/airflow/.local/lib/python3.7/site-packages/airflow/example_dags/example_complex.py
[2022-08-04 00:08:34,367] {processor.py:651} INFO - DAG(s) dict_keys(['example_complex']) retrieved from /home/airflow/.local/lib/python3.7/site-packages/airflow/example_dags/example_complex.py
[2022-08-04 00:08:34,414] {logging_mixin.py:115} INFO - [2022-08-04 00:08:34,413] {dag.py:2420} INFO - Sync 1 DAGs
[2022-08-04 00:08:34,449] {logging_mixin.py:115} INFO - [2022-08-04 00:08:34,449] {dag.py:2972} INFO - Setting next_dagrun for example_complex to None, run_after=None
[2022-08-04 00:08:34,469] {processor.py:161} INFO - Processing /home/airflow/.local/lib/python3.7/site-packages/airflow/example_dags/example_complex.py took 0.132 seconds
[2022-08-04 00:09:04,933] {processor.py:153} INFO - Started process (PID=23360) to work on /home/airflow/.local/lib/python3.7/site-packages/airflow/example_dags/example_complex.py
[2022-08-04 00:09:04,940] {processor.py:641} INFO - Processing file /home/airflow/.local/lib/python3.7/site-packages/airflow/example_dags/example_complex.py for tasks to queue
[2022-08-04 00:09:04,945] {logging_mixin.py:115} INFO - [2022-08-04 00:09:04,944] {dagbag.py:508} INFO - Filling up the DagBag from /home/airflow/.local/lib/python3.7/site-packages/airflow/example_dags/example_complex.py
[2022-08-04 00:09:04,970] {processor.py:651} INFO - DAG(s) dict_keys(['example_complex']) retrieved from /home/airflow/.local/lib/python3.7/site-packages/airflow/example_dags/example_complex.py
[2022-08-04 00:09:05,031] {logging_mixin.py:115} INFO - [2022-08-04 00:09:05,031] {dag.py:2420} INFO - Sync 1 DAGs
[2022-08-04 00:09:05,070] {logging_mixin.py:115} INFO - [2022-08-04 00:09:05,070] {dag.py:2972} INFO - Setting next_dagrun for example_complex to None, run_after=None
[2022-08-04 00:09:05,118] {processor.py:161} INFO - Processing /home/airflow/.local/lib/python3.7/site-packages/airflow/example_dags/example_complex.py took 0.192 seconds
[2022-08-04 00:09:35,262] {processor.py:153} INFO - Started process (PID=23426) to work on /home/airflow/.local/lib/python3.7/site-packages/airflow/example_dags/example_complex.py
[2022-08-04 00:09:35,266] {processor.py:641} INFO - Processing file /home/airflow/.local/lib/python3.7/site-packages/airflow/example_dags/example_complex.py for tasks to queue
[2022-08-04 00:09:35,269] {logging_mixin.py:115} INFO - [2022-08-04 00:09:35,269] {dagbag.py:508} INFO - Filling up the DagBag from /home/airflow/.local/lib/python3.7/site-packages/airflow/example_dags/example_complex.py
[2022-08-04 00:09:35,290] {processor.py:651} INFO - DAG(s) dict_keys(['example_complex']) retrieved from /home/airflow/.local/lib/python3.7/site-packages/airflow/example_dags/example_complex.py
[2022-08-04 00:09:35,343] {logging_mixin.py:115} INFO - [2022-08-04 00:09:35,342] {dag.py:2420} INFO - Sync 1 DAGs
[2022-08-04 00:09:35,378] {logging_mixin.py:115} INFO - [2022-08-04 00:09:35,378] {dag.py:2972} INFO - Setting next_dagrun for example_complex to None, run_after=None
[2022-08-04 00:09:35,408] {processor.py:161} INFO - Processing /home/airflow/.local/lib/python3.7/site-packages/airflow/example_dags/example_complex.py took 0.153 seconds
[2022-08-04 00:10:10,288] {processor.py:153} INFO - Started process (PID=23470) to work on /home/airflow/.local/lib/python3.7/site-packages/airflow/example_dags/example_complex.py
[2022-08-04 00:10:10,296] {processor.py:641} INFO - Processing file /home/airflow/.local/lib/python3.7/site-packages/airflow/example_dags/example_complex.py for tasks to queue
[2022-08-04 00:10:10,302] {logging_mixin.py:115} INFO - [2022-08-04 00:10:10,302] {dagbag.py:508} INFO - Filling up the DagBag from /home/airflow/.local/lib/python3.7/site-packages/airflow/example_dags/example_complex.py
[2022-08-04 00:10:10,334] {processor.py:651} INFO - DAG(s) dict_keys(['example_complex']) retrieved from /home/airflow/.local/lib/python3.7/site-packages/airflow/example_dags/example_complex.py
[2022-08-04 00:10:10,404] {logging_mixin.py:115} INFO - [2022-08-04 00:10:10,404] {dag.py:2420} INFO - Sync 1 DAGs
[2022-08-04 00:10:10,449] {logging_mixin.py:115} INFO - [2022-08-04 00:10:10,449] {dag.py:2972} INFO - Setting next_dagrun for example_complex to None, run_after=None
[2022-08-04 00:10:10,483] {processor.py:161} INFO - Processing /home/airflow/.local/lib/python3.7/site-packages/airflow/example_dags/example_complex.py took 0.205 seconds
[2022-08-04 00:11:06,923] {processor.py:153} INFO - Started process (PID=23530) to work on /home/airflow/.local/lib/python3.7/site-packages/airflow/example_dags/example_complex.py
[2022-08-04 00:11:07,057] {processor.py:641} INFO - Processing file /home/airflow/.local/lib/python3.7/site-packages/airflow/example_dags/example_complex.py for tasks to queue
[2022-08-04 00:11:07,072] {logging_mixin.py:115} INFO - [2022-08-04 00:11:07,070] {dagbag.py:508} INFO - Filling up the DagBag from /home/airflow/.local/lib/python3.7/site-packages/airflow/example_dags/example_complex.py
[2022-08-04 00:11:07,151] {processor.py:651} INFO - DAG(s) dict_keys(['example_complex']) retrieved from /home/airflow/.local/lib/python3.7/site-packages/airflow/example_dags/example_complex.py
[2022-08-04 00:11:07,277] {logging_mixin.py:115} INFO - [2022-08-04 00:11:07,277] {dag.py:2420} INFO - Sync 1 DAGs
[2022-08-04 00:11:07,372] {logging_mixin.py:115} INFO - [2022-08-04 00:11:07,372] {dag.py:2972} INFO - Setting next_dagrun for example_complex to None, run_after=None
[2022-08-04 00:11:07,434] {processor.py:161} INFO - Processing /home/airflow/.local/lib/python3.7/site-packages/airflow/example_dags/example_complex.py took 0.529 seconds
[2022-08-04 00:11:37,776] {processor.py:153} INFO - Started process (PID=23593) to work on /home/airflow/.local/lib/python3.7/site-packages/airflow/example_dags/example_complex.py
[2022-08-04 00:11:37,782] {processor.py:641} INFO - Processing file /home/airflow/.local/lib/python3.7/site-packages/airflow/example_dags/example_complex.py for tasks to queue
[2022-08-04 00:11:37,787] {logging_mixin.py:115} INFO - [2022-08-04 00:11:37,787] {dagbag.py:508} INFO - Filling up the DagBag from /home/airflow/.local/lib/python3.7/site-packages/airflow/example_dags/example_complex.py
[2022-08-04 00:11:37,814] {processor.py:651} INFO - DAG(s) dict_keys(['example_complex']) retrieved from /home/airflow/.local/lib/python3.7/site-packages/airflow/example_dags/example_complex.py
[2022-08-04 00:11:37,866] {logging_mixin.py:115} INFO - [2022-08-04 00:11:37,866] {dag.py:2420} INFO - Sync 1 DAGs
[2022-08-04 00:11:37,896] {logging_mixin.py:115} INFO - [2022-08-04 00:11:37,896] {dag.py:2972} INFO - Setting next_dagrun for example_complex to None, run_after=None
[2022-08-04 00:11:37,921] {processor.py:161} INFO - Processing /home/airflow/.local/lib/python3.7/site-packages/airflow/example_dags/example_complex.py took 0.153 seconds
[2022-08-04 00:14:56,622] {processor.py:153} INFO - Started process (PID=23647) to work on /home/airflow/.local/lib/python3.7/site-packages/airflow/example_dags/example_complex.py
[2022-08-04 00:14:56,636] {processor.py:641} INFO - Processing file /home/airflow/.local/lib/python3.7/site-packages/airflow/example_dags/example_complex.py for tasks to queue
[2022-08-04 00:14:56,641] {logging_mixin.py:115} INFO - [2022-08-04 00:14:56,641] {dagbag.py:508} INFO - Filling up the DagBag from /home/airflow/.local/lib/python3.7/site-packages/airflow/example_dags/example_complex.py
[2022-08-04 00:14:56,680] {processor.py:651} INFO - DAG(s) dict_keys(['example_complex']) retrieved from /home/airflow/.local/lib/python3.7/site-packages/airflow/example_dags/example_complex.py
[2022-08-04 00:14:56,768] {logging_mixin.py:115} INFO - [2022-08-04 00:14:56,767] {dag.py:2420} INFO - Sync 1 DAGs
[2022-08-04 00:14:56,842] {logging_mixin.py:115} INFO - [2022-08-04 00:14:56,842] {dag.py:2972} INFO - Setting next_dagrun for example_complex to None, run_after=None
[2022-08-04 00:14:56,873] {processor.py:161} INFO - Processing /home/airflow/.local/lib/python3.7/site-packages/airflow/example_dags/example_complex.py took 0.267 seconds
[2022-08-04 00:15:36,333] {processor.py:153} INFO - Started process (PID=23711) to work on /home/airflow/.local/lib/python3.7/site-packages/airflow/example_dags/example_complex.py
[2022-08-04 00:15:36,345] {processor.py:641} INFO - Processing file /home/airflow/.local/lib/python3.7/site-packages/airflow/example_dags/example_complex.py for tasks to queue
[2022-08-04 00:15:36,353] {logging_mixin.py:115} INFO - [2022-08-04 00:15:36,353] {dagbag.py:508} INFO - Filling up the DagBag from /home/airflow/.local/lib/python3.7/site-packages/airflow/example_dags/example_complex.py
[2022-08-04 00:15:36,427] {processor.py:651} INFO - DAG(s) dict_keys(['example_complex']) retrieved from /home/airflow/.local/lib/python3.7/site-packages/airflow/example_dags/example_complex.py
[2022-08-04 00:15:36,621] {logging_mixin.py:115} INFO - [2022-08-04 00:15:36,621] {dag.py:2420} INFO - Sync 1 DAGs
[2022-08-04 00:15:36,686] {logging_mixin.py:115} INFO - [2022-08-04 00:15:36,686] {dag.py:2972} INFO - Setting next_dagrun for example_complex to None, run_after=None
[2022-08-04 00:15:36,731] {processor.py:161} INFO - Processing /home/airflow/.local/lib/python3.7/site-packages/airflow/example_dags/example_complex.py took 0.405 seconds
[2022-08-04 00:32:53,043] {processor.py:153} INFO - Started process (PID=23756) to work on /home/airflow/.local/lib/python3.7/site-packages/airflow/example_dags/example_complex.py
[2022-08-04 00:32:53,052] {processor.py:641} INFO - Processing file /home/airflow/.local/lib/python3.7/site-packages/airflow/example_dags/example_complex.py for tasks to queue
[2022-08-04 00:32:53,062] {logging_mixin.py:115} INFO - [2022-08-04 00:32:53,062] {dagbag.py:508} INFO - Filling up the DagBag from /home/airflow/.local/lib/python3.7/site-packages/airflow/example_dags/example_complex.py
[2022-08-04 00:32:53,111] {processor.py:651} INFO - DAG(s) dict_keys(['example_complex']) retrieved from /home/airflow/.local/lib/python3.7/site-packages/airflow/example_dags/example_complex.py
[2022-08-04 00:32:53,206] {logging_mixin.py:115} INFO - [2022-08-04 00:32:53,206] {dag.py:2420} INFO - Sync 1 DAGs
[2022-08-04 00:32:53,294] {logging_mixin.py:115} INFO - [2022-08-04 00:32:53,294] {dag.py:2972} INFO - Setting next_dagrun for example_complex to None, run_after=None
[2022-08-04 00:32:53,329] {processor.py:161} INFO - Processing /home/airflow/.local/lib/python3.7/site-packages/airflow/example_dags/example_complex.py took 0.294 seconds
[2022-08-04 00:33:23,925] {processor.py:153} INFO - Started process (PID=23821) to work on /home/airflow/.local/lib/python3.7/site-packages/airflow/example_dags/example_complex.py
[2022-08-04 00:33:23,932] {processor.py:641} INFO - Processing file /home/airflow/.local/lib/python3.7/site-packages/airflow/example_dags/example_complex.py for tasks to queue
[2022-08-04 00:33:23,946] {logging_mixin.py:115} INFO - [2022-08-04 00:33:23,946] {dagbag.py:508} INFO - Filling up the DagBag from /home/airflow/.local/lib/python3.7/site-packages/airflow/example_dags/example_complex.py
[2022-08-04 00:33:23,992] {processor.py:651} INFO - DAG(s) dict_keys(['example_complex']) retrieved from /home/airflow/.local/lib/python3.7/site-packages/airflow/example_dags/example_complex.py
[2022-08-04 00:33:24,068] {logging_mixin.py:115} INFO - [2022-08-04 00:33:24,068] {dag.py:2420} INFO - Sync 1 DAGs
[2022-08-04 00:33:24,117] {logging_mixin.py:115} INFO - [2022-08-04 00:33:24,116] {dag.py:2972} INFO - Setting next_dagrun for example_complex to None, run_after=None
[2022-08-04 00:33:24,148] {processor.py:161} INFO - Processing /home/airflow/.local/lib/python3.7/site-packages/airflow/example_dags/example_complex.py took 0.242 seconds
[2022-08-04 00:33:54,576] {processor.py:153} INFO - Started process (PID=23875) to work on /home/airflow/.local/lib/python3.7/site-packages/airflow/example_dags/example_complex.py
[2022-08-04 00:33:54,580] {processor.py:641} INFO - Processing file /home/airflow/.local/lib/python3.7/site-packages/airflow/example_dags/example_complex.py for tasks to queue
[2022-08-04 00:33:54,584] {logging_mixin.py:115} INFO - [2022-08-04 00:33:54,584] {dagbag.py:508} INFO - Filling up the DagBag from /home/airflow/.local/lib/python3.7/site-packages/airflow/example_dags/example_complex.py
[2022-08-04 00:33:54,609] {processor.py:651} INFO - DAG(s) dict_keys(['example_complex']) retrieved from /home/airflow/.local/lib/python3.7/site-packages/airflow/example_dags/example_complex.py
[2022-08-04 00:33:54,673] {logging_mixin.py:115} INFO - [2022-08-04 00:33:54,672] {dag.py:2420} INFO - Sync 1 DAGs
[2022-08-04 00:33:54,732] {logging_mixin.py:115} INFO - [2022-08-04 00:33:54,732] {dag.py:2972} INFO - Setting next_dagrun for example_complex to None, run_after=None
[2022-08-04 00:33:54,755] {processor.py:161} INFO - Processing /home/airflow/.local/lib/python3.7/site-packages/airflow/example_dags/example_complex.py took 0.184 seconds
[2022-08-04 00:34:25,726] {processor.py:153} INFO - Started process (PID=23939) to work on /home/airflow/.local/lib/python3.7/site-packages/airflow/example_dags/example_complex.py
[2022-08-04 00:34:25,731] {processor.py:641} INFO - Processing file /home/airflow/.local/lib/python3.7/site-packages/airflow/example_dags/example_complex.py for tasks to queue
[2022-08-04 00:34:25,737] {logging_mixin.py:115} INFO - [2022-08-04 00:34:25,737] {dagbag.py:508} INFO - Filling up the DagBag from /home/airflow/.local/lib/python3.7/site-packages/airflow/example_dags/example_complex.py
[2022-08-04 00:34:25,762] {processor.py:651} INFO - DAG(s) dict_keys(['example_complex']) retrieved from /home/airflow/.local/lib/python3.7/site-packages/airflow/example_dags/example_complex.py
[2022-08-04 00:34:25,811] {logging_mixin.py:115} INFO - [2022-08-04 00:34:25,810] {dag.py:2420} INFO - Sync 1 DAGs
[2022-08-04 00:34:25,855] {logging_mixin.py:115} INFO - [2022-08-04 00:34:25,855] {dag.py:2972} INFO - Setting next_dagrun for example_complex to None, run_after=None
[2022-08-04 00:34:25,880] {processor.py:161} INFO - Processing /home/airflow/.local/lib/python3.7/site-packages/airflow/example_dags/example_complex.py took 0.160 seconds
[2022-08-04 00:34:56,493] {processor.py:153} INFO - Started process (PID=23993) to work on /home/airflow/.local/lib/python3.7/site-packages/airflow/example_dags/example_complex.py
[2022-08-04 00:34:56,500] {processor.py:641} INFO - Processing file /home/airflow/.local/lib/python3.7/site-packages/airflow/example_dags/example_complex.py for tasks to queue
[2022-08-04 00:34:56,513] {logging_mixin.py:115} INFO - [2022-08-04 00:34:56,513] {dagbag.py:508} INFO - Filling up the DagBag from /home/airflow/.local/lib/python3.7/site-packages/airflow/example_dags/example_complex.py
[2022-08-04 00:34:56,536] {processor.py:651} INFO - DAG(s) dict_keys(['example_complex']) retrieved from /home/airflow/.local/lib/python3.7/site-packages/airflow/example_dags/example_complex.py
[2022-08-04 00:34:56,596] {logging_mixin.py:115} INFO - [2022-08-04 00:34:56,596] {dag.py:2420} INFO - Sync 1 DAGs
[2022-08-04 00:34:56,629] {logging_mixin.py:115} INFO - [2022-08-04 00:34:56,629] {dag.py:2972} INFO - Setting next_dagrun for example_complex to None, run_after=None
[2022-08-04 00:34:56,650] {processor.py:161} INFO - Processing /home/airflow/.local/lib/python3.7/site-packages/airflow/example_dags/example_complex.py took 0.165 seconds
[2022-08-04 00:35:27,878] {processor.py:153} INFO - Started process (PID=24055) to work on /home/airflow/.local/lib/python3.7/site-packages/airflow/example_dags/example_complex.py
[2022-08-04 00:35:27,923] {processor.py:641} INFO - Processing file /home/airflow/.local/lib/python3.7/site-packages/airflow/example_dags/example_complex.py for tasks to queue
[2022-08-04 00:35:27,942] {logging_mixin.py:115} INFO - [2022-08-04 00:35:27,942] {dagbag.py:508} INFO - Filling up the DagBag from /home/airflow/.local/lib/python3.7/site-packages/airflow/example_dags/example_complex.py
[2022-08-04 00:35:28,017] {processor.py:651} INFO - DAG(s) dict_keys(['example_complex']) retrieved from /home/airflow/.local/lib/python3.7/site-packages/airflow/example_dags/example_complex.py
[2022-08-04 00:35:28,134] {logging_mixin.py:115} INFO - [2022-08-04 00:35:28,133] {dag.py:2420} INFO - Sync 1 DAGs
[2022-08-04 00:35:28,253] {logging_mixin.py:115} INFO - [2022-08-04 00:35:28,253] {dag.py:2972} INFO - Setting next_dagrun for example_complex to None, run_after=None
[2022-08-04 00:35:28,323] {processor.py:161} INFO - Processing /home/airflow/.local/lib/python3.7/site-packages/airflow/example_dags/example_complex.py took 0.463 seconds
[2022-08-04 00:35:58,755] {processor.py:153} INFO - Started process (PID=24109) to work on /home/airflow/.local/lib/python3.7/site-packages/airflow/example_dags/example_complex.py
[2022-08-04 00:35:58,762] {processor.py:641} INFO - Processing file /home/airflow/.local/lib/python3.7/site-packages/airflow/example_dags/example_complex.py for tasks to queue
[2022-08-04 00:35:58,767] {logging_mixin.py:115} INFO - [2022-08-04 00:35:58,766] {dagbag.py:508} INFO - Filling up the DagBag from /home/airflow/.local/lib/python3.7/site-packages/airflow/example_dags/example_complex.py
[2022-08-04 00:35:58,786] {processor.py:651} INFO - DAG(s) dict_keys(['example_complex']) retrieved from /home/airflow/.local/lib/python3.7/site-packages/airflow/example_dags/example_complex.py
[2022-08-04 00:35:58,852] {logging_mixin.py:115} INFO - [2022-08-04 00:35:58,852] {dag.py:2420} INFO - Sync 1 DAGs
[2022-08-04 00:35:58,896] {logging_mixin.py:115} INFO - [2022-08-04 00:35:58,896] {dag.py:2972} INFO - Setting next_dagrun for example_complex to None, run_after=None
[2022-08-04 00:35:58,920] {processor.py:161} INFO - Processing /home/airflow/.local/lib/python3.7/site-packages/airflow/example_dags/example_complex.py took 0.171 seconds
[2022-08-04 00:36:29,467] {processor.py:153} INFO - Started process (PID=24164) to work on /home/airflow/.local/lib/python3.7/site-packages/airflow/example_dags/example_complex.py
[2022-08-04 00:36:29,471] {processor.py:641} INFO - Processing file /home/airflow/.local/lib/python3.7/site-packages/airflow/example_dags/example_complex.py for tasks to queue
[2022-08-04 00:36:29,476] {logging_mixin.py:115} INFO - [2022-08-04 00:36:29,475] {dagbag.py:508} INFO - Filling up the DagBag from /home/airflow/.local/lib/python3.7/site-packages/airflow/example_dags/example_complex.py
[2022-08-04 00:36:29,508] {processor.py:651} INFO - DAG(s) dict_keys(['example_complex']) retrieved from /home/airflow/.local/lib/python3.7/site-packages/airflow/example_dags/example_complex.py
[2022-08-04 00:36:29,561] {logging_mixin.py:115} INFO - [2022-08-04 00:36:29,561] {dag.py:2420} INFO - Sync 1 DAGs
[2022-08-04 00:36:29,594] {logging_mixin.py:115} INFO - [2022-08-04 00:36:29,594] {dag.py:2972} INFO - Setting next_dagrun for example_complex to None, run_after=None
[2022-08-04 00:36:29,646] {processor.py:161} INFO - Processing /home/airflow/.local/lib/python3.7/site-packages/airflow/example_dags/example_complex.py took 0.187 seconds
[2022-08-04 00:36:59,815] {processor.py:153} INFO - Started process (PID=24224) to work on /home/airflow/.local/lib/python3.7/site-packages/airflow/example_dags/example_complex.py
[2022-08-04 00:36:59,823] {processor.py:641} INFO - Processing file /home/airflow/.local/lib/python3.7/site-packages/airflow/example_dags/example_complex.py for tasks to queue
[2022-08-04 00:36:59,838] {logging_mixin.py:115} INFO - [2022-08-04 00:36:59,838] {dagbag.py:508} INFO - Filling up the DagBag from /home/airflow/.local/lib/python3.7/site-packages/airflow/example_dags/example_complex.py
[2022-08-04 00:36:59,878] {processor.py:651} INFO - DAG(s) dict_keys(['example_complex']) retrieved from /home/airflow/.local/lib/python3.7/site-packages/airflow/example_dags/example_complex.py
[2022-08-04 00:36:59,966] {logging_mixin.py:115} INFO - [2022-08-04 00:36:59,966] {dag.py:2420} INFO - Sync 1 DAGs
[2022-08-04 00:37:00,001] {logging_mixin.py:115} INFO - [2022-08-04 00:37:00,001] {dag.py:2972} INFO - Setting next_dagrun for example_complex to None, run_after=None
[2022-08-04 00:37:00,047] {processor.py:161} INFO - Processing /home/airflow/.local/lib/python3.7/site-packages/airflow/example_dags/example_complex.py took 0.244 seconds
[2022-08-04 00:37:30,724] {processor.py:153} INFO - Started process (PID=24278) to work on /home/airflow/.local/lib/python3.7/site-packages/airflow/example_dags/example_complex.py
[2022-08-04 00:37:30,730] {processor.py:641} INFO - Processing file /home/airflow/.local/lib/python3.7/site-packages/airflow/example_dags/example_complex.py for tasks to queue
[2022-08-04 00:37:30,741] {logging_mixin.py:115} INFO - [2022-08-04 00:37:30,741] {dagbag.py:508} INFO - Filling up the DagBag from /home/airflow/.local/lib/python3.7/site-packages/airflow/example_dags/example_complex.py
[2022-08-04 00:37:30,795] {processor.py:651} INFO - DAG(s) dict_keys(['example_complex']) retrieved from /home/airflow/.local/lib/python3.7/site-packages/airflow/example_dags/example_complex.py
[2022-08-04 00:37:30,895] {logging_mixin.py:115} INFO - [2022-08-04 00:37:30,891] {dag.py:2420} INFO - Sync 1 DAGs
[2022-08-04 00:37:30,955] {logging_mixin.py:115} INFO - [2022-08-04 00:37:30,951] {dag.py:2972} INFO - Setting next_dagrun for example_complex to None, run_after=None
[2022-08-04 00:37:31,017] {processor.py:161} INFO - Processing /home/airflow/.local/lib/python3.7/site-packages/airflow/example_dags/example_complex.py took 0.301 seconds
[2022-08-04 00:38:08,327] {processor.py:153} INFO - Started process (PID=24343) to work on /home/airflow/.local/lib/python3.7/site-packages/airflow/example_dags/example_complex.py
[2022-08-04 00:38:08,332] {processor.py:641} INFO - Processing file /home/airflow/.local/lib/python3.7/site-packages/airflow/example_dags/example_complex.py for tasks to queue
[2022-08-04 00:38:08,338] {logging_mixin.py:115} INFO - [2022-08-04 00:38:08,337] {dagbag.py:508} INFO - Filling up the DagBag from /home/airflow/.local/lib/python3.7/site-packages/airflow/example_dags/example_complex.py
[2022-08-04 00:38:08,360] {processor.py:651} INFO - DAG(s) dict_keys(['example_complex']) retrieved from /home/airflow/.local/lib/python3.7/site-packages/airflow/example_dags/example_complex.py
[2022-08-04 00:38:08,429] {logging_mixin.py:115} INFO - [2022-08-04 00:38:08,429] {dag.py:2420} INFO - Sync 1 DAGs
[2022-08-04 00:38:08,471] {logging_mixin.py:115} INFO - [2022-08-04 00:38:08,470] {dag.py:2972} INFO - Setting next_dagrun for example_complex to None, run_after=None
[2022-08-04 00:38:08,513] {processor.py:161} INFO - Processing /home/airflow/.local/lib/python3.7/site-packages/airflow/example_dags/example_complex.py took 0.196 seconds
