[2022-08-04 00:00:13,669] {processor.py:153} INFO - Started process (PID=22340) to work on /home/airflow/.local/lib/python3.7/site-packages/airflow/example_dags/example_branch_operator.py
[2022-08-04 00:00:13,674] {processor.py:641} INFO - Processing file /home/airflow/.local/lib/python3.7/site-packages/airflow/example_dags/example_branch_operator.py for tasks to queue
[2022-08-04 00:00:13,678] {logging_mixin.py:115} INFO - [2022-08-04 00:00:13,678] {dagbag.py:508} INFO - Filling up the DagBag from /home/airflow/.local/lib/python3.7/site-packages/airflow/example_dags/example_branch_operator.py
[2022-08-04 00:00:13,738] {processor.py:651} INFO - DAG(s) dict_keys(['example_branch_operator']) retrieved from /home/airflow/.local/lib/python3.7/site-packages/airflow/example_dags/example_branch_operator.py
[2022-08-04 00:00:13,839] {logging_mixin.py:115} INFO - [2022-08-04 00:00:13,839] {dag.py:2420} INFO - Sync 1 DAGs
[2022-08-04 00:00:13,886] {logging_mixin.py:115} INFO - [2022-08-04 00:00:13,886] {dag.py:2972} INFO - Setting next_dagrun for example_branch_operator to 2022-08-03T00:00:00+00:00, run_after=2022-08-04T00:00:00+00:00
[2022-08-04 00:00:13,915] {processor.py:161} INFO - Processing /home/airflow/.local/lib/python3.7/site-packages/airflow/example_dags/example_branch_operator.py took 0.261 seconds
[2022-08-04 00:00:44,817] {processor.py:153} INFO - Started process (PID=22403) to work on /home/airflow/.local/lib/python3.7/site-packages/airflow/example_dags/example_branch_operator.py
[2022-08-04 00:00:44,826] {processor.py:641} INFO - Processing file /home/airflow/.local/lib/python3.7/site-packages/airflow/example_dags/example_branch_operator.py for tasks to queue
[2022-08-04 00:00:44,835] {logging_mixin.py:115} INFO - [2022-08-04 00:00:44,835] {dagbag.py:508} INFO - Filling up the DagBag from /home/airflow/.local/lib/python3.7/site-packages/airflow/example_dags/example_branch_operator.py
[2022-08-04 00:00:44,873] {processor.py:651} INFO - DAG(s) dict_keys(['example_branch_operator']) retrieved from /home/airflow/.local/lib/python3.7/site-packages/airflow/example_dags/example_branch_operator.py
[2022-08-04 00:00:44,939] {logging_mixin.py:115} INFO - [2022-08-04 00:00:44,939] {dag.py:2420} INFO - Sync 1 DAGs
[2022-08-04 00:00:44,982] {logging_mixin.py:115} INFO - [2022-08-04 00:00:44,982] {dag.py:2972} INFO - Setting next_dagrun for example_branch_operator to 2022-08-03T00:00:00+00:00, run_after=2022-08-04T00:00:00+00:00
[2022-08-04 00:00:45,012] {processor.py:161} INFO - Processing /home/airflow/.local/lib/python3.7/site-packages/airflow/example_dags/example_branch_operator.py took 0.202 seconds
[2022-08-04 00:01:15,868] {processor.py:153} INFO - Started process (PID=22458) to work on /home/airflow/.local/lib/python3.7/site-packages/airflow/example_dags/example_branch_operator.py
[2022-08-04 00:01:15,873] {processor.py:641} INFO - Processing file /home/airflow/.local/lib/python3.7/site-packages/airflow/example_dags/example_branch_operator.py for tasks to queue
[2022-08-04 00:01:15,876] {logging_mixin.py:115} INFO - [2022-08-04 00:01:15,876] {dagbag.py:508} INFO - Filling up the DagBag from /home/airflow/.local/lib/python3.7/site-packages/airflow/example_dags/example_branch_operator.py
[2022-08-04 00:01:15,909] {processor.py:651} INFO - DAG(s) dict_keys(['example_branch_operator']) retrieved from /home/airflow/.local/lib/python3.7/site-packages/airflow/example_dags/example_branch_operator.py
[2022-08-04 00:01:15,966] {logging_mixin.py:115} INFO - [2022-08-04 00:01:15,966] {dag.py:2420} INFO - Sync 1 DAGs
[2022-08-04 00:01:16,004] {logging_mixin.py:115} INFO - [2022-08-04 00:01:16,004] {dag.py:2972} INFO - Setting next_dagrun for example_branch_operator to 2022-08-03T00:00:00+00:00, run_after=2022-08-04T00:00:00+00:00
[2022-08-04 00:01:16,027] {processor.py:161} INFO - Processing /home/airflow/.local/lib/python3.7/site-packages/airflow/example_dags/example_branch_operator.py took 0.170 seconds
[2022-08-04 00:01:46,389] {processor.py:153} INFO - Started process (PID=22512) to work on /home/airflow/.local/lib/python3.7/site-packages/airflow/example_dags/example_branch_operator.py
[2022-08-04 00:01:46,395] {processor.py:641} INFO - Processing file /home/airflow/.local/lib/python3.7/site-packages/airflow/example_dags/example_branch_operator.py for tasks to queue
[2022-08-04 00:01:46,401] {logging_mixin.py:115} INFO - [2022-08-04 00:01:46,400] {dagbag.py:508} INFO - Filling up the DagBag from /home/airflow/.local/lib/python3.7/site-packages/airflow/example_dags/example_branch_operator.py
[2022-08-04 00:01:46,431] {processor.py:651} INFO - DAG(s) dict_keys(['example_branch_operator']) retrieved from /home/airflow/.local/lib/python3.7/site-packages/airflow/example_dags/example_branch_operator.py
[2022-08-04 00:01:46,502] {logging_mixin.py:115} INFO - [2022-08-04 00:01:46,499] {dag.py:2420} INFO - Sync 1 DAGs
[2022-08-04 00:01:46,565] {logging_mixin.py:115} INFO - [2022-08-04 00:01:46,565] {dag.py:2972} INFO - Setting next_dagrun for example_branch_operator to 2022-08-03T00:00:00+00:00, run_after=2022-08-04T00:00:00+00:00
[2022-08-04 00:01:46,609] {processor.py:161} INFO - Processing /home/airflow/.local/lib/python3.7/site-packages/airflow/example_dags/example_branch_operator.py took 0.225 seconds
[2022-08-04 00:02:16,940] {processor.py:153} INFO - Started process (PID=22574) to work on /home/airflow/.local/lib/python3.7/site-packages/airflow/example_dags/example_branch_operator.py
[2022-08-04 00:02:16,944] {processor.py:641} INFO - Processing file /home/airflow/.local/lib/python3.7/site-packages/airflow/example_dags/example_branch_operator.py for tasks to queue
[2022-08-04 00:02:16,946] {logging_mixin.py:115} INFO - [2022-08-04 00:02:16,946] {dagbag.py:508} INFO - Filling up the DagBag from /home/airflow/.local/lib/python3.7/site-packages/airflow/example_dags/example_branch_operator.py
[2022-08-04 00:02:16,967] {processor.py:651} INFO - DAG(s) dict_keys(['example_branch_operator']) retrieved from /home/airflow/.local/lib/python3.7/site-packages/airflow/example_dags/example_branch_operator.py
[2022-08-04 00:02:17,013] {logging_mixin.py:115} INFO - [2022-08-04 00:02:17,013] {dag.py:2420} INFO - Sync 1 DAGs
[2022-08-04 00:02:17,046] {logging_mixin.py:115} INFO - [2022-08-04 00:02:17,046] {dag.py:2972} INFO - Setting next_dagrun for example_branch_operator to 2022-08-03T00:00:00+00:00, run_after=2022-08-04T00:00:00+00:00
[2022-08-04 00:02:17,069] {processor.py:161} INFO - Processing /home/airflow/.local/lib/python3.7/site-packages/airflow/example_dags/example_branch_operator.py took 0.135 seconds
[2022-08-04 00:02:47,773] {processor.py:153} INFO - Started process (PID=22629) to work on /home/airflow/.local/lib/python3.7/site-packages/airflow/example_dags/example_branch_operator.py
[2022-08-04 00:02:47,782] {processor.py:641} INFO - Processing file /home/airflow/.local/lib/python3.7/site-packages/airflow/example_dags/example_branch_operator.py for tasks to queue
[2022-08-04 00:02:47,788] {logging_mixin.py:115} INFO - [2022-08-04 00:02:47,788] {dagbag.py:508} INFO - Filling up the DagBag from /home/airflow/.local/lib/python3.7/site-packages/airflow/example_dags/example_branch_operator.py
[2022-08-04 00:02:47,818] {processor.py:651} INFO - DAG(s) dict_keys(['example_branch_operator']) retrieved from /home/airflow/.local/lib/python3.7/site-packages/airflow/example_dags/example_branch_operator.py
[2022-08-04 00:02:47,883] {logging_mixin.py:115} INFO - [2022-08-04 00:02:47,883] {dag.py:2420} INFO - Sync 1 DAGs
[2022-08-04 00:02:47,935] {logging_mixin.py:115} INFO - [2022-08-04 00:02:47,935] {dag.py:2972} INFO - Setting next_dagrun for example_branch_operator to 2022-08-03T00:00:00+00:00, run_after=2022-08-04T00:00:00+00:00
[2022-08-04 00:02:47,971] {processor.py:161} INFO - Processing /home/airflow/.local/lib/python3.7/site-packages/airflow/example_dags/example_branch_operator.py took 0.206 seconds
[2022-08-04 00:03:18,739] {processor.py:153} INFO - Started process (PID=22692) to work on /home/airflow/.local/lib/python3.7/site-packages/airflow/example_dags/example_branch_operator.py
[2022-08-04 00:03:18,741] {processor.py:641} INFO - Processing file /home/airflow/.local/lib/python3.7/site-packages/airflow/example_dags/example_branch_operator.py for tasks to queue
[2022-08-04 00:03:18,746] {logging_mixin.py:115} INFO - [2022-08-04 00:03:18,746] {dagbag.py:508} INFO - Filling up the DagBag from /home/airflow/.local/lib/python3.7/site-packages/airflow/example_dags/example_branch_operator.py
[2022-08-04 00:03:18,761] {processor.py:651} INFO - DAG(s) dict_keys(['example_branch_operator']) retrieved from /home/airflow/.local/lib/python3.7/site-packages/airflow/example_dags/example_branch_operator.py
[2022-08-04 00:03:18,797] {logging_mixin.py:115} INFO - [2022-08-04 00:03:18,797] {dag.py:2420} INFO - Sync 1 DAGs
[2022-08-04 00:03:18,827] {logging_mixin.py:115} INFO - [2022-08-04 00:03:18,827] {dag.py:2972} INFO - Setting next_dagrun for example_branch_operator to 2022-08-03T00:00:00+00:00, run_after=2022-08-04T00:00:00+00:00
[2022-08-04 00:03:18,842] {processor.py:161} INFO - Processing /home/airflow/.local/lib/python3.7/site-packages/airflow/example_dags/example_branch_operator.py took 0.109 seconds
[2022-08-04 00:03:49,340] {processor.py:153} INFO - Started process (PID=22747) to work on /home/airflow/.local/lib/python3.7/site-packages/airflow/example_dags/example_branch_operator.py
[2022-08-04 00:03:49,351] {processor.py:641} INFO - Processing file /home/airflow/.local/lib/python3.7/site-packages/airflow/example_dags/example_branch_operator.py for tasks to queue
[2022-08-04 00:03:49,362] {logging_mixin.py:115} INFO - [2022-08-04 00:03:49,362] {dagbag.py:508} INFO - Filling up the DagBag from /home/airflow/.local/lib/python3.7/site-packages/airflow/example_dags/example_branch_operator.py
[2022-08-04 00:03:49,395] {processor.py:651} INFO - DAG(s) dict_keys(['example_branch_operator']) retrieved from /home/airflow/.local/lib/python3.7/site-packages/airflow/example_dags/example_branch_operator.py
[2022-08-04 00:03:49,452] {logging_mixin.py:115} INFO - [2022-08-04 00:03:49,450] {dag.py:2420} INFO - Sync 1 DAGs
[2022-08-04 00:03:49,528] {logging_mixin.py:115} INFO - [2022-08-04 00:03:49,528] {dag.py:2972} INFO - Setting next_dagrun for example_branch_operator to 2022-08-03T00:00:00+00:00, run_after=2022-08-04T00:00:00+00:00
[2022-08-04 00:03:49,559] {processor.py:161} INFO - Processing /home/airflow/.local/lib/python3.7/site-packages/airflow/example_dags/example_branch_operator.py took 0.235 seconds
[2022-08-04 00:04:19,749] {processor.py:153} INFO - Started process (PID=22807) to work on /home/airflow/.local/lib/python3.7/site-packages/airflow/example_dags/example_branch_operator.py
[2022-08-04 00:04:19,753] {processor.py:641} INFO - Processing file /home/airflow/.local/lib/python3.7/site-packages/airflow/example_dags/example_branch_operator.py for tasks to queue
[2022-08-04 00:04:19,761] {logging_mixin.py:115} INFO - [2022-08-04 00:04:19,761] {dagbag.py:508} INFO - Filling up the DagBag from /home/airflow/.local/lib/python3.7/site-packages/airflow/example_dags/example_branch_operator.py
[2022-08-04 00:04:19,812] {processor.py:651} INFO - DAG(s) dict_keys(['example_branch_operator']) retrieved from /home/airflow/.local/lib/python3.7/site-packages/airflow/example_dags/example_branch_operator.py
[2022-08-04 00:04:19,883] {logging_mixin.py:115} INFO - [2022-08-04 00:04:19,883] {dag.py:2420} INFO - Sync 1 DAGs
[2022-08-04 00:04:19,922] {logging_mixin.py:115} INFO - [2022-08-04 00:04:19,921] {dag.py:2972} INFO - Setting next_dagrun for example_branch_operator to 2022-08-03T00:00:00+00:00, run_after=2022-08-04T00:00:00+00:00
[2022-08-04 00:04:19,946] {processor.py:161} INFO - Processing /home/airflow/.local/lib/python3.7/site-packages/airflow/example_dags/example_branch_operator.py took 0.210 seconds
[2022-08-04 00:04:50,556] {processor.py:153} INFO - Started process (PID=22862) to work on /home/airflow/.local/lib/python3.7/site-packages/airflow/example_dags/example_branch_operator.py
[2022-08-04 00:04:50,560] {processor.py:641} INFO - Processing file /home/airflow/.local/lib/python3.7/site-packages/airflow/example_dags/example_branch_operator.py for tasks to queue
[2022-08-04 00:04:50,563] {logging_mixin.py:115} INFO - [2022-08-04 00:04:50,563] {dagbag.py:508} INFO - Filling up the DagBag from /home/airflow/.local/lib/python3.7/site-packages/airflow/example_dags/example_branch_operator.py
[2022-08-04 00:04:50,597] {processor.py:651} INFO - DAG(s) dict_keys(['example_branch_operator']) retrieved from /home/airflow/.local/lib/python3.7/site-packages/airflow/example_dags/example_branch_operator.py
[2022-08-04 00:04:50,674] {logging_mixin.py:115} INFO - [2022-08-04 00:04:50,673] {dag.py:2420} INFO - Sync 1 DAGs
[2022-08-04 00:04:50,707] {logging_mixin.py:115} INFO - [2022-08-04 00:04:50,707] {dag.py:2972} INFO - Setting next_dagrun for example_branch_operator to 2022-08-03T00:00:00+00:00, run_after=2022-08-04T00:00:00+00:00
[2022-08-04 00:04:50,725] {processor.py:161} INFO - Processing /home/airflow/.local/lib/python3.7/site-packages/airflow/example_dags/example_branch_operator.py took 0.186 seconds
[2022-08-04 00:05:21,049] {processor.py:153} INFO - Started process (PID=22925) to work on /home/airflow/.local/lib/python3.7/site-packages/airflow/example_dags/example_branch_operator.py
[2022-08-04 00:05:21,062] {processor.py:641} INFO - Processing file /home/airflow/.local/lib/python3.7/site-packages/airflow/example_dags/example_branch_operator.py for tasks to queue
[2022-08-04 00:05:21,070] {logging_mixin.py:115} INFO - [2022-08-04 00:05:21,069] {dagbag.py:508} INFO - Filling up the DagBag from /home/airflow/.local/lib/python3.7/site-packages/airflow/example_dags/example_branch_operator.py
[2022-08-04 00:05:21,136] {processor.py:651} INFO - DAG(s) dict_keys(['example_branch_operator']) retrieved from /home/airflow/.local/lib/python3.7/site-packages/airflow/example_dags/example_branch_operator.py
[2022-08-04 00:05:21,242] {logging_mixin.py:115} INFO - [2022-08-04 00:05:21,242] {dag.py:2420} INFO - Sync 1 DAGs
[2022-08-04 00:05:21,283] {logging_mixin.py:115} INFO - [2022-08-04 00:05:21,283] {dag.py:2972} INFO - Setting next_dagrun for example_branch_operator to 2022-08-03T00:00:00+00:00, run_after=2022-08-04T00:00:00+00:00
[2022-08-04 00:05:21,312] {processor.py:161} INFO - Processing /home/airflow/.local/lib/python3.7/site-packages/airflow/example_dags/example_branch_operator.py took 0.275 seconds
[2022-08-04 00:05:51,933] {processor.py:153} INFO - Started process (PID=22980) to work on /home/airflow/.local/lib/python3.7/site-packages/airflow/example_dags/example_branch_operator.py
[2022-08-04 00:05:51,942] {processor.py:641} INFO - Processing file /home/airflow/.local/lib/python3.7/site-packages/airflow/example_dags/example_branch_operator.py for tasks to queue
[2022-08-04 00:05:51,949] {logging_mixin.py:115} INFO - [2022-08-04 00:05:51,949] {dagbag.py:508} INFO - Filling up the DagBag from /home/airflow/.local/lib/python3.7/site-packages/airflow/example_dags/example_branch_operator.py
[2022-08-04 00:05:51,981] {processor.py:651} INFO - DAG(s) dict_keys(['example_branch_operator']) retrieved from /home/airflow/.local/lib/python3.7/site-packages/airflow/example_dags/example_branch_operator.py
[2022-08-04 00:05:52,041] {logging_mixin.py:115} INFO - [2022-08-04 00:05:52,041] {dag.py:2420} INFO - Sync 1 DAGs
[2022-08-04 00:05:52,079] {logging_mixin.py:115} INFO - [2022-08-04 00:05:52,079] {dag.py:2972} INFO - Setting next_dagrun for example_branch_operator to 2022-08-03T00:00:00+00:00, run_after=2022-08-04T00:00:00+00:00
[2022-08-04 00:05:52,106] {processor.py:161} INFO - Processing /home/airflow/.local/lib/python3.7/site-packages/airflow/example_dags/example_branch_operator.py took 0.180 seconds
[2022-08-04 00:06:22,680] {processor.py:153} INFO - Started process (PID=23042) to work on /home/airflow/.local/lib/python3.7/site-packages/airflow/example_dags/example_branch_operator.py
[2022-08-04 00:06:22,688] {processor.py:641} INFO - Processing file /home/airflow/.local/lib/python3.7/site-packages/airflow/example_dags/example_branch_operator.py for tasks to queue
[2022-08-04 00:06:22,696] {logging_mixin.py:115} INFO - [2022-08-04 00:06:22,696] {dagbag.py:508} INFO - Filling up the DagBag from /home/airflow/.local/lib/python3.7/site-packages/airflow/example_dags/example_branch_operator.py
[2022-08-04 00:06:22,737] {processor.py:651} INFO - DAG(s) dict_keys(['example_branch_operator']) retrieved from /home/airflow/.local/lib/python3.7/site-packages/airflow/example_dags/example_branch_operator.py
[2022-08-04 00:06:22,803] {logging_mixin.py:115} INFO - [2022-08-04 00:06:22,803] {dag.py:2420} INFO - Sync 1 DAGs
[2022-08-04 00:06:22,844] {logging_mixin.py:115} INFO - [2022-08-04 00:06:22,844] {dag.py:2972} INFO - Setting next_dagrun for example_branch_operator to 2022-08-03T00:00:00+00:00, run_after=2022-08-04T00:00:00+00:00
[2022-08-04 00:06:22,876] {processor.py:161} INFO - Processing /home/airflow/.local/lib/python3.7/site-packages/airflow/example_dags/example_branch_operator.py took 0.204 seconds
[2022-08-04 00:06:53,086] {processor.py:153} INFO - Started process (PID=23097) to work on /home/airflow/.local/lib/python3.7/site-packages/airflow/example_dags/example_branch_operator.py
[2022-08-04 00:06:53,091] {processor.py:641} INFO - Processing file /home/airflow/.local/lib/python3.7/site-packages/airflow/example_dags/example_branch_operator.py for tasks to queue
[2022-08-04 00:06:53,093] {logging_mixin.py:115} INFO - [2022-08-04 00:06:53,093] {dagbag.py:508} INFO - Filling up the DagBag from /home/airflow/.local/lib/python3.7/site-packages/airflow/example_dags/example_branch_operator.py
[2022-08-04 00:06:53,107] {processor.py:651} INFO - DAG(s) dict_keys(['example_branch_operator']) retrieved from /home/airflow/.local/lib/python3.7/site-packages/airflow/example_dags/example_branch_operator.py
[2022-08-04 00:06:53,137] {logging_mixin.py:115} INFO - [2022-08-04 00:06:53,137] {dag.py:2420} INFO - Sync 1 DAGs
[2022-08-04 00:06:53,161] {logging_mixin.py:115} INFO - [2022-08-04 00:06:53,161] {dag.py:2972} INFO - Setting next_dagrun for example_branch_operator to 2022-08-03T00:00:00+00:00, run_after=2022-08-04T00:00:00+00:00
[2022-08-04 00:06:53,178] {processor.py:161} INFO - Processing /home/airflow/.local/lib/python3.7/site-packages/airflow/example_dags/example_branch_operator.py took 0.095 seconds
[2022-08-04 00:07:23,609] {processor.py:153} INFO - Started process (PID=23161) to work on /home/airflow/.local/lib/python3.7/site-packages/airflow/example_dags/example_branch_operator.py
[2022-08-04 00:07:23,612] {processor.py:641} INFO - Processing file /home/airflow/.local/lib/python3.7/site-packages/airflow/example_dags/example_branch_operator.py for tasks to queue
[2022-08-04 00:07:23,615] {logging_mixin.py:115} INFO - [2022-08-04 00:07:23,615] {dagbag.py:508} INFO - Filling up the DagBag from /home/airflow/.local/lib/python3.7/site-packages/airflow/example_dags/example_branch_operator.py
[2022-08-04 00:07:23,639] {processor.py:651} INFO - DAG(s) dict_keys(['example_branch_operator']) retrieved from /home/airflow/.local/lib/python3.7/site-packages/airflow/example_dags/example_branch_operator.py
[2022-08-04 00:07:23,716] {logging_mixin.py:115} INFO - [2022-08-04 00:07:23,715] {dag.py:2420} INFO - Sync 1 DAGs
[2022-08-04 00:07:23,775] {logging_mixin.py:115} INFO - [2022-08-04 00:07:23,774] {dag.py:2972} INFO - Setting next_dagrun for example_branch_operator to 2022-08-03T00:00:00+00:00, run_after=2022-08-04T00:00:00+00:00
[2022-08-04 00:07:23,808] {processor.py:161} INFO - Processing /home/airflow/.local/lib/python3.7/site-packages/airflow/example_dags/example_branch_operator.py took 0.206 seconds
[2022-08-04 00:07:54,118] {processor.py:153} INFO - Started process (PID=23215) to work on /home/airflow/.local/lib/python3.7/site-packages/airflow/example_dags/example_branch_operator.py
[2022-08-04 00:07:54,120] {processor.py:641} INFO - Processing file /home/airflow/.local/lib/python3.7/site-packages/airflow/example_dags/example_branch_operator.py for tasks to queue
[2022-08-04 00:07:54,122] {logging_mixin.py:115} INFO - [2022-08-04 00:07:54,122] {dagbag.py:508} INFO - Filling up the DagBag from /home/airflow/.local/lib/python3.7/site-packages/airflow/example_dags/example_branch_operator.py
[2022-08-04 00:07:54,134] {processor.py:651} INFO - DAG(s) dict_keys(['example_branch_operator']) retrieved from /home/airflow/.local/lib/python3.7/site-packages/airflow/example_dags/example_branch_operator.py
[2022-08-04 00:07:54,170] {logging_mixin.py:115} INFO - [2022-08-04 00:07:54,170] {dag.py:2420} INFO - Sync 1 DAGs
[2022-08-04 00:07:54,199] {logging_mixin.py:115} INFO - [2022-08-04 00:07:54,199] {dag.py:2972} INFO - Setting next_dagrun for example_branch_operator to 2022-08-03T00:00:00+00:00, run_after=2022-08-04T00:00:00+00:00
[2022-08-04 00:07:54,216] {processor.py:161} INFO - Processing /home/airflow/.local/lib/python3.7/site-packages/airflow/example_dags/example_branch_operator.py took 0.101 seconds
[2022-08-04 00:08:24,993] {processor.py:153} INFO - Started process (PID=23279) to work on /home/airflow/.local/lib/python3.7/site-packages/airflow/example_dags/example_branch_operator.py
[2022-08-04 00:08:24,999] {processor.py:641} INFO - Processing file /home/airflow/.local/lib/python3.7/site-packages/airflow/example_dags/example_branch_operator.py for tasks to queue
[2022-08-04 00:08:25,001] {logging_mixin.py:115} INFO - [2022-08-04 00:08:25,001] {dagbag.py:508} INFO - Filling up the DagBag from /home/airflow/.local/lib/python3.7/site-packages/airflow/example_dags/example_branch_operator.py
[2022-08-04 00:08:25,032] {processor.py:651} INFO - DAG(s) dict_keys(['example_branch_operator']) retrieved from /home/airflow/.local/lib/python3.7/site-packages/airflow/example_dags/example_branch_operator.py
[2022-08-04 00:08:25,104] {logging_mixin.py:115} INFO - [2022-08-04 00:08:25,104] {dag.py:2420} INFO - Sync 1 DAGs
[2022-08-04 00:08:25,155] {logging_mixin.py:115} INFO - [2022-08-04 00:08:25,155] {dag.py:2972} INFO - Setting next_dagrun for example_branch_operator to 2022-08-03T00:00:00+00:00, run_after=2022-08-04T00:00:00+00:00
[2022-08-04 00:08:25,179] {processor.py:161} INFO - Processing /home/airflow/.local/lib/python3.7/site-packages/airflow/example_dags/example_branch_operator.py took 0.193 seconds
[2022-08-04 00:08:55,292] {processor.py:153} INFO - Started process (PID=23332) to work on /home/airflow/.local/lib/python3.7/site-packages/airflow/example_dags/example_branch_operator.py
[2022-08-04 00:08:55,295] {processor.py:641} INFO - Processing file /home/airflow/.local/lib/python3.7/site-packages/airflow/example_dags/example_branch_operator.py for tasks to queue
[2022-08-04 00:08:55,302] {logging_mixin.py:115} INFO - [2022-08-04 00:08:55,302] {dagbag.py:508} INFO - Filling up the DagBag from /home/airflow/.local/lib/python3.7/site-packages/airflow/example_dags/example_branch_operator.py
[2022-08-04 00:08:55,319] {processor.py:651} INFO - DAG(s) dict_keys(['example_branch_operator']) retrieved from /home/airflow/.local/lib/python3.7/site-packages/airflow/example_dags/example_branch_operator.py
[2022-08-04 00:08:55,372] {logging_mixin.py:115} INFO - [2022-08-04 00:08:55,372] {dag.py:2420} INFO - Sync 1 DAGs
[2022-08-04 00:08:55,473] {logging_mixin.py:115} INFO - [2022-08-04 00:08:55,472] {dag.py:2972} INFO - Setting next_dagrun for example_branch_operator to 2022-08-03T00:00:00+00:00, run_after=2022-08-04T00:00:00+00:00
[2022-08-04 00:08:55,495] {processor.py:161} INFO - Processing /home/airflow/.local/lib/python3.7/site-packages/airflow/example_dags/example_branch_operator.py took 0.214 seconds
[2022-08-04 00:09:26,225] {processor.py:153} INFO - Started process (PID=23398) to work on /home/airflow/.local/lib/python3.7/site-packages/airflow/example_dags/example_branch_operator.py
[2022-08-04 00:09:26,232] {processor.py:641} INFO - Processing file /home/airflow/.local/lib/python3.7/site-packages/airflow/example_dags/example_branch_operator.py for tasks to queue
[2022-08-04 00:09:26,240] {logging_mixin.py:115} INFO - [2022-08-04 00:09:26,239] {dagbag.py:508} INFO - Filling up the DagBag from /home/airflow/.local/lib/python3.7/site-packages/airflow/example_dags/example_branch_operator.py
[2022-08-04 00:09:26,284] {processor.py:651} INFO - DAG(s) dict_keys(['example_branch_operator']) retrieved from /home/airflow/.local/lib/python3.7/site-packages/airflow/example_dags/example_branch_operator.py
[2022-08-04 00:09:26,392] {logging_mixin.py:115} INFO - [2022-08-04 00:09:26,392] {dag.py:2420} INFO - Sync 1 DAGs
[2022-08-04 00:09:26,462] {logging_mixin.py:115} INFO - [2022-08-04 00:09:26,462] {dag.py:2972} INFO - Setting next_dagrun for example_branch_operator to 2022-08-03T00:00:00+00:00, run_after=2022-08-04T00:00:00+00:00
[2022-08-04 00:09:26,505] {processor.py:161} INFO - Processing /home/airflow/.local/lib/python3.7/site-packages/airflow/example_dags/example_branch_operator.py took 0.298 seconds
[2022-08-04 00:10:01,736] {processor.py:153} INFO - Started process (PID=23461) to work on /home/airflow/.local/lib/python3.7/site-packages/airflow/example_dags/example_branch_operator.py
[2022-08-04 00:10:02,183] {processor.py:641} INFO - Processing file /home/airflow/.local/lib/python3.7/site-packages/airflow/example_dags/example_branch_operator.py for tasks to queue
[2022-08-04 00:10:02,467] {logging_mixin.py:115} INFO - [2022-08-04 00:10:02,464] {dagbag.py:508} INFO - Filling up the DagBag from /home/airflow/.local/lib/python3.7/site-packages/airflow/example_dags/example_branch_operator.py
[2022-08-04 00:10:02,757] {processor.py:651} INFO - DAG(s) dict_keys(['example_branch_operator']) retrieved from /home/airflow/.local/lib/python3.7/site-packages/airflow/example_dags/example_branch_operator.py
[2022-08-04 00:10:02,972] {logging_mixin.py:115} INFO - [2022-08-04 00:10:02,972] {dag.py:2420} INFO - Sync 1 DAGs
[2022-08-04 00:10:03,438] {logging_mixin.py:115} INFO - [2022-08-04 00:10:03,438] {dag.py:2972} INFO - Setting next_dagrun for example_branch_operator to 2022-08-03T00:00:00+00:00, run_after=2022-08-04T00:00:00+00:00
[2022-08-04 00:10:03,855] {processor.py:161} INFO - Processing /home/airflow/.local/lib/python3.7/site-packages/airflow/example_dags/example_branch_operator.py took 2.580 seconds
[2022-08-04 00:11:04,346] {processor.py:153} INFO - Started process (PID=23521) to work on /home/airflow/.local/lib/python3.7/site-packages/airflow/example_dags/example_branch_operator.py
[2022-08-04 00:11:04,358] {processor.py:641} INFO - Processing file /home/airflow/.local/lib/python3.7/site-packages/airflow/example_dags/example_branch_operator.py for tasks to queue
[2022-08-04 00:11:04,373] {logging_mixin.py:115} INFO - [2022-08-04 00:11:04,369] {dagbag.py:508} INFO - Filling up the DagBag from /home/airflow/.local/lib/python3.7/site-packages/airflow/example_dags/example_branch_operator.py
[2022-08-04 00:11:04,405] {processor.py:651} INFO - DAG(s) dict_keys(['example_branch_operator']) retrieved from /home/airflow/.local/lib/python3.7/site-packages/airflow/example_dags/example_branch_operator.py
[2022-08-04 00:11:04,476] {logging_mixin.py:115} INFO - [2022-08-04 00:11:04,476] {dag.py:2420} INFO - Sync 1 DAGs
[2022-08-04 00:11:04,536] {logging_mixin.py:115} INFO - [2022-08-04 00:11:04,535] {dag.py:2972} INFO - Setting next_dagrun for example_branch_operator to 2022-08-03T00:00:00+00:00, run_after=2022-08-04T00:00:00+00:00
[2022-08-04 00:11:04,562] {processor.py:161} INFO - Processing /home/airflow/.local/lib/python3.7/site-packages/airflow/example_dags/example_branch_operator.py took 0.225 seconds
[2022-08-04 00:11:36,105] {processor.py:153} INFO - Started process (PID=23584) to work on /home/airflow/.local/lib/python3.7/site-packages/airflow/example_dags/example_branch_operator.py
[2022-08-04 00:11:36,112] {processor.py:641} INFO - Processing file /home/airflow/.local/lib/python3.7/site-packages/airflow/example_dags/example_branch_operator.py for tasks to queue
[2022-08-04 00:11:36,119] {logging_mixin.py:115} INFO - [2022-08-04 00:11:36,119] {dagbag.py:508} INFO - Filling up the DagBag from /home/airflow/.local/lib/python3.7/site-packages/airflow/example_dags/example_branch_operator.py
[2022-08-04 00:11:36,147] {processor.py:651} INFO - DAG(s) dict_keys(['example_branch_operator']) retrieved from /home/airflow/.local/lib/python3.7/site-packages/airflow/example_dags/example_branch_operator.py
[2022-08-04 00:11:36,210] {logging_mixin.py:115} INFO - [2022-08-04 00:11:36,210] {dag.py:2420} INFO - Sync 1 DAGs
[2022-08-04 00:11:36,268] {logging_mixin.py:115} INFO - [2022-08-04 00:11:36,266] {dag.py:2972} INFO - Setting next_dagrun for example_branch_operator to 2022-08-03T00:00:00+00:00, run_after=2022-08-04T00:00:00+00:00
[2022-08-04 00:11:36,354] {processor.py:161} INFO - Processing /home/airflow/.local/lib/python3.7/site-packages/airflow/example_dags/example_branch_operator.py took 0.257 seconds
[2022-08-04 00:14:54,979] {processor.py:153} INFO - Started process (PID=23638) to work on /home/airflow/.local/lib/python3.7/site-packages/airflow/example_dags/example_branch_operator.py
[2022-08-04 00:14:54,991] {processor.py:641} INFO - Processing file /home/airflow/.local/lib/python3.7/site-packages/airflow/example_dags/example_branch_operator.py for tasks to queue
[2022-08-04 00:14:54,995] {logging_mixin.py:115} INFO - [2022-08-04 00:14:54,995] {dagbag.py:508} INFO - Filling up the DagBag from /home/airflow/.local/lib/python3.7/site-packages/airflow/example_dags/example_branch_operator.py
[2022-08-04 00:14:55,021] {processor.py:651} INFO - DAG(s) dict_keys(['example_branch_operator']) retrieved from /home/airflow/.local/lib/python3.7/site-packages/airflow/example_dags/example_branch_operator.py
[2022-08-04 00:14:55,072] {logging_mixin.py:115} INFO - [2022-08-04 00:14:55,072] {dag.py:2420} INFO - Sync 1 DAGs
[2022-08-04 00:14:55,123] {logging_mixin.py:115} INFO - [2022-08-04 00:14:55,123] {dag.py:2972} INFO - Setting next_dagrun for example_branch_operator to 2022-08-03T00:00:00+00:00, run_after=2022-08-04T00:00:00+00:00
[2022-08-04 00:14:55,172] {processor.py:161} INFO - Processing /home/airflow/.local/lib/python3.7/site-packages/airflow/example_dags/example_branch_operator.py took 0.197 seconds
[2022-08-04 00:15:32,093] {processor.py:153} INFO - Started process (PID=23702) to work on /home/airflow/.local/lib/python3.7/site-packages/airflow/example_dags/example_branch_operator.py
[2022-08-04 00:15:32,104] {processor.py:641} INFO - Processing file /home/airflow/.local/lib/python3.7/site-packages/airflow/example_dags/example_branch_operator.py for tasks to queue
[2022-08-04 00:15:32,111] {logging_mixin.py:115} INFO - [2022-08-04 00:15:32,111] {dagbag.py:508} INFO - Filling up the DagBag from /home/airflow/.local/lib/python3.7/site-packages/airflow/example_dags/example_branch_operator.py
[2022-08-04 00:15:32,165] {processor.py:651} INFO - DAG(s) dict_keys(['example_branch_operator']) retrieved from /home/airflow/.local/lib/python3.7/site-packages/airflow/example_dags/example_branch_operator.py
[2022-08-04 00:15:32,256] {logging_mixin.py:115} INFO - [2022-08-04 00:15:32,256] {dag.py:2420} INFO - Sync 1 DAGs
[2022-08-04 00:15:32,408] {logging_mixin.py:115} INFO - [2022-08-04 00:15:32,408] {dag.py:2972} INFO - Setting next_dagrun for example_branch_operator to 2022-08-03T00:00:00+00:00, run_after=2022-08-04T00:00:00+00:00
[2022-08-04 00:15:32,461] {processor.py:161} INFO - Processing /home/airflow/.local/lib/python3.7/site-packages/airflow/example_dags/example_branch_operator.py took 0.385 seconds
[2022-08-04 00:32:50,068] {processor.py:153} INFO - Started process (PID=23747) to work on /home/airflow/.local/lib/python3.7/site-packages/airflow/example_dags/example_branch_operator.py
[2022-08-04 00:32:50,077] {processor.py:641} INFO - Processing file /home/airflow/.local/lib/python3.7/site-packages/airflow/example_dags/example_branch_operator.py for tasks to queue
[2022-08-04 00:32:50,090] {logging_mixin.py:115} INFO - [2022-08-04 00:32:50,089] {dagbag.py:508} INFO - Filling up the DagBag from /home/airflow/.local/lib/python3.7/site-packages/airflow/example_dags/example_branch_operator.py
[2022-08-04 00:32:50,150] {processor.py:651} INFO - DAG(s) dict_keys(['example_branch_operator']) retrieved from /home/airflow/.local/lib/python3.7/site-packages/airflow/example_dags/example_branch_operator.py
[2022-08-04 00:32:50,251] {logging_mixin.py:115} INFO - [2022-08-04 00:32:50,251] {dag.py:2420} INFO - Sync 1 DAGs
[2022-08-04 00:32:50,364] {logging_mixin.py:115} INFO - [2022-08-04 00:32:50,364] {dag.py:2972} INFO - Setting next_dagrun for example_branch_operator to 2022-08-03T00:00:00+00:00, run_after=2022-08-04T00:00:00+00:00
[2022-08-04 00:32:50,419] {processor.py:161} INFO - Processing /home/airflow/.local/lib/python3.7/site-packages/airflow/example_dags/example_branch_operator.py took 0.367 seconds
[2022-08-04 00:33:21,544] {processor.py:153} INFO - Started process (PID=23803) to work on /home/airflow/.local/lib/python3.7/site-packages/airflow/example_dags/example_branch_operator.py
[2022-08-04 00:33:21,549] {processor.py:641} INFO - Processing file /home/airflow/.local/lib/python3.7/site-packages/airflow/example_dags/example_branch_operator.py for tasks to queue
[2022-08-04 00:33:21,559] {logging_mixin.py:115} INFO - [2022-08-04 00:33:21,559] {dagbag.py:508} INFO - Filling up the DagBag from /home/airflow/.local/lib/python3.7/site-packages/airflow/example_dags/example_branch_operator.py
[2022-08-04 00:33:21,582] {processor.py:651} INFO - DAG(s) dict_keys(['example_branch_operator']) retrieved from /home/airflow/.local/lib/python3.7/site-packages/airflow/example_dags/example_branch_operator.py
[2022-08-04 00:33:21,646] {logging_mixin.py:115} INFO - [2022-08-04 00:33:21,646] {dag.py:2420} INFO - Sync 1 DAGs
[2022-08-04 00:33:21,698] {logging_mixin.py:115} INFO - [2022-08-04 00:33:21,698] {dag.py:2972} INFO - Setting next_dagrun for example_branch_operator to 2022-08-03T00:00:00+00:00, run_after=2022-08-04T00:00:00+00:00
[2022-08-04 00:33:21,722] {processor.py:161} INFO - Processing /home/airflow/.local/lib/python3.7/site-packages/airflow/example_dags/example_branch_operator.py took 0.187 seconds
[2022-08-04 00:33:52,553] {processor.py:153} INFO - Started process (PID=23866) to work on /home/airflow/.local/lib/python3.7/site-packages/airflow/example_dags/example_branch_operator.py
[2022-08-04 00:33:52,559] {processor.py:641} INFO - Processing file /home/airflow/.local/lib/python3.7/site-packages/airflow/example_dags/example_branch_operator.py for tasks to queue
[2022-08-04 00:33:52,567] {logging_mixin.py:115} INFO - [2022-08-04 00:33:52,567] {dagbag.py:508} INFO - Filling up the DagBag from /home/airflow/.local/lib/python3.7/site-packages/airflow/example_dags/example_branch_operator.py
[2022-08-04 00:33:52,590] {processor.py:651} INFO - DAG(s) dict_keys(['example_branch_operator']) retrieved from /home/airflow/.local/lib/python3.7/site-packages/airflow/example_dags/example_branch_operator.py
[2022-08-04 00:33:52,649] {logging_mixin.py:115} INFO - [2022-08-04 00:33:52,649] {dag.py:2420} INFO - Sync 1 DAGs
[2022-08-04 00:33:52,687] {logging_mixin.py:115} INFO - [2022-08-04 00:33:52,687] {dag.py:2972} INFO - Setting next_dagrun for example_branch_operator to 2022-08-03T00:00:00+00:00, run_after=2022-08-04T00:00:00+00:00
[2022-08-04 00:33:52,708] {processor.py:161} INFO - Processing /home/airflow/.local/lib/python3.7/site-packages/airflow/example_dags/example_branch_operator.py took 0.160 seconds
[2022-08-04 00:34:23,695] {processor.py:153} INFO - Started process (PID=23920) to work on /home/airflow/.local/lib/python3.7/site-packages/airflow/example_dags/example_branch_operator.py
[2022-08-04 00:34:23,699] {processor.py:641} INFO - Processing file /home/airflow/.local/lib/python3.7/site-packages/airflow/example_dags/example_branch_operator.py for tasks to queue
[2022-08-04 00:34:23,706] {logging_mixin.py:115} INFO - [2022-08-04 00:34:23,706] {dagbag.py:508} INFO - Filling up the DagBag from /home/airflow/.local/lib/python3.7/site-packages/airflow/example_dags/example_branch_operator.py
[2022-08-04 00:34:23,761] {processor.py:651} INFO - DAG(s) dict_keys(['example_branch_operator']) retrieved from /home/airflow/.local/lib/python3.7/site-packages/airflow/example_dags/example_branch_operator.py
[2022-08-04 00:34:23,835] {logging_mixin.py:115} INFO - [2022-08-04 00:34:23,835] {dag.py:2420} INFO - Sync 1 DAGs
[2022-08-04 00:34:23,897] {logging_mixin.py:115} INFO - [2022-08-04 00:34:23,897] {dag.py:2972} INFO - Setting next_dagrun for example_branch_operator to 2022-08-03T00:00:00+00:00, run_after=2022-08-04T00:00:00+00:00
[2022-08-04 00:34:23,954] {processor.py:161} INFO - Processing /home/airflow/.local/lib/python3.7/site-packages/airflow/example_dags/example_branch_operator.py took 0.268 seconds
[2022-08-04 00:34:54,889] {processor.py:153} INFO - Started process (PID=23983) to work on /home/airflow/.local/lib/python3.7/site-packages/airflow/example_dags/example_branch_operator.py
[2022-08-04 00:34:54,891] {processor.py:641} INFO - Processing file /home/airflow/.local/lib/python3.7/site-packages/airflow/example_dags/example_branch_operator.py for tasks to queue
[2022-08-04 00:34:54,894] {logging_mixin.py:115} INFO - [2022-08-04 00:34:54,893] {dagbag.py:508} INFO - Filling up the DagBag from /home/airflow/.local/lib/python3.7/site-packages/airflow/example_dags/example_branch_operator.py
[2022-08-04 00:34:54,910] {processor.py:651} INFO - DAG(s) dict_keys(['example_branch_operator']) retrieved from /home/airflow/.local/lib/python3.7/site-packages/airflow/example_dags/example_branch_operator.py
[2022-08-04 00:34:54,943] {logging_mixin.py:115} INFO - [2022-08-04 00:34:54,943] {dag.py:2420} INFO - Sync 1 DAGs
[2022-08-04 00:34:54,971] {logging_mixin.py:115} INFO - [2022-08-04 00:34:54,971] {dag.py:2972} INFO - Setting next_dagrun for example_branch_operator to 2022-08-03T00:00:00+00:00, run_after=2022-08-04T00:00:00+00:00
[2022-08-04 00:34:54,986] {processor.py:161} INFO - Processing /home/airflow/.local/lib/python3.7/site-packages/airflow/example_dags/example_branch_operator.py took 0.101 seconds
[2022-08-04 00:35:25,167] {processor.py:153} INFO - Started process (PID=24036) to work on /home/airflow/.local/lib/python3.7/site-packages/airflow/example_dags/example_branch_operator.py
[2022-08-04 00:35:25,174] {processor.py:641} INFO - Processing file /home/airflow/.local/lib/python3.7/site-packages/airflow/example_dags/example_branch_operator.py for tasks to queue
[2022-08-04 00:35:25,181] {logging_mixin.py:115} INFO - [2022-08-04 00:35:25,180] {dagbag.py:508} INFO - Filling up the DagBag from /home/airflow/.local/lib/python3.7/site-packages/airflow/example_dags/example_branch_operator.py
[2022-08-04 00:35:25,219] {processor.py:651} INFO - DAG(s) dict_keys(['example_branch_operator']) retrieved from /home/airflow/.local/lib/python3.7/site-packages/airflow/example_dags/example_branch_operator.py
[2022-08-04 00:35:25,289] {logging_mixin.py:115} INFO - [2022-08-04 00:35:25,289] {dag.py:2420} INFO - Sync 1 DAGs
[2022-08-04 00:35:25,332] {logging_mixin.py:115} INFO - [2022-08-04 00:35:25,332] {dag.py:2972} INFO - Setting next_dagrun for example_branch_operator to 2022-08-03T00:00:00+00:00, run_after=2022-08-04T00:00:00+00:00
[2022-08-04 00:35:25,353] {processor.py:161} INFO - Processing /home/airflow/.local/lib/python3.7/site-packages/airflow/example_dags/example_branch_operator.py took 0.192 seconds
[2022-08-04 00:35:56,384] {processor.py:153} INFO - Started process (PID=24098) to work on /home/airflow/.local/lib/python3.7/site-packages/airflow/example_dags/example_branch_operator.py
[2022-08-04 00:35:56,398] {processor.py:641} INFO - Processing file /home/airflow/.local/lib/python3.7/site-packages/airflow/example_dags/example_branch_operator.py for tasks to queue
[2022-08-04 00:35:56,413] {logging_mixin.py:115} INFO - [2022-08-04 00:35:56,413] {dagbag.py:508} INFO - Filling up the DagBag from /home/airflow/.local/lib/python3.7/site-packages/airflow/example_dags/example_branch_operator.py
[2022-08-04 00:35:56,485] {processor.py:651} INFO - DAG(s) dict_keys(['example_branch_operator']) retrieved from /home/airflow/.local/lib/python3.7/site-packages/airflow/example_dags/example_branch_operator.py
[2022-08-04 00:35:56,573] {logging_mixin.py:115} INFO - [2022-08-04 00:35:56,573] {dag.py:2420} INFO - Sync 1 DAGs
[2022-08-04 00:35:56,617] {logging_mixin.py:115} INFO - [2022-08-04 00:35:56,617] {dag.py:2972} INFO - Setting next_dagrun for example_branch_operator to 2022-08-03T00:00:00+00:00, run_after=2022-08-04T00:00:00+00:00
[2022-08-04 00:35:56,644] {processor.py:161} INFO - Processing /home/airflow/.local/lib/python3.7/site-packages/airflow/example_dags/example_branch_operator.py took 0.265 seconds
[2022-08-04 00:36:26,984] {processor.py:153} INFO - Started process (PID=24153) to work on /home/airflow/.local/lib/python3.7/site-packages/airflow/example_dags/example_branch_operator.py
[2022-08-04 00:36:26,988] {processor.py:641} INFO - Processing file /home/airflow/.local/lib/python3.7/site-packages/airflow/example_dags/example_branch_operator.py for tasks to queue
[2022-08-04 00:36:26,992] {logging_mixin.py:115} INFO - [2022-08-04 00:36:26,992] {dagbag.py:508} INFO - Filling up the DagBag from /home/airflow/.local/lib/python3.7/site-packages/airflow/example_dags/example_branch_operator.py
[2022-08-04 00:36:27,019] {processor.py:651} INFO - DAG(s) dict_keys(['example_branch_operator']) retrieved from /home/airflow/.local/lib/python3.7/site-packages/airflow/example_dags/example_branch_operator.py
[2022-08-04 00:36:27,072] {logging_mixin.py:115} INFO - [2022-08-04 00:36:27,072] {dag.py:2420} INFO - Sync 1 DAGs
[2022-08-04 00:36:27,105] {logging_mixin.py:115} INFO - [2022-08-04 00:36:27,105] {dag.py:2972} INFO - Setting next_dagrun for example_branch_operator to 2022-08-03T00:00:00+00:00, run_after=2022-08-04T00:00:00+00:00
[2022-08-04 00:36:27,125] {processor.py:161} INFO - Processing /home/airflow/.local/lib/python3.7/site-packages/airflow/example_dags/example_branch_operator.py took 0.147 seconds
[2022-08-04 00:36:57,392] {processor.py:153} INFO - Started process (PID=24215) to work on /home/airflow/.local/lib/python3.7/site-packages/airflow/example_dags/example_branch_operator.py
[2022-08-04 00:36:57,400] {processor.py:641} INFO - Processing file /home/airflow/.local/lib/python3.7/site-packages/airflow/example_dags/example_branch_operator.py for tasks to queue
[2022-08-04 00:36:57,409] {logging_mixin.py:115} INFO - [2022-08-04 00:36:57,408] {dagbag.py:508} INFO - Filling up the DagBag from /home/airflow/.local/lib/python3.7/site-packages/airflow/example_dags/example_branch_operator.py
[2022-08-04 00:36:57,445] {processor.py:651} INFO - DAG(s) dict_keys(['example_branch_operator']) retrieved from /home/airflow/.local/lib/python3.7/site-packages/airflow/example_dags/example_branch_operator.py
[2022-08-04 00:36:57,519] {logging_mixin.py:115} INFO - [2022-08-04 00:36:57,519] {dag.py:2420} INFO - Sync 1 DAGs
[2022-08-04 00:36:57,563] {logging_mixin.py:115} INFO - [2022-08-04 00:36:57,563] {dag.py:2972} INFO - Setting next_dagrun for example_branch_operator to 2022-08-03T00:00:00+00:00, run_after=2022-08-04T00:00:00+00:00
[2022-08-04 00:36:57,591] {processor.py:161} INFO - Processing /home/airflow/.local/lib/python3.7/site-packages/airflow/example_dags/example_branch_operator.py took 0.209 seconds
[2022-08-04 00:37:28,475] {processor.py:153} INFO - Started process (PID=24269) to work on /home/airflow/.local/lib/python3.7/site-packages/airflow/example_dags/example_branch_operator.py
[2022-08-04 00:37:28,485] {processor.py:641} INFO - Processing file /home/airflow/.local/lib/python3.7/site-packages/airflow/example_dags/example_branch_operator.py for tasks to queue
[2022-08-04 00:37:28,492] {logging_mixin.py:115} INFO - [2022-08-04 00:37:28,491] {dagbag.py:508} INFO - Filling up the DagBag from /home/airflow/.local/lib/python3.7/site-packages/airflow/example_dags/example_branch_operator.py
[2022-08-04 00:37:28,520] {processor.py:651} INFO - DAG(s) dict_keys(['example_branch_operator']) retrieved from /home/airflow/.local/lib/python3.7/site-packages/airflow/example_dags/example_branch_operator.py
[2022-08-04 00:37:28,610] {logging_mixin.py:115} INFO - [2022-08-04 00:37:28,610] {dag.py:2420} INFO - Sync 1 DAGs
[2022-08-04 00:37:28,653] {logging_mixin.py:115} INFO - [2022-08-04 00:37:28,653] {dag.py:2972} INFO - Setting next_dagrun for example_branch_operator to 2022-08-03T00:00:00+00:00, run_after=2022-08-04T00:00:00+00:00
[2022-08-04 00:37:28,676] {processor.py:161} INFO - Processing /home/airflow/.local/lib/python3.7/site-packages/airflow/example_dags/example_branch_operator.py took 0.212 seconds
[2022-08-04 00:38:04,869] {processor.py:153} INFO - Started process (PID=24332) to work on /home/airflow/.local/lib/python3.7/site-packages/airflow/example_dags/example_branch_operator.py
[2022-08-04 00:38:04,886] {processor.py:641} INFO - Processing file /home/airflow/.local/lib/python3.7/site-packages/airflow/example_dags/example_branch_operator.py for tasks to queue
[2022-08-04 00:38:04,896] {logging_mixin.py:115} INFO - [2022-08-04 00:38:04,895] {dagbag.py:508} INFO - Filling up the DagBag from /home/airflow/.local/lib/python3.7/site-packages/airflow/example_dags/example_branch_operator.py
[2022-08-04 00:38:04,950] {processor.py:651} INFO - DAG(s) dict_keys(['example_branch_operator']) retrieved from /home/airflow/.local/lib/python3.7/site-packages/airflow/example_dags/example_branch_operator.py
[2022-08-04 00:38:05,063] {logging_mixin.py:115} INFO - [2022-08-04 00:38:05,063] {dag.py:2420} INFO - Sync 1 DAGs
[2022-08-04 00:38:05,151] {logging_mixin.py:115} INFO - [2022-08-04 00:38:05,151] {dag.py:2972} INFO - Setting next_dagrun for example_branch_operator to 2022-08-03T00:00:00+00:00, run_after=2022-08-04T00:00:00+00:00
[2022-08-04 00:38:05,228] {processor.py:161} INFO - Processing /home/airflow/.local/lib/python3.7/site-packages/airflow/example_dags/example_branch_operator.py took 0.367 seconds
