[2022-08-04 00:00:19,135] {processor.py:153} INFO - Started process (PID=22357) to work on /home/airflow/.local/lib/python3.7/site-packages/airflow/example_dags/example_xcom.py
[2022-08-04 00:00:19,145] {processor.py:641} INFO - Processing file /home/airflow/.local/lib/python3.7/site-packages/airflow/example_dags/example_xcom.py for tasks to queue
[2022-08-04 00:00:19,153] {logging_mixin.py:115} INFO - [2022-08-04 00:00:19,153] {dagbag.py:508} INFO - Filling up the DagBag from /home/airflow/.local/lib/python3.7/site-packages/airflow/example_dags/example_xcom.py
[2022-08-04 00:00:19,190] {processor.py:651} INFO - DAG(s) dict_keys(['example_xcom']) retrieved from /home/airflow/.local/lib/python3.7/site-packages/airflow/example_dags/example_xcom.py
[2022-08-04 00:00:19,254] {logging_mixin.py:115} INFO - [2022-08-04 00:00:19,253] {dag.py:2420} INFO - Sync 1 DAGs
[2022-08-04 00:00:19,303] {logging_mixin.py:115} INFO - [2022-08-04 00:00:19,303] {dag.py:2972} INFO - Setting next_dagrun for example_xcom to 2021-01-01T00:00:00+00:00, run_after=2021-01-01T00:00:00+00:00
[2022-08-04 00:00:19,338] {processor.py:161} INFO - Processing /home/airflow/.local/lib/python3.7/site-packages/airflow/example_dags/example_xcom.py took 0.209 seconds
[2022-08-04 00:00:49,834] {processor.py:153} INFO - Started process (PID=22411) to work on /home/airflow/.local/lib/python3.7/site-packages/airflow/example_dags/example_xcom.py
[2022-08-04 00:00:49,838] {processor.py:641} INFO - Processing file /home/airflow/.local/lib/python3.7/site-packages/airflow/example_dags/example_xcom.py for tasks to queue
[2022-08-04 00:00:49,841] {logging_mixin.py:115} INFO - [2022-08-04 00:00:49,841] {dagbag.py:508} INFO - Filling up the DagBag from /home/airflow/.local/lib/python3.7/site-packages/airflow/example_dags/example_xcom.py
[2022-08-04 00:00:49,866] {processor.py:651} INFO - DAG(s) dict_keys(['example_xcom']) retrieved from /home/airflow/.local/lib/python3.7/site-packages/airflow/example_dags/example_xcom.py
[2022-08-04 00:00:49,955] {logging_mixin.py:115} INFO - [2022-08-04 00:00:49,955] {dag.py:2420} INFO - Sync 1 DAGs
[2022-08-04 00:00:49,988] {logging_mixin.py:115} INFO - [2022-08-04 00:00:49,988] {dag.py:2972} INFO - Setting next_dagrun for example_xcom to 2021-01-01T00:00:00+00:00, run_after=2021-01-01T00:00:00+00:00
[2022-08-04 00:00:50,012] {processor.py:161} INFO - Processing /home/airflow/.local/lib/python3.7/site-packages/airflow/example_dags/example_xcom.py took 0.183 seconds
[2022-08-04 00:01:21,515] {processor.py:153} INFO - Started process (PID=22475) to work on /home/airflow/.local/lib/python3.7/site-packages/airflow/example_dags/example_xcom.py
[2022-08-04 00:01:21,529] {processor.py:641} INFO - Processing file /home/airflow/.local/lib/python3.7/site-packages/airflow/example_dags/example_xcom.py for tasks to queue
[2022-08-04 00:01:21,538] {logging_mixin.py:115} INFO - [2022-08-04 00:01:21,538] {dagbag.py:508} INFO - Filling up the DagBag from /home/airflow/.local/lib/python3.7/site-packages/airflow/example_dags/example_xcom.py
[2022-08-04 00:01:21,597] {processor.py:651} INFO - DAG(s) dict_keys(['example_xcom']) retrieved from /home/airflow/.local/lib/python3.7/site-packages/airflow/example_dags/example_xcom.py
[2022-08-04 00:01:21,812] {logging_mixin.py:115} INFO - [2022-08-04 00:01:21,811] {dag.py:2420} INFO - Sync 1 DAGs
[2022-08-04 00:01:21,890] {logging_mixin.py:115} INFO - [2022-08-04 00:01:21,890] {dag.py:2972} INFO - Setting next_dagrun for example_xcom to 2021-01-01T00:00:00+00:00, run_after=2021-01-01T00:00:00+00:00
[2022-08-04 00:01:22,037] {processor.py:161} INFO - Processing /home/airflow/.local/lib/python3.7/site-packages/airflow/example_dags/example_xcom.py took 0.529 seconds
[2022-08-04 00:01:52,423] {processor.py:153} INFO - Started process (PID=22529) to work on /home/airflow/.local/lib/python3.7/site-packages/airflow/example_dags/example_xcom.py
[2022-08-04 00:01:52,427] {processor.py:641} INFO - Processing file /home/airflow/.local/lib/python3.7/site-packages/airflow/example_dags/example_xcom.py for tasks to queue
[2022-08-04 00:01:52,429] {logging_mixin.py:115} INFO - [2022-08-04 00:01:52,429] {dagbag.py:508} INFO - Filling up the DagBag from /home/airflow/.local/lib/python3.7/site-packages/airflow/example_dags/example_xcom.py
[2022-08-04 00:01:52,457] {processor.py:651} INFO - DAG(s) dict_keys(['example_xcom']) retrieved from /home/airflow/.local/lib/python3.7/site-packages/airflow/example_dags/example_xcom.py
[2022-08-04 00:01:52,491] {logging_mixin.py:115} INFO - [2022-08-04 00:01:52,490] {dag.py:2420} INFO - Sync 1 DAGs
[2022-08-04 00:01:52,516] {logging_mixin.py:115} INFO - [2022-08-04 00:01:52,516] {dag.py:2972} INFO - Setting next_dagrun for example_xcom to 2021-01-01T00:00:00+00:00, run_after=2021-01-01T00:00:00+00:00
[2022-08-04 00:01:52,530] {processor.py:161} INFO - Processing /home/airflow/.local/lib/python3.7/site-packages/airflow/example_dags/example_xcom.py took 0.112 seconds
[2022-08-04 00:02:22,747] {processor.py:153} INFO - Started process (PID=22582) to work on /home/airflow/.local/lib/python3.7/site-packages/airflow/example_dags/example_xcom.py
[2022-08-04 00:02:22,758] {processor.py:641} INFO - Processing file /home/airflow/.local/lib/python3.7/site-packages/airflow/example_dags/example_xcom.py for tasks to queue
[2022-08-04 00:02:22,775] {logging_mixin.py:115} INFO - [2022-08-04 00:02:22,775] {dagbag.py:508} INFO - Filling up the DagBag from /home/airflow/.local/lib/python3.7/site-packages/airflow/example_dags/example_xcom.py
[2022-08-04 00:02:22,849] {processor.py:651} INFO - DAG(s) dict_keys(['example_xcom']) retrieved from /home/airflow/.local/lib/python3.7/site-packages/airflow/example_dags/example_xcom.py
[2022-08-04 00:02:22,948] {logging_mixin.py:115} INFO - [2022-08-04 00:02:22,948] {dag.py:2420} INFO - Sync 1 DAGs
[2022-08-04 00:02:22,987] {logging_mixin.py:115} INFO - [2022-08-04 00:02:22,987] {dag.py:2972} INFO - Setting next_dagrun for example_xcom to 2021-01-01T00:00:00+00:00, run_after=2021-01-01T00:00:00+00:00
[2022-08-04 00:02:23,010] {processor.py:161} INFO - Processing /home/airflow/.local/lib/python3.7/site-packages/airflow/example_dags/example_xcom.py took 0.270 seconds
[2022-08-04 00:02:53,843] {processor.py:153} INFO - Started process (PID=22646) to work on /home/airflow/.local/lib/python3.7/site-packages/airflow/example_dags/example_xcom.py
[2022-08-04 00:02:53,846] {processor.py:641} INFO - Processing file /home/airflow/.local/lib/python3.7/site-packages/airflow/example_dags/example_xcom.py for tasks to queue
[2022-08-04 00:02:53,848] {logging_mixin.py:115} INFO - [2022-08-04 00:02:53,848] {dagbag.py:508} INFO - Filling up the DagBag from /home/airflow/.local/lib/python3.7/site-packages/airflow/example_dags/example_xcom.py
[2022-08-04 00:02:53,872] {processor.py:651} INFO - DAG(s) dict_keys(['example_xcom']) retrieved from /home/airflow/.local/lib/python3.7/site-packages/airflow/example_dags/example_xcom.py
[2022-08-04 00:02:53,999] {logging_mixin.py:115} INFO - [2022-08-04 00:02:53,998] {dag.py:2420} INFO - Sync 1 DAGs
[2022-08-04 00:02:54,026] {logging_mixin.py:115} INFO - [2022-08-04 00:02:54,026] {dag.py:2972} INFO - Setting next_dagrun for example_xcom to 2021-01-01T00:00:00+00:00, run_after=2021-01-01T00:00:00+00:00
[2022-08-04 00:02:54,051] {processor.py:161} INFO - Processing /home/airflow/.local/lib/python3.7/site-packages/airflow/example_dags/example_xcom.py took 0.212 seconds
[2022-08-04 00:03:24,946] {processor.py:153} INFO - Started process (PID=22707) to work on /home/airflow/.local/lib/python3.7/site-packages/airflow/example_dags/example_xcom.py
[2022-08-04 00:03:24,953] {processor.py:641} INFO - Processing file /home/airflow/.local/lib/python3.7/site-packages/airflow/example_dags/example_xcom.py for tasks to queue
[2022-08-04 00:03:24,963] {logging_mixin.py:115} INFO - [2022-08-04 00:03:24,962] {dagbag.py:508} INFO - Filling up the DagBag from /home/airflow/.local/lib/python3.7/site-packages/airflow/example_dags/example_xcom.py
[2022-08-04 00:03:25,008] {processor.py:651} INFO - DAG(s) dict_keys(['example_xcom']) retrieved from /home/airflow/.local/lib/python3.7/site-packages/airflow/example_dags/example_xcom.py
[2022-08-04 00:03:25,273] {logging_mixin.py:115} INFO - [2022-08-04 00:03:25,272] {dag.py:2420} INFO - Sync 1 DAGs
[2022-08-04 00:03:25,313] {logging_mixin.py:115} INFO - [2022-08-04 00:03:25,313] {dag.py:2972} INFO - Setting next_dagrun for example_xcom to 2021-01-01T00:00:00+00:00, run_after=2021-01-01T00:00:00+00:00
[2022-08-04 00:03:25,358] {processor.py:161} INFO - Processing /home/airflow/.local/lib/python3.7/site-packages/airflow/example_dags/example_xcom.py took 0.419 seconds
[2022-08-04 00:03:55,555] {processor.py:153} INFO - Started process (PID=22765) to work on /home/airflow/.local/lib/python3.7/site-packages/airflow/example_dags/example_xcom.py
[2022-08-04 00:03:55,561] {processor.py:641} INFO - Processing file /home/airflow/.local/lib/python3.7/site-packages/airflow/example_dags/example_xcom.py for tasks to queue
[2022-08-04 00:03:55,564] {logging_mixin.py:115} INFO - [2022-08-04 00:03:55,564] {dagbag.py:508} INFO - Filling up the DagBag from /home/airflow/.local/lib/python3.7/site-packages/airflow/example_dags/example_xcom.py
[2022-08-04 00:03:55,587] {processor.py:651} INFO - DAG(s) dict_keys(['example_xcom']) retrieved from /home/airflow/.local/lib/python3.7/site-packages/airflow/example_dags/example_xcom.py
[2022-08-04 00:03:55,666] {logging_mixin.py:115} INFO - [2022-08-04 00:03:55,666] {dag.py:2420} INFO - Sync 1 DAGs
[2022-08-04 00:03:55,707] {logging_mixin.py:115} INFO - [2022-08-04 00:03:55,707] {dag.py:2972} INFO - Setting next_dagrun for example_xcom to 2021-01-01T00:00:00+00:00, run_after=2021-01-01T00:00:00+00:00
[2022-08-04 00:03:55,775] {processor.py:161} INFO - Processing /home/airflow/.local/lib/python3.7/site-packages/airflow/example_dags/example_xcom.py took 0.224 seconds
[2022-08-04 00:04:25,850] {processor.py:153} INFO - Started process (PID=22817) to work on /home/airflow/.local/lib/python3.7/site-packages/airflow/example_dags/example_xcom.py
[2022-08-04 00:04:25,858] {processor.py:641} INFO - Processing file /home/airflow/.local/lib/python3.7/site-packages/airflow/example_dags/example_xcom.py for tasks to queue
[2022-08-04 00:04:25,866] {logging_mixin.py:115} INFO - [2022-08-04 00:04:25,866] {dagbag.py:508} INFO - Filling up the DagBag from /home/airflow/.local/lib/python3.7/site-packages/airflow/example_dags/example_xcom.py
[2022-08-04 00:04:25,902] {processor.py:651} INFO - DAG(s) dict_keys(['example_xcom']) retrieved from /home/airflow/.local/lib/python3.7/site-packages/airflow/example_dags/example_xcom.py
[2022-08-04 00:04:25,980] {logging_mixin.py:115} INFO - [2022-08-04 00:04:25,980] {dag.py:2420} INFO - Sync 1 DAGs
[2022-08-04 00:04:26,009] {logging_mixin.py:115} INFO - [2022-08-04 00:04:26,009] {dag.py:2972} INFO - Setting next_dagrun for example_xcom to 2021-01-01T00:00:00+00:00, run_after=2021-01-01T00:00:00+00:00
[2022-08-04 00:04:26,026] {processor.py:161} INFO - Processing /home/airflow/.local/lib/python3.7/site-packages/airflow/example_dags/example_xcom.py took 0.181 seconds
[2022-08-04 00:04:56,625] {processor.py:153} INFO - Started process (PID=22879) to work on /home/airflow/.local/lib/python3.7/site-packages/airflow/example_dags/example_xcom.py
[2022-08-04 00:04:56,628] {processor.py:641} INFO - Processing file /home/airflow/.local/lib/python3.7/site-packages/airflow/example_dags/example_xcom.py for tasks to queue
[2022-08-04 00:04:56,630] {logging_mixin.py:115} INFO - [2022-08-04 00:04:56,630] {dagbag.py:508} INFO - Filling up the DagBag from /home/airflow/.local/lib/python3.7/site-packages/airflow/example_dags/example_xcom.py
[2022-08-04 00:04:56,652] {processor.py:651} INFO - DAG(s) dict_keys(['example_xcom']) retrieved from /home/airflow/.local/lib/python3.7/site-packages/airflow/example_dags/example_xcom.py
[2022-08-04 00:04:56,760] {logging_mixin.py:115} INFO - [2022-08-04 00:04:56,760] {dag.py:2420} INFO - Sync 1 DAGs
[2022-08-04 00:04:56,806] {logging_mixin.py:115} INFO - [2022-08-04 00:04:56,806] {dag.py:2972} INFO - Setting next_dagrun for example_xcom to 2021-01-01T00:00:00+00:00, run_after=2021-01-01T00:00:00+00:00
[2022-08-04 00:04:56,838] {processor.py:161} INFO - Processing /home/airflow/.local/lib/python3.7/site-packages/airflow/example_dags/example_xcom.py took 0.216 seconds
[2022-08-04 00:05:27,319] {processor.py:153} INFO - Started process (PID=22934) to work on /home/airflow/.local/lib/python3.7/site-packages/airflow/example_dags/example_xcom.py
[2022-08-04 00:05:27,323] {processor.py:641} INFO - Processing file /home/airflow/.local/lib/python3.7/site-packages/airflow/example_dags/example_xcom.py for tasks to queue
[2022-08-04 00:05:27,329] {logging_mixin.py:115} INFO - [2022-08-04 00:05:27,329] {dagbag.py:508} INFO - Filling up the DagBag from /home/airflow/.local/lib/python3.7/site-packages/airflow/example_dags/example_xcom.py
[2022-08-04 00:05:27,361] {processor.py:651} INFO - DAG(s) dict_keys(['example_xcom']) retrieved from /home/airflow/.local/lib/python3.7/site-packages/airflow/example_dags/example_xcom.py
[2022-08-04 00:05:27,471] {logging_mixin.py:115} INFO - [2022-08-04 00:05:27,470] {dag.py:2420} INFO - Sync 1 DAGs
[2022-08-04 00:05:27,510] {logging_mixin.py:115} INFO - [2022-08-04 00:05:27,510] {dag.py:2972} INFO - Setting next_dagrun for example_xcom to 2021-01-01T00:00:00+00:00, run_after=2021-01-01T00:00:00+00:00
[2022-08-04 00:05:27,553] {processor.py:161} INFO - Processing /home/airflow/.local/lib/python3.7/site-packages/airflow/example_dags/example_xcom.py took 0.241 seconds
[2022-08-04 00:05:57,915] {processor.py:153} INFO - Started process (PID=22998) to work on /home/airflow/.local/lib/python3.7/site-packages/airflow/example_dags/example_xcom.py
[2022-08-04 00:05:57,921] {processor.py:641} INFO - Processing file /home/airflow/.local/lib/python3.7/site-packages/airflow/example_dags/example_xcom.py for tasks to queue
[2022-08-04 00:05:57,932] {logging_mixin.py:115} INFO - [2022-08-04 00:05:57,931] {dagbag.py:508} INFO - Filling up the DagBag from /home/airflow/.local/lib/python3.7/site-packages/airflow/example_dags/example_xcom.py
[2022-08-04 00:05:57,982] {processor.py:651} INFO - DAG(s) dict_keys(['example_xcom']) retrieved from /home/airflow/.local/lib/python3.7/site-packages/airflow/example_dags/example_xcom.py
[2022-08-04 00:05:58,098] {logging_mixin.py:115} INFO - [2022-08-04 00:05:58,098] {dag.py:2420} INFO - Sync 1 DAGs
[2022-08-04 00:05:58,139] {logging_mixin.py:115} INFO - [2022-08-04 00:05:58,139] {dag.py:2972} INFO - Setting next_dagrun for example_xcom to 2021-01-01T00:00:00+00:00, run_after=2021-01-01T00:00:00+00:00
[2022-08-04 00:05:58,172] {processor.py:161} INFO - Processing /home/airflow/.local/lib/python3.7/site-packages/airflow/example_dags/example_xcom.py took 0.275 seconds
[2022-08-04 00:06:28,590] {processor.py:153} INFO - Started process (PID=23050) to work on /home/airflow/.local/lib/python3.7/site-packages/airflow/example_dags/example_xcom.py
[2022-08-04 00:06:28,597] {processor.py:641} INFO - Processing file /home/airflow/.local/lib/python3.7/site-packages/airflow/example_dags/example_xcom.py for tasks to queue
[2022-08-04 00:06:28,606] {logging_mixin.py:115} INFO - [2022-08-04 00:06:28,606] {dagbag.py:508} INFO - Filling up the DagBag from /home/airflow/.local/lib/python3.7/site-packages/airflow/example_dags/example_xcom.py
[2022-08-04 00:06:28,626] {processor.py:651} INFO - DAG(s) dict_keys(['example_xcom']) retrieved from /home/airflow/.local/lib/python3.7/site-packages/airflow/example_dags/example_xcom.py
[2022-08-04 00:06:28,667] {logging_mixin.py:115} INFO - [2022-08-04 00:06:28,667] {dag.py:2420} INFO - Sync 1 DAGs
[2022-08-04 00:06:28,696] {logging_mixin.py:115} INFO - [2022-08-04 00:06:28,696] {dag.py:2972} INFO - Setting next_dagrun for example_xcom to 2021-01-01T00:00:00+00:00, run_after=2021-01-01T00:00:00+00:00
[2022-08-04 00:06:28,720] {processor.py:161} INFO - Processing /home/airflow/.local/lib/python3.7/site-packages/airflow/example_dags/example_xcom.py took 0.136 seconds
[2022-08-04 00:06:59,056] {processor.py:153} INFO - Started process (PID=23115) to work on /home/airflow/.local/lib/python3.7/site-packages/airflow/example_dags/example_xcom.py
[2022-08-04 00:06:59,060] {processor.py:641} INFO - Processing file /home/airflow/.local/lib/python3.7/site-packages/airflow/example_dags/example_xcom.py for tasks to queue
[2022-08-04 00:06:59,071] {logging_mixin.py:115} INFO - [2022-08-04 00:06:59,071] {dagbag.py:508} INFO - Filling up the DagBag from /home/airflow/.local/lib/python3.7/site-packages/airflow/example_dags/example_xcom.py
[2022-08-04 00:06:59,098] {processor.py:651} INFO - DAG(s) dict_keys(['example_xcom']) retrieved from /home/airflow/.local/lib/python3.7/site-packages/airflow/example_dags/example_xcom.py
[2022-08-04 00:06:59,138] {logging_mixin.py:115} INFO - [2022-08-04 00:06:59,138] {dag.py:2420} INFO - Sync 1 DAGs
[2022-08-04 00:06:59,168] {logging_mixin.py:115} INFO - [2022-08-04 00:06:59,168] {dag.py:2972} INFO - Setting next_dagrun for example_xcom to 2021-01-01T00:00:00+00:00, run_after=2021-01-01T00:00:00+00:00
[2022-08-04 00:06:59,188] {processor.py:161} INFO - Processing /home/airflow/.local/lib/python3.7/site-packages/airflow/example_dags/example_xcom.py took 0.140 seconds
[2022-08-04 00:07:29,546] {processor.py:153} INFO - Started process (PID=23169) to work on /home/airflow/.local/lib/python3.7/site-packages/airflow/example_dags/example_xcom.py
[2022-08-04 00:07:29,553] {processor.py:641} INFO - Processing file /home/airflow/.local/lib/python3.7/site-packages/airflow/example_dags/example_xcom.py for tasks to queue
[2022-08-04 00:07:29,559] {logging_mixin.py:115} INFO - [2022-08-04 00:07:29,559] {dagbag.py:508} INFO - Filling up the DagBag from /home/airflow/.local/lib/python3.7/site-packages/airflow/example_dags/example_xcom.py
[2022-08-04 00:07:29,593] {processor.py:651} INFO - DAG(s) dict_keys(['example_xcom']) retrieved from /home/airflow/.local/lib/python3.7/site-packages/airflow/example_dags/example_xcom.py
[2022-08-04 00:07:29,648] {logging_mixin.py:115} INFO - [2022-08-04 00:07:29,648] {dag.py:2420} INFO - Sync 1 DAGs
[2022-08-04 00:07:29,677] {logging_mixin.py:115} INFO - [2022-08-04 00:07:29,677] {dag.py:2972} INFO - Setting next_dagrun for example_xcom to 2021-01-01T00:00:00+00:00, run_after=2021-01-01T00:00:00+00:00
[2022-08-04 00:07:29,698] {processor.py:161} INFO - Processing /home/airflow/.local/lib/python3.7/site-packages/airflow/example_dags/example_xcom.py took 0.158 seconds
[2022-08-04 00:07:59,867] {processor.py:153} INFO - Started process (PID=23233) to work on /home/airflow/.local/lib/python3.7/site-packages/airflow/example_dags/example_xcom.py
[2022-08-04 00:07:59,873] {processor.py:641} INFO - Processing file /home/airflow/.local/lib/python3.7/site-packages/airflow/example_dags/example_xcom.py for tasks to queue
[2022-08-04 00:07:59,876] {logging_mixin.py:115} INFO - [2022-08-04 00:07:59,876] {dagbag.py:508} INFO - Filling up the DagBag from /home/airflow/.local/lib/python3.7/site-packages/airflow/example_dags/example_xcom.py
[2022-08-04 00:07:59,911] {processor.py:651} INFO - DAG(s) dict_keys(['example_xcom']) retrieved from /home/airflow/.local/lib/python3.7/site-packages/airflow/example_dags/example_xcom.py
[2022-08-04 00:07:59,977] {logging_mixin.py:115} INFO - [2022-08-04 00:07:59,976] {dag.py:2420} INFO - Sync 1 DAGs
[2022-08-04 00:08:00,030] {logging_mixin.py:115} INFO - [2022-08-04 00:08:00,029] {dag.py:2972} INFO - Setting next_dagrun for example_xcom to 2021-01-01T00:00:00+00:00, run_after=2021-01-01T00:00:00+00:00
[2022-08-04 00:08:00,112] {processor.py:161} INFO - Processing /home/airflow/.local/lib/python3.7/site-packages/airflow/example_dags/example_xcom.py took 0.249 seconds
[2022-08-04 00:08:30,777] {processor.py:153} INFO - Started process (PID=23287) to work on /home/airflow/.local/lib/python3.7/site-packages/airflow/example_dags/example_xcom.py
[2022-08-04 00:08:30,788] {processor.py:641} INFO - Processing file /home/airflow/.local/lib/python3.7/site-packages/airflow/example_dags/example_xcom.py for tasks to queue
[2022-08-04 00:08:30,796] {logging_mixin.py:115} INFO - [2022-08-04 00:08:30,796] {dagbag.py:508} INFO - Filling up the DagBag from /home/airflow/.local/lib/python3.7/site-packages/airflow/example_dags/example_xcom.py
[2022-08-04 00:08:30,828] {processor.py:651} INFO - DAG(s) dict_keys(['example_xcom']) retrieved from /home/airflow/.local/lib/python3.7/site-packages/airflow/example_dags/example_xcom.py
[2022-08-04 00:08:30,917] {logging_mixin.py:115} INFO - [2022-08-04 00:08:30,917] {dag.py:2420} INFO - Sync 1 DAGs
[2022-08-04 00:08:30,958] {logging_mixin.py:115} INFO - [2022-08-04 00:08:30,958] {dag.py:2972} INFO - Setting next_dagrun for example_xcom to 2021-01-01T00:00:00+00:00, run_after=2021-01-01T00:00:00+00:00
[2022-08-04 00:08:30,984] {processor.py:161} INFO - Processing /home/airflow/.local/lib/python3.7/site-packages/airflow/example_dags/example_xcom.py took 0.219 seconds
[2022-08-04 00:09:01,363] {processor.py:153} INFO - Started process (PID=23349) to work on /home/airflow/.local/lib/python3.7/site-packages/airflow/example_dags/example_xcom.py
[2022-08-04 00:09:01,368] {processor.py:641} INFO - Processing file /home/airflow/.local/lib/python3.7/site-packages/airflow/example_dags/example_xcom.py for tasks to queue
[2022-08-04 00:09:01,374] {logging_mixin.py:115} INFO - [2022-08-04 00:09:01,374] {dagbag.py:508} INFO - Filling up the DagBag from /home/airflow/.local/lib/python3.7/site-packages/airflow/example_dags/example_xcom.py
[2022-08-04 00:09:01,408] {processor.py:651} INFO - DAG(s) dict_keys(['example_xcom']) retrieved from /home/airflow/.local/lib/python3.7/site-packages/airflow/example_dags/example_xcom.py
[2022-08-04 00:09:01,521] {logging_mixin.py:115} INFO - [2022-08-04 00:09:01,521] {dag.py:2420} INFO - Sync 1 DAGs
[2022-08-04 00:09:01,559] {logging_mixin.py:115} INFO - [2022-08-04 00:09:01,559] {dag.py:2972} INFO - Setting next_dagrun for example_xcom to 2021-01-01T00:00:00+00:00, run_after=2021-01-01T00:00:00+00:00
[2022-08-04 00:09:01,580] {processor.py:161} INFO - Processing /home/airflow/.local/lib/python3.7/site-packages/airflow/example_dags/example_xcom.py took 0.223 seconds
[2022-08-04 00:09:31,984] {processor.py:153} INFO - Started process (PID=23415) to work on /home/airflow/.local/lib/python3.7/site-packages/airflow/example_dags/example_xcom.py
[2022-08-04 00:09:31,987] {processor.py:641} INFO - Processing file /home/airflow/.local/lib/python3.7/site-packages/airflow/example_dags/example_xcom.py for tasks to queue
[2022-08-04 00:09:31,994] {logging_mixin.py:115} INFO - [2022-08-04 00:09:31,994] {dagbag.py:508} INFO - Filling up the DagBag from /home/airflow/.local/lib/python3.7/site-packages/airflow/example_dags/example_xcom.py
[2022-08-04 00:09:32,020] {processor.py:651} INFO - DAG(s) dict_keys(['example_xcom']) retrieved from /home/airflow/.local/lib/python3.7/site-packages/airflow/example_dags/example_xcom.py
[2022-08-04 00:09:32,107] {logging_mixin.py:115} INFO - [2022-08-04 00:09:32,107] {dag.py:2420} INFO - Sync 1 DAGs
[2022-08-04 00:09:32,134] {logging_mixin.py:115} INFO - [2022-08-04 00:09:32,134] {dag.py:2972} INFO - Setting next_dagrun for example_xcom to 2021-01-01T00:00:00+00:00, run_after=2021-01-01T00:00:00+00:00
[2022-08-04 00:09:32,156] {processor.py:161} INFO - Processing /home/airflow/.local/lib/python3.7/site-packages/airflow/example_dags/example_xcom.py took 0.179 seconds
[2022-08-04 00:10:10,571] {processor.py:153} INFO - Started process (PID=23472) to work on /home/airflow/.local/lib/python3.7/site-packages/airflow/example_dags/example_xcom.py
[2022-08-04 00:10:10,587] {processor.py:641} INFO - Processing file /home/airflow/.local/lib/python3.7/site-packages/airflow/example_dags/example_xcom.py for tasks to queue
[2022-08-04 00:10:10,593] {logging_mixin.py:115} INFO - [2022-08-04 00:10:10,593] {dagbag.py:508} INFO - Filling up the DagBag from /home/airflow/.local/lib/python3.7/site-packages/airflow/example_dags/example_xcom.py
[2022-08-04 00:10:10,650] {processor.py:651} INFO - DAG(s) dict_keys(['example_xcom']) retrieved from /home/airflow/.local/lib/python3.7/site-packages/airflow/example_dags/example_xcom.py
[2022-08-04 00:10:10,814] {logging_mixin.py:115} INFO - [2022-08-04 00:10:10,813] {dag.py:2420} INFO - Sync 1 DAGs
[2022-08-04 00:10:10,893] {logging_mixin.py:115} INFO - [2022-08-04 00:10:10,893] {dag.py:2972} INFO - Setting next_dagrun for example_xcom to 2021-01-01T00:00:00+00:00, run_after=2021-01-01T00:00:00+00:00
[2022-08-04 00:10:10,948] {processor.py:161} INFO - Processing /home/airflow/.local/lib/python3.7/site-packages/airflow/example_dags/example_xcom.py took 0.386 seconds
[2022-08-04 00:11:08,795] {processor.py:153} INFO - Started process (PID=23537) to work on /home/airflow/.local/lib/python3.7/site-packages/airflow/example_dags/example_xcom.py
[2022-08-04 00:11:08,800] {processor.py:641} INFO - Processing file /home/airflow/.local/lib/python3.7/site-packages/airflow/example_dags/example_xcom.py for tasks to queue
[2022-08-04 00:11:08,807] {logging_mixin.py:115} INFO - [2022-08-04 00:11:08,807] {dagbag.py:508} INFO - Filling up the DagBag from /home/airflow/.local/lib/python3.7/site-packages/airflow/example_dags/example_xcom.py
[2022-08-04 00:11:08,835] {processor.py:651} INFO - DAG(s) dict_keys(['example_xcom']) retrieved from /home/airflow/.local/lib/python3.7/site-packages/airflow/example_dags/example_xcom.py
[2022-08-04 00:11:08,932] {logging_mixin.py:115} INFO - [2022-08-04 00:11:08,932] {dag.py:2420} INFO - Sync 1 DAGs
[2022-08-04 00:11:08,953] {logging_mixin.py:115} INFO - [2022-08-04 00:11:08,953] {dag.py:2972} INFO - Setting next_dagrun for example_xcom to 2021-01-01T00:00:00+00:00, run_after=2021-01-01T00:00:00+00:00
[2022-08-04 00:11:08,974] {processor.py:161} INFO - Processing /home/airflow/.local/lib/python3.7/site-packages/airflow/example_dags/example_xcom.py took 0.183 seconds
[2022-08-04 00:11:39,808] {processor.py:153} INFO - Started process (PID=23600) to work on /home/airflow/.local/lib/python3.7/site-packages/airflow/example_dags/example_xcom.py
[2022-08-04 00:11:39,814] {processor.py:641} INFO - Processing file /home/airflow/.local/lib/python3.7/site-packages/airflow/example_dags/example_xcom.py for tasks to queue
[2022-08-04 00:11:39,819] {logging_mixin.py:115} INFO - [2022-08-04 00:11:39,819] {dagbag.py:508} INFO - Filling up the DagBag from /home/airflow/.local/lib/python3.7/site-packages/airflow/example_dags/example_xcom.py
[2022-08-04 00:11:39,857] {processor.py:651} INFO - DAG(s) dict_keys(['example_xcom']) retrieved from /home/airflow/.local/lib/python3.7/site-packages/airflow/example_dags/example_xcom.py
[2022-08-04 00:11:39,957] {logging_mixin.py:115} INFO - [2022-08-04 00:11:39,956] {dag.py:2420} INFO - Sync 1 DAGs
[2022-08-04 00:11:39,986] {logging_mixin.py:115} INFO - [2022-08-04 00:11:39,986] {dag.py:2972} INFO - Setting next_dagrun for example_xcom to 2021-01-01T00:00:00+00:00, run_after=2021-01-01T00:00:00+00:00
[2022-08-04 00:11:40,012] {processor.py:161} INFO - Processing /home/airflow/.local/lib/python3.7/site-packages/airflow/example_dags/example_xcom.py took 0.208 seconds
[2022-08-04 00:14:58,011] {processor.py:153} INFO - Started process (PID=23654) to work on /home/airflow/.local/lib/python3.7/site-packages/airflow/example_dags/example_xcom.py
[2022-08-04 00:14:58,027] {processor.py:641} INFO - Processing file /home/airflow/.local/lib/python3.7/site-packages/airflow/example_dags/example_xcom.py for tasks to queue
[2022-08-04 00:14:58,036] {logging_mixin.py:115} INFO - [2022-08-04 00:14:58,036] {dagbag.py:508} INFO - Filling up the DagBag from /home/airflow/.local/lib/python3.7/site-packages/airflow/example_dags/example_xcom.py
[2022-08-04 00:14:58,092] {processor.py:651} INFO - DAG(s) dict_keys(['example_xcom']) retrieved from /home/airflow/.local/lib/python3.7/site-packages/airflow/example_dags/example_xcom.py
[2022-08-04 00:14:58,389] {logging_mixin.py:115} INFO - [2022-08-04 00:14:58,389] {dag.py:2420} INFO - Sync 1 DAGs
[2022-08-04 00:14:58,448] {logging_mixin.py:115} INFO - [2022-08-04 00:14:58,448] {dag.py:2972} INFO - Setting next_dagrun for example_xcom to 2021-01-01T00:00:00+00:00, run_after=2021-01-01T00:00:00+00:00
[2022-08-04 00:14:58,493] {processor.py:161} INFO - Processing /home/airflow/.local/lib/python3.7/site-packages/airflow/example_dags/example_xcom.py took 0.487 seconds
[2022-08-04 00:15:39,192] {processor.py:153} INFO - Started process (PID=23718) to work on /home/airflow/.local/lib/python3.7/site-packages/airflow/example_dags/example_xcom.py
[2022-08-04 00:15:39,266] {processor.py:641} INFO - Processing file /home/airflow/.local/lib/python3.7/site-packages/airflow/example_dags/example_xcom.py for tasks to queue
[2022-08-04 00:15:39,363] {logging_mixin.py:115} INFO - [2022-08-04 00:15:39,362] {dagbag.py:508} INFO - Filling up the DagBag from /home/airflow/.local/lib/python3.7/site-packages/airflow/example_dags/example_xcom.py
[2022-08-04 00:15:39,503] {processor.py:651} INFO - DAG(s) dict_keys(['example_xcom']) retrieved from /home/airflow/.local/lib/python3.7/site-packages/airflow/example_dags/example_xcom.py
[2022-08-04 00:15:39,707] {logging_mixin.py:115} INFO - [2022-08-04 00:15:39,707] {dag.py:2420} INFO - Sync 1 DAGs
[2022-08-04 00:15:39,775] {logging_mixin.py:115} INFO - [2022-08-04 00:15:39,775] {dag.py:2972} INFO - Setting next_dagrun for example_xcom to 2021-01-01T00:00:00+00:00, run_after=2021-01-01T00:00:00+00:00
[2022-08-04 00:15:39,850] {processor.py:161} INFO - Processing /home/airflow/.local/lib/python3.7/site-packages/airflow/example_dags/example_xcom.py took 0.679 seconds
[2022-08-04 00:32:55,145] {processor.py:153} INFO - Started process (PID=23773) to work on /home/airflow/.local/lib/python3.7/site-packages/airflow/example_dags/example_xcom.py
[2022-08-04 00:32:55,154] {processor.py:641} INFO - Processing file /home/airflow/.local/lib/python3.7/site-packages/airflow/example_dags/example_xcom.py for tasks to queue
[2022-08-04 00:32:55,157] {logging_mixin.py:115} INFO - [2022-08-04 00:32:55,157] {dagbag.py:508} INFO - Filling up the DagBag from /home/airflow/.local/lib/python3.7/site-packages/airflow/example_dags/example_xcom.py
[2022-08-04 00:32:55,233] {processor.py:651} INFO - DAG(s) dict_keys(['example_xcom']) retrieved from /home/airflow/.local/lib/python3.7/site-packages/airflow/example_dags/example_xcom.py
[2022-08-04 00:32:55,493] {logging_mixin.py:115} INFO - [2022-08-04 00:32:55,492] {dag.py:2420} INFO - Sync 1 DAGs
[2022-08-04 00:32:55,594] {logging_mixin.py:115} INFO - [2022-08-04 00:32:55,594] {dag.py:2972} INFO - Setting next_dagrun for example_xcom to 2021-01-01T00:00:00+00:00, run_after=2021-01-01T00:00:00+00:00
[2022-08-04 00:32:55,657] {processor.py:161} INFO - Processing /home/airflow/.local/lib/python3.7/site-packages/airflow/example_dags/example_xcom.py took 0.519 seconds
[2022-08-04 00:33:25,862] {processor.py:153} INFO - Started process (PID=23828) to work on /home/airflow/.local/lib/python3.7/site-packages/airflow/example_dags/example_xcom.py
[2022-08-04 00:33:25,871] {processor.py:641} INFO - Processing file /home/airflow/.local/lib/python3.7/site-packages/airflow/example_dags/example_xcom.py for tasks to queue
[2022-08-04 00:33:25,879] {logging_mixin.py:115} INFO - [2022-08-04 00:33:25,879] {dagbag.py:508} INFO - Filling up the DagBag from /home/airflow/.local/lib/python3.7/site-packages/airflow/example_dags/example_xcom.py
[2022-08-04 00:33:25,921] {processor.py:651} INFO - DAG(s) dict_keys(['example_xcom']) retrieved from /home/airflow/.local/lib/python3.7/site-packages/airflow/example_dags/example_xcom.py
[2022-08-04 00:33:25,968] {logging_mixin.py:115} INFO - [2022-08-04 00:33:25,968] {dag.py:2420} INFO - Sync 1 DAGs
[2022-08-04 00:33:25,997] {logging_mixin.py:115} INFO - [2022-08-04 00:33:25,997] {dag.py:2972} INFO - Setting next_dagrun for example_xcom to 2021-01-01T00:00:00+00:00, run_after=2021-01-01T00:00:00+00:00
[2022-08-04 00:33:26,017] {processor.py:161} INFO - Processing /home/airflow/.local/lib/python3.7/site-packages/airflow/example_dags/example_xcom.py took 0.162 seconds
[2022-08-04 00:33:56,402] {processor.py:153} INFO - Started process (PID=23882) to work on /home/airflow/.local/lib/python3.7/site-packages/airflow/example_dags/example_xcom.py
[2022-08-04 00:33:56,416] {processor.py:641} INFO - Processing file /home/airflow/.local/lib/python3.7/site-packages/airflow/example_dags/example_xcom.py for tasks to queue
[2022-08-04 00:33:56,424] {logging_mixin.py:115} INFO - [2022-08-04 00:33:56,424] {dagbag.py:508} INFO - Filling up the DagBag from /home/airflow/.local/lib/python3.7/site-packages/airflow/example_dags/example_xcom.py
[2022-08-04 00:33:56,477] {processor.py:651} INFO - DAG(s) dict_keys(['example_xcom']) retrieved from /home/airflow/.local/lib/python3.7/site-packages/airflow/example_dags/example_xcom.py
[2022-08-04 00:33:56,580] {logging_mixin.py:115} INFO - [2022-08-04 00:33:56,579] {dag.py:2420} INFO - Sync 1 DAGs
[2022-08-04 00:33:56,616] {logging_mixin.py:115} INFO - [2022-08-04 00:33:56,616] {dag.py:2972} INFO - Setting next_dagrun for example_xcom to 2021-01-01T00:00:00+00:00, run_after=2021-01-01T00:00:00+00:00
[2022-08-04 00:33:56,643] {processor.py:161} INFO - Processing /home/airflow/.local/lib/python3.7/site-packages/airflow/example_dags/example_xcom.py took 0.253 seconds
[2022-08-04 00:34:26,729] {processor.py:153} INFO - Started process (PID=23946) to work on /home/airflow/.local/lib/python3.7/site-packages/airflow/example_dags/example_xcom.py
[2022-08-04 00:34:26,736] {processor.py:641} INFO - Processing file /home/airflow/.local/lib/python3.7/site-packages/airflow/example_dags/example_xcom.py for tasks to queue
[2022-08-04 00:34:26,745] {logging_mixin.py:115} INFO - [2022-08-04 00:34:26,744] {dagbag.py:508} INFO - Filling up the DagBag from /home/airflow/.local/lib/python3.7/site-packages/airflow/example_dags/example_xcom.py
[2022-08-04 00:34:26,774] {processor.py:651} INFO - DAG(s) dict_keys(['example_xcom']) retrieved from /home/airflow/.local/lib/python3.7/site-packages/airflow/example_dags/example_xcom.py
[2022-08-04 00:34:26,893] {logging_mixin.py:115} INFO - [2022-08-04 00:34:26,893] {dag.py:2420} INFO - Sync 1 DAGs
[2022-08-04 00:34:26,920] {logging_mixin.py:115} INFO - [2022-08-04 00:34:26,920] {dag.py:2972} INFO - Setting next_dagrun for example_xcom to 2021-01-01T00:00:00+00:00, run_after=2021-01-01T00:00:00+00:00
[2022-08-04 00:34:26,941] {processor.py:161} INFO - Processing /home/airflow/.local/lib/python3.7/site-packages/airflow/example_dags/example_xcom.py took 0.220 seconds
[2022-08-04 00:34:57,273] {processor.py:153} INFO - Started process (PID=24000) to work on /home/airflow/.local/lib/python3.7/site-packages/airflow/example_dags/example_xcom.py
[2022-08-04 00:34:57,280] {processor.py:641} INFO - Processing file /home/airflow/.local/lib/python3.7/site-packages/airflow/example_dags/example_xcom.py for tasks to queue
[2022-08-04 00:34:57,285] {logging_mixin.py:115} INFO - [2022-08-04 00:34:57,285] {dagbag.py:508} INFO - Filling up the DagBag from /home/airflow/.local/lib/python3.7/site-packages/airflow/example_dags/example_xcom.py
[2022-08-04 00:34:57,312] {processor.py:651} INFO - DAG(s) dict_keys(['example_xcom']) retrieved from /home/airflow/.local/lib/python3.7/site-packages/airflow/example_dags/example_xcom.py
[2022-08-04 00:34:57,403] {logging_mixin.py:115} INFO - [2022-08-04 00:34:57,403] {dag.py:2420} INFO - Sync 1 DAGs
[2022-08-04 00:34:57,425] {logging_mixin.py:115} INFO - [2022-08-04 00:34:57,425] {dag.py:2972} INFO - Setting next_dagrun for example_xcom to 2021-01-01T00:00:00+00:00, run_after=2021-01-01T00:00:00+00:00
[2022-08-04 00:34:57,443] {processor.py:161} INFO - Processing /home/airflow/.local/lib/python3.7/site-packages/airflow/example_dags/example_xcom.py took 0.177 seconds
[2022-08-04 00:35:30,213] {processor.py:153} INFO - Started process (PID=24062) to work on /home/airflow/.local/lib/python3.7/site-packages/airflow/example_dags/example_xcom.py
[2022-08-04 00:35:30,223] {processor.py:641} INFO - Processing file /home/airflow/.local/lib/python3.7/site-packages/airflow/example_dags/example_xcom.py for tasks to queue
[2022-08-04 00:35:30,230] {logging_mixin.py:115} INFO - [2022-08-04 00:35:30,230] {dagbag.py:508} INFO - Filling up the DagBag from /home/airflow/.local/lib/python3.7/site-packages/airflow/example_dags/example_xcom.py
[2022-08-04 00:35:30,286] {processor.py:651} INFO - DAG(s) dict_keys(['example_xcom']) retrieved from /home/airflow/.local/lib/python3.7/site-packages/airflow/example_dags/example_xcom.py
[2022-08-04 00:35:30,476] {logging_mixin.py:115} INFO - [2022-08-04 00:35:30,476] {dag.py:2420} INFO - Sync 1 DAGs
[2022-08-04 00:35:30,522] {logging_mixin.py:115} INFO - [2022-08-04 00:35:30,522] {dag.py:2972} INFO - Setting next_dagrun for example_xcom to 2021-01-01T00:00:00+00:00, run_after=2021-01-01T00:00:00+00:00
[2022-08-04 00:35:30,558] {processor.py:161} INFO - Processing /home/airflow/.local/lib/python3.7/site-packages/airflow/example_dags/example_xcom.py took 0.358 seconds
[2022-08-04 00:36:00,664] {processor.py:153} INFO - Started process (PID=24116) to work on /home/airflow/.local/lib/python3.7/site-packages/airflow/example_dags/example_xcom.py
[2022-08-04 00:36:00,667] {processor.py:641} INFO - Processing file /home/airflow/.local/lib/python3.7/site-packages/airflow/example_dags/example_xcom.py for tasks to queue
[2022-08-04 00:36:00,673] {logging_mixin.py:115} INFO - [2022-08-04 00:36:00,673] {dagbag.py:508} INFO - Filling up the DagBag from /home/airflow/.local/lib/python3.7/site-packages/airflow/example_dags/example_xcom.py
[2022-08-04 00:36:00,723] {processor.py:651} INFO - DAG(s) dict_keys(['example_xcom']) retrieved from /home/airflow/.local/lib/python3.7/site-packages/airflow/example_dags/example_xcom.py
[2022-08-04 00:36:00,849] {logging_mixin.py:115} INFO - [2022-08-04 00:36:00,849] {dag.py:2420} INFO - Sync 1 DAGs
[2022-08-04 00:36:00,891] {logging_mixin.py:115} INFO - [2022-08-04 00:36:00,891] {dag.py:2972} INFO - Setting next_dagrun for example_xcom to 2021-01-01T00:00:00+00:00, run_after=2021-01-01T00:00:00+00:00
[2022-08-04 00:36:00,920] {processor.py:161} INFO - Processing /home/airflow/.local/lib/python3.7/site-packages/airflow/example_dags/example_xcom.py took 0.265 seconds
[2022-08-04 00:36:31,321] {processor.py:153} INFO - Started process (PID=24171) to work on /home/airflow/.local/lib/python3.7/site-packages/airflow/example_dags/example_xcom.py
[2022-08-04 00:36:31,335] {processor.py:641} INFO - Processing file /home/airflow/.local/lib/python3.7/site-packages/airflow/example_dags/example_xcom.py for tasks to queue
[2022-08-04 00:36:31,341] {logging_mixin.py:115} INFO - [2022-08-04 00:36:31,340] {dagbag.py:508} INFO - Filling up the DagBag from /home/airflow/.local/lib/python3.7/site-packages/airflow/example_dags/example_xcom.py
[2022-08-04 00:36:31,388] {processor.py:651} INFO - DAG(s) dict_keys(['example_xcom']) retrieved from /home/airflow/.local/lib/python3.7/site-packages/airflow/example_dags/example_xcom.py
[2022-08-04 00:36:31,504] {logging_mixin.py:115} INFO - [2022-08-04 00:36:31,503] {dag.py:2420} INFO - Sync 1 DAGs
[2022-08-04 00:36:31,533] {logging_mixin.py:115} INFO - [2022-08-04 00:36:31,533] {dag.py:2972} INFO - Setting next_dagrun for example_xcom to 2021-01-01T00:00:00+00:00, run_after=2021-01-01T00:00:00+00:00
[2022-08-04 00:36:31,552] {processor.py:161} INFO - Processing /home/airflow/.local/lib/python3.7/site-packages/airflow/example_dags/example_xcom.py took 0.243 seconds
[2022-08-04 00:37:02,019] {processor.py:153} INFO - Started process (PID=24233) to work on /home/airflow/.local/lib/python3.7/site-packages/airflow/example_dags/example_xcom.py
[2022-08-04 00:37:02,025] {processor.py:641} INFO - Processing file /home/airflow/.local/lib/python3.7/site-packages/airflow/example_dags/example_xcom.py for tasks to queue
[2022-08-04 00:37:02,032] {logging_mixin.py:115} INFO - [2022-08-04 00:37:02,031] {dagbag.py:508} INFO - Filling up the DagBag from /home/airflow/.local/lib/python3.7/site-packages/airflow/example_dags/example_xcom.py
[2022-08-04 00:37:02,067] {processor.py:651} INFO - DAG(s) dict_keys(['example_xcom']) retrieved from /home/airflow/.local/lib/python3.7/site-packages/airflow/example_dags/example_xcom.py
[2022-08-04 00:37:02,199] {logging_mixin.py:115} INFO - [2022-08-04 00:37:02,198] {dag.py:2420} INFO - Sync 1 DAGs
[2022-08-04 00:37:02,226] {logging_mixin.py:115} INFO - [2022-08-04 00:37:02,226] {dag.py:2972} INFO - Setting next_dagrun for example_xcom to 2021-01-01T00:00:00+00:00, run_after=2021-01-01T00:00:00+00:00
[2022-08-04 00:37:02,253] {processor.py:161} INFO - Processing /home/airflow/.local/lib/python3.7/site-packages/airflow/example_dags/example_xcom.py took 0.242 seconds
[2022-08-04 00:37:34,052] {processor.py:153} INFO - Started process (PID=24295) to work on /home/airflow/.local/lib/python3.7/site-packages/airflow/example_dags/example_xcom.py
[2022-08-04 00:37:34,061] {processor.py:641} INFO - Processing file /home/airflow/.local/lib/python3.7/site-packages/airflow/example_dags/example_xcom.py for tasks to queue
[2022-08-04 00:37:34,069] {logging_mixin.py:115} INFO - [2022-08-04 00:37:34,069] {dagbag.py:508} INFO - Filling up the DagBag from /home/airflow/.local/lib/python3.7/site-packages/airflow/example_dags/example_xcom.py
[2022-08-04 00:37:34,118] {processor.py:651} INFO - DAG(s) dict_keys(['example_xcom']) retrieved from /home/airflow/.local/lib/python3.7/site-packages/airflow/example_dags/example_xcom.py
[2022-08-04 00:37:34,202] {logging_mixin.py:115} INFO - [2022-08-04 00:37:34,202] {dag.py:2420} INFO - Sync 1 DAGs
[2022-08-04 00:37:34,255] {logging_mixin.py:115} INFO - [2022-08-04 00:37:34,254] {dag.py:2972} INFO - Setting next_dagrun for example_xcom to 2021-01-01T00:00:00+00:00, run_after=2021-01-01T00:00:00+00:00
[2022-08-04 00:37:34,303] {processor.py:161} INFO - Processing /home/airflow/.local/lib/python3.7/site-packages/airflow/example_dags/example_xcom.py took 0.255 seconds
[2022-08-04 00:38:09,418] {processor.py:153} INFO - Started process (PID=24350) to work on /home/airflow/.local/lib/python3.7/site-packages/airflow/example_dags/example_xcom.py
[2022-08-04 00:38:09,425] {processor.py:641} INFO - Processing file /home/airflow/.local/lib/python3.7/site-packages/airflow/example_dags/example_xcom.py for tasks to queue
[2022-08-04 00:38:09,430] {logging_mixin.py:115} INFO - [2022-08-04 00:38:09,429] {dagbag.py:508} INFO - Filling up the DagBag from /home/airflow/.local/lib/python3.7/site-packages/airflow/example_dags/example_xcom.py
[2022-08-04 00:38:09,467] {processor.py:651} INFO - DAG(s) dict_keys(['example_xcom']) retrieved from /home/airflow/.local/lib/python3.7/site-packages/airflow/example_dags/example_xcom.py
[2022-08-04 00:38:09,591] {logging_mixin.py:115} INFO - [2022-08-04 00:38:09,591] {dag.py:2420} INFO - Sync 1 DAGs
[2022-08-04 00:38:09,643] {logging_mixin.py:115} INFO - [2022-08-04 00:38:09,643] {dag.py:2972} INFO - Setting next_dagrun for example_xcom to 2021-01-01T00:00:00+00:00, run_after=2021-01-01T00:00:00+00:00
[2022-08-04 00:38:09,687] {processor.py:161} INFO - Processing /home/airflow/.local/lib/python3.7/site-packages/airflow/example_dags/example_xcom.py took 0.275 seconds
