[2022-08-04 00:00:20,052] {processor.py:153} INFO - Started process (PID=22362) to work on /home/airflow/.local/lib/python3.7/site-packages/airflow/example_dags/example_branch_datetime_operator.py
[2022-08-04 00:00:20,145] {processor.py:641} INFO - Processing file /home/airflow/.local/lib/python3.7/site-packages/airflow/example_dags/example_branch_datetime_operator.py for tasks to queue
[2022-08-04 00:00:20,167] {logging_mixin.py:115} INFO - [2022-08-04 00:00:20,165] {dagbag.py:508} INFO - Filling up the DagBag from /home/airflow/.local/lib/python3.7/site-packages/airflow/example_dags/example_branch_datetime_operator.py
[2022-08-04 00:00:20,202] {processor.py:651} INFO - DAG(s) dict_keys(['example_branch_datetime_operator', 'example_branch_datetime_operator_2']) retrieved from /home/airflow/.local/lib/python3.7/site-packages/airflow/example_dags/example_branch_datetime_operator.py
[2022-08-04 00:00:20,293] {logging_mixin.py:115} INFO - [2022-08-04 00:00:20,293] {dag.py:2420} INFO - Sync 2 DAGs
[2022-08-04 00:00:20,346] {logging_mixin.py:115} INFO - [2022-08-04 00:00:20,345] {dag.py:2972} INFO - Setting next_dagrun for example_branch_datetime_operator to 2022-08-03T00:00:00+00:00, run_after=2022-08-04T00:00:00+00:00
[2022-08-04 00:00:20,365] {logging_mixin.py:115} INFO - [2022-08-04 00:00:20,365] {dag.py:2972} INFO - Setting next_dagrun for example_branch_datetime_operator_2 to 2022-08-03T00:00:00+00:00, run_after=2022-08-04T00:00:00+00:00
[2022-08-04 00:00:20,399] {processor.py:161} INFO - Processing /home/airflow/.local/lib/python3.7/site-packages/airflow/example_dags/example_branch_datetime_operator.py took 0.354 seconds
[2022-08-04 00:00:51,247] {processor.py:153} INFO - Started process (PID=22416) to work on /home/airflow/.local/lib/python3.7/site-packages/airflow/example_dags/example_branch_datetime_operator.py
[2022-08-04 00:00:51,254] {processor.py:641} INFO - Processing file /home/airflow/.local/lib/python3.7/site-packages/airflow/example_dags/example_branch_datetime_operator.py for tasks to queue
[2022-08-04 00:00:51,263] {logging_mixin.py:115} INFO - [2022-08-04 00:00:51,262] {dagbag.py:508} INFO - Filling up the DagBag from /home/airflow/.local/lib/python3.7/site-packages/airflow/example_dags/example_branch_datetime_operator.py
[2022-08-04 00:00:51,281] {processor.py:651} INFO - DAG(s) dict_keys(['example_branch_datetime_operator', 'example_branch_datetime_operator_2']) retrieved from /home/airflow/.local/lib/python3.7/site-packages/airflow/example_dags/example_branch_datetime_operator.py
[2022-08-04 00:00:51,341] {logging_mixin.py:115} INFO - [2022-08-04 00:00:51,341] {dag.py:2420} INFO - Sync 2 DAGs
[2022-08-04 00:00:51,386] {logging_mixin.py:115} INFO - [2022-08-04 00:00:51,386] {dag.py:2972} INFO - Setting next_dagrun for example_branch_datetime_operator to 2022-08-03T00:00:00+00:00, run_after=2022-08-04T00:00:00+00:00
[2022-08-04 00:00:51,394] {logging_mixin.py:115} INFO - [2022-08-04 00:00:51,394] {dag.py:2972} INFO - Setting next_dagrun for example_branch_datetime_operator_2 to 2022-08-03T00:00:00+00:00, run_after=2022-08-04T00:00:00+00:00
[2022-08-04 00:00:51,413] {processor.py:161} INFO - Processing /home/airflow/.local/lib/python3.7/site-packages/airflow/example_dags/example_branch_datetime_operator.py took 0.175 seconds
[2022-08-04 00:01:23,150] {processor.py:153} INFO - Started process (PID=22480) to work on /home/airflow/.local/lib/python3.7/site-packages/airflow/example_dags/example_branch_datetime_operator.py
[2022-08-04 00:01:23,164] {processor.py:641} INFO - Processing file /home/airflow/.local/lib/python3.7/site-packages/airflow/example_dags/example_branch_datetime_operator.py for tasks to queue
[2022-08-04 00:01:23,189] {logging_mixin.py:115} INFO - [2022-08-04 00:01:23,189] {dagbag.py:508} INFO - Filling up the DagBag from /home/airflow/.local/lib/python3.7/site-packages/airflow/example_dags/example_branch_datetime_operator.py
[2022-08-04 00:01:23,251] {processor.py:651} INFO - DAG(s) dict_keys(['example_branch_datetime_operator', 'example_branch_datetime_operator_2']) retrieved from /home/airflow/.local/lib/python3.7/site-packages/airflow/example_dags/example_branch_datetime_operator.py
[2022-08-04 00:01:23,380] {logging_mixin.py:115} INFO - [2022-08-04 00:01:23,380] {dag.py:2420} INFO - Sync 2 DAGs
[2022-08-04 00:01:23,497] {logging_mixin.py:115} INFO - [2022-08-04 00:01:23,496] {dag.py:2972} INFO - Setting next_dagrun for example_branch_datetime_operator to 2022-08-03T00:00:00+00:00, run_after=2022-08-04T00:00:00+00:00
[2022-08-04 00:01:23,510] {logging_mixin.py:115} INFO - [2022-08-04 00:01:23,510] {dag.py:2972} INFO - Setting next_dagrun for example_branch_datetime_operator_2 to 2022-08-03T00:00:00+00:00, run_after=2022-08-04T00:00:00+00:00
[2022-08-04 00:01:23,546] {processor.py:161} INFO - Processing /home/airflow/.local/lib/python3.7/site-packages/airflow/example_dags/example_branch_datetime_operator.py took 0.405 seconds
[2022-08-04 00:01:53,931] {processor.py:153} INFO - Started process (PID=22534) to work on /home/airflow/.local/lib/python3.7/site-packages/airflow/example_dags/example_branch_datetime_operator.py
[2022-08-04 00:01:53,937] {processor.py:641} INFO - Processing file /home/airflow/.local/lib/python3.7/site-packages/airflow/example_dags/example_branch_datetime_operator.py for tasks to queue
[2022-08-04 00:01:53,944] {logging_mixin.py:115} INFO - [2022-08-04 00:01:53,944] {dagbag.py:508} INFO - Filling up the DagBag from /home/airflow/.local/lib/python3.7/site-packages/airflow/example_dags/example_branch_datetime_operator.py
[2022-08-04 00:01:53,965] {processor.py:651} INFO - DAG(s) dict_keys(['example_branch_datetime_operator', 'example_branch_datetime_operator_2']) retrieved from /home/airflow/.local/lib/python3.7/site-packages/airflow/example_dags/example_branch_datetime_operator.py
[2022-08-04 00:01:54,021] {logging_mixin.py:115} INFO - [2022-08-04 00:01:54,021] {dag.py:2420} INFO - Sync 2 DAGs
[2022-08-04 00:01:54,087] {logging_mixin.py:115} INFO - [2022-08-04 00:01:54,087] {dag.py:2972} INFO - Setting next_dagrun for example_branch_datetime_operator to 2022-08-03T00:00:00+00:00, run_after=2022-08-04T00:00:00+00:00
[2022-08-04 00:01:54,111] {logging_mixin.py:115} INFO - [2022-08-04 00:01:54,110] {dag.py:2972} INFO - Setting next_dagrun for example_branch_datetime_operator_2 to 2022-08-03T00:00:00+00:00, run_after=2022-08-04T00:00:00+00:00
[2022-08-04 00:01:54,144] {processor.py:161} INFO - Processing /home/airflow/.local/lib/python3.7/site-packages/airflow/example_dags/example_branch_datetime_operator.py took 0.218 seconds
[2022-08-04 00:02:24,647] {processor.py:153} INFO - Started process (PID=22597) to work on /home/airflow/.local/lib/python3.7/site-packages/airflow/example_dags/example_branch_datetime_operator.py
[2022-08-04 00:02:24,658] {processor.py:641} INFO - Processing file /home/airflow/.local/lib/python3.7/site-packages/airflow/example_dags/example_branch_datetime_operator.py for tasks to queue
[2022-08-04 00:02:24,674] {logging_mixin.py:115} INFO - [2022-08-04 00:02:24,674] {dagbag.py:508} INFO - Filling up the DagBag from /home/airflow/.local/lib/python3.7/site-packages/airflow/example_dags/example_branch_datetime_operator.py
[2022-08-04 00:02:24,706] {processor.py:651} INFO - DAG(s) dict_keys(['example_branch_datetime_operator', 'example_branch_datetime_operator_2']) retrieved from /home/airflow/.local/lib/python3.7/site-packages/airflow/example_dags/example_branch_datetime_operator.py
[2022-08-04 00:02:24,795] {logging_mixin.py:115} INFO - [2022-08-04 00:02:24,794] {dag.py:2420} INFO - Sync 2 DAGs
[2022-08-04 00:02:24,857] {logging_mixin.py:115} INFO - [2022-08-04 00:02:24,857] {dag.py:2972} INFO - Setting next_dagrun for example_branch_datetime_operator to 2022-08-03T00:00:00+00:00, run_after=2022-08-04T00:00:00+00:00
[2022-08-04 00:02:24,867] {logging_mixin.py:115} INFO - [2022-08-04 00:02:24,867] {dag.py:2972} INFO - Setting next_dagrun for example_branch_datetime_operator_2 to 2022-08-03T00:00:00+00:00, run_after=2022-08-04T00:00:00+00:00
[2022-08-04 00:02:24,905] {processor.py:161} INFO - Processing /home/airflow/.local/lib/python3.7/site-packages/airflow/example_dags/example_branch_datetime_operator.py took 0.268 seconds
[2022-08-04 00:02:55,490] {processor.py:153} INFO - Started process (PID=22652) to work on /home/airflow/.local/lib/python3.7/site-packages/airflow/example_dags/example_branch_datetime_operator.py
[2022-08-04 00:02:55,496] {processor.py:641} INFO - Processing file /home/airflow/.local/lib/python3.7/site-packages/airflow/example_dags/example_branch_datetime_operator.py for tasks to queue
[2022-08-04 00:02:55,501] {logging_mixin.py:115} INFO - [2022-08-04 00:02:55,501] {dagbag.py:508} INFO - Filling up the DagBag from /home/airflow/.local/lib/python3.7/site-packages/airflow/example_dags/example_branch_datetime_operator.py
[2022-08-04 00:02:55,525] {processor.py:651} INFO - DAG(s) dict_keys(['example_branch_datetime_operator', 'example_branch_datetime_operator_2']) retrieved from /home/airflow/.local/lib/python3.7/site-packages/airflow/example_dags/example_branch_datetime_operator.py
[2022-08-04 00:02:55,586] {logging_mixin.py:115} INFO - [2022-08-04 00:02:55,586] {dag.py:2420} INFO - Sync 2 DAGs
[2022-08-04 00:02:55,625] {logging_mixin.py:115} INFO - [2022-08-04 00:02:55,625] {dag.py:2972} INFO - Setting next_dagrun for example_branch_datetime_operator to 2022-08-03T00:00:00+00:00, run_after=2022-08-04T00:00:00+00:00
[2022-08-04 00:02:55,631] {logging_mixin.py:115} INFO - [2022-08-04 00:02:55,631] {dag.py:2972} INFO - Setting next_dagrun for example_branch_datetime_operator_2 to 2022-08-03T00:00:00+00:00, run_after=2022-08-04T00:00:00+00:00
[2022-08-04 00:02:55,656] {processor.py:161} INFO - Processing /home/airflow/.local/lib/python3.7/site-packages/airflow/example_dags/example_branch_datetime_operator.py took 0.172 seconds
[2022-08-04 00:03:26,278] {processor.py:153} INFO - Started process (PID=22715) to work on /home/airflow/.local/lib/python3.7/site-packages/airflow/example_dags/example_branch_datetime_operator.py
[2022-08-04 00:03:26,284] {processor.py:641} INFO - Processing file /home/airflow/.local/lib/python3.7/site-packages/airflow/example_dags/example_branch_datetime_operator.py for tasks to queue
[2022-08-04 00:03:26,301] {logging_mixin.py:115} INFO - [2022-08-04 00:03:26,301] {dagbag.py:508} INFO - Filling up the DagBag from /home/airflow/.local/lib/python3.7/site-packages/airflow/example_dags/example_branch_datetime_operator.py
[2022-08-04 00:03:26,372] {processor.py:651} INFO - DAG(s) dict_keys(['example_branch_datetime_operator', 'example_branch_datetime_operator_2']) retrieved from /home/airflow/.local/lib/python3.7/site-packages/airflow/example_dags/example_branch_datetime_operator.py
[2022-08-04 00:03:26,440] {logging_mixin.py:115} INFO - [2022-08-04 00:03:26,440] {dag.py:2420} INFO - Sync 2 DAGs
[2022-08-04 00:03:26,487] {logging_mixin.py:115} INFO - [2022-08-04 00:03:26,487] {dag.py:2972} INFO - Setting next_dagrun for example_branch_datetime_operator to 2022-08-03T00:00:00+00:00, run_after=2022-08-04T00:00:00+00:00
[2022-08-04 00:03:26,500] {logging_mixin.py:115} INFO - [2022-08-04 00:03:26,500] {dag.py:2972} INFO - Setting next_dagrun for example_branch_datetime_operator_2 to 2022-08-03T00:00:00+00:00, run_after=2022-08-04T00:00:00+00:00
[2022-08-04 00:03:26,555] {processor.py:161} INFO - Processing /home/airflow/.local/lib/python3.7/site-packages/airflow/example_dags/example_branch_datetime_operator.py took 0.284 seconds
[2022-08-04 00:03:56,916] {processor.py:153} INFO - Started process (PID=22770) to work on /home/airflow/.local/lib/python3.7/site-packages/airflow/example_dags/example_branch_datetime_operator.py
[2022-08-04 00:03:56,922] {processor.py:641} INFO - Processing file /home/airflow/.local/lib/python3.7/site-packages/airflow/example_dags/example_branch_datetime_operator.py for tasks to queue
[2022-08-04 00:03:56,925] {logging_mixin.py:115} INFO - [2022-08-04 00:03:56,925] {dagbag.py:508} INFO - Filling up the DagBag from /home/airflow/.local/lib/python3.7/site-packages/airflow/example_dags/example_branch_datetime_operator.py
[2022-08-04 00:03:56,938] {processor.py:651} INFO - DAG(s) dict_keys(['example_branch_datetime_operator', 'example_branch_datetime_operator_2']) retrieved from /home/airflow/.local/lib/python3.7/site-packages/airflow/example_dags/example_branch_datetime_operator.py
[2022-08-04 00:03:56,988] {logging_mixin.py:115} INFO - [2022-08-04 00:03:56,988] {dag.py:2420} INFO - Sync 2 DAGs
[2022-08-04 00:03:57,017] {logging_mixin.py:115} INFO - [2022-08-04 00:03:57,017] {dag.py:2972} INFO - Setting next_dagrun for example_branch_datetime_operator to 2022-08-03T00:00:00+00:00, run_after=2022-08-04T00:00:00+00:00
[2022-08-04 00:03:57,023] {logging_mixin.py:115} INFO - [2022-08-04 00:03:57,023] {dag.py:2972} INFO - Setting next_dagrun for example_branch_datetime_operator_2 to 2022-08-03T00:00:00+00:00, run_after=2022-08-04T00:00:00+00:00
[2022-08-04 00:03:57,047] {processor.py:161} INFO - Processing /home/airflow/.local/lib/python3.7/site-packages/airflow/example_dags/example_branch_datetime_operator.py took 0.136 seconds
[2022-08-04 00:04:27,509] {processor.py:153} INFO - Started process (PID=22822) to work on /home/airflow/.local/lib/python3.7/site-packages/airflow/example_dags/example_branch_datetime_operator.py
[2022-08-04 00:04:27,522] {processor.py:641} INFO - Processing file /home/airflow/.local/lib/python3.7/site-packages/airflow/example_dags/example_branch_datetime_operator.py for tasks to queue
[2022-08-04 00:04:27,529] {logging_mixin.py:115} INFO - [2022-08-04 00:04:27,529] {dagbag.py:508} INFO - Filling up the DagBag from /home/airflow/.local/lib/python3.7/site-packages/airflow/example_dags/example_branch_datetime_operator.py
[2022-08-04 00:04:27,562] {processor.py:651} INFO - DAG(s) dict_keys(['example_branch_datetime_operator', 'example_branch_datetime_operator_2']) retrieved from /home/airflow/.local/lib/python3.7/site-packages/airflow/example_dags/example_branch_datetime_operator.py
[2022-08-04 00:04:27,710] {logging_mixin.py:115} INFO - [2022-08-04 00:04:27,704] {dag.py:2420} INFO - Sync 2 DAGs
[2022-08-04 00:04:27,785] {logging_mixin.py:115} INFO - [2022-08-04 00:04:27,782] {dag.py:2972} INFO - Setting next_dagrun for example_branch_datetime_operator to 2022-08-03T00:00:00+00:00, run_after=2022-08-04T00:00:00+00:00
[2022-08-04 00:04:27,798] {logging_mixin.py:115} INFO - [2022-08-04 00:04:27,797] {dag.py:2972} INFO - Setting next_dagrun for example_branch_datetime_operator_2 to 2022-08-03T00:00:00+00:00, run_after=2022-08-04T00:00:00+00:00
[2022-08-04 00:04:27,861] {processor.py:161} INFO - Processing /home/airflow/.local/lib/python3.7/site-packages/airflow/example_dags/example_branch_datetime_operator.py took 0.360 seconds
[2022-08-04 00:04:58,200] {processor.py:153} INFO - Started process (PID=22885) to work on /home/airflow/.local/lib/python3.7/site-packages/airflow/example_dags/example_branch_datetime_operator.py
[2022-08-04 00:04:58,206] {processor.py:641} INFO - Processing file /home/airflow/.local/lib/python3.7/site-packages/airflow/example_dags/example_branch_datetime_operator.py for tasks to queue
[2022-08-04 00:04:58,211] {logging_mixin.py:115} INFO - [2022-08-04 00:04:58,211] {dagbag.py:508} INFO - Filling up the DagBag from /home/airflow/.local/lib/python3.7/site-packages/airflow/example_dags/example_branch_datetime_operator.py
[2022-08-04 00:04:58,227] {processor.py:651} INFO - DAG(s) dict_keys(['example_branch_datetime_operator', 'example_branch_datetime_operator_2']) retrieved from /home/airflow/.local/lib/python3.7/site-packages/airflow/example_dags/example_branch_datetime_operator.py
[2022-08-04 00:04:58,273] {logging_mixin.py:115} INFO - [2022-08-04 00:04:58,273] {dag.py:2420} INFO - Sync 2 DAGs
[2022-08-04 00:04:58,304] {logging_mixin.py:115} INFO - [2022-08-04 00:04:58,304] {dag.py:2972} INFO - Setting next_dagrun for example_branch_datetime_operator to 2022-08-03T00:00:00+00:00, run_after=2022-08-04T00:00:00+00:00
[2022-08-04 00:04:58,308] {logging_mixin.py:115} INFO - [2022-08-04 00:04:58,308] {dag.py:2972} INFO - Setting next_dagrun for example_branch_datetime_operator_2 to 2022-08-03T00:00:00+00:00, run_after=2022-08-04T00:00:00+00:00
[2022-08-04 00:04:58,324] {processor.py:161} INFO - Processing /home/airflow/.local/lib/python3.7/site-packages/airflow/example_dags/example_branch_datetime_operator.py took 0.131 seconds
[2022-08-04 00:05:29,236] {processor.py:153} INFO - Started process (PID=22939) to work on /home/airflow/.local/lib/python3.7/site-packages/airflow/example_dags/example_branch_datetime_operator.py
[2022-08-04 00:05:29,249] {processor.py:641} INFO - Processing file /home/airflow/.local/lib/python3.7/site-packages/airflow/example_dags/example_branch_datetime_operator.py for tasks to queue
[2022-08-04 00:05:29,251] {logging_mixin.py:115} INFO - [2022-08-04 00:05:29,251] {dagbag.py:508} INFO - Filling up the DagBag from /home/airflow/.local/lib/python3.7/site-packages/airflow/example_dags/example_branch_datetime_operator.py
[2022-08-04 00:05:29,276] {processor.py:651} INFO - DAG(s) dict_keys(['example_branch_datetime_operator', 'example_branch_datetime_operator_2']) retrieved from /home/airflow/.local/lib/python3.7/site-packages/airflow/example_dags/example_branch_datetime_operator.py
[2022-08-04 00:05:29,342] {logging_mixin.py:115} INFO - [2022-08-04 00:05:29,341] {dag.py:2420} INFO - Sync 2 DAGs
[2022-08-04 00:05:29,375] {logging_mixin.py:115} INFO - [2022-08-04 00:05:29,375] {dag.py:2972} INFO - Setting next_dagrun for example_branch_datetime_operator to 2022-08-03T00:00:00+00:00, run_after=2022-08-04T00:00:00+00:00
[2022-08-04 00:05:29,380] {logging_mixin.py:115} INFO - [2022-08-04 00:05:29,380] {dag.py:2972} INFO - Setting next_dagrun for example_branch_datetime_operator_2 to 2022-08-03T00:00:00+00:00, run_after=2022-08-04T00:00:00+00:00
[2022-08-04 00:05:29,405] {processor.py:161} INFO - Processing /home/airflow/.local/lib/python3.7/site-packages/airflow/example_dags/example_branch_datetime_operator.py took 0.173 seconds
[2022-08-04 00:05:59,635] {processor.py:153} INFO - Started process (PID=23003) to work on /home/airflow/.local/lib/python3.7/site-packages/airflow/example_dags/example_branch_datetime_operator.py
[2022-08-04 00:05:59,638] {processor.py:641} INFO - Processing file /home/airflow/.local/lib/python3.7/site-packages/airflow/example_dags/example_branch_datetime_operator.py for tasks to queue
[2022-08-04 00:05:59,652] {logging_mixin.py:115} INFO - [2022-08-04 00:05:59,652] {dagbag.py:508} INFO - Filling up the DagBag from /home/airflow/.local/lib/python3.7/site-packages/airflow/example_dags/example_branch_datetime_operator.py
[2022-08-04 00:05:59,673] {processor.py:651} INFO - DAG(s) dict_keys(['example_branch_datetime_operator', 'example_branch_datetime_operator_2']) retrieved from /home/airflow/.local/lib/python3.7/site-packages/airflow/example_dags/example_branch_datetime_operator.py
[2022-08-04 00:05:59,746] {logging_mixin.py:115} INFO - [2022-08-04 00:05:59,745] {dag.py:2420} INFO - Sync 2 DAGs
[2022-08-04 00:05:59,792] {logging_mixin.py:115} INFO - [2022-08-04 00:05:59,791] {dag.py:2972} INFO - Setting next_dagrun for example_branch_datetime_operator to 2022-08-03T00:00:00+00:00, run_after=2022-08-04T00:00:00+00:00
[2022-08-04 00:05:59,797] {logging_mixin.py:115} INFO - [2022-08-04 00:05:59,796] {dag.py:2972} INFO - Setting next_dagrun for example_branch_datetime_operator_2 to 2022-08-03T00:00:00+00:00, run_after=2022-08-04T00:00:00+00:00
[2022-08-04 00:05:59,822] {processor.py:161} INFO - Processing /home/airflow/.local/lib/python3.7/site-packages/airflow/example_dags/example_branch_datetime_operator.py took 0.194 seconds
[2022-08-04 00:06:30,143] {processor.py:153} INFO - Started process (PID=23056) to work on /home/airflow/.local/lib/python3.7/site-packages/airflow/example_dags/example_branch_datetime_operator.py
[2022-08-04 00:06:30,149] {processor.py:641} INFO - Processing file /home/airflow/.local/lib/python3.7/site-packages/airflow/example_dags/example_branch_datetime_operator.py for tasks to queue
[2022-08-04 00:06:30,154] {logging_mixin.py:115} INFO - [2022-08-04 00:06:30,154] {dagbag.py:508} INFO - Filling up the DagBag from /home/airflow/.local/lib/python3.7/site-packages/airflow/example_dags/example_branch_datetime_operator.py
[2022-08-04 00:06:30,174] {processor.py:651} INFO - DAG(s) dict_keys(['example_branch_datetime_operator', 'example_branch_datetime_operator_2']) retrieved from /home/airflow/.local/lib/python3.7/site-packages/airflow/example_dags/example_branch_datetime_operator.py
[2022-08-04 00:06:30,234] {logging_mixin.py:115} INFO - [2022-08-04 00:06:30,234] {dag.py:2420} INFO - Sync 2 DAGs
[2022-08-04 00:06:30,266] {logging_mixin.py:115} INFO - [2022-08-04 00:06:30,266] {dag.py:2972} INFO - Setting next_dagrun for example_branch_datetime_operator to 2022-08-03T00:00:00+00:00, run_after=2022-08-04T00:00:00+00:00
[2022-08-04 00:06:30,271] {logging_mixin.py:115} INFO - [2022-08-04 00:06:30,271] {dag.py:2972} INFO - Setting next_dagrun for example_branch_datetime_operator_2 to 2022-08-03T00:00:00+00:00, run_after=2022-08-04T00:00:00+00:00
[2022-08-04 00:06:30,293] {processor.py:161} INFO - Processing /home/airflow/.local/lib/python3.7/site-packages/airflow/example_dags/example_branch_datetime_operator.py took 0.157 seconds
[2022-08-04 00:07:00,770] {processor.py:153} INFO - Started process (PID=23121) to work on /home/airflow/.local/lib/python3.7/site-packages/airflow/example_dags/example_branch_datetime_operator.py
[2022-08-04 00:07:00,776] {processor.py:641} INFO - Processing file /home/airflow/.local/lib/python3.7/site-packages/airflow/example_dags/example_branch_datetime_operator.py for tasks to queue
[2022-08-04 00:07:00,781] {logging_mixin.py:115} INFO - [2022-08-04 00:07:00,781] {dagbag.py:508} INFO - Filling up the DagBag from /home/airflow/.local/lib/python3.7/site-packages/airflow/example_dags/example_branch_datetime_operator.py
[2022-08-04 00:07:00,792] {processor.py:651} INFO - DAG(s) dict_keys(['example_branch_datetime_operator', 'example_branch_datetime_operator_2']) retrieved from /home/airflow/.local/lib/python3.7/site-packages/airflow/example_dags/example_branch_datetime_operator.py
[2022-08-04 00:07:00,845] {logging_mixin.py:115} INFO - [2022-08-04 00:07:00,845] {dag.py:2420} INFO - Sync 2 DAGs
[2022-08-04 00:07:00,881] {logging_mixin.py:115} INFO - [2022-08-04 00:07:00,881] {dag.py:2972} INFO - Setting next_dagrun for example_branch_datetime_operator to 2022-08-03T00:00:00+00:00, run_after=2022-08-04T00:00:00+00:00
[2022-08-04 00:07:00,892] {logging_mixin.py:115} INFO - [2022-08-04 00:07:00,892] {dag.py:2972} INFO - Setting next_dagrun for example_branch_datetime_operator_2 to 2022-08-03T00:00:00+00:00, run_after=2022-08-04T00:00:00+00:00
[2022-08-04 00:07:00,943] {processor.py:161} INFO - Processing /home/airflow/.local/lib/python3.7/site-packages/airflow/example_dags/example_branch_datetime_operator.py took 0.180 seconds
[2022-08-04 00:07:31,458] {processor.py:153} INFO - Started process (PID=23184) to work on /home/airflow/.local/lib/python3.7/site-packages/airflow/example_dags/example_branch_datetime_operator.py
[2022-08-04 00:07:31,472] {processor.py:641} INFO - Processing file /home/airflow/.local/lib/python3.7/site-packages/airflow/example_dags/example_branch_datetime_operator.py for tasks to queue
[2022-08-04 00:07:31,491] {logging_mixin.py:115} INFO - [2022-08-04 00:07:31,490] {dagbag.py:508} INFO - Filling up the DagBag from /home/airflow/.local/lib/python3.7/site-packages/airflow/example_dags/example_branch_datetime_operator.py
[2022-08-04 00:07:31,522] {processor.py:651} INFO - DAG(s) dict_keys(['example_branch_datetime_operator', 'example_branch_datetime_operator_2']) retrieved from /home/airflow/.local/lib/python3.7/site-packages/airflow/example_dags/example_branch_datetime_operator.py
[2022-08-04 00:07:31,601] {logging_mixin.py:115} INFO - [2022-08-04 00:07:31,601] {dag.py:2420} INFO - Sync 2 DAGs
[2022-08-04 00:07:31,667] {logging_mixin.py:115} INFO - [2022-08-04 00:07:31,666] {dag.py:2972} INFO - Setting next_dagrun for example_branch_datetime_operator to 2022-08-03T00:00:00+00:00, run_after=2022-08-04T00:00:00+00:00
[2022-08-04 00:07:31,676] {logging_mixin.py:115} INFO - [2022-08-04 00:07:31,676] {dag.py:2972} INFO - Setting next_dagrun for example_branch_datetime_operator_2 to 2022-08-03T00:00:00+00:00, run_after=2022-08-04T00:00:00+00:00
[2022-08-04 00:07:31,859] {processor.py:161} INFO - Processing /home/airflow/.local/lib/python3.7/site-packages/airflow/example_dags/example_branch_datetime_operator.py took 0.412 seconds
[2022-08-04 00:08:02,005] {processor.py:153} INFO - Started process (PID=23239) to work on /home/airflow/.local/lib/python3.7/site-packages/airflow/example_dags/example_branch_datetime_operator.py
[2022-08-04 00:08:02,010] {processor.py:641} INFO - Processing file /home/airflow/.local/lib/python3.7/site-packages/airflow/example_dags/example_branch_datetime_operator.py for tasks to queue
[2022-08-04 00:08:02,014] {logging_mixin.py:115} INFO - [2022-08-04 00:08:02,014] {dagbag.py:508} INFO - Filling up the DagBag from /home/airflow/.local/lib/python3.7/site-packages/airflow/example_dags/example_branch_datetime_operator.py
[2022-08-04 00:08:02,033] {processor.py:651} INFO - DAG(s) dict_keys(['example_branch_datetime_operator', 'example_branch_datetime_operator_2']) retrieved from /home/airflow/.local/lib/python3.7/site-packages/airflow/example_dags/example_branch_datetime_operator.py
[2022-08-04 00:08:02,131] {logging_mixin.py:115} INFO - [2022-08-04 00:08:02,129] {dag.py:2420} INFO - Sync 2 DAGs
[2022-08-04 00:08:02,190] {logging_mixin.py:115} INFO - [2022-08-04 00:08:02,190] {dag.py:2972} INFO - Setting next_dagrun for example_branch_datetime_operator to 2022-08-03T00:00:00+00:00, run_after=2022-08-04T00:00:00+00:00
[2022-08-04 00:08:02,199] {logging_mixin.py:115} INFO - [2022-08-04 00:08:02,199] {dag.py:2972} INFO - Setting next_dagrun for example_branch_datetime_operator_2 to 2022-08-03T00:00:00+00:00, run_after=2022-08-04T00:00:00+00:00
[2022-08-04 00:08:02,246] {processor.py:161} INFO - Processing /home/airflow/.local/lib/python3.7/site-packages/airflow/example_dags/example_branch_datetime_operator.py took 0.249 seconds
[2022-08-04 00:08:32,619] {processor.py:153} INFO - Started process (PID=23301) to work on /home/airflow/.local/lib/python3.7/site-packages/airflow/example_dags/example_branch_datetime_operator.py
[2022-08-04 00:08:32,623] {processor.py:641} INFO - Processing file /home/airflow/.local/lib/python3.7/site-packages/airflow/example_dags/example_branch_datetime_operator.py for tasks to queue
[2022-08-04 00:08:32,629] {logging_mixin.py:115} INFO - [2022-08-04 00:08:32,629] {dagbag.py:508} INFO - Filling up the DagBag from /home/airflow/.local/lib/python3.7/site-packages/airflow/example_dags/example_branch_datetime_operator.py
[2022-08-04 00:08:32,655] {processor.py:651} INFO - DAG(s) dict_keys(['example_branch_datetime_operator', 'example_branch_datetime_operator_2']) retrieved from /home/airflow/.local/lib/python3.7/site-packages/airflow/example_dags/example_branch_datetime_operator.py
[2022-08-04 00:08:32,790] {logging_mixin.py:115} INFO - [2022-08-04 00:08:32,790] {dag.py:2420} INFO - Sync 2 DAGs
[2022-08-04 00:08:32,847] {logging_mixin.py:115} INFO - [2022-08-04 00:08:32,846] {dag.py:2972} INFO - Setting next_dagrun for example_branch_datetime_operator to 2022-08-03T00:00:00+00:00, run_after=2022-08-04T00:00:00+00:00
[2022-08-04 00:08:32,869] {logging_mixin.py:115} INFO - [2022-08-04 00:08:32,869] {dag.py:2972} INFO - Setting next_dagrun for example_branch_datetime_operator_2 to 2022-08-03T00:00:00+00:00, run_after=2022-08-04T00:00:00+00:00
[2022-08-04 00:08:32,904] {processor.py:161} INFO - Processing /home/airflow/.local/lib/python3.7/site-packages/airflow/example_dags/example_branch_datetime_operator.py took 0.290 seconds
[2022-08-04 00:09:03,211] {processor.py:153} INFO - Started process (PID=23355) to work on /home/airflow/.local/lib/python3.7/site-packages/airflow/example_dags/example_branch_datetime_operator.py
[2022-08-04 00:09:03,217] {processor.py:641} INFO - Processing file /home/airflow/.local/lib/python3.7/site-packages/airflow/example_dags/example_branch_datetime_operator.py for tasks to queue
[2022-08-04 00:09:03,226] {logging_mixin.py:115} INFO - [2022-08-04 00:09:03,226] {dagbag.py:508} INFO - Filling up the DagBag from /home/airflow/.local/lib/python3.7/site-packages/airflow/example_dags/example_branch_datetime_operator.py
[2022-08-04 00:09:03,253] {processor.py:651} INFO - DAG(s) dict_keys(['example_branch_datetime_operator', 'example_branch_datetime_operator_2']) retrieved from /home/airflow/.local/lib/python3.7/site-packages/airflow/example_dags/example_branch_datetime_operator.py
[2022-08-04 00:09:03,327] {logging_mixin.py:115} INFO - [2022-08-04 00:09:03,326] {dag.py:2420} INFO - Sync 2 DAGs
[2022-08-04 00:09:03,372] {logging_mixin.py:115} INFO - [2022-08-04 00:09:03,372] {dag.py:2972} INFO - Setting next_dagrun for example_branch_datetime_operator to 2022-08-03T00:00:00+00:00, run_after=2022-08-04T00:00:00+00:00
[2022-08-04 00:09:03,385] {logging_mixin.py:115} INFO - [2022-08-04 00:09:03,385] {dag.py:2972} INFO - Setting next_dagrun for example_branch_datetime_operator_2 to 2022-08-03T00:00:00+00:00, run_after=2022-08-04T00:00:00+00:00
[2022-08-04 00:09:03,438] {processor.py:161} INFO - Processing /home/airflow/.local/lib/python3.7/site-packages/airflow/example_dags/example_branch_datetime_operator.py took 0.233 seconds
[2022-08-04 00:09:33,574] {processor.py:153} INFO - Started process (PID=23421) to work on /home/airflow/.local/lib/python3.7/site-packages/airflow/example_dags/example_branch_datetime_operator.py
[2022-08-04 00:09:33,578] {processor.py:641} INFO - Processing file /home/airflow/.local/lib/python3.7/site-packages/airflow/example_dags/example_branch_datetime_operator.py for tasks to queue
[2022-08-04 00:09:33,582] {logging_mixin.py:115} INFO - [2022-08-04 00:09:33,582] {dagbag.py:508} INFO - Filling up the DagBag from /home/airflow/.local/lib/python3.7/site-packages/airflow/example_dags/example_branch_datetime_operator.py
[2022-08-04 00:09:33,599] {processor.py:651} INFO - DAG(s) dict_keys(['example_branch_datetime_operator', 'example_branch_datetime_operator_2']) retrieved from /home/airflow/.local/lib/python3.7/site-packages/airflow/example_dags/example_branch_datetime_operator.py
[2022-08-04 00:09:33,645] {logging_mixin.py:115} INFO - [2022-08-04 00:09:33,645] {dag.py:2420} INFO - Sync 2 DAGs
[2022-08-04 00:09:33,684] {logging_mixin.py:115} INFO - [2022-08-04 00:09:33,683] {dag.py:2972} INFO - Setting next_dagrun for example_branch_datetime_operator to 2022-08-03T00:00:00+00:00, run_after=2022-08-04T00:00:00+00:00
[2022-08-04 00:09:33,690] {logging_mixin.py:115} INFO - [2022-08-04 00:09:33,690] {dag.py:2972} INFO - Setting next_dagrun for example_branch_datetime_operator_2 to 2022-08-03T00:00:00+00:00, run_after=2022-08-04T00:00:00+00:00
[2022-08-04 00:09:33,713] {processor.py:161} INFO - Processing /home/airflow/.local/lib/python3.7/site-packages/airflow/example_dags/example_branch_datetime_operator.py took 0.144 seconds
[2022-08-04 00:10:12,205] {processor.py:153} INFO - Started process (PID=23477) to work on /home/airflow/.local/lib/python3.7/site-packages/airflow/example_dags/example_branch_datetime_operator.py
[2022-08-04 00:10:12,214] {processor.py:641} INFO - Processing file /home/airflow/.local/lib/python3.7/site-packages/airflow/example_dags/example_branch_datetime_operator.py for tasks to queue
[2022-08-04 00:10:12,224] {logging_mixin.py:115} INFO - [2022-08-04 00:10:12,224] {dagbag.py:508} INFO - Filling up the DagBag from /home/airflow/.local/lib/python3.7/site-packages/airflow/example_dags/example_branch_datetime_operator.py
[2022-08-04 00:10:12,253] {processor.py:651} INFO - DAG(s) dict_keys(['example_branch_datetime_operator', 'example_branch_datetime_operator_2']) retrieved from /home/airflow/.local/lib/python3.7/site-packages/airflow/example_dags/example_branch_datetime_operator.py
[2022-08-04 00:10:12,317] {logging_mixin.py:115} INFO - [2022-08-04 00:10:12,317] {dag.py:2420} INFO - Sync 2 DAGs
[2022-08-04 00:10:12,357] {logging_mixin.py:115} INFO - [2022-08-04 00:10:12,357] {dag.py:2972} INFO - Setting next_dagrun for example_branch_datetime_operator to 2022-08-03T00:00:00+00:00, run_after=2022-08-04T00:00:00+00:00
[2022-08-04 00:10:12,365] {logging_mixin.py:115} INFO - [2022-08-04 00:10:12,365] {dag.py:2972} INFO - Setting next_dagrun for example_branch_datetime_operator_2 to 2022-08-03T00:00:00+00:00, run_after=2022-08-04T00:00:00+00:00
[2022-08-04 00:10:12,399] {processor.py:161} INFO - Processing /home/airflow/.local/lib/python3.7/site-packages/airflow/example_dags/example_branch_datetime_operator.py took 0.206 seconds
[2022-08-04 00:11:09,976] {processor.py:153} INFO - Started process (PID=23542) to work on /home/airflow/.local/lib/python3.7/site-packages/airflow/example_dags/example_branch_datetime_operator.py
[2022-08-04 00:11:09,983] {processor.py:641} INFO - Processing file /home/airflow/.local/lib/python3.7/site-packages/airflow/example_dags/example_branch_datetime_operator.py for tasks to queue
[2022-08-04 00:11:09,986] {logging_mixin.py:115} INFO - [2022-08-04 00:11:09,986] {dagbag.py:508} INFO - Filling up the DagBag from /home/airflow/.local/lib/python3.7/site-packages/airflow/example_dags/example_branch_datetime_operator.py
[2022-08-04 00:11:10,007] {processor.py:651} INFO - DAG(s) dict_keys(['example_branch_datetime_operator', 'example_branch_datetime_operator_2']) retrieved from /home/airflow/.local/lib/python3.7/site-packages/airflow/example_dags/example_branch_datetime_operator.py
[2022-08-04 00:11:10,064] {logging_mixin.py:115} INFO - [2022-08-04 00:11:10,064] {dag.py:2420} INFO - Sync 2 DAGs
[2022-08-04 00:11:10,100] {logging_mixin.py:115} INFO - [2022-08-04 00:11:10,099] {dag.py:2972} INFO - Setting next_dagrun for example_branch_datetime_operator to 2022-08-03T00:00:00+00:00, run_after=2022-08-04T00:00:00+00:00
[2022-08-04 00:11:10,108] {logging_mixin.py:115} INFO - [2022-08-04 00:11:10,108] {dag.py:2972} INFO - Setting next_dagrun for example_branch_datetime_operator_2 to 2022-08-03T00:00:00+00:00, run_after=2022-08-04T00:00:00+00:00
[2022-08-04 00:11:10,131] {processor.py:161} INFO - Processing /home/airflow/.local/lib/python3.7/site-packages/airflow/example_dags/example_branch_datetime_operator.py took 0.163 seconds
[2022-08-04 00:11:40,367] {processor.py:153} INFO - Started process (PID=23605) to work on /home/airflow/.local/lib/python3.7/site-packages/airflow/example_dags/example_branch_datetime_operator.py
[2022-08-04 00:11:40,370] {processor.py:641} INFO - Processing file /home/airflow/.local/lib/python3.7/site-packages/airflow/example_dags/example_branch_datetime_operator.py for tasks to queue
[2022-08-04 00:11:40,374] {logging_mixin.py:115} INFO - [2022-08-04 00:11:40,374] {dagbag.py:508} INFO - Filling up the DagBag from /home/airflow/.local/lib/python3.7/site-packages/airflow/example_dags/example_branch_datetime_operator.py
[2022-08-04 00:11:40,400] {processor.py:651} INFO - DAG(s) dict_keys(['example_branch_datetime_operator', 'example_branch_datetime_operator_2']) retrieved from /home/airflow/.local/lib/python3.7/site-packages/airflow/example_dags/example_branch_datetime_operator.py
[2022-08-04 00:11:40,502] {logging_mixin.py:115} INFO - [2022-08-04 00:11:40,502] {dag.py:2420} INFO - Sync 2 DAGs
[2022-08-04 00:11:40,556] {logging_mixin.py:115} INFO - [2022-08-04 00:11:40,555] {dag.py:2972} INFO - Setting next_dagrun for example_branch_datetime_operator to 2022-08-03T00:00:00+00:00, run_after=2022-08-04T00:00:00+00:00
[2022-08-04 00:11:40,569] {logging_mixin.py:115} INFO - [2022-08-04 00:11:40,568] {dag.py:2972} INFO - Setting next_dagrun for example_branch_datetime_operator_2 to 2022-08-03T00:00:00+00:00, run_after=2022-08-04T00:00:00+00:00
[2022-08-04 00:11:40,618] {processor.py:161} INFO - Processing /home/airflow/.local/lib/python3.7/site-packages/airflow/example_dags/example_branch_datetime_operator.py took 0.256 seconds
[2022-08-04 00:14:59,619] {processor.py:153} INFO - Started process (PID=23659) to work on /home/airflow/.local/lib/python3.7/site-packages/airflow/example_dags/example_branch_datetime_operator.py
[2022-08-04 00:14:59,628] {processor.py:641} INFO - Processing file /home/airflow/.local/lib/python3.7/site-packages/airflow/example_dags/example_branch_datetime_operator.py for tasks to queue
[2022-08-04 00:14:59,636] {logging_mixin.py:115} INFO - [2022-08-04 00:14:59,636] {dagbag.py:508} INFO - Filling up the DagBag from /home/airflow/.local/lib/python3.7/site-packages/airflow/example_dags/example_branch_datetime_operator.py
[2022-08-04 00:14:59,693] {processor.py:651} INFO - DAG(s) dict_keys(['example_branch_datetime_operator', 'example_branch_datetime_operator_2']) retrieved from /home/airflow/.local/lib/python3.7/site-packages/airflow/example_dags/example_branch_datetime_operator.py
[2022-08-04 00:14:59,789] {logging_mixin.py:115} INFO - [2022-08-04 00:14:59,789] {dag.py:2420} INFO - Sync 2 DAGs
[2022-08-04 00:14:59,843] {logging_mixin.py:115} INFO - [2022-08-04 00:14:59,843] {dag.py:2972} INFO - Setting next_dagrun for example_branch_datetime_operator to 2022-08-03T00:00:00+00:00, run_after=2022-08-04T00:00:00+00:00
[2022-08-04 00:14:59,857] {logging_mixin.py:115} INFO - [2022-08-04 00:14:59,857] {dag.py:2972} INFO - Setting next_dagrun for example_branch_datetime_operator_2 to 2022-08-03T00:00:00+00:00, run_after=2022-08-04T00:00:00+00:00
[2022-08-04 00:14:59,906] {processor.py:161} INFO - Processing /home/airflow/.local/lib/python3.7/site-packages/airflow/example_dags/example_branch_datetime_operator.py took 0.321 seconds
[2022-08-04 00:15:40,934] {processor.py:153} INFO - Started process (PID=23723) to work on /home/airflow/.local/lib/python3.7/site-packages/airflow/example_dags/example_branch_datetime_operator.py
[2022-08-04 00:15:40,941] {processor.py:641} INFO - Processing file /home/airflow/.local/lib/python3.7/site-packages/airflow/example_dags/example_branch_datetime_operator.py for tasks to queue
[2022-08-04 00:15:40,949] {logging_mixin.py:115} INFO - [2022-08-04 00:15:40,949] {dagbag.py:508} INFO - Filling up the DagBag from /home/airflow/.local/lib/python3.7/site-packages/airflow/example_dags/example_branch_datetime_operator.py
[2022-08-04 00:15:40,975] {processor.py:651} INFO - DAG(s) dict_keys(['example_branch_datetime_operator', 'example_branch_datetime_operator_2']) retrieved from /home/airflow/.local/lib/python3.7/site-packages/airflow/example_dags/example_branch_datetime_operator.py
[2022-08-04 00:15:41,039] {logging_mixin.py:115} INFO - [2022-08-04 00:15:41,039] {dag.py:2420} INFO - Sync 2 DAGs
[2022-08-04 00:15:41,082] {logging_mixin.py:115} INFO - [2022-08-04 00:15:41,082] {dag.py:2972} INFO - Setting next_dagrun for example_branch_datetime_operator to 2022-08-03T00:00:00+00:00, run_after=2022-08-04T00:00:00+00:00
[2022-08-04 00:15:41,092] {logging_mixin.py:115} INFO - [2022-08-04 00:15:41,091] {dag.py:2972} INFO - Setting next_dagrun for example_branch_datetime_operator_2 to 2022-08-03T00:00:00+00:00, run_after=2022-08-04T00:00:00+00:00
[2022-08-04 00:15:41,125] {processor.py:161} INFO - Processing /home/airflow/.local/lib/python3.7/site-packages/airflow/example_dags/example_branch_datetime_operator.py took 0.203 seconds
[2022-08-04 00:32:57,239] {processor.py:153} INFO - Started process (PID=23778) to work on /home/airflow/.local/lib/python3.7/site-packages/airflow/example_dags/example_branch_datetime_operator.py
[2022-08-04 00:32:57,252] {processor.py:641} INFO - Processing file /home/airflow/.local/lib/python3.7/site-packages/airflow/example_dags/example_branch_datetime_operator.py for tasks to queue
[2022-08-04 00:32:57,265] {logging_mixin.py:115} INFO - [2022-08-04 00:32:57,265] {dagbag.py:508} INFO - Filling up the DagBag from /home/airflow/.local/lib/python3.7/site-packages/airflow/example_dags/example_branch_datetime_operator.py
[2022-08-04 00:32:57,369] {processor.py:651} INFO - DAG(s) dict_keys(['example_branch_datetime_operator', 'example_branch_datetime_operator_2']) retrieved from /home/airflow/.local/lib/python3.7/site-packages/airflow/example_dags/example_branch_datetime_operator.py
[2022-08-04 00:32:57,508] {logging_mixin.py:115} INFO - [2022-08-04 00:32:57,508] {dag.py:2420} INFO - Sync 2 DAGs
[2022-08-04 00:32:57,625] {logging_mixin.py:115} INFO - [2022-08-04 00:32:57,625] {dag.py:2972} INFO - Setting next_dagrun for example_branch_datetime_operator to 2022-08-03T00:00:00+00:00, run_after=2022-08-04T00:00:00+00:00
[2022-08-04 00:32:57,689] {logging_mixin.py:115} INFO - [2022-08-04 00:32:57,689] {dag.py:2972} INFO - Setting next_dagrun for example_branch_datetime_operator_2 to 2022-08-03T00:00:00+00:00, run_after=2022-08-04T00:00:00+00:00
[2022-08-04 00:32:57,822] {processor.py:161} INFO - Processing /home/airflow/.local/lib/python3.7/site-packages/airflow/example_dags/example_branch_datetime_operator.py took 0.614 seconds
[2022-08-04 00:33:28,576] {processor.py:153} INFO - Started process (PID=23833) to work on /home/airflow/.local/lib/python3.7/site-packages/airflow/example_dags/example_branch_datetime_operator.py
[2022-08-04 00:33:28,579] {processor.py:641} INFO - Processing file /home/airflow/.local/lib/python3.7/site-packages/airflow/example_dags/example_branch_datetime_operator.py for tasks to queue
[2022-08-04 00:33:28,581] {logging_mixin.py:115} INFO - [2022-08-04 00:33:28,581] {dagbag.py:508} INFO - Filling up the DagBag from /home/airflow/.local/lib/python3.7/site-packages/airflow/example_dags/example_branch_datetime_operator.py
[2022-08-04 00:33:28,592] {processor.py:651} INFO - DAG(s) dict_keys(['example_branch_datetime_operator', 'example_branch_datetime_operator_2']) retrieved from /home/airflow/.local/lib/python3.7/site-packages/airflow/example_dags/example_branch_datetime_operator.py
[2022-08-04 00:33:28,628] {logging_mixin.py:115} INFO - [2022-08-04 00:33:28,628] {dag.py:2420} INFO - Sync 2 DAGs
[2022-08-04 00:33:28,654] {logging_mixin.py:115} INFO - [2022-08-04 00:33:28,654] {dag.py:2972} INFO - Setting next_dagrun for example_branch_datetime_operator to 2022-08-03T00:00:00+00:00, run_after=2022-08-04T00:00:00+00:00
[2022-08-04 00:33:28,657] {logging_mixin.py:115} INFO - [2022-08-04 00:33:28,657] {dag.py:2972} INFO - Setting next_dagrun for example_branch_datetime_operator_2 to 2022-08-03T00:00:00+00:00, run_after=2022-08-04T00:00:00+00:00
[2022-08-04 00:33:28,671] {processor.py:161} INFO - Processing /home/airflow/.local/lib/python3.7/site-packages/airflow/example_dags/example_branch_datetime_operator.py took 0.099 seconds
[2022-08-04 00:34:00,143] {processor.py:153} INFO - Started process (PID=23894) to work on /home/airflow/.local/lib/python3.7/site-packages/airflow/example_dags/example_branch_datetime_operator.py
[2022-08-04 00:34:00,149] {processor.py:641} INFO - Processing file /home/airflow/.local/lib/python3.7/site-packages/airflow/example_dags/example_branch_datetime_operator.py for tasks to queue
[2022-08-04 00:34:00,153] {logging_mixin.py:115} INFO - [2022-08-04 00:34:00,153] {dagbag.py:508} INFO - Filling up the DagBag from /home/airflow/.local/lib/python3.7/site-packages/airflow/example_dags/example_branch_datetime_operator.py
[2022-08-04 00:34:00,177] {processor.py:651} INFO - DAG(s) dict_keys(['example_branch_datetime_operator', 'example_branch_datetime_operator_2']) retrieved from /home/airflow/.local/lib/python3.7/site-packages/airflow/example_dags/example_branch_datetime_operator.py
[2022-08-04 00:34:00,247] {logging_mixin.py:115} INFO - [2022-08-04 00:34:00,247] {dag.py:2420} INFO - Sync 2 DAGs
[2022-08-04 00:34:00,300] {logging_mixin.py:115} INFO - [2022-08-04 00:34:00,300] {dag.py:2972} INFO - Setting next_dagrun for example_branch_datetime_operator to 2022-08-03T00:00:00+00:00, run_after=2022-08-04T00:00:00+00:00
[2022-08-04 00:34:00,310] {logging_mixin.py:115} INFO - [2022-08-04 00:34:00,309] {dag.py:2972} INFO - Setting next_dagrun for example_branch_datetime_operator_2 to 2022-08-03T00:00:00+00:00, run_after=2022-08-04T00:00:00+00:00
[2022-08-04 00:34:00,336] {processor.py:161} INFO - Processing /home/airflow/.local/lib/python3.7/site-packages/airflow/example_dags/example_branch_datetime_operator.py took 0.200 seconds
[2022-08-04 00:34:31,146] {processor.py:153} INFO - Started process (PID=23951) to work on /home/airflow/.local/lib/python3.7/site-packages/airflow/example_dags/example_branch_datetime_operator.py
[2022-08-04 00:34:31,149] {processor.py:641} INFO - Processing file /home/airflow/.local/lib/python3.7/site-packages/airflow/example_dags/example_branch_datetime_operator.py for tasks to queue
[2022-08-04 00:34:31,151] {logging_mixin.py:115} INFO - [2022-08-04 00:34:31,151] {dagbag.py:508} INFO - Filling up the DagBag from /home/airflow/.local/lib/python3.7/site-packages/airflow/example_dags/example_branch_datetime_operator.py
[2022-08-04 00:34:31,165] {processor.py:651} INFO - DAG(s) dict_keys(['example_branch_datetime_operator', 'example_branch_datetime_operator_2']) retrieved from /home/airflow/.local/lib/python3.7/site-packages/airflow/example_dags/example_branch_datetime_operator.py
[2022-08-04 00:34:31,201] {logging_mixin.py:115} INFO - [2022-08-04 00:34:31,201] {dag.py:2420} INFO - Sync 2 DAGs
[2022-08-04 00:34:31,229] {logging_mixin.py:115} INFO - [2022-08-04 00:34:31,229] {dag.py:2972} INFO - Setting next_dagrun for example_branch_datetime_operator to 2022-08-03T00:00:00+00:00, run_after=2022-08-04T00:00:00+00:00
[2022-08-04 00:34:31,232] {logging_mixin.py:115} INFO - [2022-08-04 00:34:31,232] {dag.py:2972} INFO - Setting next_dagrun for example_branch_datetime_operator_2 to 2022-08-03T00:00:00+00:00, run_after=2022-08-04T00:00:00+00:00
[2022-08-04 00:34:31,247] {processor.py:161} INFO - Processing /home/airflow/.local/lib/python3.7/site-packages/airflow/example_dags/example_branch_datetime_operator.py took 0.105 seconds
[2022-08-04 00:35:01,717] {processor.py:153} INFO - Started process (PID=24014) to work on /home/airflow/.local/lib/python3.7/site-packages/airflow/example_dags/example_branch_datetime_operator.py
[2022-08-04 00:35:01,722] {processor.py:641} INFO - Processing file /home/airflow/.local/lib/python3.7/site-packages/airflow/example_dags/example_branch_datetime_operator.py for tasks to queue
[2022-08-04 00:35:01,726] {logging_mixin.py:115} INFO - [2022-08-04 00:35:01,726] {dagbag.py:508} INFO - Filling up the DagBag from /home/airflow/.local/lib/python3.7/site-packages/airflow/example_dags/example_branch_datetime_operator.py
[2022-08-04 00:35:01,743] {processor.py:651} INFO - DAG(s) dict_keys(['example_branch_datetime_operator', 'example_branch_datetime_operator_2']) retrieved from /home/airflow/.local/lib/python3.7/site-packages/airflow/example_dags/example_branch_datetime_operator.py
[2022-08-04 00:35:01,793] {logging_mixin.py:115} INFO - [2022-08-04 00:35:01,793] {dag.py:2420} INFO - Sync 2 DAGs
[2022-08-04 00:35:01,835] {logging_mixin.py:115} INFO - [2022-08-04 00:35:01,835] {dag.py:2972} INFO - Setting next_dagrun for example_branch_datetime_operator to 2022-08-03T00:00:00+00:00, run_after=2022-08-04T00:00:00+00:00
[2022-08-04 00:35:01,838] {logging_mixin.py:115} INFO - [2022-08-04 00:35:01,838] {dag.py:2972} INFO - Setting next_dagrun for example_branch_datetime_operator_2 to 2022-08-03T00:00:00+00:00, run_after=2022-08-04T00:00:00+00:00
[2022-08-04 00:35:01,862] {processor.py:161} INFO - Processing /home/airflow/.local/lib/python3.7/site-packages/airflow/example_dags/example_branch_datetime_operator.py took 0.149 seconds
[2022-08-04 00:35:32,500] {processor.py:153} INFO - Started process (PID=24067) to work on /home/airflow/.local/lib/python3.7/site-packages/airflow/example_dags/example_branch_datetime_operator.py
[2022-08-04 00:35:32,503] {processor.py:641} INFO - Processing file /home/airflow/.local/lib/python3.7/site-packages/airflow/example_dags/example_branch_datetime_operator.py for tasks to queue
[2022-08-04 00:35:32,504] {logging_mixin.py:115} INFO - [2022-08-04 00:35:32,504] {dagbag.py:508} INFO - Filling up the DagBag from /home/airflow/.local/lib/python3.7/site-packages/airflow/example_dags/example_branch_datetime_operator.py
[2022-08-04 00:35:32,518] {processor.py:651} INFO - DAG(s) dict_keys(['example_branch_datetime_operator', 'example_branch_datetime_operator_2']) retrieved from /home/airflow/.local/lib/python3.7/site-packages/airflow/example_dags/example_branch_datetime_operator.py
[2022-08-04 00:35:32,562] {logging_mixin.py:115} INFO - [2022-08-04 00:35:32,562] {dag.py:2420} INFO - Sync 2 DAGs
[2022-08-04 00:35:32,592] {logging_mixin.py:115} INFO - [2022-08-04 00:35:32,592] {dag.py:2972} INFO - Setting next_dagrun for example_branch_datetime_operator to 2022-08-03T00:00:00+00:00, run_after=2022-08-04T00:00:00+00:00
[2022-08-04 00:35:32,597] {logging_mixin.py:115} INFO - [2022-08-04 00:35:32,597] {dag.py:2972} INFO - Setting next_dagrun for example_branch_datetime_operator_2 to 2022-08-03T00:00:00+00:00, run_after=2022-08-04T00:00:00+00:00
[2022-08-04 00:35:32,626] {processor.py:161} INFO - Processing /home/airflow/.local/lib/python3.7/site-packages/airflow/example_dags/example_branch_datetime_operator.py took 0.129 seconds
[2022-08-04 00:36:03,164] {processor.py:153} INFO - Started process (PID=24121) to work on /home/airflow/.local/lib/python3.7/site-packages/airflow/example_dags/example_branch_datetime_operator.py
[2022-08-04 00:36:03,167] {processor.py:641} INFO - Processing file /home/airflow/.local/lib/python3.7/site-packages/airflow/example_dags/example_branch_datetime_operator.py for tasks to queue
[2022-08-04 00:36:03,169] {logging_mixin.py:115} INFO - [2022-08-04 00:36:03,169] {dagbag.py:508} INFO - Filling up the DagBag from /home/airflow/.local/lib/python3.7/site-packages/airflow/example_dags/example_branch_datetime_operator.py
[2022-08-04 00:36:03,182] {processor.py:651} INFO - DAG(s) dict_keys(['example_branch_datetime_operator', 'example_branch_datetime_operator_2']) retrieved from /home/airflow/.local/lib/python3.7/site-packages/airflow/example_dags/example_branch_datetime_operator.py
[2022-08-04 00:36:03,220] {logging_mixin.py:115} INFO - [2022-08-04 00:36:03,220] {dag.py:2420} INFO - Sync 2 DAGs
[2022-08-04 00:36:03,250] {logging_mixin.py:115} INFO - [2022-08-04 00:36:03,249] {dag.py:2972} INFO - Setting next_dagrun for example_branch_datetime_operator to 2022-08-03T00:00:00+00:00, run_after=2022-08-04T00:00:00+00:00
[2022-08-04 00:36:03,255] {logging_mixin.py:115} INFO - [2022-08-04 00:36:03,255] {dag.py:2972} INFO - Setting next_dagrun for example_branch_datetime_operator_2 to 2022-08-03T00:00:00+00:00, run_after=2022-08-04T00:00:00+00:00
[2022-08-04 00:36:03,271] {processor.py:161} INFO - Processing /home/airflow/.local/lib/python3.7/site-packages/airflow/example_dags/example_branch_datetime_operator.py took 0.111 seconds
[2022-08-04 00:36:33,915] {processor.py:153} INFO - Started process (PID=24185) to work on /home/airflow/.local/lib/python3.7/site-packages/airflow/example_dags/example_branch_datetime_operator.py
[2022-08-04 00:36:33,920] {processor.py:641} INFO - Processing file /home/airflow/.local/lib/python3.7/site-packages/airflow/example_dags/example_branch_datetime_operator.py for tasks to queue
[2022-08-04 00:36:33,925] {logging_mixin.py:115} INFO - [2022-08-04 00:36:33,925] {dagbag.py:508} INFO - Filling up the DagBag from /home/airflow/.local/lib/python3.7/site-packages/airflow/example_dags/example_branch_datetime_operator.py
[2022-08-04 00:36:33,947] {processor.py:651} INFO - DAG(s) dict_keys(['example_branch_datetime_operator', 'example_branch_datetime_operator_2']) retrieved from /home/airflow/.local/lib/python3.7/site-packages/airflow/example_dags/example_branch_datetime_operator.py
[2022-08-04 00:36:34,008] {logging_mixin.py:115} INFO - [2022-08-04 00:36:34,008] {dag.py:2420} INFO - Sync 2 DAGs
[2022-08-04 00:36:34,070] {logging_mixin.py:115} INFO - [2022-08-04 00:36:34,070] {dag.py:2972} INFO - Setting next_dagrun for example_branch_datetime_operator to 2022-08-03T00:00:00+00:00, run_after=2022-08-04T00:00:00+00:00
[2022-08-04 00:36:34,080] {logging_mixin.py:115} INFO - [2022-08-04 00:36:34,080] {dag.py:2972} INFO - Setting next_dagrun for example_branch_datetime_operator_2 to 2022-08-03T00:00:00+00:00, run_after=2022-08-04T00:00:00+00:00
[2022-08-04 00:36:34,115] {processor.py:161} INFO - Processing /home/airflow/.local/lib/python3.7/site-packages/airflow/example_dags/example_branch_datetime_operator.py took 0.205 seconds
[2022-08-04 00:37:04,385] {processor.py:153} INFO - Started process (PID=24238) to work on /home/airflow/.local/lib/python3.7/site-packages/airflow/example_dags/example_branch_datetime_operator.py
[2022-08-04 00:37:04,391] {processor.py:641} INFO - Processing file /home/airflow/.local/lib/python3.7/site-packages/airflow/example_dags/example_branch_datetime_operator.py for tasks to queue
[2022-08-04 00:37:04,395] {logging_mixin.py:115} INFO - [2022-08-04 00:37:04,395] {dagbag.py:508} INFO - Filling up the DagBag from /home/airflow/.local/lib/python3.7/site-packages/airflow/example_dags/example_branch_datetime_operator.py
[2022-08-04 00:37:04,422] {processor.py:651} INFO - DAG(s) dict_keys(['example_branch_datetime_operator', 'example_branch_datetime_operator_2']) retrieved from /home/airflow/.local/lib/python3.7/site-packages/airflow/example_dags/example_branch_datetime_operator.py
[2022-08-04 00:37:04,472] {logging_mixin.py:115} INFO - [2022-08-04 00:37:04,472] {dag.py:2420} INFO - Sync 2 DAGs
[2022-08-04 00:37:04,520] {logging_mixin.py:115} INFO - [2022-08-04 00:37:04,520] {dag.py:2972} INFO - Setting next_dagrun for example_branch_datetime_operator to 2022-08-03T00:00:00+00:00, run_after=2022-08-04T00:00:00+00:00
[2022-08-04 00:37:04,526] {logging_mixin.py:115} INFO - [2022-08-04 00:37:04,526] {dag.py:2972} INFO - Setting next_dagrun for example_branch_datetime_operator_2 to 2022-08-03T00:00:00+00:00, run_after=2022-08-04T00:00:00+00:00
[2022-08-04 00:37:04,550] {processor.py:161} INFO - Processing /home/airflow/.local/lib/python3.7/site-packages/airflow/example_dags/example_branch_datetime_operator.py took 0.171 seconds
[2022-08-04 00:37:35,001] {processor.py:153} INFO - Started process (PID=24300) to work on /home/airflow/.local/lib/python3.7/site-packages/airflow/example_dags/example_branch_datetime_operator.py
[2022-08-04 00:37:35,023] {processor.py:641} INFO - Processing file /home/airflow/.local/lib/python3.7/site-packages/airflow/example_dags/example_branch_datetime_operator.py for tasks to queue
[2022-08-04 00:37:35,038] {logging_mixin.py:115} INFO - [2022-08-04 00:37:35,038] {dagbag.py:508} INFO - Filling up the DagBag from /home/airflow/.local/lib/python3.7/site-packages/airflow/example_dags/example_branch_datetime_operator.py
[2022-08-04 00:37:35,083] {processor.py:651} INFO - DAG(s) dict_keys(['example_branch_datetime_operator', 'example_branch_datetime_operator_2']) retrieved from /home/airflow/.local/lib/python3.7/site-packages/airflow/example_dags/example_branch_datetime_operator.py
[2022-08-04 00:37:35,179] {logging_mixin.py:115} INFO - [2022-08-04 00:37:35,179] {dag.py:2420} INFO - Sync 2 DAGs
[2022-08-04 00:37:35,255] {logging_mixin.py:115} INFO - [2022-08-04 00:37:35,255] {dag.py:2972} INFO - Setting next_dagrun for example_branch_datetime_operator to 2022-08-03T00:00:00+00:00, run_after=2022-08-04T00:00:00+00:00
[2022-08-04 00:37:35,272] {logging_mixin.py:115} INFO - [2022-08-04 00:37:35,271] {dag.py:2972} INFO - Setting next_dagrun for example_branch_datetime_operator_2 to 2022-08-03T00:00:00+00:00, run_after=2022-08-04T00:00:00+00:00
[2022-08-04 00:37:35,409] {processor.py:161} INFO - Processing /home/airflow/.local/lib/python3.7/site-packages/airflow/example_dags/example_branch_datetime_operator.py took 0.422 seconds
[2022-08-04 00:38:10,866] {processor.py:153} INFO - Started process (PID=24355) to work on /home/airflow/.local/lib/python3.7/site-packages/airflow/example_dags/example_branch_datetime_operator.py
[2022-08-04 00:38:10,876] {processor.py:641} INFO - Processing file /home/airflow/.local/lib/python3.7/site-packages/airflow/example_dags/example_branch_datetime_operator.py for tasks to queue
[2022-08-04 00:38:10,885] {logging_mixin.py:115} INFO - [2022-08-04 00:38:10,885] {dagbag.py:508} INFO - Filling up the DagBag from /home/airflow/.local/lib/python3.7/site-packages/airflow/example_dags/example_branch_datetime_operator.py
[2022-08-04 00:38:10,926] {processor.py:651} INFO - DAG(s) dict_keys(['example_branch_datetime_operator', 'example_branch_datetime_operator_2']) retrieved from /home/airflow/.local/lib/python3.7/site-packages/airflow/example_dags/example_branch_datetime_operator.py
[2022-08-04 00:38:11,002] {logging_mixin.py:115} INFO - [2022-08-04 00:38:11,002] {dag.py:2420} INFO - Sync 2 DAGs
[2022-08-04 00:38:11,215] {logging_mixin.py:115} INFO - [2022-08-04 00:38:11,215] {dag.py:2972} INFO - Setting next_dagrun for example_branch_datetime_operator to 2022-08-03T00:00:00+00:00, run_after=2022-08-04T00:00:00+00:00
[2022-08-04 00:38:11,271] {logging_mixin.py:115} INFO - [2022-08-04 00:38:11,271] {dag.py:2972} INFO - Setting next_dagrun for example_branch_datetime_operator_2 to 2022-08-03T00:00:00+00:00, run_after=2022-08-04T00:00:00+00:00
[2022-08-04 00:38:11,338] {processor.py:161} INFO - Processing /home/airflow/.local/lib/python3.7/site-packages/airflow/example_dags/example_branch_datetime_operator.py took 0.479 seconds
