[2022-08-04 00:00:25,664] {processor.py:153} INFO - Started process (PID=22376) to work on /home/airflow/.local/lib/python3.7/site-packages/airflow/example_dags/example_external_task_marker_dag.py
[2022-08-04 00:00:25,665] {processor.py:641} INFO - Processing file /home/airflow/.local/lib/python3.7/site-packages/airflow/example_dags/example_external_task_marker_dag.py for tasks to queue
[2022-08-04 00:00:25,668] {logging_mixin.py:115} INFO - [2022-08-04 00:00:25,668] {dagbag.py:508} INFO - Filling up the DagBag from /home/airflow/.local/lib/python3.7/site-packages/airflow/example_dags/example_external_task_marker_dag.py
[2022-08-04 00:00:25,680] {processor.py:651} INFO - DAG(s) dict_keys(['example_external_task_marker_parent', 'example_external_task_marker_child']) retrieved from /home/airflow/.local/lib/python3.7/site-packages/airflow/example_dags/example_external_task_marker_dag.py
[2022-08-04 00:00:25,784] {logging_mixin.py:115} INFO - [2022-08-04 00:00:25,783] {dag.py:2420} INFO - Sync 2 DAGs
[2022-08-04 00:00:25,817] {logging_mixin.py:115} INFO - [2022-08-04 00:00:25,817] {dag.py:2972} INFO - Setting next_dagrun for example_external_task_marker_child to None, run_after=None
[2022-08-04 00:00:25,822] {logging_mixin.py:115} INFO - [2022-08-04 00:00:25,822] {dag.py:2972} INFO - Setting next_dagrun for example_external_task_marker_parent to None, run_after=None
[2022-08-04 00:00:25,843] {processor.py:161} INFO - Processing /home/airflow/.local/lib/python3.7/site-packages/airflow/example_dags/example_external_task_marker_dag.py took 0.184 seconds
[2022-08-04 00:00:56,561] {processor.py:153} INFO - Started process (PID=22440) to work on /home/airflow/.local/lib/python3.7/site-packages/airflow/example_dags/example_external_task_marker_dag.py
[2022-08-04 00:00:56,564] {processor.py:641} INFO - Processing file /home/airflow/.local/lib/python3.7/site-packages/airflow/example_dags/example_external_task_marker_dag.py for tasks to queue
[2022-08-04 00:00:56,568] {logging_mixin.py:115} INFO - [2022-08-04 00:00:56,568] {dagbag.py:508} INFO - Filling up the DagBag from /home/airflow/.local/lib/python3.7/site-packages/airflow/example_dags/example_external_task_marker_dag.py
[2022-08-04 00:00:56,576] {processor.py:651} INFO - DAG(s) dict_keys(['example_external_task_marker_parent', 'example_external_task_marker_child']) retrieved from /home/airflow/.local/lib/python3.7/site-packages/airflow/example_dags/example_external_task_marker_dag.py
[2022-08-04 00:00:56,633] {logging_mixin.py:115} INFO - [2022-08-04 00:00:56,633] {dag.py:2420} INFO - Sync 2 DAGs
[2022-08-04 00:00:56,659] {logging_mixin.py:115} INFO - [2022-08-04 00:00:56,659] {dag.py:2972} INFO - Setting next_dagrun for example_external_task_marker_child to None, run_after=None
[2022-08-04 00:00:56,661] {logging_mixin.py:115} INFO - [2022-08-04 00:00:56,661] {dag.py:2972} INFO - Setting next_dagrun for example_external_task_marker_parent to None, run_after=None
[2022-08-04 00:00:56,677] {processor.py:161} INFO - Processing /home/airflow/.local/lib/python3.7/site-packages/airflow/example_dags/example_external_task_marker_dag.py took 0.120 seconds
[2022-08-04 00:01:27,334] {processor.py:153} INFO - Started process (PID=22494) to work on /home/airflow/.local/lib/python3.7/site-packages/airflow/example_dags/example_external_task_marker_dag.py
[2022-08-04 00:01:27,336] {processor.py:641} INFO - Processing file /home/airflow/.local/lib/python3.7/site-packages/airflow/example_dags/example_external_task_marker_dag.py for tasks to queue
[2022-08-04 00:01:27,338] {logging_mixin.py:115} INFO - [2022-08-04 00:01:27,338] {dagbag.py:508} INFO - Filling up the DagBag from /home/airflow/.local/lib/python3.7/site-packages/airflow/example_dags/example_external_task_marker_dag.py
[2022-08-04 00:01:27,345] {processor.py:651} INFO - DAG(s) dict_keys(['example_external_task_marker_parent', 'example_external_task_marker_child']) retrieved from /home/airflow/.local/lib/python3.7/site-packages/airflow/example_dags/example_external_task_marker_dag.py
[2022-08-04 00:01:27,401] {logging_mixin.py:115} INFO - [2022-08-04 00:01:27,401] {dag.py:2420} INFO - Sync 2 DAGs
[2022-08-04 00:01:27,431] {logging_mixin.py:115} INFO - [2022-08-04 00:01:27,431] {dag.py:2972} INFO - Setting next_dagrun for example_external_task_marker_child to None, run_after=None
[2022-08-04 00:01:27,434] {logging_mixin.py:115} INFO - [2022-08-04 00:01:27,434] {dag.py:2972} INFO - Setting next_dagrun for example_external_task_marker_parent to None, run_after=None
[2022-08-04 00:01:27,454] {processor.py:161} INFO - Processing /home/airflow/.local/lib/python3.7/site-packages/airflow/example_dags/example_external_task_marker_dag.py took 0.126 seconds
[2022-08-04 00:01:57,694] {processor.py:153} INFO - Started process (PID=22548) to work on /home/airflow/.local/lib/python3.7/site-packages/airflow/example_dags/example_external_task_marker_dag.py
[2022-08-04 00:01:57,698] {processor.py:641} INFO - Processing file /home/airflow/.local/lib/python3.7/site-packages/airflow/example_dags/example_external_task_marker_dag.py for tasks to queue
[2022-08-04 00:01:57,701] {logging_mixin.py:115} INFO - [2022-08-04 00:01:57,700] {dagbag.py:508} INFO - Filling up the DagBag from /home/airflow/.local/lib/python3.7/site-packages/airflow/example_dags/example_external_task_marker_dag.py
[2022-08-04 00:01:57,717] {processor.py:651} INFO - DAG(s) dict_keys(['example_external_task_marker_parent', 'example_external_task_marker_child']) retrieved from /home/airflow/.local/lib/python3.7/site-packages/airflow/example_dags/example_external_task_marker_dag.py
[2022-08-04 00:01:57,793] {logging_mixin.py:115} INFO - [2022-08-04 00:01:57,793] {dag.py:2420} INFO - Sync 2 DAGs
[2022-08-04 00:01:57,822] {logging_mixin.py:115} INFO - [2022-08-04 00:01:57,822] {dag.py:2972} INFO - Setting next_dagrun for example_external_task_marker_child to None, run_after=None
[2022-08-04 00:01:57,827] {logging_mixin.py:115} INFO - [2022-08-04 00:01:57,827] {dag.py:2972} INFO - Setting next_dagrun for example_external_task_marker_parent to None, run_after=None
[2022-08-04 00:01:57,850] {processor.py:161} INFO - Processing /home/airflow/.local/lib/python3.7/site-packages/airflow/example_dags/example_external_task_marker_dag.py took 0.160 seconds
[2022-08-04 00:02:28,749] {processor.py:153} INFO - Started process (PID=22610) to work on /home/airflow/.local/lib/python3.7/site-packages/airflow/example_dags/example_external_task_marker_dag.py
[2022-08-04 00:02:28,752] {processor.py:641} INFO - Processing file /home/airflow/.local/lib/python3.7/site-packages/airflow/example_dags/example_external_task_marker_dag.py for tasks to queue
[2022-08-04 00:02:28,754] {logging_mixin.py:115} INFO - [2022-08-04 00:02:28,754] {dagbag.py:508} INFO - Filling up the DagBag from /home/airflow/.local/lib/python3.7/site-packages/airflow/example_dags/example_external_task_marker_dag.py
[2022-08-04 00:02:28,764] {processor.py:651} INFO - DAG(s) dict_keys(['example_external_task_marker_parent', 'example_external_task_marker_child']) retrieved from /home/airflow/.local/lib/python3.7/site-packages/airflow/example_dags/example_external_task_marker_dag.py
[2022-08-04 00:02:28,850] {logging_mixin.py:115} INFO - [2022-08-04 00:02:28,849] {dag.py:2420} INFO - Sync 2 DAGs
[2022-08-04 00:02:28,887] {logging_mixin.py:115} INFO - [2022-08-04 00:02:28,886] {dag.py:2972} INFO - Setting next_dagrun for example_external_task_marker_child to None, run_after=None
[2022-08-04 00:02:28,891] {logging_mixin.py:115} INFO - [2022-08-04 00:02:28,891] {dag.py:2972} INFO - Setting next_dagrun for example_external_task_marker_parent to None, run_after=None
[2022-08-04 00:02:28,913] {processor.py:161} INFO - Processing /home/airflow/.local/lib/python3.7/site-packages/airflow/example_dags/example_external_task_marker_dag.py took 0.170 seconds
[2022-08-04 00:02:59,798] {processor.py:153} INFO - Started process (PID=22665) to work on /home/airflow/.local/lib/python3.7/site-packages/airflow/example_dags/example_external_task_marker_dag.py
[2022-08-04 00:02:59,803] {processor.py:641} INFO - Processing file /home/airflow/.local/lib/python3.7/site-packages/airflow/example_dags/example_external_task_marker_dag.py for tasks to queue
[2022-08-04 00:02:59,816] {logging_mixin.py:115} INFO - [2022-08-04 00:02:59,815] {dagbag.py:508} INFO - Filling up the DagBag from /home/airflow/.local/lib/python3.7/site-packages/airflow/example_dags/example_external_task_marker_dag.py
[2022-08-04 00:02:59,831] {processor.py:651} INFO - DAG(s) dict_keys(['example_external_task_marker_parent', 'example_external_task_marker_child']) retrieved from /home/airflow/.local/lib/python3.7/site-packages/airflow/example_dags/example_external_task_marker_dag.py
[2022-08-04 00:02:59,929] {logging_mixin.py:115} INFO - [2022-08-04 00:02:59,928] {dag.py:2420} INFO - Sync 2 DAGs
[2022-08-04 00:02:59,980] {logging_mixin.py:115} INFO - [2022-08-04 00:02:59,980] {dag.py:2972} INFO - Setting next_dagrun for example_external_task_marker_child to None, run_after=None
[2022-08-04 00:02:59,986] {logging_mixin.py:115} INFO - [2022-08-04 00:02:59,986] {dag.py:2972} INFO - Setting next_dagrun for example_external_task_marker_parent to None, run_after=None
[2022-08-04 00:03:00,016] {processor.py:161} INFO - Processing /home/airflow/.local/lib/python3.7/site-packages/airflow/example_dags/example_external_task_marker_dag.py took 0.224 seconds
[2022-08-04 00:03:30,286] {processor.py:153} INFO - Started process (PID=22726) to work on /home/airflow/.local/lib/python3.7/site-packages/airflow/example_dags/example_external_task_marker_dag.py
[2022-08-04 00:03:30,289] {processor.py:641} INFO - Processing file /home/airflow/.local/lib/python3.7/site-packages/airflow/example_dags/example_external_task_marker_dag.py for tasks to queue
[2022-08-04 00:03:30,292] {logging_mixin.py:115} INFO - [2022-08-04 00:03:30,292] {dagbag.py:508} INFO - Filling up the DagBag from /home/airflow/.local/lib/python3.7/site-packages/airflow/example_dags/example_external_task_marker_dag.py
[2022-08-04 00:03:30,299] {processor.py:651} INFO - DAG(s) dict_keys(['example_external_task_marker_parent', 'example_external_task_marker_child']) retrieved from /home/airflow/.local/lib/python3.7/site-packages/airflow/example_dags/example_external_task_marker_dag.py
[2022-08-04 00:03:30,349] {logging_mixin.py:115} INFO - [2022-08-04 00:03:30,349] {dag.py:2420} INFO - Sync 2 DAGs
[2022-08-04 00:03:30,375] {logging_mixin.py:115} INFO - [2022-08-04 00:03:30,374] {dag.py:2972} INFO - Setting next_dagrun for example_external_task_marker_child to None, run_after=None
[2022-08-04 00:03:30,377] {logging_mixin.py:115} INFO - [2022-08-04 00:03:30,377] {dag.py:2972} INFO - Setting next_dagrun for example_external_task_marker_parent to None, run_after=None
[2022-08-04 00:03:30,390] {processor.py:161} INFO - Processing /home/airflow/.local/lib/python3.7/site-packages/airflow/example_dags/example_external_task_marker_dag.py took 0.107 seconds
[2022-08-04 00:04:00,774] {processor.py:153} INFO - Started process (PID=22781) to work on /home/airflow/.local/lib/python3.7/site-packages/airflow/example_dags/example_external_task_marker_dag.py
[2022-08-04 00:04:00,780] {processor.py:641} INFO - Processing file /home/airflow/.local/lib/python3.7/site-packages/airflow/example_dags/example_external_task_marker_dag.py for tasks to queue
[2022-08-04 00:04:00,788] {logging_mixin.py:115} INFO - [2022-08-04 00:04:00,787] {dagbag.py:508} INFO - Filling up the DagBag from /home/airflow/.local/lib/python3.7/site-packages/airflow/example_dags/example_external_task_marker_dag.py
[2022-08-04 00:04:00,822] {processor.py:651} INFO - DAG(s) dict_keys(['example_external_task_marker_parent', 'example_external_task_marker_child']) retrieved from /home/airflow/.local/lib/python3.7/site-packages/airflow/example_dags/example_external_task_marker_dag.py
[2022-08-04 00:04:00,972] {logging_mixin.py:115} INFO - [2022-08-04 00:04:00,972] {dag.py:2420} INFO - Sync 2 DAGs
[2022-08-04 00:04:01,024] {logging_mixin.py:115} INFO - [2022-08-04 00:04:01,024] {dag.py:2972} INFO - Setting next_dagrun for example_external_task_marker_child to None, run_after=None
[2022-08-04 00:04:01,029] {logging_mixin.py:115} INFO - [2022-08-04 00:04:01,029] {dag.py:2972} INFO - Setting next_dagrun for example_external_task_marker_parent to None, run_after=None
[2022-08-04 00:04:01,073] {processor.py:161} INFO - Processing /home/airflow/.local/lib/python3.7/site-packages/airflow/example_dags/example_external_task_marker_dag.py took 0.303 seconds
[2022-08-04 00:04:31,508] {processor.py:153} INFO - Started process (PID=22842) to work on /home/airflow/.local/lib/python3.7/site-packages/airflow/example_dags/example_external_task_marker_dag.py
[2022-08-04 00:04:31,513] {processor.py:641} INFO - Processing file /home/airflow/.local/lib/python3.7/site-packages/airflow/example_dags/example_external_task_marker_dag.py for tasks to queue
[2022-08-04 00:04:31,517] {logging_mixin.py:115} INFO - [2022-08-04 00:04:31,517] {dagbag.py:508} INFO - Filling up the DagBag from /home/airflow/.local/lib/python3.7/site-packages/airflow/example_dags/example_external_task_marker_dag.py
[2022-08-04 00:04:31,528] {processor.py:651} INFO - DAG(s) dict_keys(['example_external_task_marker_parent', 'example_external_task_marker_child']) retrieved from /home/airflow/.local/lib/python3.7/site-packages/airflow/example_dags/example_external_task_marker_dag.py
[2022-08-04 00:04:31,624] {logging_mixin.py:115} INFO - [2022-08-04 00:04:31,624] {dag.py:2420} INFO - Sync 2 DAGs
[2022-08-04 00:04:31,664] {logging_mixin.py:115} INFO - [2022-08-04 00:04:31,664] {dag.py:2972} INFO - Setting next_dagrun for example_external_task_marker_child to None, run_after=None
[2022-08-04 00:04:31,675] {logging_mixin.py:115} INFO - [2022-08-04 00:04:31,675] {dag.py:2972} INFO - Setting next_dagrun for example_external_task_marker_parent to None, run_after=None
[2022-08-04 00:04:31,726] {processor.py:161} INFO - Processing /home/airflow/.local/lib/python3.7/site-packages/airflow/example_dags/example_external_task_marker_dag.py took 0.224 seconds
[2022-08-04 00:05:02,041] {processor.py:153} INFO - Started process (PID=22896) to work on /home/airflow/.local/lib/python3.7/site-packages/airflow/example_dags/example_external_task_marker_dag.py
[2022-08-04 00:05:02,043] {processor.py:641} INFO - Processing file /home/airflow/.local/lib/python3.7/site-packages/airflow/example_dags/example_external_task_marker_dag.py for tasks to queue
[2022-08-04 00:05:02,045] {logging_mixin.py:115} INFO - [2022-08-04 00:05:02,045] {dagbag.py:508} INFO - Filling up the DagBag from /home/airflow/.local/lib/python3.7/site-packages/airflow/example_dags/example_external_task_marker_dag.py
[2022-08-04 00:05:02,052] {processor.py:651} INFO - DAG(s) dict_keys(['example_external_task_marker_parent', 'example_external_task_marker_child']) retrieved from /home/airflow/.local/lib/python3.7/site-packages/airflow/example_dags/example_external_task_marker_dag.py
[2022-08-04 00:05:02,105] {logging_mixin.py:115} INFO - [2022-08-04 00:05:02,105] {dag.py:2420} INFO - Sync 2 DAGs
[2022-08-04 00:05:02,126] {logging_mixin.py:115} INFO - [2022-08-04 00:05:02,126] {dag.py:2972} INFO - Setting next_dagrun for example_external_task_marker_child to None, run_after=None
[2022-08-04 00:05:02,129] {logging_mixin.py:115} INFO - [2022-08-04 00:05:02,129] {dag.py:2972} INFO - Setting next_dagrun for example_external_task_marker_parent to None, run_after=None
[2022-08-04 00:05:02,144] {processor.py:161} INFO - Processing /home/airflow/.local/lib/python3.7/site-packages/airflow/example_dags/example_external_task_marker_dag.py took 0.107 seconds
[2022-08-04 00:05:32,756] {processor.py:153} INFO - Started process (PID=22960) to work on /home/airflow/.local/lib/python3.7/site-packages/airflow/example_dags/example_external_task_marker_dag.py
[2022-08-04 00:05:32,762] {processor.py:641} INFO - Processing file /home/airflow/.local/lib/python3.7/site-packages/airflow/example_dags/example_external_task_marker_dag.py for tasks to queue
[2022-08-04 00:05:32,767] {logging_mixin.py:115} INFO - [2022-08-04 00:05:32,767] {dagbag.py:508} INFO - Filling up the DagBag from /home/airflow/.local/lib/python3.7/site-packages/airflow/example_dags/example_external_task_marker_dag.py
[2022-08-04 00:05:32,780] {processor.py:651} INFO - DAG(s) dict_keys(['example_external_task_marker_parent', 'example_external_task_marker_child']) retrieved from /home/airflow/.local/lib/python3.7/site-packages/airflow/example_dags/example_external_task_marker_dag.py
[2022-08-04 00:05:32,880] {logging_mixin.py:115} INFO - [2022-08-04 00:05:32,880] {dag.py:2420} INFO - Sync 2 DAGs
[2022-08-04 00:05:32,916] {logging_mixin.py:115} INFO - [2022-08-04 00:05:32,916] {dag.py:2972} INFO - Setting next_dagrun for example_external_task_marker_child to None, run_after=None
[2022-08-04 00:05:32,930] {logging_mixin.py:115} INFO - [2022-08-04 00:05:32,930] {dag.py:2972} INFO - Setting next_dagrun for example_external_task_marker_parent to None, run_after=None
[2022-08-04 00:05:32,964] {processor.py:161} INFO - Processing /home/airflow/.local/lib/python3.7/site-packages/airflow/example_dags/example_external_task_marker_dag.py took 0.213 seconds
[2022-08-04 00:06:03,409] {processor.py:153} INFO - Started process (PID=23014) to work on /home/airflow/.local/lib/python3.7/site-packages/airflow/example_dags/example_external_task_marker_dag.py
[2022-08-04 00:06:03,418] {processor.py:641} INFO - Processing file /home/airflow/.local/lib/python3.7/site-packages/airflow/example_dags/example_external_task_marker_dag.py for tasks to queue
[2022-08-04 00:06:03,426] {logging_mixin.py:115} INFO - [2022-08-04 00:06:03,426] {dagbag.py:508} INFO - Filling up the DagBag from /home/airflow/.local/lib/python3.7/site-packages/airflow/example_dags/example_external_task_marker_dag.py
[2022-08-04 00:06:03,440] {processor.py:651} INFO - DAG(s) dict_keys(['example_external_task_marker_parent', 'example_external_task_marker_child']) retrieved from /home/airflow/.local/lib/python3.7/site-packages/airflow/example_dags/example_external_task_marker_dag.py
[2022-08-04 00:06:03,550] {logging_mixin.py:115} INFO - [2022-08-04 00:06:03,549] {dag.py:2420} INFO - Sync 2 DAGs
[2022-08-04 00:06:03,586] {logging_mixin.py:115} INFO - [2022-08-04 00:06:03,586] {dag.py:2972} INFO - Setting next_dagrun for example_external_task_marker_child to None, run_after=None
[2022-08-04 00:06:03,590] {logging_mixin.py:115} INFO - [2022-08-04 00:06:03,590] {dag.py:2972} INFO - Setting next_dagrun for example_external_task_marker_parent to None, run_after=None
[2022-08-04 00:06:03,622] {processor.py:161} INFO - Processing /home/airflow/.local/lib/python3.7/site-packages/airflow/example_dags/example_external_task_marker_dag.py took 0.220 seconds
[2022-08-04 00:06:34,084] {processor.py:153} INFO - Started process (PID=23077) to work on /home/airflow/.local/lib/python3.7/site-packages/airflow/example_dags/example_external_task_marker_dag.py
[2022-08-04 00:06:34,091] {processor.py:641} INFO - Processing file /home/airflow/.local/lib/python3.7/site-packages/airflow/example_dags/example_external_task_marker_dag.py for tasks to queue
[2022-08-04 00:06:34,095] {logging_mixin.py:115} INFO - [2022-08-04 00:06:34,095] {dagbag.py:508} INFO - Filling up the DagBag from /home/airflow/.local/lib/python3.7/site-packages/airflow/example_dags/example_external_task_marker_dag.py
[2022-08-04 00:06:34,106] {processor.py:651} INFO - DAG(s) dict_keys(['example_external_task_marker_parent', 'example_external_task_marker_child']) retrieved from /home/airflow/.local/lib/python3.7/site-packages/airflow/example_dags/example_external_task_marker_dag.py
[2022-08-04 00:06:34,189] {logging_mixin.py:115} INFO - [2022-08-04 00:06:34,188] {dag.py:2420} INFO - Sync 2 DAGs
[2022-08-04 00:06:34,228] {logging_mixin.py:115} INFO - [2022-08-04 00:06:34,228] {dag.py:2972} INFO - Setting next_dagrun for example_external_task_marker_child to None, run_after=None
[2022-08-04 00:06:34,234] {logging_mixin.py:115} INFO - [2022-08-04 00:06:34,234] {dag.py:2972} INFO - Setting next_dagrun for example_external_task_marker_parent to None, run_after=None
[2022-08-04 00:06:34,261] {processor.py:161} INFO - Processing /home/airflow/.local/lib/python3.7/site-packages/airflow/example_dags/example_external_task_marker_dag.py took 0.180 seconds
[2022-08-04 00:07:04,697] {processor.py:153} INFO - Started process (PID=23132) to work on /home/airflow/.local/lib/python3.7/site-packages/airflow/example_dags/example_external_task_marker_dag.py
[2022-08-04 00:07:04,713] {processor.py:641} INFO - Processing file /home/airflow/.local/lib/python3.7/site-packages/airflow/example_dags/example_external_task_marker_dag.py for tasks to queue
[2022-08-04 00:07:04,721] {logging_mixin.py:115} INFO - [2022-08-04 00:07:04,721] {dagbag.py:508} INFO - Filling up the DagBag from /home/airflow/.local/lib/python3.7/site-packages/airflow/example_dags/example_external_task_marker_dag.py
[2022-08-04 00:07:04,731] {processor.py:651} INFO - DAG(s) dict_keys(['example_external_task_marker_parent', 'example_external_task_marker_child']) retrieved from /home/airflow/.local/lib/python3.7/site-packages/airflow/example_dags/example_external_task_marker_dag.py
[2022-08-04 00:07:04,800] {logging_mixin.py:115} INFO - [2022-08-04 00:07:04,800] {dag.py:2420} INFO - Sync 2 DAGs
[2022-08-04 00:07:04,824] {logging_mixin.py:115} INFO - [2022-08-04 00:07:04,824] {dag.py:2972} INFO - Setting next_dagrun for example_external_task_marker_child to None, run_after=None
[2022-08-04 00:07:04,826] {logging_mixin.py:115} INFO - [2022-08-04 00:07:04,826] {dag.py:2972} INFO - Setting next_dagrun for example_external_task_marker_parent to None, run_after=None
[2022-08-04 00:07:04,842] {processor.py:161} INFO - Processing /home/airflow/.local/lib/python3.7/site-packages/airflow/example_dags/example_external_task_marker_dag.py took 0.152 seconds
[2022-08-04 00:07:35,550] {processor.py:153} INFO - Started process (PID=23195) to work on /home/airflow/.local/lib/python3.7/site-packages/airflow/example_dags/example_external_task_marker_dag.py
[2022-08-04 00:07:35,557] {processor.py:641} INFO - Processing file /home/airflow/.local/lib/python3.7/site-packages/airflow/example_dags/example_external_task_marker_dag.py for tasks to queue
[2022-08-04 00:07:35,565] {logging_mixin.py:115} INFO - [2022-08-04 00:07:35,565] {dagbag.py:508} INFO - Filling up the DagBag from /home/airflow/.local/lib/python3.7/site-packages/airflow/example_dags/example_external_task_marker_dag.py
[2022-08-04 00:07:35,578] {processor.py:651} INFO - DAG(s) dict_keys(['example_external_task_marker_parent', 'example_external_task_marker_child']) retrieved from /home/airflow/.local/lib/python3.7/site-packages/airflow/example_dags/example_external_task_marker_dag.py
[2022-08-04 00:07:35,658] {logging_mixin.py:115} INFO - [2022-08-04 00:07:35,658] {dag.py:2420} INFO - Sync 2 DAGs
[2022-08-04 00:07:35,691] {logging_mixin.py:115} INFO - [2022-08-04 00:07:35,691] {dag.py:2972} INFO - Setting next_dagrun for example_external_task_marker_child to None, run_after=None
[2022-08-04 00:07:35,698] {logging_mixin.py:115} INFO - [2022-08-04 00:07:35,698] {dag.py:2972} INFO - Setting next_dagrun for example_external_task_marker_parent to None, run_after=None
[2022-08-04 00:07:35,723] {processor.py:161} INFO - Processing /home/airflow/.local/lib/python3.7/site-packages/airflow/example_dags/example_external_task_marker_dag.py took 0.181 seconds
[2022-08-04 00:08:06,317] {processor.py:153} INFO - Started process (PID=23250) to work on /home/airflow/.local/lib/python3.7/site-packages/airflow/example_dags/example_external_task_marker_dag.py
[2022-08-04 00:08:06,321] {processor.py:641} INFO - Processing file /home/airflow/.local/lib/python3.7/site-packages/airflow/example_dags/example_external_task_marker_dag.py for tasks to queue
[2022-08-04 00:08:06,324] {logging_mixin.py:115} INFO - [2022-08-04 00:08:06,323] {dagbag.py:508} INFO - Filling up the DagBag from /home/airflow/.local/lib/python3.7/site-packages/airflow/example_dags/example_external_task_marker_dag.py
[2022-08-04 00:08:06,344] {processor.py:651} INFO - DAG(s) dict_keys(['example_external_task_marker_parent', 'example_external_task_marker_child']) retrieved from /home/airflow/.local/lib/python3.7/site-packages/airflow/example_dags/example_external_task_marker_dag.py
[2022-08-04 00:08:06,484] {logging_mixin.py:115} INFO - [2022-08-04 00:08:06,484] {dag.py:2420} INFO - Sync 2 DAGs
[2022-08-04 00:08:06,543] {logging_mixin.py:115} INFO - [2022-08-04 00:08:06,542] {dag.py:2972} INFO - Setting next_dagrun for example_external_task_marker_child to None, run_after=None
[2022-08-04 00:08:06,549] {logging_mixin.py:115} INFO - [2022-08-04 00:08:06,549] {dag.py:2972} INFO - Setting next_dagrun for example_external_task_marker_parent to None, run_after=None
[2022-08-04 00:08:06,579] {processor.py:161} INFO - Processing /home/airflow/.local/lib/python3.7/site-packages/airflow/example_dags/example_external_task_marker_dag.py took 0.269 seconds
[2022-08-04 00:08:36,686] {processor.py:153} INFO - Started process (PID=23312) to work on /home/airflow/.local/lib/python3.7/site-packages/airflow/example_dags/example_external_task_marker_dag.py
[2022-08-04 00:08:36,689] {processor.py:641} INFO - Processing file /home/airflow/.local/lib/python3.7/site-packages/airflow/example_dags/example_external_task_marker_dag.py for tasks to queue
[2022-08-04 00:08:36,691] {logging_mixin.py:115} INFO - [2022-08-04 00:08:36,690] {dagbag.py:508} INFO - Filling up the DagBag from /home/airflow/.local/lib/python3.7/site-packages/airflow/example_dags/example_external_task_marker_dag.py
[2022-08-04 00:08:36,697] {processor.py:651} INFO - DAG(s) dict_keys(['example_external_task_marker_parent', 'example_external_task_marker_child']) retrieved from /home/airflow/.local/lib/python3.7/site-packages/airflow/example_dags/example_external_task_marker_dag.py
[2022-08-04 00:08:36,757] {logging_mixin.py:115} INFO - [2022-08-04 00:08:36,757] {dag.py:2420} INFO - Sync 2 DAGs
[2022-08-04 00:08:36,782] {logging_mixin.py:115} INFO - [2022-08-04 00:08:36,782] {dag.py:2972} INFO - Setting next_dagrun for example_external_task_marker_child to None, run_after=None
[2022-08-04 00:08:36,784] {logging_mixin.py:115} INFO - [2022-08-04 00:08:36,784] {dag.py:2972} INFO - Setting next_dagrun for example_external_task_marker_parent to None, run_after=None
[2022-08-04 00:08:36,801] {processor.py:161} INFO - Processing /home/airflow/.local/lib/python3.7/site-packages/airflow/example_dags/example_external_task_marker_dag.py took 0.119 seconds
[2022-08-04 00:09:07,755] {processor.py:153} INFO - Started process (PID=23377) to work on /home/airflow/.local/lib/python3.7/site-packages/airflow/example_dags/example_external_task_marker_dag.py
[2022-08-04 00:09:07,760] {processor.py:641} INFO - Processing file /home/airflow/.local/lib/python3.7/site-packages/airflow/example_dags/example_external_task_marker_dag.py for tasks to queue
[2022-08-04 00:09:07,764] {logging_mixin.py:115} INFO - [2022-08-04 00:09:07,764] {dagbag.py:508} INFO - Filling up the DagBag from /home/airflow/.local/lib/python3.7/site-packages/airflow/example_dags/example_external_task_marker_dag.py
[2022-08-04 00:09:07,775] {processor.py:651} INFO - DAG(s) dict_keys(['example_external_task_marker_parent', 'example_external_task_marker_child']) retrieved from /home/airflow/.local/lib/python3.7/site-packages/airflow/example_dags/example_external_task_marker_dag.py
[2022-08-04 00:09:07,918] {logging_mixin.py:115} INFO - [2022-08-04 00:09:07,918] {dag.py:2420} INFO - Sync 2 DAGs
[2022-08-04 00:09:07,994] {logging_mixin.py:115} INFO - [2022-08-04 00:09:07,994] {dag.py:2972} INFO - Setting next_dagrun for example_external_task_marker_child to None, run_after=None
[2022-08-04 00:09:07,999] {logging_mixin.py:115} INFO - [2022-08-04 00:09:07,998] {dag.py:2972} INFO - Setting next_dagrun for example_external_task_marker_parent to None, run_after=None
[2022-08-04 00:09:08,029] {processor.py:161} INFO - Processing /home/airflow/.local/lib/python3.7/site-packages/airflow/example_dags/example_external_task_marker_dag.py took 0.279 seconds
[2022-08-04 00:09:38,928] {processor.py:153} INFO - Started process (PID=23432) to work on /home/airflow/.local/lib/python3.7/site-packages/airflow/example_dags/example_external_task_marker_dag.py
[2022-08-04 00:09:38,934] {processor.py:641} INFO - Processing file /home/airflow/.local/lib/python3.7/site-packages/airflow/example_dags/example_external_task_marker_dag.py for tasks to queue
[2022-08-04 00:09:38,944] {logging_mixin.py:115} INFO - [2022-08-04 00:09:38,944] {dagbag.py:508} INFO - Filling up the DagBag from /home/airflow/.local/lib/python3.7/site-packages/airflow/example_dags/example_external_task_marker_dag.py
[2022-08-04 00:09:38,957] {processor.py:651} INFO - DAG(s) dict_keys(['example_external_task_marker_parent', 'example_external_task_marker_child']) retrieved from /home/airflow/.local/lib/python3.7/site-packages/airflow/example_dags/example_external_task_marker_dag.py
[2022-08-04 00:09:39,060] {logging_mixin.py:115} INFO - [2022-08-04 00:09:39,059] {dag.py:2420} INFO - Sync 2 DAGs
[2022-08-04 00:09:39,112] {logging_mixin.py:115} INFO - [2022-08-04 00:09:39,112] {dag.py:2972} INFO - Setting next_dagrun for example_external_task_marker_child to None, run_after=None
[2022-08-04 00:09:39,116] {logging_mixin.py:115} INFO - [2022-08-04 00:09:39,115] {dag.py:2972} INFO - Setting next_dagrun for example_external_task_marker_parent to None, run_after=None
[2022-08-04 00:09:39,164] {processor.py:161} INFO - Processing /home/airflow/.local/lib/python3.7/site-packages/airflow/example_dags/example_external_task_marker_dag.py took 0.243 seconds
[2022-08-04 00:10:13,607] {processor.py:153} INFO - Started process (PID=23486) to work on /home/airflow/.local/lib/python3.7/site-packages/airflow/example_dags/example_external_task_marker_dag.py
[2022-08-04 00:10:13,615] {processor.py:641} INFO - Processing file /home/airflow/.local/lib/python3.7/site-packages/airflow/example_dags/example_external_task_marker_dag.py for tasks to queue
[2022-08-04 00:10:13,619] {logging_mixin.py:115} INFO - [2022-08-04 00:10:13,619] {dagbag.py:508} INFO - Filling up the DagBag from /home/airflow/.local/lib/python3.7/site-packages/airflow/example_dags/example_external_task_marker_dag.py
[2022-08-04 00:10:13,650] {processor.py:651} INFO - DAG(s) dict_keys(['example_external_task_marker_parent', 'example_external_task_marker_child']) retrieved from /home/airflow/.local/lib/python3.7/site-packages/airflow/example_dags/example_external_task_marker_dag.py
[2022-08-04 00:10:13,806] {logging_mixin.py:115} INFO - [2022-08-04 00:10:13,806] {dag.py:2420} INFO - Sync 2 DAGs
[2022-08-04 00:10:13,872] {logging_mixin.py:115} INFO - [2022-08-04 00:10:13,872] {dag.py:2972} INFO - Setting next_dagrun for example_external_task_marker_child to None, run_after=None
[2022-08-04 00:10:13,883] {logging_mixin.py:115} INFO - [2022-08-04 00:10:13,882] {dag.py:2972} INFO - Setting next_dagrun for example_external_task_marker_parent to None, run_after=None
[2022-08-04 00:10:13,935] {processor.py:161} INFO - Processing /home/airflow/.local/lib/python3.7/site-packages/airflow/example_dags/example_external_task_marker_dag.py took 0.342 seconds
[2022-08-04 00:11:04,977] {processor.py:153} INFO - Started process (PID=23525) to work on /home/airflow/.local/lib/python3.7/site-packages/airflow/example_dags/example_external_task_marker_dag.py
[2022-08-04 00:11:04,983] {processor.py:641} INFO - Processing file /home/airflow/.local/lib/python3.7/site-packages/airflow/example_dags/example_external_task_marker_dag.py for tasks to queue
[2022-08-04 00:11:04,992] {logging_mixin.py:115} INFO - [2022-08-04 00:11:04,991] {dagbag.py:508} INFO - Filling up the DagBag from /home/airflow/.local/lib/python3.7/site-packages/airflow/example_dags/example_external_task_marker_dag.py
[2022-08-04 00:11:05,015] {processor.py:651} INFO - DAG(s) dict_keys(['example_external_task_marker_parent', 'example_external_task_marker_child']) retrieved from /home/airflow/.local/lib/python3.7/site-packages/airflow/example_dags/example_external_task_marker_dag.py
[2022-08-04 00:11:05,218] {logging_mixin.py:115} INFO - [2022-08-04 00:11:05,218] {dag.py:2420} INFO - Sync 2 DAGs
[2022-08-04 00:11:05,307] {logging_mixin.py:115} INFO - [2022-08-04 00:11:05,307] {dag.py:2972} INFO - Setting next_dagrun for example_external_task_marker_child to None, run_after=None
[2022-08-04 00:11:05,314] {logging_mixin.py:115} INFO - [2022-08-04 00:11:05,314] {dag.py:2972} INFO - Setting next_dagrun for example_external_task_marker_parent to None, run_after=None
[2022-08-04 00:11:05,399] {processor.py:161} INFO - Processing /home/airflow/.local/lib/python3.7/site-packages/airflow/example_dags/example_external_task_marker_dag.py took 0.434 seconds
[2022-08-04 00:11:36,960] {processor.py:153} INFO - Started process (PID=23588) to work on /home/airflow/.local/lib/python3.7/site-packages/airflow/example_dags/example_external_task_marker_dag.py
[2022-08-04 00:11:36,967] {processor.py:641} INFO - Processing file /home/airflow/.local/lib/python3.7/site-packages/airflow/example_dags/example_external_task_marker_dag.py for tasks to queue
[2022-08-04 00:11:36,972] {logging_mixin.py:115} INFO - [2022-08-04 00:11:36,972] {dagbag.py:508} INFO - Filling up the DagBag from /home/airflow/.local/lib/python3.7/site-packages/airflow/example_dags/example_external_task_marker_dag.py
[2022-08-04 00:11:36,985] {processor.py:651} INFO - DAG(s) dict_keys(['example_external_task_marker_parent', 'example_external_task_marker_child']) retrieved from /home/airflow/.local/lib/python3.7/site-packages/airflow/example_dags/example_external_task_marker_dag.py
[2022-08-04 00:11:37,068] {logging_mixin.py:115} INFO - [2022-08-04 00:11:37,068] {dag.py:2420} INFO - Sync 2 DAGs
[2022-08-04 00:11:37,100] {logging_mixin.py:115} INFO - [2022-08-04 00:11:37,100] {dag.py:2972} INFO - Setting next_dagrun for example_external_task_marker_child to None, run_after=None
[2022-08-04 00:11:37,106] {logging_mixin.py:115} INFO - [2022-08-04 00:11:37,106] {dag.py:2972} INFO - Setting next_dagrun for example_external_task_marker_parent to None, run_after=None
[2022-08-04 00:11:37,146] {processor.py:161} INFO - Processing /home/airflow/.local/lib/python3.7/site-packages/airflow/example_dags/example_external_task_marker_dag.py took 0.194 seconds
[2022-08-04 00:14:55,568] {processor.py:153} INFO - Started process (PID=23642) to work on /home/airflow/.local/lib/python3.7/site-packages/airflow/example_dags/example_external_task_marker_dag.py
[2022-08-04 00:14:55,578] {processor.py:641} INFO - Processing file /home/airflow/.local/lib/python3.7/site-packages/airflow/example_dags/example_external_task_marker_dag.py for tasks to queue
[2022-08-04 00:14:55,585] {logging_mixin.py:115} INFO - [2022-08-04 00:14:55,584] {dagbag.py:508} INFO - Filling up the DagBag from /home/airflow/.local/lib/python3.7/site-packages/airflow/example_dags/example_external_task_marker_dag.py
[2022-08-04 00:14:55,597] {processor.py:651} INFO - DAG(s) dict_keys(['example_external_task_marker_parent', 'example_external_task_marker_child']) retrieved from /home/airflow/.local/lib/python3.7/site-packages/airflow/example_dags/example_external_task_marker_dag.py
[2022-08-04 00:14:55,682] {logging_mixin.py:115} INFO - [2022-08-04 00:14:55,682] {dag.py:2420} INFO - Sync 2 DAGs
[2022-08-04 00:14:55,728] {logging_mixin.py:115} INFO - [2022-08-04 00:14:55,728] {dag.py:2972} INFO - Setting next_dagrun for example_external_task_marker_child to None, run_after=None
[2022-08-04 00:14:55,737] {logging_mixin.py:115} INFO - [2022-08-04 00:14:55,737] {dag.py:2972} INFO - Setting next_dagrun for example_external_task_marker_parent to None, run_after=None
[2022-08-04 00:14:55,773] {processor.py:161} INFO - Processing /home/airflow/.local/lib/python3.7/site-packages/airflow/example_dags/example_external_task_marker_dag.py took 0.217 seconds
[2022-08-04 00:15:33,482] {processor.py:153} INFO - Started process (PID=23706) to work on /home/airflow/.local/lib/python3.7/site-packages/airflow/example_dags/example_external_task_marker_dag.py
[2022-08-04 00:15:33,496] {processor.py:641} INFO - Processing file /home/airflow/.local/lib/python3.7/site-packages/airflow/example_dags/example_external_task_marker_dag.py for tasks to queue
[2022-08-04 00:15:33,516] {logging_mixin.py:115} INFO - [2022-08-04 00:15:33,515] {dagbag.py:508} INFO - Filling up the DagBag from /home/airflow/.local/lib/python3.7/site-packages/airflow/example_dags/example_external_task_marker_dag.py
[2022-08-04 00:15:33,573] {processor.py:651} INFO - DAG(s) dict_keys(['example_external_task_marker_parent', 'example_external_task_marker_child']) retrieved from /home/airflow/.local/lib/python3.7/site-packages/airflow/example_dags/example_external_task_marker_dag.py
[2022-08-04 00:15:33,826] {logging_mixin.py:115} INFO - [2022-08-04 00:15:33,826] {dag.py:2420} INFO - Sync 2 DAGs
[2022-08-04 00:15:33,951] {logging_mixin.py:115} INFO - [2022-08-04 00:15:33,950] {dag.py:2972} INFO - Setting next_dagrun for example_external_task_marker_child to None, run_after=None
[2022-08-04 00:15:33,964] {logging_mixin.py:115} INFO - [2022-08-04 00:15:33,964] {dag.py:2972} INFO - Setting next_dagrun for example_external_task_marker_parent to None, run_after=None
[2022-08-04 00:15:34,074] {processor.py:161} INFO - Processing /home/airflow/.local/lib/python3.7/site-packages/airflow/example_dags/example_external_task_marker_dag.py took 0.629 seconds
[2022-08-04 00:32:51,565] {processor.py:153} INFO - Started process (PID=23751) to work on /home/airflow/.local/lib/python3.7/site-packages/airflow/example_dags/example_external_task_marker_dag.py
[2022-08-04 00:32:51,574] {processor.py:641} INFO - Processing file /home/airflow/.local/lib/python3.7/site-packages/airflow/example_dags/example_external_task_marker_dag.py for tasks to queue
[2022-08-04 00:32:51,582] {logging_mixin.py:115} INFO - [2022-08-04 00:32:51,582] {dagbag.py:508} INFO - Filling up the DagBag from /home/airflow/.local/lib/python3.7/site-packages/airflow/example_dags/example_external_task_marker_dag.py
[2022-08-04 00:32:51,615] {processor.py:651} INFO - DAG(s) dict_keys(['example_external_task_marker_parent', 'example_external_task_marker_child']) retrieved from /home/airflow/.local/lib/python3.7/site-packages/airflow/example_dags/example_external_task_marker_dag.py
[2022-08-04 00:32:51,897] {logging_mixin.py:115} INFO - [2022-08-04 00:32:51,896] {dag.py:2420} INFO - Sync 2 DAGs
[2022-08-04 00:32:51,968] {logging_mixin.py:115} INFO - [2022-08-04 00:32:51,968] {dag.py:2972} INFO - Setting next_dagrun for example_external_task_marker_child to None, run_after=None
[2022-08-04 00:32:51,979] {logging_mixin.py:115} INFO - [2022-08-04 00:32:51,979] {dag.py:2972} INFO - Setting next_dagrun for example_external_task_marker_parent to None, run_after=None
[2022-08-04 00:32:52,031] {processor.py:161} INFO - Processing /home/airflow/.local/lib/python3.7/site-packages/airflow/example_dags/example_external_task_marker_dag.py took 0.496 seconds
[2022-08-04 00:33:22,303] {processor.py:153} INFO - Started process (PID=23807) to work on /home/airflow/.local/lib/python3.7/site-packages/airflow/example_dags/example_external_task_marker_dag.py
[2022-08-04 00:33:22,310] {processor.py:641} INFO - Processing file /home/airflow/.local/lib/python3.7/site-packages/airflow/example_dags/example_external_task_marker_dag.py for tasks to queue
[2022-08-04 00:33:22,318] {logging_mixin.py:115} INFO - [2022-08-04 00:33:22,318] {dagbag.py:508} INFO - Filling up the DagBag from /home/airflow/.local/lib/python3.7/site-packages/airflow/example_dags/example_external_task_marker_dag.py
[2022-08-04 00:33:22,327] {processor.py:651} INFO - DAG(s) dict_keys(['example_external_task_marker_parent', 'example_external_task_marker_child']) retrieved from /home/airflow/.local/lib/python3.7/site-packages/airflow/example_dags/example_external_task_marker_dag.py
[2022-08-04 00:33:22,411] {logging_mixin.py:115} INFO - [2022-08-04 00:33:22,411] {dag.py:2420} INFO - Sync 2 DAGs
[2022-08-04 00:33:22,440] {logging_mixin.py:115} INFO - [2022-08-04 00:33:22,440] {dag.py:2972} INFO - Setting next_dagrun for example_external_task_marker_child to None, run_after=None
[2022-08-04 00:33:22,443] {logging_mixin.py:115} INFO - [2022-08-04 00:33:22,443] {dag.py:2972} INFO - Setting next_dagrun for example_external_task_marker_parent to None, run_after=None
[2022-08-04 00:33:22,459] {processor.py:161} INFO - Processing /home/airflow/.local/lib/python3.7/site-packages/airflow/example_dags/example_external_task_marker_dag.py took 0.163 seconds
[2022-08-04 00:33:53,161] {processor.py:153} INFO - Started process (PID=23870) to work on /home/airflow/.local/lib/python3.7/site-packages/airflow/example_dags/example_external_task_marker_dag.py
[2022-08-04 00:33:53,166] {processor.py:641} INFO - Processing file /home/airflow/.local/lib/python3.7/site-packages/airflow/example_dags/example_external_task_marker_dag.py for tasks to queue
[2022-08-04 00:33:53,170] {logging_mixin.py:115} INFO - [2022-08-04 00:33:53,170] {dagbag.py:508} INFO - Filling up the DagBag from /home/airflow/.local/lib/python3.7/site-packages/airflow/example_dags/example_external_task_marker_dag.py
[2022-08-04 00:33:53,177] {processor.py:651} INFO - DAG(s) dict_keys(['example_external_task_marker_parent', 'example_external_task_marker_child']) retrieved from /home/airflow/.local/lib/python3.7/site-packages/airflow/example_dags/example_external_task_marker_dag.py
[2022-08-04 00:33:53,242] {logging_mixin.py:115} INFO - [2022-08-04 00:33:53,242] {dag.py:2420} INFO - Sync 2 DAGs
[2022-08-04 00:33:53,270] {logging_mixin.py:115} INFO - [2022-08-04 00:33:53,270] {dag.py:2972} INFO - Setting next_dagrun for example_external_task_marker_child to None, run_after=None
[2022-08-04 00:33:53,273] {logging_mixin.py:115} INFO - [2022-08-04 00:33:53,273] {dag.py:2972} INFO - Setting next_dagrun for example_external_task_marker_parent to None, run_after=None
[2022-08-04 00:33:53,291] {processor.py:161} INFO - Processing /home/airflow/.local/lib/python3.7/site-packages/airflow/example_dags/example_external_task_marker_dag.py took 0.134 seconds
[2022-08-04 00:34:24,708] {processor.py:153} INFO - Started process (PID=23934) to work on /home/airflow/.local/lib/python3.7/site-packages/airflow/example_dags/example_external_task_marker_dag.py
[2022-08-04 00:34:24,714] {processor.py:641} INFO - Processing file /home/airflow/.local/lib/python3.7/site-packages/airflow/example_dags/example_external_task_marker_dag.py for tasks to queue
[2022-08-04 00:34:24,732] {logging_mixin.py:115} INFO - [2022-08-04 00:34:24,731] {dagbag.py:508} INFO - Filling up the DagBag from /home/airflow/.local/lib/python3.7/site-packages/airflow/example_dags/example_external_task_marker_dag.py
[2022-08-04 00:34:24,756] {processor.py:651} INFO - DAG(s) dict_keys(['example_external_task_marker_parent', 'example_external_task_marker_child']) retrieved from /home/airflow/.local/lib/python3.7/site-packages/airflow/example_dags/example_external_task_marker_dag.py
[2022-08-04 00:34:24,949] {logging_mixin.py:115} INFO - [2022-08-04 00:34:24,949] {dag.py:2420} INFO - Sync 2 DAGs
[2022-08-04 00:34:25,006] {logging_mixin.py:115} INFO - [2022-08-04 00:34:25,006] {dag.py:2972} INFO - Setting next_dagrun for example_external_task_marker_child to None, run_after=None
[2022-08-04 00:34:25,016] {logging_mixin.py:115} INFO - [2022-08-04 00:34:25,016] {dag.py:2972} INFO - Setting next_dagrun for example_external_task_marker_parent to None, run_after=None
[2022-08-04 00:34:25,059] {processor.py:161} INFO - Processing /home/airflow/.local/lib/python3.7/site-packages/airflow/example_dags/example_external_task_marker_dag.py took 0.367 seconds
[2022-08-04 00:34:55,717] {processor.py:153} INFO - Started process (PID=23988) to work on /home/airflow/.local/lib/python3.7/site-packages/airflow/example_dags/example_external_task_marker_dag.py
[2022-08-04 00:34:55,721] {processor.py:641} INFO - Processing file /home/airflow/.local/lib/python3.7/site-packages/airflow/example_dags/example_external_task_marker_dag.py for tasks to queue
[2022-08-04 00:34:55,726] {logging_mixin.py:115} INFO - [2022-08-04 00:34:55,726] {dagbag.py:508} INFO - Filling up the DagBag from /home/airflow/.local/lib/python3.7/site-packages/airflow/example_dags/example_external_task_marker_dag.py
[2022-08-04 00:34:55,738] {processor.py:651} INFO - DAG(s) dict_keys(['example_external_task_marker_parent', 'example_external_task_marker_child']) retrieved from /home/airflow/.local/lib/python3.7/site-packages/airflow/example_dags/example_external_task_marker_dag.py
[2022-08-04 00:34:55,822] {logging_mixin.py:115} INFO - [2022-08-04 00:34:55,822] {dag.py:2420} INFO - Sync 2 DAGs
[2022-08-04 00:34:55,862] {logging_mixin.py:115} INFO - [2022-08-04 00:34:55,862] {dag.py:2972} INFO - Setting next_dagrun for example_external_task_marker_child to None, run_after=None
[2022-08-04 00:34:55,869] {logging_mixin.py:115} INFO - [2022-08-04 00:34:55,869] {dag.py:2972} INFO - Setting next_dagrun for example_external_task_marker_parent to None, run_after=None
[2022-08-04 00:34:55,901] {processor.py:161} INFO - Processing /home/airflow/.local/lib/python3.7/site-packages/airflow/example_dags/example_external_task_marker_dag.py took 0.191 seconds
[2022-08-04 00:35:26,362] {processor.py:153} INFO - Started process (PID=24042) to work on /home/airflow/.local/lib/python3.7/site-packages/airflow/example_dags/example_external_task_marker_dag.py
[2022-08-04 00:35:26,365] {processor.py:641} INFO - Processing file /home/airflow/.local/lib/python3.7/site-packages/airflow/example_dags/example_external_task_marker_dag.py for tasks to queue
[2022-08-04 00:35:26,370] {logging_mixin.py:115} INFO - [2022-08-04 00:35:26,370] {dagbag.py:508} INFO - Filling up the DagBag from /home/airflow/.local/lib/python3.7/site-packages/airflow/example_dags/example_external_task_marker_dag.py
[2022-08-04 00:35:26,381] {processor.py:651} INFO - DAG(s) dict_keys(['example_external_task_marker_parent', 'example_external_task_marker_child']) retrieved from /home/airflow/.local/lib/python3.7/site-packages/airflow/example_dags/example_external_task_marker_dag.py
[2022-08-04 00:35:26,503] {logging_mixin.py:115} INFO - [2022-08-04 00:35:26,503] {dag.py:2420} INFO - Sync 2 DAGs
[2022-08-04 00:35:26,554] {logging_mixin.py:115} INFO - [2022-08-04 00:35:26,554] {dag.py:2972} INFO - Setting next_dagrun for example_external_task_marker_child to None, run_after=None
[2022-08-04 00:35:26,565] {logging_mixin.py:115} INFO - [2022-08-04 00:35:26,565] {dag.py:2972} INFO - Setting next_dagrun for example_external_task_marker_parent to None, run_after=None
[2022-08-04 00:35:26,597] {processor.py:161} INFO - Processing /home/airflow/.local/lib/python3.7/site-packages/airflow/example_dags/example_external_task_marker_dag.py took 0.239 seconds
[2022-08-04 00:35:57,400] {processor.py:153} INFO - Started process (PID=24103) to work on /home/airflow/.local/lib/python3.7/site-packages/airflow/example_dags/example_external_task_marker_dag.py
[2022-08-04 00:35:57,405] {processor.py:641} INFO - Processing file /home/airflow/.local/lib/python3.7/site-packages/airflow/example_dags/example_external_task_marker_dag.py for tasks to queue
[2022-08-04 00:35:57,413] {logging_mixin.py:115} INFO - [2022-08-04 00:35:57,413] {dagbag.py:508} INFO - Filling up the DagBag from /home/airflow/.local/lib/python3.7/site-packages/airflow/example_dags/example_external_task_marker_dag.py
[2022-08-04 00:35:57,428] {processor.py:651} INFO - DAG(s) dict_keys(['example_external_task_marker_parent', 'example_external_task_marker_child']) retrieved from /home/airflow/.local/lib/python3.7/site-packages/airflow/example_dags/example_external_task_marker_dag.py
[2022-08-04 00:35:57,536] {logging_mixin.py:115} INFO - [2022-08-04 00:35:57,536] {dag.py:2420} INFO - Sync 2 DAGs
[2022-08-04 00:35:57,623] {logging_mixin.py:115} INFO - [2022-08-04 00:35:57,623] {dag.py:2972} INFO - Setting next_dagrun for example_external_task_marker_child to None, run_after=None
[2022-08-04 00:35:57,631] {logging_mixin.py:115} INFO - [2022-08-04 00:35:57,631] {dag.py:2972} INFO - Setting next_dagrun for example_external_task_marker_parent to None, run_after=None
[2022-08-04 00:35:57,657] {processor.py:161} INFO - Processing /home/airflow/.local/lib/python3.7/site-packages/airflow/example_dags/example_external_task_marker_dag.py took 0.264 seconds
[2022-08-04 00:36:28,417] {processor.py:153} INFO - Started process (PID=24157) to work on /home/airflow/.local/lib/python3.7/site-packages/airflow/example_dags/example_external_task_marker_dag.py
[2022-08-04 00:36:28,421] {processor.py:641} INFO - Processing file /home/airflow/.local/lib/python3.7/site-packages/airflow/example_dags/example_external_task_marker_dag.py for tasks to queue
[2022-08-04 00:36:28,427] {logging_mixin.py:115} INFO - [2022-08-04 00:36:28,426] {dagbag.py:508} INFO - Filling up the DagBag from /home/airflow/.local/lib/python3.7/site-packages/airflow/example_dags/example_external_task_marker_dag.py
[2022-08-04 00:36:28,444] {processor.py:651} INFO - DAG(s) dict_keys(['example_external_task_marker_parent', 'example_external_task_marker_child']) retrieved from /home/airflow/.local/lib/python3.7/site-packages/airflow/example_dags/example_external_task_marker_dag.py
[2022-08-04 00:36:28,609] {logging_mixin.py:115} INFO - [2022-08-04 00:36:28,609] {dag.py:2420} INFO - Sync 2 DAGs
[2022-08-04 00:36:28,658] {logging_mixin.py:115} INFO - [2022-08-04 00:36:28,658] {dag.py:2972} INFO - Setting next_dagrun for example_external_task_marker_child to None, run_after=None
[2022-08-04 00:36:28,662] {logging_mixin.py:115} INFO - [2022-08-04 00:36:28,662] {dag.py:2972} INFO - Setting next_dagrun for example_external_task_marker_parent to None, run_after=None
[2022-08-04 00:36:28,705] {processor.py:161} INFO - Processing /home/airflow/.local/lib/python3.7/site-packages/airflow/example_dags/example_external_task_marker_dag.py took 0.293 seconds
[2022-08-04 00:36:58,934] {processor.py:153} INFO - Started process (PID=24219) to work on /home/airflow/.local/lib/python3.7/site-packages/airflow/example_dags/example_external_task_marker_dag.py
[2022-08-04 00:36:58,941] {processor.py:641} INFO - Processing file /home/airflow/.local/lib/python3.7/site-packages/airflow/example_dags/example_external_task_marker_dag.py for tasks to queue
[2022-08-04 00:36:58,950] {logging_mixin.py:115} INFO - [2022-08-04 00:36:58,950] {dagbag.py:508} INFO - Filling up the DagBag from /home/airflow/.local/lib/python3.7/site-packages/airflow/example_dags/example_external_task_marker_dag.py
[2022-08-04 00:36:58,994] {processor.py:651} INFO - DAG(s) dict_keys(['example_external_task_marker_parent', 'example_external_task_marker_child']) retrieved from /home/airflow/.local/lib/python3.7/site-packages/airflow/example_dags/example_external_task_marker_dag.py
[2022-08-04 00:36:59,124] {logging_mixin.py:115} INFO - [2022-08-04 00:36:59,124] {dag.py:2420} INFO - Sync 2 DAGs
[2022-08-04 00:36:59,195] {logging_mixin.py:115} INFO - [2022-08-04 00:36:59,194] {dag.py:2972} INFO - Setting next_dagrun for example_external_task_marker_child to None, run_after=None
[2022-08-04 00:36:59,215] {logging_mixin.py:115} INFO - [2022-08-04 00:36:59,215] {dag.py:2972} INFO - Setting next_dagrun for example_external_task_marker_parent to None, run_after=None
[2022-08-04 00:36:59,274] {processor.py:161} INFO - Processing /home/airflow/.local/lib/python3.7/site-packages/airflow/example_dags/example_external_task_marker_dag.py took 0.349 seconds
[2022-08-04 00:37:29,997] {processor.py:153} INFO - Started process (PID=24273) to work on /home/airflow/.local/lib/python3.7/site-packages/airflow/example_dags/example_external_task_marker_dag.py
[2022-08-04 00:37:30,002] {processor.py:641} INFO - Processing file /home/airflow/.local/lib/python3.7/site-packages/airflow/example_dags/example_external_task_marker_dag.py for tasks to queue
[2022-08-04 00:37:30,006] {logging_mixin.py:115} INFO - [2022-08-04 00:37:30,006] {dagbag.py:508} INFO - Filling up the DagBag from /home/airflow/.local/lib/python3.7/site-packages/airflow/example_dags/example_external_task_marker_dag.py
[2022-08-04 00:37:30,020] {processor.py:651} INFO - DAG(s) dict_keys(['example_external_task_marker_parent', 'example_external_task_marker_child']) retrieved from /home/airflow/.local/lib/python3.7/site-packages/airflow/example_dags/example_external_task_marker_dag.py
[2022-08-04 00:37:30,114] {logging_mixin.py:115} INFO - [2022-08-04 00:37:30,114] {dag.py:2420} INFO - Sync 2 DAGs
[2022-08-04 00:37:30,151] {logging_mixin.py:115} INFO - [2022-08-04 00:37:30,151] {dag.py:2972} INFO - Setting next_dagrun for example_external_task_marker_child to None, run_after=None
[2022-08-04 00:37:30,153] {logging_mixin.py:115} INFO - [2022-08-04 00:37:30,153] {dag.py:2972} INFO - Setting next_dagrun for example_external_task_marker_parent to None, run_after=None
[2022-08-04 00:37:30,176] {processor.py:161} INFO - Processing /home/airflow/.local/lib/python3.7/site-packages/airflow/example_dags/example_external_task_marker_dag.py took 0.187 seconds
[2022-08-04 00:38:06,884] {processor.py:153} INFO - Started process (PID=24338) to work on /home/airflow/.local/lib/python3.7/site-packages/airflow/example_dags/example_external_task_marker_dag.py
[2022-08-04 00:38:06,908] {processor.py:641} INFO - Processing file /home/airflow/.local/lib/python3.7/site-packages/airflow/example_dags/example_external_task_marker_dag.py for tasks to queue
[2022-08-04 00:38:06,924] {logging_mixin.py:115} INFO - [2022-08-04 00:38:06,924] {dagbag.py:508} INFO - Filling up the DagBag from /home/airflow/.local/lib/python3.7/site-packages/airflow/example_dags/example_external_task_marker_dag.py
[2022-08-04 00:38:06,946] {processor.py:651} INFO - DAG(s) dict_keys(['example_external_task_marker_parent', 'example_external_task_marker_child']) retrieved from /home/airflow/.local/lib/python3.7/site-packages/airflow/example_dags/example_external_task_marker_dag.py
[2022-08-04 00:38:07,054] {logging_mixin.py:115} INFO - [2022-08-04 00:38:07,054] {dag.py:2420} INFO - Sync 2 DAGs
[2022-08-04 00:38:07,120] {logging_mixin.py:115} INFO - [2022-08-04 00:38:07,120] {dag.py:2972} INFO - Setting next_dagrun for example_external_task_marker_child to None, run_after=None
[2022-08-04 00:38:07,128] {logging_mixin.py:115} INFO - [2022-08-04 00:38:07,128] {dag.py:2972} INFO - Setting next_dagrun for example_external_task_marker_parent to None, run_after=None
[2022-08-04 00:38:07,184] {processor.py:161} INFO - Processing /home/airflow/.local/lib/python3.7/site-packages/airflow/example_dags/example_external_task_marker_dag.py took 0.310 seconds
