[2022-08-04 00:00:19,138] {processor.py:153} INFO - Started process (PID=22358) to work on /home/airflow/.local/lib/python3.7/site-packages/airflow/example_dags/example_sla_dag.py
[2022-08-04 00:00:19,146] {processor.py:641} INFO - Processing file /home/airflow/.local/lib/python3.7/site-packages/airflow/example_dags/example_sla_dag.py for tasks to queue
[2022-08-04 00:00:19,151] {logging_mixin.py:115} INFO - [2022-08-04 00:00:19,151] {dagbag.py:508} INFO - Filling up the DagBag from /home/airflow/.local/lib/python3.7/site-packages/airflow/example_dags/example_sla_dag.py
[2022-08-04 00:00:19,189] {processor.py:651} INFO - DAG(s) dict_keys(['example_sla_dag']) retrieved from /home/airflow/.local/lib/python3.7/site-packages/airflow/example_dags/example_sla_dag.py
[2022-08-04 00:00:19,253] {logging_mixin.py:115} INFO - [2022-08-04 00:00:19,253] {dag.py:2420} INFO - Sync 1 DAGs
[2022-08-04 00:00:19,295] {logging_mixin.py:115} INFO - [2022-08-04 00:00:19,295] {dag.py:2972} INFO - Setting next_dagrun for example_sla_dag to 2022-08-03T23:58:00+00:00, run_after=2022-08-04T00:00:00+00:00
[2022-08-04 00:00:19,336] {processor.py:161} INFO - Processing /home/airflow/.local/lib/python3.7/site-packages/airflow/example_dags/example_sla_dag.py took 0.203 seconds
[2022-08-04 00:00:50,090] {processor.py:153} INFO - Started process (PID=22412) to work on /home/airflow/.local/lib/python3.7/site-packages/airflow/example_dags/example_sla_dag.py
[2022-08-04 00:00:50,099] {processor.py:641} INFO - Processing file /home/airflow/.local/lib/python3.7/site-packages/airflow/example_dags/example_sla_dag.py for tasks to queue
[2022-08-04 00:00:50,104] {logging_mixin.py:115} INFO - [2022-08-04 00:00:50,104] {dagbag.py:508} INFO - Filling up the DagBag from /home/airflow/.local/lib/python3.7/site-packages/airflow/example_dags/example_sla_dag.py
[2022-08-04 00:00:50,144] {processor.py:651} INFO - DAG(s) dict_keys(['example_sla_dag']) retrieved from /home/airflow/.local/lib/python3.7/site-packages/airflow/example_dags/example_sla_dag.py
[2022-08-04 00:00:50,219] {logging_mixin.py:115} INFO - [2022-08-04 00:00:50,219] {dag.py:2420} INFO - Sync 1 DAGs
[2022-08-04 00:00:50,318] {logging_mixin.py:115} INFO - [2022-08-04 00:00:50,318] {dag.py:2972} INFO - Setting next_dagrun for example_sla_dag to 2022-08-03T23:58:00+00:00, run_after=2022-08-04T00:00:00+00:00
[2022-08-04 00:00:50,352] {processor.py:161} INFO - Processing /home/airflow/.local/lib/python3.7/site-packages/airflow/example_dags/example_sla_dag.py took 0.267 seconds
[2022-08-04 00:01:21,641] {processor.py:153} INFO - Started process (PID=22476) to work on /home/airflow/.local/lib/python3.7/site-packages/airflow/example_dags/example_sla_dag.py
[2022-08-04 00:01:21,651] {processor.py:641} INFO - Processing file /home/airflow/.local/lib/python3.7/site-packages/airflow/example_dags/example_sla_dag.py for tasks to queue
[2022-08-04 00:01:21,660] {logging_mixin.py:115} INFO - [2022-08-04 00:01:21,660] {dagbag.py:508} INFO - Filling up the DagBag from /home/airflow/.local/lib/python3.7/site-packages/airflow/example_dags/example_sla_dag.py
[2022-08-04 00:01:21,715] {processor.py:651} INFO - DAG(s) dict_keys(['example_sla_dag']) retrieved from /home/airflow/.local/lib/python3.7/site-packages/airflow/example_dags/example_sla_dag.py
[2022-08-04 00:01:21,864] {logging_mixin.py:115} INFO - [2022-08-04 00:01:21,864] {dag.py:2420} INFO - Sync 1 DAGs
[2022-08-04 00:01:22,019] {logging_mixin.py:115} INFO - [2022-08-04 00:01:22,019] {dag.py:2972} INFO - Setting next_dagrun for example_sla_dag to 2022-08-03T23:58:00+00:00, run_after=2022-08-04T00:00:00+00:00
[2022-08-04 00:01:22,077] {processor.py:161} INFO - Processing /home/airflow/.local/lib/python3.7/site-packages/airflow/example_dags/example_sla_dag.py took 0.445 seconds
[2022-08-04 00:01:52,443] {processor.py:153} INFO - Started process (PID=22530) to work on /home/airflow/.local/lib/python3.7/site-packages/airflow/example_dags/example_sla_dag.py
[2022-08-04 00:01:52,446] {processor.py:641} INFO - Processing file /home/airflow/.local/lib/python3.7/site-packages/airflow/example_dags/example_sla_dag.py for tasks to queue
[2022-08-04 00:01:52,450] {logging_mixin.py:115} INFO - [2022-08-04 00:01:52,450] {dagbag.py:508} INFO - Filling up the DagBag from /home/airflow/.local/lib/python3.7/site-packages/airflow/example_dags/example_sla_dag.py
[2022-08-04 00:01:52,473] {processor.py:651} INFO - DAG(s) dict_keys(['example_sla_dag']) retrieved from /home/airflow/.local/lib/python3.7/site-packages/airflow/example_dags/example_sla_dag.py
[2022-08-04 00:01:52,508] {logging_mixin.py:115} INFO - [2022-08-04 00:01:52,508] {dag.py:2420} INFO - Sync 1 DAGs
[2022-08-04 00:01:52,541] {logging_mixin.py:115} INFO - [2022-08-04 00:01:52,541] {dag.py:2972} INFO - Setting next_dagrun for example_sla_dag to 2022-08-03T23:58:00+00:00, run_after=2022-08-04T00:00:00+00:00
[2022-08-04 00:01:52,564] {processor.py:161} INFO - Processing /home/airflow/.local/lib/python3.7/site-packages/airflow/example_dags/example_sla_dag.py took 0.126 seconds
[2022-08-04 00:02:22,772] {processor.py:153} INFO - Started process (PID=22583) to work on /home/airflow/.local/lib/python3.7/site-packages/airflow/example_dags/example_sla_dag.py
[2022-08-04 00:02:22,814] {processor.py:641} INFO - Processing file /home/airflow/.local/lib/python3.7/site-packages/airflow/example_dags/example_sla_dag.py for tasks to queue
[2022-08-04 00:02:22,820] {logging_mixin.py:115} INFO - [2022-08-04 00:02:22,820] {dagbag.py:508} INFO - Filling up the DagBag from /home/airflow/.local/lib/python3.7/site-packages/airflow/example_dags/example_sla_dag.py
[2022-08-04 00:02:22,856] {processor.py:651} INFO - DAG(s) dict_keys(['example_sla_dag']) retrieved from /home/airflow/.local/lib/python3.7/site-packages/airflow/example_dags/example_sla_dag.py
[2022-08-04 00:02:22,901] {logging_mixin.py:115} INFO - [2022-08-04 00:02:22,901] {dag.py:2420} INFO - Sync 1 DAGs
[2022-08-04 00:02:22,935] {logging_mixin.py:115} INFO - [2022-08-04 00:02:22,935] {dag.py:2972} INFO - Setting next_dagrun for example_sla_dag to 2022-08-04T00:00:00+00:00, run_after=2022-08-04T00:02:00+00:00
[2022-08-04 00:02:22,966] {processor.py:161} INFO - Processing /home/airflow/.local/lib/python3.7/site-packages/airflow/example_dags/example_sla_dag.py took 0.200 seconds
[2022-08-04 00:02:53,859] {processor.py:153} INFO - Started process (PID=22647) to work on /home/airflow/.local/lib/python3.7/site-packages/airflow/example_dags/example_sla_dag.py
[2022-08-04 00:02:53,888] {processor.py:641} INFO - Processing file /home/airflow/.local/lib/python3.7/site-packages/airflow/example_dags/example_sla_dag.py for tasks to queue
[2022-08-04 00:02:53,892] {logging_mixin.py:115} INFO - [2022-08-04 00:02:53,892] {dagbag.py:508} INFO - Filling up the DagBag from /home/airflow/.local/lib/python3.7/site-packages/airflow/example_dags/example_sla_dag.py
[2022-08-04 00:02:53,935] {processor.py:651} INFO - DAG(s) dict_keys(['example_sla_dag']) retrieved from /home/airflow/.local/lib/python3.7/site-packages/airflow/example_dags/example_sla_dag.py
[2022-08-04 00:02:53,984] {logging_mixin.py:115} INFO - [2022-08-04 00:02:53,983] {dag.py:2420} INFO - Sync 1 DAGs
[2022-08-04 00:02:54,020] {logging_mixin.py:115} INFO - [2022-08-04 00:02:54,020] {dag.py:2972} INFO - Setting next_dagrun for example_sla_dag to 2022-08-04T00:00:00+00:00, run_after=2022-08-04T00:02:00+00:00
[2022-08-04 00:02:54,037] {processor.py:161} INFO - Processing /home/airflow/.local/lib/python3.7/site-packages/airflow/example_dags/example_sla_dag.py took 0.182 seconds
[2022-08-04 00:03:24,952] {processor.py:153} INFO - Started process (PID=22708) to work on /home/airflow/.local/lib/python3.7/site-packages/airflow/example_dags/example_sla_dag.py
[2022-08-04 00:03:24,956] {processor.py:641} INFO - Processing file /home/airflow/.local/lib/python3.7/site-packages/airflow/example_dags/example_sla_dag.py for tasks to queue
[2022-08-04 00:03:24,963] {logging_mixin.py:115} INFO - [2022-08-04 00:03:24,963] {dagbag.py:508} INFO - Filling up the DagBag from /home/airflow/.local/lib/python3.7/site-packages/airflow/example_dags/example_sla_dag.py
[2022-08-04 00:03:25,020] {processor.py:651} INFO - DAG(s) dict_keys(['example_sla_dag']) retrieved from /home/airflow/.local/lib/python3.7/site-packages/airflow/example_dags/example_sla_dag.py
[2022-08-04 00:03:25,081] {logging_mixin.py:115} INFO - [2022-08-04 00:03:25,081] {dag.py:2420} INFO - Sync 1 DAGs
[2022-08-04 00:03:25,141] {logging_mixin.py:115} INFO - [2022-08-04 00:03:25,141] {dag.py:2972} INFO - Setting next_dagrun for example_sla_dag to 2022-08-04T00:00:00+00:00, run_after=2022-08-04T00:02:00+00:00
[2022-08-04 00:03:25,197] {processor.py:161} INFO - Processing /home/airflow/.local/lib/python3.7/site-packages/airflow/example_dags/example_sla_dag.py took 0.250 seconds
[2022-08-04 00:03:55,370] {processor.py:153} INFO - Started process (PID=22764) to work on /home/airflow/.local/lib/python3.7/site-packages/airflow/example_dags/example_sla_dag.py
[2022-08-04 00:03:55,374] {processor.py:641} INFO - Processing file /home/airflow/.local/lib/python3.7/site-packages/airflow/example_dags/example_sla_dag.py for tasks to queue
[2022-08-04 00:03:55,378] {logging_mixin.py:115} INFO - [2022-08-04 00:03:55,378] {dagbag.py:508} INFO - Filling up the DagBag from /home/airflow/.local/lib/python3.7/site-packages/airflow/example_dags/example_sla_dag.py
[2022-08-04 00:03:55,408] {processor.py:651} INFO - DAG(s) dict_keys(['example_sla_dag']) retrieved from /home/airflow/.local/lib/python3.7/site-packages/airflow/example_dags/example_sla_dag.py
[2022-08-04 00:03:55,446] {logging_mixin.py:115} INFO - [2022-08-04 00:03:55,446] {dag.py:2420} INFO - Sync 1 DAGs
[2022-08-04 00:03:55,475] {logging_mixin.py:115} INFO - [2022-08-04 00:03:55,475] {dag.py:2972} INFO - Setting next_dagrun for example_sla_dag to 2022-08-04T00:00:00+00:00, run_after=2022-08-04T00:02:00+00:00
[2022-08-04 00:03:55,491] {processor.py:161} INFO - Processing /home/airflow/.local/lib/python3.7/site-packages/airflow/example_dags/example_sla_dag.py took 0.126 seconds
[2022-08-04 00:04:25,669] {processor.py:153} INFO - Started process (PID=22816) to work on /home/airflow/.local/lib/python3.7/site-packages/airflow/example_dags/example_sla_dag.py
[2022-08-04 00:04:25,675] {processor.py:641} INFO - Processing file /home/airflow/.local/lib/python3.7/site-packages/airflow/example_dags/example_sla_dag.py for tasks to queue
[2022-08-04 00:04:25,680] {logging_mixin.py:115} INFO - [2022-08-04 00:04:25,680] {dagbag.py:508} INFO - Filling up the DagBag from /home/airflow/.local/lib/python3.7/site-packages/airflow/example_dags/example_sla_dag.py
[2022-08-04 00:04:25,706] {processor.py:651} INFO - DAG(s) dict_keys(['example_sla_dag']) retrieved from /home/airflow/.local/lib/python3.7/site-packages/airflow/example_dags/example_sla_dag.py
[2022-08-04 00:04:25,742] {logging_mixin.py:115} INFO - [2022-08-04 00:04:25,742] {dag.py:2420} INFO - Sync 1 DAGs
[2022-08-04 00:04:25,774] {logging_mixin.py:115} INFO - [2022-08-04 00:04:25,774] {dag.py:2972} INFO - Setting next_dagrun for example_sla_dag to 2022-08-04T00:02:00+00:00, run_after=2022-08-04T00:04:00+00:00
[2022-08-04 00:04:25,791] {processor.py:161} INFO - Processing /home/airflow/.local/lib/python3.7/site-packages/airflow/example_dags/example_sla_dag.py took 0.129 seconds
[2022-08-04 00:04:56,634] {processor.py:153} INFO - Started process (PID=22880) to work on /home/airflow/.local/lib/python3.7/site-packages/airflow/example_dags/example_sla_dag.py
[2022-08-04 00:04:56,637] {processor.py:641} INFO - Processing file /home/airflow/.local/lib/python3.7/site-packages/airflow/example_dags/example_sla_dag.py for tasks to queue
[2022-08-04 00:04:56,643] {logging_mixin.py:115} INFO - [2022-08-04 00:04:56,643] {dagbag.py:508} INFO - Filling up the DagBag from /home/airflow/.local/lib/python3.7/site-packages/airflow/example_dags/example_sla_dag.py
[2022-08-04 00:04:56,676] {processor.py:651} INFO - DAG(s) dict_keys(['example_sla_dag']) retrieved from /home/airflow/.local/lib/python3.7/site-packages/airflow/example_dags/example_sla_dag.py
[2022-08-04 00:04:56,724] {logging_mixin.py:115} INFO - [2022-08-04 00:04:56,723] {dag.py:2420} INFO - Sync 1 DAGs
[2022-08-04 00:04:56,759] {logging_mixin.py:115} INFO - [2022-08-04 00:04:56,759] {dag.py:2972} INFO - Setting next_dagrun for example_sla_dag to 2022-08-04T00:02:00+00:00, run_after=2022-08-04T00:04:00+00:00
[2022-08-04 00:04:56,784] {processor.py:161} INFO - Processing /home/airflow/.local/lib/python3.7/site-packages/airflow/example_dags/example_sla_dag.py took 0.153 seconds
[2022-08-04 00:05:27,107] {processor.py:153} INFO - Started process (PID=22933) to work on /home/airflow/.local/lib/python3.7/site-packages/airflow/example_dags/example_sla_dag.py
[2022-08-04 00:05:27,113] {processor.py:641} INFO - Processing file /home/airflow/.local/lib/python3.7/site-packages/airflow/example_dags/example_sla_dag.py for tasks to queue
[2022-08-04 00:05:27,118] {logging_mixin.py:115} INFO - [2022-08-04 00:05:27,118] {dagbag.py:508} INFO - Filling up the DagBag from /home/airflow/.local/lib/python3.7/site-packages/airflow/example_dags/example_sla_dag.py
[2022-08-04 00:05:27,151] {processor.py:651} INFO - DAG(s) dict_keys(['example_sla_dag']) retrieved from /home/airflow/.local/lib/python3.7/site-packages/airflow/example_dags/example_sla_dag.py
[2022-08-04 00:05:27,198] {logging_mixin.py:115} INFO - [2022-08-04 00:05:27,198] {dag.py:2420} INFO - Sync 1 DAGs
[2022-08-04 00:05:27,239] {logging_mixin.py:115} INFO - [2022-08-04 00:05:27,238] {dag.py:2972} INFO - Setting next_dagrun for example_sla_dag to 2022-08-04T00:02:00+00:00, run_after=2022-08-04T00:04:00+00:00
[2022-08-04 00:05:27,259] {processor.py:161} INFO - Processing /home/airflow/.local/lib/python3.7/site-packages/airflow/example_dags/example_sla_dag.py took 0.157 seconds
[2022-08-04 00:05:57,882] {processor.py:153} INFO - Started process (PID=22997) to work on /home/airflow/.local/lib/python3.7/site-packages/airflow/example_dags/example_sla_dag.py
[2022-08-04 00:05:57,890] {processor.py:641} INFO - Processing file /home/airflow/.local/lib/python3.7/site-packages/airflow/example_dags/example_sla_dag.py for tasks to queue
[2022-08-04 00:05:57,896] {logging_mixin.py:115} INFO - [2022-08-04 00:05:57,896] {dagbag.py:508} INFO - Filling up the DagBag from /home/airflow/.local/lib/python3.7/site-packages/airflow/example_dags/example_sla_dag.py
[2022-08-04 00:05:57,958] {processor.py:651} INFO - DAG(s) dict_keys(['example_sla_dag']) retrieved from /home/airflow/.local/lib/python3.7/site-packages/airflow/example_dags/example_sla_dag.py
[2022-08-04 00:05:58,031] {logging_mixin.py:115} INFO - [2022-08-04 00:05:58,030] {dag.py:2420} INFO - Sync 1 DAGs
[2022-08-04 00:05:58,078] {logging_mixin.py:115} INFO - [2022-08-04 00:05:58,078] {dag.py:2972} INFO - Setting next_dagrun for example_sla_dag to 2022-08-04T00:02:00+00:00, run_after=2022-08-04T00:04:00+00:00
[2022-08-04 00:05:58,102] {processor.py:161} INFO - Processing /home/airflow/.local/lib/python3.7/site-packages/airflow/example_dags/example_sla_dag.py took 0.230 seconds
[2022-08-04 00:06:28,594] {processor.py:153} INFO - Started process (PID=23051) to work on /home/airflow/.local/lib/python3.7/site-packages/airflow/example_dags/example_sla_dag.py
[2022-08-04 00:06:28,601] {processor.py:641} INFO - Processing file /home/airflow/.local/lib/python3.7/site-packages/airflow/example_dags/example_sla_dag.py for tasks to queue
[2022-08-04 00:06:28,606] {logging_mixin.py:115} INFO - [2022-08-04 00:06:28,606] {dagbag.py:508} INFO - Filling up the DagBag from /home/airflow/.local/lib/python3.7/site-packages/airflow/example_dags/example_sla_dag.py
[2022-08-04 00:06:28,626] {processor.py:651} INFO - DAG(s) dict_keys(['example_sla_dag']) retrieved from /home/airflow/.local/lib/python3.7/site-packages/airflow/example_dags/example_sla_dag.py
[2022-08-04 00:06:28,667] {logging_mixin.py:115} INFO - [2022-08-04 00:06:28,667] {dag.py:2420} INFO - Sync 1 DAGs
[2022-08-04 00:06:28,698] {logging_mixin.py:115} INFO - [2022-08-04 00:06:28,698] {dag.py:2972} INFO - Setting next_dagrun for example_sla_dag to 2022-08-04T00:04:00+00:00, run_after=2022-08-04T00:06:00+00:00
[2022-08-04 00:06:28,717] {processor.py:161} INFO - Processing /home/airflow/.local/lib/python3.7/site-packages/airflow/example_dags/example_sla_dag.py took 0.130 seconds
[2022-08-04 00:06:59,242] {processor.py:153} INFO - Started process (PID=23116) to work on /home/airflow/.local/lib/python3.7/site-packages/airflow/example_dags/example_sla_dag.py
[2022-08-04 00:06:59,246] {processor.py:641} INFO - Processing file /home/airflow/.local/lib/python3.7/site-packages/airflow/example_dags/example_sla_dag.py for tasks to queue
[2022-08-04 00:06:59,250] {logging_mixin.py:115} INFO - [2022-08-04 00:06:59,250] {dagbag.py:508} INFO - Filling up the DagBag from /home/airflow/.local/lib/python3.7/site-packages/airflow/example_dags/example_sla_dag.py
[2022-08-04 00:06:59,284] {processor.py:651} INFO - DAG(s) dict_keys(['example_sla_dag']) retrieved from /home/airflow/.local/lib/python3.7/site-packages/airflow/example_dags/example_sla_dag.py
[2022-08-04 00:06:59,323] {logging_mixin.py:115} INFO - [2022-08-04 00:06:59,323] {dag.py:2420} INFO - Sync 1 DAGs
[2022-08-04 00:06:59,357] {logging_mixin.py:115} INFO - [2022-08-04 00:06:59,357] {dag.py:2972} INFO - Setting next_dagrun for example_sla_dag to 2022-08-04T00:04:00+00:00, run_after=2022-08-04T00:06:00+00:00
[2022-08-04 00:06:59,377] {processor.py:161} INFO - Processing /home/airflow/.local/lib/python3.7/site-packages/airflow/example_dags/example_sla_dag.py took 0.141 seconds
[2022-08-04 00:07:29,564] {processor.py:153} INFO - Started process (PID=23170) to work on /home/airflow/.local/lib/python3.7/site-packages/airflow/example_dags/example_sla_dag.py
[2022-08-04 00:07:29,568] {processor.py:641} INFO - Processing file /home/airflow/.local/lib/python3.7/site-packages/airflow/example_dags/example_sla_dag.py for tasks to queue
[2022-08-04 00:07:29,575] {logging_mixin.py:115} INFO - [2022-08-04 00:07:29,575] {dagbag.py:508} INFO - Filling up the DagBag from /home/airflow/.local/lib/python3.7/site-packages/airflow/example_dags/example_sla_dag.py
[2022-08-04 00:07:29,608] {processor.py:651} INFO - DAG(s) dict_keys(['example_sla_dag']) retrieved from /home/airflow/.local/lib/python3.7/site-packages/airflow/example_dags/example_sla_dag.py
[2022-08-04 00:07:29,648] {logging_mixin.py:115} INFO - [2022-08-04 00:07:29,648] {dag.py:2420} INFO - Sync 1 DAGs
[2022-08-04 00:07:29,692] {logging_mixin.py:115} INFO - [2022-08-04 00:07:29,692] {dag.py:2972} INFO - Setting next_dagrun for example_sla_dag to 2022-08-04T00:04:00+00:00, run_after=2022-08-04T00:06:00+00:00
[2022-08-04 00:07:29,714] {processor.py:161} INFO - Processing /home/airflow/.local/lib/python3.7/site-packages/airflow/example_dags/example_sla_dag.py took 0.158 seconds
[2022-08-04 00:08:00,323] {processor.py:153} INFO - Started process (PID=23234) to work on /home/airflow/.local/lib/python3.7/site-packages/airflow/example_dags/example_sla_dag.py
[2022-08-04 00:08:00,335] {processor.py:641} INFO - Processing file /home/airflow/.local/lib/python3.7/site-packages/airflow/example_dags/example_sla_dag.py for tasks to queue
[2022-08-04 00:08:00,343] {logging_mixin.py:115} INFO - [2022-08-04 00:08:00,343] {dagbag.py:508} INFO - Filling up the DagBag from /home/airflow/.local/lib/python3.7/site-packages/airflow/example_dags/example_sla_dag.py
[2022-08-04 00:08:00,382] {processor.py:651} INFO - DAG(s) dict_keys(['example_sla_dag']) retrieved from /home/airflow/.local/lib/python3.7/site-packages/airflow/example_dags/example_sla_dag.py
[2022-08-04 00:08:00,431] {logging_mixin.py:115} INFO - [2022-08-04 00:08:00,431] {dag.py:2420} INFO - Sync 1 DAGs
[2022-08-04 00:08:00,510] {logging_mixin.py:115} INFO - [2022-08-04 00:08:00,510] {dag.py:2972} INFO - Setting next_dagrun for example_sla_dag to 2022-08-04T00:06:00+00:00, run_after=2022-08-04T00:08:00+00:00
[2022-08-04 00:08:00,546] {processor.py:161} INFO - Processing /home/airflow/.local/lib/python3.7/site-packages/airflow/example_dags/example_sla_dag.py took 0.230 seconds
[2022-08-04 00:08:30,807] {processor.py:153} INFO - Started process (PID=23288) to work on /home/airflow/.local/lib/python3.7/site-packages/airflow/example_dags/example_sla_dag.py
[2022-08-04 00:08:30,814] {processor.py:641} INFO - Processing file /home/airflow/.local/lib/python3.7/site-packages/airflow/example_dags/example_sla_dag.py for tasks to queue
[2022-08-04 00:08:30,823] {logging_mixin.py:115} INFO - [2022-08-04 00:08:30,822] {dagbag.py:508} INFO - Filling up the DagBag from /home/airflow/.local/lib/python3.7/site-packages/airflow/example_dags/example_sla_dag.py
[2022-08-04 00:08:30,851] {processor.py:651} INFO - DAG(s) dict_keys(['example_sla_dag']) retrieved from /home/airflow/.local/lib/python3.7/site-packages/airflow/example_dags/example_sla_dag.py
[2022-08-04 00:08:30,892] {logging_mixin.py:115} INFO - [2022-08-04 00:08:30,891] {dag.py:2420} INFO - Sync 1 DAGs
[2022-08-04 00:08:30,923] {logging_mixin.py:115} INFO - [2022-08-04 00:08:30,923] {dag.py:2972} INFO - Setting next_dagrun for example_sla_dag to 2022-08-04T00:06:00+00:00, run_after=2022-08-04T00:08:00+00:00
[2022-08-04 00:08:30,944] {processor.py:161} INFO - Processing /home/airflow/.local/lib/python3.7/site-packages/airflow/example_dags/example_sla_dag.py took 0.141 seconds
[2022-08-04 00:09:01,369] {processor.py:153} INFO - Started process (PID=23350) to work on /home/airflow/.local/lib/python3.7/site-packages/airflow/example_dags/example_sla_dag.py
[2022-08-04 00:09:01,374] {processor.py:641} INFO - Processing file /home/airflow/.local/lib/python3.7/site-packages/airflow/example_dags/example_sla_dag.py for tasks to queue
[2022-08-04 00:09:01,380] {logging_mixin.py:115} INFO - [2022-08-04 00:09:01,380] {dagbag.py:508} INFO - Filling up the DagBag from /home/airflow/.local/lib/python3.7/site-packages/airflow/example_dags/example_sla_dag.py
[2022-08-04 00:09:01,411] {processor.py:651} INFO - DAG(s) dict_keys(['example_sla_dag']) retrieved from /home/airflow/.local/lib/python3.7/site-packages/airflow/example_dags/example_sla_dag.py
[2022-08-04 00:09:01,460] {logging_mixin.py:115} INFO - [2022-08-04 00:09:01,459] {dag.py:2420} INFO - Sync 1 DAGs
[2022-08-04 00:09:01,502] {logging_mixin.py:115} INFO - [2022-08-04 00:09:01,502] {dag.py:2972} INFO - Setting next_dagrun for example_sla_dag to 2022-08-04T00:06:00+00:00, run_after=2022-08-04T00:08:00+00:00
[2022-08-04 00:09:01,529] {processor.py:161} INFO - Processing /home/airflow/.local/lib/python3.7/site-packages/airflow/example_dags/example_sla_dag.py took 0.167 seconds
[2022-08-04 00:09:32,237] {processor.py:153} INFO - Started process (PID=23416) to work on /home/airflow/.local/lib/python3.7/site-packages/airflow/example_dags/example_sla_dag.py
[2022-08-04 00:09:32,242] {processor.py:641} INFO - Processing file /home/airflow/.local/lib/python3.7/site-packages/airflow/example_dags/example_sla_dag.py for tasks to queue
[2022-08-04 00:09:32,247] {logging_mixin.py:115} INFO - [2022-08-04 00:09:32,247] {dagbag.py:508} INFO - Filling up the DagBag from /home/airflow/.local/lib/python3.7/site-packages/airflow/example_dags/example_sla_dag.py
[2022-08-04 00:09:32,278] {processor.py:651} INFO - DAG(s) dict_keys(['example_sla_dag']) retrieved from /home/airflow/.local/lib/python3.7/site-packages/airflow/example_dags/example_sla_dag.py
[2022-08-04 00:09:32,321] {logging_mixin.py:115} INFO - [2022-08-04 00:09:32,321] {dag.py:2420} INFO - Sync 1 DAGs
[2022-08-04 00:09:32,359] {logging_mixin.py:115} INFO - [2022-08-04 00:09:32,359] {dag.py:2972} INFO - Setting next_dagrun for example_sla_dag to 2022-08-04T00:06:00+00:00, run_after=2022-08-04T00:08:00+00:00
[2022-08-04 00:09:32,382] {processor.py:161} INFO - Processing /home/airflow/.local/lib/python3.7/site-packages/airflow/example_dags/example_sla_dag.py took 0.153 seconds
[2022-08-04 00:10:10,892] {processor.py:153} INFO - Started process (PID=23473) to work on /home/airflow/.local/lib/python3.7/site-packages/airflow/example_dags/example_sla_dag.py
[2022-08-04 00:10:10,899] {processor.py:641} INFO - Processing file /home/airflow/.local/lib/python3.7/site-packages/airflow/example_dags/example_sla_dag.py for tasks to queue
[2022-08-04 00:10:10,905] {logging_mixin.py:115} INFO - [2022-08-04 00:10:10,904] {dagbag.py:508} INFO - Filling up the DagBag from /home/airflow/.local/lib/python3.7/site-packages/airflow/example_dags/example_sla_dag.py
[2022-08-04 00:10:10,973] {processor.py:651} INFO - DAG(s) dict_keys(['example_sla_dag']) retrieved from /home/airflow/.local/lib/python3.7/site-packages/airflow/example_dags/example_sla_dag.py
[2022-08-04 00:10:11,051] {logging_mixin.py:115} INFO - [2022-08-04 00:10:11,050] {dag.py:2420} INFO - Sync 1 DAGs
[2022-08-04 00:10:11,122] {logging_mixin.py:115} INFO - [2022-08-04 00:10:11,122] {dag.py:2972} INFO - Setting next_dagrun for example_sla_dag to 2022-08-04T00:08:00+00:00, run_after=2022-08-04T00:10:00+00:00
[2022-08-04 00:10:11,153] {processor.py:161} INFO - Processing /home/airflow/.local/lib/python3.7/site-packages/airflow/example_dags/example_sla_dag.py took 0.301 seconds
[2022-08-04 00:11:09,069] {processor.py:153} INFO - Started process (PID=23538) to work on /home/airflow/.local/lib/python3.7/site-packages/airflow/example_dags/example_sla_dag.py
[2022-08-04 00:11:09,082] {processor.py:641} INFO - Processing file /home/airflow/.local/lib/python3.7/site-packages/airflow/example_dags/example_sla_dag.py for tasks to queue
[2022-08-04 00:11:09,087] {logging_mixin.py:115} INFO - [2022-08-04 00:11:09,087] {dagbag.py:508} INFO - Filling up the DagBag from /home/airflow/.local/lib/python3.7/site-packages/airflow/example_dags/example_sla_dag.py
[2022-08-04 00:11:09,138] {processor.py:651} INFO - DAG(s) dict_keys(['example_sla_dag']) retrieved from /home/airflow/.local/lib/python3.7/site-packages/airflow/example_dags/example_sla_dag.py
[2022-08-04 00:11:09,265] {logging_mixin.py:115} INFO - [2022-08-04 00:11:09,265] {dag.py:2420} INFO - Sync 1 DAGs
[2022-08-04 00:11:09,477] {logging_mixin.py:115} INFO - [2022-08-04 00:11:09,477] {dag.py:2972} INFO - Setting next_dagrun for example_sla_dag to 2022-08-04T00:08:00+00:00, run_after=2022-08-04T00:10:00+00:00
[2022-08-04 00:11:09,686] {processor.py:161} INFO - Processing /home/airflow/.local/lib/python3.7/site-packages/airflow/example_dags/example_sla_dag.py took 0.624 seconds
[2022-08-04 00:11:39,826] {processor.py:153} INFO - Started process (PID=23601) to work on /home/airflow/.local/lib/python3.7/site-packages/airflow/example_dags/example_sla_dag.py
[2022-08-04 00:11:39,834] {processor.py:641} INFO - Processing file /home/airflow/.local/lib/python3.7/site-packages/airflow/example_dags/example_sla_dag.py for tasks to queue
[2022-08-04 00:11:39,840] {logging_mixin.py:115} INFO - [2022-08-04 00:11:39,839] {dagbag.py:508} INFO - Filling up the DagBag from /home/airflow/.local/lib/python3.7/site-packages/airflow/example_dags/example_sla_dag.py
[2022-08-04 00:11:39,872] {processor.py:651} INFO - DAG(s) dict_keys(['example_sla_dag']) retrieved from /home/airflow/.local/lib/python3.7/site-packages/airflow/example_dags/example_sla_dag.py
[2022-08-04 00:11:39,913] {logging_mixin.py:115} INFO - [2022-08-04 00:11:39,913] {dag.py:2420} INFO - Sync 1 DAGs
[2022-08-04 00:11:39,944] {logging_mixin.py:115} INFO - [2022-08-04 00:11:39,944] {dag.py:2972} INFO - Setting next_dagrun for example_sla_dag to 2022-08-04T00:08:00+00:00, run_after=2022-08-04T00:10:00+00:00
[2022-08-04 00:11:39,961] {processor.py:161} INFO - Processing /home/airflow/.local/lib/python3.7/site-packages/airflow/example_dags/example_sla_dag.py took 0.142 seconds
[2022-08-04 00:14:58,167] {processor.py:153} INFO - Started process (PID=23655) to work on /home/airflow/.local/lib/python3.7/site-packages/airflow/example_dags/example_sla_dag.py
[2022-08-04 00:14:58,179] {processor.py:641} INFO - Processing file /home/airflow/.local/lib/python3.7/site-packages/airflow/example_dags/example_sla_dag.py for tasks to queue
[2022-08-04 00:14:58,194] {logging_mixin.py:115} INFO - [2022-08-04 00:14:58,194] {dagbag.py:508} INFO - Filling up the DagBag from /home/airflow/.local/lib/python3.7/site-packages/airflow/example_dags/example_sla_dag.py
[2022-08-04 00:14:58,255] {processor.py:651} INFO - DAG(s) dict_keys(['example_sla_dag']) retrieved from /home/airflow/.local/lib/python3.7/site-packages/airflow/example_dags/example_sla_dag.py
[2022-08-04 00:14:58,368] {logging_mixin.py:115} INFO - [2022-08-04 00:14:58,368] {dag.py:2420} INFO - Sync 1 DAGs
[2022-08-04 00:14:58,440] {logging_mixin.py:115} INFO - [2022-08-04 00:14:58,440] {dag.py:2972} INFO - Setting next_dagrun for example_sla_dag to 2022-08-04T00:12:00+00:00, run_after=2022-08-04T00:14:00+00:00
[2022-08-04 00:14:58,478] {processor.py:161} INFO - Processing /home/airflow/.local/lib/python3.7/site-packages/airflow/example_dags/example_sla_dag.py took 0.327 seconds
[2022-08-04 00:15:39,866] {processor.py:153} INFO - Started process (PID=23719) to work on /home/airflow/.local/lib/python3.7/site-packages/airflow/example_dags/example_sla_dag.py
[2022-08-04 00:15:39,891] {processor.py:641} INFO - Processing file /home/airflow/.local/lib/python3.7/site-packages/airflow/example_dags/example_sla_dag.py for tasks to queue
[2022-08-04 00:15:39,908] {logging_mixin.py:115} INFO - [2022-08-04 00:15:39,907] {dagbag.py:508} INFO - Filling up the DagBag from /home/airflow/.local/lib/python3.7/site-packages/airflow/example_dags/example_sla_dag.py
[2022-08-04 00:15:40,001] {processor.py:651} INFO - DAG(s) dict_keys(['example_sla_dag']) retrieved from /home/airflow/.local/lib/python3.7/site-packages/airflow/example_dags/example_sla_dag.py
[2022-08-04 00:15:40,202] {logging_mixin.py:115} INFO - [2022-08-04 00:15:40,201] {dag.py:2420} INFO - Sync 1 DAGs
[2022-08-04 00:15:40,308] {logging_mixin.py:115} INFO - [2022-08-04 00:15:40,308] {dag.py:2972} INFO - Setting next_dagrun for example_sla_dag to 2022-08-04T00:12:00+00:00, run_after=2022-08-04T00:14:00+00:00
[2022-08-04 00:15:40,350] {processor.py:161} INFO - Processing /home/airflow/.local/lib/python3.7/site-packages/airflow/example_dags/example_sla_dag.py took 0.501 seconds
[2022-08-04 00:32:55,500] {processor.py:153} INFO - Started process (PID=23774) to work on /home/airflow/.local/lib/python3.7/site-packages/airflow/example_dags/example_sla_dag.py
[2022-08-04 00:32:55,516] {processor.py:641} INFO - Processing file /home/airflow/.local/lib/python3.7/site-packages/airflow/example_dags/example_sla_dag.py for tasks to queue
[2022-08-04 00:32:55,535] {logging_mixin.py:115} INFO - [2022-08-04 00:32:55,535] {dagbag.py:508} INFO - Filling up the DagBag from /home/airflow/.local/lib/python3.7/site-packages/airflow/example_dags/example_sla_dag.py
[2022-08-04 00:32:55,636] {processor.py:651} INFO - DAG(s) dict_keys(['example_sla_dag']) retrieved from /home/airflow/.local/lib/python3.7/site-packages/airflow/example_dags/example_sla_dag.py
[2022-08-04 00:32:55,816] {logging_mixin.py:115} INFO - [2022-08-04 00:32:55,816] {dag.py:2420} INFO - Sync 1 DAGs
[2022-08-04 00:32:56,049] {logging_mixin.py:115} INFO - [2022-08-04 00:32:56,049] {dag.py:2972} INFO - Setting next_dagrun for example_sla_dag to 2022-08-04T00:30:00+00:00, run_after=2022-08-04T00:32:00+00:00
[2022-08-04 00:32:56,123] {processor.py:161} INFO - Processing /home/airflow/.local/lib/python3.7/site-packages/airflow/example_dags/example_sla_dag.py took 0.642 seconds
[2022-08-04 00:33:26,998] {processor.py:153} INFO - Started process (PID=23829) to work on /home/airflow/.local/lib/python3.7/site-packages/airflow/example_dags/example_sla_dag.py
[2022-08-04 00:33:27,007] {processor.py:641} INFO - Processing file /home/airflow/.local/lib/python3.7/site-packages/airflow/example_dags/example_sla_dag.py for tasks to queue
[2022-08-04 00:33:27,018] {logging_mixin.py:115} INFO - [2022-08-04 00:33:27,018] {dagbag.py:508} INFO - Filling up the DagBag from /home/airflow/.local/lib/python3.7/site-packages/airflow/example_dags/example_sla_dag.py
[2022-08-04 00:33:27,061] {processor.py:651} INFO - DAG(s) dict_keys(['example_sla_dag']) retrieved from /home/airflow/.local/lib/python3.7/site-packages/airflow/example_dags/example_sla_dag.py
[2022-08-04 00:33:27,117] {logging_mixin.py:115} INFO - [2022-08-04 00:33:27,117] {dag.py:2420} INFO - Sync 1 DAGs
[2022-08-04 00:33:27,157] {logging_mixin.py:115} INFO - [2022-08-04 00:33:27,157] {dag.py:2972} INFO - Setting next_dagrun for example_sla_dag to 2022-08-04T00:30:00+00:00, run_after=2022-08-04T00:32:00+00:00
[2022-08-04 00:33:27,191] {processor.py:161} INFO - Processing /home/airflow/.local/lib/python3.7/site-packages/airflow/example_dags/example_sla_dag.py took 0.202 seconds
[2022-08-04 00:33:57,801] {processor.py:153} INFO - Started process (PID=23883) to work on /home/airflow/.local/lib/python3.7/site-packages/airflow/example_dags/example_sla_dag.py
[2022-08-04 00:33:57,830] {processor.py:641} INFO - Processing file /home/airflow/.local/lib/python3.7/site-packages/airflow/example_dags/example_sla_dag.py for tasks to queue
[2022-08-04 00:33:57,854] {logging_mixin.py:115} INFO - [2022-08-04 00:33:57,854] {dagbag.py:508} INFO - Filling up the DagBag from /home/airflow/.local/lib/python3.7/site-packages/airflow/example_dags/example_sla_dag.py
[2022-08-04 00:33:58,077] {processor.py:651} INFO - DAG(s) dict_keys(['example_sla_dag']) retrieved from /home/airflow/.local/lib/python3.7/site-packages/airflow/example_dags/example_sla_dag.py
[2022-08-04 00:33:58,811] {logging_mixin.py:115} INFO - [2022-08-04 00:33:58,811] {dag.py:2420} INFO - Sync 1 DAGs
[2022-08-04 00:33:58,998] {logging_mixin.py:115} INFO - [2022-08-04 00:33:58,998] {dag.py:2972} INFO - Setting next_dagrun for example_sla_dag to 2022-08-04T00:30:00+00:00, run_after=2022-08-04T00:32:00+00:00
[2022-08-04 00:33:59,113] {processor.py:161} INFO - Processing /home/airflow/.local/lib/python3.7/site-packages/airflow/example_dags/example_sla_dag.py took 1.334 seconds
[2022-08-04 00:34:29,955] {processor.py:153} INFO - Started process (PID=23947) to work on /home/airflow/.local/lib/python3.7/site-packages/airflow/example_dags/example_sla_dag.py
[2022-08-04 00:34:29,958] {processor.py:641} INFO - Processing file /home/airflow/.local/lib/python3.7/site-packages/airflow/example_dags/example_sla_dag.py for tasks to queue
[2022-08-04 00:34:29,960] {logging_mixin.py:115} INFO - [2022-08-04 00:34:29,960] {dagbag.py:508} INFO - Filling up the DagBag from /home/airflow/.local/lib/python3.7/site-packages/airflow/example_dags/example_sla_dag.py
[2022-08-04 00:34:29,982] {processor.py:651} INFO - DAG(s) dict_keys(['example_sla_dag']) retrieved from /home/airflow/.local/lib/python3.7/site-packages/airflow/example_dags/example_sla_dag.py
[2022-08-04 00:34:30,022] {logging_mixin.py:115} INFO - [2022-08-04 00:34:30,022] {dag.py:2420} INFO - Sync 1 DAGs
[2022-08-04 00:34:30,055] {logging_mixin.py:115} INFO - [2022-08-04 00:34:30,055] {dag.py:2972} INFO - Setting next_dagrun for example_sla_dag to 2022-08-04T00:32:00+00:00, run_after=2022-08-04T00:34:00+00:00
[2022-08-04 00:34:30,072] {processor.py:161} INFO - Processing /home/airflow/.local/lib/python3.7/site-packages/airflow/example_dags/example_sla_dag.py took 0.121 seconds
[2022-08-04 00:35:00,437] {processor.py:153} INFO - Started process (PID=24010) to work on /home/airflow/.local/lib/python3.7/site-packages/airflow/example_dags/example_sla_dag.py
[2022-08-04 00:35:00,443] {processor.py:641} INFO - Processing file /home/airflow/.local/lib/python3.7/site-packages/airflow/example_dags/example_sla_dag.py for tasks to queue
[2022-08-04 00:35:00,449] {logging_mixin.py:115} INFO - [2022-08-04 00:35:00,449] {dagbag.py:508} INFO - Filling up the DagBag from /home/airflow/.local/lib/python3.7/site-packages/airflow/example_dags/example_sla_dag.py
[2022-08-04 00:35:00,492] {processor.py:651} INFO - DAG(s) dict_keys(['example_sla_dag']) retrieved from /home/airflow/.local/lib/python3.7/site-packages/airflow/example_dags/example_sla_dag.py
[2022-08-04 00:35:00,549] {logging_mixin.py:115} INFO - [2022-08-04 00:35:00,549] {dag.py:2420} INFO - Sync 1 DAGs
[2022-08-04 00:35:00,594] {logging_mixin.py:115} INFO - [2022-08-04 00:35:00,594] {dag.py:2972} INFO - Setting next_dagrun for example_sla_dag to 2022-08-04T00:32:00+00:00, run_after=2022-08-04T00:34:00+00:00
[2022-08-04 00:35:00,625] {processor.py:161} INFO - Processing /home/airflow/.local/lib/python3.7/site-packages/airflow/example_dags/example_sla_dag.py took 0.199 seconds
[2022-08-04 00:35:31,201] {processor.py:153} INFO - Started process (PID=24063) to work on /home/airflow/.local/lib/python3.7/site-packages/airflow/example_dags/example_sla_dag.py
[2022-08-04 00:35:31,214] {processor.py:641} INFO - Processing file /home/airflow/.local/lib/python3.7/site-packages/airflow/example_dags/example_sla_dag.py for tasks to queue
[2022-08-04 00:35:31,217] {logging_mixin.py:115} INFO - [2022-08-04 00:35:31,217] {dagbag.py:508} INFO - Filling up the DagBag from /home/airflow/.local/lib/python3.7/site-packages/airflow/example_dags/example_sla_dag.py
[2022-08-04 00:35:31,268] {processor.py:651} INFO - DAG(s) dict_keys(['example_sla_dag']) retrieved from /home/airflow/.local/lib/python3.7/site-packages/airflow/example_dags/example_sla_dag.py
[2022-08-04 00:35:31,331] {logging_mixin.py:115} INFO - [2022-08-04 00:35:31,331] {dag.py:2420} INFO - Sync 1 DAGs
[2022-08-04 00:35:31,379] {logging_mixin.py:115} INFO - [2022-08-04 00:35:31,379] {dag.py:2972} INFO - Setting next_dagrun for example_sla_dag to 2022-08-04T00:32:00+00:00, run_after=2022-08-04T00:34:00+00:00
[2022-08-04 00:35:31,418] {processor.py:161} INFO - Processing /home/airflow/.local/lib/python3.7/site-packages/airflow/example_dags/example_sla_dag.py took 0.226 seconds
[2022-08-04 00:36:01,914] {processor.py:153} INFO - Started process (PID=24117) to work on /home/airflow/.local/lib/python3.7/site-packages/airflow/example_dags/example_sla_dag.py
[2022-08-04 00:36:01,922] {processor.py:641} INFO - Processing file /home/airflow/.local/lib/python3.7/site-packages/airflow/example_dags/example_sla_dag.py for tasks to queue
[2022-08-04 00:36:01,935] {logging_mixin.py:115} INFO - [2022-08-04 00:36:01,935] {dagbag.py:508} INFO - Filling up the DagBag from /home/airflow/.local/lib/python3.7/site-packages/airflow/example_dags/example_sla_dag.py
[2022-08-04 00:36:01,968] {processor.py:651} INFO - DAG(s) dict_keys(['example_sla_dag']) retrieved from /home/airflow/.local/lib/python3.7/site-packages/airflow/example_dags/example_sla_dag.py
[2022-08-04 00:36:02,027] {logging_mixin.py:115} INFO - [2022-08-04 00:36:02,026] {dag.py:2420} INFO - Sync 1 DAGs
[2022-08-04 00:36:02,074] {logging_mixin.py:115} INFO - [2022-08-04 00:36:02,074] {dag.py:2972} INFO - Setting next_dagrun for example_sla_dag to 2022-08-04T00:34:00+00:00, run_after=2022-08-04T00:36:00+00:00
[2022-08-04 00:36:02,101] {processor.py:161} INFO - Processing /home/airflow/.local/lib/python3.7/site-packages/airflow/example_dags/example_sla_dag.py took 0.197 seconds
[2022-08-04 00:36:32,538] {processor.py:153} INFO - Started process (PID=24181) to work on /home/airflow/.local/lib/python3.7/site-packages/airflow/example_dags/example_sla_dag.py
[2022-08-04 00:36:32,551] {processor.py:641} INFO - Processing file /home/airflow/.local/lib/python3.7/site-packages/airflow/example_dags/example_sla_dag.py for tasks to queue
[2022-08-04 00:36:32,569] {logging_mixin.py:115} INFO - [2022-08-04 00:36:32,569] {dagbag.py:508} INFO - Filling up the DagBag from /home/airflow/.local/lib/python3.7/site-packages/airflow/example_dags/example_sla_dag.py
[2022-08-04 00:36:32,622] {processor.py:651} INFO - DAG(s) dict_keys(['example_sla_dag']) retrieved from /home/airflow/.local/lib/python3.7/site-packages/airflow/example_dags/example_sla_dag.py
[2022-08-04 00:36:32,676] {logging_mixin.py:115} INFO - [2022-08-04 00:36:32,676] {dag.py:2420} INFO - Sync 1 DAGs
[2022-08-04 00:36:32,761] {logging_mixin.py:115} INFO - [2022-08-04 00:36:32,761] {dag.py:2972} INFO - Setting next_dagrun for example_sla_dag to 2022-08-04T00:34:00+00:00, run_after=2022-08-04T00:36:00+00:00
[2022-08-04 00:36:32,804] {processor.py:161} INFO - Processing /home/airflow/.local/lib/python3.7/site-packages/airflow/example_dags/example_sla_dag.py took 0.277 seconds
[2022-08-04 00:37:03,217] {processor.py:153} INFO - Started process (PID=24234) to work on /home/airflow/.local/lib/python3.7/site-packages/airflow/example_dags/example_sla_dag.py
[2022-08-04 00:37:03,220] {processor.py:641} INFO - Processing file /home/airflow/.local/lib/python3.7/site-packages/airflow/example_dags/example_sla_dag.py for tasks to queue
[2022-08-04 00:37:03,223] {logging_mixin.py:115} INFO - [2022-08-04 00:37:03,223] {dagbag.py:508} INFO - Filling up the DagBag from /home/airflow/.local/lib/python3.7/site-packages/airflow/example_dags/example_sla_dag.py
[2022-08-04 00:37:03,247] {processor.py:651} INFO - DAG(s) dict_keys(['example_sla_dag']) retrieved from /home/airflow/.local/lib/python3.7/site-packages/airflow/example_dags/example_sla_dag.py
[2022-08-04 00:37:03,283] {logging_mixin.py:115} INFO - [2022-08-04 00:37:03,283] {dag.py:2420} INFO - Sync 1 DAGs
[2022-08-04 00:37:03,312] {logging_mixin.py:115} INFO - [2022-08-04 00:37:03,312] {dag.py:2972} INFO - Setting next_dagrun for example_sla_dag to 2022-08-04T00:34:00+00:00, run_after=2022-08-04T00:36:00+00:00
[2022-08-04 00:37:03,328] {processor.py:161} INFO - Processing /home/airflow/.local/lib/python3.7/site-packages/airflow/example_dags/example_sla_dag.py took 0.117 seconds
[2022-08-04 00:37:34,161] {processor.py:153} INFO - Started process (PID=24296) to work on /home/airflow/.local/lib/python3.7/site-packages/airflow/example_dags/example_sla_dag.py
[2022-08-04 00:37:34,170] {processor.py:641} INFO - Processing file /home/airflow/.local/lib/python3.7/site-packages/airflow/example_dags/example_sla_dag.py for tasks to queue
[2022-08-04 00:37:34,178] {logging_mixin.py:115} INFO - [2022-08-04 00:37:34,178] {dagbag.py:508} INFO - Filling up the DagBag from /home/airflow/.local/lib/python3.7/site-packages/airflow/example_dags/example_sla_dag.py
[2022-08-04 00:37:34,230] {processor.py:651} INFO - DAG(s) dict_keys(['example_sla_dag']) retrieved from /home/airflow/.local/lib/python3.7/site-packages/airflow/example_dags/example_sla_dag.py
[2022-08-04 00:37:34,329] {logging_mixin.py:115} INFO - [2022-08-04 00:37:34,329] {dag.py:2420} INFO - Sync 1 DAGs
[2022-08-04 00:37:34,390] {logging_mixin.py:115} INFO - [2022-08-04 00:37:34,390] {dag.py:2972} INFO - Setting next_dagrun for example_sla_dag to 2022-08-04T00:34:00+00:00, run_after=2022-08-04T00:36:00+00:00
[2022-08-04 00:37:34,435] {processor.py:161} INFO - Processing /home/airflow/.local/lib/python3.7/site-packages/airflow/example_dags/example_sla_dag.py took 0.285 seconds
[2022-08-04 00:38:09,431] {processor.py:153} INFO - Started process (PID=24351) to work on /home/airflow/.local/lib/python3.7/site-packages/airflow/example_dags/example_sla_dag.py
[2022-08-04 00:38:09,439] {processor.py:641} INFO - Processing file /home/airflow/.local/lib/python3.7/site-packages/airflow/example_dags/example_sla_dag.py for tasks to queue
[2022-08-04 00:38:09,446] {logging_mixin.py:115} INFO - [2022-08-04 00:38:09,446] {dagbag.py:508} INFO - Filling up the DagBag from /home/airflow/.local/lib/python3.7/site-packages/airflow/example_dags/example_sla_dag.py
[2022-08-04 00:38:09,491] {processor.py:651} INFO - DAG(s) dict_keys(['example_sla_dag']) retrieved from /home/airflow/.local/lib/python3.7/site-packages/airflow/example_dags/example_sla_dag.py
[2022-08-04 00:38:09,555] {logging_mixin.py:115} INFO - [2022-08-04 00:38:09,555] {dag.py:2420} INFO - Sync 1 DAGs
[2022-08-04 00:38:09,616] {logging_mixin.py:115} INFO - [2022-08-04 00:38:09,616] {dag.py:2972} INFO - Setting next_dagrun for example_sla_dag to 2022-08-04T00:36:00+00:00, run_after=2022-08-04T00:38:00+00:00
[2022-08-04 00:38:09,659] {processor.py:161} INFO - Processing /home/airflow/.local/lib/python3.7/site-packages/airflow/example_dags/example_sla_dag.py took 0.233 seconds
