[2022-08-04 00:00:26,960] {processor.py:153} INFO - Started process (PID=22379) to work on /home/airflow/.local/lib/python3.7/site-packages/airflow/example_dags/example_branch_day_of_week_operator.py
[2022-08-04 00:00:26,964] {processor.py:641} INFO - Processing file /home/airflow/.local/lib/python3.7/site-packages/airflow/example_dags/example_branch_day_of_week_operator.py for tasks to queue
[2022-08-04 00:00:26,967] {logging_mixin.py:115} INFO - [2022-08-04 00:00:26,967] {dagbag.py:508} INFO - Filling up the DagBag from /home/airflow/.local/lib/python3.7/site-packages/airflow/example_dags/example_branch_day_of_week_operator.py
[2022-08-04 00:00:26,989] {processor.py:651} INFO - DAG(s) dict_keys(['example_weekday_branch_operator']) retrieved from /home/airflow/.local/lib/python3.7/site-packages/airflow/example_dags/example_branch_day_of_week_operator.py
[2022-08-04 00:00:27,114] {logging_mixin.py:115} INFO - [2022-08-04 00:00:27,114] {dag.py:2420} INFO - Sync 1 DAGs
[2022-08-04 00:00:27,164] {logging_mixin.py:115} INFO - [2022-08-04 00:00:27,164] {dag.py:2972} INFO - Setting next_dagrun for example_weekday_branch_operator to 2022-08-03T00:00:00+00:00, run_after=2022-08-04T00:00:00+00:00
[2022-08-04 00:00:27,244] {processor.py:161} INFO - Processing /home/airflow/.local/lib/python3.7/site-packages/airflow/example_dags/example_branch_day_of_week_operator.py took 0.289 seconds
[2022-08-04 00:00:57,760] {processor.py:153} INFO - Started process (PID=22443) to work on /home/airflow/.local/lib/python3.7/site-packages/airflow/example_dags/example_branch_day_of_week_operator.py
[2022-08-04 00:00:57,769] {processor.py:641} INFO - Processing file /home/airflow/.local/lib/python3.7/site-packages/airflow/example_dags/example_branch_day_of_week_operator.py for tasks to queue
[2022-08-04 00:00:57,777] {logging_mixin.py:115} INFO - [2022-08-04 00:00:57,776] {dagbag.py:508} INFO - Filling up the DagBag from /home/airflow/.local/lib/python3.7/site-packages/airflow/example_dags/example_branch_day_of_week_operator.py
[2022-08-04 00:00:57,805] {processor.py:651} INFO - DAG(s) dict_keys(['example_weekday_branch_operator']) retrieved from /home/airflow/.local/lib/python3.7/site-packages/airflow/example_dags/example_branch_day_of_week_operator.py
[2022-08-04 00:00:57,860] {logging_mixin.py:115} INFO - [2022-08-04 00:00:57,860] {dag.py:2420} INFO - Sync 1 DAGs
[2022-08-04 00:00:57,895] {logging_mixin.py:115} INFO - [2022-08-04 00:00:57,895] {dag.py:2972} INFO - Setting next_dagrun for example_weekday_branch_operator to 2022-08-03T00:00:00+00:00, run_after=2022-08-04T00:00:00+00:00
[2022-08-04 00:00:57,917] {processor.py:161} INFO - Processing /home/airflow/.local/lib/python3.7/site-packages/airflow/example_dags/example_branch_day_of_week_operator.py took 0.162 seconds
[2022-08-04 00:01:28,512] {processor.py:153} INFO - Started process (PID=22497) to work on /home/airflow/.local/lib/python3.7/site-packages/airflow/example_dags/example_branch_day_of_week_operator.py
[2022-08-04 00:01:28,514] {processor.py:641} INFO - Processing file /home/airflow/.local/lib/python3.7/site-packages/airflow/example_dags/example_branch_day_of_week_operator.py for tasks to queue
[2022-08-04 00:01:28,516] {logging_mixin.py:115} INFO - [2022-08-04 00:01:28,516] {dagbag.py:508} INFO - Filling up the DagBag from /home/airflow/.local/lib/python3.7/site-packages/airflow/example_dags/example_branch_day_of_week_operator.py
[2022-08-04 00:01:28,530] {processor.py:651} INFO - DAG(s) dict_keys(['example_weekday_branch_operator']) retrieved from /home/airflow/.local/lib/python3.7/site-packages/airflow/example_dags/example_branch_day_of_week_operator.py
[2022-08-04 00:01:28,565] {logging_mixin.py:115} INFO - [2022-08-04 00:01:28,565] {dag.py:2420} INFO - Sync 1 DAGs
[2022-08-04 00:01:28,595] {logging_mixin.py:115} INFO - [2022-08-04 00:01:28,595] {dag.py:2972} INFO - Setting next_dagrun for example_weekday_branch_operator to 2022-08-03T00:00:00+00:00, run_after=2022-08-04T00:00:00+00:00
[2022-08-04 00:01:28,609] {processor.py:161} INFO - Processing /home/airflow/.local/lib/python3.7/site-packages/airflow/example_dags/example_branch_day_of_week_operator.py took 0.102 seconds
[2022-08-04 00:01:58,972] {processor.py:153} INFO - Started process (PID=22556) to work on /home/airflow/.local/lib/python3.7/site-packages/airflow/example_dags/example_branch_day_of_week_operator.py
[2022-08-04 00:01:58,994] {processor.py:641} INFO - Processing file /home/airflow/.local/lib/python3.7/site-packages/airflow/example_dags/example_branch_day_of_week_operator.py for tasks to queue
[2022-08-04 00:01:59,007] {logging_mixin.py:115} INFO - [2022-08-04 00:01:59,007] {dagbag.py:508} INFO - Filling up the DagBag from /home/airflow/.local/lib/python3.7/site-packages/airflow/example_dags/example_branch_day_of_week_operator.py
[2022-08-04 00:01:59,056] {processor.py:651} INFO - DAG(s) dict_keys(['example_weekday_branch_operator']) retrieved from /home/airflow/.local/lib/python3.7/site-packages/airflow/example_dags/example_branch_day_of_week_operator.py
[2022-08-04 00:01:59,136] {logging_mixin.py:115} INFO - [2022-08-04 00:01:59,135] {dag.py:2420} INFO - Sync 1 DAGs
[2022-08-04 00:01:59,216] {logging_mixin.py:115} INFO - [2022-08-04 00:01:59,215] {dag.py:2972} INFO - Setting next_dagrun for example_weekday_branch_operator to 2022-08-03T00:00:00+00:00, run_after=2022-08-04T00:00:00+00:00
[2022-08-04 00:01:59,275] {processor.py:161} INFO - Processing /home/airflow/.local/lib/python3.7/site-packages/airflow/example_dags/example_branch_day_of_week_operator.py took 0.318 seconds
[2022-08-04 00:02:30,197] {processor.py:153} INFO - Started process (PID=22613) to work on /home/airflow/.local/lib/python3.7/site-packages/airflow/example_dags/example_branch_day_of_week_operator.py
[2022-08-04 00:02:30,199] {processor.py:641} INFO - Processing file /home/airflow/.local/lib/python3.7/site-packages/airflow/example_dags/example_branch_day_of_week_operator.py for tasks to queue
[2022-08-04 00:02:30,201] {logging_mixin.py:115} INFO - [2022-08-04 00:02:30,201] {dagbag.py:508} INFO - Filling up the DagBag from /home/airflow/.local/lib/python3.7/site-packages/airflow/example_dags/example_branch_day_of_week_operator.py
[2022-08-04 00:02:30,214] {processor.py:651} INFO - DAG(s) dict_keys(['example_weekday_branch_operator']) retrieved from /home/airflow/.local/lib/python3.7/site-packages/airflow/example_dags/example_branch_day_of_week_operator.py
[2022-08-04 00:02:30,246] {logging_mixin.py:115} INFO - [2022-08-04 00:02:30,246] {dag.py:2420} INFO - Sync 1 DAGs
[2022-08-04 00:02:30,272] {logging_mixin.py:115} INFO - [2022-08-04 00:02:30,272] {dag.py:2972} INFO - Setting next_dagrun for example_weekday_branch_operator to 2022-08-03T00:00:00+00:00, run_after=2022-08-04T00:00:00+00:00
[2022-08-04 00:02:30,285] {processor.py:161} INFO - Processing /home/airflow/.local/lib/python3.7/site-packages/airflow/example_dags/example_branch_day_of_week_operator.py took 0.093 seconds
[2022-08-04 00:03:00,605] {processor.py:153} INFO - Started process (PID=22675) to work on /home/airflow/.local/lib/python3.7/site-packages/airflow/example_dags/example_branch_day_of_week_operator.py
[2022-08-04 00:03:00,617] {processor.py:641} INFO - Processing file /home/airflow/.local/lib/python3.7/site-packages/airflow/example_dags/example_branch_day_of_week_operator.py for tasks to queue
[2022-08-04 00:03:00,628] {logging_mixin.py:115} INFO - [2022-08-04 00:03:00,628] {dagbag.py:508} INFO - Filling up the DagBag from /home/airflow/.local/lib/python3.7/site-packages/airflow/example_dags/example_branch_day_of_week_operator.py
[2022-08-04 00:03:00,659] {processor.py:651} INFO - DAG(s) dict_keys(['example_weekday_branch_operator']) retrieved from /home/airflow/.local/lib/python3.7/site-packages/airflow/example_dags/example_branch_day_of_week_operator.py
[2022-08-04 00:03:00,759] {logging_mixin.py:115} INFO - [2022-08-04 00:03:00,759] {dag.py:2420} INFO - Sync 1 DAGs
[2022-08-04 00:03:00,845] {logging_mixin.py:115} INFO - [2022-08-04 00:03:00,844] {dag.py:2972} INFO - Setting next_dagrun for example_weekday_branch_operator to 2022-08-03T00:00:00+00:00, run_after=2022-08-04T00:00:00+00:00
[2022-08-04 00:03:00,913] {processor.py:161} INFO - Processing /home/airflow/.local/lib/python3.7/site-packages/airflow/example_dags/example_branch_day_of_week_operator.py took 0.324 seconds
[2022-08-04 00:03:31,636] {processor.py:153} INFO - Started process (PID=22731) to work on /home/airflow/.local/lib/python3.7/site-packages/airflow/example_dags/example_branch_day_of_week_operator.py
[2022-08-04 00:03:31,640] {processor.py:641} INFO - Processing file /home/airflow/.local/lib/python3.7/site-packages/airflow/example_dags/example_branch_day_of_week_operator.py for tasks to queue
[2022-08-04 00:03:31,644] {logging_mixin.py:115} INFO - [2022-08-04 00:03:31,644] {dagbag.py:508} INFO - Filling up the DagBag from /home/airflow/.local/lib/python3.7/site-packages/airflow/example_dags/example_branch_day_of_week_operator.py
[2022-08-04 00:03:31,660] {processor.py:651} INFO - DAG(s) dict_keys(['example_weekday_branch_operator']) retrieved from /home/airflow/.local/lib/python3.7/site-packages/airflow/example_dags/example_branch_day_of_week_operator.py
[2022-08-04 00:03:31,706] {logging_mixin.py:115} INFO - [2022-08-04 00:03:31,706] {dag.py:2420} INFO - Sync 1 DAGs
[2022-08-04 00:03:31,753] {logging_mixin.py:115} INFO - [2022-08-04 00:03:31,753] {dag.py:2972} INFO - Setting next_dagrun for example_weekday_branch_operator to 2022-08-03T00:00:00+00:00, run_after=2022-08-04T00:00:00+00:00
[2022-08-04 00:03:31,773] {processor.py:161} INFO - Processing /home/airflow/.local/lib/python3.7/site-packages/airflow/example_dags/example_branch_day_of_week_operator.py took 0.143 seconds
[2022-08-04 00:04:03,500] {processor.py:153} INFO - Started process (PID=22794) to work on /home/airflow/.local/lib/python3.7/site-packages/airflow/example_dags/example_branch_day_of_week_operator.py
[2022-08-04 00:04:03,507] {processor.py:641} INFO - Processing file /home/airflow/.local/lib/python3.7/site-packages/airflow/example_dags/example_branch_day_of_week_operator.py for tasks to queue
[2022-08-04 00:04:03,514] {logging_mixin.py:115} INFO - [2022-08-04 00:04:03,513] {dagbag.py:508} INFO - Filling up the DagBag from /home/airflow/.local/lib/python3.7/site-packages/airflow/example_dags/example_branch_day_of_week_operator.py
[2022-08-04 00:04:03,537] {processor.py:651} INFO - DAG(s) dict_keys(['example_weekday_branch_operator']) retrieved from /home/airflow/.local/lib/python3.7/site-packages/airflow/example_dags/example_branch_day_of_week_operator.py
[2022-08-04 00:04:03,611] {logging_mixin.py:115} INFO - [2022-08-04 00:04:03,611] {dag.py:2420} INFO - Sync 1 DAGs
[2022-08-04 00:04:03,661] {logging_mixin.py:115} INFO - [2022-08-04 00:04:03,661] {dag.py:2972} INFO - Setting next_dagrun for example_weekday_branch_operator to 2022-08-03T00:00:00+00:00, run_after=2022-08-04T00:00:00+00:00
[2022-08-04 00:04:03,691] {processor.py:161} INFO - Processing /home/airflow/.local/lib/python3.7/site-packages/airflow/example_dags/example_branch_day_of_week_operator.py took 0.201 seconds
[2022-08-04 00:04:34,510] {processor.py:153} INFO - Started process (PID=22846) to work on /home/airflow/.local/lib/python3.7/site-packages/airflow/example_dags/example_branch_day_of_week_operator.py
[2022-08-04 00:04:34,513] {processor.py:641} INFO - Processing file /home/airflow/.local/lib/python3.7/site-packages/airflow/example_dags/example_branch_day_of_week_operator.py for tasks to queue
[2022-08-04 00:04:34,516] {logging_mixin.py:115} INFO - [2022-08-04 00:04:34,516] {dagbag.py:508} INFO - Filling up the DagBag from /home/airflow/.local/lib/python3.7/site-packages/airflow/example_dags/example_branch_day_of_week_operator.py
[2022-08-04 00:04:34,527] {processor.py:651} INFO - DAG(s) dict_keys(['example_weekday_branch_operator']) retrieved from /home/airflow/.local/lib/python3.7/site-packages/airflow/example_dags/example_branch_day_of_week_operator.py
[2022-08-04 00:04:34,568] {logging_mixin.py:115} INFO - [2022-08-04 00:04:34,568] {dag.py:2420} INFO - Sync 1 DAGs
[2022-08-04 00:04:34,594] {logging_mixin.py:115} INFO - [2022-08-04 00:04:34,594] {dag.py:2972} INFO - Setting next_dagrun for example_weekday_branch_operator to 2022-08-03T00:00:00+00:00, run_after=2022-08-04T00:00:00+00:00
[2022-08-04 00:04:34,614] {processor.py:161} INFO - Processing /home/airflow/.local/lib/python3.7/site-packages/airflow/example_dags/example_branch_day_of_week_operator.py took 0.110 seconds
[2022-08-04 00:05:06,642] {processor.py:153} INFO - Started process (PID=22910) to work on /home/airflow/.local/lib/python3.7/site-packages/airflow/example_dags/example_branch_day_of_week_operator.py
[2022-08-04 00:05:06,659] {processor.py:641} INFO - Processing file /home/airflow/.local/lib/python3.7/site-packages/airflow/example_dags/example_branch_day_of_week_operator.py for tasks to queue
[2022-08-04 00:05:06,674] {logging_mixin.py:115} INFO - [2022-08-04 00:05:06,673] {dagbag.py:508} INFO - Filling up the DagBag from /home/airflow/.local/lib/python3.7/site-packages/airflow/example_dags/example_branch_day_of_week_operator.py
[2022-08-04 00:05:06,729] {processor.py:651} INFO - DAG(s) dict_keys(['example_weekday_branch_operator']) retrieved from /home/airflow/.local/lib/python3.7/site-packages/airflow/example_dags/example_branch_day_of_week_operator.py
[2022-08-04 00:05:06,978] {logging_mixin.py:115} INFO - [2022-08-04 00:05:06,977] {dag.py:2420} INFO - Sync 1 DAGs
[2022-08-04 00:05:07,110] {logging_mixin.py:115} INFO - [2022-08-04 00:05:07,110] {dag.py:2972} INFO - Setting next_dagrun for example_weekday_branch_operator to 2022-08-03T00:00:00+00:00, run_after=2022-08-04T00:00:00+00:00
[2022-08-04 00:05:07,316] {processor.py:161} INFO - Processing /home/airflow/.local/lib/python3.7/site-packages/airflow/example_dags/example_branch_day_of_week_operator.py took 0.701 seconds
[2022-08-04 00:05:38,200] {processor.py:153} INFO - Started process (PID=22965) to work on /home/airflow/.local/lib/python3.7/site-packages/airflow/example_dags/example_branch_day_of_week_operator.py
[2022-08-04 00:05:38,204] {processor.py:641} INFO - Processing file /home/airflow/.local/lib/python3.7/site-packages/airflow/example_dags/example_branch_day_of_week_operator.py for tasks to queue
[2022-08-04 00:05:38,206] {logging_mixin.py:115} INFO - [2022-08-04 00:05:38,206] {dagbag.py:508} INFO - Filling up the DagBag from /home/airflow/.local/lib/python3.7/site-packages/airflow/example_dags/example_branch_day_of_week_operator.py
[2022-08-04 00:05:38,221] {processor.py:651} INFO - DAG(s) dict_keys(['example_weekday_branch_operator']) retrieved from /home/airflow/.local/lib/python3.7/site-packages/airflow/example_dags/example_branch_day_of_week_operator.py
[2022-08-04 00:05:38,276] {logging_mixin.py:115} INFO - [2022-08-04 00:05:38,276] {dag.py:2420} INFO - Sync 1 DAGs
[2022-08-04 00:05:38,314] {logging_mixin.py:115} INFO - [2022-08-04 00:05:38,313] {dag.py:2972} INFO - Setting next_dagrun for example_weekday_branch_operator to 2022-08-03T00:00:00+00:00, run_after=2022-08-04T00:00:00+00:00
[2022-08-04 00:05:38,329] {processor.py:161} INFO - Processing /home/airflow/.local/lib/python3.7/site-packages/airflow/example_dags/example_branch_day_of_week_operator.py took 0.134 seconds
[2022-08-04 00:06:08,813] {processor.py:153} INFO - Started process (PID=23026) to work on /home/airflow/.local/lib/python3.7/site-packages/airflow/example_dags/example_branch_day_of_week_operator.py
[2022-08-04 00:06:08,832] {processor.py:641} INFO - Processing file /home/airflow/.local/lib/python3.7/site-packages/airflow/example_dags/example_branch_day_of_week_operator.py for tasks to queue
[2022-08-04 00:06:08,846] {logging_mixin.py:115} INFO - [2022-08-04 00:06:08,846] {dagbag.py:508} INFO - Filling up the DagBag from /home/airflow/.local/lib/python3.7/site-packages/airflow/example_dags/example_branch_day_of_week_operator.py
[2022-08-04 00:06:08,885] {processor.py:651} INFO - DAG(s) dict_keys(['example_weekday_branch_operator']) retrieved from /home/airflow/.local/lib/python3.7/site-packages/airflow/example_dags/example_branch_day_of_week_operator.py
[2022-08-04 00:06:09,101] {logging_mixin.py:115} INFO - [2022-08-04 00:06:09,100] {dag.py:2420} INFO - Sync 1 DAGs
[2022-08-04 00:06:09,157] {logging_mixin.py:115} INFO - [2022-08-04 00:06:09,157] {dag.py:2972} INFO - Setting next_dagrun for example_weekday_branch_operator to 2022-08-03T00:00:00+00:00, run_after=2022-08-04T00:00:00+00:00
[2022-08-04 00:06:09,204] {processor.py:161} INFO - Processing /home/airflow/.local/lib/python3.7/site-packages/airflow/example_dags/example_branch_day_of_week_operator.py took 0.407 seconds
[2022-08-04 00:06:39,544] {processor.py:153} INFO - Started process (PID=23081) to work on /home/airflow/.local/lib/python3.7/site-packages/airflow/example_dags/example_branch_day_of_week_operator.py
[2022-08-04 00:06:39,549] {processor.py:641} INFO - Processing file /home/airflow/.local/lib/python3.7/site-packages/airflow/example_dags/example_branch_day_of_week_operator.py for tasks to queue
[2022-08-04 00:06:39,555] {logging_mixin.py:115} INFO - [2022-08-04 00:06:39,555] {dagbag.py:508} INFO - Filling up the DagBag from /home/airflow/.local/lib/python3.7/site-packages/airflow/example_dags/example_branch_day_of_week_operator.py
[2022-08-04 00:06:39,575] {processor.py:651} INFO - DAG(s) dict_keys(['example_weekday_branch_operator']) retrieved from /home/airflow/.local/lib/python3.7/site-packages/airflow/example_dags/example_branch_day_of_week_operator.py
[2022-08-04 00:06:39,638] {logging_mixin.py:115} INFO - [2022-08-04 00:06:39,638] {dag.py:2420} INFO - Sync 1 DAGs
[2022-08-04 00:06:39,686] {logging_mixin.py:115} INFO - [2022-08-04 00:06:39,686] {dag.py:2972} INFO - Setting next_dagrun for example_weekday_branch_operator to 2022-08-03T00:00:00+00:00, run_after=2022-08-04T00:00:00+00:00
[2022-08-04 00:06:39,723] {processor.py:161} INFO - Processing /home/airflow/.local/lib/python3.7/site-packages/airflow/example_dags/example_branch_day_of_week_operator.py took 0.186 seconds
[2022-08-04 00:07:10,765] {processor.py:153} INFO - Started process (PID=23145) to work on /home/airflow/.local/lib/python3.7/site-packages/airflow/example_dags/example_branch_day_of_week_operator.py
[2022-08-04 00:07:10,781] {processor.py:641} INFO - Processing file /home/airflow/.local/lib/python3.7/site-packages/airflow/example_dags/example_branch_day_of_week_operator.py for tasks to queue
[2022-08-04 00:07:10,820] {logging_mixin.py:115} INFO - [2022-08-04 00:07:10,820] {dagbag.py:508} INFO - Filling up the DagBag from /home/airflow/.local/lib/python3.7/site-packages/airflow/example_dags/example_branch_day_of_week_operator.py
[2022-08-04 00:07:10,981] {processor.py:651} INFO - DAG(s) dict_keys(['example_weekday_branch_operator']) retrieved from /home/airflow/.local/lib/python3.7/site-packages/airflow/example_dags/example_branch_day_of_week_operator.py
[2022-08-04 00:07:11,200] {logging_mixin.py:115} INFO - [2022-08-04 00:07:11,200] {dag.py:2420} INFO - Sync 1 DAGs
[2022-08-04 00:07:11,256] {logging_mixin.py:115} INFO - [2022-08-04 00:07:11,256] {dag.py:2972} INFO - Setting next_dagrun for example_weekday_branch_operator to 2022-08-03T00:00:00+00:00, run_after=2022-08-04T00:00:00+00:00
[2022-08-04 00:07:11,285] {processor.py:161} INFO - Processing /home/airflow/.local/lib/python3.7/site-packages/airflow/example_dags/example_branch_day_of_week_operator.py took 0.638 seconds
[2022-08-04 00:07:42,044] {processor.py:153} INFO - Started process (PID=23200) to work on /home/airflow/.local/lib/python3.7/site-packages/airflow/example_dags/example_branch_day_of_week_operator.py
[2022-08-04 00:07:42,047] {processor.py:641} INFO - Processing file /home/airflow/.local/lib/python3.7/site-packages/airflow/example_dags/example_branch_day_of_week_operator.py for tasks to queue
[2022-08-04 00:07:42,050] {logging_mixin.py:115} INFO - [2022-08-04 00:07:42,050] {dagbag.py:508} INFO - Filling up the DagBag from /home/airflow/.local/lib/python3.7/site-packages/airflow/example_dags/example_branch_day_of_week_operator.py
[2022-08-04 00:07:42,063] {processor.py:651} INFO - DAG(s) dict_keys(['example_weekday_branch_operator']) retrieved from /home/airflow/.local/lib/python3.7/site-packages/airflow/example_dags/example_branch_day_of_week_operator.py
[2022-08-04 00:07:42,111] {logging_mixin.py:115} INFO - [2022-08-04 00:07:42,111] {dag.py:2420} INFO - Sync 1 DAGs
[2022-08-04 00:07:42,140] {logging_mixin.py:115} INFO - [2022-08-04 00:07:42,140] {dag.py:2972} INFO - Setting next_dagrun for example_weekday_branch_operator to 2022-08-03T00:00:00+00:00, run_after=2022-08-04T00:00:00+00:00
[2022-08-04 00:07:42,163] {processor.py:161} INFO - Processing /home/airflow/.local/lib/python3.7/site-packages/airflow/example_dags/example_branch_day_of_week_operator.py took 0.125 seconds
[2022-08-04 00:08:12,966] {processor.py:153} INFO - Started process (PID=23264) to work on /home/airflow/.local/lib/python3.7/site-packages/airflow/example_dags/example_branch_day_of_week_operator.py
[2022-08-04 00:08:12,982] {processor.py:641} INFO - Processing file /home/airflow/.local/lib/python3.7/site-packages/airflow/example_dags/example_branch_day_of_week_operator.py for tasks to queue
[2022-08-04 00:08:13,000] {logging_mixin.py:115} INFO - [2022-08-04 00:08:13,000] {dagbag.py:508} INFO - Filling up the DagBag from /home/airflow/.local/lib/python3.7/site-packages/airflow/example_dags/example_branch_day_of_week_operator.py
[2022-08-04 00:08:13,045] {processor.py:651} INFO - DAG(s) dict_keys(['example_weekday_branch_operator']) retrieved from /home/airflow/.local/lib/python3.7/site-packages/airflow/example_dags/example_branch_day_of_week_operator.py
[2022-08-04 00:08:13,214] {logging_mixin.py:115} INFO - [2022-08-04 00:08:13,213] {dag.py:2420} INFO - Sync 1 DAGs
[2022-08-04 00:08:13,290] {logging_mixin.py:115} INFO - [2022-08-04 00:08:13,289] {dag.py:2972} INFO - Setting next_dagrun for example_weekday_branch_operator to 2022-08-03T00:00:00+00:00, run_after=2022-08-04T00:00:00+00:00
[2022-08-04 00:08:13,325] {processor.py:161} INFO - Processing /home/airflow/.local/lib/python3.7/site-packages/airflow/example_dags/example_branch_day_of_week_operator.py took 0.372 seconds
[2022-08-04 00:08:44,128] {processor.py:153} INFO - Started process (PID=23324) to work on /home/airflow/.local/lib/python3.7/site-packages/airflow/example_dags/example_branch_day_of_week_operator.py
[2022-08-04 00:08:44,130] {processor.py:641} INFO - Processing file /home/airflow/.local/lib/python3.7/site-packages/airflow/example_dags/example_branch_day_of_week_operator.py for tasks to queue
[2022-08-04 00:08:44,132] {logging_mixin.py:115} INFO - [2022-08-04 00:08:44,132] {dagbag.py:508} INFO - Filling up the DagBag from /home/airflow/.local/lib/python3.7/site-packages/airflow/example_dags/example_branch_day_of_week_operator.py
[2022-08-04 00:08:44,146] {processor.py:651} INFO - DAG(s) dict_keys(['example_weekday_branch_operator']) retrieved from /home/airflow/.local/lib/python3.7/site-packages/airflow/example_dags/example_branch_day_of_week_operator.py
[2022-08-04 00:08:44,204] {logging_mixin.py:115} INFO - [2022-08-04 00:08:44,203] {dag.py:2420} INFO - Sync 1 DAGs
[2022-08-04 00:08:44,241] {logging_mixin.py:115} INFO - [2022-08-04 00:08:44,241] {dag.py:2972} INFO - Setting next_dagrun for example_weekday_branch_operator to 2022-08-03T00:00:00+00:00, run_after=2022-08-04T00:00:00+00:00
[2022-08-04 00:08:44,270] {processor.py:161} INFO - Processing /home/airflow/.local/lib/python3.7/site-packages/airflow/example_dags/example_branch_day_of_week_operator.py took 0.147 seconds
[2022-08-04 00:09:14,496] {processor.py:153} INFO - Started process (PID=23382) to work on /home/airflow/.local/lib/python3.7/site-packages/airflow/example_dags/example_branch_day_of_week_operator.py
[2022-08-04 00:09:14,510] {processor.py:641} INFO - Processing file /home/airflow/.local/lib/python3.7/site-packages/airflow/example_dags/example_branch_day_of_week_operator.py for tasks to queue
[2022-08-04 00:09:14,533] {logging_mixin.py:115} INFO - [2022-08-04 00:09:14,532] {dagbag.py:508} INFO - Filling up the DagBag from /home/airflow/.local/lib/python3.7/site-packages/airflow/example_dags/example_branch_day_of_week_operator.py
[2022-08-04 00:09:14,656] {processor.py:651} INFO - DAG(s) dict_keys(['example_weekday_branch_operator']) retrieved from /home/airflow/.local/lib/python3.7/site-packages/airflow/example_dags/example_branch_day_of_week_operator.py
[2022-08-04 00:09:14,870] {logging_mixin.py:115} INFO - [2022-08-04 00:09:14,869] {dag.py:2420} INFO - Sync 1 DAGs
[2022-08-04 00:09:14,930] {logging_mixin.py:115} INFO - [2022-08-04 00:09:14,929] {dag.py:2972} INFO - Setting next_dagrun for example_weekday_branch_operator to 2022-08-03T00:00:00+00:00, run_after=2022-08-04T00:00:00+00:00
[2022-08-04 00:09:14,979] {processor.py:161} INFO - Processing /home/airflow/.local/lib/python3.7/site-packages/airflow/example_dags/example_branch_day_of_week_operator.py took 0.510 seconds
[2022-08-04 00:09:45,420] {processor.py:153} INFO - Started process (PID=23446) to work on /home/airflow/.local/lib/python3.7/site-packages/airflow/example_dags/example_branch_day_of_week_operator.py
[2022-08-04 00:09:45,425] {processor.py:641} INFO - Processing file /home/airflow/.local/lib/python3.7/site-packages/airflow/example_dags/example_branch_day_of_week_operator.py for tasks to queue
[2022-08-04 00:09:45,432] {logging_mixin.py:115} INFO - [2022-08-04 00:09:45,432] {dagbag.py:508} INFO - Filling up the DagBag from /home/airflow/.local/lib/python3.7/site-packages/airflow/example_dags/example_branch_day_of_week_operator.py
[2022-08-04 00:09:45,473] {processor.py:651} INFO - DAG(s) dict_keys(['example_weekday_branch_operator']) retrieved from /home/airflow/.local/lib/python3.7/site-packages/airflow/example_dags/example_branch_day_of_week_operator.py
[2022-08-04 00:09:45,555] {logging_mixin.py:115} INFO - [2022-08-04 00:09:45,555] {dag.py:2420} INFO - Sync 1 DAGs
[2022-08-04 00:09:45,588] {logging_mixin.py:115} INFO - [2022-08-04 00:09:45,588] {dag.py:2972} INFO - Setting next_dagrun for example_weekday_branch_operator to 2022-08-03T00:00:00+00:00, run_after=2022-08-04T00:00:00+00:00
[2022-08-04 00:09:45,607] {processor.py:161} INFO - Processing /home/airflow/.local/lib/python3.7/site-packages/airflow/example_dags/example_branch_day_of_week_operator.py took 0.198 seconds
[2022-08-04 00:10:16,010] {processor.py:153} INFO - Started process (PID=23491) to work on /home/airflow/.local/lib/python3.7/site-packages/airflow/example_dags/example_branch_day_of_week_operator.py
[2022-08-04 00:10:16,015] {processor.py:641} INFO - Processing file /home/airflow/.local/lib/python3.7/site-packages/airflow/example_dags/example_branch_day_of_week_operator.py for tasks to queue
[2022-08-04 00:10:16,020] {logging_mixin.py:115} INFO - [2022-08-04 00:10:16,020] {dagbag.py:508} INFO - Filling up the DagBag from /home/airflow/.local/lib/python3.7/site-packages/airflow/example_dags/example_branch_day_of_week_operator.py
[2022-08-04 00:10:16,067] {processor.py:651} INFO - DAG(s) dict_keys(['example_weekday_branch_operator']) retrieved from /home/airflow/.local/lib/python3.7/site-packages/airflow/example_dags/example_branch_day_of_week_operator.py
[2022-08-04 00:10:16,131] {logging_mixin.py:115} INFO - [2022-08-04 00:10:16,130] {dag.py:2420} INFO - Sync 1 DAGs
[2022-08-04 00:10:16,187] {logging_mixin.py:115} INFO - [2022-08-04 00:10:16,186] {dag.py:2972} INFO - Setting next_dagrun for example_weekday_branch_operator to 2022-08-03T00:00:00+00:00, run_after=2022-08-04T00:00:00+00:00
[2022-08-04 00:10:16,235] {processor.py:161} INFO - Processing /home/airflow/.local/lib/python3.7/site-packages/airflow/example_dags/example_branch_day_of_week_operator.py took 0.232 seconds
[2022-08-04 00:11:07,663] {processor.py:153} INFO - Started process (PID=23533) to work on /home/airflow/.local/lib/python3.7/site-packages/airflow/example_dags/example_branch_day_of_week_operator.py
[2022-08-04 00:11:07,676] {processor.py:641} INFO - Processing file /home/airflow/.local/lib/python3.7/site-packages/airflow/example_dags/example_branch_day_of_week_operator.py for tasks to queue
[2022-08-04 00:11:07,691] {logging_mixin.py:115} INFO - [2022-08-04 00:11:07,689] {dagbag.py:508} INFO - Filling up the DagBag from /home/airflow/.local/lib/python3.7/site-packages/airflow/example_dags/example_branch_day_of_week_operator.py
[2022-08-04 00:11:07,751] {processor.py:651} INFO - DAG(s) dict_keys(['example_weekday_branch_operator']) retrieved from /home/airflow/.local/lib/python3.7/site-packages/airflow/example_dags/example_branch_day_of_week_operator.py
[2022-08-04 00:11:07,859] {logging_mixin.py:115} INFO - [2022-08-04 00:11:07,859] {dag.py:2420} INFO - Sync 1 DAGs
[2022-08-04 00:11:07,956] {logging_mixin.py:115} INFO - [2022-08-04 00:11:07,956] {dag.py:2972} INFO - Setting next_dagrun for example_weekday_branch_operator to 2022-08-03T00:00:00+00:00, run_after=2022-08-04T00:00:00+00:00
[2022-08-04 00:11:08,104] {processor.py:161} INFO - Processing /home/airflow/.local/lib/python3.7/site-packages/airflow/example_dags/example_branch_day_of_week_operator.py took 0.463 seconds
[2022-08-04 00:11:39,005] {processor.py:153} INFO - Started process (PID=23596) to work on /home/airflow/.local/lib/python3.7/site-packages/airflow/example_dags/example_branch_day_of_week_operator.py
[2022-08-04 00:11:39,008] {processor.py:641} INFO - Processing file /home/airflow/.local/lib/python3.7/site-packages/airflow/example_dags/example_branch_day_of_week_operator.py for tasks to queue
[2022-08-04 00:11:39,010] {logging_mixin.py:115} INFO - [2022-08-04 00:11:39,010] {dagbag.py:508} INFO - Filling up the DagBag from /home/airflow/.local/lib/python3.7/site-packages/airflow/example_dags/example_branch_day_of_week_operator.py
[2022-08-04 00:11:39,024] {processor.py:651} INFO - DAG(s) dict_keys(['example_weekday_branch_operator']) retrieved from /home/airflow/.local/lib/python3.7/site-packages/airflow/example_dags/example_branch_day_of_week_operator.py
[2022-08-04 00:11:39,061] {logging_mixin.py:115} INFO - [2022-08-04 00:11:39,060] {dag.py:2420} INFO - Sync 1 DAGs
[2022-08-04 00:11:39,086] {logging_mixin.py:115} INFO - [2022-08-04 00:11:39,086] {dag.py:2972} INFO - Setting next_dagrun for example_weekday_branch_operator to 2022-08-03T00:00:00+00:00, run_after=2022-08-04T00:00:00+00:00
[2022-08-04 00:11:39,101] {processor.py:161} INFO - Processing /home/airflow/.local/lib/python3.7/site-packages/airflow/example_dags/example_branch_day_of_week_operator.py took 0.100 seconds
[2022-08-04 00:14:57,232] {processor.py:153} INFO - Started process (PID=23650) to work on /home/airflow/.local/lib/python3.7/site-packages/airflow/example_dags/example_branch_day_of_week_operator.py
[2022-08-04 00:14:57,243] {processor.py:641} INFO - Processing file /home/airflow/.local/lib/python3.7/site-packages/airflow/example_dags/example_branch_day_of_week_operator.py for tasks to queue
[2022-08-04 00:14:57,248] {logging_mixin.py:115} INFO - [2022-08-04 00:14:57,248] {dagbag.py:508} INFO - Filling up the DagBag from /home/airflow/.local/lib/python3.7/site-packages/airflow/example_dags/example_branch_day_of_week_operator.py
[2022-08-04 00:14:57,293] {processor.py:651} INFO - DAG(s) dict_keys(['example_weekday_branch_operator']) retrieved from /home/airflow/.local/lib/python3.7/site-packages/airflow/example_dags/example_branch_day_of_week_operator.py
[2022-08-04 00:14:57,377] {logging_mixin.py:115} INFO - [2022-08-04 00:14:57,377] {dag.py:2420} INFO - Sync 1 DAGs
[2022-08-04 00:14:57,420] {logging_mixin.py:115} INFO - [2022-08-04 00:14:57,420] {dag.py:2972} INFO - Setting next_dagrun for example_weekday_branch_operator to 2022-08-03T00:00:00+00:00, run_after=2022-08-04T00:00:00+00:00
[2022-08-04 00:14:57,446] {processor.py:161} INFO - Processing /home/airflow/.local/lib/python3.7/site-packages/airflow/example_dags/example_branch_day_of_week_operator.py took 0.232 seconds
[2022-08-04 00:15:37,124] {processor.py:153} INFO - Started process (PID=23714) to work on /home/airflow/.local/lib/python3.7/site-packages/airflow/example_dags/example_branch_day_of_week_operator.py
[2022-08-04 00:15:37,136] {processor.py:641} INFO - Processing file /home/airflow/.local/lib/python3.7/site-packages/airflow/example_dags/example_branch_day_of_week_operator.py for tasks to queue
[2022-08-04 00:15:37,149] {logging_mixin.py:115} INFO - [2022-08-04 00:15:37,149] {dagbag.py:508} INFO - Filling up the DagBag from /home/airflow/.local/lib/python3.7/site-packages/airflow/example_dags/example_branch_day_of_week_operator.py
[2022-08-04 00:15:37,269] {processor.py:651} INFO - DAG(s) dict_keys(['example_weekday_branch_operator']) retrieved from /home/airflow/.local/lib/python3.7/site-packages/airflow/example_dags/example_branch_day_of_week_operator.py
[2022-08-04 00:15:37,493] {logging_mixin.py:115} INFO - [2022-08-04 00:15:37,493] {dag.py:2420} INFO - Sync 1 DAGs
[2022-08-04 00:15:37,548] {logging_mixin.py:115} INFO - [2022-08-04 00:15:37,548] {dag.py:2972} INFO - Setting next_dagrun for example_weekday_branch_operator to 2022-08-03T00:00:00+00:00, run_after=2022-08-04T00:00:00+00:00
[2022-08-04 00:15:37,581] {processor.py:161} INFO - Processing /home/airflow/.local/lib/python3.7/site-packages/airflow/example_dags/example_branch_day_of_week_operator.py took 0.469 seconds
[2022-08-04 00:32:53,699] {processor.py:153} INFO - Started process (PID=23766) to work on /home/airflow/.local/lib/python3.7/site-packages/airflow/example_dags/example_branch_day_of_week_operator.py
[2022-08-04 00:32:53,708] {processor.py:641} INFO - Processing file /home/airflow/.local/lib/python3.7/site-packages/airflow/example_dags/example_branch_day_of_week_operator.py for tasks to queue
[2022-08-04 00:32:53,714] {logging_mixin.py:115} INFO - [2022-08-04 00:32:53,714] {dagbag.py:508} INFO - Filling up the DagBag from /home/airflow/.local/lib/python3.7/site-packages/airflow/example_dags/example_branch_day_of_week_operator.py
[2022-08-04 00:32:53,802] {processor.py:651} INFO - DAG(s) dict_keys(['example_weekday_branch_operator']) retrieved from /home/airflow/.local/lib/python3.7/site-packages/airflow/example_dags/example_branch_day_of_week_operator.py
[2022-08-04 00:32:53,974] {logging_mixin.py:115} INFO - [2022-08-04 00:32:53,974] {dag.py:2420} INFO - Sync 1 DAGs
[2022-08-04 00:32:54,083] {logging_mixin.py:115} INFO - [2022-08-04 00:32:54,083] {dag.py:2972} INFO - Setting next_dagrun for example_weekday_branch_operator to 2022-08-03T00:00:00+00:00, run_after=2022-08-04T00:00:00+00:00
[2022-08-04 00:32:54,175] {processor.py:161} INFO - Processing /home/airflow/.local/lib/python3.7/site-packages/airflow/example_dags/example_branch_day_of_week_operator.py took 0.494 seconds
[2022-08-04 00:33:24,352] {processor.py:153} INFO - Started process (PID=23824) to work on /home/airflow/.local/lib/python3.7/site-packages/airflow/example_dags/example_branch_day_of_week_operator.py
[2022-08-04 00:33:24,357] {processor.py:641} INFO - Processing file /home/airflow/.local/lib/python3.7/site-packages/airflow/example_dags/example_branch_day_of_week_operator.py for tasks to queue
[2022-08-04 00:33:24,363] {logging_mixin.py:115} INFO - [2022-08-04 00:33:24,363] {dagbag.py:508} INFO - Filling up the DagBag from /home/airflow/.local/lib/python3.7/site-packages/airflow/example_dags/example_branch_day_of_week_operator.py
[2022-08-04 00:33:24,384] {processor.py:651} INFO - DAG(s) dict_keys(['example_weekday_branch_operator']) retrieved from /home/airflow/.local/lib/python3.7/site-packages/airflow/example_dags/example_branch_day_of_week_operator.py
[2022-08-04 00:33:24,439] {logging_mixin.py:115} INFO - [2022-08-04 00:33:24,439] {dag.py:2420} INFO - Sync 1 DAGs
[2022-08-04 00:33:24,475] {logging_mixin.py:115} INFO - [2022-08-04 00:33:24,475] {dag.py:2972} INFO - Setting next_dagrun for example_weekday_branch_operator to 2022-08-03T00:00:00+00:00, run_after=2022-08-04T00:00:00+00:00
[2022-08-04 00:33:24,495] {processor.py:161} INFO - Processing /home/airflow/.local/lib/python3.7/site-packages/airflow/example_dags/example_branch_day_of_week_operator.py took 0.149 seconds
[2022-08-04 00:33:54,957] {processor.py:153} INFO - Started process (PID=23878) to work on /home/airflow/.local/lib/python3.7/site-packages/airflow/example_dags/example_branch_day_of_week_operator.py
[2022-08-04 00:33:54,961] {processor.py:641} INFO - Processing file /home/airflow/.local/lib/python3.7/site-packages/airflow/example_dags/example_branch_day_of_week_operator.py for tasks to queue
[2022-08-04 00:33:54,969] {logging_mixin.py:115} INFO - [2022-08-04 00:33:54,968] {dagbag.py:508} INFO - Filling up the DagBag from /home/airflow/.local/lib/python3.7/site-packages/airflow/example_dags/example_branch_day_of_week_operator.py
[2022-08-04 00:33:54,994] {processor.py:651} INFO - DAG(s) dict_keys(['example_weekday_branch_operator']) retrieved from /home/airflow/.local/lib/python3.7/site-packages/airflow/example_dags/example_branch_day_of_week_operator.py
[2022-08-04 00:33:55,029] {logging_mixin.py:115} INFO - [2022-08-04 00:33:55,028] {dag.py:2420} INFO - Sync 1 DAGs
[2022-08-04 00:33:55,058] {logging_mixin.py:115} INFO - [2022-08-04 00:33:55,058] {dag.py:2972} INFO - Setting next_dagrun for example_weekday_branch_operator to 2022-08-03T00:00:00+00:00, run_after=2022-08-04T00:00:00+00:00
[2022-08-04 00:33:55,079] {processor.py:161} INFO - Processing /home/airflow/.local/lib/python3.7/site-packages/airflow/example_dags/example_branch_day_of_week_operator.py took 0.129 seconds
[2022-08-04 00:34:26,165] {processor.py:153} INFO - Started process (PID=23942) to work on /home/airflow/.local/lib/python3.7/site-packages/airflow/example_dags/example_branch_day_of_week_operator.py
[2022-08-04 00:34:26,172] {processor.py:641} INFO - Processing file /home/airflow/.local/lib/python3.7/site-packages/airflow/example_dags/example_branch_day_of_week_operator.py for tasks to queue
[2022-08-04 00:34:26,178] {logging_mixin.py:115} INFO - [2022-08-04 00:34:26,178] {dagbag.py:508} INFO - Filling up the DagBag from /home/airflow/.local/lib/python3.7/site-packages/airflow/example_dags/example_branch_day_of_week_operator.py
[2022-08-04 00:34:26,216] {processor.py:651} INFO - DAG(s) dict_keys(['example_weekday_branch_operator']) retrieved from /home/airflow/.local/lib/python3.7/site-packages/airflow/example_dags/example_branch_day_of_week_operator.py
[2022-08-04 00:34:26,282] {logging_mixin.py:115} INFO - [2022-08-04 00:34:26,282] {dag.py:2420} INFO - Sync 1 DAGs
[2022-08-04 00:34:26,318] {logging_mixin.py:115} INFO - [2022-08-04 00:34:26,318] {dag.py:2972} INFO - Setting next_dagrun for example_weekday_branch_operator to 2022-08-03T00:00:00+00:00, run_after=2022-08-04T00:00:00+00:00
[2022-08-04 00:34:26,341] {processor.py:161} INFO - Processing /home/airflow/.local/lib/python3.7/site-packages/airflow/example_dags/example_branch_day_of_week_operator.py took 0.186 seconds
[2022-08-04 00:34:56,783] {processor.py:153} INFO - Started process (PID=23996) to work on /home/airflow/.local/lib/python3.7/site-packages/airflow/example_dags/example_branch_day_of_week_operator.py
[2022-08-04 00:34:56,789] {processor.py:641} INFO - Processing file /home/airflow/.local/lib/python3.7/site-packages/airflow/example_dags/example_branch_day_of_week_operator.py for tasks to queue
[2022-08-04 00:34:56,797] {logging_mixin.py:115} INFO - [2022-08-04 00:34:56,796] {dagbag.py:508} INFO - Filling up the DagBag from /home/airflow/.local/lib/python3.7/site-packages/airflow/example_dags/example_branch_day_of_week_operator.py
[2022-08-04 00:34:56,813] {processor.py:651} INFO - DAG(s) dict_keys(['example_weekday_branch_operator']) retrieved from /home/airflow/.local/lib/python3.7/site-packages/airflow/example_dags/example_branch_day_of_week_operator.py
[2022-08-04 00:34:56,863] {logging_mixin.py:115} INFO - [2022-08-04 00:34:56,863] {dag.py:2420} INFO - Sync 1 DAGs
[2022-08-04 00:34:56,899] {logging_mixin.py:115} INFO - [2022-08-04 00:34:56,899] {dag.py:2972} INFO - Setting next_dagrun for example_weekday_branch_operator to 2022-08-03T00:00:00+00:00, run_after=2022-08-04T00:00:00+00:00
[2022-08-04 00:34:56,927] {processor.py:161} INFO - Processing /home/airflow/.local/lib/python3.7/site-packages/airflow/example_dags/example_branch_day_of_week_operator.py took 0.151 seconds
[2022-08-04 00:35:28,739] {processor.py:153} INFO - Started process (PID=24058) to work on /home/airflow/.local/lib/python3.7/site-packages/airflow/example_dags/example_branch_day_of_week_operator.py
[2022-08-04 00:35:28,748] {processor.py:641} INFO - Processing file /home/airflow/.local/lib/python3.7/site-packages/airflow/example_dags/example_branch_day_of_week_operator.py for tasks to queue
[2022-08-04 00:35:28,767] {logging_mixin.py:115} INFO - [2022-08-04 00:35:28,766] {dagbag.py:508} INFO - Filling up the DagBag from /home/airflow/.local/lib/python3.7/site-packages/airflow/example_dags/example_branch_day_of_week_operator.py
[2022-08-04 00:35:28,840] {processor.py:651} INFO - DAG(s) dict_keys(['example_weekday_branch_operator']) retrieved from /home/airflow/.local/lib/python3.7/site-packages/airflow/example_dags/example_branch_day_of_week_operator.py
[2022-08-04 00:35:28,986] {logging_mixin.py:115} INFO - [2022-08-04 00:35:28,985] {dag.py:2420} INFO - Sync 1 DAGs
[2022-08-04 00:35:29,094] {logging_mixin.py:115} INFO - [2022-08-04 00:35:29,094] {dag.py:2972} INFO - Setting next_dagrun for example_weekday_branch_operator to 2022-08-03T00:00:00+00:00, run_after=2022-08-04T00:00:00+00:00
[2022-08-04 00:35:29,146] {processor.py:161} INFO - Processing /home/airflow/.local/lib/python3.7/site-packages/airflow/example_dags/example_branch_day_of_week_operator.py took 0.422 seconds
[2022-08-04 00:36:00,009] {processor.py:153} INFO - Started process (PID=24112) to work on /home/airflow/.local/lib/python3.7/site-packages/airflow/example_dags/example_branch_day_of_week_operator.py
[2022-08-04 00:36:00,020] {processor.py:641} INFO - Processing file /home/airflow/.local/lib/python3.7/site-packages/airflow/example_dags/example_branch_day_of_week_operator.py for tasks to queue
[2022-08-04 00:36:00,030] {logging_mixin.py:115} INFO - [2022-08-04 00:36:00,029] {dagbag.py:508} INFO - Filling up the DagBag from /home/airflow/.local/lib/python3.7/site-packages/airflow/example_dags/example_branch_day_of_week_operator.py
[2022-08-04 00:36:00,063] {processor.py:651} INFO - DAG(s) dict_keys(['example_weekday_branch_operator']) retrieved from /home/airflow/.local/lib/python3.7/site-packages/airflow/example_dags/example_branch_day_of_week_operator.py
[2022-08-04 00:36:00,134] {logging_mixin.py:115} INFO - [2022-08-04 00:36:00,134] {dag.py:2420} INFO - Sync 1 DAGs
[2022-08-04 00:36:00,196] {logging_mixin.py:115} INFO - [2022-08-04 00:36:00,195] {dag.py:2972} INFO - Setting next_dagrun for example_weekday_branch_operator to 2022-08-03T00:00:00+00:00, run_after=2022-08-04T00:00:00+00:00
[2022-08-04 00:36:00,247] {processor.py:161} INFO - Processing /home/airflow/.local/lib/python3.7/site-packages/airflow/example_dags/example_branch_day_of_week_operator.py took 0.246 seconds
[2022-08-04 00:36:30,904] {processor.py:153} INFO - Started process (PID=24167) to work on /home/airflow/.local/lib/python3.7/site-packages/airflow/example_dags/example_branch_day_of_week_operator.py
[2022-08-04 00:36:30,908] {processor.py:641} INFO - Processing file /home/airflow/.local/lib/python3.7/site-packages/airflow/example_dags/example_branch_day_of_week_operator.py for tasks to queue
[2022-08-04 00:36:30,911] {logging_mixin.py:115} INFO - [2022-08-04 00:36:30,911] {dagbag.py:508} INFO - Filling up the DagBag from /home/airflow/.local/lib/python3.7/site-packages/airflow/example_dags/example_branch_day_of_week_operator.py
[2022-08-04 00:36:30,927] {processor.py:651} INFO - DAG(s) dict_keys(['example_weekday_branch_operator']) retrieved from /home/airflow/.local/lib/python3.7/site-packages/airflow/example_dags/example_branch_day_of_week_operator.py
[2022-08-04 00:36:30,962] {logging_mixin.py:115} INFO - [2022-08-04 00:36:30,962] {dag.py:2420} INFO - Sync 1 DAGs
[2022-08-04 00:36:30,989] {logging_mixin.py:115} INFO - [2022-08-04 00:36:30,988] {dag.py:2972} INFO - Setting next_dagrun for example_weekday_branch_operator to 2022-08-03T00:00:00+00:00, run_after=2022-08-04T00:00:00+00:00
[2022-08-04 00:36:31,004] {processor.py:161} INFO - Processing /home/airflow/.local/lib/python3.7/site-packages/airflow/example_dags/example_branch_day_of_week_operator.py took 0.106 seconds
[2022-08-04 00:37:01,218] {processor.py:153} INFO - Started process (PID=24229) to work on /home/airflow/.local/lib/python3.7/site-packages/airflow/example_dags/example_branch_day_of_week_operator.py
[2022-08-04 00:37:01,228] {processor.py:641} INFO - Processing file /home/airflow/.local/lib/python3.7/site-packages/airflow/example_dags/example_branch_day_of_week_operator.py for tasks to queue
[2022-08-04 00:37:01,249] {logging_mixin.py:115} INFO - [2022-08-04 00:37:01,248] {dagbag.py:508} INFO - Filling up the DagBag from /home/airflow/.local/lib/python3.7/site-packages/airflow/example_dags/example_branch_day_of_week_operator.py
[2022-08-04 00:37:01,286] {processor.py:651} INFO - DAG(s) dict_keys(['example_weekday_branch_operator']) retrieved from /home/airflow/.local/lib/python3.7/site-packages/airflow/example_dags/example_branch_day_of_week_operator.py
[2022-08-04 00:37:01,372] {logging_mixin.py:115} INFO - [2022-08-04 00:37:01,372] {dag.py:2420} INFO - Sync 1 DAGs
[2022-08-04 00:37:01,444] {logging_mixin.py:115} INFO - [2022-08-04 00:37:01,443] {dag.py:2972} INFO - Setting next_dagrun for example_weekday_branch_operator to 2022-08-03T00:00:00+00:00, run_after=2022-08-04T00:00:00+00:00
[2022-08-04 00:37:01,570] {processor.py:161} INFO - Processing /home/airflow/.local/lib/python3.7/site-packages/airflow/example_dags/example_branch_day_of_week_operator.py took 0.360 seconds
[2022-08-04 00:37:32,500] {processor.py:153} INFO - Started process (PID=24282) to work on /home/airflow/.local/lib/python3.7/site-packages/airflow/example_dags/example_branch_day_of_week_operator.py
[2022-08-04 00:37:32,513] {processor.py:641} INFO - Processing file /home/airflow/.local/lib/python3.7/site-packages/airflow/example_dags/example_branch_day_of_week_operator.py for tasks to queue
[2022-08-04 00:37:32,540] {logging_mixin.py:115} INFO - [2022-08-04 00:37:32,540] {dagbag.py:508} INFO - Filling up the DagBag from /home/airflow/.local/lib/python3.7/site-packages/airflow/example_dags/example_branch_day_of_week_operator.py
[2022-08-04 00:37:32,583] {processor.py:651} INFO - DAG(s) dict_keys(['example_weekday_branch_operator']) retrieved from /home/airflow/.local/lib/python3.7/site-packages/airflow/example_dags/example_branch_day_of_week_operator.py
[2022-08-04 00:37:32,716] {logging_mixin.py:115} INFO - [2022-08-04 00:37:32,716] {dag.py:2420} INFO - Sync 1 DAGs
[2022-08-04 00:37:32,805] {logging_mixin.py:115} INFO - [2022-08-04 00:37:32,805] {dag.py:2972} INFO - Setting next_dagrun for example_weekday_branch_operator to 2022-08-03T00:00:00+00:00, run_after=2022-08-04T00:00:00+00:00
[2022-08-04 00:37:32,853] {processor.py:161} INFO - Processing /home/airflow/.local/lib/python3.7/site-packages/airflow/example_dags/example_branch_day_of_week_operator.py took 0.369 seconds
[2022-08-04 00:38:08,637] {processor.py:153} INFO - Started process (PID=24346) to work on /home/airflow/.local/lib/python3.7/site-packages/airflow/example_dags/example_branch_day_of_week_operator.py
[2022-08-04 00:38:08,640] {processor.py:641} INFO - Processing file /home/airflow/.local/lib/python3.7/site-packages/airflow/example_dags/example_branch_day_of_week_operator.py for tasks to queue
[2022-08-04 00:38:08,649] {logging_mixin.py:115} INFO - [2022-08-04 00:38:08,649] {dagbag.py:508} INFO - Filling up the DagBag from /home/airflow/.local/lib/python3.7/site-packages/airflow/example_dags/example_branch_day_of_week_operator.py
[2022-08-04 00:38:08,664] {processor.py:651} INFO - DAG(s) dict_keys(['example_weekday_branch_operator']) retrieved from /home/airflow/.local/lib/python3.7/site-packages/airflow/example_dags/example_branch_day_of_week_operator.py
[2022-08-04 00:38:08,722] {logging_mixin.py:115} INFO - [2022-08-04 00:38:08,722] {dag.py:2420} INFO - Sync 1 DAGs
[2022-08-04 00:38:08,763] {logging_mixin.py:115} INFO - [2022-08-04 00:38:08,763] {dag.py:2972} INFO - Setting next_dagrun for example_weekday_branch_operator to 2022-08-03T00:00:00+00:00, run_after=2022-08-04T00:00:00+00:00
[2022-08-04 00:38:08,788] {processor.py:161} INFO - Processing /home/airflow/.local/lib/python3.7/site-packages/airflow/example_dags/example_branch_day_of_week_operator.py took 0.158 seconds
