[2022-08-04 00:00:20,851] {processor.py:153} INFO - Started process (PID=22365) to work on /home/airflow/.local/lib/python3.7/site-packages/airflow/example_dags/example_branch_operator_decorator.py
[2022-08-04 00:00:20,859] {processor.py:641} INFO - Processing file /home/airflow/.local/lib/python3.7/site-packages/airflow/example_dags/example_branch_operator_decorator.py for tasks to queue
[2022-08-04 00:00:20,866] {logging_mixin.py:115} INFO - [2022-08-04 00:00:20,866] {dagbag.py:508} INFO - Filling up the DagBag from /home/airflow/.local/lib/python3.7/site-packages/airflow/example_dags/example_branch_operator_decorator.py
[2022-08-04 00:00:20,918] {processor.py:651} INFO - DAG(s) dict_keys(['example_branch_python_operator_decorator']) retrieved from /home/airflow/.local/lib/python3.7/site-packages/airflow/example_dags/example_branch_operator_decorator.py
[2022-08-04 00:00:21,099] {logging_mixin.py:115} INFO - [2022-08-04 00:00:21,099] {dag.py:2420} INFO - Sync 1 DAGs
[2022-08-04 00:00:21,171] {logging_mixin.py:115} INFO - [2022-08-04 00:00:21,171] {dag.py:2972} INFO - Setting next_dagrun for example_branch_python_operator_decorator to 2022-08-03T00:00:00+00:00, run_after=2022-08-04T00:00:00+00:00
[2022-08-04 00:00:21,194] {processor.py:161} INFO - Processing /home/airflow/.local/lib/python3.7/site-packages/airflow/example_dags/example_branch_operator_decorator.py took 0.356 seconds
[2022-08-04 00:00:51,593] {processor.py:153} INFO - Started process (PID=22419) to work on /home/airflow/.local/lib/python3.7/site-packages/airflow/example_dags/example_branch_operator_decorator.py
[2022-08-04 00:00:51,597] {processor.py:641} INFO - Processing file /home/airflow/.local/lib/python3.7/site-packages/airflow/example_dags/example_branch_operator_decorator.py for tasks to queue
[2022-08-04 00:00:51,600] {logging_mixin.py:115} INFO - [2022-08-04 00:00:51,600] {dagbag.py:508} INFO - Filling up the DagBag from /home/airflow/.local/lib/python3.7/site-packages/airflow/example_dags/example_branch_operator_decorator.py
[2022-08-04 00:00:51,635] {processor.py:651} INFO - DAG(s) dict_keys(['example_branch_python_operator_decorator']) retrieved from /home/airflow/.local/lib/python3.7/site-packages/airflow/example_dags/example_branch_operator_decorator.py
[2022-08-04 00:00:51,694] {logging_mixin.py:115} INFO - [2022-08-04 00:00:51,694] {dag.py:2420} INFO - Sync 1 DAGs
[2022-08-04 00:00:51,743] {logging_mixin.py:115} INFO - [2022-08-04 00:00:51,743] {dag.py:2972} INFO - Setting next_dagrun for example_branch_python_operator_decorator to 2022-08-03T00:00:00+00:00, run_after=2022-08-04T00:00:00+00:00
[2022-08-04 00:00:51,764] {processor.py:161} INFO - Processing /home/airflow/.local/lib/python3.7/site-packages/airflow/example_dags/example_branch_operator_decorator.py took 0.177 seconds
[2022-08-04 00:01:24,147] {processor.py:153} INFO - Started process (PID=22484) to work on /home/airflow/.local/lib/python3.7/site-packages/airflow/example_dags/example_branch_operator_decorator.py
[2022-08-04 00:01:24,161] {processor.py:641} INFO - Processing file /home/airflow/.local/lib/python3.7/site-packages/airflow/example_dags/example_branch_operator_decorator.py for tasks to queue
[2022-08-04 00:01:24,172] {logging_mixin.py:115} INFO - [2022-08-04 00:01:24,172] {dagbag.py:508} INFO - Filling up the DagBag from /home/airflow/.local/lib/python3.7/site-packages/airflow/example_dags/example_branch_operator_decorator.py
[2022-08-04 00:01:24,229] {processor.py:651} INFO - DAG(s) dict_keys(['example_branch_python_operator_decorator']) retrieved from /home/airflow/.local/lib/python3.7/site-packages/airflow/example_dags/example_branch_operator_decorator.py
[2022-08-04 00:01:24,322] {logging_mixin.py:115} INFO - [2022-08-04 00:01:24,322] {dag.py:2420} INFO - Sync 1 DAGs
[2022-08-04 00:01:24,388] {logging_mixin.py:115} INFO - [2022-08-04 00:01:24,388] {dag.py:2972} INFO - Setting next_dagrun for example_branch_python_operator_decorator to 2022-08-03T00:00:00+00:00, run_after=2022-08-04T00:00:00+00:00
[2022-08-04 00:01:24,419] {processor.py:161} INFO - Processing /home/airflow/.local/lib/python3.7/site-packages/airflow/example_dags/example_branch_operator_decorator.py took 0.297 seconds
[2022-08-04 00:01:54,504] {processor.py:153} INFO - Started process (PID=22538) to work on /home/airflow/.local/lib/python3.7/site-packages/airflow/example_dags/example_branch_operator_decorator.py
[2022-08-04 00:01:54,508] {processor.py:641} INFO - Processing file /home/airflow/.local/lib/python3.7/site-packages/airflow/example_dags/example_branch_operator_decorator.py for tasks to queue
[2022-08-04 00:01:54,512] {logging_mixin.py:115} INFO - [2022-08-04 00:01:54,512] {dagbag.py:508} INFO - Filling up the DagBag from /home/airflow/.local/lib/python3.7/site-packages/airflow/example_dags/example_branch_operator_decorator.py
[2022-08-04 00:01:54,533] {processor.py:651} INFO - DAG(s) dict_keys(['example_branch_python_operator_decorator']) retrieved from /home/airflow/.local/lib/python3.7/site-packages/airflow/example_dags/example_branch_operator_decorator.py
[2022-08-04 00:01:54,571] {logging_mixin.py:115} INFO - [2022-08-04 00:01:54,571] {dag.py:2420} INFO - Sync 1 DAGs
[2022-08-04 00:01:54,597] {logging_mixin.py:115} INFO - [2022-08-04 00:01:54,597] {dag.py:2972} INFO - Setting next_dagrun for example_branch_python_operator_decorator to 2022-08-03T00:00:00+00:00, run_after=2022-08-04T00:00:00+00:00
[2022-08-04 00:01:54,612] {processor.py:161} INFO - Processing /home/airflow/.local/lib/python3.7/site-packages/airflow/example_dags/example_branch_operator_decorator.py took 0.112 seconds
[2022-08-04 00:02:25,561] {processor.py:153} INFO - Started process (PID=22600) to work on /home/airflow/.local/lib/python3.7/site-packages/airflow/example_dags/example_branch_operator_decorator.py
[2022-08-04 00:02:25,568] {processor.py:641} INFO - Processing file /home/airflow/.local/lib/python3.7/site-packages/airflow/example_dags/example_branch_operator_decorator.py for tasks to queue
[2022-08-04 00:02:25,573] {logging_mixin.py:115} INFO - [2022-08-04 00:02:25,573] {dagbag.py:508} INFO - Filling up the DagBag from /home/airflow/.local/lib/python3.7/site-packages/airflow/example_dags/example_branch_operator_decorator.py
[2022-08-04 00:02:25,605] {processor.py:651} INFO - DAG(s) dict_keys(['example_branch_python_operator_decorator']) retrieved from /home/airflow/.local/lib/python3.7/site-packages/airflow/example_dags/example_branch_operator_decorator.py
[2022-08-04 00:02:25,650] {logging_mixin.py:115} INFO - [2022-08-04 00:02:25,650] {dag.py:2420} INFO - Sync 1 DAGs
[2022-08-04 00:02:25,731] {logging_mixin.py:115} INFO - [2022-08-04 00:02:25,731] {dag.py:2972} INFO - Setting next_dagrun for example_branch_python_operator_decorator to 2022-08-03T00:00:00+00:00, run_after=2022-08-04T00:00:00+00:00
[2022-08-04 00:02:25,759] {processor.py:161} INFO - Processing /home/airflow/.local/lib/python3.7/site-packages/airflow/example_dags/example_branch_operator_decorator.py took 0.205 seconds
[2022-08-04 00:02:55,931] {processor.py:153} INFO - Started process (PID=22655) to work on /home/airflow/.local/lib/python3.7/site-packages/airflow/example_dags/example_branch_operator_decorator.py
[2022-08-04 00:02:55,935] {processor.py:641} INFO - Processing file /home/airflow/.local/lib/python3.7/site-packages/airflow/example_dags/example_branch_operator_decorator.py for tasks to queue
[2022-08-04 00:02:55,939] {logging_mixin.py:115} INFO - [2022-08-04 00:02:55,939] {dagbag.py:508} INFO - Filling up the DagBag from /home/airflow/.local/lib/python3.7/site-packages/airflow/example_dags/example_branch_operator_decorator.py
[2022-08-04 00:02:55,962] {processor.py:651} INFO - DAG(s) dict_keys(['example_branch_python_operator_decorator']) retrieved from /home/airflow/.local/lib/python3.7/site-packages/airflow/example_dags/example_branch_operator_decorator.py
[2022-08-04 00:02:55,999] {logging_mixin.py:115} INFO - [2022-08-04 00:02:55,999] {dag.py:2420} INFO - Sync 1 DAGs
[2022-08-04 00:02:56,024] {logging_mixin.py:115} INFO - [2022-08-04 00:02:56,024] {dag.py:2972} INFO - Setting next_dagrun for example_branch_python_operator_decorator to 2022-08-03T00:00:00+00:00, run_after=2022-08-04T00:00:00+00:00
[2022-08-04 00:02:56,043] {processor.py:161} INFO - Processing /home/airflow/.local/lib/python3.7/site-packages/airflow/example_dags/example_branch_operator_decorator.py took 0.117 seconds
[2022-08-04 00:03:27,029] {processor.py:153} INFO - Started process (PID=22718) to work on /home/airflow/.local/lib/python3.7/site-packages/airflow/example_dags/example_branch_operator_decorator.py
[2022-08-04 00:03:27,046] {processor.py:641} INFO - Processing file /home/airflow/.local/lib/python3.7/site-packages/airflow/example_dags/example_branch_operator_decorator.py for tasks to queue
[2022-08-04 00:03:27,063] {logging_mixin.py:115} INFO - [2022-08-04 00:03:27,062] {dagbag.py:508} INFO - Filling up the DagBag from /home/airflow/.local/lib/python3.7/site-packages/airflow/example_dags/example_branch_operator_decorator.py
[2022-08-04 00:03:27,096] {processor.py:651} INFO - DAG(s) dict_keys(['example_branch_python_operator_decorator']) retrieved from /home/airflow/.local/lib/python3.7/site-packages/airflow/example_dags/example_branch_operator_decorator.py
[2022-08-04 00:03:27,154] {logging_mixin.py:115} INFO - [2022-08-04 00:03:27,154] {dag.py:2420} INFO - Sync 1 DAGs
[2022-08-04 00:03:27,206] {logging_mixin.py:115} INFO - [2022-08-04 00:03:27,206] {dag.py:2972} INFO - Setting next_dagrun for example_branch_python_operator_decorator to 2022-08-03T00:00:00+00:00, run_after=2022-08-04T00:00:00+00:00
[2022-08-04 00:03:27,235] {processor.py:161} INFO - Processing /home/airflow/.local/lib/python3.7/site-packages/airflow/example_dags/example_branch_operator_decorator.py took 0.213 seconds
[2022-08-04 00:03:57,302] {processor.py:153} INFO - Started process (PID=22773) to work on /home/airflow/.local/lib/python3.7/site-packages/airflow/example_dags/example_branch_operator_decorator.py
[2022-08-04 00:03:57,305] {processor.py:641} INFO - Processing file /home/airflow/.local/lib/python3.7/site-packages/airflow/example_dags/example_branch_operator_decorator.py for tasks to queue
[2022-08-04 00:03:57,309] {logging_mixin.py:115} INFO - [2022-08-04 00:03:57,309] {dagbag.py:508} INFO - Filling up the DagBag from /home/airflow/.local/lib/python3.7/site-packages/airflow/example_dags/example_branch_operator_decorator.py
[2022-08-04 00:03:57,333] {processor.py:651} INFO - DAG(s) dict_keys(['example_branch_python_operator_decorator']) retrieved from /home/airflow/.local/lib/python3.7/site-packages/airflow/example_dags/example_branch_operator_decorator.py
[2022-08-04 00:03:57,369] {logging_mixin.py:115} INFO - [2022-08-04 00:03:57,369] {dag.py:2420} INFO - Sync 1 DAGs
[2022-08-04 00:03:57,398] {logging_mixin.py:115} INFO - [2022-08-04 00:03:57,398] {dag.py:2972} INFO - Setting next_dagrun for example_branch_python_operator_decorator to 2022-08-03T00:00:00+00:00, run_after=2022-08-04T00:00:00+00:00
[2022-08-04 00:03:57,413] {processor.py:161} INFO - Processing /home/airflow/.local/lib/python3.7/site-packages/airflow/example_dags/example_branch_operator_decorator.py took 0.116 seconds
[2022-08-04 00:04:28,428] {processor.py:153} INFO - Started process (PID=22834) to work on /home/airflow/.local/lib/python3.7/site-packages/airflow/example_dags/example_branch_operator_decorator.py
[2022-08-04 00:04:28,439] {processor.py:641} INFO - Processing file /home/airflow/.local/lib/python3.7/site-packages/airflow/example_dags/example_branch_operator_decorator.py for tasks to queue
[2022-08-04 00:04:28,452] {logging_mixin.py:115} INFO - [2022-08-04 00:04:28,452] {dagbag.py:508} INFO - Filling up the DagBag from /home/airflow/.local/lib/python3.7/site-packages/airflow/example_dags/example_branch_operator_decorator.py
[2022-08-04 00:04:28,484] {processor.py:651} INFO - DAG(s) dict_keys(['example_branch_python_operator_decorator']) retrieved from /home/airflow/.local/lib/python3.7/site-packages/airflow/example_dags/example_branch_operator_decorator.py
[2022-08-04 00:04:28,531] {logging_mixin.py:115} INFO - [2022-08-04 00:04:28,531] {dag.py:2420} INFO - Sync 1 DAGs
[2022-08-04 00:04:28,583] {logging_mixin.py:115} INFO - [2022-08-04 00:04:28,581] {dag.py:2972} INFO - Setting next_dagrun for example_branch_python_operator_decorator to 2022-08-03T00:00:00+00:00, run_after=2022-08-04T00:00:00+00:00
[2022-08-04 00:04:28,649] {processor.py:161} INFO - Processing /home/airflow/.local/lib/python3.7/site-packages/airflow/example_dags/example_branch_operator_decorator.py took 0.227 seconds
[2022-08-04 00:04:58,789] {processor.py:153} INFO - Started process (PID=22888) to work on /home/airflow/.local/lib/python3.7/site-packages/airflow/example_dags/example_branch_operator_decorator.py
[2022-08-04 00:04:58,794] {processor.py:641} INFO - Processing file /home/airflow/.local/lib/python3.7/site-packages/airflow/example_dags/example_branch_operator_decorator.py for tasks to queue
[2022-08-04 00:04:58,798] {logging_mixin.py:115} INFO - [2022-08-04 00:04:58,798] {dagbag.py:508} INFO - Filling up the DagBag from /home/airflow/.local/lib/python3.7/site-packages/airflow/example_dags/example_branch_operator_decorator.py
[2022-08-04 00:04:58,818] {processor.py:651} INFO - DAG(s) dict_keys(['example_branch_python_operator_decorator']) retrieved from /home/airflow/.local/lib/python3.7/site-packages/airflow/example_dags/example_branch_operator_decorator.py
[2022-08-04 00:04:58,863] {logging_mixin.py:115} INFO - [2022-08-04 00:04:58,863] {dag.py:2420} INFO - Sync 1 DAGs
[2022-08-04 00:04:58,894] {logging_mixin.py:115} INFO - [2022-08-04 00:04:58,894] {dag.py:2972} INFO - Setting next_dagrun for example_branch_python_operator_decorator to 2022-08-03T00:00:00+00:00, run_after=2022-08-04T00:00:00+00:00
[2022-08-04 00:04:58,911] {processor.py:161} INFO - Processing /home/airflow/.local/lib/python3.7/site-packages/airflow/example_dags/example_branch_operator_decorator.py took 0.125 seconds
[2022-08-04 00:05:29,608] {processor.py:153} INFO - Started process (PID=22942) to work on /home/airflow/.local/lib/python3.7/site-packages/airflow/example_dags/example_branch_operator_decorator.py
[2022-08-04 00:05:29,614] {processor.py:641} INFO - Processing file /home/airflow/.local/lib/python3.7/site-packages/airflow/example_dags/example_branch_operator_decorator.py for tasks to queue
[2022-08-04 00:05:29,619] {logging_mixin.py:115} INFO - [2022-08-04 00:05:29,619] {dagbag.py:508} INFO - Filling up the DagBag from /home/airflow/.local/lib/python3.7/site-packages/airflow/example_dags/example_branch_operator_decorator.py
[2022-08-04 00:05:29,672] {processor.py:651} INFO - DAG(s) dict_keys(['example_branch_python_operator_decorator']) retrieved from /home/airflow/.local/lib/python3.7/site-packages/airflow/example_dags/example_branch_operator_decorator.py
[2022-08-04 00:05:29,825] {logging_mixin.py:115} INFO - [2022-08-04 00:05:29,825] {dag.py:2420} INFO - Sync 1 DAGs
[2022-08-04 00:05:29,917] {logging_mixin.py:115} INFO - [2022-08-04 00:05:29,917] {dag.py:2972} INFO - Setting next_dagrun for example_branch_python_operator_decorator to 2022-08-03T00:00:00+00:00, run_after=2022-08-04T00:00:00+00:00
[2022-08-04 00:05:29,959] {processor.py:161} INFO - Processing /home/airflow/.local/lib/python3.7/site-packages/airflow/example_dags/example_branch_operator_decorator.py took 0.359 seconds
[2022-08-04 00:06:00,085] {processor.py:153} INFO - Started process (PID=23006) to work on /home/airflow/.local/lib/python3.7/site-packages/airflow/example_dags/example_branch_operator_decorator.py
[2022-08-04 00:06:00,090] {processor.py:641} INFO - Processing file /home/airflow/.local/lib/python3.7/site-packages/airflow/example_dags/example_branch_operator_decorator.py for tasks to queue
[2022-08-04 00:06:00,096] {logging_mixin.py:115} INFO - [2022-08-04 00:06:00,096] {dagbag.py:508} INFO - Filling up the DagBag from /home/airflow/.local/lib/python3.7/site-packages/airflow/example_dags/example_branch_operator_decorator.py
[2022-08-04 00:06:00,144] {processor.py:651} INFO - DAG(s) dict_keys(['example_branch_python_operator_decorator']) retrieved from /home/airflow/.local/lib/python3.7/site-packages/airflow/example_dags/example_branch_operator_decorator.py
[2022-08-04 00:06:00,225] {logging_mixin.py:115} INFO - [2022-08-04 00:06:00,225] {dag.py:2420} INFO - Sync 1 DAGs
[2022-08-04 00:06:00,302] {logging_mixin.py:115} INFO - [2022-08-04 00:06:00,302] {dag.py:2972} INFO - Setting next_dagrun for example_branch_python_operator_decorator to 2022-08-03T00:00:00+00:00, run_after=2022-08-04T00:00:00+00:00
[2022-08-04 00:06:00,363] {processor.py:161} INFO - Processing /home/airflow/.local/lib/python3.7/site-packages/airflow/example_dags/example_branch_operator_decorator.py took 0.283 seconds
[2022-08-04 00:06:30,580] {processor.py:153} INFO - Started process (PID=23059) to work on /home/airflow/.local/lib/python3.7/site-packages/airflow/example_dags/example_branch_operator_decorator.py
[2022-08-04 00:06:30,584] {processor.py:641} INFO - Processing file /home/airflow/.local/lib/python3.7/site-packages/airflow/example_dags/example_branch_operator_decorator.py for tasks to queue
[2022-08-04 00:06:30,587] {logging_mixin.py:115} INFO - [2022-08-04 00:06:30,587] {dagbag.py:508} INFO - Filling up the DagBag from /home/airflow/.local/lib/python3.7/site-packages/airflow/example_dags/example_branch_operator_decorator.py
[2022-08-04 00:06:30,610] {processor.py:651} INFO - DAG(s) dict_keys(['example_branch_python_operator_decorator']) retrieved from /home/airflow/.local/lib/python3.7/site-packages/airflow/example_dags/example_branch_operator_decorator.py
[2022-08-04 00:06:30,658] {logging_mixin.py:115} INFO - [2022-08-04 00:06:30,658] {dag.py:2420} INFO - Sync 1 DAGs
[2022-08-04 00:06:30,690] {logging_mixin.py:115} INFO - [2022-08-04 00:06:30,690] {dag.py:2972} INFO - Setting next_dagrun for example_branch_python_operator_decorator to 2022-08-03T00:00:00+00:00, run_after=2022-08-04T00:00:00+00:00
[2022-08-04 00:06:30,702] {processor.py:161} INFO - Processing /home/airflow/.local/lib/python3.7/site-packages/airflow/example_dags/example_branch_operator_decorator.py took 0.128 seconds
[2022-08-04 00:07:01,199] {processor.py:153} INFO - Started process (PID=23124) to work on /home/airflow/.local/lib/python3.7/site-packages/airflow/example_dags/example_branch_operator_decorator.py
[2022-08-04 00:07:01,203] {processor.py:641} INFO - Processing file /home/airflow/.local/lib/python3.7/site-packages/airflow/example_dags/example_branch_operator_decorator.py for tasks to queue
[2022-08-04 00:07:01,209] {logging_mixin.py:115} INFO - [2022-08-04 00:07:01,209] {dagbag.py:508} INFO - Filling up the DagBag from /home/airflow/.local/lib/python3.7/site-packages/airflow/example_dags/example_branch_operator_decorator.py
[2022-08-04 00:07:01,232] {processor.py:651} INFO - DAG(s) dict_keys(['example_branch_python_operator_decorator']) retrieved from /home/airflow/.local/lib/python3.7/site-packages/airflow/example_dags/example_branch_operator_decorator.py
[2022-08-04 00:07:01,285] {logging_mixin.py:115} INFO - [2022-08-04 00:07:01,285] {dag.py:2420} INFO - Sync 1 DAGs
[2022-08-04 00:07:01,326] {logging_mixin.py:115} INFO - [2022-08-04 00:07:01,326] {dag.py:2972} INFO - Setting next_dagrun for example_branch_python_operator_decorator to 2022-08-03T00:00:00+00:00, run_after=2022-08-04T00:00:00+00:00
[2022-08-04 00:07:01,366] {processor.py:161} INFO - Processing /home/airflow/.local/lib/python3.7/site-packages/airflow/example_dags/example_branch_operator_decorator.py took 0.171 seconds
[2022-08-04 00:07:32,203] {processor.py:153} INFO - Started process (PID=23187) to work on /home/airflow/.local/lib/python3.7/site-packages/airflow/example_dags/example_branch_operator_decorator.py
[2022-08-04 00:07:32,209] {processor.py:641} INFO - Processing file /home/airflow/.local/lib/python3.7/site-packages/airflow/example_dags/example_branch_operator_decorator.py for tasks to queue
[2022-08-04 00:07:32,214] {logging_mixin.py:115} INFO - [2022-08-04 00:07:32,214] {dagbag.py:508} INFO - Filling up the DagBag from /home/airflow/.local/lib/python3.7/site-packages/airflow/example_dags/example_branch_operator_decorator.py
[2022-08-04 00:07:32,247] {processor.py:651} INFO - DAG(s) dict_keys(['example_branch_python_operator_decorator']) retrieved from /home/airflow/.local/lib/python3.7/site-packages/airflow/example_dags/example_branch_operator_decorator.py
[2022-08-04 00:07:32,301] {logging_mixin.py:115} INFO - [2022-08-04 00:07:32,301] {dag.py:2420} INFO - Sync 1 DAGs
[2022-08-04 00:07:32,341] {logging_mixin.py:115} INFO - [2022-08-04 00:07:32,341] {dag.py:2972} INFO - Setting next_dagrun for example_branch_python_operator_decorator to 2022-08-03T00:00:00+00:00, run_after=2022-08-04T00:00:00+00:00
[2022-08-04 00:07:32,366] {processor.py:161} INFO - Processing /home/airflow/.local/lib/python3.7/site-packages/airflow/example_dags/example_branch_operator_decorator.py took 0.169 seconds
[2022-08-04 00:08:02,844] {processor.py:153} INFO - Started process (PID=23242) to work on /home/airflow/.local/lib/python3.7/site-packages/airflow/example_dags/example_branch_operator_decorator.py
[2022-08-04 00:08:02,853] {processor.py:641} INFO - Processing file /home/airflow/.local/lib/python3.7/site-packages/airflow/example_dags/example_branch_operator_decorator.py for tasks to queue
[2022-08-04 00:08:02,857] {logging_mixin.py:115} INFO - [2022-08-04 00:08:02,857] {dagbag.py:508} INFO - Filling up the DagBag from /home/airflow/.local/lib/python3.7/site-packages/airflow/example_dags/example_branch_operator_decorator.py
[2022-08-04 00:08:02,923] {processor.py:651} INFO - DAG(s) dict_keys(['example_branch_python_operator_decorator']) retrieved from /home/airflow/.local/lib/python3.7/site-packages/airflow/example_dags/example_branch_operator_decorator.py
[2022-08-04 00:08:02,974] {logging_mixin.py:115} INFO - [2022-08-04 00:08:02,974] {dag.py:2420} INFO - Sync 1 DAGs
[2022-08-04 00:08:03,001] {logging_mixin.py:115} INFO - [2022-08-04 00:08:03,001] {dag.py:2972} INFO - Setting next_dagrun for example_branch_python_operator_decorator to 2022-08-03T00:00:00+00:00, run_after=2022-08-04T00:00:00+00:00
[2022-08-04 00:08:03,018] {processor.py:161} INFO - Processing /home/airflow/.local/lib/python3.7/site-packages/airflow/example_dags/example_branch_operator_decorator.py took 0.188 seconds
[2022-08-04 00:08:33,352] {processor.py:153} INFO - Started process (PID=23304) to work on /home/airflow/.local/lib/python3.7/site-packages/airflow/example_dags/example_branch_operator_decorator.py
[2022-08-04 00:08:33,365] {processor.py:641} INFO - Processing file /home/airflow/.local/lib/python3.7/site-packages/airflow/example_dags/example_branch_operator_decorator.py for tasks to queue
[2022-08-04 00:08:33,371] {logging_mixin.py:115} INFO - [2022-08-04 00:08:33,371] {dagbag.py:508} INFO - Filling up the DagBag from /home/airflow/.local/lib/python3.7/site-packages/airflow/example_dags/example_branch_operator_decorator.py
[2022-08-04 00:08:33,398] {processor.py:651} INFO - DAG(s) dict_keys(['example_branch_python_operator_decorator']) retrieved from /home/airflow/.local/lib/python3.7/site-packages/airflow/example_dags/example_branch_operator_decorator.py
[2022-08-04 00:08:33,445] {logging_mixin.py:115} INFO - [2022-08-04 00:08:33,445] {dag.py:2420} INFO - Sync 1 DAGs
[2022-08-04 00:08:33,482] {logging_mixin.py:115} INFO - [2022-08-04 00:08:33,481] {dag.py:2972} INFO - Setting next_dagrun for example_branch_python_operator_decorator to 2022-08-03T00:00:00+00:00, run_after=2022-08-04T00:00:00+00:00
[2022-08-04 00:08:33,501] {processor.py:161} INFO - Processing /home/airflow/.local/lib/python3.7/site-packages/airflow/example_dags/example_branch_operator_decorator.py took 0.165 seconds
[2022-08-04 00:09:03,646] {processor.py:153} INFO - Started process (PID=23358) to work on /home/airflow/.local/lib/python3.7/site-packages/airflow/example_dags/example_branch_operator_decorator.py
[2022-08-04 00:09:03,654] {processor.py:641} INFO - Processing file /home/airflow/.local/lib/python3.7/site-packages/airflow/example_dags/example_branch_operator_decorator.py for tasks to queue
[2022-08-04 00:09:03,671] {logging_mixin.py:115} INFO - [2022-08-04 00:09:03,671] {dagbag.py:508} INFO - Filling up the DagBag from /home/airflow/.local/lib/python3.7/site-packages/airflow/example_dags/example_branch_operator_decorator.py
[2022-08-04 00:09:03,723] {processor.py:651} INFO - DAG(s) dict_keys(['example_branch_python_operator_decorator']) retrieved from /home/airflow/.local/lib/python3.7/site-packages/airflow/example_dags/example_branch_operator_decorator.py
[2022-08-04 00:09:03,818] {logging_mixin.py:115} INFO - [2022-08-04 00:09:03,818] {dag.py:2420} INFO - Sync 1 DAGs
[2022-08-04 00:09:03,896] {logging_mixin.py:115} INFO - [2022-08-04 00:09:03,896] {dag.py:2972} INFO - Setting next_dagrun for example_branch_python_operator_decorator to 2022-08-03T00:00:00+00:00, run_after=2022-08-04T00:00:00+00:00
[2022-08-04 00:09:03,949] {processor.py:161} INFO - Processing /home/airflow/.local/lib/python3.7/site-packages/airflow/example_dags/example_branch_operator_decorator.py took 0.309 seconds
[2022-08-04 00:09:34,397] {processor.py:153} INFO - Started process (PID=23424) to work on /home/airflow/.local/lib/python3.7/site-packages/airflow/example_dags/example_branch_operator_decorator.py
[2022-08-04 00:09:34,403] {processor.py:641} INFO - Processing file /home/airflow/.local/lib/python3.7/site-packages/airflow/example_dags/example_branch_operator_decorator.py for tasks to queue
[2022-08-04 00:09:34,407] {logging_mixin.py:115} INFO - [2022-08-04 00:09:34,407] {dagbag.py:508} INFO - Filling up the DagBag from /home/airflow/.local/lib/python3.7/site-packages/airflow/example_dags/example_branch_operator_decorator.py
[2022-08-04 00:09:34,448] {processor.py:651} INFO - DAG(s) dict_keys(['example_branch_python_operator_decorator']) retrieved from /home/airflow/.local/lib/python3.7/site-packages/airflow/example_dags/example_branch_operator_decorator.py
[2022-08-04 00:09:34,516] {logging_mixin.py:115} INFO - [2022-08-04 00:09:34,516] {dag.py:2420} INFO - Sync 1 DAGs
[2022-08-04 00:09:34,554] {logging_mixin.py:115} INFO - [2022-08-04 00:09:34,554] {dag.py:2972} INFO - Setting next_dagrun for example_branch_python_operator_decorator to 2022-08-03T00:00:00+00:00, run_after=2022-08-04T00:00:00+00:00
[2022-08-04 00:09:34,574] {processor.py:161} INFO - Processing /home/airflow/.local/lib/python3.7/site-packages/airflow/example_dags/example_branch_operator_decorator.py took 0.304 seconds
[2022-08-04 00:10:12,613] {processor.py:153} INFO - Started process (PID=23480) to work on /home/airflow/.local/lib/python3.7/site-packages/airflow/example_dags/example_branch_operator_decorator.py
[2022-08-04 00:10:12,627] {processor.py:641} INFO - Processing file /home/airflow/.local/lib/python3.7/site-packages/airflow/example_dags/example_branch_operator_decorator.py for tasks to queue
[2022-08-04 00:10:12,668] {logging_mixin.py:115} INFO - [2022-08-04 00:10:12,668] {dagbag.py:508} INFO - Filling up the DagBag from /home/airflow/.local/lib/python3.7/site-packages/airflow/example_dags/example_branch_operator_decorator.py
[2022-08-04 00:10:12,712] {processor.py:651} INFO - DAG(s) dict_keys(['example_branch_python_operator_decorator']) retrieved from /home/airflow/.local/lib/python3.7/site-packages/airflow/example_dags/example_branch_operator_decorator.py
[2022-08-04 00:10:12,778] {logging_mixin.py:115} INFO - [2022-08-04 00:10:12,778] {dag.py:2420} INFO - Sync 1 DAGs
[2022-08-04 00:10:12,821] {logging_mixin.py:115} INFO - [2022-08-04 00:10:12,820] {dag.py:2972} INFO - Setting next_dagrun for example_branch_python_operator_decorator to 2022-08-03T00:00:00+00:00, run_after=2022-08-04T00:00:00+00:00
[2022-08-04 00:10:12,866] {processor.py:161} INFO - Processing /home/airflow/.local/lib/python3.7/site-packages/airflow/example_dags/example_branch_operator_decorator.py took 0.258 seconds
[2022-08-04 00:11:10,252] {processor.py:153} INFO - Started process (PID=23545) to work on /home/airflow/.local/lib/python3.7/site-packages/airflow/example_dags/example_branch_operator_decorator.py
[2022-08-04 00:11:10,258] {processor.py:641} INFO - Processing file /home/airflow/.local/lib/python3.7/site-packages/airflow/example_dags/example_branch_operator_decorator.py for tasks to queue
[2022-08-04 00:11:10,266] {logging_mixin.py:115} INFO - [2022-08-04 00:11:10,265] {dagbag.py:508} INFO - Filling up the DagBag from /home/airflow/.local/lib/python3.7/site-packages/airflow/example_dags/example_branch_operator_decorator.py
[2022-08-04 00:11:10,306] {processor.py:651} INFO - DAG(s) dict_keys(['example_branch_python_operator_decorator']) retrieved from /home/airflow/.local/lib/python3.7/site-packages/airflow/example_dags/example_branch_operator_decorator.py
[2022-08-04 00:11:10,352] {logging_mixin.py:115} INFO - [2022-08-04 00:11:10,352] {dag.py:2420} INFO - Sync 1 DAGs
[2022-08-04 00:11:10,401] {logging_mixin.py:115} INFO - [2022-08-04 00:11:10,401] {dag.py:2972} INFO - Setting next_dagrun for example_branch_python_operator_decorator to 2022-08-03T00:00:00+00:00, run_after=2022-08-04T00:00:00+00:00
[2022-08-04 00:11:10,435] {processor.py:161} INFO - Processing /home/airflow/.local/lib/python3.7/site-packages/airflow/example_dags/example_branch_operator_decorator.py took 0.187 seconds
[2022-08-04 00:11:40,877] {processor.py:153} INFO - Started process (PID=23608) to work on /home/airflow/.local/lib/python3.7/site-packages/airflow/example_dags/example_branch_operator_decorator.py
[2022-08-04 00:11:40,884] {processor.py:641} INFO - Processing file /home/airflow/.local/lib/python3.7/site-packages/airflow/example_dags/example_branch_operator_decorator.py for tasks to queue
[2022-08-04 00:11:40,895] {logging_mixin.py:115} INFO - [2022-08-04 00:11:40,894] {dagbag.py:508} INFO - Filling up the DagBag from /home/airflow/.local/lib/python3.7/site-packages/airflow/example_dags/example_branch_operator_decorator.py
[2022-08-04 00:11:40,931] {processor.py:651} INFO - DAG(s) dict_keys(['example_branch_python_operator_decorator']) retrieved from /home/airflow/.local/lib/python3.7/site-packages/airflow/example_dags/example_branch_operator_decorator.py
[2022-08-04 00:11:40,977] {logging_mixin.py:115} INFO - [2022-08-04 00:11:40,976] {dag.py:2420} INFO - Sync 1 DAGs
[2022-08-04 00:11:41,020] {logging_mixin.py:115} INFO - [2022-08-04 00:11:41,020] {dag.py:2972} INFO - Setting next_dagrun for example_branch_python_operator_decorator to 2022-08-03T00:00:00+00:00, run_after=2022-08-04T00:00:00+00:00
[2022-08-04 00:11:41,039] {processor.py:161} INFO - Processing /home/airflow/.local/lib/python3.7/site-packages/airflow/example_dags/example_branch_operator_decorator.py took 0.176 seconds
[2022-08-04 00:15:00,177] {processor.py:153} INFO - Started process (PID=23662) to work on /home/airflow/.local/lib/python3.7/site-packages/airflow/example_dags/example_branch_operator_decorator.py
[2022-08-04 00:15:00,185] {processor.py:641} INFO - Processing file /home/airflow/.local/lib/python3.7/site-packages/airflow/example_dags/example_branch_operator_decorator.py for tasks to queue
[2022-08-04 00:15:00,192] {logging_mixin.py:115} INFO - [2022-08-04 00:15:00,192] {dagbag.py:508} INFO - Filling up the DagBag from /home/airflow/.local/lib/python3.7/site-packages/airflow/example_dags/example_branch_operator_decorator.py
[2022-08-04 00:15:00,259] {processor.py:651} INFO - DAG(s) dict_keys(['example_branch_python_operator_decorator']) retrieved from /home/airflow/.local/lib/python3.7/site-packages/airflow/example_dags/example_branch_operator_decorator.py
[2022-08-04 00:15:00,373] {logging_mixin.py:115} INFO - [2022-08-04 00:15:00,373] {dag.py:2420} INFO - Sync 1 DAGs
[2022-08-04 00:15:00,417] {logging_mixin.py:115} INFO - [2022-08-04 00:15:00,416] {dag.py:2972} INFO - Setting next_dagrun for example_branch_python_operator_decorator to 2022-08-03T00:00:00+00:00, run_after=2022-08-04T00:00:00+00:00
[2022-08-04 00:15:00,453] {processor.py:161} INFO - Processing /home/airflow/.local/lib/python3.7/site-packages/airflow/example_dags/example_branch_operator_decorator.py took 0.282 seconds
[2022-08-04 00:15:41,359] {processor.py:153} INFO - Started process (PID=23726) to work on /home/airflow/.local/lib/python3.7/site-packages/airflow/example_dags/example_branch_operator_decorator.py
[2022-08-04 00:15:41,366] {processor.py:641} INFO - Processing file /home/airflow/.local/lib/python3.7/site-packages/airflow/example_dags/example_branch_operator_decorator.py for tasks to queue
[2022-08-04 00:15:41,371] {logging_mixin.py:115} INFO - [2022-08-04 00:15:41,371] {dagbag.py:508} INFO - Filling up the DagBag from /home/airflow/.local/lib/python3.7/site-packages/airflow/example_dags/example_branch_operator_decorator.py
[2022-08-04 00:15:41,408] {processor.py:651} INFO - DAG(s) dict_keys(['example_branch_python_operator_decorator']) retrieved from /home/airflow/.local/lib/python3.7/site-packages/airflow/example_dags/example_branch_operator_decorator.py
[2022-08-04 00:15:41,465] {logging_mixin.py:115} INFO - [2022-08-04 00:15:41,465] {dag.py:2420} INFO - Sync 1 DAGs
[2022-08-04 00:15:41,504] {logging_mixin.py:115} INFO - [2022-08-04 00:15:41,503] {dag.py:2972} INFO - Setting next_dagrun for example_branch_python_operator_decorator to 2022-08-03T00:00:00+00:00, run_after=2022-08-04T00:00:00+00:00
[2022-08-04 00:15:41,534] {processor.py:161} INFO - Processing /home/airflow/.local/lib/python3.7/site-packages/airflow/example_dags/example_branch_operator_decorator.py took 0.180 seconds
[2022-08-04 00:32:58,362] {processor.py:153} INFO - Started process (PID=23781) to work on /home/airflow/.local/lib/python3.7/site-packages/airflow/example_dags/example_branch_operator_decorator.py
[2022-08-04 00:32:58,376] {processor.py:641} INFO - Processing file /home/airflow/.local/lib/python3.7/site-packages/airflow/example_dags/example_branch_operator_decorator.py for tasks to queue
[2022-08-04 00:32:58,388] {logging_mixin.py:115} INFO - [2022-08-04 00:32:58,388] {dagbag.py:508} INFO - Filling up the DagBag from /home/airflow/.local/lib/python3.7/site-packages/airflow/example_dags/example_branch_operator_decorator.py
[2022-08-04 00:32:58,849] {processor.py:651} INFO - DAG(s) dict_keys(['example_branch_python_operator_decorator']) retrieved from /home/airflow/.local/lib/python3.7/site-packages/airflow/example_dags/example_branch_operator_decorator.py
[2022-08-04 00:32:59,055] {logging_mixin.py:115} INFO - [2022-08-04 00:32:59,055] {dag.py:2420} INFO - Sync 1 DAGs
[2022-08-04 00:32:59,322] {logging_mixin.py:115} INFO - [2022-08-04 00:32:59,321] {dag.py:2972} INFO - Setting next_dagrun for example_branch_python_operator_decorator to 2022-08-03T00:00:00+00:00, run_after=2022-08-04T00:00:00+00:00
[2022-08-04 00:32:59,431] {processor.py:161} INFO - Processing /home/airflow/.local/lib/python3.7/site-packages/airflow/example_dags/example_branch_operator_decorator.py took 1.118 seconds
[2022-08-04 00:33:29,728] {processor.py:153} INFO - Started process (PID=23836) to work on /home/airflow/.local/lib/python3.7/site-packages/airflow/example_dags/example_branch_operator_decorator.py
[2022-08-04 00:33:29,730] {processor.py:641} INFO - Processing file /home/airflow/.local/lib/python3.7/site-packages/airflow/example_dags/example_branch_operator_decorator.py for tasks to queue
[2022-08-04 00:33:29,731] {logging_mixin.py:115} INFO - [2022-08-04 00:33:29,731] {dagbag.py:508} INFO - Filling up the DagBag from /home/airflow/.local/lib/python3.7/site-packages/airflow/example_dags/example_branch_operator_decorator.py
[2022-08-04 00:33:29,756] {processor.py:651} INFO - DAG(s) dict_keys(['example_branch_python_operator_decorator']) retrieved from /home/airflow/.local/lib/python3.7/site-packages/airflow/example_dags/example_branch_operator_decorator.py
[2022-08-04 00:33:29,790] {logging_mixin.py:115} INFO - [2022-08-04 00:33:29,790] {dag.py:2420} INFO - Sync 1 DAGs
[2022-08-04 00:33:29,816] {logging_mixin.py:115} INFO - [2022-08-04 00:33:29,816] {dag.py:2972} INFO - Setting next_dagrun for example_branch_python_operator_decorator to 2022-08-03T00:00:00+00:00, run_after=2022-08-04T00:00:00+00:00
[2022-08-04 00:33:29,832] {processor.py:161} INFO - Processing /home/airflow/.local/lib/python3.7/site-packages/airflow/example_dags/example_branch_operator_decorator.py took 0.108 seconds
[2022-08-04 00:34:00,552] {processor.py:153} INFO - Started process (PID=23899) to work on /home/airflow/.local/lib/python3.7/site-packages/airflow/example_dags/example_branch_operator_decorator.py
[2022-08-04 00:34:00,559] {processor.py:641} INFO - Processing file /home/airflow/.local/lib/python3.7/site-packages/airflow/example_dags/example_branch_operator_decorator.py for tasks to queue
[2022-08-04 00:34:00,569] {logging_mixin.py:115} INFO - [2022-08-04 00:34:00,569] {dagbag.py:508} INFO - Filling up the DagBag from /home/airflow/.local/lib/python3.7/site-packages/airflow/example_dags/example_branch_operator_decorator.py
[2022-08-04 00:34:00,616] {processor.py:651} INFO - DAG(s) dict_keys(['example_branch_python_operator_decorator']) retrieved from /home/airflow/.local/lib/python3.7/site-packages/airflow/example_dags/example_branch_operator_decorator.py
[2022-08-04 00:34:00,658] {logging_mixin.py:115} INFO - [2022-08-04 00:34:00,658] {dag.py:2420} INFO - Sync 1 DAGs
[2022-08-04 00:34:00,691] {logging_mixin.py:115} INFO - [2022-08-04 00:34:00,691] {dag.py:2972} INFO - Setting next_dagrun for example_branch_python_operator_decorator to 2022-08-03T00:00:00+00:00, run_after=2022-08-04T00:00:00+00:00
[2022-08-04 00:34:00,710] {processor.py:161} INFO - Processing /home/airflow/.local/lib/python3.7/site-packages/airflow/example_dags/example_branch_operator_decorator.py took 0.164 seconds
[2022-08-04 00:34:31,581] {processor.py:153} INFO - Started process (PID=23954) to work on /home/airflow/.local/lib/python3.7/site-packages/airflow/example_dags/example_branch_operator_decorator.py
[2022-08-04 00:34:31,587] {processor.py:641} INFO - Processing file /home/airflow/.local/lib/python3.7/site-packages/airflow/example_dags/example_branch_operator_decorator.py for tasks to queue
[2022-08-04 00:34:31,592] {logging_mixin.py:115} INFO - [2022-08-04 00:34:31,592] {dagbag.py:508} INFO - Filling up the DagBag from /home/airflow/.local/lib/python3.7/site-packages/airflow/example_dags/example_branch_operator_decorator.py
[2022-08-04 00:34:31,626] {processor.py:651} INFO - DAG(s) dict_keys(['example_branch_python_operator_decorator']) retrieved from /home/airflow/.local/lib/python3.7/site-packages/airflow/example_dags/example_branch_operator_decorator.py
[2022-08-04 00:34:31,667] {logging_mixin.py:115} INFO - [2022-08-04 00:34:31,667] {dag.py:2420} INFO - Sync 1 DAGs
[2022-08-04 00:34:31,696] {logging_mixin.py:115} INFO - [2022-08-04 00:34:31,696] {dag.py:2972} INFO - Setting next_dagrun for example_branch_python_operator_decorator to 2022-08-03T00:00:00+00:00, run_after=2022-08-04T00:00:00+00:00
[2022-08-04 00:34:31,712] {processor.py:161} INFO - Processing /home/airflow/.local/lib/python3.7/site-packages/airflow/example_dags/example_branch_operator_decorator.py took 0.138 seconds
[2022-08-04 00:35:02,245] {processor.py:153} INFO - Started process (PID=24017) to work on /home/airflow/.local/lib/python3.7/site-packages/airflow/example_dags/example_branch_operator_decorator.py
[2022-08-04 00:35:02,250] {processor.py:641} INFO - Processing file /home/airflow/.local/lib/python3.7/site-packages/airflow/example_dags/example_branch_operator_decorator.py for tasks to queue
[2022-08-04 00:35:02,255] {logging_mixin.py:115} INFO - [2022-08-04 00:35:02,255] {dagbag.py:508} INFO - Filling up the DagBag from /home/airflow/.local/lib/python3.7/site-packages/airflow/example_dags/example_branch_operator_decorator.py
[2022-08-04 00:35:02,285] {processor.py:651} INFO - DAG(s) dict_keys(['example_branch_python_operator_decorator']) retrieved from /home/airflow/.local/lib/python3.7/site-packages/airflow/example_dags/example_branch_operator_decorator.py
[2022-08-04 00:35:02,323] {logging_mixin.py:115} INFO - [2022-08-04 00:35:02,323] {dag.py:2420} INFO - Sync 1 DAGs
[2022-08-04 00:35:02,356] {logging_mixin.py:115} INFO - [2022-08-04 00:35:02,356] {dag.py:2972} INFO - Setting next_dagrun for example_branch_python_operator_decorator to 2022-08-03T00:00:00+00:00, run_after=2022-08-04T00:00:00+00:00
[2022-08-04 00:35:02,373] {processor.py:161} INFO - Processing /home/airflow/.local/lib/python3.7/site-packages/airflow/example_dags/example_branch_operator_decorator.py took 0.135 seconds
[2022-08-04 00:35:32,901] {processor.py:153} INFO - Started process (PID=24070) to work on /home/airflow/.local/lib/python3.7/site-packages/airflow/example_dags/example_branch_operator_decorator.py
[2022-08-04 00:35:32,911] {processor.py:641} INFO - Processing file /home/airflow/.local/lib/python3.7/site-packages/airflow/example_dags/example_branch_operator_decorator.py for tasks to queue
[2022-08-04 00:35:32,917] {logging_mixin.py:115} INFO - [2022-08-04 00:35:32,916] {dagbag.py:508} INFO - Filling up the DagBag from /home/airflow/.local/lib/python3.7/site-packages/airflow/example_dags/example_branch_operator_decorator.py
[2022-08-04 00:35:32,951] {processor.py:651} INFO - DAG(s) dict_keys(['example_branch_python_operator_decorator']) retrieved from /home/airflow/.local/lib/python3.7/site-packages/airflow/example_dags/example_branch_operator_decorator.py
[2022-08-04 00:35:33,000] {logging_mixin.py:115} INFO - [2022-08-04 00:35:32,999] {dag.py:2420} INFO - Sync 1 DAGs
[2022-08-04 00:35:33,032] {logging_mixin.py:115} INFO - [2022-08-04 00:35:33,032] {dag.py:2972} INFO - Setting next_dagrun for example_branch_python_operator_decorator to 2022-08-03T00:00:00+00:00, run_after=2022-08-04T00:00:00+00:00
[2022-08-04 00:35:33,048] {processor.py:161} INFO - Processing /home/airflow/.local/lib/python3.7/site-packages/airflow/example_dags/example_branch_operator_decorator.py took 0.156 seconds
[2022-08-04 00:36:03,549] {processor.py:153} INFO - Started process (PID=24124) to work on /home/airflow/.local/lib/python3.7/site-packages/airflow/example_dags/example_branch_operator_decorator.py
[2022-08-04 00:36:03,553] {processor.py:641} INFO - Processing file /home/airflow/.local/lib/python3.7/site-packages/airflow/example_dags/example_branch_operator_decorator.py for tasks to queue
[2022-08-04 00:36:03,559] {logging_mixin.py:115} INFO - [2022-08-04 00:36:03,559] {dagbag.py:508} INFO - Filling up the DagBag from /home/airflow/.local/lib/python3.7/site-packages/airflow/example_dags/example_branch_operator_decorator.py
[2022-08-04 00:36:03,607] {processor.py:651} INFO - DAG(s) dict_keys(['example_branch_python_operator_decorator']) retrieved from /home/airflow/.local/lib/python3.7/site-packages/airflow/example_dags/example_branch_operator_decorator.py
[2022-08-04 00:36:03,661] {logging_mixin.py:115} INFO - [2022-08-04 00:36:03,661] {dag.py:2420} INFO - Sync 1 DAGs
[2022-08-04 00:36:03,690] {logging_mixin.py:115} INFO - [2022-08-04 00:36:03,690] {dag.py:2972} INFO - Setting next_dagrun for example_branch_python_operator_decorator to 2022-08-03T00:00:00+00:00, run_after=2022-08-04T00:00:00+00:00
[2022-08-04 00:36:03,709] {processor.py:161} INFO - Processing /home/airflow/.local/lib/python3.7/site-packages/airflow/example_dags/example_branch_operator_decorator.py took 0.165 seconds
[2022-08-04 00:36:34,512] {processor.py:153} INFO - Started process (PID=24188) to work on /home/airflow/.local/lib/python3.7/site-packages/airflow/example_dags/example_branch_operator_decorator.py
[2022-08-04 00:36:34,518] {processor.py:641} INFO - Processing file /home/airflow/.local/lib/python3.7/site-packages/airflow/example_dags/example_branch_operator_decorator.py for tasks to queue
[2022-08-04 00:36:34,522] {logging_mixin.py:115} INFO - [2022-08-04 00:36:34,522] {dagbag.py:508} INFO - Filling up the DagBag from /home/airflow/.local/lib/python3.7/site-packages/airflow/example_dags/example_branch_operator_decorator.py
[2022-08-04 00:36:34,557] {processor.py:651} INFO - DAG(s) dict_keys(['example_branch_python_operator_decorator']) retrieved from /home/airflow/.local/lib/python3.7/site-packages/airflow/example_dags/example_branch_operator_decorator.py
[2022-08-04 00:36:34,613] {logging_mixin.py:115} INFO - [2022-08-04 00:36:34,612] {dag.py:2420} INFO - Sync 1 DAGs
[2022-08-04 00:36:34,643] {logging_mixin.py:115} INFO - [2022-08-04 00:36:34,643] {dag.py:2972} INFO - Setting next_dagrun for example_branch_python_operator_decorator to 2022-08-03T00:00:00+00:00, run_after=2022-08-04T00:00:00+00:00
[2022-08-04 00:36:34,671] {processor.py:161} INFO - Processing /home/airflow/.local/lib/python3.7/site-packages/airflow/example_dags/example_branch_operator_decorator.py took 0.165 seconds
[2022-08-04 00:37:04,888] {processor.py:153} INFO - Started process (PID=24241) to work on /home/airflow/.local/lib/python3.7/site-packages/airflow/example_dags/example_branch_operator_decorator.py
[2022-08-04 00:37:04,897] {processor.py:641} INFO - Processing file /home/airflow/.local/lib/python3.7/site-packages/airflow/example_dags/example_branch_operator_decorator.py for tasks to queue
[2022-08-04 00:37:04,902] {logging_mixin.py:115} INFO - [2022-08-04 00:37:04,902] {dagbag.py:508} INFO - Filling up the DagBag from /home/airflow/.local/lib/python3.7/site-packages/airflow/example_dags/example_branch_operator_decorator.py
[2022-08-04 00:37:04,937] {processor.py:651} INFO - DAG(s) dict_keys(['example_branch_python_operator_decorator']) retrieved from /home/airflow/.local/lib/python3.7/site-packages/airflow/example_dags/example_branch_operator_decorator.py
[2022-08-04 00:37:04,982] {logging_mixin.py:115} INFO - [2022-08-04 00:37:04,982] {dag.py:2420} INFO - Sync 1 DAGs
[2022-08-04 00:37:05,014] {logging_mixin.py:115} INFO - [2022-08-04 00:37:05,013] {dag.py:2972} INFO - Setting next_dagrun for example_branch_python_operator_decorator to 2022-08-03T00:00:00+00:00, run_after=2022-08-04T00:00:00+00:00
[2022-08-04 00:37:05,031] {processor.py:161} INFO - Processing /home/airflow/.local/lib/python3.7/site-packages/airflow/example_dags/example_branch_operator_decorator.py took 0.150 seconds
[2022-08-04 00:37:35,937] {processor.py:153} INFO - Started process (PID=24303) to work on /home/airflow/.local/lib/python3.7/site-packages/airflow/example_dags/example_branch_operator_decorator.py
[2022-08-04 00:37:35,943] {processor.py:641} INFO - Processing file /home/airflow/.local/lib/python3.7/site-packages/airflow/example_dags/example_branch_operator_decorator.py for tasks to queue
[2022-08-04 00:37:35,953] {logging_mixin.py:115} INFO - [2022-08-04 00:37:35,953] {dagbag.py:508} INFO - Filling up the DagBag from /home/airflow/.local/lib/python3.7/site-packages/airflow/example_dags/example_branch_operator_decorator.py
[2022-08-04 00:37:35,999] {processor.py:651} INFO - DAG(s) dict_keys(['example_branch_python_operator_decorator']) retrieved from /home/airflow/.local/lib/python3.7/site-packages/airflow/example_dags/example_branch_operator_decorator.py
[2022-08-04 00:37:36,098] {logging_mixin.py:115} INFO - [2022-08-04 00:37:36,097] {dag.py:2420} INFO - Sync 1 DAGs
[2022-08-04 00:37:36,159] {logging_mixin.py:115} INFO - [2022-08-04 00:37:36,158] {dag.py:2972} INFO - Setting next_dagrun for example_branch_python_operator_decorator to 2022-08-03T00:00:00+00:00, run_after=2022-08-04T00:00:00+00:00
[2022-08-04 00:37:36,192] {processor.py:161} INFO - Processing /home/airflow/.local/lib/python3.7/site-packages/airflow/example_dags/example_branch_operator_decorator.py took 0.263 seconds
