[2022-08-04 00:00:16,242] {processor.py:153} INFO - Started process (PID=22352) to work on /home/airflow/.local/lib/python3.7/site-packages/airflow/example_dags/example_python_operator.py
[2022-08-04 00:00:16,254] {processor.py:641} INFO - Processing file /home/airflow/.local/lib/python3.7/site-packages/airflow/example_dags/example_python_operator.py for tasks to queue
[2022-08-04 00:00:16,266] {logging_mixin.py:115} INFO - [2022-08-04 00:00:16,265] {dagbag.py:508} INFO - Filling up the DagBag from /home/airflow/.local/lib/python3.7/site-packages/airflow/example_dags/example_python_operator.py
[2022-08-04 00:00:16,353] {processor.py:651} INFO - DAG(s) dict_keys(['example_python_operator']) retrieved from /home/airflow/.local/lib/python3.7/site-packages/airflow/example_dags/example_python_operator.py
[2022-08-04 00:00:16,496] {logging_mixin.py:115} INFO - [2022-08-04 00:00:16,496] {dag.py:2420} INFO - Sync 1 DAGs
[2022-08-04 00:00:16,568] {logging_mixin.py:115} INFO - [2022-08-04 00:00:16,567] {dag.py:2972} INFO - Setting next_dagrun for example_python_operator to None, run_after=None
[2022-08-04 00:00:16,618] {processor.py:161} INFO - Processing /home/airflow/.local/lib/python3.7/site-packages/airflow/example_dags/example_python_operator.py took 0.407 seconds
[2022-08-04 00:00:47,171] {processor.py:153} INFO - Started process (PID=22406) to work on /home/airflow/.local/lib/python3.7/site-packages/airflow/example_dags/example_python_operator.py
[2022-08-04 00:00:47,175] {processor.py:641} INFO - Processing file /home/airflow/.local/lib/python3.7/site-packages/airflow/example_dags/example_python_operator.py for tasks to queue
[2022-08-04 00:00:47,177] {logging_mixin.py:115} INFO - [2022-08-04 00:00:47,177] {dagbag.py:508} INFO - Filling up the DagBag from /home/airflow/.local/lib/python3.7/site-packages/airflow/example_dags/example_python_operator.py
[2022-08-04 00:00:47,203] {processor.py:651} INFO - DAG(s) dict_keys(['example_python_operator']) retrieved from /home/airflow/.local/lib/python3.7/site-packages/airflow/example_dags/example_python_operator.py
[2022-08-04 00:00:47,243] {logging_mixin.py:115} INFO - [2022-08-04 00:00:47,243] {dag.py:2420} INFO - Sync 1 DAGs
[2022-08-04 00:00:47,270] {logging_mixin.py:115} INFO - [2022-08-04 00:00:47,270] {dag.py:2972} INFO - Setting next_dagrun for example_python_operator to None, run_after=None
[2022-08-04 00:00:47,285] {processor.py:161} INFO - Processing /home/airflow/.local/lib/python3.7/site-packages/airflow/example_dags/example_python_operator.py took 0.121 seconds
[2022-08-04 00:01:18,166] {processor.py:153} INFO - Started process (PID=22461) to work on /home/airflow/.local/lib/python3.7/site-packages/airflow/example_dags/example_python_operator.py
[2022-08-04 00:01:18,173] {processor.py:641} INFO - Processing file /home/airflow/.local/lib/python3.7/site-packages/airflow/example_dags/example_python_operator.py for tasks to queue
[2022-08-04 00:01:18,176] {logging_mixin.py:115} INFO - [2022-08-04 00:01:18,176] {dagbag.py:508} INFO - Filling up the DagBag from /home/airflow/.local/lib/python3.7/site-packages/airflow/example_dags/example_python_operator.py
[2022-08-04 00:01:18,207] {processor.py:651} INFO - DAG(s) dict_keys(['example_python_operator']) retrieved from /home/airflow/.local/lib/python3.7/site-packages/airflow/example_dags/example_python_operator.py
[2022-08-04 00:01:18,250] {logging_mixin.py:115} INFO - [2022-08-04 00:01:18,250] {dag.py:2420} INFO - Sync 1 DAGs
[2022-08-04 00:01:18,276] {logging_mixin.py:115} INFO - [2022-08-04 00:01:18,275] {dag.py:2972} INFO - Setting next_dagrun for example_python_operator to None, run_after=None
[2022-08-04 00:01:18,295] {processor.py:161} INFO - Processing /home/airflow/.local/lib/python3.7/site-packages/airflow/example_dags/example_python_operator.py took 0.142 seconds
[2022-08-04 00:01:48,854] {processor.py:153} INFO - Started process (PID=22524) to work on /home/airflow/.local/lib/python3.7/site-packages/airflow/example_dags/example_python_operator.py
[2022-08-04 00:01:48,860] {processor.py:641} INFO - Processing file /home/airflow/.local/lib/python3.7/site-packages/airflow/example_dags/example_python_operator.py for tasks to queue
[2022-08-04 00:01:48,875] {logging_mixin.py:115} INFO - [2022-08-04 00:01:48,875] {dagbag.py:508} INFO - Filling up the DagBag from /home/airflow/.local/lib/python3.7/site-packages/airflow/example_dags/example_python_operator.py
[2022-08-04 00:01:48,908] {processor.py:651} INFO - DAG(s) dict_keys(['example_python_operator']) retrieved from /home/airflow/.local/lib/python3.7/site-packages/airflow/example_dags/example_python_operator.py
[2022-08-04 00:01:48,967] {logging_mixin.py:115} INFO - [2022-08-04 00:01:48,966] {dag.py:2420} INFO - Sync 1 DAGs
[2022-08-04 00:01:49,015] {logging_mixin.py:115} INFO - [2022-08-04 00:01:49,015] {dag.py:2972} INFO - Setting next_dagrun for example_python_operator to None, run_after=None
[2022-08-04 00:01:49,067] {processor.py:161} INFO - Processing /home/airflow/.local/lib/python3.7/site-packages/airflow/example_dags/example_python_operator.py took 0.220 seconds
[2022-08-04 00:02:19,188] {processor.py:153} INFO - Started process (PID=22577) to work on /home/airflow/.local/lib/python3.7/site-packages/airflow/example_dags/example_python_operator.py
[2022-08-04 00:02:19,190] {processor.py:641} INFO - Processing file /home/airflow/.local/lib/python3.7/site-packages/airflow/example_dags/example_python_operator.py for tasks to queue
[2022-08-04 00:02:19,193] {logging_mixin.py:115} INFO - [2022-08-04 00:02:19,193] {dagbag.py:508} INFO - Filling up the DagBag from /home/airflow/.local/lib/python3.7/site-packages/airflow/example_dags/example_python_operator.py
[2022-08-04 00:02:19,227] {processor.py:651} INFO - DAG(s) dict_keys(['example_python_operator']) retrieved from /home/airflow/.local/lib/python3.7/site-packages/airflow/example_dags/example_python_operator.py
[2022-08-04 00:02:19,262] {logging_mixin.py:115} INFO - [2022-08-04 00:02:19,262] {dag.py:2420} INFO - Sync 1 DAGs
[2022-08-04 00:02:19,289] {logging_mixin.py:115} INFO - [2022-08-04 00:02:19,289] {dag.py:2972} INFO - Setting next_dagrun for example_python_operator to None, run_after=None
[2022-08-04 00:02:19,305] {processor.py:161} INFO - Processing /home/airflow/.local/lib/python3.7/site-packages/airflow/example_dags/example_python_operator.py took 0.121 seconds
[2022-08-04 00:02:50,142] {processor.py:153} INFO - Started process (PID=22641) to work on /home/airflow/.local/lib/python3.7/site-packages/airflow/example_dags/example_python_operator.py
[2022-08-04 00:02:50,151] {processor.py:641} INFO - Processing file /home/airflow/.local/lib/python3.7/site-packages/airflow/example_dags/example_python_operator.py for tasks to queue
[2022-08-04 00:02:50,154] {logging_mixin.py:115} INFO - [2022-08-04 00:02:50,154] {dagbag.py:508} INFO - Filling up the DagBag from /home/airflow/.local/lib/python3.7/site-packages/airflow/example_dags/example_python_operator.py
[2022-08-04 00:02:50,188] {processor.py:651} INFO - DAG(s) dict_keys(['example_python_operator']) retrieved from /home/airflow/.local/lib/python3.7/site-packages/airflow/example_dags/example_python_operator.py
[2022-08-04 00:02:50,247] {logging_mixin.py:115} INFO - [2022-08-04 00:02:50,247] {dag.py:2420} INFO - Sync 1 DAGs
[2022-08-04 00:02:50,294] {logging_mixin.py:115} INFO - [2022-08-04 00:02:50,294] {dag.py:2972} INFO - Setting next_dagrun for example_python_operator to None, run_after=None
[2022-08-04 00:02:50,316] {processor.py:161} INFO - Processing /home/airflow/.local/lib/python3.7/site-packages/airflow/example_dags/example_python_operator.py took 0.182 seconds
[2022-08-04 00:03:21,009] {processor.py:153} INFO - Started process (PID=22695) to work on /home/airflow/.local/lib/python3.7/site-packages/airflow/example_dags/example_python_operator.py
[2022-08-04 00:03:21,017] {processor.py:641} INFO - Processing file /home/airflow/.local/lib/python3.7/site-packages/airflow/example_dags/example_python_operator.py for tasks to queue
[2022-08-04 00:03:21,021] {logging_mixin.py:115} INFO - [2022-08-04 00:03:21,021] {dagbag.py:508} INFO - Filling up the DagBag from /home/airflow/.local/lib/python3.7/site-packages/airflow/example_dags/example_python_operator.py
[2022-08-04 00:03:21,054] {processor.py:651} INFO - DAG(s) dict_keys(['example_python_operator']) retrieved from /home/airflow/.local/lib/python3.7/site-packages/airflow/example_dags/example_python_operator.py
[2022-08-04 00:03:21,092] {logging_mixin.py:115} INFO - [2022-08-04 00:03:21,092] {dag.py:2420} INFO - Sync 1 DAGs
[2022-08-04 00:03:21,118] {logging_mixin.py:115} INFO - [2022-08-04 00:03:21,117] {dag.py:2972} INFO - Setting next_dagrun for example_python_operator to None, run_after=None
[2022-08-04 00:03:21,136] {processor.py:161} INFO - Processing /home/airflow/.local/lib/python3.7/site-packages/airflow/example_dags/example_python_operator.py took 0.135 seconds
[2022-08-04 00:03:51,763] {processor.py:153} INFO - Started process (PID=22759) to work on /home/airflow/.local/lib/python3.7/site-packages/airflow/example_dags/example_python_operator.py
[2022-08-04 00:03:51,771] {processor.py:641} INFO - Processing file /home/airflow/.local/lib/python3.7/site-packages/airflow/example_dags/example_python_operator.py for tasks to queue
[2022-08-04 00:03:51,776] {logging_mixin.py:115} INFO - [2022-08-04 00:03:51,776] {dagbag.py:508} INFO - Filling up the DagBag from /home/airflow/.local/lib/python3.7/site-packages/airflow/example_dags/example_python_operator.py
[2022-08-04 00:03:51,805] {processor.py:651} INFO - DAG(s) dict_keys(['example_python_operator']) retrieved from /home/airflow/.local/lib/python3.7/site-packages/airflow/example_dags/example_python_operator.py
[2022-08-04 00:03:51,858] {logging_mixin.py:115} INFO - [2022-08-04 00:03:51,857] {dag.py:2420} INFO - Sync 1 DAGs
[2022-08-04 00:03:51,891] {logging_mixin.py:115} INFO - [2022-08-04 00:03:51,891] {dag.py:2972} INFO - Setting next_dagrun for example_python_operator to None, run_after=None
[2022-08-04 00:03:51,913] {processor.py:161} INFO - Processing /home/airflow/.local/lib/python3.7/site-packages/airflow/example_dags/example_python_operator.py took 0.157 seconds
[2022-08-04 00:04:22,081] {processor.py:153} INFO - Started process (PID=22811) to work on /home/airflow/.local/lib/python3.7/site-packages/airflow/example_dags/example_python_operator.py
[2022-08-04 00:04:22,088] {processor.py:641} INFO - Processing file /home/airflow/.local/lib/python3.7/site-packages/airflow/example_dags/example_python_operator.py for tasks to queue
[2022-08-04 00:04:22,090] {logging_mixin.py:115} INFO - [2022-08-04 00:04:22,090] {dagbag.py:508} INFO - Filling up the DagBag from /home/airflow/.local/lib/python3.7/site-packages/airflow/example_dags/example_python_operator.py
[2022-08-04 00:04:22,108] {processor.py:651} INFO - DAG(s) dict_keys(['example_python_operator']) retrieved from /home/airflow/.local/lib/python3.7/site-packages/airflow/example_dags/example_python_operator.py
[2022-08-04 00:04:22,140] {logging_mixin.py:115} INFO - [2022-08-04 00:04:22,140] {dag.py:2420} INFO - Sync 1 DAGs
[2022-08-04 00:04:22,165] {logging_mixin.py:115} INFO - [2022-08-04 00:04:22,164] {dag.py:2972} INFO - Setting next_dagrun for example_python_operator to None, run_after=None
[2022-08-04 00:04:22,187] {processor.py:161} INFO - Processing /home/airflow/.local/lib/python3.7/site-packages/airflow/example_dags/example_python_operator.py took 0.110 seconds
[2022-08-04 00:04:52,866] {processor.py:153} INFO - Started process (PID=22874) to work on /home/airflow/.local/lib/python3.7/site-packages/airflow/example_dags/example_python_operator.py
[2022-08-04 00:04:52,877] {processor.py:641} INFO - Processing file /home/airflow/.local/lib/python3.7/site-packages/airflow/example_dags/example_python_operator.py for tasks to queue
[2022-08-04 00:04:52,888] {logging_mixin.py:115} INFO - [2022-08-04 00:04:52,888] {dagbag.py:508} INFO - Filling up the DagBag from /home/airflow/.local/lib/python3.7/site-packages/airflow/example_dags/example_python_operator.py
[2022-08-04 00:04:52,945] {processor.py:651} INFO - DAG(s) dict_keys(['example_python_operator']) retrieved from /home/airflow/.local/lib/python3.7/site-packages/airflow/example_dags/example_python_operator.py
[2022-08-04 00:04:53,044] {logging_mixin.py:115} INFO - [2022-08-04 00:04:53,043] {dag.py:2420} INFO - Sync 1 DAGs
[2022-08-04 00:04:53,101] {logging_mixin.py:115} INFO - [2022-08-04 00:04:53,101] {dag.py:2972} INFO - Setting next_dagrun for example_python_operator to None, run_after=None
[2022-08-04 00:04:53,176] {processor.py:161} INFO - Processing /home/airflow/.local/lib/python3.7/site-packages/airflow/example_dags/example_python_operator.py took 0.319 seconds
[2022-08-04 00:05:23,472] {processor.py:153} INFO - Started process (PID=22928) to work on /home/airflow/.local/lib/python3.7/site-packages/airflow/example_dags/example_python_operator.py
[2022-08-04 00:05:23,477] {processor.py:641} INFO - Processing file /home/airflow/.local/lib/python3.7/site-packages/airflow/example_dags/example_python_operator.py for tasks to queue
[2022-08-04 00:05:23,482] {logging_mixin.py:115} INFO - [2022-08-04 00:05:23,482] {dagbag.py:508} INFO - Filling up the DagBag from /home/airflow/.local/lib/python3.7/site-packages/airflow/example_dags/example_python_operator.py
[2022-08-04 00:05:23,512] {processor.py:651} INFO - DAG(s) dict_keys(['example_python_operator']) retrieved from /home/airflow/.local/lib/python3.7/site-packages/airflow/example_dags/example_python_operator.py
[2022-08-04 00:05:23,554] {logging_mixin.py:115} INFO - [2022-08-04 00:05:23,554] {dag.py:2420} INFO - Sync 1 DAGs
[2022-08-04 00:05:23,585] {logging_mixin.py:115} INFO - [2022-08-04 00:05:23,585] {dag.py:2972} INFO - Setting next_dagrun for example_python_operator to None, run_after=None
[2022-08-04 00:05:23,605] {processor.py:161} INFO - Processing /home/airflow/.local/lib/python3.7/site-packages/airflow/example_dags/example_python_operator.py took 0.137 seconds
[2022-08-04 00:05:54,262] {processor.py:153} INFO - Started process (PID=22990) to work on /home/airflow/.local/lib/python3.7/site-packages/airflow/example_dags/example_python_operator.py
[2022-08-04 00:05:54,272] {processor.py:641} INFO - Processing file /home/airflow/.local/lib/python3.7/site-packages/airflow/example_dags/example_python_operator.py for tasks to queue
[2022-08-04 00:05:54,279] {logging_mixin.py:115} INFO - [2022-08-04 00:05:54,279] {dagbag.py:508} INFO - Filling up the DagBag from /home/airflow/.local/lib/python3.7/site-packages/airflow/example_dags/example_python_operator.py
[2022-08-04 00:05:54,319] {processor.py:651} INFO - DAG(s) dict_keys(['example_python_operator']) retrieved from /home/airflow/.local/lib/python3.7/site-packages/airflow/example_dags/example_python_operator.py
[2022-08-04 00:05:54,400] {logging_mixin.py:115} INFO - [2022-08-04 00:05:54,400] {dag.py:2420} INFO - Sync 1 DAGs
[2022-08-04 00:05:54,439] {logging_mixin.py:115} INFO - [2022-08-04 00:05:54,439] {dag.py:2972} INFO - Setting next_dagrun for example_python_operator to None, run_after=None
[2022-08-04 00:05:54,464] {processor.py:161} INFO - Processing /home/airflow/.local/lib/python3.7/site-packages/airflow/example_dags/example_python_operator.py took 0.208 seconds
[2022-08-04 00:06:25,050] {processor.py:153} INFO - Started process (PID=23045) to work on /home/airflow/.local/lib/python3.7/site-packages/airflow/example_dags/example_python_operator.py
[2022-08-04 00:06:25,053] {processor.py:641} INFO - Processing file /home/airflow/.local/lib/python3.7/site-packages/airflow/example_dags/example_python_operator.py for tasks to queue
[2022-08-04 00:06:25,055] {logging_mixin.py:115} INFO - [2022-08-04 00:06:25,055] {dagbag.py:508} INFO - Filling up the DagBag from /home/airflow/.local/lib/python3.7/site-packages/airflow/example_dags/example_python_operator.py
[2022-08-04 00:06:25,076] {processor.py:651} INFO - DAG(s) dict_keys(['example_python_operator']) retrieved from /home/airflow/.local/lib/python3.7/site-packages/airflow/example_dags/example_python_operator.py
[2022-08-04 00:06:25,109] {logging_mixin.py:115} INFO - [2022-08-04 00:06:25,109] {dag.py:2420} INFO - Sync 1 DAGs
[2022-08-04 00:06:25,133] {logging_mixin.py:115} INFO - [2022-08-04 00:06:25,133] {dag.py:2972} INFO - Setting next_dagrun for example_python_operator to None, run_after=None
[2022-08-04 00:06:25,150] {processor.py:161} INFO - Processing /home/airflow/.local/lib/python3.7/site-packages/airflow/example_dags/example_python_operator.py took 0.107 seconds
[2022-08-04 00:06:55,288] {processor.py:153} INFO - Started process (PID=23100) to work on /home/airflow/.local/lib/python3.7/site-packages/airflow/example_dags/example_python_operator.py
[2022-08-04 00:06:55,291] {processor.py:641} INFO - Processing file /home/airflow/.local/lib/python3.7/site-packages/airflow/example_dags/example_python_operator.py for tasks to queue
[2022-08-04 00:06:55,293] {logging_mixin.py:115} INFO - [2022-08-04 00:06:55,293] {dagbag.py:508} INFO - Filling up the DagBag from /home/airflow/.local/lib/python3.7/site-packages/airflow/example_dags/example_python_operator.py
[2022-08-04 00:06:55,313] {processor.py:651} INFO - DAG(s) dict_keys(['example_python_operator']) retrieved from /home/airflow/.local/lib/python3.7/site-packages/airflow/example_dags/example_python_operator.py
[2022-08-04 00:06:55,342] {logging_mixin.py:115} INFO - [2022-08-04 00:06:55,342] {dag.py:2420} INFO - Sync 1 DAGs
[2022-08-04 00:06:55,367] {logging_mixin.py:115} INFO - [2022-08-04 00:06:55,367] {dag.py:2972} INFO - Setting next_dagrun for example_python_operator to None, run_after=None
[2022-08-04 00:06:55,381] {processor.py:161} INFO - Processing /home/airflow/.local/lib/python3.7/site-packages/airflow/example_dags/example_python_operator.py took 0.097 seconds
[2022-08-04 00:07:26,035] {processor.py:153} INFO - Started process (PID=23164) to work on /home/airflow/.local/lib/python3.7/site-packages/airflow/example_dags/example_python_operator.py
[2022-08-04 00:07:26,040] {processor.py:641} INFO - Processing file /home/airflow/.local/lib/python3.7/site-packages/airflow/example_dags/example_python_operator.py for tasks to queue
[2022-08-04 00:07:26,045] {logging_mixin.py:115} INFO - [2022-08-04 00:07:26,044] {dagbag.py:508} INFO - Filling up the DagBag from /home/airflow/.local/lib/python3.7/site-packages/airflow/example_dags/example_python_operator.py
[2022-08-04 00:07:26,071] {processor.py:651} INFO - DAG(s) dict_keys(['example_python_operator']) retrieved from /home/airflow/.local/lib/python3.7/site-packages/airflow/example_dags/example_python_operator.py
[2022-08-04 00:07:26,126] {logging_mixin.py:115} INFO - [2022-08-04 00:07:26,125] {dag.py:2420} INFO - Sync 1 DAGs
[2022-08-04 00:07:26,159] {logging_mixin.py:115} INFO - [2022-08-04 00:07:26,159] {dag.py:2972} INFO - Setting next_dagrun for example_python_operator to None, run_after=None
[2022-08-04 00:07:26,192] {processor.py:161} INFO - Processing /home/airflow/.local/lib/python3.7/site-packages/airflow/example_dags/example_python_operator.py took 0.165 seconds
[2022-08-04 00:07:56,367] {processor.py:153} INFO - Started process (PID=23228) to work on /home/airflow/.local/lib/python3.7/site-packages/airflow/example_dags/example_python_operator.py
[2022-08-04 00:07:56,377] {processor.py:641} INFO - Processing file /home/airflow/.local/lib/python3.7/site-packages/airflow/example_dags/example_python_operator.py for tasks to queue
[2022-08-04 00:07:56,384] {logging_mixin.py:115} INFO - [2022-08-04 00:07:56,384] {dagbag.py:508} INFO - Filling up the DagBag from /home/airflow/.local/lib/python3.7/site-packages/airflow/example_dags/example_python_operator.py
[2022-08-04 00:07:56,417] {processor.py:651} INFO - DAG(s) dict_keys(['example_python_operator']) retrieved from /home/airflow/.local/lib/python3.7/site-packages/airflow/example_dags/example_python_operator.py
[2022-08-04 00:07:56,461] {logging_mixin.py:115} INFO - [2022-08-04 00:07:56,461] {dag.py:2420} INFO - Sync 1 DAGs
[2022-08-04 00:07:56,494] {logging_mixin.py:115} INFO - [2022-08-04 00:07:56,494] {dag.py:2972} INFO - Setting next_dagrun for example_python_operator to None, run_after=None
[2022-08-04 00:07:56,516] {processor.py:161} INFO - Processing /home/airflow/.local/lib/python3.7/site-packages/airflow/example_dags/example_python_operator.py took 0.157 seconds
[2022-08-04 00:08:27,288] {processor.py:153} INFO - Started process (PID=23282) to work on /home/airflow/.local/lib/python3.7/site-packages/airflow/example_dags/example_python_operator.py
[2022-08-04 00:08:27,292] {processor.py:641} INFO - Processing file /home/airflow/.local/lib/python3.7/site-packages/airflow/example_dags/example_python_operator.py for tasks to queue
[2022-08-04 00:08:27,297] {logging_mixin.py:115} INFO - [2022-08-04 00:08:27,297] {dagbag.py:508} INFO - Filling up the DagBag from /home/airflow/.local/lib/python3.7/site-packages/airflow/example_dags/example_python_operator.py
[2022-08-04 00:08:27,315] {processor.py:651} INFO - DAG(s) dict_keys(['example_python_operator']) retrieved from /home/airflow/.local/lib/python3.7/site-packages/airflow/example_dags/example_python_operator.py
[2022-08-04 00:08:27,348] {logging_mixin.py:115} INFO - [2022-08-04 00:08:27,347] {dag.py:2420} INFO - Sync 1 DAGs
[2022-08-04 00:08:27,373] {logging_mixin.py:115} INFO - [2022-08-04 00:08:27,373] {dag.py:2972} INFO - Setting next_dagrun for example_python_operator to None, run_after=None
[2022-08-04 00:08:27,398] {processor.py:161} INFO - Processing /home/airflow/.local/lib/python3.7/site-packages/airflow/example_dags/example_python_operator.py took 0.115 seconds
[2022-08-04 00:08:57,602] {processor.py:153} INFO - Started process (PID=23344) to work on /home/airflow/.local/lib/python3.7/site-packages/airflow/example_dags/example_python_operator.py
[2022-08-04 00:08:57,604] {processor.py:641} INFO - Processing file /home/airflow/.local/lib/python3.7/site-packages/airflow/example_dags/example_python_operator.py for tasks to queue
[2022-08-04 00:08:57,607] {logging_mixin.py:115} INFO - [2022-08-04 00:08:57,607] {dagbag.py:508} INFO - Filling up the DagBag from /home/airflow/.local/lib/python3.7/site-packages/airflow/example_dags/example_python_operator.py
[2022-08-04 00:08:57,639] {processor.py:651} INFO - DAG(s) dict_keys(['example_python_operator']) retrieved from /home/airflow/.local/lib/python3.7/site-packages/airflow/example_dags/example_python_operator.py
[2022-08-04 00:08:57,674] {logging_mixin.py:115} INFO - [2022-08-04 00:08:57,674] {dag.py:2420} INFO - Sync 1 DAGs
[2022-08-04 00:08:57,698] {logging_mixin.py:115} INFO - [2022-08-04 00:08:57,698] {dag.py:2972} INFO - Setting next_dagrun for example_python_operator to None, run_after=None
[2022-08-04 00:08:57,718] {processor.py:161} INFO - Processing /home/airflow/.local/lib/python3.7/site-packages/airflow/example_dags/example_python_operator.py took 0.120 seconds
[2022-08-04 00:09:28,003] {processor.py:153} INFO - Started process (PID=23401) to work on /home/airflow/.local/lib/python3.7/site-packages/airflow/example_dags/example_python_operator.py
[2022-08-04 00:09:28,019] {processor.py:641} INFO - Processing file /home/airflow/.local/lib/python3.7/site-packages/airflow/example_dags/example_python_operator.py for tasks to queue
[2022-08-04 00:09:28,035] {logging_mixin.py:115} INFO - [2022-08-04 00:09:28,035] {dagbag.py:508} INFO - Filling up the DagBag from /home/airflow/.local/lib/python3.7/site-packages/airflow/example_dags/example_python_operator.py
[2022-08-04 00:09:28,104] {processor.py:651} INFO - DAG(s) dict_keys(['example_python_operator']) retrieved from /home/airflow/.local/lib/python3.7/site-packages/airflow/example_dags/example_python_operator.py
[2022-08-04 00:09:28,175] {logging_mixin.py:115} INFO - [2022-08-04 00:09:28,175] {dag.py:2420} INFO - Sync 1 DAGs
[2022-08-04 00:09:28,224] {logging_mixin.py:115} INFO - [2022-08-04 00:09:28,224] {dag.py:2972} INFO - Setting next_dagrun for example_python_operator to None, run_after=None
[2022-08-04 00:09:28,260] {processor.py:161} INFO - Processing /home/airflow/.local/lib/python3.7/site-packages/airflow/example_dags/example_python_operator.py took 0.278 seconds
[2022-08-04 00:10:10,548] {processor.py:153} INFO - Started process (PID=23471) to work on /home/airflow/.local/lib/python3.7/site-packages/airflow/example_dags/example_python_operator.py
[2022-08-04 00:10:10,556] {processor.py:641} INFO - Processing file /home/airflow/.local/lib/python3.7/site-packages/airflow/example_dags/example_python_operator.py for tasks to queue
[2022-08-04 00:10:10,569] {logging_mixin.py:115} INFO - [2022-08-04 00:10:10,569] {dagbag.py:508} INFO - Filling up the DagBag from /home/airflow/.local/lib/python3.7/site-packages/airflow/example_dags/example_python_operator.py
[2022-08-04 00:10:10,608] {processor.py:651} INFO - DAG(s) dict_keys(['example_python_operator']) retrieved from /home/airflow/.local/lib/python3.7/site-packages/airflow/example_dags/example_python_operator.py
[2022-08-04 00:10:10,668] {logging_mixin.py:115} INFO - [2022-08-04 00:10:10,668] {dag.py:2420} INFO - Sync 1 DAGs
[2022-08-04 00:10:10,706] {logging_mixin.py:115} INFO - [2022-08-04 00:10:10,706] {dag.py:2972} INFO - Setting next_dagrun for example_python_operator to None, run_after=None
[2022-08-04 00:10:10,742] {processor.py:161} INFO - Processing /home/airflow/.local/lib/python3.7/site-packages/airflow/example_dags/example_python_operator.py took 0.200 seconds
[2022-08-04 00:11:08,482] {processor.py:153} INFO - Started process (PID=23536) to work on /home/airflow/.local/lib/python3.7/site-packages/airflow/example_dags/example_python_operator.py
[2022-08-04 00:11:08,488] {processor.py:641} INFO - Processing file /home/airflow/.local/lib/python3.7/site-packages/airflow/example_dags/example_python_operator.py for tasks to queue
[2022-08-04 00:11:08,498] {logging_mixin.py:115} INFO - [2022-08-04 00:11:08,498] {dagbag.py:508} INFO - Filling up the DagBag from /home/airflow/.local/lib/python3.7/site-packages/airflow/example_dags/example_python_operator.py
[2022-08-04 00:11:08,538] {processor.py:651} INFO - DAG(s) dict_keys(['example_python_operator']) retrieved from /home/airflow/.local/lib/python3.7/site-packages/airflow/example_dags/example_python_operator.py
[2022-08-04 00:11:08,616] {logging_mixin.py:115} INFO - [2022-08-04 00:11:08,615] {dag.py:2420} INFO - Sync 1 DAGs
[2022-08-04 00:11:08,664] {logging_mixin.py:115} INFO - [2022-08-04 00:11:08,663] {dag.py:2972} INFO - Setting next_dagrun for example_python_operator to None, run_after=None
[2022-08-04 00:11:08,709] {processor.py:161} INFO - Processing /home/airflow/.local/lib/python3.7/site-packages/airflow/example_dags/example_python_operator.py took 0.232 seconds
[2022-08-04 00:11:39,475] {processor.py:153} INFO - Started process (PID=23599) to work on /home/airflow/.local/lib/python3.7/site-packages/airflow/example_dags/example_python_operator.py
[2022-08-04 00:11:39,482] {processor.py:641} INFO - Processing file /home/airflow/.local/lib/python3.7/site-packages/airflow/example_dags/example_python_operator.py for tasks to queue
[2022-08-04 00:11:39,487] {logging_mixin.py:115} INFO - [2022-08-04 00:11:39,487] {dagbag.py:508} INFO - Filling up the DagBag from /home/airflow/.local/lib/python3.7/site-packages/airflow/example_dags/example_python_operator.py
[2022-08-04 00:11:39,521] {processor.py:651} INFO - DAG(s) dict_keys(['example_python_operator']) retrieved from /home/airflow/.local/lib/python3.7/site-packages/airflow/example_dags/example_python_operator.py
[2022-08-04 00:11:39,633] {logging_mixin.py:115} INFO - [2022-08-04 00:11:39,633] {dag.py:2420} INFO - Sync 1 DAGs
[2022-08-04 00:11:39,687] {logging_mixin.py:115} INFO - [2022-08-04 00:11:39,686] {dag.py:2972} INFO - Setting next_dagrun for example_python_operator to None, run_after=None
[2022-08-04 00:11:39,748] {processor.py:161} INFO - Processing /home/airflow/.local/lib/python3.7/site-packages/airflow/example_dags/example_python_operator.py took 0.279 seconds
[2022-08-04 00:14:57,728] {processor.py:153} INFO - Started process (PID=23653) to work on /home/airflow/.local/lib/python3.7/site-packages/airflow/example_dags/example_python_operator.py
[2022-08-04 00:14:57,733] {processor.py:641} INFO - Processing file /home/airflow/.local/lib/python3.7/site-packages/airflow/example_dags/example_python_operator.py for tasks to queue
[2022-08-04 00:14:57,738] {logging_mixin.py:115} INFO - [2022-08-04 00:14:57,738] {dagbag.py:508} INFO - Filling up the DagBag from /home/airflow/.local/lib/python3.7/site-packages/airflow/example_dags/example_python_operator.py
[2022-08-04 00:14:57,786] {processor.py:651} INFO - DAG(s) dict_keys(['example_python_operator']) retrieved from /home/airflow/.local/lib/python3.7/site-packages/airflow/example_dags/example_python_operator.py
[2022-08-04 00:14:57,953] {logging_mixin.py:115} INFO - [2022-08-04 00:14:57,952] {dag.py:2420} INFO - Sync 1 DAGs
[2022-08-04 00:14:58,016] {logging_mixin.py:115} INFO - [2022-08-04 00:14:58,015] {dag.py:2972} INFO - Setting next_dagrun for example_python_operator to None, run_after=None
[2022-08-04 00:14:58,072] {processor.py:161} INFO - Processing /home/airflow/.local/lib/python3.7/site-packages/airflow/example_dags/example_python_operator.py took 0.351 seconds
[2022-08-04 00:15:39,035] {processor.py:153} INFO - Started process (PID=23717) to work on /home/airflow/.local/lib/python3.7/site-packages/airflow/example_dags/example_python_operator.py
[2022-08-04 00:15:39,085] {processor.py:641} INFO - Processing file /home/airflow/.local/lib/python3.7/site-packages/airflow/example_dags/example_python_operator.py for tasks to queue
[2022-08-04 00:15:39,103] {logging_mixin.py:115} INFO - [2022-08-04 00:15:39,103] {dagbag.py:508} INFO - Filling up the DagBag from /home/airflow/.local/lib/python3.7/site-packages/airflow/example_dags/example_python_operator.py
[2022-08-04 00:15:39,185] {processor.py:651} INFO - DAG(s) dict_keys(['example_python_operator']) retrieved from /home/airflow/.local/lib/python3.7/site-packages/airflow/example_dags/example_python_operator.py
[2022-08-04 00:15:39,401] {logging_mixin.py:115} INFO - [2022-08-04 00:15:39,401] {dag.py:2420} INFO - Sync 1 DAGs
[2022-08-04 00:15:39,517] {logging_mixin.py:115} INFO - [2022-08-04 00:15:39,517] {dag.py:2972} INFO - Setting next_dagrun for example_python_operator to None, run_after=None
[2022-08-04 00:15:39,595] {processor.py:161} INFO - Processing /home/airflow/.local/lib/python3.7/site-packages/airflow/example_dags/example_python_operator.py took 0.665 seconds
[2022-08-04 00:32:54,894] {processor.py:153} INFO - Started process (PID=23770) to work on /home/airflow/.local/lib/python3.7/site-packages/airflow/example_dags/example_python_operator.py
[2022-08-04 00:32:54,906] {processor.py:641} INFO - Processing file /home/airflow/.local/lib/python3.7/site-packages/airflow/example_dags/example_python_operator.py for tasks to queue
[2022-08-04 00:32:54,917] {logging_mixin.py:115} INFO - [2022-08-04 00:32:54,917] {dagbag.py:508} INFO - Filling up the DagBag from /home/airflow/.local/lib/python3.7/site-packages/airflow/example_dags/example_python_operator.py
[2022-08-04 00:32:55,009] {processor.py:651} INFO - DAG(s) dict_keys(['example_python_operator']) retrieved from /home/airflow/.local/lib/python3.7/site-packages/airflow/example_dags/example_python_operator.py
[2022-08-04 00:32:55,098] {logging_mixin.py:115} INFO - [2022-08-04 00:32:55,098] {dag.py:2420} INFO - Sync 1 DAGs
[2022-08-04 00:32:55,192] {logging_mixin.py:115} INFO - [2022-08-04 00:32:55,192] {dag.py:2972} INFO - Setting next_dagrun for example_python_operator to None, run_after=None
[2022-08-04 00:32:55,257] {processor.py:161} INFO - Processing /home/airflow/.local/lib/python3.7/site-packages/airflow/example_dags/example_python_operator.py took 0.380 seconds
[2022-08-04 00:33:25,719] {processor.py:153} INFO - Started process (PID=23827) to work on /home/airflow/.local/lib/python3.7/site-packages/airflow/example_dags/example_python_operator.py
[2022-08-04 00:33:25,727] {processor.py:641} INFO - Processing file /home/airflow/.local/lib/python3.7/site-packages/airflow/example_dags/example_python_operator.py for tasks to queue
[2022-08-04 00:33:25,734] {logging_mixin.py:115} INFO - [2022-08-04 00:33:25,734] {dagbag.py:508} INFO - Filling up the DagBag from /home/airflow/.local/lib/python3.7/site-packages/airflow/example_dags/example_python_operator.py
[2022-08-04 00:33:25,773] {processor.py:651} INFO - DAG(s) dict_keys(['example_python_operator']) retrieved from /home/airflow/.local/lib/python3.7/site-packages/airflow/example_dags/example_python_operator.py
[2022-08-04 00:33:25,833] {logging_mixin.py:115} INFO - [2022-08-04 00:33:25,833] {dag.py:2420} INFO - Sync 1 DAGs
[2022-08-04 00:33:25,889] {logging_mixin.py:115} INFO - [2022-08-04 00:33:25,888] {dag.py:2972} INFO - Setting next_dagrun for example_python_operator to None, run_after=None
[2022-08-04 00:33:25,920] {processor.py:161} INFO - Processing /home/airflow/.local/lib/python3.7/site-packages/airflow/example_dags/example_python_operator.py took 0.208 seconds
[2022-08-04 00:33:56,262] {processor.py:153} INFO - Started process (PID=23881) to work on /home/airflow/.local/lib/python3.7/site-packages/airflow/example_dags/example_python_operator.py
[2022-08-04 00:33:56,270] {processor.py:641} INFO - Processing file /home/airflow/.local/lib/python3.7/site-packages/airflow/example_dags/example_python_operator.py for tasks to queue
[2022-08-04 00:33:56,276] {logging_mixin.py:115} INFO - [2022-08-04 00:33:56,276] {dagbag.py:508} INFO - Filling up the DagBag from /home/airflow/.local/lib/python3.7/site-packages/airflow/example_dags/example_python_operator.py
[2022-08-04 00:33:56,311] {processor.py:651} INFO - DAG(s) dict_keys(['example_python_operator']) retrieved from /home/airflow/.local/lib/python3.7/site-packages/airflow/example_dags/example_python_operator.py
[2022-08-04 00:33:56,396] {logging_mixin.py:115} INFO - [2022-08-04 00:33:56,396] {dag.py:2420} INFO - Sync 1 DAGs
[2022-08-04 00:33:56,449] {logging_mixin.py:115} INFO - [2022-08-04 00:33:56,447] {dag.py:2972} INFO - Setting next_dagrun for example_python_operator to None, run_after=None
[2022-08-04 00:33:56,482] {processor.py:161} INFO - Processing /home/airflow/.local/lib/python3.7/site-packages/airflow/example_dags/example_python_operator.py took 0.233 seconds
[2022-08-04 00:34:26,697] {processor.py:153} INFO - Started process (PID=23945) to work on /home/airflow/.local/lib/python3.7/site-packages/airflow/example_dags/example_python_operator.py
[2022-08-04 00:34:26,702] {processor.py:641} INFO - Processing file /home/airflow/.local/lib/python3.7/site-packages/airflow/example_dags/example_python_operator.py for tasks to queue
[2022-08-04 00:34:26,713] {logging_mixin.py:115} INFO - [2022-08-04 00:34:26,712] {dagbag.py:508} INFO - Filling up the DagBag from /home/airflow/.local/lib/python3.7/site-packages/airflow/example_dags/example_python_operator.py
[2022-08-04 00:34:26,745] {processor.py:651} INFO - DAG(s) dict_keys(['example_python_operator']) retrieved from /home/airflow/.local/lib/python3.7/site-packages/airflow/example_dags/example_python_operator.py
[2022-08-04 00:34:26,807] {logging_mixin.py:115} INFO - [2022-08-04 00:34:26,807] {dag.py:2420} INFO - Sync 1 DAGs
[2022-08-04 00:34:26,841] {logging_mixin.py:115} INFO - [2022-08-04 00:34:26,841] {dag.py:2972} INFO - Setting next_dagrun for example_python_operator to None, run_after=None
[2022-08-04 00:34:26,865] {processor.py:161} INFO - Processing /home/airflow/.local/lib/python3.7/site-packages/airflow/example_dags/example_python_operator.py took 0.173 seconds
[2022-08-04 00:34:57,190] {processor.py:153} INFO - Started process (PID=23999) to work on /home/airflow/.local/lib/python3.7/site-packages/airflow/example_dags/example_python_operator.py
[2022-08-04 00:34:57,197] {processor.py:641} INFO - Processing file /home/airflow/.local/lib/python3.7/site-packages/airflow/example_dags/example_python_operator.py for tasks to queue
[2022-08-04 00:34:57,204] {logging_mixin.py:115} INFO - [2022-08-04 00:34:57,204] {dagbag.py:508} INFO - Filling up the DagBag from /home/airflow/.local/lib/python3.7/site-packages/airflow/example_dags/example_python_operator.py
[2022-08-04 00:34:57,239] {processor.py:651} INFO - DAG(s) dict_keys(['example_python_operator']) retrieved from /home/airflow/.local/lib/python3.7/site-packages/airflow/example_dags/example_python_operator.py
[2022-08-04 00:34:57,297] {logging_mixin.py:115} INFO - [2022-08-04 00:34:57,297] {dag.py:2420} INFO - Sync 1 DAGs
[2022-08-04 00:34:57,326] {logging_mixin.py:115} INFO - [2022-08-04 00:34:57,326] {dag.py:2972} INFO - Setting next_dagrun for example_python_operator to None, run_after=None
[2022-08-04 00:34:57,353] {processor.py:161} INFO - Processing /home/airflow/.local/lib/python3.7/site-packages/airflow/example_dags/example_python_operator.py took 0.167 seconds
[2022-08-04 00:35:29,683] {processor.py:153} INFO - Started process (PID=24061) to work on /home/airflow/.local/lib/python3.7/site-packages/airflow/example_dags/example_python_operator.py
[2022-08-04 00:35:29,702] {processor.py:641} INFO - Processing file /home/airflow/.local/lib/python3.7/site-packages/airflow/example_dags/example_python_operator.py for tasks to queue
[2022-08-04 00:35:29,727] {logging_mixin.py:115} INFO - [2022-08-04 00:35:29,727] {dagbag.py:508} INFO - Filling up the DagBag from /home/airflow/.local/lib/python3.7/site-packages/airflow/example_dags/example_python_operator.py
[2022-08-04 00:35:29,802] {processor.py:651} INFO - DAG(s) dict_keys(['example_python_operator']) retrieved from /home/airflow/.local/lib/python3.7/site-packages/airflow/example_dags/example_python_operator.py
[2022-08-04 00:35:29,917] {logging_mixin.py:115} INFO - [2022-08-04 00:35:29,916] {dag.py:2420} INFO - Sync 1 DAGs
[2022-08-04 00:35:30,009] {logging_mixin.py:115} INFO - [2022-08-04 00:35:30,009] {dag.py:2972} INFO - Setting next_dagrun for example_python_operator to None, run_after=None
[2022-08-04 00:35:30,040] {processor.py:161} INFO - Processing /home/airflow/.local/lib/python3.7/site-packages/airflow/example_dags/example_python_operator.py took 0.368 seconds
[2022-08-04 00:36:00,652] {processor.py:153} INFO - Started process (PID=24115) to work on /home/airflow/.local/lib/python3.7/site-packages/airflow/example_dags/example_python_operator.py
[2022-08-04 00:36:00,657] {processor.py:641} INFO - Processing file /home/airflow/.local/lib/python3.7/site-packages/airflow/example_dags/example_python_operator.py for tasks to queue
[2022-08-04 00:36:00,663] {logging_mixin.py:115} INFO - [2022-08-04 00:36:00,663] {dagbag.py:508} INFO - Filling up the DagBag from /home/airflow/.local/lib/python3.7/site-packages/airflow/example_dags/example_python_operator.py
[2022-08-04 00:36:00,697] {processor.py:651} INFO - DAG(s) dict_keys(['example_python_operator']) retrieved from /home/airflow/.local/lib/python3.7/site-packages/airflow/example_dags/example_python_operator.py
[2022-08-04 00:36:00,758] {logging_mixin.py:115} INFO - [2022-08-04 00:36:00,758] {dag.py:2420} INFO - Sync 1 DAGs
[2022-08-04 00:36:00,808] {logging_mixin.py:115} INFO - [2022-08-04 00:36:00,808] {dag.py:2972} INFO - Setting next_dagrun for example_python_operator to None, run_after=None
[2022-08-04 00:36:00,834] {processor.py:161} INFO - Processing /home/airflow/.local/lib/python3.7/site-packages/airflow/example_dags/example_python_operator.py took 0.191 seconds
[2022-08-04 00:36:31,246] {processor.py:153} INFO - Started process (PID=24170) to work on /home/airflow/.local/lib/python3.7/site-packages/airflow/example_dags/example_python_operator.py
[2022-08-04 00:36:31,252] {processor.py:641} INFO - Processing file /home/airflow/.local/lib/python3.7/site-packages/airflow/example_dags/example_python_operator.py for tasks to queue
[2022-08-04 00:36:31,256] {logging_mixin.py:115} INFO - [2022-08-04 00:36:31,256] {dagbag.py:508} INFO - Filling up the DagBag from /home/airflow/.local/lib/python3.7/site-packages/airflow/example_dags/example_python_operator.py
[2022-08-04 00:36:31,290] {processor.py:651} INFO - DAG(s) dict_keys(['example_python_operator']) retrieved from /home/airflow/.local/lib/python3.7/site-packages/airflow/example_dags/example_python_operator.py
[2022-08-04 00:36:31,366] {logging_mixin.py:115} INFO - [2022-08-04 00:36:31,366] {dag.py:2420} INFO - Sync 1 DAGs
[2022-08-04 00:36:31,428] {logging_mixin.py:115} INFO - [2022-08-04 00:36:31,428] {dag.py:2972} INFO - Setting next_dagrun for example_python_operator to None, run_after=None
[2022-08-04 00:36:31,447] {processor.py:161} INFO - Processing /home/airflow/.local/lib/python3.7/site-packages/airflow/example_dags/example_python_operator.py took 0.206 seconds
[2022-08-04 00:37:01,960] {processor.py:153} INFO - Started process (PID=24232) to work on /home/airflow/.local/lib/python3.7/site-packages/airflow/example_dags/example_python_operator.py
[2022-08-04 00:37:01,970] {processor.py:641} INFO - Processing file /home/airflow/.local/lib/python3.7/site-packages/airflow/example_dags/example_python_operator.py for tasks to queue
[2022-08-04 00:37:01,976] {logging_mixin.py:115} INFO - [2022-08-04 00:37:01,976] {dagbag.py:508} INFO - Filling up the DagBag from /home/airflow/.local/lib/python3.7/site-packages/airflow/example_dags/example_python_operator.py
[2022-08-04 00:37:02,026] {processor.py:651} INFO - DAG(s) dict_keys(['example_python_operator']) retrieved from /home/airflow/.local/lib/python3.7/site-packages/airflow/example_dags/example_python_operator.py
[2022-08-04 00:37:02,085] {logging_mixin.py:115} INFO - [2022-08-04 00:37:02,085] {dag.py:2420} INFO - Sync 1 DAGs
[2022-08-04 00:37:02,125] {logging_mixin.py:115} INFO - [2022-08-04 00:37:02,125] {dag.py:2972} INFO - Setting next_dagrun for example_python_operator to None, run_after=None
[2022-08-04 00:37:02,151] {processor.py:161} INFO - Processing /home/airflow/.local/lib/python3.7/site-packages/airflow/example_dags/example_python_operator.py took 0.201 seconds
[2022-08-04 00:37:33,759] {processor.py:153} INFO - Started process (PID=24292) to work on /home/airflow/.local/lib/python3.7/site-packages/airflow/example_dags/example_python_operator.py
[2022-08-04 00:37:33,765] {processor.py:641} INFO - Processing file /home/airflow/.local/lib/python3.7/site-packages/airflow/example_dags/example_python_operator.py for tasks to queue
[2022-08-04 00:37:33,771] {logging_mixin.py:115} INFO - [2022-08-04 00:37:33,771] {dagbag.py:508} INFO - Filling up the DagBag from /home/airflow/.local/lib/python3.7/site-packages/airflow/example_dags/example_python_operator.py
[2022-08-04 00:37:33,821] {processor.py:651} INFO - DAG(s) dict_keys(['example_python_operator']) retrieved from /home/airflow/.local/lib/python3.7/site-packages/airflow/example_dags/example_python_operator.py
[2022-08-04 00:37:33,949] {logging_mixin.py:115} INFO - [2022-08-04 00:37:33,948] {dag.py:2420} INFO - Sync 1 DAGs
[2022-08-04 00:37:34,015] {logging_mixin.py:115} INFO - [2022-08-04 00:37:34,015] {dag.py:2972} INFO - Setting next_dagrun for example_python_operator to None, run_after=None
[2022-08-04 00:37:34,053] {processor.py:161} INFO - Processing /home/airflow/.local/lib/python3.7/site-packages/airflow/example_dags/example_python_operator.py took 0.303 seconds
[2022-08-04 00:38:09,185] {processor.py:153} INFO - Started process (PID=24349) to work on /home/airflow/.local/lib/python3.7/site-packages/airflow/example_dags/example_python_operator.py
[2022-08-04 00:38:09,196] {processor.py:641} INFO - Processing file /home/airflow/.local/lib/python3.7/site-packages/airflow/example_dags/example_python_operator.py for tasks to queue
[2022-08-04 00:38:09,200] {logging_mixin.py:115} INFO - [2022-08-04 00:38:09,200] {dagbag.py:508} INFO - Filling up the DagBag from /home/airflow/.local/lib/python3.7/site-packages/airflow/example_dags/example_python_operator.py
[2022-08-04 00:38:09,237] {processor.py:651} INFO - DAG(s) dict_keys(['example_python_operator']) retrieved from /home/airflow/.local/lib/python3.7/site-packages/airflow/example_dags/example_python_operator.py
[2022-08-04 00:38:09,291] {logging_mixin.py:115} INFO - [2022-08-04 00:38:09,291] {dag.py:2420} INFO - Sync 1 DAGs
[2022-08-04 00:38:09,330] {logging_mixin.py:115} INFO - [2022-08-04 00:38:09,330] {dag.py:2972} INFO - Setting next_dagrun for example_python_operator to None, run_after=None
[2022-08-04 00:38:09,365] {processor.py:161} INFO - Processing /home/airflow/.local/lib/python3.7/site-packages/airflow/example_dags/example_python_operator.py took 0.189 seconds
