[2022-08-04 00:00:21,295] {processor.py:153} INFO - Started process (PID=22367) to work on /home/airflow/.local/lib/python3.7/site-packages/airflow/example_dags/example_bash_operator.py
[2022-08-04 00:00:21,299] {processor.py:641} INFO - Processing file /home/airflow/.local/lib/python3.7/site-packages/airflow/example_dags/example_bash_operator.py for tasks to queue
[2022-08-04 00:00:21,305] {logging_mixin.py:115} INFO - [2022-08-04 00:00:21,304] {dagbag.py:508} INFO - Filling up the DagBag from /home/airflow/.local/lib/python3.7/site-packages/airflow/example_dags/example_bash_operator.py
[2022-08-04 00:00:21,337] {processor.py:651} INFO - DAG(s) dict_keys(['example_bash_operator']) retrieved from /home/airflow/.local/lib/python3.7/site-packages/airflow/example_dags/example_bash_operator.py
[2022-08-04 00:00:21,406] {logging_mixin.py:115} INFO - [2022-08-04 00:00:21,405] {dag.py:2420} INFO - Sync 1 DAGs
[2022-08-04 00:00:21,466] {logging_mixin.py:115} INFO - [2022-08-04 00:00:21,466] {dag.py:2972} INFO - Setting next_dagrun for example_bash_operator to 2022-08-03T00:00:00+00:00, run_after=2022-08-04T00:00:00+00:00
[2022-08-04 00:00:21,502] {processor.py:161} INFO - Processing /home/airflow/.local/lib/python3.7/site-packages/airflow/example_dags/example_bash_operator.py took 0.215 seconds
[2022-08-04 00:00:51,969] {processor.py:153} INFO - Started process (PID=22422) to work on /home/airflow/.local/lib/python3.7/site-packages/airflow/example_dags/example_bash_operator.py
[2022-08-04 00:00:51,976] {processor.py:641} INFO - Processing file /home/airflow/.local/lib/python3.7/site-packages/airflow/example_dags/example_bash_operator.py for tasks to queue
[2022-08-04 00:00:51,981] {logging_mixin.py:115} INFO - [2022-08-04 00:00:51,980] {dagbag.py:508} INFO - Filling up the DagBag from /home/airflow/.local/lib/python3.7/site-packages/airflow/example_dags/example_bash_operator.py
[2022-08-04 00:00:52,003] {processor.py:651} INFO - DAG(s) dict_keys(['example_bash_operator']) retrieved from /home/airflow/.local/lib/python3.7/site-packages/airflow/example_dags/example_bash_operator.py
[2022-08-04 00:00:52,059] {logging_mixin.py:115} INFO - [2022-08-04 00:00:52,059] {dag.py:2420} INFO - Sync 1 DAGs
[2022-08-04 00:00:52,088] {logging_mixin.py:115} INFO - [2022-08-04 00:00:52,088] {dag.py:2972} INFO - Setting next_dagrun for example_bash_operator to 2022-08-03T00:00:00+00:00, run_after=2022-08-04T00:00:00+00:00
[2022-08-04 00:00:52,105] {processor.py:161} INFO - Processing /home/airflow/.local/lib/python3.7/site-packages/airflow/example_dags/example_bash_operator.py took 0.139 seconds
[2022-08-04 00:01:24,558] {processor.py:153} INFO - Started process (PID=22486) to work on /home/airflow/.local/lib/python3.7/site-packages/airflow/example_dags/example_bash_operator.py
[2022-08-04 00:01:24,568] {processor.py:641} INFO - Processing file /home/airflow/.local/lib/python3.7/site-packages/airflow/example_dags/example_bash_operator.py for tasks to queue
[2022-08-04 00:01:24,577] {logging_mixin.py:115} INFO - [2022-08-04 00:01:24,576] {dagbag.py:508} INFO - Filling up the DagBag from /home/airflow/.local/lib/python3.7/site-packages/airflow/example_dags/example_bash_operator.py
[2022-08-04 00:01:24,609] {processor.py:651} INFO - DAG(s) dict_keys(['example_bash_operator']) retrieved from /home/airflow/.local/lib/python3.7/site-packages/airflow/example_dags/example_bash_operator.py
[2022-08-04 00:01:24,670] {logging_mixin.py:115} INFO - [2022-08-04 00:01:24,670] {dag.py:2420} INFO - Sync 1 DAGs
[2022-08-04 00:01:24,714] {logging_mixin.py:115} INFO - [2022-08-04 00:01:24,714] {dag.py:2972} INFO - Setting next_dagrun for example_bash_operator to 2022-08-03T00:00:00+00:00, run_after=2022-08-04T00:00:00+00:00
[2022-08-04 00:01:24,754] {processor.py:161} INFO - Processing /home/airflow/.local/lib/python3.7/site-packages/airflow/example_dags/example_bash_operator.py took 0.203 seconds
[2022-08-04 00:01:55,890] {processor.py:153} INFO - Started process (PID=22542) to work on /home/airflow/.local/lib/python3.7/site-packages/airflow/example_dags/example_bash_operator.py
[2022-08-04 00:01:55,897] {processor.py:641} INFO - Processing file /home/airflow/.local/lib/python3.7/site-packages/airflow/example_dags/example_bash_operator.py for tasks to queue
[2022-08-04 00:01:55,903] {logging_mixin.py:115} INFO - [2022-08-04 00:01:55,903] {dagbag.py:508} INFO - Filling up the DagBag from /home/airflow/.local/lib/python3.7/site-packages/airflow/example_dags/example_bash_operator.py
[2022-08-04 00:01:55,927] {processor.py:651} INFO - DAG(s) dict_keys(['example_bash_operator']) retrieved from /home/airflow/.local/lib/python3.7/site-packages/airflow/example_dags/example_bash_operator.py
[2022-08-04 00:01:55,984] {logging_mixin.py:115} INFO - [2022-08-04 00:01:55,984] {dag.py:2420} INFO - Sync 1 DAGs
[2022-08-04 00:01:56,018] {logging_mixin.py:115} INFO - [2022-08-04 00:01:56,018] {dag.py:2972} INFO - Setting next_dagrun for example_bash_operator to 2022-08-03T00:00:00+00:00, run_after=2022-08-04T00:00:00+00:00
[2022-08-04 00:01:56,044] {processor.py:161} INFO - Processing /home/airflow/.local/lib/python3.7/site-packages/airflow/example_dags/example_bash_operator.py took 0.161 seconds
[2022-08-04 00:02:26,152] {processor.py:153} INFO - Started process (PID=22604) to work on /home/airflow/.local/lib/python3.7/site-packages/airflow/example_dags/example_bash_operator.py
[2022-08-04 00:02:26,160] {processor.py:641} INFO - Processing file /home/airflow/.local/lib/python3.7/site-packages/airflow/example_dags/example_bash_operator.py for tasks to queue
[2022-08-04 00:02:26,168] {logging_mixin.py:115} INFO - [2022-08-04 00:02:26,168] {dagbag.py:508} INFO - Filling up the DagBag from /home/airflow/.local/lib/python3.7/site-packages/airflow/example_dags/example_bash_operator.py
[2022-08-04 00:02:26,204] {processor.py:651} INFO - DAG(s) dict_keys(['example_bash_operator']) retrieved from /home/airflow/.local/lib/python3.7/site-packages/airflow/example_dags/example_bash_operator.py
[2022-08-04 00:02:26,264] {logging_mixin.py:115} INFO - [2022-08-04 00:02:26,264] {dag.py:2420} INFO - Sync 1 DAGs
[2022-08-04 00:02:26,301] {logging_mixin.py:115} INFO - [2022-08-04 00:02:26,301] {dag.py:2972} INFO - Setting next_dagrun for example_bash_operator to 2022-08-03T00:00:00+00:00, run_after=2022-08-04T00:00:00+00:00
[2022-08-04 00:02:26,333] {processor.py:161} INFO - Processing /home/airflow/.local/lib/python3.7/site-packages/airflow/example_dags/example_bash_operator.py took 0.191 seconds
[2022-08-04 00:02:57,202] {processor.py:153} INFO - Started process (PID=22659) to work on /home/airflow/.local/lib/python3.7/site-packages/airflow/example_dags/example_bash_operator.py
[2022-08-04 00:02:57,205] {processor.py:641} INFO - Processing file /home/airflow/.local/lib/python3.7/site-packages/airflow/example_dags/example_bash_operator.py for tasks to queue
[2022-08-04 00:02:57,207] {logging_mixin.py:115} INFO - [2022-08-04 00:02:57,207] {dagbag.py:508} INFO - Filling up the DagBag from /home/airflow/.local/lib/python3.7/site-packages/airflow/example_dags/example_bash_operator.py
[2022-08-04 00:02:57,222] {processor.py:651} INFO - DAG(s) dict_keys(['example_bash_operator']) retrieved from /home/airflow/.local/lib/python3.7/site-packages/airflow/example_dags/example_bash_operator.py
[2022-08-04 00:02:57,255] {logging_mixin.py:115} INFO - [2022-08-04 00:02:57,255] {dag.py:2420} INFO - Sync 1 DAGs
[2022-08-04 00:02:57,285] {logging_mixin.py:115} INFO - [2022-08-04 00:02:57,285] {dag.py:2972} INFO - Setting next_dagrun for example_bash_operator to 2022-08-03T00:00:00+00:00, run_after=2022-08-04T00:00:00+00:00
[2022-08-04 00:02:57,311] {processor.py:161} INFO - Processing /home/airflow/.local/lib/python3.7/site-packages/airflow/example_dags/example_bash_operator.py took 0.113 seconds
[2022-08-04 00:03:27,972] {processor.py:153} INFO - Started process (PID=22722) to work on /home/airflow/.local/lib/python3.7/site-packages/airflow/example_dags/example_bash_operator.py
[2022-08-04 00:03:27,977] {processor.py:641} INFO - Processing file /home/airflow/.local/lib/python3.7/site-packages/airflow/example_dags/example_bash_operator.py for tasks to queue
[2022-08-04 00:03:27,996] {logging_mixin.py:115} INFO - [2022-08-04 00:03:27,996] {dagbag.py:508} INFO - Filling up the DagBag from /home/airflow/.local/lib/python3.7/site-packages/airflow/example_dags/example_bash_operator.py
[2022-08-04 00:03:28,023] {processor.py:651} INFO - DAG(s) dict_keys(['example_bash_operator']) retrieved from /home/airflow/.local/lib/python3.7/site-packages/airflow/example_dags/example_bash_operator.py
[2022-08-04 00:03:28,095] {logging_mixin.py:115} INFO - [2022-08-04 00:03:28,095] {dag.py:2420} INFO - Sync 1 DAGs
[2022-08-04 00:03:28,135] {logging_mixin.py:115} INFO - [2022-08-04 00:03:28,135] {dag.py:2972} INFO - Setting next_dagrun for example_bash_operator to 2022-08-03T00:00:00+00:00, run_after=2022-08-04T00:00:00+00:00
[2022-08-04 00:03:28,164] {processor.py:161} INFO - Processing /home/airflow/.local/lib/python3.7/site-packages/airflow/example_dags/example_bash_operator.py took 0.201 seconds
[2022-08-04 00:03:59,305] {processor.py:153} INFO - Started process (PID=22777) to work on /home/airflow/.local/lib/python3.7/site-packages/airflow/example_dags/example_bash_operator.py
[2022-08-04 00:03:59,333] {processor.py:641} INFO - Processing file /home/airflow/.local/lib/python3.7/site-packages/airflow/example_dags/example_bash_operator.py for tasks to queue
[2022-08-04 00:03:59,390] {logging_mixin.py:115} INFO - [2022-08-04 00:03:59,389] {dagbag.py:508} INFO - Filling up the DagBag from /home/airflow/.local/lib/python3.7/site-packages/airflow/example_dags/example_bash_operator.py
[2022-08-04 00:03:59,634] {processor.py:651} INFO - DAG(s) dict_keys(['example_bash_operator']) retrieved from /home/airflow/.local/lib/python3.7/site-packages/airflow/example_dags/example_bash_operator.py
[2022-08-04 00:03:59,793] {logging_mixin.py:115} INFO - [2022-08-04 00:03:59,793] {dag.py:2420} INFO - Sync 1 DAGs
[2022-08-04 00:03:59,858] {logging_mixin.py:115} INFO - [2022-08-04 00:03:59,858] {dag.py:2972} INFO - Setting next_dagrun for example_bash_operator to 2022-08-03T00:00:00+00:00, run_after=2022-08-04T00:00:00+00:00
[2022-08-04 00:03:59,890] {processor.py:161} INFO - Processing /home/airflow/.local/lib/python3.7/site-packages/airflow/example_dags/example_bash_operator.py took 0.904 seconds
[2022-08-04 00:04:30,250] {processor.py:153} INFO - Started process (PID=22838) to work on /home/airflow/.local/lib/python3.7/site-packages/airflow/example_dags/example_bash_operator.py
[2022-08-04 00:04:30,257] {processor.py:641} INFO - Processing file /home/airflow/.local/lib/python3.7/site-packages/airflow/example_dags/example_bash_operator.py for tasks to queue
[2022-08-04 00:04:30,265] {logging_mixin.py:115} INFO - [2022-08-04 00:04:30,265] {dagbag.py:508} INFO - Filling up the DagBag from /home/airflow/.local/lib/python3.7/site-packages/airflow/example_dags/example_bash_operator.py
[2022-08-04 00:04:30,293] {processor.py:651} INFO - DAG(s) dict_keys(['example_bash_operator']) retrieved from /home/airflow/.local/lib/python3.7/site-packages/airflow/example_dags/example_bash_operator.py
[2022-08-04 00:04:30,341] {logging_mixin.py:115} INFO - [2022-08-04 00:04:30,341] {dag.py:2420} INFO - Sync 1 DAGs
[2022-08-04 00:04:30,397] {logging_mixin.py:115} INFO - [2022-08-04 00:04:30,396] {dag.py:2972} INFO - Setting next_dagrun for example_bash_operator to 2022-08-03T00:00:00+00:00, run_after=2022-08-04T00:00:00+00:00
[2022-08-04 00:04:30,434] {processor.py:161} INFO - Processing /home/airflow/.local/lib/python3.7/site-packages/airflow/example_dags/example_bash_operator.py took 0.190 seconds
[2022-08-04 00:05:00,944] {processor.py:153} INFO - Started process (PID=22892) to work on /home/airflow/.local/lib/python3.7/site-packages/airflow/example_dags/example_bash_operator.py
[2022-08-04 00:05:00,949] {processor.py:641} INFO - Processing file /home/airflow/.local/lib/python3.7/site-packages/airflow/example_dags/example_bash_operator.py for tasks to queue
[2022-08-04 00:05:00,951] {logging_mixin.py:115} INFO - [2022-08-04 00:05:00,951] {dagbag.py:508} INFO - Filling up the DagBag from /home/airflow/.local/lib/python3.7/site-packages/airflow/example_dags/example_bash_operator.py
[2022-08-04 00:05:00,968] {processor.py:651} INFO - DAG(s) dict_keys(['example_bash_operator']) retrieved from /home/airflow/.local/lib/python3.7/site-packages/airflow/example_dags/example_bash_operator.py
[2022-08-04 00:05:01,005] {logging_mixin.py:115} INFO - [2022-08-04 00:05:01,004] {dag.py:2420} INFO - Sync 1 DAGs
[2022-08-04 00:05:01,033] {logging_mixin.py:115} INFO - [2022-08-04 00:05:01,033] {dag.py:2972} INFO - Setting next_dagrun for example_bash_operator to 2022-08-03T00:00:00+00:00, run_after=2022-08-04T00:00:00+00:00
[2022-08-04 00:05:01,049] {processor.py:161} INFO - Processing /home/airflow/.local/lib/python3.7/site-packages/airflow/example_dags/example_bash_operator.py took 0.109 seconds
[2022-08-04 00:05:31,399] {processor.py:153} INFO - Started process (PID=22956) to work on /home/airflow/.local/lib/python3.7/site-packages/airflow/example_dags/example_bash_operator.py
[2022-08-04 00:05:31,420] {processor.py:641} INFO - Processing file /home/airflow/.local/lib/python3.7/site-packages/airflow/example_dags/example_bash_operator.py for tasks to queue
[2022-08-04 00:05:31,433] {logging_mixin.py:115} INFO - [2022-08-04 00:05:31,433] {dagbag.py:508} INFO - Filling up the DagBag from /home/airflow/.local/lib/python3.7/site-packages/airflow/example_dags/example_bash_operator.py
[2022-08-04 00:05:31,481] {processor.py:651} INFO - DAG(s) dict_keys(['example_bash_operator']) retrieved from /home/airflow/.local/lib/python3.7/site-packages/airflow/example_dags/example_bash_operator.py
[2022-08-04 00:05:31,566] {logging_mixin.py:115} INFO - [2022-08-04 00:05:31,564] {dag.py:2420} INFO - Sync 1 DAGs
[2022-08-04 00:05:31,642] {logging_mixin.py:115} INFO - [2022-08-04 00:05:31,642] {dag.py:2972} INFO - Setting next_dagrun for example_bash_operator to 2022-08-03T00:00:00+00:00, run_after=2022-08-04T00:00:00+00:00
[2022-08-04 00:05:31,679] {processor.py:161} INFO - Processing /home/airflow/.local/lib/python3.7/site-packages/airflow/example_dags/example_bash_operator.py took 0.288 seconds
[2022-08-04 00:06:02,211] {processor.py:153} INFO - Started process (PID=23010) to work on /home/airflow/.local/lib/python3.7/site-packages/airflow/example_dags/example_bash_operator.py
[2022-08-04 00:06:02,214] {processor.py:641} INFO - Processing file /home/airflow/.local/lib/python3.7/site-packages/airflow/example_dags/example_bash_operator.py for tasks to queue
[2022-08-04 00:06:02,215] {logging_mixin.py:115} INFO - [2022-08-04 00:06:02,215] {dagbag.py:508} INFO - Filling up the DagBag from /home/airflow/.local/lib/python3.7/site-packages/airflow/example_dags/example_bash_operator.py
[2022-08-04 00:06:02,241] {processor.py:651} INFO - DAG(s) dict_keys(['example_bash_operator']) retrieved from /home/airflow/.local/lib/python3.7/site-packages/airflow/example_dags/example_bash_operator.py
[2022-08-04 00:06:02,289] {logging_mixin.py:115} INFO - [2022-08-04 00:06:02,289] {dag.py:2420} INFO - Sync 1 DAGs
[2022-08-04 00:06:02,316] {logging_mixin.py:115} INFO - [2022-08-04 00:06:02,316] {dag.py:2972} INFO - Setting next_dagrun for example_bash_operator to 2022-08-03T00:00:00+00:00, run_after=2022-08-04T00:00:00+00:00
[2022-08-04 00:06:02,338] {processor.py:161} INFO - Processing /home/airflow/.local/lib/python3.7/site-packages/airflow/example_dags/example_bash_operator.py took 0.130 seconds
[2022-08-04 00:06:32,763] {processor.py:153} INFO - Started process (PID=23073) to work on /home/airflow/.local/lib/python3.7/site-packages/airflow/example_dags/example_bash_operator.py
[2022-08-04 00:06:32,774] {processor.py:641} INFO - Processing file /home/airflow/.local/lib/python3.7/site-packages/airflow/example_dags/example_bash_operator.py for tasks to queue
[2022-08-04 00:06:32,781] {logging_mixin.py:115} INFO - [2022-08-04 00:06:32,781] {dagbag.py:508} INFO - Filling up the DagBag from /home/airflow/.local/lib/python3.7/site-packages/airflow/example_dags/example_bash_operator.py
[2022-08-04 00:06:32,808] {processor.py:651} INFO - DAG(s) dict_keys(['example_bash_operator']) retrieved from /home/airflow/.local/lib/python3.7/site-packages/airflow/example_dags/example_bash_operator.py
[2022-08-04 00:06:32,890] {logging_mixin.py:115} INFO - [2022-08-04 00:06:32,890] {dag.py:2420} INFO - Sync 1 DAGs
[2022-08-04 00:06:32,961] {logging_mixin.py:115} INFO - [2022-08-04 00:06:32,961] {dag.py:2972} INFO - Setting next_dagrun for example_bash_operator to 2022-08-03T00:00:00+00:00, run_after=2022-08-04T00:00:00+00:00
[2022-08-04 00:06:32,996] {processor.py:161} INFO - Processing /home/airflow/.local/lib/python3.7/site-packages/airflow/example_dags/example_bash_operator.py took 0.241 seconds
[2022-08-04 00:07:03,471] {processor.py:153} INFO - Started process (PID=23128) to work on /home/airflow/.local/lib/python3.7/site-packages/airflow/example_dags/example_bash_operator.py
[2022-08-04 00:07:03,474] {processor.py:641} INFO - Processing file /home/airflow/.local/lib/python3.7/site-packages/airflow/example_dags/example_bash_operator.py for tasks to queue
[2022-08-04 00:07:03,476] {logging_mixin.py:115} INFO - [2022-08-04 00:07:03,476] {dagbag.py:508} INFO - Filling up the DagBag from /home/airflow/.local/lib/python3.7/site-packages/airflow/example_dags/example_bash_operator.py
[2022-08-04 00:07:03,499] {processor.py:651} INFO - DAG(s) dict_keys(['example_bash_operator']) retrieved from /home/airflow/.local/lib/python3.7/site-packages/airflow/example_dags/example_bash_operator.py
[2022-08-04 00:07:03,543] {logging_mixin.py:115} INFO - [2022-08-04 00:07:03,543] {dag.py:2420} INFO - Sync 1 DAGs
[2022-08-04 00:07:03,585] {logging_mixin.py:115} INFO - [2022-08-04 00:07:03,585] {dag.py:2972} INFO - Setting next_dagrun for example_bash_operator to 2022-08-03T00:00:00+00:00, run_after=2022-08-04T00:00:00+00:00
[2022-08-04 00:07:03,609] {processor.py:161} INFO - Processing /home/airflow/.local/lib/python3.7/site-packages/airflow/example_dags/example_bash_operator.py took 0.146 seconds
[2022-08-04 00:07:34,388] {processor.py:153} INFO - Started process (PID=23191) to work on /home/airflow/.local/lib/python3.7/site-packages/airflow/example_dags/example_bash_operator.py
[2022-08-04 00:07:34,391] {processor.py:641} INFO - Processing file /home/airflow/.local/lib/python3.7/site-packages/airflow/example_dags/example_bash_operator.py for tasks to queue
[2022-08-04 00:07:34,394] {logging_mixin.py:115} INFO - [2022-08-04 00:07:34,394] {dagbag.py:508} INFO - Filling up the DagBag from /home/airflow/.local/lib/python3.7/site-packages/airflow/example_dags/example_bash_operator.py
[2022-08-04 00:07:34,412] {processor.py:651} INFO - DAG(s) dict_keys(['example_bash_operator']) retrieved from /home/airflow/.local/lib/python3.7/site-packages/airflow/example_dags/example_bash_operator.py
[2022-08-04 00:07:34,448] {logging_mixin.py:115} INFO - [2022-08-04 00:07:34,448] {dag.py:2420} INFO - Sync 1 DAGs
[2022-08-04 00:07:34,476] {logging_mixin.py:115} INFO - [2022-08-04 00:07:34,475] {dag.py:2972} INFO - Setting next_dagrun for example_bash_operator to 2022-08-03T00:00:00+00:00, run_after=2022-08-04T00:00:00+00:00
[2022-08-04 00:07:34,490] {processor.py:161} INFO - Processing /home/airflow/.local/lib/python3.7/site-packages/airflow/example_dags/example_bash_operator.py took 0.106 seconds
[2022-08-04 00:08:05,103] {processor.py:153} INFO - Started process (PID=23246) to work on /home/airflow/.local/lib/python3.7/site-packages/airflow/example_dags/example_bash_operator.py
[2022-08-04 00:08:05,106] {processor.py:641} INFO - Processing file /home/airflow/.local/lib/python3.7/site-packages/airflow/example_dags/example_bash_operator.py for tasks to queue
[2022-08-04 00:08:05,108] {logging_mixin.py:115} INFO - [2022-08-04 00:08:05,108] {dagbag.py:508} INFO - Filling up the DagBag from /home/airflow/.local/lib/python3.7/site-packages/airflow/example_dags/example_bash_operator.py
[2022-08-04 00:08:05,128] {processor.py:651} INFO - DAG(s) dict_keys(['example_bash_operator']) retrieved from /home/airflow/.local/lib/python3.7/site-packages/airflow/example_dags/example_bash_operator.py
[2022-08-04 00:08:05,161] {logging_mixin.py:115} INFO - [2022-08-04 00:08:05,161] {dag.py:2420} INFO - Sync 1 DAGs
[2022-08-04 00:08:05,198] {logging_mixin.py:115} INFO - [2022-08-04 00:08:05,198] {dag.py:2972} INFO - Setting next_dagrun for example_bash_operator to 2022-08-03T00:00:00+00:00, run_after=2022-08-04T00:00:00+00:00
[2022-08-04 00:08:05,216] {processor.py:161} INFO - Processing /home/airflow/.local/lib/python3.7/site-packages/airflow/example_dags/example_bash_operator.py took 0.117 seconds
[2022-08-04 00:08:35,527] {processor.py:153} INFO - Started process (PID=23308) to work on /home/airflow/.local/lib/python3.7/site-packages/airflow/example_dags/example_bash_operator.py
[2022-08-04 00:08:35,530] {processor.py:641} INFO - Processing file /home/airflow/.local/lib/python3.7/site-packages/airflow/example_dags/example_bash_operator.py for tasks to queue
[2022-08-04 00:08:35,533] {logging_mixin.py:115} INFO - [2022-08-04 00:08:35,533] {dagbag.py:508} INFO - Filling up the DagBag from /home/airflow/.local/lib/python3.7/site-packages/airflow/example_dags/example_bash_operator.py
[2022-08-04 00:08:35,552] {processor.py:651} INFO - DAG(s) dict_keys(['example_bash_operator']) retrieved from /home/airflow/.local/lib/python3.7/site-packages/airflow/example_dags/example_bash_operator.py
[2022-08-04 00:08:35,592] {logging_mixin.py:115} INFO - [2022-08-04 00:08:35,592] {dag.py:2420} INFO - Sync 1 DAGs
[2022-08-04 00:08:35,619] {logging_mixin.py:115} INFO - [2022-08-04 00:08:35,619] {dag.py:2972} INFO - Setting next_dagrun for example_bash_operator to 2022-08-03T00:00:00+00:00, run_after=2022-08-04T00:00:00+00:00
[2022-08-04 00:08:35,634] {processor.py:161} INFO - Processing /home/airflow/.local/lib/python3.7/site-packages/airflow/example_dags/example_bash_operator.py took 0.112 seconds
[2022-08-04 00:09:06,432] {processor.py:153} INFO - Started process (PID=23362) to work on /home/airflow/.local/lib/python3.7/site-packages/airflow/example_dags/example_bash_operator.py
[2022-08-04 00:09:06,443] {processor.py:641} INFO - Processing file /home/airflow/.local/lib/python3.7/site-packages/airflow/example_dags/example_bash_operator.py for tasks to queue
[2022-08-04 00:09:06,449] {logging_mixin.py:115} INFO - [2022-08-04 00:09:06,449] {dagbag.py:508} INFO - Filling up the DagBag from /home/airflow/.local/lib/python3.7/site-packages/airflow/example_dags/example_bash_operator.py
[2022-08-04 00:09:06,510] {processor.py:651} INFO - DAG(s) dict_keys(['example_bash_operator']) retrieved from /home/airflow/.local/lib/python3.7/site-packages/airflow/example_dags/example_bash_operator.py
[2022-08-04 00:09:06,609] {logging_mixin.py:115} INFO - [2022-08-04 00:09:06,609] {dag.py:2420} INFO - Sync 1 DAGs
[2022-08-04 00:09:06,652] {logging_mixin.py:115} INFO - [2022-08-04 00:09:06,652] {dag.py:2972} INFO - Setting next_dagrun for example_bash_operator to 2022-08-03T00:00:00+00:00, run_after=2022-08-04T00:00:00+00:00
[2022-08-04 00:09:06,684] {processor.py:161} INFO - Processing /home/airflow/.local/lib/python3.7/site-packages/airflow/example_dags/example_bash_operator.py took 0.269 seconds
[2022-08-04 00:09:36,744] {processor.py:153} INFO - Started process (PID=23429) to work on /home/airflow/.local/lib/python3.7/site-packages/airflow/example_dags/example_bash_operator.py
[2022-08-04 00:09:36,747] {processor.py:641} INFO - Processing file /home/airflow/.local/lib/python3.7/site-packages/airflow/example_dags/example_bash_operator.py for tasks to queue
[2022-08-04 00:09:36,749] {logging_mixin.py:115} INFO - [2022-08-04 00:09:36,749] {dagbag.py:508} INFO - Filling up the DagBag from /home/airflow/.local/lib/python3.7/site-packages/airflow/example_dags/example_bash_operator.py
[2022-08-04 00:09:36,767] {processor.py:651} INFO - DAG(s) dict_keys(['example_bash_operator']) retrieved from /home/airflow/.local/lib/python3.7/site-packages/airflow/example_dags/example_bash_operator.py
[2022-08-04 00:09:36,804] {logging_mixin.py:115} INFO - [2022-08-04 00:09:36,804] {dag.py:2420} INFO - Sync 1 DAGs
[2022-08-04 00:09:36,832] {logging_mixin.py:115} INFO - [2022-08-04 00:09:36,832] {dag.py:2972} INFO - Setting next_dagrun for example_bash_operator to 2022-08-03T00:00:00+00:00, run_after=2022-08-04T00:00:00+00:00
[2022-08-04 00:09:36,853] {processor.py:161} INFO - Processing /home/airflow/.local/lib/python3.7/site-packages/airflow/example_dags/example_bash_operator.py took 0.114 seconds
[2022-08-04 00:10:13,070] {processor.py:153} INFO - Started process (PID=23482) to work on /home/airflow/.local/lib/python3.7/site-packages/airflow/example_dags/example_bash_operator.py
[2022-08-04 00:10:13,082] {processor.py:641} INFO - Processing file /home/airflow/.local/lib/python3.7/site-packages/airflow/example_dags/example_bash_operator.py for tasks to queue
[2022-08-04 00:10:13,093] {logging_mixin.py:115} INFO - [2022-08-04 00:10:13,092] {dagbag.py:508} INFO - Filling up the DagBag from /home/airflow/.local/lib/python3.7/site-packages/airflow/example_dags/example_bash_operator.py
[2022-08-04 00:10:13,132] {processor.py:651} INFO - DAG(s) dict_keys(['example_bash_operator']) retrieved from /home/airflow/.local/lib/python3.7/site-packages/airflow/example_dags/example_bash_operator.py
[2022-08-04 00:10:13,224] {logging_mixin.py:115} INFO - [2022-08-04 00:10:13,224] {dag.py:2420} INFO - Sync 1 DAGs
[2022-08-04 00:10:13,261] {logging_mixin.py:115} INFO - [2022-08-04 00:10:13,261] {dag.py:2972} INFO - Setting next_dagrun for example_bash_operator to 2022-08-03T00:00:00+00:00, run_after=2022-08-04T00:00:00+00:00
[2022-08-04 00:10:13,295] {processor.py:161} INFO - Processing /home/airflow/.local/lib/python3.7/site-packages/airflow/example_dags/example_bash_operator.py took 0.249 seconds
[2022-08-04 00:11:10,504] {processor.py:153} INFO - Started process (PID=23547) to work on /home/airflow/.local/lib/python3.7/site-packages/airflow/example_dags/example_bash_operator.py
[2022-08-04 00:11:10,514] {processor.py:641} INFO - Processing file /home/airflow/.local/lib/python3.7/site-packages/airflow/example_dags/example_bash_operator.py for tasks to queue
[2022-08-04 00:11:10,521] {logging_mixin.py:115} INFO - [2022-08-04 00:11:10,521] {dagbag.py:508} INFO - Filling up the DagBag from /home/airflow/.local/lib/python3.7/site-packages/airflow/example_dags/example_bash_operator.py
[2022-08-04 00:11:10,541] {processor.py:651} INFO - DAG(s) dict_keys(['example_bash_operator']) retrieved from /home/airflow/.local/lib/python3.7/site-packages/airflow/example_dags/example_bash_operator.py
[2022-08-04 00:11:10,594] {logging_mixin.py:115} INFO - [2022-08-04 00:11:10,594] {dag.py:2420} INFO - Sync 1 DAGs
[2022-08-04 00:11:10,625] {logging_mixin.py:115} INFO - [2022-08-04 00:11:10,625] {dag.py:2972} INFO - Setting next_dagrun for example_bash_operator to 2022-08-03T00:00:00+00:00, run_after=2022-08-04T00:00:00+00:00
[2022-08-04 00:11:10,651] {processor.py:161} INFO - Processing /home/airflow/.local/lib/python3.7/site-packages/airflow/example_dags/example_bash_operator.py took 0.156 seconds
[2022-08-04 00:11:41,098] {processor.py:153} INFO - Started process (PID=23610) to work on /home/airflow/.local/lib/python3.7/site-packages/airflow/example_dags/example_bash_operator.py
[2022-08-04 00:11:41,104] {processor.py:641} INFO - Processing file /home/airflow/.local/lib/python3.7/site-packages/airflow/example_dags/example_bash_operator.py for tasks to queue
[2022-08-04 00:11:41,108] {logging_mixin.py:115} INFO - [2022-08-04 00:11:41,108] {dagbag.py:508} INFO - Filling up the DagBag from /home/airflow/.local/lib/python3.7/site-packages/airflow/example_dags/example_bash_operator.py
[2022-08-04 00:11:41,134] {processor.py:651} INFO - DAG(s) dict_keys(['example_bash_operator']) retrieved from /home/airflow/.local/lib/python3.7/site-packages/airflow/example_dags/example_bash_operator.py
[2022-08-04 00:11:41,178] {logging_mixin.py:115} INFO - [2022-08-04 00:11:41,178] {dag.py:2420} INFO - Sync 1 DAGs
[2022-08-04 00:11:41,210] {logging_mixin.py:115} INFO - [2022-08-04 00:11:41,210] {dag.py:2972} INFO - Setting next_dagrun for example_bash_operator to 2022-08-03T00:00:00+00:00, run_after=2022-08-04T00:00:00+00:00
[2022-08-04 00:11:41,238] {processor.py:161} INFO - Processing /home/airflow/.local/lib/python3.7/site-packages/airflow/example_dags/example_bash_operator.py took 0.145 seconds
[2022-08-04 00:15:00,559] {processor.py:153} INFO - Started process (PID=23664) to work on /home/airflow/.local/lib/python3.7/site-packages/airflow/example_dags/example_bash_operator.py
[2022-08-04 00:15:00,573] {processor.py:641} INFO - Processing file /home/airflow/.local/lib/python3.7/site-packages/airflow/example_dags/example_bash_operator.py for tasks to queue
[2022-08-04 00:15:00,578] {logging_mixin.py:115} INFO - [2022-08-04 00:15:00,578] {dagbag.py:508} INFO - Filling up the DagBag from /home/airflow/.local/lib/python3.7/site-packages/airflow/example_dags/example_bash_operator.py
[2022-08-04 00:15:00,623] {processor.py:651} INFO - DAG(s) dict_keys(['example_bash_operator']) retrieved from /home/airflow/.local/lib/python3.7/site-packages/airflow/example_dags/example_bash_operator.py
[2022-08-04 00:15:00,698] {logging_mixin.py:115} INFO - [2022-08-04 00:15:00,698] {dag.py:2420} INFO - Sync 1 DAGs
[2022-08-04 00:15:00,803] {logging_mixin.py:115} INFO - [2022-08-04 00:15:00,803] {dag.py:2972} INFO - Setting next_dagrun for example_bash_operator to 2022-08-03T00:00:00+00:00, run_after=2022-08-04T00:00:00+00:00
[2022-08-04 00:15:00,849] {processor.py:161} INFO - Processing /home/airflow/.local/lib/python3.7/site-packages/airflow/example_dags/example_bash_operator.py took 0.296 seconds
[2022-08-04 00:15:41,609] {processor.py:153} INFO - Started process (PID=23728) to work on /home/airflow/.local/lib/python3.7/site-packages/airflow/example_dags/example_bash_operator.py
[2022-08-04 00:15:41,613] {processor.py:641} INFO - Processing file /home/airflow/.local/lib/python3.7/site-packages/airflow/example_dags/example_bash_operator.py for tasks to queue
[2022-08-04 00:15:41,617] {logging_mixin.py:115} INFO - [2022-08-04 00:15:41,617] {dagbag.py:508} INFO - Filling up the DagBag from /home/airflow/.local/lib/python3.7/site-packages/airflow/example_dags/example_bash_operator.py
[2022-08-04 00:15:41,638] {processor.py:651} INFO - DAG(s) dict_keys(['example_bash_operator']) retrieved from /home/airflow/.local/lib/python3.7/site-packages/airflow/example_dags/example_bash_operator.py
[2022-08-04 00:15:41,682] {logging_mixin.py:115} INFO - [2022-08-04 00:15:41,682] {dag.py:2420} INFO - Sync 1 DAGs
[2022-08-04 00:15:41,717] {logging_mixin.py:115} INFO - [2022-08-04 00:15:41,717] {dag.py:2972} INFO - Setting next_dagrun for example_bash_operator to 2022-08-03T00:00:00+00:00, run_after=2022-08-04T00:00:00+00:00
[2022-08-04 00:15:41,742] {processor.py:161} INFO - Processing /home/airflow/.local/lib/python3.7/site-packages/airflow/example_dags/example_bash_operator.py took 0.140 seconds
[2022-08-04 00:32:59,888] {processor.py:153} INFO - Started process (PID=23783) to work on /home/airflow/.local/lib/python3.7/site-packages/airflow/example_dags/example_bash_operator.py
[2022-08-04 00:32:59,899] {processor.py:641} INFO - Processing file /home/airflow/.local/lib/python3.7/site-packages/airflow/example_dags/example_bash_operator.py for tasks to queue
[2022-08-04 00:32:59,914] {logging_mixin.py:115} INFO - [2022-08-04 00:32:59,914] {dagbag.py:508} INFO - Filling up the DagBag from /home/airflow/.local/lib/python3.7/site-packages/airflow/example_dags/example_bash_operator.py
[2022-08-04 00:33:00,011] {processor.py:651} INFO - DAG(s) dict_keys(['example_bash_operator']) retrieved from /home/airflow/.local/lib/python3.7/site-packages/airflow/example_dags/example_bash_operator.py
[2022-08-04 00:33:00,125] {logging_mixin.py:115} INFO - [2022-08-04 00:33:00,125] {dag.py:2420} INFO - Sync 1 DAGs
[2022-08-04 00:33:00,258] {logging_mixin.py:115} INFO - [2022-08-04 00:33:00,258] {dag.py:2972} INFO - Setting next_dagrun for example_bash_operator to 2022-08-03T00:00:00+00:00, run_after=2022-08-04T00:00:00+00:00
[2022-08-04 00:33:00,377] {processor.py:161} INFO - Processing /home/airflow/.local/lib/python3.7/site-packages/airflow/example_dags/example_bash_operator.py took 0.511 seconds
[2022-08-04 00:33:30,894] {processor.py:153} INFO - Started process (PID=23838) to work on /home/airflow/.local/lib/python3.7/site-packages/airflow/example_dags/example_bash_operator.py
[2022-08-04 00:33:30,903] {processor.py:641} INFO - Processing file /home/airflow/.local/lib/python3.7/site-packages/airflow/example_dags/example_bash_operator.py for tasks to queue
[2022-08-04 00:33:30,907] {logging_mixin.py:115} INFO - [2022-08-04 00:33:30,906] {dagbag.py:508} INFO - Filling up the DagBag from /home/airflow/.local/lib/python3.7/site-packages/airflow/example_dags/example_bash_operator.py
[2022-08-04 00:33:30,940] {processor.py:651} INFO - DAG(s) dict_keys(['example_bash_operator']) retrieved from /home/airflow/.local/lib/python3.7/site-packages/airflow/example_dags/example_bash_operator.py
[2022-08-04 00:33:31,002] {logging_mixin.py:115} INFO - [2022-08-04 00:33:31,002] {dag.py:2420} INFO - Sync 1 DAGs
[2022-08-04 00:33:31,041] {logging_mixin.py:115} INFO - [2022-08-04 00:33:31,040] {dag.py:2972} INFO - Setting next_dagrun for example_bash_operator to 2022-08-03T00:00:00+00:00, run_after=2022-08-04T00:00:00+00:00
[2022-08-04 00:33:31,091] {processor.py:161} INFO - Processing /home/airflow/.local/lib/python3.7/site-packages/airflow/example_dags/example_bash_operator.py took 0.207 seconds
[2022-08-04 00:34:01,701] {processor.py:153} INFO - Started process (PID=23901) to work on /home/airflow/.local/lib/python3.7/site-packages/airflow/example_dags/example_bash_operator.py
[2022-08-04 00:34:01,710] {processor.py:641} INFO - Processing file /home/airflow/.local/lib/python3.7/site-packages/airflow/example_dags/example_bash_operator.py for tasks to queue
[2022-08-04 00:34:01,728] {logging_mixin.py:115} INFO - [2022-08-04 00:34:01,728] {dagbag.py:508} INFO - Filling up the DagBag from /home/airflow/.local/lib/python3.7/site-packages/airflow/example_dags/example_bash_operator.py
[2022-08-04 00:34:01,755] {processor.py:651} INFO - DAG(s) dict_keys(['example_bash_operator']) retrieved from /home/airflow/.local/lib/python3.7/site-packages/airflow/example_dags/example_bash_operator.py
[2022-08-04 00:34:01,817] {logging_mixin.py:115} INFO - [2022-08-04 00:34:01,816] {dag.py:2420} INFO - Sync 1 DAGs
[2022-08-04 00:34:01,874] {logging_mixin.py:115} INFO - [2022-08-04 00:34:01,874] {dag.py:2972} INFO - Setting next_dagrun for example_bash_operator to 2022-08-03T00:00:00+00:00, run_after=2022-08-04T00:00:00+00:00
[2022-08-04 00:34:01,910] {processor.py:161} INFO - Processing /home/airflow/.local/lib/python3.7/site-packages/airflow/example_dags/example_bash_operator.py took 0.216 seconds
[2022-08-04 00:34:32,684] {processor.py:153} INFO - Started process (PID=23956) to work on /home/airflow/.local/lib/python3.7/site-packages/airflow/example_dags/example_bash_operator.py
[2022-08-04 00:34:32,686] {processor.py:641} INFO - Processing file /home/airflow/.local/lib/python3.7/site-packages/airflow/example_dags/example_bash_operator.py for tasks to queue
[2022-08-04 00:34:32,688] {logging_mixin.py:115} INFO - [2022-08-04 00:34:32,688] {dagbag.py:508} INFO - Filling up the DagBag from /home/airflow/.local/lib/python3.7/site-packages/airflow/example_dags/example_bash_operator.py
[2022-08-04 00:34:32,707] {processor.py:651} INFO - DAG(s) dict_keys(['example_bash_operator']) retrieved from /home/airflow/.local/lib/python3.7/site-packages/airflow/example_dags/example_bash_operator.py
[2022-08-04 00:34:32,748] {logging_mixin.py:115} INFO - [2022-08-04 00:34:32,748] {dag.py:2420} INFO - Sync 1 DAGs
[2022-08-04 00:34:32,791] {logging_mixin.py:115} INFO - [2022-08-04 00:34:32,791] {dag.py:2972} INFO - Setting next_dagrun for example_bash_operator to 2022-08-03T00:00:00+00:00, run_after=2022-08-04T00:00:00+00:00
[2022-08-04 00:34:32,810] {processor.py:161} INFO - Processing /home/airflow/.local/lib/python3.7/site-packages/airflow/example_dags/example_bash_operator.py took 0.130 seconds
[2022-08-04 00:35:03,321] {processor.py:153} INFO - Started process (PID=24019) to work on /home/airflow/.local/lib/python3.7/site-packages/airflow/example_dags/example_bash_operator.py
[2022-08-04 00:35:03,327] {processor.py:641} INFO - Processing file /home/airflow/.local/lib/python3.7/site-packages/airflow/example_dags/example_bash_operator.py for tasks to queue
[2022-08-04 00:35:03,348] {logging_mixin.py:115} INFO - [2022-08-04 00:35:03,348] {dagbag.py:508} INFO - Filling up the DagBag from /home/airflow/.local/lib/python3.7/site-packages/airflow/example_dags/example_bash_operator.py
[2022-08-04 00:35:03,373] {processor.py:651} INFO - DAG(s) dict_keys(['example_bash_operator']) retrieved from /home/airflow/.local/lib/python3.7/site-packages/airflow/example_dags/example_bash_operator.py
[2022-08-04 00:35:03,427] {logging_mixin.py:115} INFO - [2022-08-04 00:35:03,427] {dag.py:2420} INFO - Sync 1 DAGs
[2022-08-04 00:35:03,468] {logging_mixin.py:115} INFO - [2022-08-04 00:35:03,467] {dag.py:2972} INFO - Setting next_dagrun for example_bash_operator to 2022-08-03T00:00:00+00:00, run_after=2022-08-04T00:00:00+00:00
[2022-08-04 00:35:03,493] {processor.py:161} INFO - Processing /home/airflow/.local/lib/python3.7/site-packages/airflow/example_dags/example_bash_operator.py took 0.178 seconds
[2022-08-04 00:35:33,956] {processor.py:153} INFO - Started process (PID=24072) to work on /home/airflow/.local/lib/python3.7/site-packages/airflow/example_dags/example_bash_operator.py
[2022-08-04 00:35:33,959] {processor.py:641} INFO - Processing file /home/airflow/.local/lib/python3.7/site-packages/airflow/example_dags/example_bash_operator.py for tasks to queue
[2022-08-04 00:35:33,961] {logging_mixin.py:115} INFO - [2022-08-04 00:35:33,961] {dagbag.py:508} INFO - Filling up the DagBag from /home/airflow/.local/lib/python3.7/site-packages/airflow/example_dags/example_bash_operator.py
[2022-08-04 00:35:33,979] {processor.py:651} INFO - DAG(s) dict_keys(['example_bash_operator']) retrieved from /home/airflow/.local/lib/python3.7/site-packages/airflow/example_dags/example_bash_operator.py
[2022-08-04 00:35:34,013] {logging_mixin.py:115} INFO - [2022-08-04 00:35:34,013] {dag.py:2420} INFO - Sync 1 DAGs
[2022-08-04 00:35:34,042] {logging_mixin.py:115} INFO - [2022-08-04 00:35:34,042] {dag.py:2972} INFO - Setting next_dagrun for example_bash_operator to 2022-08-03T00:00:00+00:00, run_after=2022-08-04T00:00:00+00:00
[2022-08-04 00:35:34,080] {processor.py:161} INFO - Processing /home/airflow/.local/lib/python3.7/site-packages/airflow/example_dags/example_bash_operator.py took 0.128 seconds
[2022-08-04 00:36:04,670] {processor.py:153} INFO - Started process (PID=24126) to work on /home/airflow/.local/lib/python3.7/site-packages/airflow/example_dags/example_bash_operator.py
[2022-08-04 00:36:04,674] {processor.py:641} INFO - Processing file /home/airflow/.local/lib/python3.7/site-packages/airflow/example_dags/example_bash_operator.py for tasks to queue
[2022-08-04 00:36:04,676] {logging_mixin.py:115} INFO - [2022-08-04 00:36:04,676] {dagbag.py:508} INFO - Filling up the DagBag from /home/airflow/.local/lib/python3.7/site-packages/airflow/example_dags/example_bash_operator.py
[2022-08-04 00:36:04,693] {processor.py:651} INFO - DAG(s) dict_keys(['example_bash_operator']) retrieved from /home/airflow/.local/lib/python3.7/site-packages/airflow/example_dags/example_bash_operator.py
[2022-08-04 00:36:04,731] {logging_mixin.py:115} INFO - [2022-08-04 00:36:04,731] {dag.py:2420} INFO - Sync 1 DAGs
[2022-08-04 00:36:04,758] {logging_mixin.py:115} INFO - [2022-08-04 00:36:04,758] {dag.py:2972} INFO - Setting next_dagrun for example_bash_operator to 2022-08-03T00:00:00+00:00, run_after=2022-08-04T00:00:00+00:00
[2022-08-04 00:36:04,777] {processor.py:161} INFO - Processing /home/airflow/.local/lib/python3.7/site-packages/airflow/example_dags/example_bash_operator.py took 0.110 seconds
[2022-08-04 00:36:35,579] {processor.py:153} INFO - Started process (PID=24190) to work on /home/airflow/.local/lib/python3.7/site-packages/airflow/example_dags/example_bash_operator.py
[2022-08-04 00:36:35,597] {processor.py:641} INFO - Processing file /home/airflow/.local/lib/python3.7/site-packages/airflow/example_dags/example_bash_operator.py for tasks to queue
[2022-08-04 00:36:35,619] {logging_mixin.py:115} INFO - [2022-08-04 00:36:35,618] {dagbag.py:508} INFO - Filling up the DagBag from /home/airflow/.local/lib/python3.7/site-packages/airflow/example_dags/example_bash_operator.py
[2022-08-04 00:36:35,701] {processor.py:651} INFO - DAG(s) dict_keys(['example_bash_operator']) retrieved from /home/airflow/.local/lib/python3.7/site-packages/airflow/example_dags/example_bash_operator.py
[2022-08-04 00:36:35,805] {logging_mixin.py:115} INFO - [2022-08-04 00:36:35,804] {dag.py:2420} INFO - Sync 1 DAGs
[2022-08-04 00:36:35,914] {logging_mixin.py:115} INFO - [2022-08-04 00:36:35,914] {dag.py:2972} INFO - Setting next_dagrun for example_bash_operator to 2022-08-03T00:00:00+00:00, run_after=2022-08-04T00:00:00+00:00
[2022-08-04 00:36:35,993] {processor.py:161} INFO - Processing /home/airflow/.local/lib/python3.7/site-packages/airflow/example_dags/example_bash_operator.py took 0.431 seconds
[2022-08-04 00:37:06,088] {processor.py:153} INFO - Started process (PID=24242) to work on /home/airflow/.local/lib/python3.7/site-packages/airflow/example_dags/example_bash_operator.py
[2022-08-04 00:37:06,091] {processor.py:641} INFO - Processing file /home/airflow/.local/lib/python3.7/site-packages/airflow/example_dags/example_bash_operator.py for tasks to queue
[2022-08-04 00:37:06,093] {logging_mixin.py:115} INFO - [2022-08-04 00:37:06,093] {dagbag.py:508} INFO - Filling up the DagBag from /home/airflow/.local/lib/python3.7/site-packages/airflow/example_dags/example_bash_operator.py
[2022-08-04 00:37:06,113] {processor.py:651} INFO - DAG(s) dict_keys(['example_bash_operator']) retrieved from /home/airflow/.local/lib/python3.7/site-packages/airflow/example_dags/example_bash_operator.py
[2022-08-04 00:37:06,153] {logging_mixin.py:115} INFO - [2022-08-04 00:37:06,153] {dag.py:2420} INFO - Sync 1 DAGs
[2022-08-04 00:37:06,183] {logging_mixin.py:115} INFO - [2022-08-04 00:37:06,183] {dag.py:2972} INFO - Setting next_dagrun for example_bash_operator to 2022-08-03T00:00:00+00:00, run_after=2022-08-04T00:00:00+00:00
[2022-08-04 00:37:06,200] {processor.py:161} INFO - Processing /home/airflow/.local/lib/python3.7/site-packages/airflow/example_dags/example_bash_operator.py took 0.117 seconds
[2022-08-04 00:37:36,262] {processor.py:153} INFO - Started process (PID=24304) to work on /home/airflow/.local/lib/python3.7/site-packages/airflow/example_dags/example_bash_operator.py
[2022-08-04 00:37:36,269] {processor.py:641} INFO - Processing file /home/airflow/.local/lib/python3.7/site-packages/airflow/example_dags/example_bash_operator.py for tasks to queue
[2022-08-04 00:37:36,278] {logging_mixin.py:115} INFO - [2022-08-04 00:37:36,277] {dagbag.py:508} INFO - Filling up the DagBag from /home/airflow/.local/lib/python3.7/site-packages/airflow/example_dags/example_bash_operator.py
[2022-08-04 00:37:36,300] {processor.py:651} INFO - DAG(s) dict_keys(['example_bash_operator']) retrieved from /home/airflow/.local/lib/python3.7/site-packages/airflow/example_dags/example_bash_operator.py
[2022-08-04 00:37:36,367] {logging_mixin.py:115} INFO - [2022-08-04 00:37:36,367] {dag.py:2420} INFO - Sync 1 DAGs
[2022-08-04 00:37:36,416] {logging_mixin.py:115} INFO - [2022-08-04 00:37:36,416] {dag.py:2972} INFO - Setting next_dagrun for example_bash_operator to 2022-08-03T00:00:00+00:00, run_after=2022-08-04T00:00:00+00:00
[2022-08-04 00:37:36,439] {processor.py:161} INFO - Processing /home/airflow/.local/lib/python3.7/site-packages/airflow/example_dags/example_bash_operator.py took 0.185 seconds
