[2022-08-04 00:00:18,015] {processor.py:153} INFO - Started process (PID=22354) to work on /home/airflow/.local/lib/python3.7/site-packages/airflow/example_dags/example_trigger_controller_dag.py
[2022-08-04 00:00:18,022] {processor.py:641} INFO - Processing file /home/airflow/.local/lib/python3.7/site-packages/airflow/example_dags/example_trigger_controller_dag.py for tasks to queue
[2022-08-04 00:00:18,037] {logging_mixin.py:115} INFO - [2022-08-04 00:00:18,037] {dagbag.py:508} INFO - Filling up the DagBag from /home/airflow/.local/lib/python3.7/site-packages/airflow/example_dags/example_trigger_controller_dag.py
[2022-08-04 00:00:18,166] {processor.py:651} INFO - DAG(s) dict_keys(['example_trigger_controller_dag']) retrieved from /home/airflow/.local/lib/python3.7/site-packages/airflow/example_dags/example_trigger_controller_dag.py
[2022-08-04 00:00:18,415] {logging_mixin.py:115} INFO - [2022-08-04 00:00:18,415] {dag.py:2420} INFO - Sync 1 DAGs
[2022-08-04 00:00:18,538] {logging_mixin.py:115} INFO - [2022-08-04 00:00:18,537] {dag.py:2972} INFO - Setting next_dagrun for example_trigger_controller_dag to 2021-01-01T00:00:00+00:00, run_after=2021-01-01T00:00:00+00:00
[2022-08-04 00:00:18,605] {processor.py:161} INFO - Processing /home/airflow/.local/lib/python3.7/site-packages/airflow/example_dags/example_trigger_controller_dag.py took 0.624 seconds
[2022-08-04 00:00:49,366] {processor.py:153} INFO - Started process (PID=22408) to work on /home/airflow/.local/lib/python3.7/site-packages/airflow/example_dags/example_trigger_controller_dag.py
[2022-08-04 00:00:49,370] {processor.py:641} INFO - Processing file /home/airflow/.local/lib/python3.7/site-packages/airflow/example_dags/example_trigger_controller_dag.py for tasks to queue
[2022-08-04 00:00:49,375] {logging_mixin.py:115} INFO - [2022-08-04 00:00:49,375] {dagbag.py:508} INFO - Filling up the DagBag from /home/airflow/.local/lib/python3.7/site-packages/airflow/example_dags/example_trigger_controller_dag.py
[2022-08-04 00:00:49,386] {processor.py:651} INFO - DAG(s) dict_keys(['example_trigger_controller_dag']) retrieved from /home/airflow/.local/lib/python3.7/site-packages/airflow/example_dags/example_trigger_controller_dag.py
[2022-08-04 00:00:49,433] {logging_mixin.py:115} INFO - [2022-08-04 00:00:49,433] {dag.py:2420} INFO - Sync 1 DAGs
[2022-08-04 00:00:49,471] {logging_mixin.py:115} INFO - [2022-08-04 00:00:49,471] {dag.py:2972} INFO - Setting next_dagrun for example_trigger_controller_dag to 2021-01-01T00:00:00+00:00, run_after=2021-01-01T00:00:00+00:00
[2022-08-04 00:00:49,495] {processor.py:161} INFO - Processing /home/airflow/.local/lib/python3.7/site-packages/airflow/example_dags/example_trigger_controller_dag.py took 0.139 seconds
[2022-08-04 00:01:20,497] {processor.py:153} INFO - Started process (PID=22470) to work on /home/airflow/.local/lib/python3.7/site-packages/airflow/example_dags/example_trigger_controller_dag.py
[2022-08-04 00:01:20,508] {processor.py:641} INFO - Processing file /home/airflow/.local/lib/python3.7/site-packages/airflow/example_dags/example_trigger_controller_dag.py for tasks to queue
[2022-08-04 00:01:20,517] {logging_mixin.py:115} INFO - [2022-08-04 00:01:20,516] {dagbag.py:508} INFO - Filling up the DagBag from /home/airflow/.local/lib/python3.7/site-packages/airflow/example_dags/example_trigger_controller_dag.py
[2022-08-04 00:01:20,536] {processor.py:651} INFO - DAG(s) dict_keys(['example_trigger_controller_dag']) retrieved from /home/airflow/.local/lib/python3.7/site-packages/airflow/example_dags/example_trigger_controller_dag.py
[2022-08-04 00:01:20,708] {logging_mixin.py:115} INFO - [2022-08-04 00:01:20,707] {dag.py:2420} INFO - Sync 1 DAGs
[2022-08-04 00:01:20,793] {logging_mixin.py:115} INFO - [2022-08-04 00:01:20,791] {dag.py:2972} INFO - Setting next_dagrun for example_trigger_controller_dag to 2021-01-01T00:00:00+00:00, run_after=2021-01-01T00:00:00+00:00
[2022-08-04 00:01:20,897] {processor.py:161} INFO - Processing /home/airflow/.local/lib/python3.7/site-packages/airflow/example_dags/example_trigger_controller_dag.py took 0.419 seconds
[2022-08-04 00:01:51,160] {processor.py:153} INFO - Started process (PID=22526) to work on /home/airflow/.local/lib/python3.7/site-packages/airflow/example_dags/example_trigger_controller_dag.py
[2022-08-04 00:01:51,162] {processor.py:641} INFO - Processing file /home/airflow/.local/lib/python3.7/site-packages/airflow/example_dags/example_trigger_controller_dag.py for tasks to queue
[2022-08-04 00:01:51,165] {logging_mixin.py:115} INFO - [2022-08-04 00:01:51,165] {dagbag.py:508} INFO - Filling up the DagBag from /home/airflow/.local/lib/python3.7/site-packages/airflow/example_dags/example_trigger_controller_dag.py
[2022-08-04 00:01:51,169] {processor.py:651} INFO - DAG(s) dict_keys(['example_trigger_controller_dag']) retrieved from /home/airflow/.local/lib/python3.7/site-packages/airflow/example_dags/example_trigger_controller_dag.py
[2022-08-04 00:01:51,202] {logging_mixin.py:115} INFO - [2022-08-04 00:01:51,202] {dag.py:2420} INFO - Sync 1 DAGs
[2022-08-04 00:01:51,228] {logging_mixin.py:115} INFO - [2022-08-04 00:01:51,227] {dag.py:2972} INFO - Setting next_dagrun for example_trigger_controller_dag to 2021-01-01T00:00:00+00:00, run_after=2021-01-01T00:00:00+00:00
[2022-08-04 00:01:51,244] {processor.py:161} INFO - Processing /home/airflow/.local/lib/python3.7/site-packages/airflow/example_dags/example_trigger_controller_dag.py took 0.088 seconds
[2022-08-04 00:02:21,389] {processor.py:153} INFO - Started process (PID=22579) to work on /home/airflow/.local/lib/python3.7/site-packages/airflow/example_dags/example_trigger_controller_dag.py
[2022-08-04 00:02:21,392] {processor.py:641} INFO - Processing file /home/airflow/.local/lib/python3.7/site-packages/airflow/example_dags/example_trigger_controller_dag.py for tasks to queue
[2022-08-04 00:02:21,396] {logging_mixin.py:115} INFO - [2022-08-04 00:02:21,396] {dagbag.py:508} INFO - Filling up the DagBag from /home/airflow/.local/lib/python3.7/site-packages/airflow/example_dags/example_trigger_controller_dag.py
[2022-08-04 00:02:21,403] {processor.py:651} INFO - DAG(s) dict_keys(['example_trigger_controller_dag']) retrieved from /home/airflow/.local/lib/python3.7/site-packages/airflow/example_dags/example_trigger_controller_dag.py
[2022-08-04 00:02:21,455] {logging_mixin.py:115} INFO - [2022-08-04 00:02:21,455] {dag.py:2420} INFO - Sync 1 DAGs
[2022-08-04 00:02:21,488] {logging_mixin.py:115} INFO - [2022-08-04 00:02:21,488] {dag.py:2972} INFO - Setting next_dagrun for example_trigger_controller_dag to 2021-01-01T00:00:00+00:00, run_after=2021-01-01T00:00:00+00:00
[2022-08-04 00:02:21,510] {processor.py:161} INFO - Processing /home/airflow/.local/lib/python3.7/site-packages/airflow/example_dags/example_trigger_controller_dag.py took 0.128 seconds
[2022-08-04 00:02:52,494] {processor.py:153} INFO - Started process (PID=22643) to work on /home/airflow/.local/lib/python3.7/site-packages/airflow/example_dags/example_trigger_controller_dag.py
[2022-08-04 00:02:52,501] {processor.py:641} INFO - Processing file /home/airflow/.local/lib/python3.7/site-packages/airflow/example_dags/example_trigger_controller_dag.py for tasks to queue
[2022-08-04 00:02:52,506] {logging_mixin.py:115} INFO - [2022-08-04 00:02:52,506] {dagbag.py:508} INFO - Filling up the DagBag from /home/airflow/.local/lib/python3.7/site-packages/airflow/example_dags/example_trigger_controller_dag.py
[2022-08-04 00:02:52,516] {processor.py:651} INFO - DAG(s) dict_keys(['example_trigger_controller_dag']) retrieved from /home/airflow/.local/lib/python3.7/site-packages/airflow/example_dags/example_trigger_controller_dag.py
[2022-08-04 00:02:52,574] {logging_mixin.py:115} INFO - [2022-08-04 00:02:52,574] {dag.py:2420} INFO - Sync 1 DAGs
[2022-08-04 00:02:52,621] {logging_mixin.py:115} INFO - [2022-08-04 00:02:52,620] {dag.py:2972} INFO - Setting next_dagrun for example_trigger_controller_dag to 2021-01-01T00:00:00+00:00, run_after=2021-01-01T00:00:00+00:00
[2022-08-04 00:02:52,646] {processor.py:161} INFO - Processing /home/airflow/.local/lib/python3.7/site-packages/airflow/example_dags/example_trigger_controller_dag.py took 0.160 seconds
[2022-08-04 00:03:23,282] {processor.py:153} INFO - Started process (PID=22697) to work on /home/airflow/.local/lib/python3.7/site-packages/airflow/example_dags/example_trigger_controller_dag.py
[2022-08-04 00:03:23,286] {processor.py:641} INFO - Processing file /home/airflow/.local/lib/python3.7/site-packages/airflow/example_dags/example_trigger_controller_dag.py for tasks to queue
[2022-08-04 00:03:23,294] {logging_mixin.py:115} INFO - [2022-08-04 00:03:23,293] {dagbag.py:508} INFO - Filling up the DagBag from /home/airflow/.local/lib/python3.7/site-packages/airflow/example_dags/example_trigger_controller_dag.py
[2022-08-04 00:03:23,310] {processor.py:651} INFO - DAG(s) dict_keys(['example_trigger_controller_dag']) retrieved from /home/airflow/.local/lib/python3.7/site-packages/airflow/example_dags/example_trigger_controller_dag.py
[2022-08-04 00:03:23,381] {logging_mixin.py:115} INFO - [2022-08-04 00:03:23,381] {dag.py:2420} INFO - Sync 1 DAGs
[2022-08-04 00:03:23,433] {logging_mixin.py:115} INFO - [2022-08-04 00:03:23,433] {dag.py:2972} INFO - Setting next_dagrun for example_trigger_controller_dag to 2021-01-01T00:00:00+00:00, run_after=2021-01-01T00:00:00+00:00
[2022-08-04 00:03:23,479] {processor.py:161} INFO - Processing /home/airflow/.local/lib/python3.7/site-packages/airflow/example_dags/example_trigger_controller_dag.py took 0.204 seconds
[2022-08-04 00:03:54,011] {processor.py:153} INFO - Started process (PID=22761) to work on /home/airflow/.local/lib/python3.7/site-packages/airflow/example_dags/example_trigger_controller_dag.py
[2022-08-04 00:03:54,014] {processor.py:641} INFO - Processing file /home/airflow/.local/lib/python3.7/site-packages/airflow/example_dags/example_trigger_controller_dag.py for tasks to queue
[2022-08-04 00:03:54,016] {logging_mixin.py:115} INFO - [2022-08-04 00:03:54,016] {dagbag.py:508} INFO - Filling up the DagBag from /home/airflow/.local/lib/python3.7/site-packages/airflow/example_dags/example_trigger_controller_dag.py
[2022-08-04 00:03:54,022] {processor.py:651} INFO - DAG(s) dict_keys(['example_trigger_controller_dag']) retrieved from /home/airflow/.local/lib/python3.7/site-packages/airflow/example_dags/example_trigger_controller_dag.py
[2022-08-04 00:03:54,072] {logging_mixin.py:115} INFO - [2022-08-04 00:03:54,071] {dag.py:2420} INFO - Sync 1 DAGs
[2022-08-04 00:03:54,097] {logging_mixin.py:115} INFO - [2022-08-04 00:03:54,096] {dag.py:2972} INFO - Setting next_dagrun for example_trigger_controller_dag to 2021-01-01T00:00:00+00:00, run_after=2021-01-01T00:00:00+00:00
[2022-08-04 00:03:54,115] {processor.py:161} INFO - Processing /home/airflow/.local/lib/python3.7/site-packages/airflow/example_dags/example_trigger_controller_dag.py took 0.110 seconds
[2022-08-04 00:04:24,286] {processor.py:153} INFO - Started process (PID=22813) to work on /home/airflow/.local/lib/python3.7/site-packages/airflow/example_dags/example_trigger_controller_dag.py
[2022-08-04 00:04:24,292] {processor.py:641} INFO - Processing file /home/airflow/.local/lib/python3.7/site-packages/airflow/example_dags/example_trigger_controller_dag.py for tasks to queue
[2022-08-04 00:04:24,294] {logging_mixin.py:115} INFO - [2022-08-04 00:04:24,294] {dagbag.py:508} INFO - Filling up the DagBag from /home/airflow/.local/lib/python3.7/site-packages/airflow/example_dags/example_trigger_controller_dag.py
[2022-08-04 00:04:24,300] {processor.py:651} INFO - DAG(s) dict_keys(['example_trigger_controller_dag']) retrieved from /home/airflow/.local/lib/python3.7/site-packages/airflow/example_dags/example_trigger_controller_dag.py
[2022-08-04 00:04:24,331] {logging_mixin.py:115} INFO - [2022-08-04 00:04:24,331] {dag.py:2420} INFO - Sync 1 DAGs
[2022-08-04 00:04:24,356] {logging_mixin.py:115} INFO - [2022-08-04 00:04:24,356] {dag.py:2972} INFO - Setting next_dagrun for example_trigger_controller_dag to 2021-01-01T00:00:00+00:00, run_after=2021-01-01T00:00:00+00:00
[2022-08-04 00:04:24,372] {processor.py:161} INFO - Processing /home/airflow/.local/lib/python3.7/site-packages/airflow/example_dags/example_trigger_controller_dag.py took 0.089 seconds
[2022-08-04 00:04:55,316] {processor.py:153} INFO - Started process (PID=22876) to work on /home/airflow/.local/lib/python3.7/site-packages/airflow/example_dags/example_trigger_controller_dag.py
[2022-08-04 00:04:55,319] {processor.py:641} INFO - Processing file /home/airflow/.local/lib/python3.7/site-packages/airflow/example_dags/example_trigger_controller_dag.py for tasks to queue
[2022-08-04 00:04:55,323] {logging_mixin.py:115} INFO - [2022-08-04 00:04:55,323] {dagbag.py:508} INFO - Filling up the DagBag from /home/airflow/.local/lib/python3.7/site-packages/airflow/example_dags/example_trigger_controller_dag.py
[2022-08-04 00:04:55,330] {processor.py:651} INFO - DAG(s) dict_keys(['example_trigger_controller_dag']) retrieved from /home/airflow/.local/lib/python3.7/site-packages/airflow/example_dags/example_trigger_controller_dag.py
[2022-08-04 00:04:55,372] {logging_mixin.py:115} INFO - [2022-08-04 00:04:55,372] {dag.py:2420} INFO - Sync 1 DAGs
[2022-08-04 00:04:55,397] {logging_mixin.py:115} INFO - [2022-08-04 00:04:55,397] {dag.py:2972} INFO - Setting next_dagrun for example_trigger_controller_dag to 2021-01-01T00:00:00+00:00, run_after=2021-01-01T00:00:00+00:00
[2022-08-04 00:04:55,413] {processor.py:161} INFO - Processing /home/airflow/.local/lib/python3.7/site-packages/airflow/example_dags/example_trigger_controller_dag.py took 0.102 seconds
[2022-08-04 00:05:25,681] {processor.py:153} INFO - Started process (PID=22930) to work on /home/airflow/.local/lib/python3.7/site-packages/airflow/example_dags/example_trigger_controller_dag.py
[2022-08-04 00:05:25,684] {processor.py:641} INFO - Processing file /home/airflow/.local/lib/python3.7/site-packages/airflow/example_dags/example_trigger_controller_dag.py for tasks to queue
[2022-08-04 00:05:25,687] {logging_mixin.py:115} INFO - [2022-08-04 00:05:25,687] {dagbag.py:508} INFO - Filling up the DagBag from /home/airflow/.local/lib/python3.7/site-packages/airflow/example_dags/example_trigger_controller_dag.py
[2022-08-04 00:05:25,693] {processor.py:651} INFO - DAG(s) dict_keys(['example_trigger_controller_dag']) retrieved from /home/airflow/.local/lib/python3.7/site-packages/airflow/example_dags/example_trigger_controller_dag.py
[2022-08-04 00:05:25,743] {logging_mixin.py:115} INFO - [2022-08-04 00:05:25,742] {dag.py:2420} INFO - Sync 1 DAGs
[2022-08-04 00:05:25,773] {logging_mixin.py:115} INFO - [2022-08-04 00:05:25,773] {dag.py:2972} INFO - Setting next_dagrun for example_trigger_controller_dag to 2021-01-01T00:00:00+00:00, run_after=2021-01-01T00:00:00+00:00
[2022-08-04 00:05:25,806] {processor.py:161} INFO - Processing /home/airflow/.local/lib/python3.7/site-packages/airflow/example_dags/example_trigger_controller_dag.py took 0.131 seconds
[2022-08-04 00:05:56,546] {processor.py:153} INFO - Started process (PID=22994) to work on /home/airflow/.local/lib/python3.7/site-packages/airflow/example_dags/example_trigger_controller_dag.py
[2022-08-04 00:05:56,556] {processor.py:641} INFO - Processing file /home/airflow/.local/lib/python3.7/site-packages/airflow/example_dags/example_trigger_controller_dag.py for tasks to queue
[2022-08-04 00:05:56,560] {logging_mixin.py:115} INFO - [2022-08-04 00:05:56,560] {dagbag.py:508} INFO - Filling up the DagBag from /home/airflow/.local/lib/python3.7/site-packages/airflow/example_dags/example_trigger_controller_dag.py
[2022-08-04 00:05:56,567] {processor.py:651} INFO - DAG(s) dict_keys(['example_trigger_controller_dag']) retrieved from /home/airflow/.local/lib/python3.7/site-packages/airflow/example_dags/example_trigger_controller_dag.py
[2022-08-04 00:05:56,624] {logging_mixin.py:115} INFO - [2022-08-04 00:05:56,624] {dag.py:2420} INFO - Sync 1 DAGs
[2022-08-04 00:05:56,653] {logging_mixin.py:115} INFO - [2022-08-04 00:05:56,653] {dag.py:2972} INFO - Setting next_dagrun for example_trigger_controller_dag to 2021-01-01T00:00:00+00:00, run_after=2021-01-01T00:00:00+00:00
[2022-08-04 00:05:56,674] {processor.py:161} INFO - Processing /home/airflow/.local/lib/python3.7/site-packages/airflow/example_dags/example_trigger_controller_dag.py took 0.138 seconds
[2022-08-04 00:06:27,206] {processor.py:153} INFO - Started process (PID=23047) to work on /home/airflow/.local/lib/python3.7/site-packages/airflow/example_dags/example_trigger_controller_dag.py
[2022-08-04 00:06:27,211] {processor.py:641} INFO - Processing file /home/airflow/.local/lib/python3.7/site-packages/airflow/example_dags/example_trigger_controller_dag.py for tasks to queue
[2022-08-04 00:06:27,219] {logging_mixin.py:115} INFO - [2022-08-04 00:06:27,219] {dagbag.py:508} INFO - Filling up the DagBag from /home/airflow/.local/lib/python3.7/site-packages/airflow/example_dags/example_trigger_controller_dag.py
[2022-08-04 00:06:27,237] {processor.py:651} INFO - DAG(s) dict_keys(['example_trigger_controller_dag']) retrieved from /home/airflow/.local/lib/python3.7/site-packages/airflow/example_dags/example_trigger_controller_dag.py
[2022-08-04 00:06:27,296] {logging_mixin.py:115} INFO - [2022-08-04 00:06:27,296] {dag.py:2420} INFO - Sync 1 DAGs
[2022-08-04 00:06:27,330] {logging_mixin.py:115} INFO - [2022-08-04 00:06:27,330] {dag.py:2972} INFO - Setting next_dagrun for example_trigger_controller_dag to 2021-01-01T00:00:00+00:00, run_after=2021-01-01T00:00:00+00:00
[2022-08-04 00:06:27,367] {processor.py:161} INFO - Processing /home/airflow/.local/lib/python3.7/site-packages/airflow/example_dags/example_trigger_controller_dag.py took 0.166 seconds
[2022-08-04 00:06:57,458] {processor.py:153} INFO - Started process (PID=23112) to work on /home/airflow/.local/lib/python3.7/site-packages/airflow/example_dags/example_trigger_controller_dag.py
[2022-08-04 00:06:57,460] {processor.py:641} INFO - Processing file /home/airflow/.local/lib/python3.7/site-packages/airflow/example_dags/example_trigger_controller_dag.py for tasks to queue
[2022-08-04 00:06:57,462] {logging_mixin.py:115} INFO - [2022-08-04 00:06:57,462] {dagbag.py:508} INFO - Filling up the DagBag from /home/airflow/.local/lib/python3.7/site-packages/airflow/example_dags/example_trigger_controller_dag.py
[2022-08-04 00:06:57,466] {processor.py:651} INFO - DAG(s) dict_keys(['example_trigger_controller_dag']) retrieved from /home/airflow/.local/lib/python3.7/site-packages/airflow/example_dags/example_trigger_controller_dag.py
[2022-08-04 00:06:57,522] {logging_mixin.py:115} INFO - [2022-08-04 00:06:57,522] {dag.py:2420} INFO - Sync 1 DAGs
[2022-08-04 00:06:57,578] {logging_mixin.py:115} INFO - [2022-08-04 00:06:57,577] {dag.py:2972} INFO - Setting next_dagrun for example_trigger_controller_dag to 2021-01-01T00:00:00+00:00, run_after=2021-01-01T00:00:00+00:00
[2022-08-04 00:06:57,662] {processor.py:161} INFO - Processing /home/airflow/.local/lib/python3.7/site-packages/airflow/example_dags/example_trigger_controller_dag.py took 0.207 seconds
[2022-08-04 00:07:28,258] {processor.py:153} INFO - Started process (PID=23166) to work on /home/airflow/.local/lib/python3.7/site-packages/airflow/example_dags/example_trigger_controller_dag.py
[2022-08-04 00:07:28,261] {processor.py:641} INFO - Processing file /home/airflow/.local/lib/python3.7/site-packages/airflow/example_dags/example_trigger_controller_dag.py for tasks to queue
[2022-08-04 00:07:28,263] {logging_mixin.py:115} INFO - [2022-08-04 00:07:28,263] {dagbag.py:508} INFO - Filling up the DagBag from /home/airflow/.local/lib/python3.7/site-packages/airflow/example_dags/example_trigger_controller_dag.py
[2022-08-04 00:07:28,268] {processor.py:651} INFO - DAG(s) dict_keys(['example_trigger_controller_dag']) retrieved from /home/airflow/.local/lib/python3.7/site-packages/airflow/example_dags/example_trigger_controller_dag.py
[2022-08-04 00:07:28,303] {logging_mixin.py:115} INFO - [2022-08-04 00:07:28,303] {dag.py:2420} INFO - Sync 1 DAGs
[2022-08-04 00:07:28,325] {logging_mixin.py:115} INFO - [2022-08-04 00:07:28,325] {dag.py:2972} INFO - Setting next_dagrun for example_trigger_controller_dag to 2021-01-01T00:00:00+00:00, run_after=2021-01-01T00:00:00+00:00
[2022-08-04 00:07:28,338] {processor.py:161} INFO - Processing /home/airflow/.local/lib/python3.7/site-packages/airflow/example_dags/example_trigger_controller_dag.py took 0.084 seconds
[2022-08-04 00:07:58,441] {processor.py:153} INFO - Started process (PID=23230) to work on /home/airflow/.local/lib/python3.7/site-packages/airflow/example_dags/example_trigger_controller_dag.py
[2022-08-04 00:07:58,443] {processor.py:641} INFO - Processing file /home/airflow/.local/lib/python3.7/site-packages/airflow/example_dags/example_trigger_controller_dag.py for tasks to queue
[2022-08-04 00:07:58,445] {logging_mixin.py:115} INFO - [2022-08-04 00:07:58,445] {dagbag.py:508} INFO - Filling up the DagBag from /home/airflow/.local/lib/python3.7/site-packages/airflow/example_dags/example_trigger_controller_dag.py
[2022-08-04 00:07:58,457] {processor.py:651} INFO - DAG(s) dict_keys(['example_trigger_controller_dag']) retrieved from /home/airflow/.local/lib/python3.7/site-packages/airflow/example_dags/example_trigger_controller_dag.py
[2022-08-04 00:07:58,500] {logging_mixin.py:115} INFO - [2022-08-04 00:07:58,500] {dag.py:2420} INFO - Sync 1 DAGs
[2022-08-04 00:07:58,527] {logging_mixin.py:115} INFO - [2022-08-04 00:07:58,526] {dag.py:2972} INFO - Setting next_dagrun for example_trigger_controller_dag to 2021-01-01T00:00:00+00:00, run_after=2021-01-01T00:00:00+00:00
[2022-08-04 00:07:58,545] {processor.py:161} INFO - Processing /home/airflow/.local/lib/python3.7/site-packages/airflow/example_dags/example_trigger_controller_dag.py took 0.108 seconds
[2022-08-04 00:08:29,604] {processor.py:153} INFO - Started process (PID=23284) to work on /home/airflow/.local/lib/python3.7/site-packages/airflow/example_dags/example_trigger_controller_dag.py
[2022-08-04 00:08:29,609] {processor.py:641} INFO - Processing file /home/airflow/.local/lib/python3.7/site-packages/airflow/example_dags/example_trigger_controller_dag.py for tasks to queue
[2022-08-04 00:08:29,616] {logging_mixin.py:115} INFO - [2022-08-04 00:08:29,616] {dagbag.py:508} INFO - Filling up the DagBag from /home/airflow/.local/lib/python3.7/site-packages/airflow/example_dags/example_trigger_controller_dag.py
[2022-08-04 00:08:29,627] {processor.py:651} INFO - DAG(s) dict_keys(['example_trigger_controller_dag']) retrieved from /home/airflow/.local/lib/python3.7/site-packages/airflow/example_dags/example_trigger_controller_dag.py
[2022-08-04 00:08:29,715] {logging_mixin.py:115} INFO - [2022-08-04 00:08:29,714] {dag.py:2420} INFO - Sync 1 DAGs
[2022-08-04 00:08:29,761] {logging_mixin.py:115} INFO - [2022-08-04 00:08:29,761] {dag.py:2972} INFO - Setting next_dagrun for example_trigger_controller_dag to 2021-01-01T00:00:00+00:00, run_after=2021-01-01T00:00:00+00:00
[2022-08-04 00:08:29,791] {processor.py:161} INFO - Processing /home/airflow/.local/lib/python3.7/site-packages/airflow/example_dags/example_trigger_controller_dag.py took 0.195 seconds
[2022-08-04 00:09:00,818] {processor.py:153} INFO - Started process (PID=23346) to work on /home/airflow/.local/lib/python3.7/site-packages/airflow/example_dags/example_trigger_controller_dag.py
[2022-08-04 00:09:00,824] {processor.py:641} INFO - Processing file /home/airflow/.local/lib/python3.7/site-packages/airflow/example_dags/example_trigger_controller_dag.py for tasks to queue
[2022-08-04 00:09:00,830] {logging_mixin.py:115} INFO - [2022-08-04 00:09:00,829] {dagbag.py:508} INFO - Filling up the DagBag from /home/airflow/.local/lib/python3.7/site-packages/airflow/example_dags/example_trigger_controller_dag.py
[2022-08-04 00:09:00,843] {processor.py:651} INFO - DAG(s) dict_keys(['example_trigger_controller_dag']) retrieved from /home/airflow/.local/lib/python3.7/site-packages/airflow/example_dags/example_trigger_controller_dag.py
[2022-08-04 00:09:00,903] {logging_mixin.py:115} INFO - [2022-08-04 00:09:00,903] {dag.py:2420} INFO - Sync 1 DAGs
[2022-08-04 00:09:00,935] {logging_mixin.py:115} INFO - [2022-08-04 00:09:00,934] {dag.py:2972} INFO - Setting next_dagrun for example_trigger_controller_dag to 2021-01-01T00:00:00+00:00, run_after=2021-01-01T00:00:00+00:00
[2022-08-04 00:09:00,955] {processor.py:161} INFO - Processing /home/airflow/.local/lib/python3.7/site-packages/airflow/example_dags/example_trigger_controller_dag.py took 0.145 seconds
[2022-08-04 00:09:31,379] {processor.py:153} INFO - Started process (PID=23410) to work on /home/airflow/.local/lib/python3.7/site-packages/airflow/example_dags/example_trigger_controller_dag.py
[2022-08-04 00:09:31,387] {processor.py:641} INFO - Processing file /home/airflow/.local/lib/python3.7/site-packages/airflow/example_dags/example_trigger_controller_dag.py for tasks to queue
[2022-08-04 00:09:31,395] {logging_mixin.py:115} INFO - [2022-08-04 00:09:31,395] {dagbag.py:508} INFO - Filling up the DagBag from /home/airflow/.local/lib/python3.7/site-packages/airflow/example_dags/example_trigger_controller_dag.py
[2022-08-04 00:09:31,410] {processor.py:651} INFO - DAG(s) dict_keys(['example_trigger_controller_dag']) retrieved from /home/airflow/.local/lib/python3.7/site-packages/airflow/example_dags/example_trigger_controller_dag.py
[2022-08-04 00:09:31,477] {logging_mixin.py:115} INFO - [2022-08-04 00:09:31,477] {dag.py:2420} INFO - Sync 1 DAGs
[2022-08-04 00:09:31,524] {logging_mixin.py:115} INFO - [2022-08-04 00:09:31,524] {dag.py:2972} INFO - Setting next_dagrun for example_trigger_controller_dag to 2021-01-01T00:00:00+00:00, run_after=2021-01-01T00:00:00+00:00
[2022-08-04 00:09:31,556] {processor.py:161} INFO - Processing /home/airflow/.local/lib/python3.7/site-packages/airflow/example_dags/example_trigger_controller_dag.py took 0.181 seconds
[2022-08-04 00:10:09,609] {processor.py:153} INFO - Started process (PID=23466) to work on /home/airflow/.local/lib/python3.7/site-packages/airflow/example_dags/example_trigger_controller_dag.py
[2022-08-04 00:10:09,617] {processor.py:641} INFO - Processing file /home/airflow/.local/lib/python3.7/site-packages/airflow/example_dags/example_trigger_controller_dag.py for tasks to queue
[2022-08-04 00:10:09,627] {logging_mixin.py:115} INFO - [2022-08-04 00:10:09,627] {dagbag.py:508} INFO - Filling up the DagBag from /home/airflow/.local/lib/python3.7/site-packages/airflow/example_dags/example_trigger_controller_dag.py
[2022-08-04 00:10:09,642] {processor.py:651} INFO - DAG(s) dict_keys(['example_trigger_controller_dag']) retrieved from /home/airflow/.local/lib/python3.7/site-packages/airflow/example_dags/example_trigger_controller_dag.py
[2022-08-04 00:10:09,721] {logging_mixin.py:115} INFO - [2022-08-04 00:10:09,721] {dag.py:2420} INFO - Sync 1 DAGs
[2022-08-04 00:10:09,796] {logging_mixin.py:115} INFO - [2022-08-04 00:10:09,796] {dag.py:2972} INFO - Setting next_dagrun for example_trigger_controller_dag to 2021-01-01T00:00:00+00:00, run_after=2021-01-01T00:00:00+00:00
[2022-08-04 00:10:09,844] {processor.py:161} INFO - Processing /home/airflow/.local/lib/python3.7/site-packages/airflow/example_dags/example_trigger_controller_dag.py took 0.240 seconds
[2022-08-04 00:11:04,650] {processor.py:153} INFO - Started process (PID=23523) to work on /home/airflow/.local/lib/python3.7/site-packages/airflow/example_dags/example_trigger_controller_dag.py
[2022-08-04 00:11:04,657] {processor.py:641} INFO - Processing file /home/airflow/.local/lib/python3.7/site-packages/airflow/example_dags/example_trigger_controller_dag.py for tasks to queue
[2022-08-04 00:11:04,661] {logging_mixin.py:115} INFO - [2022-08-04 00:11:04,661] {dagbag.py:508} INFO - Filling up the DagBag from /home/airflow/.local/lib/python3.7/site-packages/airflow/example_dags/example_trigger_controller_dag.py
[2022-08-04 00:11:04,676] {processor.py:651} INFO - DAG(s) dict_keys(['example_trigger_controller_dag']) retrieved from /home/airflow/.local/lib/python3.7/site-packages/airflow/example_dags/example_trigger_controller_dag.py
[2022-08-04 00:11:04,741] {logging_mixin.py:115} INFO - [2022-08-04 00:11:04,741] {dag.py:2420} INFO - Sync 1 DAGs
[2022-08-04 00:11:04,797] {logging_mixin.py:115} INFO - [2022-08-04 00:11:04,797] {dag.py:2972} INFO - Setting next_dagrun for example_trigger_controller_dag to 2021-01-01T00:00:00+00:00, run_after=2021-01-01T00:00:00+00:00
[2022-08-04 00:11:04,841] {processor.py:161} INFO - Processing /home/airflow/.local/lib/python3.7/site-packages/airflow/example_dags/example_trigger_controller_dag.py took 0.197 seconds
[2022-08-04 00:11:36,617] {processor.py:153} INFO - Started process (PID=23586) to work on /home/airflow/.local/lib/python3.7/site-packages/airflow/example_dags/example_trigger_controller_dag.py
[2022-08-04 00:11:36,629] {processor.py:641} INFO - Processing file /home/airflow/.local/lib/python3.7/site-packages/airflow/example_dags/example_trigger_controller_dag.py for tasks to queue
[2022-08-04 00:11:36,641] {logging_mixin.py:115} INFO - [2022-08-04 00:11:36,641] {dagbag.py:508} INFO - Filling up the DagBag from /home/airflow/.local/lib/python3.7/site-packages/airflow/example_dags/example_trigger_controller_dag.py
[2022-08-04 00:11:36,669] {processor.py:651} INFO - DAG(s) dict_keys(['example_trigger_controller_dag']) retrieved from /home/airflow/.local/lib/python3.7/site-packages/airflow/example_dags/example_trigger_controller_dag.py
[2022-08-04 00:11:36,743] {logging_mixin.py:115} INFO - [2022-08-04 00:11:36,743] {dag.py:2420} INFO - Sync 1 DAGs
[2022-08-04 00:11:36,783] {logging_mixin.py:115} INFO - [2022-08-04 00:11:36,783] {dag.py:2972} INFO - Setting next_dagrun for example_trigger_controller_dag to 2021-01-01T00:00:00+00:00, run_after=2021-01-01T00:00:00+00:00
[2022-08-04 00:11:36,831] {processor.py:161} INFO - Processing /home/airflow/.local/lib/python3.7/site-packages/airflow/example_dags/example_trigger_controller_dag.py took 0.228 seconds
[2022-08-04 00:14:55,242] {processor.py:153} INFO - Started process (PID=23640) to work on /home/airflow/.local/lib/python3.7/site-packages/airflow/example_dags/example_trigger_controller_dag.py
[2022-08-04 00:14:55,251] {processor.py:641} INFO - Processing file /home/airflow/.local/lib/python3.7/site-packages/airflow/example_dags/example_trigger_controller_dag.py for tasks to queue
[2022-08-04 00:14:55,263] {logging_mixin.py:115} INFO - [2022-08-04 00:14:55,262] {dagbag.py:508} INFO - Filling up the DagBag from /home/airflow/.local/lib/python3.7/site-packages/airflow/example_dags/example_trigger_controller_dag.py
[2022-08-04 00:14:55,272] {processor.py:651} INFO - DAG(s) dict_keys(['example_trigger_controller_dag']) retrieved from /home/airflow/.local/lib/python3.7/site-packages/airflow/example_dags/example_trigger_controller_dag.py
[2022-08-04 00:14:55,318] {logging_mixin.py:115} INFO - [2022-08-04 00:14:55,318] {dag.py:2420} INFO - Sync 1 DAGs
[2022-08-04 00:14:55,353] {logging_mixin.py:115} INFO - [2022-08-04 00:14:55,353] {dag.py:2972} INFO - Setting next_dagrun for example_trigger_controller_dag to 2021-01-01T00:00:00+00:00, run_after=2021-01-01T00:00:00+00:00
[2022-08-04 00:14:55,375] {processor.py:161} INFO - Processing /home/airflow/.local/lib/python3.7/site-packages/airflow/example_dags/example_trigger_controller_dag.py took 0.140 seconds
[2022-08-04 00:15:32,629] {processor.py:153} INFO - Started process (PID=23704) to work on /home/airflow/.local/lib/python3.7/site-packages/airflow/example_dags/example_trigger_controller_dag.py
[2022-08-04 00:15:32,652] {processor.py:641} INFO - Processing file /home/airflow/.local/lib/python3.7/site-packages/airflow/example_dags/example_trigger_controller_dag.py for tasks to queue
[2022-08-04 00:15:32,660] {logging_mixin.py:115} INFO - [2022-08-04 00:15:32,660] {dagbag.py:508} INFO - Filling up the DagBag from /home/airflow/.local/lib/python3.7/site-packages/airflow/example_dags/example_trigger_controller_dag.py
[2022-08-04 00:15:32,691] {processor.py:651} INFO - DAG(s) dict_keys(['example_trigger_controller_dag']) retrieved from /home/airflow/.local/lib/python3.7/site-packages/airflow/example_dags/example_trigger_controller_dag.py
[2022-08-04 00:15:32,842] {logging_mixin.py:115} INFO - [2022-08-04 00:15:32,842] {dag.py:2420} INFO - Sync 1 DAGs
[2022-08-04 00:15:32,967] {logging_mixin.py:115} INFO - [2022-08-04 00:15:32,967] {dag.py:2972} INFO - Setting next_dagrun for example_trigger_controller_dag to 2021-01-01T00:00:00+00:00, run_after=2021-01-01T00:00:00+00:00
[2022-08-04 00:15:33,191] {processor.py:161} INFO - Processing /home/airflow/.local/lib/python3.7/site-packages/airflow/example_dags/example_trigger_controller_dag.py took 0.583 seconds
[2022-08-04 00:32:50,585] {processor.py:153} INFO - Started process (PID=23749) to work on /home/airflow/.local/lib/python3.7/site-packages/airflow/example_dags/example_trigger_controller_dag.py
[2022-08-04 00:32:50,595] {processor.py:641} INFO - Processing file /home/airflow/.local/lib/python3.7/site-packages/airflow/example_dags/example_trigger_controller_dag.py for tasks to queue
[2022-08-04 00:32:50,616] {logging_mixin.py:115} INFO - [2022-08-04 00:32:50,616] {dagbag.py:508} INFO - Filling up the DagBag from /home/airflow/.local/lib/python3.7/site-packages/airflow/example_dags/example_trigger_controller_dag.py
[2022-08-04 00:32:50,663] {processor.py:651} INFO - DAG(s) dict_keys(['example_trigger_controller_dag']) retrieved from /home/airflow/.local/lib/python3.7/site-packages/airflow/example_dags/example_trigger_controller_dag.py
[2022-08-04 00:32:50,962] {logging_mixin.py:115} INFO - [2022-08-04 00:32:50,962] {dag.py:2420} INFO - Sync 1 DAGs
[2022-08-04 00:32:51,167] {logging_mixin.py:115} INFO - [2022-08-04 00:32:51,166] {dag.py:2972} INFO - Setting next_dagrun for example_trigger_controller_dag to 2021-01-01T00:00:00+00:00, run_after=2021-01-01T00:00:00+00:00
[2022-08-04 00:32:51,336] {processor.py:161} INFO - Processing /home/airflow/.local/lib/python3.7/site-packages/airflow/example_dags/example_trigger_controller_dag.py took 0.771 seconds
[2022-08-04 00:33:21,789] {processor.py:153} INFO - Started process (PID=23805) to work on /home/airflow/.local/lib/python3.7/site-packages/airflow/example_dags/example_trigger_controller_dag.py
[2022-08-04 00:33:21,797] {processor.py:641} INFO - Processing file /home/airflow/.local/lib/python3.7/site-packages/airflow/example_dags/example_trigger_controller_dag.py for tasks to queue
[2022-08-04 00:33:21,802] {logging_mixin.py:115} INFO - [2022-08-04 00:33:21,801] {dagbag.py:508} INFO - Filling up the DagBag from /home/airflow/.local/lib/python3.7/site-packages/airflow/example_dags/example_trigger_controller_dag.py
[2022-08-04 00:33:21,816] {processor.py:651} INFO - DAG(s) dict_keys(['example_trigger_controller_dag']) retrieved from /home/airflow/.local/lib/python3.7/site-packages/airflow/example_dags/example_trigger_controller_dag.py
[2022-08-04 00:33:21,889] {logging_mixin.py:115} INFO - [2022-08-04 00:33:21,889] {dag.py:2420} INFO - Sync 1 DAGs
[2022-08-04 00:33:21,937] {logging_mixin.py:115} INFO - [2022-08-04 00:33:21,936] {dag.py:2972} INFO - Setting next_dagrun for example_trigger_controller_dag to 2021-01-01T00:00:00+00:00, run_after=2021-01-01T00:00:00+00:00
[2022-08-04 00:33:21,959] {processor.py:161} INFO - Processing /home/airflow/.local/lib/python3.7/site-packages/airflow/example_dags/example_trigger_controller_dag.py took 0.176 seconds
[2022-08-04 00:33:52,778] {processor.py:153} INFO - Started process (PID=23868) to work on /home/airflow/.local/lib/python3.7/site-packages/airflow/example_dags/example_trigger_controller_dag.py
[2022-08-04 00:33:52,780] {processor.py:641} INFO - Processing file /home/airflow/.local/lib/python3.7/site-packages/airflow/example_dags/example_trigger_controller_dag.py for tasks to queue
[2022-08-04 00:33:52,799] {logging_mixin.py:115} INFO - [2022-08-04 00:33:52,798] {dagbag.py:508} INFO - Filling up the DagBag from /home/airflow/.local/lib/python3.7/site-packages/airflow/example_dags/example_trigger_controller_dag.py
[2022-08-04 00:33:52,805] {processor.py:651} INFO - DAG(s) dict_keys(['example_trigger_controller_dag']) retrieved from /home/airflow/.local/lib/python3.7/site-packages/airflow/example_dags/example_trigger_controller_dag.py
[2022-08-04 00:33:52,852] {logging_mixin.py:115} INFO - [2022-08-04 00:33:52,852] {dag.py:2420} INFO - Sync 1 DAGs
[2022-08-04 00:33:52,886] {logging_mixin.py:115} INFO - [2022-08-04 00:33:52,886] {dag.py:2972} INFO - Setting next_dagrun for example_trigger_controller_dag to 2021-01-01T00:00:00+00:00, run_after=2021-01-01T00:00:00+00:00
[2022-08-04 00:33:52,908] {processor.py:161} INFO - Processing /home/airflow/.local/lib/python3.7/site-packages/airflow/example_dags/example_trigger_controller_dag.py took 0.136 seconds
[2022-08-04 00:34:24,359] {processor.py:153} INFO - Started process (PID=23932) to work on /home/airflow/.local/lib/python3.7/site-packages/airflow/example_dags/example_trigger_controller_dag.py
[2022-08-04 00:34:24,366] {processor.py:641} INFO - Processing file /home/airflow/.local/lib/python3.7/site-packages/airflow/example_dags/example_trigger_controller_dag.py for tasks to queue
[2022-08-04 00:34:24,375] {logging_mixin.py:115} INFO - [2022-08-04 00:34:24,374] {dagbag.py:508} INFO - Filling up the DagBag from /home/airflow/.local/lib/python3.7/site-packages/airflow/example_dags/example_trigger_controller_dag.py
[2022-08-04 00:34:24,392] {processor.py:651} INFO - DAG(s) dict_keys(['example_trigger_controller_dag']) retrieved from /home/airflow/.local/lib/python3.7/site-packages/airflow/example_dags/example_trigger_controller_dag.py
[2022-08-04 00:34:24,482] {logging_mixin.py:115} INFO - [2022-08-04 00:34:24,481] {dag.py:2420} INFO - Sync 1 DAGs
[2022-08-04 00:34:24,533] {logging_mixin.py:115} INFO - [2022-08-04 00:34:24,533] {dag.py:2972} INFO - Setting next_dagrun for example_trigger_controller_dag to 2021-01-01T00:00:00+00:00, run_after=2021-01-01T00:00:00+00:00
[2022-08-04 00:34:24,574] {processor.py:161} INFO - Processing /home/airflow/.local/lib/python3.7/site-packages/airflow/example_dags/example_trigger_controller_dag.py took 0.225 seconds
[2022-08-04 00:34:55,445] {processor.py:153} INFO - Started process (PID=23986) to work on /home/airflow/.local/lib/python3.7/site-packages/airflow/example_dags/example_trigger_controller_dag.py
[2022-08-04 00:34:55,451] {processor.py:641} INFO - Processing file /home/airflow/.local/lib/python3.7/site-packages/airflow/example_dags/example_trigger_controller_dag.py for tasks to queue
[2022-08-04 00:34:55,456] {logging_mixin.py:115} INFO - [2022-08-04 00:34:55,456] {dagbag.py:508} INFO - Filling up the DagBag from /home/airflow/.local/lib/python3.7/site-packages/airflow/example_dags/example_trigger_controller_dag.py
[2022-08-04 00:34:55,470] {processor.py:651} INFO - DAG(s) dict_keys(['example_trigger_controller_dag']) retrieved from /home/airflow/.local/lib/python3.7/site-packages/airflow/example_dags/example_trigger_controller_dag.py
[2022-08-04 00:34:55,521] {logging_mixin.py:115} INFO - [2022-08-04 00:34:55,521] {dag.py:2420} INFO - Sync 1 DAGs
[2022-08-04 00:34:55,558] {logging_mixin.py:115} INFO - [2022-08-04 00:34:55,558] {dag.py:2972} INFO - Setting next_dagrun for example_trigger_controller_dag to 2021-01-01T00:00:00+00:00, run_after=2021-01-01T00:00:00+00:00
[2022-08-04 00:34:55,592] {processor.py:161} INFO - Processing /home/airflow/.local/lib/python3.7/site-packages/airflow/example_dags/example_trigger_controller_dag.py took 0.157 seconds
[2022-08-04 00:35:25,748] {processor.py:153} INFO - Started process (PID=24039) to work on /home/airflow/.local/lib/python3.7/site-packages/airflow/example_dags/example_trigger_controller_dag.py
[2022-08-04 00:35:25,755] {processor.py:641} INFO - Processing file /home/airflow/.local/lib/python3.7/site-packages/airflow/example_dags/example_trigger_controller_dag.py for tasks to queue
[2022-08-04 00:35:25,767] {logging_mixin.py:115} INFO - [2022-08-04 00:35:25,767] {dagbag.py:508} INFO - Filling up the DagBag from /home/airflow/.local/lib/python3.7/site-packages/airflow/example_dags/example_trigger_controller_dag.py
[2022-08-04 00:35:25,781] {processor.py:651} INFO - DAG(s) dict_keys(['example_trigger_controller_dag']) retrieved from /home/airflow/.local/lib/python3.7/site-packages/airflow/example_dags/example_trigger_controller_dag.py
[2022-08-04 00:35:25,846] {logging_mixin.py:115} INFO - [2022-08-04 00:35:25,845] {dag.py:2420} INFO - Sync 1 DAGs
[2022-08-04 00:35:25,891] {logging_mixin.py:115} INFO - [2022-08-04 00:35:25,890] {dag.py:2972} INFO - Setting next_dagrun for example_trigger_controller_dag to 2021-01-01T00:00:00+00:00, run_after=2021-01-01T00:00:00+00:00
[2022-08-04 00:35:25,924] {processor.py:161} INFO - Processing /home/airflow/.local/lib/python3.7/site-packages/airflow/example_dags/example_trigger_controller_dag.py took 0.187 seconds
[2022-08-04 00:35:56,730] {processor.py:153} INFO - Started process (PID=24100) to work on /home/airflow/.local/lib/python3.7/site-packages/airflow/example_dags/example_trigger_controller_dag.py
[2022-08-04 00:35:56,736] {processor.py:641} INFO - Processing file /home/airflow/.local/lib/python3.7/site-packages/airflow/example_dags/example_trigger_controller_dag.py for tasks to queue
[2022-08-04 00:35:56,743] {logging_mixin.py:115} INFO - [2022-08-04 00:35:56,743] {dagbag.py:508} INFO - Filling up the DagBag from /home/airflow/.local/lib/python3.7/site-packages/airflow/example_dags/example_trigger_controller_dag.py
[2022-08-04 00:35:56,760] {processor.py:651} INFO - DAG(s) dict_keys(['example_trigger_controller_dag']) retrieved from /home/airflow/.local/lib/python3.7/site-packages/airflow/example_dags/example_trigger_controller_dag.py
[2022-08-04 00:35:56,836] {logging_mixin.py:115} INFO - [2022-08-04 00:35:56,835] {dag.py:2420} INFO - Sync 1 DAGs
[2022-08-04 00:35:56,907] {logging_mixin.py:115} INFO - [2022-08-04 00:35:56,907] {dag.py:2972} INFO - Setting next_dagrun for example_trigger_controller_dag to 2021-01-01T00:00:00+00:00, run_after=2021-01-01T00:00:00+00:00
[2022-08-04 00:35:56,942] {processor.py:161} INFO - Processing /home/airflow/.local/lib/python3.7/site-packages/airflow/example_dags/example_trigger_controller_dag.py took 0.219 seconds
[2022-08-04 00:36:27,207] {processor.py:153} INFO - Started process (PID=24155) to work on /home/airflow/.local/lib/python3.7/site-packages/airflow/example_dags/example_trigger_controller_dag.py
[2022-08-04 00:36:27,210] {processor.py:641} INFO - Processing file /home/airflow/.local/lib/python3.7/site-packages/airflow/example_dags/example_trigger_controller_dag.py for tasks to queue
[2022-08-04 00:36:27,216] {logging_mixin.py:115} INFO - [2022-08-04 00:36:27,216] {dagbag.py:508} INFO - Filling up the DagBag from /home/airflow/.local/lib/python3.7/site-packages/airflow/example_dags/example_trigger_controller_dag.py
[2022-08-04 00:36:27,228] {processor.py:651} INFO - DAG(s) dict_keys(['example_trigger_controller_dag']) retrieved from /home/airflow/.local/lib/python3.7/site-packages/airflow/example_dags/example_trigger_controller_dag.py
[2022-08-04 00:36:27,284] {logging_mixin.py:115} INFO - [2022-08-04 00:36:27,284] {dag.py:2420} INFO - Sync 1 DAGs
[2022-08-04 00:36:27,319] {logging_mixin.py:115} INFO - [2022-08-04 00:36:27,319] {dag.py:2972} INFO - Setting next_dagrun for example_trigger_controller_dag to 2021-01-01T00:00:00+00:00, run_after=2021-01-01T00:00:00+00:00
[2022-08-04 00:36:27,335] {processor.py:161} INFO - Processing /home/airflow/.local/lib/python3.7/site-packages/airflow/example_dags/example_trigger_controller_dag.py took 0.134 seconds
[2022-08-04 00:36:57,666] {processor.py:153} INFO - Started process (PID=24217) to work on /home/airflow/.local/lib/python3.7/site-packages/airflow/example_dags/example_trigger_controller_dag.py
[2022-08-04 00:36:57,678] {processor.py:641} INFO - Processing file /home/airflow/.local/lib/python3.7/site-packages/airflow/example_dags/example_trigger_controller_dag.py for tasks to queue
[2022-08-04 00:36:57,683] {logging_mixin.py:115} INFO - [2022-08-04 00:36:57,683] {dagbag.py:508} INFO - Filling up the DagBag from /home/airflow/.local/lib/python3.7/site-packages/airflow/example_dags/example_trigger_controller_dag.py
[2022-08-04 00:36:57,699] {processor.py:651} INFO - DAG(s) dict_keys(['example_trigger_controller_dag']) retrieved from /home/airflow/.local/lib/python3.7/site-packages/airflow/example_dags/example_trigger_controller_dag.py
[2022-08-04 00:36:57,769] {logging_mixin.py:115} INFO - [2022-08-04 00:36:57,769] {dag.py:2420} INFO - Sync 1 DAGs
[2022-08-04 00:36:57,813] {logging_mixin.py:115} INFO - [2022-08-04 00:36:57,813] {dag.py:2972} INFO - Setting next_dagrun for example_trigger_controller_dag to 2021-01-01T00:00:00+00:00, run_after=2021-01-01T00:00:00+00:00
[2022-08-04 00:36:57,844] {processor.py:161} INFO - Processing /home/airflow/.local/lib/python3.7/site-packages/airflow/example_dags/example_trigger_controller_dag.py took 0.185 seconds
[2022-08-04 00:37:28,744] {processor.py:153} INFO - Started process (PID=24271) to work on /home/airflow/.local/lib/python3.7/site-packages/airflow/example_dags/example_trigger_controller_dag.py
[2022-08-04 00:37:28,748] {processor.py:641} INFO - Processing file /home/airflow/.local/lib/python3.7/site-packages/airflow/example_dags/example_trigger_controller_dag.py for tasks to queue
[2022-08-04 00:37:28,752] {logging_mixin.py:115} INFO - [2022-08-04 00:37:28,752] {dagbag.py:508} INFO - Filling up the DagBag from /home/airflow/.local/lib/python3.7/site-packages/airflow/example_dags/example_trigger_controller_dag.py
[2022-08-04 00:37:28,762] {processor.py:651} INFO - DAG(s) dict_keys(['example_trigger_controller_dag']) retrieved from /home/airflow/.local/lib/python3.7/site-packages/airflow/example_dags/example_trigger_controller_dag.py
[2022-08-04 00:37:28,828] {logging_mixin.py:115} INFO - [2022-08-04 00:37:28,828] {dag.py:2420} INFO - Sync 1 DAGs
[2022-08-04 00:37:28,880] {logging_mixin.py:115} INFO - [2022-08-04 00:37:28,880] {dag.py:2972} INFO - Setting next_dagrun for example_trigger_controller_dag to 2021-01-01T00:00:00+00:00, run_after=2021-01-01T00:00:00+00:00
[2022-08-04 00:37:28,908] {processor.py:161} INFO - Processing /home/airflow/.local/lib/python3.7/site-packages/airflow/example_dags/example_trigger_controller_dag.py took 0.170 seconds
[2022-08-04 00:38:05,822] {processor.py:153} INFO - Started process (PID=24335) to work on /home/airflow/.local/lib/python3.7/site-packages/airflow/example_dags/example_trigger_controller_dag.py
[2022-08-04 00:38:05,843] {processor.py:641} INFO - Processing file /home/airflow/.local/lib/python3.7/site-packages/airflow/example_dags/example_trigger_controller_dag.py for tasks to queue
[2022-08-04 00:38:05,860] {logging_mixin.py:115} INFO - [2022-08-04 00:38:05,860] {dagbag.py:508} INFO - Filling up the DagBag from /home/airflow/.local/lib/python3.7/site-packages/airflow/example_dags/example_trigger_controller_dag.py
[2022-08-04 00:38:05,883] {processor.py:651} INFO - DAG(s) dict_keys(['example_trigger_controller_dag']) retrieved from /home/airflow/.local/lib/python3.7/site-packages/airflow/example_dags/example_trigger_controller_dag.py
[2022-08-04 00:38:06,065] {logging_mixin.py:115} INFO - [2022-08-04 00:38:06,065] {dag.py:2420} INFO - Sync 1 DAGs
[2022-08-04 00:38:06,205] {logging_mixin.py:115} INFO - [2022-08-04 00:38:06,205] {dag.py:2972} INFO - Setting next_dagrun for example_trigger_controller_dag to 2021-01-01T00:00:00+00:00, run_after=2021-01-01T00:00:00+00:00
[2022-08-04 00:38:06,249] {processor.py:161} INFO - Processing /home/airflow/.local/lib/python3.7/site-packages/airflow/example_dags/example_trigger_controller_dag.py took 0.454 seconds
