[2022-08-04 00:00:25,662] {processor.py:153} INFO - Started process (PID=22375) to work on /home/airflow/.local/lib/python3.7/site-packages/airflow/example_dags/example_time_delta_sensor_async.py
[2022-08-04 00:00:25,665] {processor.py:641} INFO - Processing file /home/airflow/.local/lib/python3.7/site-packages/airflow/example_dags/example_time_delta_sensor_async.py for tasks to queue
[2022-08-04 00:00:25,668] {logging_mixin.py:115} INFO - [2022-08-04 00:00:25,668] {dagbag.py:508} INFO - Filling up the DagBag from /home/airflow/.local/lib/python3.7/site-packages/airflow/example_dags/example_time_delta_sensor_async.py
[2022-08-04 00:00:25,686] {processor.py:651} INFO - DAG(s) dict_keys(['example_time_delta_sensor_async']) retrieved from /home/airflow/.local/lib/python3.7/site-packages/airflow/example_dags/example_time_delta_sensor_async.py
[2022-08-04 00:00:25,789] {logging_mixin.py:115} INFO - [2022-08-04 00:00:25,789] {dag.py:2420} INFO - Sync 1 DAGs
[2022-08-04 00:00:25,818] {logging_mixin.py:115} INFO - [2022-08-04 00:00:25,818] {dag.py:2972} INFO - Setting next_dagrun for example_time_delta_sensor_async to None, run_after=None
[2022-08-04 00:00:25,842] {processor.py:161} INFO - Processing /home/airflow/.local/lib/python3.7/site-packages/airflow/example_dags/example_time_delta_sensor_async.py took 0.185 seconds
[2022-08-04 00:00:56,561] {processor.py:153} INFO - Started process (PID=22439) to work on /home/airflow/.local/lib/python3.7/site-packages/airflow/example_dags/example_time_delta_sensor_async.py
[2022-08-04 00:00:56,566] {processor.py:641} INFO - Processing file /home/airflow/.local/lib/python3.7/site-packages/airflow/example_dags/example_time_delta_sensor_async.py for tasks to queue
[2022-08-04 00:00:56,569] {logging_mixin.py:115} INFO - [2022-08-04 00:00:56,569] {dagbag.py:508} INFO - Filling up the DagBag from /home/airflow/.local/lib/python3.7/site-packages/airflow/example_dags/example_time_delta_sensor_async.py
[2022-08-04 00:00:56,579] {processor.py:651} INFO - DAG(s) dict_keys(['example_time_delta_sensor_async']) retrieved from /home/airflow/.local/lib/python3.7/site-packages/airflow/example_dags/example_time_delta_sensor_async.py
[2022-08-04 00:00:56,628] {logging_mixin.py:115} INFO - [2022-08-04 00:00:56,628] {dag.py:2420} INFO - Sync 1 DAGs
[2022-08-04 00:00:56,654] {logging_mixin.py:115} INFO - [2022-08-04 00:00:56,654] {dag.py:2972} INFO - Setting next_dagrun for example_time_delta_sensor_async to None, run_after=None
[2022-08-04 00:00:56,670] {processor.py:161} INFO - Processing /home/airflow/.local/lib/python3.7/site-packages/airflow/example_dags/example_time_delta_sensor_async.py took 0.114 seconds
[2022-08-04 00:01:27,326] {processor.py:153} INFO - Started process (PID=22493) to work on /home/airflow/.local/lib/python3.7/site-packages/airflow/example_dags/example_time_delta_sensor_async.py
[2022-08-04 00:01:27,329] {processor.py:641} INFO - Processing file /home/airflow/.local/lib/python3.7/site-packages/airflow/example_dags/example_time_delta_sensor_async.py for tasks to queue
[2022-08-04 00:01:27,332] {logging_mixin.py:115} INFO - [2022-08-04 00:01:27,331] {dagbag.py:508} INFO - Filling up the DagBag from /home/airflow/.local/lib/python3.7/site-packages/airflow/example_dags/example_time_delta_sensor_async.py
[2022-08-04 00:01:27,340] {processor.py:651} INFO - DAG(s) dict_keys(['example_time_delta_sensor_async']) retrieved from /home/airflow/.local/lib/python3.7/site-packages/airflow/example_dags/example_time_delta_sensor_async.py
[2022-08-04 00:01:27,399] {logging_mixin.py:115} INFO - [2022-08-04 00:01:27,399] {dag.py:2420} INFO - Sync 1 DAGs
[2022-08-04 00:01:27,426] {logging_mixin.py:115} INFO - [2022-08-04 00:01:27,426] {dag.py:2972} INFO - Setting next_dagrun for example_time_delta_sensor_async to None, run_after=None
[2022-08-04 00:01:27,442] {processor.py:161} INFO - Processing /home/airflow/.local/lib/python3.7/site-packages/airflow/example_dags/example_time_delta_sensor_async.py took 0.119 seconds
[2022-08-04 00:01:57,693] {processor.py:153} INFO - Started process (PID=22547) to work on /home/airflow/.local/lib/python3.7/site-packages/airflow/example_dags/example_time_delta_sensor_async.py
[2022-08-04 00:01:57,699] {processor.py:641} INFO - Processing file /home/airflow/.local/lib/python3.7/site-packages/airflow/example_dags/example_time_delta_sensor_async.py for tasks to queue
[2022-08-04 00:01:57,702] {logging_mixin.py:115} INFO - [2022-08-04 00:01:57,702] {dagbag.py:508} INFO - Filling up the DagBag from /home/airflow/.local/lib/python3.7/site-packages/airflow/example_dags/example_time_delta_sensor_async.py
[2022-08-04 00:01:57,720] {processor.py:651} INFO - DAG(s) dict_keys(['example_time_delta_sensor_async']) retrieved from /home/airflow/.local/lib/python3.7/site-packages/airflow/example_dags/example_time_delta_sensor_async.py
[2022-08-04 00:01:57,790] {logging_mixin.py:115} INFO - [2022-08-04 00:01:57,790] {dag.py:2420} INFO - Sync 1 DAGs
[2022-08-04 00:01:57,821] {logging_mixin.py:115} INFO - [2022-08-04 00:01:57,821] {dag.py:2972} INFO - Setting next_dagrun for example_time_delta_sensor_async to None, run_after=None
[2022-08-04 00:01:57,843] {processor.py:161} INFO - Processing /home/airflow/.local/lib/python3.7/site-packages/airflow/example_dags/example_time_delta_sensor_async.py took 0.154 seconds
[2022-08-04 00:02:28,594] {processor.py:153} INFO - Started process (PID=22608) to work on /home/airflow/.local/lib/python3.7/site-packages/airflow/example_dags/example_time_delta_sensor_async.py
[2022-08-04 00:02:28,598] {processor.py:641} INFO - Processing file /home/airflow/.local/lib/python3.7/site-packages/airflow/example_dags/example_time_delta_sensor_async.py for tasks to queue
[2022-08-04 00:02:28,600] {logging_mixin.py:115} INFO - [2022-08-04 00:02:28,599] {dagbag.py:508} INFO - Filling up the DagBag from /home/airflow/.local/lib/python3.7/site-packages/airflow/example_dags/example_time_delta_sensor_async.py
[2022-08-04 00:02:28,607] {processor.py:651} INFO - DAG(s) dict_keys(['example_time_delta_sensor_async']) retrieved from /home/airflow/.local/lib/python3.7/site-packages/airflow/example_dags/example_time_delta_sensor_async.py
[2022-08-04 00:02:28,661] {logging_mixin.py:115} INFO - [2022-08-04 00:02:28,661] {dag.py:2420} INFO - Sync 1 DAGs
[2022-08-04 00:02:28,685] {logging_mixin.py:115} INFO - [2022-08-04 00:02:28,685] {dag.py:2972} INFO - Setting next_dagrun for example_time_delta_sensor_async to None, run_after=None
[2022-08-04 00:02:28,700] {processor.py:161} INFO - Processing /home/airflow/.local/lib/python3.7/site-packages/airflow/example_dags/example_time_delta_sensor_async.py took 0.110 seconds
[2022-08-04 00:02:59,514] {processor.py:153} INFO - Started process (PID=22663) to work on /home/airflow/.local/lib/python3.7/site-packages/airflow/example_dags/example_time_delta_sensor_async.py
[2022-08-04 00:02:59,523] {processor.py:641} INFO - Processing file /home/airflow/.local/lib/python3.7/site-packages/airflow/example_dags/example_time_delta_sensor_async.py for tasks to queue
[2022-08-04 00:02:59,526] {logging_mixin.py:115} INFO - [2022-08-04 00:02:59,526] {dagbag.py:508} INFO - Filling up the DagBag from /home/airflow/.local/lib/python3.7/site-packages/airflow/example_dags/example_time_delta_sensor_async.py
[2022-08-04 00:02:59,542] {processor.py:651} INFO - DAG(s) dict_keys(['example_time_delta_sensor_async']) retrieved from /home/airflow/.local/lib/python3.7/site-packages/airflow/example_dags/example_time_delta_sensor_async.py
[2022-08-04 00:02:59,640] {logging_mixin.py:115} INFO - [2022-08-04 00:02:59,640] {dag.py:2420} INFO - Sync 1 DAGs
[2022-08-04 00:02:59,694] {logging_mixin.py:115} INFO - [2022-08-04 00:02:59,694] {dag.py:2972} INFO - Setting next_dagrun for example_time_delta_sensor_async to None, run_after=None
[2022-08-04 00:02:59,722] {processor.py:161} INFO - Processing /home/airflow/.local/lib/python3.7/site-packages/airflow/example_dags/example_time_delta_sensor_async.py took 0.217 seconds
[2022-08-04 00:03:30,286] {processor.py:153} INFO - Started process (PID=22725) to work on /home/airflow/.local/lib/python3.7/site-packages/airflow/example_dags/example_time_delta_sensor_async.py
[2022-08-04 00:03:30,290] {processor.py:641} INFO - Processing file /home/airflow/.local/lib/python3.7/site-packages/airflow/example_dags/example_time_delta_sensor_async.py for tasks to queue
[2022-08-04 00:03:30,292] {logging_mixin.py:115} INFO - [2022-08-04 00:03:30,292] {dagbag.py:508} INFO - Filling up the DagBag from /home/airflow/.local/lib/python3.7/site-packages/airflow/example_dags/example_time_delta_sensor_async.py
[2022-08-04 00:03:30,300] {processor.py:651} INFO - DAG(s) dict_keys(['example_time_delta_sensor_async']) retrieved from /home/airflow/.local/lib/python3.7/site-packages/airflow/example_dags/example_time_delta_sensor_async.py
[2022-08-04 00:03:30,349] {logging_mixin.py:115} INFO - [2022-08-04 00:03:30,349] {dag.py:2420} INFO - Sync 1 DAGs
[2022-08-04 00:03:30,375] {logging_mixin.py:115} INFO - [2022-08-04 00:03:30,375] {dag.py:2972} INFO - Setting next_dagrun for example_time_delta_sensor_async to None, run_after=None
[2022-08-04 00:03:30,390] {processor.py:161} INFO - Processing /home/airflow/.local/lib/python3.7/site-packages/airflow/example_dags/example_time_delta_sensor_async.py took 0.107 seconds
[2022-08-04 00:04:00,771] {processor.py:153} INFO - Started process (PID=22780) to work on /home/airflow/.local/lib/python3.7/site-packages/airflow/example_dags/example_time_delta_sensor_async.py
[2022-08-04 00:04:00,775] {processor.py:641} INFO - Processing file /home/airflow/.local/lib/python3.7/site-packages/airflow/example_dags/example_time_delta_sensor_async.py for tasks to queue
[2022-08-04 00:04:00,780] {logging_mixin.py:115} INFO - [2022-08-04 00:04:00,780] {dagbag.py:508} INFO - Filling up the DagBag from /home/airflow/.local/lib/python3.7/site-packages/airflow/example_dags/example_time_delta_sensor_async.py
[2022-08-04 00:04:00,818] {processor.py:651} INFO - DAG(s) dict_keys(['example_time_delta_sensor_async']) retrieved from /home/airflow/.local/lib/python3.7/site-packages/airflow/example_dags/example_time_delta_sensor_async.py
[2022-08-04 00:04:00,972] {logging_mixin.py:115} INFO - [2022-08-04 00:04:00,972] {dag.py:2420} INFO - Sync 1 DAGs
[2022-08-04 00:04:01,024] {logging_mixin.py:115} INFO - [2022-08-04 00:04:01,024] {dag.py:2972} INFO - Setting next_dagrun for example_time_delta_sensor_async to None, run_after=None
[2022-08-04 00:04:01,060] {processor.py:161} INFO - Processing /home/airflow/.local/lib/python3.7/site-packages/airflow/example_dags/example_time_delta_sensor_async.py took 0.295 seconds
[2022-08-04 00:04:31,508] {processor.py:153} INFO - Started process (PID=22841) to work on /home/airflow/.local/lib/python3.7/site-packages/airflow/example_dags/example_time_delta_sensor_async.py
[2022-08-04 00:04:31,513] {processor.py:641} INFO - Processing file /home/airflow/.local/lib/python3.7/site-packages/airflow/example_dags/example_time_delta_sensor_async.py for tasks to queue
[2022-08-04 00:04:31,517] {logging_mixin.py:115} INFO - [2022-08-04 00:04:31,517] {dagbag.py:508} INFO - Filling up the DagBag from /home/airflow/.local/lib/python3.7/site-packages/airflow/example_dags/example_time_delta_sensor_async.py
[2022-08-04 00:04:31,527] {processor.py:651} INFO - DAG(s) dict_keys(['example_time_delta_sensor_async']) retrieved from /home/airflow/.local/lib/python3.7/site-packages/airflow/example_dags/example_time_delta_sensor_async.py
[2022-08-04 00:04:31,626] {logging_mixin.py:115} INFO - [2022-08-04 00:04:31,626] {dag.py:2420} INFO - Sync 1 DAGs
[2022-08-04 00:04:31,667] {logging_mixin.py:115} INFO - [2022-08-04 00:04:31,667] {dag.py:2972} INFO - Setting next_dagrun for example_time_delta_sensor_async to None, run_after=None
[2022-08-04 00:04:31,720] {processor.py:161} INFO - Processing /home/airflow/.local/lib/python3.7/site-packages/airflow/example_dags/example_time_delta_sensor_async.py took 0.217 seconds
[2022-08-04 00:05:02,040] {processor.py:153} INFO - Started process (PID=22895) to work on /home/airflow/.local/lib/python3.7/site-packages/airflow/example_dags/example_time_delta_sensor_async.py
[2022-08-04 00:05:02,043] {processor.py:641} INFO - Processing file /home/airflow/.local/lib/python3.7/site-packages/airflow/example_dags/example_time_delta_sensor_async.py for tasks to queue
[2022-08-04 00:05:02,046] {logging_mixin.py:115} INFO - [2022-08-04 00:05:02,046] {dagbag.py:508} INFO - Filling up the DagBag from /home/airflow/.local/lib/python3.7/site-packages/airflow/example_dags/example_time_delta_sensor_async.py
[2022-08-04 00:05:02,057] {processor.py:651} INFO - DAG(s) dict_keys(['example_time_delta_sensor_async']) retrieved from /home/airflow/.local/lib/python3.7/site-packages/airflow/example_dags/example_time_delta_sensor_async.py
[2022-08-04 00:05:02,102] {logging_mixin.py:115} INFO - [2022-08-04 00:05:02,102] {dag.py:2420} INFO - Sync 1 DAGs
[2022-08-04 00:05:02,127] {logging_mixin.py:115} INFO - [2022-08-04 00:05:02,127] {dag.py:2972} INFO - Setting next_dagrun for example_time_delta_sensor_async to None, run_after=None
[2022-08-04 00:05:02,144] {processor.py:161} INFO - Processing /home/airflow/.local/lib/python3.7/site-packages/airflow/example_dags/example_time_delta_sensor_async.py took 0.108 seconds
[2022-08-04 00:05:32,757] {processor.py:153} INFO - Started process (PID=22959) to work on /home/airflow/.local/lib/python3.7/site-packages/airflow/example_dags/example_time_delta_sensor_async.py
[2022-08-04 00:05:32,763] {processor.py:641} INFO - Processing file /home/airflow/.local/lib/python3.7/site-packages/airflow/example_dags/example_time_delta_sensor_async.py for tasks to queue
[2022-08-04 00:05:32,767] {logging_mixin.py:115} INFO - [2022-08-04 00:05:32,767] {dagbag.py:508} INFO - Filling up the DagBag from /home/airflow/.local/lib/python3.7/site-packages/airflow/example_dags/example_time_delta_sensor_async.py
[2022-08-04 00:05:32,783] {processor.py:651} INFO - DAG(s) dict_keys(['example_time_delta_sensor_async']) retrieved from /home/airflow/.local/lib/python3.7/site-packages/airflow/example_dags/example_time_delta_sensor_async.py
[2022-08-04 00:05:32,870] {logging_mixin.py:115} INFO - [2022-08-04 00:05:32,870] {dag.py:2420} INFO - Sync 1 DAGs
[2022-08-04 00:05:32,910] {logging_mixin.py:115} INFO - [2022-08-04 00:05:32,910] {dag.py:2972} INFO - Setting next_dagrun for example_time_delta_sensor_async to None, run_after=None
[2022-08-04 00:05:32,949] {processor.py:161} INFO - Processing /home/airflow/.local/lib/python3.7/site-packages/airflow/example_dags/example_time_delta_sensor_async.py took 0.199 seconds
[2022-08-04 00:06:03,408] {processor.py:153} INFO - Started process (PID=23013) to work on /home/airflow/.local/lib/python3.7/site-packages/airflow/example_dags/example_time_delta_sensor_async.py
[2022-08-04 00:06:03,419] {processor.py:641} INFO - Processing file /home/airflow/.local/lib/python3.7/site-packages/airflow/example_dags/example_time_delta_sensor_async.py for tasks to queue
[2022-08-04 00:06:03,429] {logging_mixin.py:115} INFO - [2022-08-04 00:06:03,429] {dagbag.py:508} INFO - Filling up the DagBag from /home/airflow/.local/lib/python3.7/site-packages/airflow/example_dags/example_time_delta_sensor_async.py
[2022-08-04 00:06:03,447] {processor.py:651} INFO - DAG(s) dict_keys(['example_time_delta_sensor_async']) retrieved from /home/airflow/.local/lib/python3.7/site-packages/airflow/example_dags/example_time_delta_sensor_async.py
[2022-08-04 00:06:03,550] {logging_mixin.py:115} INFO - [2022-08-04 00:06:03,550] {dag.py:2420} INFO - Sync 1 DAGs
[2022-08-04 00:06:03,587] {logging_mixin.py:115} INFO - [2022-08-04 00:06:03,586] {dag.py:2972} INFO - Setting next_dagrun for example_time_delta_sensor_async to None, run_after=None
[2022-08-04 00:06:03,611] {processor.py:161} INFO - Processing /home/airflow/.local/lib/python3.7/site-packages/airflow/example_dags/example_time_delta_sensor_async.py took 0.211 seconds
[2022-08-04 00:06:34,083] {processor.py:153} INFO - Started process (PID=23076) to work on /home/airflow/.local/lib/python3.7/site-packages/airflow/example_dags/example_time_delta_sensor_async.py
[2022-08-04 00:06:34,097] {processor.py:641} INFO - Processing file /home/airflow/.local/lib/python3.7/site-packages/airflow/example_dags/example_time_delta_sensor_async.py for tasks to queue
[2022-08-04 00:06:34,109] {logging_mixin.py:115} INFO - [2022-08-04 00:06:34,108] {dagbag.py:508} INFO - Filling up the DagBag from /home/airflow/.local/lib/python3.7/site-packages/airflow/example_dags/example_time_delta_sensor_async.py
[2022-08-04 00:06:34,123] {processor.py:651} INFO - DAG(s) dict_keys(['example_time_delta_sensor_async']) retrieved from /home/airflow/.local/lib/python3.7/site-packages/airflow/example_dags/example_time_delta_sensor_async.py
[2022-08-04 00:06:34,198] {logging_mixin.py:115} INFO - [2022-08-04 00:06:34,198] {dag.py:2420} INFO - Sync 1 DAGs
[2022-08-04 00:06:34,231] {logging_mixin.py:115} INFO - [2022-08-04 00:06:34,231] {dag.py:2972} INFO - Setting next_dagrun for example_time_delta_sensor_async to None, run_after=None
[2022-08-04 00:06:34,259] {processor.py:161} INFO - Processing /home/airflow/.local/lib/python3.7/site-packages/airflow/example_dags/example_time_delta_sensor_async.py took 0.181 seconds
[2022-08-04 00:07:04,692] {processor.py:153} INFO - Started process (PID=23131) to work on /home/airflow/.local/lib/python3.7/site-packages/airflow/example_dags/example_time_delta_sensor_async.py
[2022-08-04 00:07:04,696] {processor.py:641} INFO - Processing file /home/airflow/.local/lib/python3.7/site-packages/airflow/example_dags/example_time_delta_sensor_async.py for tasks to queue
[2022-08-04 00:07:04,699] {logging_mixin.py:115} INFO - [2022-08-04 00:07:04,699] {dagbag.py:508} INFO - Filling up the DagBag from /home/airflow/.local/lib/python3.7/site-packages/airflow/example_dags/example_time_delta_sensor_async.py
[2022-08-04 00:07:04,724] {processor.py:651} INFO - DAG(s) dict_keys(['example_time_delta_sensor_async']) retrieved from /home/airflow/.local/lib/python3.7/site-packages/airflow/example_dags/example_time_delta_sensor_async.py
[2022-08-04 00:07:04,794] {logging_mixin.py:115} INFO - [2022-08-04 00:07:04,794] {dag.py:2420} INFO - Sync 1 DAGs
[2022-08-04 00:07:04,821] {logging_mixin.py:115} INFO - [2022-08-04 00:07:04,821] {dag.py:2972} INFO - Setting next_dagrun for example_time_delta_sensor_async to None, run_after=None
[2022-08-04 00:07:04,840] {processor.py:161} INFO - Processing /home/airflow/.local/lib/python3.7/site-packages/airflow/example_dags/example_time_delta_sensor_async.py took 0.157 seconds
[2022-08-04 00:07:35,550] {processor.py:153} INFO - Started process (PID=23194) to work on /home/airflow/.local/lib/python3.7/site-packages/airflow/example_dags/example_time_delta_sensor_async.py
[2022-08-04 00:07:35,558] {processor.py:641} INFO - Processing file /home/airflow/.local/lib/python3.7/site-packages/airflow/example_dags/example_time_delta_sensor_async.py for tasks to queue
[2022-08-04 00:07:35,567] {logging_mixin.py:115} INFO - [2022-08-04 00:07:35,567] {dagbag.py:508} INFO - Filling up the DagBag from /home/airflow/.local/lib/python3.7/site-packages/airflow/example_dags/example_time_delta_sensor_async.py
[2022-08-04 00:07:35,580] {processor.py:651} INFO - DAG(s) dict_keys(['example_time_delta_sensor_async']) retrieved from /home/airflow/.local/lib/python3.7/site-packages/airflow/example_dags/example_time_delta_sensor_async.py
[2022-08-04 00:07:35,661] {logging_mixin.py:115} INFO - [2022-08-04 00:07:35,661] {dag.py:2420} INFO - Sync 1 DAGs
[2022-08-04 00:07:35,692] {logging_mixin.py:115} INFO - [2022-08-04 00:07:35,692] {dag.py:2972} INFO - Setting next_dagrun for example_time_delta_sensor_async to None, run_after=None
[2022-08-04 00:07:35,724] {processor.py:161} INFO - Processing /home/airflow/.local/lib/python3.7/site-packages/airflow/example_dags/example_time_delta_sensor_async.py took 0.182 seconds
[2022-08-04 00:08:06,317] {processor.py:153} INFO - Started process (PID=23249) to work on /home/airflow/.local/lib/python3.7/site-packages/airflow/example_dags/example_time_delta_sensor_async.py
[2022-08-04 00:08:06,321] {processor.py:641} INFO - Processing file /home/airflow/.local/lib/python3.7/site-packages/airflow/example_dags/example_time_delta_sensor_async.py for tasks to queue
[2022-08-04 00:08:06,324] {logging_mixin.py:115} INFO - [2022-08-04 00:08:06,324] {dagbag.py:508} INFO - Filling up the DagBag from /home/airflow/.local/lib/python3.7/site-packages/airflow/example_dags/example_time_delta_sensor_async.py
[2022-08-04 00:08:06,344] {processor.py:651} INFO - DAG(s) dict_keys(['example_time_delta_sensor_async']) retrieved from /home/airflow/.local/lib/python3.7/site-packages/airflow/example_dags/example_time_delta_sensor_async.py
[2022-08-04 00:08:06,486] {logging_mixin.py:115} INFO - [2022-08-04 00:08:06,486] {dag.py:2420} INFO - Sync 1 DAGs
[2022-08-04 00:08:06,541] {logging_mixin.py:115} INFO - [2022-08-04 00:08:06,540] {dag.py:2972} INFO - Setting next_dagrun for example_time_delta_sensor_async to None, run_after=None
[2022-08-04 00:08:06,574] {processor.py:161} INFO - Processing /home/airflow/.local/lib/python3.7/site-packages/airflow/example_dags/example_time_delta_sensor_async.py took 0.264 seconds
[2022-08-04 00:08:36,681] {processor.py:153} INFO - Started process (PID=23311) to work on /home/airflow/.local/lib/python3.7/site-packages/airflow/example_dags/example_time_delta_sensor_async.py
[2022-08-04 00:08:36,683] {processor.py:641} INFO - Processing file /home/airflow/.local/lib/python3.7/site-packages/airflow/example_dags/example_time_delta_sensor_async.py for tasks to queue
[2022-08-04 00:08:36,685] {logging_mixin.py:115} INFO - [2022-08-04 00:08:36,685] {dagbag.py:508} INFO - Filling up the DagBag from /home/airflow/.local/lib/python3.7/site-packages/airflow/example_dags/example_time_delta_sensor_async.py
[2022-08-04 00:08:36,693] {processor.py:651} INFO - DAG(s) dict_keys(['example_time_delta_sensor_async']) retrieved from /home/airflow/.local/lib/python3.7/site-packages/airflow/example_dags/example_time_delta_sensor_async.py
[2022-08-04 00:08:36,748] {logging_mixin.py:115} INFO - [2022-08-04 00:08:36,748] {dag.py:2420} INFO - Sync 1 DAGs
[2022-08-04 00:08:36,775] {logging_mixin.py:115} INFO - [2022-08-04 00:08:36,775] {dag.py:2972} INFO - Setting next_dagrun for example_time_delta_sensor_async to None, run_after=None
[2022-08-04 00:08:36,793] {processor.py:161} INFO - Processing /home/airflow/.local/lib/python3.7/site-packages/airflow/example_dags/example_time_delta_sensor_async.py took 0.117 seconds
[2022-08-04 00:09:07,755] {processor.py:153} INFO - Started process (PID=23376) to work on /home/airflow/.local/lib/python3.7/site-packages/airflow/example_dags/example_time_delta_sensor_async.py
[2022-08-04 00:09:07,759] {processor.py:641} INFO - Processing file /home/airflow/.local/lib/python3.7/site-packages/airflow/example_dags/example_time_delta_sensor_async.py for tasks to queue
[2022-08-04 00:09:07,764] {logging_mixin.py:115} INFO - [2022-08-04 00:09:07,764] {dagbag.py:508} INFO - Filling up the DagBag from /home/airflow/.local/lib/python3.7/site-packages/airflow/example_dags/example_time_delta_sensor_async.py
[2022-08-04 00:09:07,776] {processor.py:651} INFO - DAG(s) dict_keys(['example_time_delta_sensor_async']) retrieved from /home/airflow/.local/lib/python3.7/site-packages/airflow/example_dags/example_time_delta_sensor_async.py
[2022-08-04 00:09:07,918] {logging_mixin.py:115} INFO - [2022-08-04 00:09:07,917] {dag.py:2420} INFO - Sync 1 DAGs
[2022-08-04 00:09:07,987] {logging_mixin.py:115} INFO - [2022-08-04 00:09:07,987] {dag.py:2972} INFO - Setting next_dagrun for example_time_delta_sensor_async to None, run_after=None
[2022-08-04 00:09:08,027] {processor.py:161} INFO - Processing /home/airflow/.local/lib/python3.7/site-packages/airflow/example_dags/example_time_delta_sensor_async.py took 0.275 seconds
[2022-08-04 00:09:38,927] {processor.py:153} INFO - Started process (PID=23431) to work on /home/airflow/.local/lib/python3.7/site-packages/airflow/example_dags/example_time_delta_sensor_async.py
[2022-08-04 00:09:38,935] {processor.py:641} INFO - Processing file /home/airflow/.local/lib/python3.7/site-packages/airflow/example_dags/example_time_delta_sensor_async.py for tasks to queue
[2022-08-04 00:09:38,941] {logging_mixin.py:115} INFO - [2022-08-04 00:09:38,940] {dagbag.py:508} INFO - Filling up the DagBag from /home/airflow/.local/lib/python3.7/site-packages/airflow/example_dags/example_time_delta_sensor_async.py
[2022-08-04 00:09:38,963] {processor.py:651} INFO - DAG(s) dict_keys(['example_time_delta_sensor_async']) retrieved from /home/airflow/.local/lib/python3.7/site-packages/airflow/example_dags/example_time_delta_sensor_async.py
[2022-08-04 00:09:39,059] {logging_mixin.py:115} INFO - [2022-08-04 00:09:39,059] {dag.py:2420} INFO - Sync 1 DAGs
[2022-08-04 00:09:39,113] {logging_mixin.py:115} INFO - [2022-08-04 00:09:39,113] {dag.py:2972} INFO - Setting next_dagrun for example_time_delta_sensor_async to None, run_after=None
[2022-08-04 00:09:39,143] {processor.py:161} INFO - Processing /home/airflow/.local/lib/python3.7/site-packages/airflow/example_dags/example_time_delta_sensor_async.py took 0.223 seconds
[2022-08-04 00:10:13,408] {processor.py:153} INFO - Started process (PID=23485) to work on /home/airflow/.local/lib/python3.7/site-packages/airflow/example_dags/example_time_delta_sensor_async.py
[2022-08-04 00:10:13,425] {processor.py:641} INFO - Processing file /home/airflow/.local/lib/python3.7/site-packages/airflow/example_dags/example_time_delta_sensor_async.py for tasks to queue
[2022-08-04 00:10:13,434] {logging_mixin.py:115} INFO - [2022-08-04 00:10:13,434] {dagbag.py:508} INFO - Filling up the DagBag from /home/airflow/.local/lib/python3.7/site-packages/airflow/example_dags/example_time_delta_sensor_async.py
[2022-08-04 00:10:13,471] {processor.py:651} INFO - DAG(s) dict_keys(['example_time_delta_sensor_async']) retrieved from /home/airflow/.local/lib/python3.7/site-packages/airflow/example_dags/example_time_delta_sensor_async.py
[2022-08-04 00:10:13,652] {logging_mixin.py:115} INFO - [2022-08-04 00:10:13,652] {dag.py:2420} INFO - Sync 1 DAGs
[2022-08-04 00:10:13,703] {logging_mixin.py:115} INFO - [2022-08-04 00:10:13,703] {dag.py:2972} INFO - Setting next_dagrun for example_time_delta_sensor_async to None, run_after=None
[2022-08-04 00:10:13,761] {processor.py:161} INFO - Processing /home/airflow/.local/lib/python3.7/site-packages/airflow/example_dags/example_time_delta_sensor_async.py took 0.364 seconds
[2022-08-04 00:11:04,817] {processor.py:153} INFO - Started process (PID=23524) to work on /home/airflow/.local/lib/python3.7/site-packages/airflow/example_dags/example_time_delta_sensor_async.py
[2022-08-04 00:11:04,829] {processor.py:641} INFO - Processing file /home/airflow/.local/lib/python3.7/site-packages/airflow/example_dags/example_time_delta_sensor_async.py for tasks to queue
[2022-08-04 00:11:04,837] {logging_mixin.py:115} INFO - [2022-08-04 00:11:04,836] {dagbag.py:508} INFO - Filling up the DagBag from /home/airflow/.local/lib/python3.7/site-packages/airflow/example_dags/example_time_delta_sensor_async.py
[2022-08-04 00:11:04,864] {processor.py:651} INFO - DAG(s) dict_keys(['example_time_delta_sensor_async']) retrieved from /home/airflow/.local/lib/python3.7/site-packages/airflow/example_dags/example_time_delta_sensor_async.py
[2022-08-04 00:11:05,138] {logging_mixin.py:115} INFO - [2022-08-04 00:11:05,137] {dag.py:2420} INFO - Sync 1 DAGs
[2022-08-04 00:11:05,244] {logging_mixin.py:115} INFO - [2022-08-04 00:11:05,244] {dag.py:2972} INFO - Setting next_dagrun for example_time_delta_sensor_async to None, run_after=None
[2022-08-04 00:11:05,294] {processor.py:161} INFO - Processing /home/airflow/.local/lib/python3.7/site-packages/airflow/example_dags/example_time_delta_sensor_async.py took 0.487 seconds
[2022-08-04 00:11:36,917] {processor.py:153} INFO - Started process (PID=23587) to work on /home/airflow/.local/lib/python3.7/site-packages/airflow/example_dags/example_time_delta_sensor_async.py
[2022-08-04 00:11:36,923] {processor.py:641} INFO - Processing file /home/airflow/.local/lib/python3.7/site-packages/airflow/example_dags/example_time_delta_sensor_async.py for tasks to queue
[2022-08-04 00:11:36,932] {logging_mixin.py:115} INFO - [2022-08-04 00:11:36,932] {dagbag.py:508} INFO - Filling up the DagBag from /home/airflow/.local/lib/python3.7/site-packages/airflow/example_dags/example_time_delta_sensor_async.py
[2022-08-04 00:11:36,955] {processor.py:651} INFO - DAG(s) dict_keys(['example_time_delta_sensor_async']) retrieved from /home/airflow/.local/lib/python3.7/site-packages/airflow/example_dags/example_time_delta_sensor_async.py
[2022-08-04 00:11:37,052] {logging_mixin.py:115} INFO - [2022-08-04 00:11:37,052] {dag.py:2420} INFO - Sync 1 DAGs
[2022-08-04 00:11:37,087] {logging_mixin.py:115} INFO - [2022-08-04 00:11:37,087] {dag.py:2972} INFO - Setting next_dagrun for example_time_delta_sensor_async to None, run_after=None
[2022-08-04 00:11:37,116] {processor.py:161} INFO - Processing /home/airflow/.local/lib/python3.7/site-packages/airflow/example_dags/example_time_delta_sensor_async.py took 0.206 seconds
[2022-08-04 00:14:55,467] {processor.py:153} INFO - Started process (PID=23641) to work on /home/airflow/.local/lib/python3.7/site-packages/airflow/example_dags/example_time_delta_sensor_async.py
[2022-08-04 00:14:55,476] {processor.py:641} INFO - Processing file /home/airflow/.local/lib/python3.7/site-packages/airflow/example_dags/example_time_delta_sensor_async.py for tasks to queue
[2022-08-04 00:14:55,481] {logging_mixin.py:115} INFO - [2022-08-04 00:14:55,481] {dagbag.py:508} INFO - Filling up the DagBag from /home/airflow/.local/lib/python3.7/site-packages/airflow/example_dags/example_time_delta_sensor_async.py
[2022-08-04 00:14:55,501] {processor.py:651} INFO - DAG(s) dict_keys(['example_time_delta_sensor_async']) retrieved from /home/airflow/.local/lib/python3.7/site-packages/airflow/example_dags/example_time_delta_sensor_async.py
[2022-08-04 00:14:55,639] {logging_mixin.py:115} INFO - [2022-08-04 00:14:55,639] {dag.py:2420} INFO - Sync 1 DAGs
[2022-08-04 00:14:55,694] {logging_mixin.py:115} INFO - [2022-08-04 00:14:55,693] {dag.py:2972} INFO - Setting next_dagrun for example_time_delta_sensor_async to None, run_after=None
[2022-08-04 00:14:55,721] {processor.py:161} INFO - Processing /home/airflow/.local/lib/python3.7/site-packages/airflow/example_dags/example_time_delta_sensor_async.py took 0.260 seconds
[2022-08-04 00:15:33,284] {processor.py:153} INFO - Started process (PID=23705) to work on /home/airflow/.local/lib/python3.7/site-packages/airflow/example_dags/example_time_delta_sensor_async.py
[2022-08-04 00:15:33,302] {processor.py:641} INFO - Processing file /home/airflow/.local/lib/python3.7/site-packages/airflow/example_dags/example_time_delta_sensor_async.py for tasks to queue
[2022-08-04 00:15:33,317] {logging_mixin.py:115} INFO - [2022-08-04 00:15:33,316] {dagbag.py:508} INFO - Filling up the DagBag from /home/airflow/.local/lib/python3.7/site-packages/airflow/example_dags/example_time_delta_sensor_async.py
[2022-08-04 00:15:33,408] {processor.py:651} INFO - DAG(s) dict_keys(['example_time_delta_sensor_async']) retrieved from /home/airflow/.local/lib/python3.7/site-packages/airflow/example_dags/example_time_delta_sensor_async.py
[2022-08-04 00:15:33,832] {logging_mixin.py:115} INFO - [2022-08-04 00:15:33,832] {dag.py:2420} INFO - Sync 1 DAGs
[2022-08-04 00:15:33,931] {logging_mixin.py:115} INFO - [2022-08-04 00:15:33,931] {dag.py:2972} INFO - Setting next_dagrun for example_time_delta_sensor_async to None, run_after=None
[2022-08-04 00:15:34,169] {processor.py:161} INFO - Processing /home/airflow/.local/lib/python3.7/site-packages/airflow/example_dags/example_time_delta_sensor_async.py took 0.900 seconds
[2022-08-04 00:32:50,944] {processor.py:153} INFO - Started process (PID=23750) to work on /home/airflow/.local/lib/python3.7/site-packages/airflow/example_dags/example_time_delta_sensor_async.py
[2022-08-04 00:32:50,983] {processor.py:641} INFO - Processing file /home/airflow/.local/lib/python3.7/site-packages/airflow/example_dags/example_time_delta_sensor_async.py for tasks to queue
[2022-08-04 00:32:50,998] {logging_mixin.py:115} INFO - [2022-08-04 00:32:50,998] {dagbag.py:508} INFO - Filling up the DagBag from /home/airflow/.local/lib/python3.7/site-packages/airflow/example_dags/example_time_delta_sensor_async.py
[2022-08-04 00:32:51,100] {processor.py:651} INFO - DAG(s) dict_keys(['example_time_delta_sensor_async']) retrieved from /home/airflow/.local/lib/python3.7/site-packages/airflow/example_dags/example_time_delta_sensor_async.py
[2022-08-04 00:32:51,673] {logging_mixin.py:115} INFO - [2022-08-04 00:32:51,673] {dag.py:2420} INFO - Sync 1 DAGs
[2022-08-04 00:32:51,838] {logging_mixin.py:115} INFO - [2022-08-04 00:32:51,838] {dag.py:2972} INFO - Setting next_dagrun for example_time_delta_sensor_async to None, run_after=None
[2022-08-04 00:32:51,895] {processor.py:161} INFO - Processing /home/airflow/.local/lib/python3.7/site-packages/airflow/example_dags/example_time_delta_sensor_async.py took 0.985 seconds
[2022-08-04 00:33:22,038] {processor.py:153} INFO - Started process (PID=23806) to work on /home/airflow/.local/lib/python3.7/site-packages/airflow/example_dags/example_time_delta_sensor_async.py
[2022-08-04 00:33:22,042] {processor.py:641} INFO - Processing file /home/airflow/.local/lib/python3.7/site-packages/airflow/example_dags/example_time_delta_sensor_async.py for tasks to queue
[2022-08-04 00:33:22,048] {logging_mixin.py:115} INFO - [2022-08-04 00:33:22,048] {dagbag.py:508} INFO - Filling up the DagBag from /home/airflow/.local/lib/python3.7/site-packages/airflow/example_dags/example_time_delta_sensor_async.py
[2022-08-04 00:33:22,068] {processor.py:651} INFO - DAG(s) dict_keys(['example_time_delta_sensor_async']) retrieved from /home/airflow/.local/lib/python3.7/site-packages/airflow/example_dags/example_time_delta_sensor_async.py
[2022-08-04 00:33:22,181] {logging_mixin.py:115} INFO - [2022-08-04 00:33:22,181] {dag.py:2420} INFO - Sync 1 DAGs
[2022-08-04 00:33:22,212] {logging_mixin.py:115} INFO - [2022-08-04 00:33:22,212] {dag.py:2972} INFO - Setting next_dagrun for example_time_delta_sensor_async to None, run_after=None
[2022-08-04 00:33:22,237] {processor.py:161} INFO - Processing /home/airflow/.local/lib/python3.7/site-packages/airflow/example_dags/example_time_delta_sensor_async.py took 0.206 seconds
[2022-08-04 00:33:52,967] {processor.py:153} INFO - Started process (PID=23869) to work on /home/airflow/.local/lib/python3.7/site-packages/airflow/example_dags/example_time_delta_sensor_async.py
[2022-08-04 00:33:52,970] {processor.py:641} INFO - Processing file /home/airflow/.local/lib/python3.7/site-packages/airflow/example_dags/example_time_delta_sensor_async.py for tasks to queue
[2022-08-04 00:33:52,974] {logging_mixin.py:115} INFO - [2022-08-04 00:33:52,974] {dagbag.py:508} INFO - Filling up the DagBag from /home/airflow/.local/lib/python3.7/site-packages/airflow/example_dags/example_time_delta_sensor_async.py
[2022-08-04 00:33:52,986] {processor.py:651} INFO - DAG(s) dict_keys(['example_time_delta_sensor_async']) retrieved from /home/airflow/.local/lib/python3.7/site-packages/airflow/example_dags/example_time_delta_sensor_async.py
[2022-08-04 00:33:53,059] {logging_mixin.py:115} INFO - [2022-08-04 00:33:53,059] {dag.py:2420} INFO - Sync 1 DAGs
[2022-08-04 00:33:53,087] {logging_mixin.py:115} INFO - [2022-08-04 00:33:53,087] {dag.py:2972} INFO - Setting next_dagrun for example_time_delta_sensor_async to None, run_after=None
[2022-08-04 00:33:53,106] {processor.py:161} INFO - Processing /home/airflow/.local/lib/python3.7/site-packages/airflow/example_dags/example_time_delta_sensor_async.py took 0.144 seconds
[2022-08-04 00:34:24,689] {processor.py:153} INFO - Started process (PID=23933) to work on /home/airflow/.local/lib/python3.7/site-packages/airflow/example_dags/example_time_delta_sensor_async.py
[2022-08-04 00:34:24,701] {processor.py:641} INFO - Processing file /home/airflow/.local/lib/python3.7/site-packages/airflow/example_dags/example_time_delta_sensor_async.py for tasks to queue
[2022-08-04 00:34:24,710] {logging_mixin.py:115} INFO - [2022-08-04 00:34:24,710] {dagbag.py:508} INFO - Filling up the DagBag from /home/airflow/.local/lib/python3.7/site-packages/airflow/example_dags/example_time_delta_sensor_async.py
[2022-08-04 00:34:24,750] {processor.py:651} INFO - DAG(s) dict_keys(['example_time_delta_sensor_async']) retrieved from /home/airflow/.local/lib/python3.7/site-packages/airflow/example_dags/example_time_delta_sensor_async.py
[2022-08-04 00:34:24,950] {logging_mixin.py:115} INFO - [2022-08-04 00:34:24,949] {dag.py:2420} INFO - Sync 1 DAGs
[2022-08-04 00:34:24,997] {logging_mixin.py:115} INFO - [2022-08-04 00:34:24,997] {dag.py:2972} INFO - Setting next_dagrun for example_time_delta_sensor_async to None, run_after=None
[2022-08-04 00:34:25,035] {processor.py:161} INFO - Processing /home/airflow/.local/lib/python3.7/site-packages/airflow/example_dags/example_time_delta_sensor_async.py took 0.352 seconds
[2022-08-04 00:34:55,667] {processor.py:153} INFO - Started process (PID=23987) to work on /home/airflow/.local/lib/python3.7/site-packages/airflow/example_dags/example_time_delta_sensor_async.py
[2022-08-04 00:34:55,674] {processor.py:641} INFO - Processing file /home/airflow/.local/lib/python3.7/site-packages/airflow/example_dags/example_time_delta_sensor_async.py for tasks to queue
[2022-08-04 00:34:55,681] {logging_mixin.py:115} INFO - [2022-08-04 00:34:55,681] {dagbag.py:508} INFO - Filling up the DagBag from /home/airflow/.local/lib/python3.7/site-packages/airflow/example_dags/example_time_delta_sensor_async.py
[2022-08-04 00:34:55,693] {processor.py:651} INFO - DAG(s) dict_keys(['example_time_delta_sensor_async']) retrieved from /home/airflow/.local/lib/python3.7/site-packages/airflow/example_dags/example_time_delta_sensor_async.py
[2022-08-04 00:34:55,782] {logging_mixin.py:115} INFO - [2022-08-04 00:34:55,782] {dag.py:2420} INFO - Sync 1 DAGs
[2022-08-04 00:34:55,829] {logging_mixin.py:115} INFO - [2022-08-04 00:34:55,828] {dag.py:2972} INFO - Setting next_dagrun for example_time_delta_sensor_async to None, run_after=None
[2022-08-04 00:34:55,850] {processor.py:161} INFO - Processing /home/airflow/.local/lib/python3.7/site-packages/airflow/example_dags/example_time_delta_sensor_async.py took 0.186 seconds
[2022-08-04 00:35:26,035] {processor.py:153} INFO - Started process (PID=24040) to work on /home/airflow/.local/lib/python3.7/site-packages/airflow/example_dags/example_time_delta_sensor_async.py
[2022-08-04 00:35:26,039] {processor.py:641} INFO - Processing file /home/airflow/.local/lib/python3.7/site-packages/airflow/example_dags/example_time_delta_sensor_async.py for tasks to queue
[2022-08-04 00:35:26,045] {logging_mixin.py:115} INFO - [2022-08-04 00:35:26,044] {dagbag.py:508} INFO - Filling up the DagBag from /home/airflow/.local/lib/python3.7/site-packages/airflow/example_dags/example_time_delta_sensor_async.py
[2022-08-04 00:35:26,060] {processor.py:651} INFO - DAG(s) dict_keys(['example_time_delta_sensor_async']) retrieved from /home/airflow/.local/lib/python3.7/site-packages/airflow/example_dags/example_time_delta_sensor_async.py
[2022-08-04 00:35:26,208] {logging_mixin.py:115} INFO - [2022-08-04 00:35:26,208] {dag.py:2420} INFO - Sync 1 DAGs
[2022-08-04 00:35:26,246] {logging_mixin.py:115} INFO - [2022-08-04 00:35:26,246] {dag.py:2972} INFO - Setting next_dagrun for example_time_delta_sensor_async to None, run_after=None
[2022-08-04 00:35:26,287] {processor.py:161} INFO - Processing /home/airflow/.local/lib/python3.7/site-packages/airflow/example_dags/example_time_delta_sensor_async.py took 0.260 seconds
[2022-08-04 00:35:57,032] {processor.py:153} INFO - Started process (PID=24101) to work on /home/airflow/.local/lib/python3.7/site-packages/airflow/example_dags/example_time_delta_sensor_async.py
[2022-08-04 00:35:57,038] {processor.py:641} INFO - Processing file /home/airflow/.local/lib/python3.7/site-packages/airflow/example_dags/example_time_delta_sensor_async.py for tasks to queue
[2022-08-04 00:35:57,047] {logging_mixin.py:115} INFO - [2022-08-04 00:35:57,047] {dagbag.py:508} INFO - Filling up the DagBag from /home/airflow/.local/lib/python3.7/site-packages/airflow/example_dags/example_time_delta_sensor_async.py
[2022-08-04 00:35:57,064] {processor.py:651} INFO - DAG(s) dict_keys(['example_time_delta_sensor_async']) retrieved from /home/airflow/.local/lib/python3.7/site-packages/airflow/example_dags/example_time_delta_sensor_async.py
[2022-08-04 00:35:57,196] {logging_mixin.py:115} INFO - [2022-08-04 00:35:57,196] {dag.py:2420} INFO - Sync 1 DAGs
[2022-08-04 00:35:57,256] {logging_mixin.py:115} INFO - [2022-08-04 00:35:57,256] {dag.py:2972} INFO - Setting next_dagrun for example_time_delta_sensor_async to None, run_after=None
[2022-08-04 00:35:57,294] {processor.py:161} INFO - Processing /home/airflow/.local/lib/python3.7/site-packages/airflow/example_dags/example_time_delta_sensor_async.py took 0.271 seconds
[2022-08-04 00:36:27,389] {processor.py:153} INFO - Started process (PID=24156) to work on /home/airflow/.local/lib/python3.7/site-packages/airflow/example_dags/example_time_delta_sensor_async.py
[2022-08-04 00:36:27,394] {processor.py:641} INFO - Processing file /home/airflow/.local/lib/python3.7/site-packages/airflow/example_dags/example_time_delta_sensor_async.py for tasks to queue
[2022-08-04 00:36:27,398] {logging_mixin.py:115} INFO - [2022-08-04 00:36:27,397] {dagbag.py:508} INFO - Filling up the DagBag from /home/airflow/.local/lib/python3.7/site-packages/airflow/example_dags/example_time_delta_sensor_async.py
[2022-08-04 00:36:27,409] {processor.py:651} INFO - DAG(s) dict_keys(['example_time_delta_sensor_async']) retrieved from /home/airflow/.local/lib/python3.7/site-packages/airflow/example_dags/example_time_delta_sensor_async.py
[2022-08-04 00:36:27,510] {logging_mixin.py:115} INFO - [2022-08-04 00:36:27,510] {dag.py:2420} INFO - Sync 1 DAGs
[2022-08-04 00:36:27,558] {logging_mixin.py:115} INFO - [2022-08-04 00:36:27,558] {dag.py:2972} INFO - Setting next_dagrun for example_time_delta_sensor_async to None, run_after=None
[2022-08-04 00:36:27,593] {processor.py:161} INFO - Processing /home/airflow/.local/lib/python3.7/site-packages/airflow/example_dags/example_time_delta_sensor_async.py took 0.209 seconds
[2022-08-04 00:36:57,738] {processor.py:153} INFO - Started process (PID=24218) to work on /home/airflow/.local/lib/python3.7/site-packages/airflow/example_dags/example_time_delta_sensor_async.py
[2022-08-04 00:36:57,752] {processor.py:641} INFO - Processing file /home/airflow/.local/lib/python3.7/site-packages/airflow/example_dags/example_time_delta_sensor_async.py for tasks to queue
[2022-08-04 00:36:57,758] {logging_mixin.py:115} INFO - [2022-08-04 00:36:57,758] {dagbag.py:508} INFO - Filling up the DagBag from /home/airflow/.local/lib/python3.7/site-packages/airflow/example_dags/example_time_delta_sensor_async.py
[2022-08-04 00:36:57,776] {processor.py:651} INFO - DAG(s) dict_keys(['example_time_delta_sensor_async']) retrieved from /home/airflow/.local/lib/python3.7/site-packages/airflow/example_dags/example_time_delta_sensor_async.py
[2022-08-04 00:36:57,902] {logging_mixin.py:115} INFO - [2022-08-04 00:36:57,901] {dag.py:2420} INFO - Sync 1 DAGs
[2022-08-04 00:36:57,942] {logging_mixin.py:115} INFO - [2022-08-04 00:36:57,942] {dag.py:2972} INFO - Setting next_dagrun for example_time_delta_sensor_async to None, run_after=None
[2022-08-04 00:36:57,964] {processor.py:161} INFO - Processing /home/airflow/.local/lib/python3.7/site-packages/airflow/example_dags/example_time_delta_sensor_async.py took 0.232 seconds
[2022-08-04 00:37:28,853] {processor.py:153} INFO - Started process (PID=24272) to work on /home/airflow/.local/lib/python3.7/site-packages/airflow/example_dags/example_time_delta_sensor_async.py
[2022-08-04 00:37:28,862] {processor.py:641} INFO - Processing file /home/airflow/.local/lib/python3.7/site-packages/airflow/example_dags/example_time_delta_sensor_async.py for tasks to queue
[2022-08-04 00:37:28,873] {logging_mixin.py:115} INFO - [2022-08-04 00:37:28,873] {dagbag.py:508} INFO - Filling up the DagBag from /home/airflow/.local/lib/python3.7/site-packages/airflow/example_dags/example_time_delta_sensor_async.py
[2022-08-04 00:37:28,891] {processor.py:651} INFO - DAG(s) dict_keys(['example_time_delta_sensor_async']) retrieved from /home/airflow/.local/lib/python3.7/site-packages/airflow/example_dags/example_time_delta_sensor_async.py
[2022-08-04 00:37:28,989] {logging_mixin.py:115} INFO - [2022-08-04 00:37:28,989] {dag.py:2420} INFO - Sync 1 DAGs
[2022-08-04 00:37:29,020] {logging_mixin.py:115} INFO - [2022-08-04 00:37:29,020] {dag.py:2972} INFO - Setting next_dagrun for example_time_delta_sensor_async to None, run_after=None
[2022-08-04 00:37:29,043] {processor.py:161} INFO - Processing /home/airflow/.local/lib/python3.7/site-packages/airflow/example_dags/example_time_delta_sensor_async.py took 0.200 seconds
[2022-08-04 00:38:06,384] {processor.py:153} INFO - Started process (PID=24336) to work on /home/airflow/.local/lib/python3.7/site-packages/airflow/example_dags/example_time_delta_sensor_async.py
[2022-08-04 00:38:06,399] {processor.py:641} INFO - Processing file /home/airflow/.local/lib/python3.7/site-packages/airflow/example_dags/example_time_delta_sensor_async.py for tasks to queue
[2022-08-04 00:38:06,412] {logging_mixin.py:115} INFO - [2022-08-04 00:38:06,412] {dagbag.py:508} INFO - Filling up the DagBag from /home/airflow/.local/lib/python3.7/site-packages/airflow/example_dags/example_time_delta_sensor_async.py
[2022-08-04 00:38:06,435] {processor.py:651} INFO - DAG(s) dict_keys(['example_time_delta_sensor_async']) retrieved from /home/airflow/.local/lib/python3.7/site-packages/airflow/example_dags/example_time_delta_sensor_async.py
[2022-08-04 00:38:06,586] {logging_mixin.py:115} INFO - [2022-08-04 00:38:06,586] {dag.py:2420} INFO - Sync 1 DAGs
[2022-08-04 00:38:06,649] {logging_mixin.py:115} INFO - [2022-08-04 00:38:06,649] {dag.py:2972} INFO - Setting next_dagrun for example_time_delta_sensor_async to None, run_after=None
[2022-08-04 00:38:06,727] {processor.py:161} INFO - Processing /home/airflow/.local/lib/python3.7/site-packages/airflow/example_dags/example_time_delta_sensor_async.py took 0.351 seconds
