[2022-08-03 22:57:36,974] {taskinstance.py:1179} INFO - Dependencies all met for <TaskInstance: ltv-pipeline.decompress-file manual__2022-08-03T22:57:20.432836+00:00 [queued]>
[2022-08-03 22:57:37,093] {taskinstance.py:1179} INFO - Dependencies all met for <TaskInstance: ltv-pipeline.decompress-file manual__2022-08-03T22:57:20.432836+00:00 [queued]>
[2022-08-03 22:57:37,114] {taskinstance.py:1376} INFO - 
--------------------------------------------------------------------------------
[2022-08-03 22:57:37,155] {taskinstance.py:1377} INFO - Starting attempt 1 of 1
[2022-08-03 22:57:37,205] {taskinstance.py:1378} INFO - 
--------------------------------------------------------------------------------
[2022-08-03 22:57:37,306] {taskinstance.py:1397} INFO - Executing <Task(BashOperator): decompress-file> on 2022-08-03 22:57:20.432836+00:00
[2022-08-03 22:57:37,356] {standard_task_runner.py:52} INFO - Started process 6196 to run task
[2022-08-03 22:57:37,413] {standard_task_runner.py:79} INFO - Running: ['***', 'tasks', 'run', 'ltv-pipeline', 'decompress-file', 'manual__2022-08-03T22:57:20.432836+00:00', '--job-id', '269', '--raw', '--subdir', 'DAGS_FOLDER/dag-test.py', '--cfg-path', '/tmp/tmpw0y8w41f', '--error-file', '/tmp/tmp23vmftri']
[2022-08-03 22:57:37,509] {standard_task_runner.py:80} INFO - Job 269: Subtask decompress-file
[2022-08-03 22:57:38,097] {task_command.py:371} INFO - Running <TaskInstance: ltv-pipeline.decompress-file manual__2022-08-03T22:57:20.432836+00:00 [running]> on host 3b0f05b8acbc
[2022-08-03 22:57:38,721] {taskinstance.py:1591} INFO - Exporting the following env vars:
AIRFLOW_CTX_DAG_OWNER=***
AIRFLOW_CTX_DAG_ID=ltv-pipeline
AIRFLOW_CTX_TASK_ID=decompress-file
AIRFLOW_CTX_EXECUTION_DATE=2022-08-03T22:57:20.432836+00:00
AIRFLOW_CTX_TRY_NUMBER=1
AIRFLOW_CTX_DAG_RUN_ID=manual__2022-08-03T22:57:20.432836+00:00
[2022-08-03 22:57:38,754] {subprocess.py:62} INFO - Tmp dir root location: 
 /tmp
[2022-08-03 22:57:38,804] {subprocess.py:74} INFO - Running command: ['bash', '-c', 'if [ -f *vehicle_challenge.csv.gz ]; then  gunzip -f /opt/***/files/vehicle_challenge.csv.gz; fi;']
[2022-08-03 22:57:38,958] {subprocess.py:85} INFO - Output:
[2022-08-03 22:57:39,059] {subprocess.py:96} INFO - Command exited with return code 0
[2022-08-03 22:57:39,596] {taskinstance.py:1420} INFO - Marking task as SUCCESS. dag_id=ltv-pipeline, task_id=decompress-file, execution_date=20220803T225720, start_date=20220803T225737, end_date=20220803T225739
[2022-08-03 22:57:39,823] {local_task_job.py:156} INFO - Task exited with return code 0
[2022-08-03 22:57:40,317] {local_task_job.py:273} INFO - 1 downstream tasks scheduled from follow-on schedule check
