[2022-08-03 23:20:11,846] {taskinstance.py:1179} INFO - Dependencies all met for <TaskInstance: ltv-pipeline.drop_table manual__2022-08-03T23:19:50.822878+00:00 [queued]>
[2022-08-03 23:20:12,263] {taskinstance.py:1179} INFO - Dependencies all met for <TaskInstance: ltv-pipeline.drop_table manual__2022-08-03T23:19:50.822878+00:00 [queued]>
[2022-08-03 23:20:12,280] {taskinstance.py:1376} INFO - 
--------------------------------------------------------------------------------
[2022-08-03 23:20:12,292] {taskinstance.py:1377} INFO - Starting attempt 1 of 1
[2022-08-03 23:20:12,310] {taskinstance.py:1378} INFO - 
--------------------------------------------------------------------------------
[2022-08-03 23:20:12,630] {taskinstance.py:1397} INFO - Executing <Task(PostgresOperator): drop_table> on 2022-08-03 23:19:50.822878+00:00
[2022-08-03 23:20:13,169] {standard_task_runner.py:52} INFO - Started process 7084 to run task
[2022-08-03 23:20:13,488] {standard_task_runner.py:79} INFO - Running: ['***', 'tasks', 'run', 'ltv-pipeline', 'drop_table', 'manual__2022-08-03T23:19:50.822878+00:00', '--job-id', '274', '--raw', '--subdir', 'DAGS_FOLDER/dag-test.py', '--cfg-path', '/tmp/tmpe6rvzyzz', '--error-file', '/tmp/tmpsb51cs36']
[2022-08-03 23:20:13,503] {standard_task_runner.py:80} INFO - Job 274: Subtask drop_table
[2022-08-03 23:20:16,310] {task_command.py:371} INFO - Running <TaskInstance: ltv-pipeline.drop_table manual__2022-08-03T23:19:50.822878+00:00 [running]> on host 3b0f05b8acbc
[2022-08-03 23:20:18,291] {taskinstance.py:1591} INFO - Exporting the following env vars:
AIRFLOW_CTX_DAG_OWNER=***
AIRFLOW_CTX_DAG_ID=ltv-pipeline
AIRFLOW_CTX_TASK_ID=drop_table
AIRFLOW_CTX_EXECUTION_DATE=2022-08-03T23:19:50.822878+00:00
AIRFLOW_CTX_TRY_NUMBER=1
AIRFLOW_CTX_DAG_RUN_ID=manual__2022-08-03T23:19:50.822878+00:00
[2022-08-03 23:20:18,510] {base.py:68} INFO - Using connection ID 'postgres' for task execution.
[2022-08-03 23:20:18,749] {dbapi.py:231} INFO - Running statement: DROP TABLE IF EXISTS vehicles, parameters: None
[2022-08-03 23:20:19,774] {taskinstance.py:1420} INFO - Marking task as SUCCESS. dag_id=ltv-pipeline, task_id=drop_table, execution_date=20220803T231950, start_date=20220803T232012, end_date=20220803T232019
[2022-08-03 23:20:20,046] {local_task_job.py:156} INFO - Task exited with return code 0
[2022-08-03 23:20:20,303] {local_task_job.py:273} INFO - 1 downstream tasks scheduled from follow-on schedule check
