[2022-08-03 16:30:37,799] {taskinstance.py:1179} INFO - Dependencies all met for <TaskInstance: ltv-pipeline.query-table manual__2022-08-03T16:30:12+00:00 [queued]>
[2022-08-03 16:30:37,820] {taskinstance.py:1179} INFO - Dependencies all met for <TaskInstance: ltv-pipeline.query-table manual__2022-08-03T16:30:12+00:00 [queued]>
[2022-08-03 16:30:37,824] {taskinstance.py:1376} INFO - 
--------------------------------------------------------------------------------
[2022-08-03 16:30:37,828] {taskinstance.py:1377} INFO - Starting attempt 1 of 1
[2022-08-03 16:30:37,834] {taskinstance.py:1378} INFO - 
--------------------------------------------------------------------------------
[2022-08-03 16:30:37,856] {taskinstance.py:1397} INFO - Executing <Task(PythonOperator): query-table> on 2022-08-03 16:30:12+00:00
[2022-08-03 16:30:37,872] {standard_task_runner.py:52} INFO - Started process 1379 to run task
[2022-08-03 16:30:37,879] {standard_task_runner.py:79} INFO - Running: ['***', 'tasks', 'run', 'ltv-pipeline', 'query-table', 'manual__2022-08-03T16:30:12+00:00', '--job-id', '70', '--raw', '--subdir', 'DAGS_FOLDER/dag-test.py', '--cfg-path', '/tmp/tmpkq8vabxb', '--error-file', '/tmp/tmpdpm4cgou']
[2022-08-03 16:30:37,884] {standard_task_runner.py:80} INFO - Job 70: Subtask query-table
[2022-08-03 16:30:38,091] {task_command.py:371} INFO - Running <TaskInstance: ltv-pipeline.query-table manual__2022-08-03T16:30:12+00:00 [running]> on host 3b0f05b8acbc
[2022-08-03 16:30:38,744] {taskinstance.py:1591} INFO - Exporting the following env vars:
AIRFLOW_CTX_DAG_OWNER=***
AIRFLOW_CTX_DAG_ID=ltv-pipeline
AIRFLOW_CTX_TASK_ID=query-table
AIRFLOW_CTX_EXECUTION_DATE=2022-08-03T16:30:12+00:00
AIRFLOW_CTX_TRY_NUMBER=1
AIRFLOW_CTX_DAG_RUN_ID=manual__2022-08-03T16:30:12+00:00
[2022-08-03 16:30:39,047] {logging_mixin.py:115} INFO - Testing hook
[2022-08-03 16:30:39,514] {base.py:68} INFO - Using connection ID 'postgres' for task execution.
[2022-08-03 16:30:39,600] {logging_mixin.py:115} INFO - []
[2022-08-03 16:30:39,699] {base.py:68} INFO - Using connection ID 'postgres' for task execution.
[2022-08-03 16:30:39,793] {logging_mixin.py:115} INFO - [('pg_toast',), ('pg_catalog',), ('public',), ('information_schema',)]
[2022-08-03 16:30:39,809] {logging_mixin.py:115} INFO - PRINT PATH: ['dags', 'logs', 'webserver_config.py', 'plugins', '***-worker.pid', '***.cfg', 'files']
[2022-08-03 16:30:39,813] {logging_mixin.py:115} INFO - PRINT PATH: ['test.csv', 'vehicle_challenge.csv', 'vehicle_challenge.csv.gz']
[2022-08-03 16:30:40,304] {logging_mixin.py:115} INFO - /opt/***
[2022-08-03 16:30:40,322] {python.py:173} INFO - Done. Returned value was: None
[2022-08-03 16:30:40,874] {taskinstance.py:1420} INFO - Marking task as SUCCESS. dag_id=ltv-pipeline, task_id=query-table, execution_date=20220803T163012, start_date=20220803T163037, end_date=20220803T163040
[2022-08-03 16:30:41,211] {local_task_job.py:156} INFO - Task exited with return code 0
[2022-08-03 16:30:41,594] {local_task_job.py:273} INFO - 1 downstream tasks scheduled from follow-on schedule check
