[2022-08-11 19:44:28,539] {processor.py:153} INFO - Started process (PID=63) to work on /home/airflow/.local/lib/python3.7/site-packages/airflow/example_dags/example_task_group_decorator.py
[2022-08-11 19:44:28,544] {processor.py:641} INFO - Processing file /home/airflow/.local/lib/python3.7/site-packages/airflow/example_dags/example_task_group_decorator.py for tasks to queue
[2022-08-11 19:44:28,554] {logging_mixin.py:115} INFO - [2022-08-11 19:44:28,554] {dagbag.py:508} INFO - Filling up the DagBag from /home/airflow/.local/lib/python3.7/site-packages/airflow/example_dags/example_task_group_decorator.py
[2022-08-11 19:44:28,596] {processor.py:651} INFO - DAG(s) dict_keys(['example_task_group_decorator']) retrieved from /home/airflow/.local/lib/python3.7/site-packages/airflow/example_dags/example_task_group_decorator.py
[2022-08-11 19:44:28,860] {logging_mixin.py:115} INFO - [2022-08-11 19:44:28,860] {dag.py:2420} INFO - Sync 1 DAGs
[2022-08-11 19:44:28,895] {logging_mixin.py:115} INFO - [2022-08-11 19:44:28,892] {dag.py:2972} INFO - Setting next_dagrun for example_task_group_decorator to 2022-08-10T19:44:28.891790+00:00, run_after=2022-08-11T19:44:28.891790+00:00
[2022-08-11 19:44:28,921] {processor.py:161} INFO - Processing /home/airflow/.local/lib/python3.7/site-packages/airflow/example_dags/example_task_group_decorator.py took 0.388 seconds
[2022-08-11 19:44:59,118] {processor.py:153} INFO - Started process (PID=117) to work on /home/airflow/.local/lib/python3.7/site-packages/airflow/example_dags/example_task_group_decorator.py
[2022-08-11 19:44:59,123] {processor.py:641} INFO - Processing file /home/airflow/.local/lib/python3.7/site-packages/airflow/example_dags/example_task_group_decorator.py for tasks to queue
[2022-08-11 19:44:59,125] {logging_mixin.py:115} INFO - [2022-08-11 19:44:59,125] {dagbag.py:508} INFO - Filling up the DagBag from /home/airflow/.local/lib/python3.7/site-packages/airflow/example_dags/example_task_group_decorator.py
[2022-08-11 19:44:59,166] {processor.py:651} INFO - DAG(s) dict_keys(['example_task_group_decorator']) retrieved from /home/airflow/.local/lib/python3.7/site-packages/airflow/example_dags/example_task_group_decorator.py
[2022-08-11 19:44:59,351] {logging_mixin.py:115} INFO - [2022-08-11 19:44:59,351] {dag.py:2420} INFO - Sync 1 DAGs
[2022-08-11 19:44:59,367] {logging_mixin.py:115} INFO - [2022-08-11 19:44:59,367] {dag.py:2972} INFO - Setting next_dagrun for example_task_group_decorator to 2022-08-10T19:44:59.367231+00:00, run_after=2022-08-11T19:44:59.367231+00:00
[2022-08-11 19:44:59,381] {processor.py:161} INFO - Processing /home/airflow/.local/lib/python3.7/site-packages/airflow/example_dags/example_task_group_decorator.py took 0.267 seconds
[2022-08-11 19:45:29,875] {processor.py:153} INFO - Started process (PID=179) to work on /home/airflow/.local/lib/python3.7/site-packages/airflow/example_dags/example_task_group_decorator.py
[2022-08-11 19:45:29,877] {processor.py:641} INFO - Processing file /home/airflow/.local/lib/python3.7/site-packages/airflow/example_dags/example_task_group_decorator.py for tasks to queue
[2022-08-11 19:45:29,878] {logging_mixin.py:115} INFO - [2022-08-11 19:45:29,878] {dagbag.py:508} INFO - Filling up the DagBag from /home/airflow/.local/lib/python3.7/site-packages/airflow/example_dags/example_task_group_decorator.py
[2022-08-11 19:45:29,897] {processor.py:651} INFO - DAG(s) dict_keys(['example_task_group_decorator']) retrieved from /home/airflow/.local/lib/python3.7/site-packages/airflow/example_dags/example_task_group_decorator.py
[2022-08-11 19:45:30,035] {logging_mixin.py:115} INFO - [2022-08-11 19:45:30,034] {dag.py:2420} INFO - Sync 1 DAGs
[2022-08-11 19:45:30,046] {logging_mixin.py:115} INFO - [2022-08-11 19:45:30,046] {dag.py:2972} INFO - Setting next_dagrun for example_task_group_decorator to 2022-08-10T19:45:30.046327+00:00, run_after=2022-08-11T19:45:30.046327+00:00
[2022-08-11 19:45:30,055] {processor.py:161} INFO - Processing /home/airflow/.local/lib/python3.7/site-packages/airflow/example_dags/example_task_group_decorator.py took 0.183 seconds
[2022-08-11 19:46:00,581] {processor.py:153} INFO - Started process (PID=243) to work on /home/airflow/.local/lib/python3.7/site-packages/airflow/example_dags/example_task_group_decorator.py
[2022-08-11 19:46:00,583] {processor.py:641} INFO - Processing file /home/airflow/.local/lib/python3.7/site-packages/airflow/example_dags/example_task_group_decorator.py for tasks to queue
[2022-08-11 19:46:00,584] {logging_mixin.py:115} INFO - [2022-08-11 19:46:00,584] {dagbag.py:508} INFO - Filling up the DagBag from /home/airflow/.local/lib/python3.7/site-packages/airflow/example_dags/example_task_group_decorator.py
[2022-08-11 19:46:00,601] {processor.py:651} INFO - DAG(s) dict_keys(['example_task_group_decorator']) retrieved from /home/airflow/.local/lib/python3.7/site-packages/airflow/example_dags/example_task_group_decorator.py
[2022-08-11 19:46:00,735] {logging_mixin.py:115} INFO - [2022-08-11 19:46:00,735] {dag.py:2420} INFO - Sync 1 DAGs
[2022-08-11 19:46:00,746] {logging_mixin.py:115} INFO - [2022-08-11 19:46:00,746] {dag.py:2972} INFO - Setting next_dagrun for example_task_group_decorator to 2022-08-10T19:46:00.746003+00:00, run_after=2022-08-11T19:46:00.746003+00:00
[2022-08-11 19:46:00,755] {processor.py:161} INFO - Processing /home/airflow/.local/lib/python3.7/site-packages/airflow/example_dags/example_task_group_decorator.py took 0.177 seconds
[2022-08-11 19:46:31,393] {processor.py:153} INFO - Started process (PID=305) to work on /home/airflow/.local/lib/python3.7/site-packages/airflow/example_dags/example_task_group_decorator.py
[2022-08-11 19:46:31,395] {processor.py:641} INFO - Processing file /home/airflow/.local/lib/python3.7/site-packages/airflow/example_dags/example_task_group_decorator.py for tasks to queue
[2022-08-11 19:46:31,397] {logging_mixin.py:115} INFO - [2022-08-11 19:46:31,397] {dagbag.py:508} INFO - Filling up the DagBag from /home/airflow/.local/lib/python3.7/site-packages/airflow/example_dags/example_task_group_decorator.py
[2022-08-11 19:46:31,420] {processor.py:651} INFO - DAG(s) dict_keys(['example_task_group_decorator']) retrieved from /home/airflow/.local/lib/python3.7/site-packages/airflow/example_dags/example_task_group_decorator.py
[2022-08-11 19:46:31,569] {logging_mixin.py:115} INFO - [2022-08-11 19:46:31,569] {dag.py:2420} INFO - Sync 1 DAGs
[2022-08-11 19:46:31,585] {logging_mixin.py:115} INFO - [2022-08-11 19:46:31,585] {dag.py:2972} INFO - Setting next_dagrun for example_task_group_decorator to 2022-08-10T19:46:31.585639+00:00, run_after=2022-08-11T19:46:31.585639+00:00
[2022-08-11 19:46:31,592] {processor.py:161} INFO - Processing /home/airflow/.local/lib/python3.7/site-packages/airflow/example_dags/example_task_group_decorator.py took 0.204 seconds
[2022-08-11 19:47:01,627] {processor.py:153} INFO - Started process (PID=359) to work on /home/airflow/.local/lib/python3.7/site-packages/airflow/example_dags/example_task_group_decorator.py
[2022-08-11 19:47:01,629] {processor.py:641} INFO - Processing file /home/airflow/.local/lib/python3.7/site-packages/airflow/example_dags/example_task_group_decorator.py for tasks to queue
[2022-08-11 19:47:01,630] {logging_mixin.py:115} INFO - [2022-08-11 19:47:01,630] {dagbag.py:508} INFO - Filling up the DagBag from /home/airflow/.local/lib/python3.7/site-packages/airflow/example_dags/example_task_group_decorator.py
[2022-08-11 19:47:01,648] {processor.py:651} INFO - DAG(s) dict_keys(['example_task_group_decorator']) retrieved from /home/airflow/.local/lib/python3.7/site-packages/airflow/example_dags/example_task_group_decorator.py
[2022-08-11 19:47:01,771] {logging_mixin.py:115} INFO - [2022-08-11 19:47:01,771] {dag.py:2420} INFO - Sync 1 DAGs
[2022-08-11 19:47:01,782] {logging_mixin.py:115} INFO - [2022-08-11 19:47:01,782] {dag.py:2972} INFO - Setting next_dagrun for example_task_group_decorator to 2022-08-10T19:47:01.781982+00:00, run_after=2022-08-11T19:47:01.781982+00:00
[2022-08-11 19:47:01,790] {processor.py:161} INFO - Processing /home/airflow/.local/lib/python3.7/site-packages/airflow/example_dags/example_task_group_decorator.py took 0.165 seconds
[2022-08-11 19:47:32,840] {processor.py:153} INFO - Started process (PID=421) to work on /home/airflow/.local/lib/python3.7/site-packages/airflow/example_dags/example_task_group_decorator.py
[2022-08-11 19:47:32,842] {processor.py:641} INFO - Processing file /home/airflow/.local/lib/python3.7/site-packages/airflow/example_dags/example_task_group_decorator.py for tasks to queue
[2022-08-11 19:47:32,842] {logging_mixin.py:115} INFO - [2022-08-11 19:47:32,842] {dagbag.py:508} INFO - Filling up the DagBag from /home/airflow/.local/lib/python3.7/site-packages/airflow/example_dags/example_task_group_decorator.py
[2022-08-11 19:47:32,867] {processor.py:651} INFO - DAG(s) dict_keys(['example_task_group_decorator']) retrieved from /home/airflow/.local/lib/python3.7/site-packages/airflow/example_dags/example_task_group_decorator.py
[2022-08-11 19:47:33,062] {logging_mixin.py:115} INFO - [2022-08-11 19:47:33,062] {dag.py:2420} INFO - Sync 1 DAGs
[2022-08-11 19:47:33,089] {logging_mixin.py:115} INFO - [2022-08-11 19:47:33,089] {dag.py:2972} INFO - Setting next_dagrun for example_task_group_decorator to 2022-08-10T19:47:33.088913+00:00, run_after=2022-08-11T19:47:33.088913+00:00
[2022-08-11 19:47:33,104] {processor.py:161} INFO - Processing /home/airflow/.local/lib/python3.7/site-packages/airflow/example_dags/example_task_group_decorator.py took 0.268 seconds
[2022-08-11 19:48:03,786] {processor.py:153} INFO - Started process (PID=485) to work on /home/airflow/.local/lib/python3.7/site-packages/airflow/example_dags/example_task_group_decorator.py
[2022-08-11 19:48:03,788] {processor.py:641} INFO - Processing file /home/airflow/.local/lib/python3.7/site-packages/airflow/example_dags/example_task_group_decorator.py for tasks to queue
[2022-08-11 19:48:03,789] {logging_mixin.py:115} INFO - [2022-08-11 19:48:03,789] {dagbag.py:508} INFO - Filling up the DagBag from /home/airflow/.local/lib/python3.7/site-packages/airflow/example_dags/example_task_group_decorator.py
[2022-08-11 19:48:03,806] {processor.py:651} INFO - DAG(s) dict_keys(['example_task_group_decorator']) retrieved from /home/airflow/.local/lib/python3.7/site-packages/airflow/example_dags/example_task_group_decorator.py
[2022-08-11 19:48:03,919] {logging_mixin.py:115} INFO - [2022-08-11 19:48:03,919] {dag.py:2420} INFO - Sync 1 DAGs
[2022-08-11 19:48:03,932] {logging_mixin.py:115} INFO - [2022-08-11 19:48:03,932] {dag.py:2972} INFO - Setting next_dagrun for example_task_group_decorator to 2022-08-10T19:48:03.932153+00:00, run_after=2022-08-11T19:48:03.932153+00:00
[2022-08-11 19:48:03,942] {processor.py:161} INFO - Processing /home/airflow/.local/lib/python3.7/site-packages/airflow/example_dags/example_task_group_decorator.py took 0.158 seconds
[2022-08-11 19:48:34,142] {processor.py:153} INFO - Started process (PID=548) to work on /home/airflow/.local/lib/python3.7/site-packages/airflow/example_dags/example_task_group_decorator.py
[2022-08-11 19:48:34,144] {processor.py:641} INFO - Processing file /home/airflow/.local/lib/python3.7/site-packages/airflow/example_dags/example_task_group_decorator.py for tasks to queue
[2022-08-11 19:48:34,146] {logging_mixin.py:115} INFO - [2022-08-11 19:48:34,146] {dagbag.py:508} INFO - Filling up the DagBag from /home/airflow/.local/lib/python3.7/site-packages/airflow/example_dags/example_task_group_decorator.py
[2022-08-11 19:48:34,166] {processor.py:651} INFO - DAG(s) dict_keys(['example_task_group_decorator']) retrieved from /home/airflow/.local/lib/python3.7/site-packages/airflow/example_dags/example_task_group_decorator.py
[2022-08-11 19:48:34,332] {logging_mixin.py:115} INFO - [2022-08-11 19:48:34,332] {dag.py:2420} INFO - Sync 1 DAGs
[2022-08-11 19:48:34,346] {logging_mixin.py:115} INFO - [2022-08-11 19:48:34,346] {dag.py:2972} INFO - Setting next_dagrun for example_task_group_decorator to 2022-08-10T19:48:34.346191+00:00, run_after=2022-08-11T19:48:34.346191+00:00
[2022-08-11 19:48:34,369] {processor.py:161} INFO - Processing /home/airflow/.local/lib/python3.7/site-packages/airflow/example_dags/example_task_group_decorator.py took 0.231 seconds
[2022-08-11 19:49:04,402] {processor.py:153} INFO - Started process (PID=602) to work on /home/airflow/.local/lib/python3.7/site-packages/airflow/example_dags/example_task_group_decorator.py
[2022-08-11 19:49:04,403] {processor.py:641} INFO - Processing file /home/airflow/.local/lib/python3.7/site-packages/airflow/example_dags/example_task_group_decorator.py for tasks to queue
[2022-08-11 19:49:04,404] {logging_mixin.py:115} INFO - [2022-08-11 19:49:04,404] {dagbag.py:508} INFO - Filling up the DagBag from /home/airflow/.local/lib/python3.7/site-packages/airflow/example_dags/example_task_group_decorator.py
[2022-08-11 19:49:04,421] {processor.py:651} INFO - DAG(s) dict_keys(['example_task_group_decorator']) retrieved from /home/airflow/.local/lib/python3.7/site-packages/airflow/example_dags/example_task_group_decorator.py
[2022-08-11 19:49:04,530] {logging_mixin.py:115} INFO - [2022-08-11 19:49:04,530] {dag.py:2420} INFO - Sync 1 DAGs
[2022-08-11 19:49:04,543] {logging_mixin.py:115} INFO - [2022-08-11 19:49:04,543] {dag.py:2972} INFO - Setting next_dagrun for example_task_group_decorator to 2022-08-10T19:49:04.543440+00:00, run_after=2022-08-11T19:49:04.543440+00:00
[2022-08-11 19:49:04,553] {processor.py:161} INFO - Processing /home/airflow/.local/lib/python3.7/site-packages/airflow/example_dags/example_task_group_decorator.py took 0.154 seconds
[2022-08-11 19:49:34,899] {processor.py:153} INFO - Started process (PID=666) to work on /home/airflow/.local/lib/python3.7/site-packages/airflow/example_dags/example_task_group_decorator.py
[2022-08-11 19:49:34,901] {processor.py:641} INFO - Processing file /home/airflow/.local/lib/python3.7/site-packages/airflow/example_dags/example_task_group_decorator.py for tasks to queue
[2022-08-11 19:49:34,902] {logging_mixin.py:115} INFO - [2022-08-11 19:49:34,902] {dagbag.py:508} INFO - Filling up the DagBag from /home/airflow/.local/lib/python3.7/site-packages/airflow/example_dags/example_task_group_decorator.py
[2022-08-11 19:49:34,920] {processor.py:651} INFO - DAG(s) dict_keys(['example_task_group_decorator']) retrieved from /home/airflow/.local/lib/python3.7/site-packages/airflow/example_dags/example_task_group_decorator.py
[2022-08-11 19:49:35,056] {logging_mixin.py:115} INFO - [2022-08-11 19:49:35,056] {dag.py:2420} INFO - Sync 1 DAGs
[2022-08-11 19:49:35,067] {logging_mixin.py:115} INFO - [2022-08-11 19:49:35,067] {dag.py:2972} INFO - Setting next_dagrun for example_task_group_decorator to 2022-08-10T19:49:35.067798+00:00, run_after=2022-08-11T19:49:35.067798+00:00
[2022-08-11 19:49:35,077] {processor.py:161} INFO - Processing /home/airflow/.local/lib/python3.7/site-packages/airflow/example_dags/example_task_group_decorator.py took 0.180 seconds
[2022-08-11 19:50:05,680] {processor.py:153} INFO - Started process (PID=728) to work on /home/airflow/.local/lib/python3.7/site-packages/airflow/example_dags/example_task_group_decorator.py
[2022-08-11 19:50:05,682] {processor.py:641} INFO - Processing file /home/airflow/.local/lib/python3.7/site-packages/airflow/example_dags/example_task_group_decorator.py for tasks to queue
[2022-08-11 19:50:05,684] {logging_mixin.py:115} INFO - [2022-08-11 19:50:05,683] {dagbag.py:508} INFO - Filling up the DagBag from /home/airflow/.local/lib/python3.7/site-packages/airflow/example_dags/example_task_group_decorator.py
[2022-08-11 19:50:05,701] {processor.py:651} INFO - DAG(s) dict_keys(['example_task_group_decorator']) retrieved from /home/airflow/.local/lib/python3.7/site-packages/airflow/example_dags/example_task_group_decorator.py
[2022-08-11 19:50:05,828] {logging_mixin.py:115} INFO - [2022-08-11 19:50:05,828] {dag.py:2420} INFO - Sync 1 DAGs
[2022-08-11 19:50:05,839] {logging_mixin.py:115} INFO - [2022-08-11 19:50:05,839] {dag.py:2972} INFO - Setting next_dagrun for example_task_group_decorator to 2022-08-10T19:50:05.839577+00:00, run_after=2022-08-11T19:50:05.839577+00:00
[2022-08-11 19:50:05,855] {processor.py:161} INFO - Processing /home/airflow/.local/lib/python3.7/site-packages/airflow/example_dags/example_task_group_decorator.py took 0.177 seconds
[2022-08-11 19:50:36,906] {processor.py:153} INFO - Started process (PID=789) to work on /home/airflow/.local/lib/python3.7/site-packages/airflow/example_dags/example_task_group_decorator.py
[2022-08-11 19:50:36,908] {processor.py:641} INFO - Processing file /home/airflow/.local/lib/python3.7/site-packages/airflow/example_dags/example_task_group_decorator.py for tasks to queue
[2022-08-11 19:50:36,910] {logging_mixin.py:115} INFO - [2022-08-11 19:50:36,910] {dagbag.py:508} INFO - Filling up the DagBag from /home/airflow/.local/lib/python3.7/site-packages/airflow/example_dags/example_task_group_decorator.py
[2022-08-11 19:50:36,936] {processor.py:651} INFO - DAG(s) dict_keys(['example_task_group_decorator']) retrieved from /home/airflow/.local/lib/python3.7/site-packages/airflow/example_dags/example_task_group_decorator.py
[2022-08-11 19:50:37,137] {logging_mixin.py:115} INFO - [2022-08-11 19:50:37,137] {dag.py:2420} INFO - Sync 1 DAGs
[2022-08-11 19:50:37,173] {logging_mixin.py:115} INFO - [2022-08-11 19:50:37,172] {dag.py:2972} INFO - Setting next_dagrun for example_task_group_decorator to 2022-08-10T19:50:37.172395+00:00, run_after=2022-08-11T19:50:37.172395+00:00
[2022-08-11 19:50:37,207] {processor.py:161} INFO - Processing /home/airflow/.local/lib/python3.7/site-packages/airflow/example_dags/example_task_group_decorator.py took 0.304 seconds
[2022-08-11 19:51:08,019] {processor.py:153} INFO - Started process (PID=843) to work on /home/airflow/.local/lib/python3.7/site-packages/airflow/example_dags/example_task_group_decorator.py
[2022-08-11 19:51:08,022] {processor.py:641} INFO - Processing file /home/airflow/.local/lib/python3.7/site-packages/airflow/example_dags/example_task_group_decorator.py for tasks to queue
[2022-08-11 19:51:08,024] {logging_mixin.py:115} INFO - [2022-08-11 19:51:08,024] {dagbag.py:508} INFO - Filling up the DagBag from /home/airflow/.local/lib/python3.7/site-packages/airflow/example_dags/example_task_group_decorator.py
[2022-08-11 19:51:08,044] {processor.py:651} INFO - DAG(s) dict_keys(['example_task_group_decorator']) retrieved from /home/airflow/.local/lib/python3.7/site-packages/airflow/example_dags/example_task_group_decorator.py
[2022-08-11 19:51:08,173] {logging_mixin.py:115} INFO - [2022-08-11 19:51:08,173] {dag.py:2420} INFO - Sync 1 DAGs
[2022-08-11 19:51:08,184] {logging_mixin.py:115} INFO - [2022-08-11 19:51:08,184] {dag.py:2972} INFO - Setting next_dagrun for example_task_group_decorator to 2022-08-10T19:51:08.184585+00:00, run_after=2022-08-11T19:51:08.184585+00:00
[2022-08-11 19:51:08,196] {processor.py:161} INFO - Processing /home/airflow/.local/lib/python3.7/site-packages/airflow/example_dags/example_task_group_decorator.py took 0.181 seconds
[2022-08-11 19:51:39,640] {processor.py:153} INFO - Started process (PID=905) to work on /home/airflow/.local/lib/python3.7/site-packages/airflow/example_dags/example_task_group_decorator.py
[2022-08-11 19:51:39,643] {processor.py:641} INFO - Processing file /home/airflow/.local/lib/python3.7/site-packages/airflow/example_dags/example_task_group_decorator.py for tasks to queue
[2022-08-11 19:51:39,646] {logging_mixin.py:115} INFO - [2022-08-11 19:51:39,645] {dagbag.py:508} INFO - Filling up the DagBag from /home/airflow/.local/lib/python3.7/site-packages/airflow/example_dags/example_task_group_decorator.py
[2022-08-11 19:51:39,683] {processor.py:651} INFO - DAG(s) dict_keys(['example_task_group_decorator']) retrieved from /home/airflow/.local/lib/python3.7/site-packages/airflow/example_dags/example_task_group_decorator.py
[2022-08-11 19:51:40,078] {logging_mixin.py:115} INFO - [2022-08-11 19:51:40,077] {dag.py:2420} INFO - Sync 1 DAGs
[2022-08-11 19:51:40,103] {logging_mixin.py:115} INFO - [2022-08-11 19:51:40,102] {dag.py:2972} INFO - Setting next_dagrun for example_task_group_decorator to 2022-08-10T19:51:40.102725+00:00, run_after=2022-08-11T19:51:40.102725+00:00
[2022-08-11 19:51:40,118] {processor.py:161} INFO - Processing /home/airflow/.local/lib/python3.7/site-packages/airflow/example_dags/example_task_group_decorator.py took 0.483 seconds
[2022-08-11 19:52:10,251] {processor.py:153} INFO - Started process (PID=968) to work on /home/airflow/.local/lib/python3.7/site-packages/airflow/example_dags/example_task_group_decorator.py
[2022-08-11 19:52:10,259] {processor.py:641} INFO - Processing file /home/airflow/.local/lib/python3.7/site-packages/airflow/example_dags/example_task_group_decorator.py for tasks to queue
[2022-08-11 19:52:10,261] {logging_mixin.py:115} INFO - [2022-08-11 19:52:10,261] {dagbag.py:508} INFO - Filling up the DagBag from /home/airflow/.local/lib/python3.7/site-packages/airflow/example_dags/example_task_group_decorator.py
[2022-08-11 19:52:10,283] {processor.py:651} INFO - DAG(s) dict_keys(['example_task_group_decorator']) retrieved from /home/airflow/.local/lib/python3.7/site-packages/airflow/example_dags/example_task_group_decorator.py
[2022-08-11 19:52:10,416] {logging_mixin.py:115} INFO - [2022-08-11 19:52:10,416] {dag.py:2420} INFO - Sync 1 DAGs
[2022-08-11 19:52:10,430] {logging_mixin.py:115} INFO - [2022-08-11 19:52:10,430] {dag.py:2972} INFO - Setting next_dagrun for example_task_group_decorator to 2022-08-10T19:52:10.430422+00:00, run_after=2022-08-11T19:52:10.430422+00:00
[2022-08-11 19:52:10,442] {processor.py:161} INFO - Processing /home/airflow/.local/lib/python3.7/site-packages/airflow/example_dags/example_task_group_decorator.py took 0.194 seconds
[2022-08-11 19:52:41,274] {processor.py:153} INFO - Started process (PID=1031) to work on /home/airflow/.local/lib/python3.7/site-packages/airflow/example_dags/example_task_group_decorator.py
[2022-08-11 19:52:41,276] {processor.py:641} INFO - Processing file /home/airflow/.local/lib/python3.7/site-packages/airflow/example_dags/example_task_group_decorator.py for tasks to queue
[2022-08-11 19:52:41,277] {logging_mixin.py:115} INFO - [2022-08-11 19:52:41,276] {dagbag.py:508} INFO - Filling up the DagBag from /home/airflow/.local/lib/python3.7/site-packages/airflow/example_dags/example_task_group_decorator.py
[2022-08-11 19:52:41,295] {processor.py:651} INFO - DAG(s) dict_keys(['example_task_group_decorator']) retrieved from /home/airflow/.local/lib/python3.7/site-packages/airflow/example_dags/example_task_group_decorator.py
[2022-08-11 19:52:41,422] {logging_mixin.py:115} INFO - [2022-08-11 19:52:41,422] {dag.py:2420} INFO - Sync 1 DAGs
[2022-08-11 19:52:41,433] {logging_mixin.py:115} INFO - [2022-08-11 19:52:41,433] {dag.py:2972} INFO - Setting next_dagrun for example_task_group_decorator to 2022-08-10T19:52:41.433578+00:00, run_after=2022-08-11T19:52:41.433578+00:00
[2022-08-11 19:52:41,444] {processor.py:161} INFO - Processing /home/airflow/.local/lib/python3.7/site-packages/airflow/example_dags/example_task_group_decorator.py took 0.173 seconds
[2022-08-11 19:53:11,752] {processor.py:153} INFO - Started process (PID=1095) to work on /home/airflow/.local/lib/python3.7/site-packages/airflow/example_dags/example_task_group_decorator.py
[2022-08-11 19:53:11,753] {processor.py:641} INFO - Processing file /home/airflow/.local/lib/python3.7/site-packages/airflow/example_dags/example_task_group_decorator.py for tasks to queue
[2022-08-11 19:53:11,754] {logging_mixin.py:115} INFO - [2022-08-11 19:53:11,754] {dagbag.py:508} INFO - Filling up the DagBag from /home/airflow/.local/lib/python3.7/site-packages/airflow/example_dags/example_task_group_decorator.py
[2022-08-11 19:53:11,776] {processor.py:651} INFO - DAG(s) dict_keys(['example_task_group_decorator']) retrieved from /home/airflow/.local/lib/python3.7/site-packages/airflow/example_dags/example_task_group_decorator.py
[2022-08-11 19:53:11,981] {logging_mixin.py:115} INFO - [2022-08-11 19:53:11,981] {dag.py:2420} INFO - Sync 1 DAGs
[2022-08-11 19:53:11,997] {logging_mixin.py:115} INFO - [2022-08-11 19:53:11,997] {dag.py:2972} INFO - Setting next_dagrun for example_task_group_decorator to 2022-08-10T19:53:11.997324+00:00, run_after=2022-08-11T19:53:11.997324+00:00
[2022-08-11 19:53:12,010] {processor.py:161} INFO - Processing /home/airflow/.local/lib/python3.7/site-packages/airflow/example_dags/example_task_group_decorator.py took 0.261 seconds
[2022-08-11 19:53:42,504] {processor.py:153} INFO - Started process (PID=1149) to work on /home/airflow/.local/lib/python3.7/site-packages/airflow/example_dags/example_task_group_decorator.py
[2022-08-11 19:53:42,506] {processor.py:641} INFO - Processing file /home/airflow/.local/lib/python3.7/site-packages/airflow/example_dags/example_task_group_decorator.py for tasks to queue
[2022-08-11 19:53:42,507] {logging_mixin.py:115} INFO - [2022-08-11 19:53:42,507] {dagbag.py:508} INFO - Filling up the DagBag from /home/airflow/.local/lib/python3.7/site-packages/airflow/example_dags/example_task_group_decorator.py
[2022-08-11 19:53:42,524] {processor.py:651} INFO - DAG(s) dict_keys(['example_task_group_decorator']) retrieved from /home/airflow/.local/lib/python3.7/site-packages/airflow/example_dags/example_task_group_decorator.py
[2022-08-11 19:53:42,668] {logging_mixin.py:115} INFO - [2022-08-11 19:53:42,668] {dag.py:2420} INFO - Sync 1 DAGs
[2022-08-11 19:53:42,689] {logging_mixin.py:115} INFO - [2022-08-11 19:53:42,689] {dag.py:2972} INFO - Setting next_dagrun for example_task_group_decorator to 2022-08-10T19:53:42.689441+00:00, run_after=2022-08-11T19:53:42.689441+00:00
[2022-08-11 19:53:42,708] {processor.py:161} INFO - Processing /home/airflow/.local/lib/python3.7/site-packages/airflow/example_dags/example_task_group_decorator.py took 0.207 seconds
[2022-08-11 19:54:14,002] {processor.py:153} INFO - Started process (PID=1211) to work on /home/airflow/.local/lib/python3.7/site-packages/airflow/example_dags/example_task_group_decorator.py
[2022-08-11 19:54:14,019] {processor.py:641} INFO - Processing file /home/airflow/.local/lib/python3.7/site-packages/airflow/example_dags/example_task_group_decorator.py for tasks to queue
[2022-08-11 19:54:14,021] {logging_mixin.py:115} INFO - [2022-08-11 19:54:14,020] {dagbag.py:508} INFO - Filling up the DagBag from /home/airflow/.local/lib/python3.7/site-packages/airflow/example_dags/example_task_group_decorator.py
[2022-08-11 19:54:14,039] {processor.py:651} INFO - DAG(s) dict_keys(['example_task_group_decorator']) retrieved from /home/airflow/.local/lib/python3.7/site-packages/airflow/example_dags/example_task_group_decorator.py
[2022-08-11 19:54:14,185] {logging_mixin.py:115} INFO - [2022-08-11 19:54:14,185] {dag.py:2420} INFO - Sync 1 DAGs
[2022-08-11 19:54:14,199] {logging_mixin.py:115} INFO - [2022-08-11 19:54:14,199] {dag.py:2972} INFO - Setting next_dagrun for example_task_group_decorator to 2022-08-10T19:54:14.199546+00:00, run_after=2022-08-11T19:54:14.199546+00:00
[2022-08-11 19:54:14,226] {processor.py:161} INFO - Processing /home/airflow/.local/lib/python3.7/site-packages/airflow/example_dags/example_task_group_decorator.py took 0.227 seconds
[2022-08-11 19:54:45,281] {processor.py:153} INFO - Started process (PID=1274) to work on /home/airflow/.local/lib/python3.7/site-packages/airflow/example_dags/example_task_group_decorator.py
[2022-08-11 19:54:45,282] {processor.py:641} INFO - Processing file /home/airflow/.local/lib/python3.7/site-packages/airflow/example_dags/example_task_group_decorator.py for tasks to queue
[2022-08-11 19:54:45,283] {logging_mixin.py:115} INFO - [2022-08-11 19:54:45,283] {dagbag.py:508} INFO - Filling up the DagBag from /home/airflow/.local/lib/python3.7/site-packages/airflow/example_dags/example_task_group_decorator.py
[2022-08-11 19:54:45,386] {processor.py:651} INFO - DAG(s) dict_keys(['example_task_group_decorator']) retrieved from /home/airflow/.local/lib/python3.7/site-packages/airflow/example_dags/example_task_group_decorator.py
[2022-08-11 19:54:45,430] {logging_mixin.py:115} INFO - [2022-08-11 19:54:45,430] {dag.py:2420} INFO - Sync 1 DAGs
[2022-08-11 19:54:45,441] {logging_mixin.py:115} INFO - [2022-08-11 19:54:45,441] {dag.py:2972} INFO - Setting next_dagrun for example_task_group_decorator to 2022-08-10T19:54:45.441641+00:00, run_after=2022-08-11T19:54:45.441641+00:00
[2022-08-11 19:54:45,452] {processor.py:161} INFO - Processing /home/airflow/.local/lib/python3.7/site-packages/airflow/example_dags/example_task_group_decorator.py took 0.173 seconds
[2022-08-11 19:55:15,966] {processor.py:153} INFO - Started process (PID=1337) to work on /home/airflow/.local/lib/python3.7/site-packages/airflow/example_dags/example_task_group_decorator.py
[2022-08-11 19:55:15,969] {processor.py:641} INFO - Processing file /home/airflow/.local/lib/python3.7/site-packages/airflow/example_dags/example_task_group_decorator.py for tasks to queue
[2022-08-11 19:55:15,970] {logging_mixin.py:115} INFO - [2022-08-11 19:55:15,970] {dagbag.py:508} INFO - Filling up the DagBag from /home/airflow/.local/lib/python3.7/site-packages/airflow/example_dags/example_task_group_decorator.py
[2022-08-11 19:55:16,203] {processor.py:651} INFO - DAG(s) dict_keys(['example_task_group_decorator']) retrieved from /home/airflow/.local/lib/python3.7/site-packages/airflow/example_dags/example_task_group_decorator.py
[2022-08-11 19:55:16,267] {logging_mixin.py:115} INFO - [2022-08-11 19:55:16,267] {dag.py:2420} INFO - Sync 1 DAGs
[2022-08-11 19:55:16,279] {logging_mixin.py:115} INFO - [2022-08-11 19:55:16,279] {dag.py:2972} INFO - Setting next_dagrun for example_task_group_decorator to 2022-08-10T19:55:16.279448+00:00, run_after=2022-08-11T19:55:16.279448+00:00
[2022-08-11 19:55:16,292] {processor.py:161} INFO - Processing /home/airflow/.local/lib/python3.7/site-packages/airflow/example_dags/example_task_group_decorator.py took 0.331 seconds
[2022-08-11 19:55:46,726] {processor.py:153} INFO - Started process (PID=1391) to work on /home/airflow/.local/lib/python3.7/site-packages/airflow/example_dags/example_task_group_decorator.py
[2022-08-11 19:55:46,728] {processor.py:641} INFO - Processing file /home/airflow/.local/lib/python3.7/site-packages/airflow/example_dags/example_task_group_decorator.py for tasks to queue
[2022-08-11 19:55:46,729] {logging_mixin.py:115} INFO - [2022-08-11 19:55:46,729] {dagbag.py:508} INFO - Filling up the DagBag from /home/airflow/.local/lib/python3.7/site-packages/airflow/example_dags/example_task_group_decorator.py
[2022-08-11 19:55:46,829] {processor.py:651} INFO - DAG(s) dict_keys(['example_task_group_decorator']) retrieved from /home/airflow/.local/lib/python3.7/site-packages/airflow/example_dags/example_task_group_decorator.py
[2022-08-11 19:55:46,872] {logging_mixin.py:115} INFO - [2022-08-11 19:55:46,871] {dag.py:2420} INFO - Sync 1 DAGs
[2022-08-11 19:55:46,885] {logging_mixin.py:115} INFO - [2022-08-11 19:55:46,885] {dag.py:2972} INFO - Setting next_dagrun for example_task_group_decorator to 2022-08-10T19:55:46.885182+00:00, run_after=2022-08-11T19:55:46.885182+00:00
[2022-08-11 19:55:46,896] {processor.py:161} INFO - Processing /home/airflow/.local/lib/python3.7/site-packages/airflow/example_dags/example_task_group_decorator.py took 0.172 seconds
