[2022-08-11 19:44:29,823] {processor.py:153} INFO - Started process (PID=71) to work on /home/airflow/.local/lib/python3.7/site-packages/airflow/example_dags/example_branch_datetime_operator.py
[2022-08-11 19:44:29,826] {processor.py:641} INFO - Processing file /home/airflow/.local/lib/python3.7/site-packages/airflow/example_dags/example_branch_datetime_operator.py for tasks to queue
[2022-08-11 19:44:29,828] {logging_mixin.py:115} INFO - [2022-08-11 19:44:29,828] {dagbag.py:508} INFO - Filling up the DagBag from /home/airflow/.local/lib/python3.7/site-packages/airflow/example_dags/example_branch_datetime_operator.py
[2022-08-11 19:44:29,838] {processor.py:651} INFO - DAG(s) dict_keys(['example_branch_datetime_operator', 'example_branch_datetime_operator_2']) retrieved from /home/airflow/.local/lib/python3.7/site-packages/airflow/example_dags/example_branch_datetime_operator.py
[2022-08-11 19:44:29,872] {logging_mixin.py:115} INFO - [2022-08-11 19:44:29,872] {dag.py:2420} INFO - Sync 2 DAGs
[2022-08-11 19:44:30,058] {logging_mixin.py:115} INFO - [2022-08-11 19:44:30,058] {dag.py:2972} INFO - Setting next_dagrun for example_branch_datetime_operator to 2022-08-10T00:00:00+00:00, run_after=2022-08-11T00:00:00+00:00
[2022-08-11 19:44:30,062] {logging_mixin.py:115} INFO - [2022-08-11 19:44:30,062] {dag.py:2972} INFO - Setting next_dagrun for example_branch_datetime_operator_2 to 2022-08-10T00:00:00+00:00, run_after=2022-08-11T00:00:00+00:00
[2022-08-11 19:44:30,072] {processor.py:161} INFO - Processing /home/airflow/.local/lib/python3.7/site-packages/airflow/example_dags/example_branch_datetime_operator.py took 0.252 seconds
[2022-08-11 19:45:00,409] {processor.py:153} INFO - Started process (PID=133) to work on /home/airflow/.local/lib/python3.7/site-packages/airflow/example_dags/example_branch_datetime_operator.py
[2022-08-11 19:45:00,411] {processor.py:641} INFO - Processing file /home/airflow/.local/lib/python3.7/site-packages/airflow/example_dags/example_branch_datetime_operator.py for tasks to queue
[2022-08-11 19:45:00,412] {logging_mixin.py:115} INFO - [2022-08-11 19:45:00,412] {dagbag.py:508} INFO - Filling up the DagBag from /home/airflow/.local/lib/python3.7/site-packages/airflow/example_dags/example_branch_datetime_operator.py
[2022-08-11 19:45:00,420] {processor.py:651} INFO - DAG(s) dict_keys(['example_branch_datetime_operator', 'example_branch_datetime_operator_2']) retrieved from /home/airflow/.local/lib/python3.7/site-packages/airflow/example_dags/example_branch_datetime_operator.py
[2022-08-11 19:45:00,450] {logging_mixin.py:115} INFO - [2022-08-11 19:45:00,450] {dag.py:2420} INFO - Sync 2 DAGs
[2022-08-11 19:45:01,451] {logging_mixin.py:115} INFO - [2022-08-11 19:45:01,451] {dag.py:2972} INFO - Setting next_dagrun for example_branch_datetime_operator to 2022-08-10T00:00:00+00:00, run_after=2022-08-11T00:00:00+00:00
[2022-08-11 19:45:01,458] {logging_mixin.py:115} INFO - [2022-08-11 19:45:01,458] {dag.py:2972} INFO - Setting next_dagrun for example_branch_datetime_operator_2 to 2022-08-10T00:00:00+00:00, run_after=2022-08-11T00:00:00+00:00
[2022-08-11 19:45:01,489] {processor.py:161} INFO - Processing /home/airflow/.local/lib/python3.7/site-packages/airflow/example_dags/example_branch_datetime_operator.py took 1.083 seconds
[2022-08-11 19:45:31,629] {processor.py:153} INFO - Started process (PID=187) to work on /home/airflow/.local/lib/python3.7/site-packages/airflow/example_dags/example_branch_datetime_operator.py
[2022-08-11 19:45:31,631] {processor.py:641} INFO - Processing file /home/airflow/.local/lib/python3.7/site-packages/airflow/example_dags/example_branch_datetime_operator.py for tasks to queue
[2022-08-11 19:45:31,633] {logging_mixin.py:115} INFO - [2022-08-11 19:45:31,633] {dagbag.py:508} INFO - Filling up the DagBag from /home/airflow/.local/lib/python3.7/site-packages/airflow/example_dags/example_branch_datetime_operator.py
[2022-08-11 19:45:31,639] {processor.py:651} INFO - DAG(s) dict_keys(['example_branch_datetime_operator', 'example_branch_datetime_operator_2']) retrieved from /home/airflow/.local/lib/python3.7/site-packages/airflow/example_dags/example_branch_datetime_operator.py
[2022-08-11 19:45:31,663] {logging_mixin.py:115} INFO - [2022-08-11 19:45:31,663] {dag.py:2420} INFO - Sync 2 DAGs
[2022-08-11 19:45:31,763] {logging_mixin.py:115} INFO - [2022-08-11 19:45:31,763] {dag.py:2972} INFO - Setting next_dagrun for example_branch_datetime_operator to 2022-08-10T00:00:00+00:00, run_after=2022-08-11T00:00:00+00:00
[2022-08-11 19:45:31,767] {logging_mixin.py:115} INFO - [2022-08-11 19:45:31,767] {dag.py:2972} INFO - Setting next_dagrun for example_branch_datetime_operator_2 to 2022-08-10T00:00:00+00:00, run_after=2022-08-11T00:00:00+00:00
[2022-08-11 19:45:31,777] {processor.py:161} INFO - Processing /home/airflow/.local/lib/python3.7/site-packages/airflow/example_dags/example_branch_datetime_operator.py took 0.150 seconds
[2022-08-11 19:46:02,355] {processor.py:153} INFO - Started process (PID=251) to work on /home/airflow/.local/lib/python3.7/site-packages/airflow/example_dags/example_branch_datetime_operator.py
[2022-08-11 19:46:02,356] {processor.py:641} INFO - Processing file /home/airflow/.local/lib/python3.7/site-packages/airflow/example_dags/example_branch_datetime_operator.py for tasks to queue
[2022-08-11 19:46:02,357] {logging_mixin.py:115} INFO - [2022-08-11 19:46:02,357] {dagbag.py:508} INFO - Filling up the DagBag from /home/airflow/.local/lib/python3.7/site-packages/airflow/example_dags/example_branch_datetime_operator.py
[2022-08-11 19:46:02,364] {processor.py:651} INFO - DAG(s) dict_keys(['example_branch_datetime_operator', 'example_branch_datetime_operator_2']) retrieved from /home/airflow/.local/lib/python3.7/site-packages/airflow/example_dags/example_branch_datetime_operator.py
[2022-08-11 19:46:02,386] {logging_mixin.py:115} INFO - [2022-08-11 19:46:02,386] {dag.py:2420} INFO - Sync 2 DAGs
[2022-08-11 19:46:02,532] {logging_mixin.py:115} INFO - [2022-08-11 19:46:02,532] {dag.py:2972} INFO - Setting next_dagrun for example_branch_datetime_operator to 2022-08-10T00:00:00+00:00, run_after=2022-08-11T00:00:00+00:00
[2022-08-11 19:46:02,535] {logging_mixin.py:115} INFO - [2022-08-11 19:46:02,535] {dag.py:2972} INFO - Setting next_dagrun for example_branch_datetime_operator_2 to 2022-08-10T00:00:00+00:00, run_after=2022-08-11T00:00:00+00:00
[2022-08-11 19:46:02,546] {processor.py:161} INFO - Processing /home/airflow/.local/lib/python3.7/site-packages/airflow/example_dags/example_branch_datetime_operator.py took 0.195 seconds
[2022-08-11 19:46:33,458] {processor.py:153} INFO - Started process (PID=313) to work on /home/airflow/.local/lib/python3.7/site-packages/airflow/example_dags/example_branch_datetime_operator.py
[2022-08-11 19:46:33,460] {processor.py:641} INFO - Processing file /home/airflow/.local/lib/python3.7/site-packages/airflow/example_dags/example_branch_datetime_operator.py for tasks to queue
[2022-08-11 19:46:33,462] {logging_mixin.py:115} INFO - [2022-08-11 19:46:33,462] {dagbag.py:508} INFO - Filling up the DagBag from /home/airflow/.local/lib/python3.7/site-packages/airflow/example_dags/example_branch_datetime_operator.py
[2022-08-11 19:46:33,478] {processor.py:651} INFO - DAG(s) dict_keys(['example_branch_datetime_operator', 'example_branch_datetime_operator_2']) retrieved from /home/airflow/.local/lib/python3.7/site-packages/airflow/example_dags/example_branch_datetime_operator.py
[2022-08-11 19:46:33,533] {logging_mixin.py:115} INFO - [2022-08-11 19:46:33,533] {dag.py:2420} INFO - Sync 2 DAGs
[2022-08-11 19:46:33,674] {logging_mixin.py:115} INFO - [2022-08-11 19:46:33,674] {dag.py:2972} INFO - Setting next_dagrun for example_branch_datetime_operator to 2022-08-10T00:00:00+00:00, run_after=2022-08-11T00:00:00+00:00
[2022-08-11 19:46:33,677] {logging_mixin.py:115} INFO - [2022-08-11 19:46:33,677] {dag.py:2972} INFO - Setting next_dagrun for example_branch_datetime_operator_2 to 2022-08-10T00:00:00+00:00, run_after=2022-08-11T00:00:00+00:00
[2022-08-11 19:46:33,684] {processor.py:161} INFO - Processing /home/airflow/.local/lib/python3.7/site-packages/airflow/example_dags/example_branch_datetime_operator.py took 0.241 seconds
[2022-08-11 19:47:04,317] {processor.py:153} INFO - Started process (PID=376) to work on /home/airflow/.local/lib/python3.7/site-packages/airflow/example_dags/example_branch_datetime_operator.py
[2022-08-11 19:47:04,319] {processor.py:641} INFO - Processing file /home/airflow/.local/lib/python3.7/site-packages/airflow/example_dags/example_branch_datetime_operator.py for tasks to queue
[2022-08-11 19:47:04,321] {logging_mixin.py:115} INFO - [2022-08-11 19:47:04,321] {dagbag.py:508} INFO - Filling up the DagBag from /home/airflow/.local/lib/python3.7/site-packages/airflow/example_dags/example_branch_datetime_operator.py
[2022-08-11 19:47:04,331] {processor.py:651} INFO - DAG(s) dict_keys(['example_branch_datetime_operator', 'example_branch_datetime_operator_2']) retrieved from /home/airflow/.local/lib/python3.7/site-packages/airflow/example_dags/example_branch_datetime_operator.py
[2022-08-11 19:47:04,358] {logging_mixin.py:115} INFO - [2022-08-11 19:47:04,358] {dag.py:2420} INFO - Sync 2 DAGs
[2022-08-11 19:47:04,478] {logging_mixin.py:115} INFO - [2022-08-11 19:47:04,477] {dag.py:2972} INFO - Setting next_dagrun for example_branch_datetime_operator to 2022-08-10T00:00:00+00:00, run_after=2022-08-11T00:00:00+00:00
[2022-08-11 19:47:04,480] {logging_mixin.py:115} INFO - [2022-08-11 19:47:04,480] {dag.py:2972} INFO - Setting next_dagrun for example_branch_datetime_operator_2 to 2022-08-10T00:00:00+00:00, run_after=2022-08-11T00:00:00+00:00
[2022-08-11 19:47:04,489] {processor.py:161} INFO - Processing /home/airflow/.local/lib/python3.7/site-packages/airflow/example_dags/example_branch_datetime_operator.py took 0.175 seconds
[2022-08-11 19:47:34,783] {processor.py:153} INFO - Started process (PID=429) to work on /home/airflow/.local/lib/python3.7/site-packages/airflow/example_dags/example_branch_datetime_operator.py
[2022-08-11 19:47:34,785] {processor.py:641} INFO - Processing file /home/airflow/.local/lib/python3.7/site-packages/airflow/example_dags/example_branch_datetime_operator.py for tasks to queue
[2022-08-11 19:47:34,787] {logging_mixin.py:115} INFO - [2022-08-11 19:47:34,787] {dagbag.py:508} INFO - Filling up the DagBag from /home/airflow/.local/lib/python3.7/site-packages/airflow/example_dags/example_branch_datetime_operator.py
[2022-08-11 19:47:34,798] {processor.py:651} INFO - DAG(s) dict_keys(['example_branch_datetime_operator', 'example_branch_datetime_operator_2']) retrieved from /home/airflow/.local/lib/python3.7/site-packages/airflow/example_dags/example_branch_datetime_operator.py
[2022-08-11 19:47:34,834] {logging_mixin.py:115} INFO - [2022-08-11 19:47:34,834] {dag.py:2420} INFO - Sync 2 DAGs
[2022-08-11 19:47:35,084] {logging_mixin.py:115} INFO - [2022-08-11 19:47:35,084] {dag.py:2972} INFO - Setting next_dagrun for example_branch_datetime_operator to 2022-08-10T00:00:00+00:00, run_after=2022-08-11T00:00:00+00:00
[2022-08-11 19:47:35,090] {logging_mixin.py:115} INFO - [2022-08-11 19:47:35,090] {dag.py:2972} INFO - Setting next_dagrun for example_branch_datetime_operator_2 to 2022-08-10T00:00:00+00:00, run_after=2022-08-11T00:00:00+00:00
[2022-08-11 19:47:35,102] {processor.py:161} INFO - Processing /home/airflow/.local/lib/python3.7/site-packages/airflow/example_dags/example_branch_datetime_operator.py took 0.324 seconds
[2022-08-11 19:48:05,344] {processor.py:153} INFO - Started process (PID=493) to work on /home/airflow/.local/lib/python3.7/site-packages/airflow/example_dags/example_branch_datetime_operator.py
[2022-08-11 19:48:05,346] {processor.py:641} INFO - Processing file /home/airflow/.local/lib/python3.7/site-packages/airflow/example_dags/example_branch_datetime_operator.py for tasks to queue
[2022-08-11 19:48:05,348] {logging_mixin.py:115} INFO - [2022-08-11 19:48:05,348] {dagbag.py:508} INFO - Filling up the DagBag from /home/airflow/.local/lib/python3.7/site-packages/airflow/example_dags/example_branch_datetime_operator.py
[2022-08-11 19:48:05,359] {processor.py:651} INFO - DAG(s) dict_keys(['example_branch_datetime_operator', 'example_branch_datetime_operator_2']) retrieved from /home/airflow/.local/lib/python3.7/site-packages/airflow/example_dags/example_branch_datetime_operator.py
[2022-08-11 19:48:05,390] {logging_mixin.py:115} INFO - [2022-08-11 19:48:05,390] {dag.py:2420} INFO - Sync 2 DAGs
[2022-08-11 19:48:05,522] {logging_mixin.py:115} INFO - [2022-08-11 19:48:05,522] {dag.py:2972} INFO - Setting next_dagrun for example_branch_datetime_operator to 2022-08-10T00:00:00+00:00, run_after=2022-08-11T00:00:00+00:00
[2022-08-11 19:48:05,524] {logging_mixin.py:115} INFO - [2022-08-11 19:48:05,524] {dag.py:2972} INFO - Setting next_dagrun for example_branch_datetime_operator_2 to 2022-08-10T00:00:00+00:00, run_after=2022-08-11T00:00:00+00:00
[2022-08-11 19:48:05,534] {processor.py:161} INFO - Processing /home/airflow/.local/lib/python3.7/site-packages/airflow/example_dags/example_branch_datetime_operator.py took 0.195 seconds
[2022-08-11 19:48:35,884] {processor.py:153} INFO - Started process (PID=556) to work on /home/airflow/.local/lib/python3.7/site-packages/airflow/example_dags/example_branch_datetime_operator.py
[2022-08-11 19:48:35,886] {processor.py:641} INFO - Processing file /home/airflow/.local/lib/python3.7/site-packages/airflow/example_dags/example_branch_datetime_operator.py for tasks to queue
[2022-08-11 19:48:35,887] {logging_mixin.py:115} INFO - [2022-08-11 19:48:35,887] {dagbag.py:508} INFO - Filling up the DagBag from /home/airflow/.local/lib/python3.7/site-packages/airflow/example_dags/example_branch_datetime_operator.py
[2022-08-11 19:48:35,899] {processor.py:651} INFO - DAG(s) dict_keys(['example_branch_datetime_operator', 'example_branch_datetime_operator_2']) retrieved from /home/airflow/.local/lib/python3.7/site-packages/airflow/example_dags/example_branch_datetime_operator.py
[2022-08-11 19:48:35,933] {logging_mixin.py:115} INFO - [2022-08-11 19:48:35,933] {dag.py:2420} INFO - Sync 2 DAGs
[2022-08-11 19:48:36,368] {logging_mixin.py:115} INFO - [2022-08-11 19:48:36,366] {dag.py:2972} INFO - Setting next_dagrun for example_branch_datetime_operator to 2022-08-10T00:00:00+00:00, run_after=2022-08-11T00:00:00+00:00
[2022-08-11 19:48:36,374] {logging_mixin.py:115} INFO - [2022-08-11 19:48:36,374] {dag.py:2972} INFO - Setting next_dagrun for example_branch_datetime_operator_2 to 2022-08-10T00:00:00+00:00, run_after=2022-08-11T00:00:00+00:00
[2022-08-11 19:48:36,409] {processor.py:161} INFO - Processing /home/airflow/.local/lib/python3.7/site-packages/airflow/example_dags/example_branch_datetime_operator.py took 0.529 seconds
[2022-08-11 19:49:07,164] {processor.py:153} INFO - Started process (PID=619) to work on /home/airflow/.local/lib/python3.7/site-packages/airflow/example_dags/example_branch_datetime_operator.py
[2022-08-11 19:49:07,171] {processor.py:641} INFO - Processing file /home/airflow/.local/lib/python3.7/site-packages/airflow/example_dags/example_branch_datetime_operator.py for tasks to queue
[2022-08-11 19:49:07,175] {logging_mixin.py:115} INFO - [2022-08-11 19:49:07,175] {dagbag.py:508} INFO - Filling up the DagBag from /home/airflow/.local/lib/python3.7/site-packages/airflow/example_dags/example_branch_datetime_operator.py
[2022-08-11 19:49:07,191] {processor.py:651} INFO - DAG(s) dict_keys(['example_branch_datetime_operator', 'example_branch_datetime_operator_2']) retrieved from /home/airflow/.local/lib/python3.7/site-packages/airflow/example_dags/example_branch_datetime_operator.py
[2022-08-11 19:49:07,258] {logging_mixin.py:115} INFO - [2022-08-11 19:49:07,258] {dag.py:2420} INFO - Sync 2 DAGs
[2022-08-11 19:49:07,474] {logging_mixin.py:115} INFO - [2022-08-11 19:49:07,474] {dag.py:2972} INFO - Setting next_dagrun for example_branch_datetime_operator to 2022-08-10T00:00:00+00:00, run_after=2022-08-11T00:00:00+00:00
[2022-08-11 19:49:07,477] {logging_mixin.py:115} INFO - [2022-08-11 19:49:07,477] {dag.py:2972} INFO - Setting next_dagrun for example_branch_datetime_operator_2 to 2022-08-10T00:00:00+00:00, run_after=2022-08-11T00:00:00+00:00
[2022-08-11 19:49:07,488] {processor.py:161} INFO - Processing /home/airflow/.local/lib/python3.7/site-packages/airflow/example_dags/example_branch_datetime_operator.py took 0.334 seconds
[2022-08-11 19:49:37,695] {processor.py:153} INFO - Started process (PID=674) to work on /home/airflow/.local/lib/python3.7/site-packages/airflow/example_dags/example_branch_datetime_operator.py
[2022-08-11 19:49:37,703] {processor.py:641} INFO - Processing file /home/airflow/.local/lib/python3.7/site-packages/airflow/example_dags/example_branch_datetime_operator.py for tasks to queue
[2022-08-11 19:49:37,710] {logging_mixin.py:115} INFO - [2022-08-11 19:49:37,710] {dagbag.py:508} INFO - Filling up the DagBag from /home/airflow/.local/lib/python3.7/site-packages/airflow/example_dags/example_branch_datetime_operator.py
[2022-08-11 19:49:37,755] {processor.py:651} INFO - DAG(s) dict_keys(['example_branch_datetime_operator', 'example_branch_datetime_operator_2']) retrieved from /home/airflow/.local/lib/python3.7/site-packages/airflow/example_dags/example_branch_datetime_operator.py
[2022-08-11 19:49:37,846] {logging_mixin.py:115} INFO - [2022-08-11 19:49:37,846] {dag.py:2420} INFO - Sync 2 DAGs
[2022-08-11 19:49:38,112] {logging_mixin.py:115} INFO - [2022-08-11 19:49:38,112] {dag.py:2972} INFO - Setting next_dagrun for example_branch_datetime_operator to 2022-08-10T00:00:00+00:00, run_after=2022-08-11T00:00:00+00:00
[2022-08-11 19:49:38,115] {logging_mixin.py:115} INFO - [2022-08-11 19:49:38,115] {dag.py:2972} INFO - Setting next_dagrun for example_branch_datetime_operator_2 to 2022-08-10T00:00:00+00:00, run_after=2022-08-11T00:00:00+00:00
[2022-08-11 19:49:38,124] {processor.py:161} INFO - Processing /home/airflow/.local/lib/python3.7/site-packages/airflow/example_dags/example_branch_datetime_operator.py took 0.449 seconds
[2022-08-11 19:50:08,437] {processor.py:153} INFO - Started process (PID=736) to work on /home/airflow/.local/lib/python3.7/site-packages/airflow/example_dags/example_branch_datetime_operator.py
[2022-08-11 19:50:08,441] {processor.py:641} INFO - Processing file /home/airflow/.local/lib/python3.7/site-packages/airflow/example_dags/example_branch_datetime_operator.py for tasks to queue
[2022-08-11 19:50:08,443] {logging_mixin.py:115} INFO - [2022-08-11 19:50:08,443] {dagbag.py:508} INFO - Filling up the DagBag from /home/airflow/.local/lib/python3.7/site-packages/airflow/example_dags/example_branch_datetime_operator.py
[2022-08-11 19:50:08,475] {processor.py:651} INFO - DAG(s) dict_keys(['example_branch_datetime_operator', 'example_branch_datetime_operator_2']) retrieved from /home/airflow/.local/lib/python3.7/site-packages/airflow/example_dags/example_branch_datetime_operator.py
[2022-08-11 19:50:08,530] {logging_mixin.py:115} INFO - [2022-08-11 19:50:08,530] {dag.py:2420} INFO - Sync 2 DAGs
[2022-08-11 19:50:08,680] {logging_mixin.py:115} INFO - [2022-08-11 19:50:08,680] {dag.py:2972} INFO - Setting next_dagrun for example_branch_datetime_operator to 2022-08-10T00:00:00+00:00, run_after=2022-08-11T00:00:00+00:00
[2022-08-11 19:50:08,682] {logging_mixin.py:115} INFO - [2022-08-11 19:50:08,682] {dag.py:2972} INFO - Setting next_dagrun for example_branch_datetime_operator_2 to 2022-08-10T00:00:00+00:00, run_after=2022-08-11T00:00:00+00:00
[2022-08-11 19:50:08,696] {processor.py:161} INFO - Processing /home/airflow/.local/lib/python3.7/site-packages/airflow/example_dags/example_branch_datetime_operator.py took 0.267 seconds
[2022-08-11 19:50:38,872] {processor.py:153} INFO - Started process (PID=797) to work on /home/airflow/.local/lib/python3.7/site-packages/airflow/example_dags/example_branch_datetime_operator.py
[2022-08-11 19:50:38,874] {processor.py:641} INFO - Processing file /home/airflow/.local/lib/python3.7/site-packages/airflow/example_dags/example_branch_datetime_operator.py for tasks to queue
[2022-08-11 19:50:38,875] {logging_mixin.py:115} INFO - [2022-08-11 19:50:38,875] {dagbag.py:508} INFO - Filling up the DagBag from /home/airflow/.local/lib/python3.7/site-packages/airflow/example_dags/example_branch_datetime_operator.py
[2022-08-11 19:50:38,884] {processor.py:651} INFO - DAG(s) dict_keys(['example_branch_datetime_operator', 'example_branch_datetime_operator_2']) retrieved from /home/airflow/.local/lib/python3.7/site-packages/airflow/example_dags/example_branch_datetime_operator.py
[2022-08-11 19:50:38,909] {logging_mixin.py:115} INFO - [2022-08-11 19:50:38,909] {dag.py:2420} INFO - Sync 2 DAGs
[2022-08-11 19:50:39,057] {logging_mixin.py:115} INFO - [2022-08-11 19:50:39,057] {dag.py:2972} INFO - Setting next_dagrun for example_branch_datetime_operator to 2022-08-10T00:00:00+00:00, run_after=2022-08-11T00:00:00+00:00
[2022-08-11 19:50:39,059] {logging_mixin.py:115} INFO - [2022-08-11 19:50:39,059] {dag.py:2972} INFO - Setting next_dagrun for example_branch_datetime_operator_2 to 2022-08-10T00:00:00+00:00, run_after=2022-08-11T00:00:00+00:00
[2022-08-11 19:50:39,070] {processor.py:161} INFO - Processing /home/airflow/.local/lib/python3.7/site-packages/airflow/example_dags/example_branch_datetime_operator.py took 0.201 seconds
[2022-08-11 19:51:09,861] {processor.py:153} INFO - Started process (PID=860) to work on /home/airflow/.local/lib/python3.7/site-packages/airflow/example_dags/example_branch_datetime_operator.py
[2022-08-11 19:51:09,862] {processor.py:641} INFO - Processing file /home/airflow/.local/lib/python3.7/site-packages/airflow/example_dags/example_branch_datetime_operator.py for tasks to queue
[2022-08-11 19:51:09,864] {logging_mixin.py:115} INFO - [2022-08-11 19:51:09,864] {dagbag.py:508} INFO - Filling up the DagBag from /home/airflow/.local/lib/python3.7/site-packages/airflow/example_dags/example_branch_datetime_operator.py
[2022-08-11 19:51:09,870] {processor.py:651} INFO - DAG(s) dict_keys(['example_branch_datetime_operator', 'example_branch_datetime_operator_2']) retrieved from /home/airflow/.local/lib/python3.7/site-packages/airflow/example_dags/example_branch_datetime_operator.py
[2022-08-11 19:51:09,894] {logging_mixin.py:115} INFO - [2022-08-11 19:51:09,894] {dag.py:2420} INFO - Sync 2 DAGs
[2022-08-11 19:51:10,076] {logging_mixin.py:115} INFO - [2022-08-11 19:51:10,076] {dag.py:2972} INFO - Setting next_dagrun for example_branch_datetime_operator to 2022-08-10T00:00:00+00:00, run_after=2022-08-11T00:00:00+00:00
[2022-08-11 19:51:10,078] {logging_mixin.py:115} INFO - [2022-08-11 19:51:10,078] {dag.py:2972} INFO - Setting next_dagrun for example_branch_datetime_operator_2 to 2022-08-10T00:00:00+00:00, run_after=2022-08-11T00:00:00+00:00
[2022-08-11 19:51:10,088] {processor.py:161} INFO - Processing /home/airflow/.local/lib/python3.7/site-packages/airflow/example_dags/example_branch_datetime_operator.py took 0.230 seconds
[2022-08-11 19:51:41,183] {processor.py:153} INFO - Started process (PID=913) to work on /home/airflow/.local/lib/python3.7/site-packages/airflow/example_dags/example_branch_datetime_operator.py
[2022-08-11 19:51:41,185] {processor.py:641} INFO - Processing file /home/airflow/.local/lib/python3.7/site-packages/airflow/example_dags/example_branch_datetime_operator.py for tasks to queue
[2022-08-11 19:51:41,186] {logging_mixin.py:115} INFO - [2022-08-11 19:51:41,186] {dagbag.py:508} INFO - Filling up the DagBag from /home/airflow/.local/lib/python3.7/site-packages/airflow/example_dags/example_branch_datetime_operator.py
[2022-08-11 19:51:41,195] {processor.py:651} INFO - DAG(s) dict_keys(['example_branch_datetime_operator', 'example_branch_datetime_operator_2']) retrieved from /home/airflow/.local/lib/python3.7/site-packages/airflow/example_dags/example_branch_datetime_operator.py
[2022-08-11 19:51:41,225] {logging_mixin.py:115} INFO - [2022-08-11 19:51:41,225] {dag.py:2420} INFO - Sync 2 DAGs
[2022-08-11 19:51:41,336] {logging_mixin.py:115} INFO - [2022-08-11 19:51:41,336] {dag.py:2972} INFO - Setting next_dagrun for example_branch_datetime_operator to 2022-08-10T00:00:00+00:00, run_after=2022-08-11T00:00:00+00:00
[2022-08-11 19:51:41,339] {logging_mixin.py:115} INFO - [2022-08-11 19:51:41,339] {dag.py:2972} INFO - Setting next_dagrun for example_branch_datetime_operator_2 to 2022-08-10T00:00:00+00:00, run_after=2022-08-11T00:00:00+00:00
[2022-08-11 19:51:41,350] {processor.py:161} INFO - Processing /home/airflow/.local/lib/python3.7/site-packages/airflow/example_dags/example_branch_datetime_operator.py took 0.169 seconds
[2022-08-11 19:52:12,266] {processor.py:153} INFO - Started process (PID=976) to work on /home/airflow/.local/lib/python3.7/site-packages/airflow/example_dags/example_branch_datetime_operator.py
[2022-08-11 19:52:12,268] {processor.py:641} INFO - Processing file /home/airflow/.local/lib/python3.7/site-packages/airflow/example_dags/example_branch_datetime_operator.py for tasks to queue
[2022-08-11 19:52:12,269] {logging_mixin.py:115} INFO - [2022-08-11 19:52:12,269] {dagbag.py:508} INFO - Filling up the DagBag from /home/airflow/.local/lib/python3.7/site-packages/airflow/example_dags/example_branch_datetime_operator.py
[2022-08-11 19:52:12,277] {processor.py:651} INFO - DAG(s) dict_keys(['example_branch_datetime_operator', 'example_branch_datetime_operator_2']) retrieved from /home/airflow/.local/lib/python3.7/site-packages/airflow/example_dags/example_branch_datetime_operator.py
[2022-08-11 19:52:12,305] {logging_mixin.py:115} INFO - [2022-08-11 19:52:12,305] {dag.py:2420} INFO - Sync 2 DAGs
[2022-08-11 19:52:12,422] {logging_mixin.py:115} INFO - [2022-08-11 19:52:12,422] {dag.py:2972} INFO - Setting next_dagrun for example_branch_datetime_operator to 2022-08-10T00:00:00+00:00, run_after=2022-08-11T00:00:00+00:00
[2022-08-11 19:52:12,424] {logging_mixin.py:115} INFO - [2022-08-11 19:52:12,424] {dag.py:2972} INFO - Setting next_dagrun for example_branch_datetime_operator_2 to 2022-08-10T00:00:00+00:00, run_after=2022-08-11T00:00:00+00:00
[2022-08-11 19:52:12,435] {processor.py:161} INFO - Processing /home/airflow/.local/lib/python3.7/site-packages/airflow/example_dags/example_branch_datetime_operator.py took 0.173 seconds
[2022-08-11 19:52:43,055] {processor.py:153} INFO - Started process (PID=1039) to work on /home/airflow/.local/lib/python3.7/site-packages/airflow/example_dags/example_branch_datetime_operator.py
[2022-08-11 19:52:43,057] {processor.py:641} INFO - Processing file /home/airflow/.local/lib/python3.7/site-packages/airflow/example_dags/example_branch_datetime_operator.py for tasks to queue
[2022-08-11 19:52:43,058] {logging_mixin.py:115} INFO - [2022-08-11 19:52:43,058] {dagbag.py:508} INFO - Filling up the DagBag from /home/airflow/.local/lib/python3.7/site-packages/airflow/example_dags/example_branch_datetime_operator.py
[2022-08-11 19:52:43,067] {processor.py:651} INFO - DAG(s) dict_keys(['example_branch_datetime_operator', 'example_branch_datetime_operator_2']) retrieved from /home/airflow/.local/lib/python3.7/site-packages/airflow/example_dags/example_branch_datetime_operator.py
[2022-08-11 19:52:43,100] {logging_mixin.py:115} INFO - [2022-08-11 19:52:43,100] {dag.py:2420} INFO - Sync 2 DAGs
[2022-08-11 19:52:43,256] {logging_mixin.py:115} INFO - [2022-08-11 19:52:43,256] {dag.py:2972} INFO - Setting next_dagrun for example_branch_datetime_operator to 2022-08-10T00:00:00+00:00, run_after=2022-08-11T00:00:00+00:00
[2022-08-11 19:52:43,263] {logging_mixin.py:115} INFO - [2022-08-11 19:52:43,263] {dag.py:2972} INFO - Setting next_dagrun for example_branch_datetime_operator_2 to 2022-08-10T00:00:00+00:00, run_after=2022-08-11T00:00:00+00:00
[2022-08-11 19:52:43,273] {processor.py:161} INFO - Processing /home/airflow/.local/lib/python3.7/site-packages/airflow/example_dags/example_branch_datetime_operator.py took 0.221 seconds
[2022-08-11 19:53:14,086] {processor.py:153} INFO - Started process (PID=1103) to work on /home/airflow/.local/lib/python3.7/site-packages/airflow/example_dags/example_branch_datetime_operator.py
[2022-08-11 19:53:14,087] {processor.py:641} INFO - Processing file /home/airflow/.local/lib/python3.7/site-packages/airflow/example_dags/example_branch_datetime_operator.py for tasks to queue
[2022-08-11 19:53:14,088] {logging_mixin.py:115} INFO - [2022-08-11 19:53:14,088] {dagbag.py:508} INFO - Filling up the DagBag from /home/airflow/.local/lib/python3.7/site-packages/airflow/example_dags/example_branch_datetime_operator.py
[2022-08-11 19:53:14,096] {processor.py:651} INFO - DAG(s) dict_keys(['example_branch_datetime_operator', 'example_branch_datetime_operator_2']) retrieved from /home/airflow/.local/lib/python3.7/site-packages/airflow/example_dags/example_branch_datetime_operator.py
[2022-08-11 19:53:14,139] {logging_mixin.py:115} INFO - [2022-08-11 19:53:14,139] {dag.py:2420} INFO - Sync 2 DAGs
[2022-08-11 19:53:14,305] {logging_mixin.py:115} INFO - [2022-08-11 19:53:14,305] {dag.py:2972} INFO - Setting next_dagrun for example_branch_datetime_operator to 2022-08-10T00:00:00+00:00, run_after=2022-08-11T00:00:00+00:00
[2022-08-11 19:53:14,308] {logging_mixin.py:115} INFO - [2022-08-11 19:53:14,308] {dag.py:2972} INFO - Setting next_dagrun for example_branch_datetime_operator_2 to 2022-08-10T00:00:00+00:00, run_after=2022-08-11T00:00:00+00:00
[2022-08-11 19:53:14,318] {processor.py:161} INFO - Processing /home/airflow/.local/lib/python3.7/site-packages/airflow/example_dags/example_branch_datetime_operator.py took 0.235 seconds
[2022-08-11 19:53:44,432] {processor.py:153} INFO - Started process (PID=1163) to work on /home/airflow/.local/lib/python3.7/site-packages/airflow/example_dags/example_branch_datetime_operator.py
[2022-08-11 19:53:44,433] {processor.py:641} INFO - Processing file /home/airflow/.local/lib/python3.7/site-packages/airflow/example_dags/example_branch_datetime_operator.py for tasks to queue
[2022-08-11 19:53:44,435] {logging_mixin.py:115} INFO - [2022-08-11 19:53:44,434] {dagbag.py:508} INFO - Filling up the DagBag from /home/airflow/.local/lib/python3.7/site-packages/airflow/example_dags/example_branch_datetime_operator.py
[2022-08-11 19:53:44,442] {processor.py:651} INFO - DAG(s) dict_keys(['example_branch_datetime_operator', 'example_branch_datetime_operator_2']) retrieved from /home/airflow/.local/lib/python3.7/site-packages/airflow/example_dags/example_branch_datetime_operator.py
[2022-08-11 19:53:44,470] {logging_mixin.py:115} INFO - [2022-08-11 19:53:44,470] {dag.py:2420} INFO - Sync 2 DAGs
[2022-08-11 19:53:44,641] {logging_mixin.py:115} INFO - [2022-08-11 19:53:44,641] {dag.py:2972} INFO - Setting next_dagrun for example_branch_datetime_operator to 2022-08-10T00:00:00+00:00, run_after=2022-08-11T00:00:00+00:00
[2022-08-11 19:53:44,644] {logging_mixin.py:115} INFO - [2022-08-11 19:53:44,644] {dag.py:2972} INFO - Setting next_dagrun for example_branch_datetime_operator_2 to 2022-08-10T00:00:00+00:00, run_after=2022-08-11T00:00:00+00:00
[2022-08-11 19:53:44,655] {processor.py:161} INFO - Processing /home/airflow/.local/lib/python3.7/site-packages/airflow/example_dags/example_branch_datetime_operator.py took 0.227 seconds
[2022-08-11 19:54:15,135] {processor.py:153} INFO - Started process (PID=1219) to work on /home/airflow/.local/lib/python3.7/site-packages/airflow/example_dags/example_branch_datetime_operator.py
[2022-08-11 19:54:15,137] {processor.py:641} INFO - Processing file /home/airflow/.local/lib/python3.7/site-packages/airflow/example_dags/example_branch_datetime_operator.py for tasks to queue
[2022-08-11 19:54:15,138] {logging_mixin.py:115} INFO - [2022-08-11 19:54:15,138] {dagbag.py:508} INFO - Filling up the DagBag from /home/airflow/.local/lib/python3.7/site-packages/airflow/example_dags/example_branch_datetime_operator.py
[2022-08-11 19:54:15,144] {processor.py:651} INFO - DAG(s) dict_keys(['example_branch_datetime_operator', 'example_branch_datetime_operator_2']) retrieved from /home/airflow/.local/lib/python3.7/site-packages/airflow/example_dags/example_branch_datetime_operator.py
[2022-08-11 19:54:15,166] {logging_mixin.py:115} INFO - [2022-08-11 19:54:15,166] {dag.py:2420} INFO - Sync 2 DAGs
[2022-08-11 19:54:15,262] {logging_mixin.py:115} INFO - [2022-08-11 19:54:15,262] {dag.py:2972} INFO - Setting next_dagrun for example_branch_datetime_operator to 2022-08-10T00:00:00+00:00, run_after=2022-08-11T00:00:00+00:00
[2022-08-11 19:54:15,264] {logging_mixin.py:115} INFO - [2022-08-11 19:54:15,264] {dag.py:2972} INFO - Setting next_dagrun for example_branch_datetime_operator_2 to 2022-08-10T00:00:00+00:00, run_after=2022-08-11T00:00:00+00:00
[2022-08-11 19:54:15,273] {processor.py:161} INFO - Processing /home/airflow/.local/lib/python3.7/site-packages/airflow/example_dags/example_branch_datetime_operator.py took 0.143 seconds
[2022-08-11 19:54:46,188] {processor.py:153} INFO - Started process (PID=1282) to work on /home/airflow/.local/lib/python3.7/site-packages/airflow/example_dags/example_branch_datetime_operator.py
[2022-08-11 19:54:46,200] {processor.py:641} INFO - Processing file /home/airflow/.local/lib/python3.7/site-packages/airflow/example_dags/example_branch_datetime_operator.py for tasks to queue
[2022-08-11 19:54:46,202] {logging_mixin.py:115} INFO - [2022-08-11 19:54:46,202] {dagbag.py:508} INFO - Filling up the DagBag from /home/airflow/.local/lib/python3.7/site-packages/airflow/example_dags/example_branch_datetime_operator.py
[2022-08-11 19:54:46,210] {processor.py:651} INFO - DAG(s) dict_keys(['example_branch_datetime_operator', 'example_branch_datetime_operator_2']) retrieved from /home/airflow/.local/lib/python3.7/site-packages/airflow/example_dags/example_branch_datetime_operator.py
[2022-08-11 19:54:46,238] {logging_mixin.py:115} INFO - [2022-08-11 19:54:46,238] {dag.py:2420} INFO - Sync 2 DAGs
[2022-08-11 19:54:46,357] {logging_mixin.py:115} INFO - [2022-08-11 19:54:46,357] {dag.py:2972} INFO - Setting next_dagrun for example_branch_datetime_operator to 2022-08-10T00:00:00+00:00, run_after=2022-08-11T00:00:00+00:00
[2022-08-11 19:54:46,360] {logging_mixin.py:115} INFO - [2022-08-11 19:54:46,360] {dag.py:2972} INFO - Setting next_dagrun for example_branch_datetime_operator_2 to 2022-08-10T00:00:00+00:00, run_after=2022-08-11T00:00:00+00:00
[2022-08-11 19:54:46,370] {processor.py:161} INFO - Processing /home/airflow/.local/lib/python3.7/site-packages/airflow/example_dags/example_branch_datetime_operator.py took 0.184 seconds
[2022-08-11 19:55:16,944] {processor.py:153} INFO - Started process (PID=1345) to work on /home/airflow/.local/lib/python3.7/site-packages/airflow/example_dags/example_branch_datetime_operator.py
[2022-08-11 19:55:16,946] {processor.py:641} INFO - Processing file /home/airflow/.local/lib/python3.7/site-packages/airflow/example_dags/example_branch_datetime_operator.py for tasks to queue
[2022-08-11 19:55:16,947] {logging_mixin.py:115} INFO - [2022-08-11 19:55:16,947] {dagbag.py:508} INFO - Filling up the DagBag from /home/airflow/.local/lib/python3.7/site-packages/airflow/example_dags/example_branch_datetime_operator.py
[2022-08-11 19:55:16,954] {processor.py:651} INFO - DAG(s) dict_keys(['example_branch_datetime_operator', 'example_branch_datetime_operator_2']) retrieved from /home/airflow/.local/lib/python3.7/site-packages/airflow/example_dags/example_branch_datetime_operator.py
[2022-08-11 19:55:16,982] {logging_mixin.py:115} INFO - [2022-08-11 19:55:16,982] {dag.py:2420} INFO - Sync 2 DAGs
[2022-08-11 19:55:17,097] {logging_mixin.py:115} INFO - [2022-08-11 19:55:17,097] {dag.py:2972} INFO - Setting next_dagrun for example_branch_datetime_operator to 2022-08-10T00:00:00+00:00, run_after=2022-08-11T00:00:00+00:00
[2022-08-11 19:55:17,100] {logging_mixin.py:115} INFO - [2022-08-11 19:55:17,099] {dag.py:2972} INFO - Setting next_dagrun for example_branch_datetime_operator_2 to 2022-08-10T00:00:00+00:00, run_after=2022-08-11T00:00:00+00:00
[2022-08-11 19:55:17,111] {processor.py:161} INFO - Processing /home/airflow/.local/lib/python3.7/site-packages/airflow/example_dags/example_branch_datetime_operator.py took 0.170 seconds
[2022-08-11 19:55:47,583] {processor.py:153} INFO - Started process (PID=1399) to work on /home/airflow/.local/lib/python3.7/site-packages/airflow/example_dags/example_branch_datetime_operator.py
[2022-08-11 19:55:47,585] {processor.py:641} INFO - Processing file /home/airflow/.local/lib/python3.7/site-packages/airflow/example_dags/example_branch_datetime_operator.py for tasks to queue
[2022-08-11 19:55:47,586] {logging_mixin.py:115} INFO - [2022-08-11 19:55:47,586] {dagbag.py:508} INFO - Filling up the DagBag from /home/airflow/.local/lib/python3.7/site-packages/airflow/example_dags/example_branch_datetime_operator.py
[2022-08-11 19:55:47,595] {processor.py:651} INFO - DAG(s) dict_keys(['example_branch_datetime_operator', 'example_branch_datetime_operator_2']) retrieved from /home/airflow/.local/lib/python3.7/site-packages/airflow/example_dags/example_branch_datetime_operator.py
[2022-08-11 19:55:47,626] {logging_mixin.py:115} INFO - [2022-08-11 19:55:47,626] {dag.py:2420} INFO - Sync 2 DAGs
[2022-08-11 19:55:47,743] {logging_mixin.py:115} INFO - [2022-08-11 19:55:47,743] {dag.py:2972} INFO - Setting next_dagrun for example_branch_datetime_operator to 2022-08-10T00:00:00+00:00, run_after=2022-08-11T00:00:00+00:00
[2022-08-11 19:55:47,745] {logging_mixin.py:115} INFO - [2022-08-11 19:55:47,745] {dag.py:2972} INFO - Setting next_dagrun for example_branch_datetime_operator_2 to 2022-08-10T00:00:00+00:00, run_after=2022-08-11T00:00:00+00:00
[2022-08-11 19:55:47,757] {processor.py:161} INFO - Processing /home/airflow/.local/lib/python3.7/site-packages/airflow/example_dags/example_branch_datetime_operator.py took 0.177 seconds
