[2022-08-11 19:44:27,582] {processor.py:153} INFO - Started process (PID=59) to work on /home/airflow/.local/lib/python3.7/site-packages/airflow/example_dags/example_complex.py
[2022-08-11 19:44:27,586] {processor.py:641} INFO - Processing file /home/airflow/.local/lib/python3.7/site-packages/airflow/example_dags/example_complex.py for tasks to queue
[2022-08-11 19:44:27,588] {logging_mixin.py:115} INFO - [2022-08-11 19:44:27,588] {dagbag.py:508} INFO - Filling up the DagBag from /home/airflow/.local/lib/python3.7/site-packages/airflow/example_dags/example_complex.py
[2022-08-11 19:44:27,606] {processor.py:651} INFO - DAG(s) dict_keys(['example_complex']) retrieved from /home/airflow/.local/lib/python3.7/site-packages/airflow/example_dags/example_complex.py
[2022-08-11 19:44:27,665] {logging_mixin.py:115} INFO - [2022-08-11 19:44:27,665] {dag.py:2420} INFO - Sync 1 DAGs
[2022-08-11 19:44:27,878] {logging_mixin.py:115} INFO - [2022-08-11 19:44:27,878] {dag.py:2972} INFO - Setting next_dagrun for example_complex to None, run_after=None
[2022-08-11 19:44:27,912] {processor.py:161} INFO - Processing /home/airflow/.local/lib/python3.7/site-packages/airflow/example_dags/example_complex.py took 0.336 seconds
[2022-08-11 19:44:58,490] {processor.py:153} INFO - Started process (PID=113) to work on /home/airflow/.local/lib/python3.7/site-packages/airflow/example_dags/example_complex.py
[2022-08-11 19:44:58,492] {processor.py:641} INFO - Processing file /home/airflow/.local/lib/python3.7/site-packages/airflow/example_dags/example_complex.py for tasks to queue
[2022-08-11 19:44:58,493] {logging_mixin.py:115} INFO - [2022-08-11 19:44:58,493] {dagbag.py:508} INFO - Filling up the DagBag from /home/airflow/.local/lib/python3.7/site-packages/airflow/example_dags/example_complex.py
[2022-08-11 19:44:58,511] {processor.py:651} INFO - DAG(s) dict_keys(['example_complex']) retrieved from /home/airflow/.local/lib/python3.7/site-packages/airflow/example_dags/example_complex.py
[2022-08-11 19:44:58,550] {logging_mixin.py:115} INFO - [2022-08-11 19:44:58,549] {dag.py:2420} INFO - Sync 1 DAGs
[2022-08-11 19:44:58,690] {logging_mixin.py:115} INFO - [2022-08-11 19:44:58,690] {dag.py:2972} INFO - Setting next_dagrun for example_complex to None, run_after=None
[2022-08-11 19:44:58,703] {processor.py:161} INFO - Processing /home/airflow/.local/lib/python3.7/site-packages/airflow/example_dags/example_complex.py took 0.216 seconds
[2022-08-11 19:45:29,533] {processor.py:153} INFO - Started process (PID=175) to work on /home/airflow/.local/lib/python3.7/site-packages/airflow/example_dags/example_complex.py
[2022-08-11 19:45:29,544] {processor.py:641} INFO - Processing file /home/airflow/.local/lib/python3.7/site-packages/airflow/example_dags/example_complex.py for tasks to queue
[2022-08-11 19:45:29,546] {logging_mixin.py:115} INFO - [2022-08-11 19:45:29,545] {dagbag.py:508} INFO - Filling up the DagBag from /home/airflow/.local/lib/python3.7/site-packages/airflow/example_dags/example_complex.py
[2022-08-11 19:45:29,554] {processor.py:651} INFO - DAG(s) dict_keys(['example_complex']) retrieved from /home/airflow/.local/lib/python3.7/site-packages/airflow/example_dags/example_complex.py
[2022-08-11 19:45:29,582] {logging_mixin.py:115} INFO - [2022-08-11 19:45:29,581] {dag.py:2420} INFO - Sync 1 DAGs
[2022-08-11 19:45:29,676] {logging_mixin.py:115} INFO - [2022-08-11 19:45:29,676] {dag.py:2972} INFO - Setting next_dagrun for example_complex to None, run_after=None
[2022-08-11 19:45:29,686] {processor.py:161} INFO - Processing /home/airflow/.local/lib/python3.7/site-packages/airflow/example_dags/example_complex.py took 0.155 seconds
[2022-08-11 19:46:00,255] {processor.py:153} INFO - Started process (PID=239) to work on /home/airflow/.local/lib/python3.7/site-packages/airflow/example_dags/example_complex.py
[2022-08-11 19:46:00,256] {processor.py:641} INFO - Processing file /home/airflow/.local/lib/python3.7/site-packages/airflow/example_dags/example_complex.py for tasks to queue
[2022-08-11 19:46:00,258] {logging_mixin.py:115} INFO - [2022-08-11 19:46:00,258] {dagbag.py:508} INFO - Filling up the DagBag from /home/airflow/.local/lib/python3.7/site-packages/airflow/example_dags/example_complex.py
[2022-08-11 19:46:00,267] {processor.py:651} INFO - DAG(s) dict_keys(['example_complex']) retrieved from /home/airflow/.local/lib/python3.7/site-packages/airflow/example_dags/example_complex.py
[2022-08-11 19:46:00,291] {logging_mixin.py:115} INFO - [2022-08-11 19:46:00,290] {dag.py:2420} INFO - Sync 1 DAGs
[2022-08-11 19:46:00,387] {logging_mixin.py:115} INFO - [2022-08-11 19:46:00,386] {dag.py:2972} INFO - Setting next_dagrun for example_complex to None, run_after=None
[2022-08-11 19:46:00,394] {processor.py:161} INFO - Processing /home/airflow/.local/lib/python3.7/site-packages/airflow/example_dags/example_complex.py took 0.142 seconds
[2022-08-11 19:46:30,818] {processor.py:153} INFO - Started process (PID=301) to work on /home/airflow/.local/lib/python3.7/site-packages/airflow/example_dags/example_complex.py
[2022-08-11 19:46:30,821] {processor.py:641} INFO - Processing file /home/airflow/.local/lib/python3.7/site-packages/airflow/example_dags/example_complex.py for tasks to queue
[2022-08-11 19:46:30,824] {logging_mixin.py:115} INFO - [2022-08-11 19:46:30,824] {dagbag.py:508} INFO - Filling up the DagBag from /home/airflow/.local/lib/python3.7/site-packages/airflow/example_dags/example_complex.py
[2022-08-11 19:46:30,835] {processor.py:651} INFO - DAG(s) dict_keys(['example_complex']) retrieved from /home/airflow/.local/lib/python3.7/site-packages/airflow/example_dags/example_complex.py
[2022-08-11 19:46:30,875] {logging_mixin.py:115} INFO - [2022-08-11 19:46:30,875] {dag.py:2420} INFO - Sync 1 DAGs
[2022-08-11 19:46:31,059] {logging_mixin.py:115} INFO - [2022-08-11 19:46:31,059] {dag.py:2972} INFO - Setting next_dagrun for example_complex to None, run_after=None
[2022-08-11 19:46:31,078] {processor.py:161} INFO - Processing /home/airflow/.local/lib/python3.7/site-packages/airflow/example_dags/example_complex.py took 0.263 seconds
[2022-08-11 19:47:01,276] {processor.py:153} INFO - Started process (PID=355) to work on /home/airflow/.local/lib/python3.7/site-packages/airflow/example_dags/example_complex.py
[2022-08-11 19:47:01,278] {processor.py:641} INFO - Processing file /home/airflow/.local/lib/python3.7/site-packages/airflow/example_dags/example_complex.py for tasks to queue
[2022-08-11 19:47:01,279] {logging_mixin.py:115} INFO - [2022-08-11 19:47:01,278] {dagbag.py:508} INFO - Filling up the DagBag from /home/airflow/.local/lib/python3.7/site-packages/airflow/example_dags/example_complex.py
[2022-08-11 19:47:01,287] {processor.py:651} INFO - DAG(s) dict_keys(['example_complex']) retrieved from /home/airflow/.local/lib/python3.7/site-packages/airflow/example_dags/example_complex.py
[2022-08-11 19:47:01,318] {logging_mixin.py:115} INFO - [2022-08-11 19:47:01,318] {dag.py:2420} INFO - Sync 1 DAGs
[2022-08-11 19:47:01,418] {logging_mixin.py:115} INFO - [2022-08-11 19:47:01,418] {dag.py:2972} INFO - Setting next_dagrun for example_complex to None, run_after=None
[2022-08-11 19:47:01,431] {processor.py:161} INFO - Processing /home/airflow/.local/lib/python3.7/site-packages/airflow/example_dags/example_complex.py took 0.158 seconds
[2022-08-11 19:47:32,258] {processor.py:153} INFO - Started process (PID=417) to work on /home/airflow/.local/lib/python3.7/site-packages/airflow/example_dags/example_complex.py
[2022-08-11 19:47:32,261] {processor.py:641} INFO - Processing file /home/airflow/.local/lib/python3.7/site-packages/airflow/example_dags/example_complex.py for tasks to queue
[2022-08-11 19:47:32,262] {logging_mixin.py:115} INFO - [2022-08-11 19:47:32,262] {dagbag.py:508} INFO - Filling up the DagBag from /home/airflow/.local/lib/python3.7/site-packages/airflow/example_dags/example_complex.py
[2022-08-11 19:47:32,277] {processor.py:651} INFO - DAG(s) dict_keys(['example_complex']) retrieved from /home/airflow/.local/lib/python3.7/site-packages/airflow/example_dags/example_complex.py
[2022-08-11 19:47:32,330] {logging_mixin.py:115} INFO - [2022-08-11 19:47:32,330] {dag.py:2420} INFO - Sync 1 DAGs
[2022-08-11 19:47:32,519] {logging_mixin.py:115} INFO - [2022-08-11 19:47:32,519] {dag.py:2972} INFO - Setting next_dagrun for example_complex to None, run_after=None
[2022-08-11 19:47:32,557] {processor.py:161} INFO - Processing /home/airflow/.local/lib/python3.7/site-packages/airflow/example_dags/example_complex.py took 0.301 seconds
[2022-08-11 19:48:03,235] {processor.py:153} INFO - Started process (PID=481) to work on /home/airflow/.local/lib/python3.7/site-packages/airflow/example_dags/example_complex.py
[2022-08-11 19:48:03,236] {processor.py:641} INFO - Processing file /home/airflow/.local/lib/python3.7/site-packages/airflow/example_dags/example_complex.py for tasks to queue
[2022-08-11 19:48:03,238] {logging_mixin.py:115} INFO - [2022-08-11 19:48:03,238] {dagbag.py:508} INFO - Filling up the DagBag from /home/airflow/.local/lib/python3.7/site-packages/airflow/example_dags/example_complex.py
[2022-08-11 19:48:03,246] {processor.py:651} INFO - DAG(s) dict_keys(['example_complex']) retrieved from /home/airflow/.local/lib/python3.7/site-packages/airflow/example_dags/example_complex.py
[2022-08-11 19:48:03,270] {logging_mixin.py:115} INFO - [2022-08-11 19:48:03,270] {dag.py:2420} INFO - Sync 1 DAGs
[2022-08-11 19:48:03,410] {logging_mixin.py:115} INFO - [2022-08-11 19:48:03,409] {dag.py:2972} INFO - Setting next_dagrun for example_complex to None, run_after=None
[2022-08-11 19:48:03,422] {processor.py:161} INFO - Processing /home/airflow/.local/lib/python3.7/site-packages/airflow/example_dags/example_complex.py took 0.190 seconds
[2022-08-11 19:48:33,725] {processor.py:153} INFO - Started process (PID=544) to work on /home/airflow/.local/lib/python3.7/site-packages/airflow/example_dags/example_complex.py
[2022-08-11 19:48:33,727] {processor.py:641} INFO - Processing file /home/airflow/.local/lib/python3.7/site-packages/airflow/example_dags/example_complex.py for tasks to queue
[2022-08-11 19:48:33,729] {logging_mixin.py:115} INFO - [2022-08-11 19:48:33,729] {dagbag.py:508} INFO - Filling up the DagBag from /home/airflow/.local/lib/python3.7/site-packages/airflow/example_dags/example_complex.py
[2022-08-11 19:48:33,739] {processor.py:651} INFO - DAG(s) dict_keys(['example_complex']) retrieved from /home/airflow/.local/lib/python3.7/site-packages/airflow/example_dags/example_complex.py
[2022-08-11 19:48:33,770] {logging_mixin.py:115} INFO - [2022-08-11 19:48:33,770] {dag.py:2420} INFO - Sync 1 DAGs
[2022-08-11 19:48:33,890] {logging_mixin.py:115} INFO - [2022-08-11 19:48:33,890] {dag.py:2972} INFO - Setting next_dagrun for example_complex to None, run_after=None
[2022-08-11 19:48:33,899] {processor.py:161} INFO - Processing /home/airflow/.local/lib/python3.7/site-packages/airflow/example_dags/example_complex.py took 0.177 seconds
[2022-08-11 19:49:04,062] {processor.py:153} INFO - Started process (PID=598) to work on /home/airflow/.local/lib/python3.7/site-packages/airflow/example_dags/example_complex.py
[2022-08-11 19:49:04,063] {processor.py:641} INFO - Processing file /home/airflow/.local/lib/python3.7/site-packages/airflow/example_dags/example_complex.py for tasks to queue
[2022-08-11 19:49:04,065] {logging_mixin.py:115} INFO - [2022-08-11 19:49:04,064] {dagbag.py:508} INFO - Filling up the DagBag from /home/airflow/.local/lib/python3.7/site-packages/airflow/example_dags/example_complex.py
[2022-08-11 19:49:04,072] {processor.py:651} INFO - DAG(s) dict_keys(['example_complex']) retrieved from /home/airflow/.local/lib/python3.7/site-packages/airflow/example_dags/example_complex.py
[2022-08-11 19:49:04,095] {logging_mixin.py:115} INFO - [2022-08-11 19:49:04,095] {dag.py:2420} INFO - Sync 1 DAGs
[2022-08-11 19:49:04,194] {logging_mixin.py:115} INFO - [2022-08-11 19:49:04,194] {dag.py:2972} INFO - Setting next_dagrun for example_complex to None, run_after=None
[2022-08-11 19:49:04,205] {processor.py:161} INFO - Processing /home/airflow/.local/lib/python3.7/site-packages/airflow/example_dags/example_complex.py took 0.146 seconds
[2022-08-11 19:49:34,539] {processor.py:153} INFO - Started process (PID=662) to work on /home/airflow/.local/lib/python3.7/site-packages/airflow/example_dags/example_complex.py
[2022-08-11 19:49:34,541] {processor.py:641} INFO - Processing file /home/airflow/.local/lib/python3.7/site-packages/airflow/example_dags/example_complex.py for tasks to queue
[2022-08-11 19:49:34,542] {logging_mixin.py:115} INFO - [2022-08-11 19:49:34,542] {dagbag.py:508} INFO - Filling up the DagBag from /home/airflow/.local/lib/python3.7/site-packages/airflow/example_dags/example_complex.py
[2022-08-11 19:49:34,550] {processor.py:651} INFO - DAG(s) dict_keys(['example_complex']) retrieved from /home/airflow/.local/lib/python3.7/site-packages/airflow/example_dags/example_complex.py
[2022-08-11 19:49:34,583] {logging_mixin.py:115} INFO - [2022-08-11 19:49:34,583] {dag.py:2420} INFO - Sync 1 DAGs
[2022-08-11 19:49:34,694] {logging_mixin.py:115} INFO - [2022-08-11 19:49:34,694] {dag.py:2972} INFO - Setting next_dagrun for example_complex to None, run_after=None
[2022-08-11 19:49:34,702] {processor.py:161} INFO - Processing /home/airflow/.local/lib/python3.7/site-packages/airflow/example_dags/example_complex.py took 0.165 seconds
[2022-08-11 19:50:05,234] {processor.py:153} INFO - Started process (PID=724) to work on /home/airflow/.local/lib/python3.7/site-packages/airflow/example_dags/example_complex.py
[2022-08-11 19:50:05,235] {processor.py:641} INFO - Processing file /home/airflow/.local/lib/python3.7/site-packages/airflow/example_dags/example_complex.py for tasks to queue
[2022-08-11 19:50:05,236] {logging_mixin.py:115} INFO - [2022-08-11 19:50:05,236] {dagbag.py:508} INFO - Filling up the DagBag from /home/airflow/.local/lib/python3.7/site-packages/airflow/example_dags/example_complex.py
[2022-08-11 19:50:05,248] {processor.py:651} INFO - DAG(s) dict_keys(['example_complex']) retrieved from /home/airflow/.local/lib/python3.7/site-packages/airflow/example_dags/example_complex.py
[2022-08-11 19:50:05,274] {logging_mixin.py:115} INFO - [2022-08-11 19:50:05,274] {dag.py:2420} INFO - Sync 1 DAGs
[2022-08-11 19:50:05,443] {logging_mixin.py:115} INFO - [2022-08-11 19:50:05,443] {dag.py:2972} INFO - Setting next_dagrun for example_complex to None, run_after=None
[2022-08-11 19:50:05,456] {processor.py:161} INFO - Processing /home/airflow/.local/lib/python3.7/site-packages/airflow/example_dags/example_complex.py took 0.225 seconds
[2022-08-11 19:50:35,839] {processor.py:153} INFO - Started process (PID=783) to work on /home/airflow/.local/lib/python3.7/site-packages/airflow/example_dags/example_complex.py
[2022-08-11 19:50:35,841] {processor.py:641} INFO - Processing file /home/airflow/.local/lib/python3.7/site-packages/airflow/example_dags/example_complex.py for tasks to queue
[2022-08-11 19:50:35,843] {logging_mixin.py:115} INFO - [2022-08-11 19:50:35,843] {dagbag.py:508} INFO - Filling up the DagBag from /home/airflow/.local/lib/python3.7/site-packages/airflow/example_dags/example_complex.py
[2022-08-11 19:50:35,853] {processor.py:651} INFO - DAG(s) dict_keys(['example_complex']) retrieved from /home/airflow/.local/lib/python3.7/site-packages/airflow/example_dags/example_complex.py
[2022-08-11 19:50:35,881] {logging_mixin.py:115} INFO - [2022-08-11 19:50:35,881] {dag.py:2420} INFO - Sync 1 DAGs
[2022-08-11 19:50:36,074] {logging_mixin.py:115} INFO - [2022-08-11 19:50:36,074] {dag.py:2972} INFO - Setting next_dagrun for example_complex to None, run_after=None
[2022-08-11 19:50:36,109] {processor.py:161} INFO - Processing /home/airflow/.local/lib/python3.7/site-packages/airflow/example_dags/example_complex.py took 0.275 seconds
[2022-08-11 19:51:06,541] {processor.py:153} INFO - Started process (PID=839) to work on /home/airflow/.local/lib/python3.7/site-packages/airflow/example_dags/example_complex.py
[2022-08-11 19:51:06,543] {processor.py:641} INFO - Processing file /home/airflow/.local/lib/python3.7/site-packages/airflow/example_dags/example_complex.py for tasks to queue
[2022-08-11 19:51:06,545] {logging_mixin.py:115} INFO - [2022-08-11 19:51:06,545] {dagbag.py:508} INFO - Filling up the DagBag from /home/airflow/.local/lib/python3.7/site-packages/airflow/example_dags/example_complex.py
[2022-08-11 19:51:06,558] {processor.py:651} INFO - DAG(s) dict_keys(['example_complex']) retrieved from /home/airflow/.local/lib/python3.7/site-packages/airflow/example_dags/example_complex.py
[2022-08-11 19:51:06,594] {logging_mixin.py:115} INFO - [2022-08-11 19:51:06,593] {dag.py:2420} INFO - Sync 1 DAGs
[2022-08-11 19:51:06,699] {logging_mixin.py:115} INFO - [2022-08-11 19:51:06,699] {dag.py:2972} INFO - Setting next_dagrun for example_complex to None, run_after=None
[2022-08-11 19:51:06,709] {processor.py:161} INFO - Processing /home/airflow/.local/lib/python3.7/site-packages/airflow/example_dags/example_complex.py took 0.177 seconds
[2022-08-11 19:51:38,770] {processor.py:153} INFO - Started process (PID=901) to work on /home/airflow/.local/lib/python3.7/site-packages/airflow/example_dags/example_complex.py
[2022-08-11 19:51:38,774] {processor.py:641} INFO - Processing file /home/airflow/.local/lib/python3.7/site-packages/airflow/example_dags/example_complex.py for tasks to queue
[2022-08-11 19:51:38,778] {logging_mixin.py:115} INFO - [2022-08-11 19:51:38,778] {dagbag.py:508} INFO - Filling up the DagBag from /home/airflow/.local/lib/python3.7/site-packages/airflow/example_dags/example_complex.py
[2022-08-11 19:51:38,795] {processor.py:651} INFO - DAG(s) dict_keys(['example_complex']) retrieved from /home/airflow/.local/lib/python3.7/site-packages/airflow/example_dags/example_complex.py
[2022-08-11 19:51:38,876] {logging_mixin.py:115} INFO - [2022-08-11 19:51:38,876] {dag.py:2420} INFO - Sync 1 DAGs
[2022-08-11 19:51:39,068] {logging_mixin.py:115} INFO - [2022-08-11 19:51:39,068] {dag.py:2972} INFO - Setting next_dagrun for example_complex to None, run_after=None
[2022-08-11 19:51:39,078] {processor.py:161} INFO - Processing /home/airflow/.local/lib/python3.7/site-packages/airflow/example_dags/example_complex.py took 0.314 seconds
[2022-08-11 19:52:09,860] {processor.py:153} INFO - Started process (PID=964) to work on /home/airflow/.local/lib/python3.7/site-packages/airflow/example_dags/example_complex.py
[2022-08-11 19:52:09,862] {processor.py:641} INFO - Processing file /home/airflow/.local/lib/python3.7/site-packages/airflow/example_dags/example_complex.py for tasks to queue
[2022-08-11 19:52:09,863] {logging_mixin.py:115} INFO - [2022-08-11 19:52:09,863] {dagbag.py:508} INFO - Filling up the DagBag from /home/airflow/.local/lib/python3.7/site-packages/airflow/example_dags/example_complex.py
[2022-08-11 19:52:09,873] {processor.py:651} INFO - DAG(s) dict_keys(['example_complex']) retrieved from /home/airflow/.local/lib/python3.7/site-packages/airflow/example_dags/example_complex.py
[2022-08-11 19:52:09,900] {logging_mixin.py:115} INFO - [2022-08-11 19:52:09,899] {dag.py:2420} INFO - Sync 1 DAGs
[2022-08-11 19:52:10,023] {logging_mixin.py:115} INFO - [2022-08-11 19:52:10,023] {dag.py:2972} INFO - Setting next_dagrun for example_complex to None, run_after=None
[2022-08-11 19:52:10,034] {processor.py:161} INFO - Processing /home/airflow/.local/lib/python3.7/site-packages/airflow/example_dags/example_complex.py took 0.177 seconds
[2022-08-11 19:52:40,968] {processor.py:153} INFO - Started process (PID=1027) to work on /home/airflow/.local/lib/python3.7/site-packages/airflow/example_dags/example_complex.py
[2022-08-11 19:52:40,970] {processor.py:641} INFO - Processing file /home/airflow/.local/lib/python3.7/site-packages/airflow/example_dags/example_complex.py for tasks to queue
[2022-08-11 19:52:40,971] {logging_mixin.py:115} INFO - [2022-08-11 19:52:40,971] {dagbag.py:508} INFO - Filling up the DagBag from /home/airflow/.local/lib/python3.7/site-packages/airflow/example_dags/example_complex.py
[2022-08-11 19:52:40,979] {processor.py:651} INFO - DAG(s) dict_keys(['example_complex']) retrieved from /home/airflow/.local/lib/python3.7/site-packages/airflow/example_dags/example_complex.py
[2022-08-11 19:52:41,000] {logging_mixin.py:115} INFO - [2022-08-11 19:52:41,000] {dag.py:2420} INFO - Sync 1 DAGs
[2022-08-11 19:52:41,096] {logging_mixin.py:115} INFO - [2022-08-11 19:52:41,096] {dag.py:2972} INFO - Setting next_dagrun for example_complex to None, run_after=None
[2022-08-11 19:52:41,104] {processor.py:161} INFO - Processing /home/airflow/.local/lib/python3.7/site-packages/airflow/example_dags/example_complex.py took 0.138 seconds
[2022-08-11 19:53:11,252] {processor.py:153} INFO - Started process (PID=1089) to work on /home/airflow/.local/lib/python3.7/site-packages/airflow/example_dags/example_complex.py
[2022-08-11 19:53:11,253] {processor.py:641} INFO - Processing file /home/airflow/.local/lib/python3.7/site-packages/airflow/example_dags/example_complex.py for tasks to queue
[2022-08-11 19:53:11,255] {logging_mixin.py:115} INFO - [2022-08-11 19:53:11,255] {dagbag.py:508} INFO - Filling up the DagBag from /home/airflow/.local/lib/python3.7/site-packages/airflow/example_dags/example_complex.py
[2022-08-11 19:53:11,266] {processor.py:651} INFO - DAG(s) dict_keys(['example_complex']) retrieved from /home/airflow/.local/lib/python3.7/site-packages/airflow/example_dags/example_complex.py
[2022-08-11 19:53:11,292] {logging_mixin.py:115} INFO - [2022-08-11 19:53:11,292] {dag.py:2420} INFO - Sync 1 DAGs
[2022-08-11 19:53:11,415] {logging_mixin.py:115} INFO - [2022-08-11 19:53:11,415] {dag.py:2972} INFO - Setting next_dagrun for example_complex to None, run_after=None
[2022-08-11 19:53:11,431] {processor.py:161} INFO - Processing /home/airflow/.local/lib/python3.7/site-packages/airflow/example_dags/example_complex.py took 0.183 seconds
[2022-08-11 19:53:42,083] {processor.py:153} INFO - Started process (PID=1145) to work on /home/airflow/.local/lib/python3.7/site-packages/airflow/example_dags/example_complex.py
[2022-08-11 19:53:42,085] {processor.py:641} INFO - Processing file /home/airflow/.local/lib/python3.7/site-packages/airflow/example_dags/example_complex.py for tasks to queue
[2022-08-11 19:53:42,086] {logging_mixin.py:115} INFO - [2022-08-11 19:53:42,086] {dagbag.py:508} INFO - Filling up the DagBag from /home/airflow/.local/lib/python3.7/site-packages/airflow/example_dags/example_complex.py
[2022-08-11 19:53:42,094] {processor.py:651} INFO - DAG(s) dict_keys(['example_complex']) retrieved from /home/airflow/.local/lib/python3.7/site-packages/airflow/example_dags/example_complex.py
[2022-08-11 19:53:42,119] {logging_mixin.py:115} INFO - [2022-08-11 19:53:42,118] {dag.py:2420} INFO - Sync 1 DAGs
[2022-08-11 19:53:42,254] {logging_mixin.py:115} INFO - [2022-08-11 19:53:42,254] {dag.py:2972} INFO - Setting next_dagrun for example_complex to None, run_after=None
[2022-08-11 19:53:42,268] {processor.py:161} INFO - Processing /home/airflow/.local/lib/python3.7/site-packages/airflow/example_dags/example_complex.py took 0.188 seconds
[2022-08-11 19:54:13,644] {processor.py:153} INFO - Started process (PID=1207) to work on /home/airflow/.local/lib/python3.7/site-packages/airflow/example_dags/example_complex.py
[2022-08-11 19:54:13,646] {processor.py:641} INFO - Processing file /home/airflow/.local/lib/python3.7/site-packages/airflow/example_dags/example_complex.py for tasks to queue
[2022-08-11 19:54:13,648] {logging_mixin.py:115} INFO - [2022-08-11 19:54:13,648] {dagbag.py:508} INFO - Filling up the DagBag from /home/airflow/.local/lib/python3.7/site-packages/airflow/example_dags/example_complex.py
[2022-08-11 19:54:13,657] {processor.py:651} INFO - DAG(s) dict_keys(['example_complex']) retrieved from /home/airflow/.local/lib/python3.7/site-packages/airflow/example_dags/example_complex.py
[2022-08-11 19:54:13,680] {logging_mixin.py:115} INFO - [2022-08-11 19:54:13,680] {dag.py:2420} INFO - Sync 1 DAGs
[2022-08-11 19:54:13,787] {logging_mixin.py:115} INFO - [2022-08-11 19:54:13,787] {dag.py:2972} INFO - Setting next_dagrun for example_complex to None, run_after=None
[2022-08-11 19:54:13,803] {processor.py:161} INFO - Processing /home/airflow/.local/lib/python3.7/site-packages/airflow/example_dags/example_complex.py took 0.161 seconds
[2022-08-11 19:54:44,771] {processor.py:153} INFO - Started process (PID=1270) to work on /home/airflow/.local/lib/python3.7/site-packages/airflow/example_dags/example_complex.py
[2022-08-11 19:54:44,780] {processor.py:641} INFO - Processing file /home/airflow/.local/lib/python3.7/site-packages/airflow/example_dags/example_complex.py for tasks to queue
[2022-08-11 19:54:44,782] {logging_mixin.py:115} INFO - [2022-08-11 19:54:44,782] {dagbag.py:508} INFO - Filling up the DagBag from /home/airflow/.local/lib/python3.7/site-packages/airflow/example_dags/example_complex.py
[2022-08-11 19:54:44,797] {processor.py:651} INFO - DAG(s) dict_keys(['example_complex']) retrieved from /home/airflow/.local/lib/python3.7/site-packages/airflow/example_dags/example_complex.py
[2022-08-11 19:54:44,989] {logging_mixin.py:115} INFO - [2022-08-11 19:54:44,989] {dag.py:2420} INFO - Sync 1 DAGs
[2022-08-11 19:54:45,006] {logging_mixin.py:115} INFO - [2022-08-11 19:54:45,006] {dag.py:2972} INFO - Setting next_dagrun for example_complex to None, run_after=None
[2022-08-11 19:54:45,030] {processor.py:161} INFO - Processing /home/airflow/.local/lib/python3.7/site-packages/airflow/example_dags/example_complex.py took 0.264 seconds
[2022-08-11 19:55:15,565] {processor.py:153} INFO - Started process (PID=1333) to work on /home/airflow/.local/lib/python3.7/site-packages/airflow/example_dags/example_complex.py
[2022-08-11 19:55:15,567] {processor.py:641} INFO - Processing file /home/airflow/.local/lib/python3.7/site-packages/airflow/example_dags/example_complex.py for tasks to queue
[2022-08-11 19:55:15,569] {logging_mixin.py:115} INFO - [2022-08-11 19:55:15,569] {dagbag.py:508} INFO - Filling up the DagBag from /home/airflow/.local/lib/python3.7/site-packages/airflow/example_dags/example_complex.py
[2022-08-11 19:55:15,577] {processor.py:651} INFO - DAG(s) dict_keys(['example_complex']) retrieved from /home/airflow/.local/lib/python3.7/site-packages/airflow/example_dags/example_complex.py
[2022-08-11 19:55:15,698] {logging_mixin.py:115} INFO - [2022-08-11 19:55:15,698] {dag.py:2420} INFO - Sync 1 DAGs
[2022-08-11 19:55:15,711] {logging_mixin.py:115} INFO - [2022-08-11 19:55:15,710] {dag.py:2972} INFO - Setting next_dagrun for example_complex to None, run_after=None
[2022-08-11 19:55:15,745] {processor.py:161} INFO - Processing /home/airflow/.local/lib/python3.7/site-packages/airflow/example_dags/example_complex.py took 0.183 seconds
[2022-08-11 19:55:46,376] {processor.py:153} INFO - Started process (PID=1387) to work on /home/airflow/.local/lib/python3.7/site-packages/airflow/example_dags/example_complex.py
[2022-08-11 19:55:46,377] {processor.py:641} INFO - Processing file /home/airflow/.local/lib/python3.7/site-packages/airflow/example_dags/example_complex.py for tasks to queue
[2022-08-11 19:55:46,379] {logging_mixin.py:115} INFO - [2022-08-11 19:55:46,378] {dagbag.py:508} INFO - Filling up the DagBag from /home/airflow/.local/lib/python3.7/site-packages/airflow/example_dags/example_complex.py
[2022-08-11 19:55:46,386] {processor.py:651} INFO - DAG(s) dict_keys(['example_complex']) retrieved from /home/airflow/.local/lib/python3.7/site-packages/airflow/example_dags/example_complex.py
[2022-08-11 19:55:46,501] {logging_mixin.py:115} INFO - [2022-08-11 19:55:46,501] {dag.py:2420} INFO - Sync 1 DAGs
[2022-08-11 19:55:46,514] {logging_mixin.py:115} INFO - [2022-08-11 19:55:46,514] {dag.py:2972} INFO - Setting next_dagrun for example_complex to None, run_after=None
[2022-08-11 19:55:46,522] {processor.py:161} INFO - Processing /home/airflow/.local/lib/python3.7/site-packages/airflow/example_dags/example_complex.py took 0.149 seconds
