[2022-08-11 19:44:26,496] {processor.py:153} INFO - Started process (PID=55) to work on /home/airflow/.local/lib/python3.7/site-packages/airflow/example_dags/example_xcomargs.py
[2022-08-11 19:44:26,500] {processor.py:641} INFO - Processing file /home/airflow/.local/lib/python3.7/site-packages/airflow/example_dags/example_xcomargs.py for tasks to queue
[2022-08-11 19:44:26,506] {logging_mixin.py:115} INFO - [2022-08-11 19:44:26,506] {dagbag.py:508} INFO - Filling up the DagBag from /home/airflow/.local/lib/python3.7/site-packages/airflow/example_dags/example_xcomargs.py
[2022-08-11 19:44:26,589] {processor.py:651} INFO - DAG(s) dict_keys(['example_xcom_args', 'example_xcom_args_with_operators']) retrieved from /home/airflow/.local/lib/python3.7/site-packages/airflow/example_dags/example_xcomargs.py
[2022-08-11 19:44:27,129] {logging_mixin.py:115} INFO - [2022-08-11 19:44:27,129] {dag.py:2420} INFO - Sync 2 DAGs
[2022-08-11 19:44:27,172] {logging_mixin.py:115} INFO - [2022-08-11 19:44:27,172] {dag.py:2972} INFO - Setting next_dagrun for example_xcom_args to None, run_after=None
[2022-08-11 19:44:27,176] {logging_mixin.py:115} INFO - [2022-08-11 19:44:27,176] {dag.py:2972} INFO - Setting next_dagrun for example_xcom_args_with_operators to None, run_after=None
[2022-08-11 19:44:27,200] {processor.py:161} INFO - Processing /home/airflow/.local/lib/python3.7/site-packages/airflow/example_dags/example_xcomargs.py took 0.718 seconds
[2022-08-11 19:44:58,105] {processor.py:153} INFO - Started process (PID=110) to work on /home/airflow/.local/lib/python3.7/site-packages/airflow/example_dags/example_xcomargs.py
[2022-08-11 19:44:58,110] {processor.py:641} INFO - Processing file /home/airflow/.local/lib/python3.7/site-packages/airflow/example_dags/example_xcomargs.py for tasks to queue
[2022-08-11 19:44:58,116] {logging_mixin.py:115} INFO - [2022-08-11 19:44:58,116] {dagbag.py:508} INFO - Filling up the DagBag from /home/airflow/.local/lib/python3.7/site-packages/airflow/example_dags/example_xcomargs.py
[2022-08-11 19:44:58,166] {processor.py:651} INFO - DAG(s) dict_keys(['example_xcom_args', 'example_xcom_args_with_operators']) retrieved from /home/airflow/.local/lib/python3.7/site-packages/airflow/example_dags/example_xcomargs.py
[2022-08-11 19:44:58,425] {logging_mixin.py:115} INFO - [2022-08-11 19:44:58,424] {dag.py:2420} INFO - Sync 2 DAGs
[2022-08-11 19:44:58,442] {logging_mixin.py:115} INFO - [2022-08-11 19:44:58,442] {dag.py:2972} INFO - Setting next_dagrun for example_xcom_args to None, run_after=None
[2022-08-11 19:44:58,444] {logging_mixin.py:115} INFO - [2022-08-11 19:44:58,444] {dag.py:2972} INFO - Setting next_dagrun for example_xcom_args_with_operators to None, run_after=None
[2022-08-11 19:44:58,455] {processor.py:161} INFO - Processing /home/airflow/.local/lib/python3.7/site-packages/airflow/example_dags/example_xcomargs.py took 0.356 seconds
[2022-08-11 19:45:29,324] {processor.py:153} INFO - Started process (PID=172) to work on /home/airflow/.local/lib/python3.7/site-packages/airflow/example_dags/example_xcomargs.py
[2022-08-11 19:45:29,326] {processor.py:641} INFO - Processing file /home/airflow/.local/lib/python3.7/site-packages/airflow/example_dags/example_xcomargs.py for tasks to queue
[2022-08-11 19:45:29,329] {logging_mixin.py:115} INFO - [2022-08-11 19:45:29,329] {dagbag.py:508} INFO - Filling up the DagBag from /home/airflow/.local/lib/python3.7/site-packages/airflow/example_dags/example_xcomargs.py
[2022-08-11 19:45:29,349] {processor.py:651} INFO - DAG(s) dict_keys(['example_xcom_args', 'example_xcom_args_with_operators']) retrieved from /home/airflow/.local/lib/python3.7/site-packages/airflow/example_dags/example_xcomargs.py
[2022-08-11 19:45:29,476] {logging_mixin.py:115} INFO - [2022-08-11 19:45:29,476] {dag.py:2420} INFO - Sync 2 DAGs
[2022-08-11 19:45:29,489] {logging_mixin.py:115} INFO - [2022-08-11 19:45:29,488] {dag.py:2972} INFO - Setting next_dagrun for example_xcom_args to None, run_after=None
[2022-08-11 19:45:29,490] {logging_mixin.py:115} INFO - [2022-08-11 19:45:29,490] {dag.py:2972} INFO - Setting next_dagrun for example_xcom_args_with_operators to None, run_after=None
[2022-08-11 19:45:29,501] {processor.py:161} INFO - Processing /home/airflow/.local/lib/python3.7/site-packages/airflow/example_dags/example_xcomargs.py took 0.183 seconds
[2022-08-11 19:46:00,019] {processor.py:153} INFO - Started process (PID=236) to work on /home/airflow/.local/lib/python3.7/site-packages/airflow/example_dags/example_xcomargs.py
[2022-08-11 19:46:00,023] {processor.py:641} INFO - Processing file /home/airflow/.local/lib/python3.7/site-packages/airflow/example_dags/example_xcomargs.py for tasks to queue
[2022-08-11 19:46:00,028] {logging_mixin.py:115} INFO - [2022-08-11 19:46:00,028] {dagbag.py:508} INFO - Filling up the DagBag from /home/airflow/.local/lib/python3.7/site-packages/airflow/example_dags/example_xcomargs.py
[2022-08-11 19:46:00,048] {processor.py:651} INFO - DAG(s) dict_keys(['example_xcom_args', 'example_xcom_args_with_operators']) retrieved from /home/airflow/.local/lib/python3.7/site-packages/airflow/example_dags/example_xcomargs.py
[2022-08-11 19:46:00,186] {logging_mixin.py:115} INFO - [2022-08-11 19:46:00,186] {dag.py:2420} INFO - Sync 2 DAGs
[2022-08-11 19:46:00,202] {logging_mixin.py:115} INFO - [2022-08-11 19:46:00,201] {dag.py:2972} INFO - Setting next_dagrun for example_xcom_args to None, run_after=None
[2022-08-11 19:46:00,203] {logging_mixin.py:115} INFO - [2022-08-11 19:46:00,203] {dag.py:2972} INFO - Setting next_dagrun for example_xcom_args_with_operators to None, run_after=None
[2022-08-11 19:46:00,213] {processor.py:161} INFO - Processing /home/airflow/.local/lib/python3.7/site-packages/airflow/example_dags/example_xcomargs.py took 0.199 seconds
[2022-08-11 19:46:30,574] {processor.py:153} INFO - Started process (PID=296) to work on /home/airflow/.local/lib/python3.7/site-packages/airflow/example_dags/example_xcomargs.py
[2022-08-11 19:46:30,576] {processor.py:641} INFO - Processing file /home/airflow/.local/lib/python3.7/site-packages/airflow/example_dags/example_xcomargs.py for tasks to queue
[2022-08-11 19:46:30,577] {logging_mixin.py:115} INFO - [2022-08-11 19:46:30,577] {dagbag.py:508} INFO - Filling up the DagBag from /home/airflow/.local/lib/python3.7/site-packages/airflow/example_dags/example_xcomargs.py
[2022-08-11 19:46:30,594] {processor.py:651} INFO - DAG(s) dict_keys(['example_xcom_args', 'example_xcom_args_with_operators']) retrieved from /home/airflow/.local/lib/python3.7/site-packages/airflow/example_dags/example_xcomargs.py
[2022-08-11 19:46:30,724] {logging_mixin.py:115} INFO - [2022-08-11 19:46:30,724] {dag.py:2420} INFO - Sync 2 DAGs
[2022-08-11 19:46:30,759] {logging_mixin.py:115} INFO - [2022-08-11 19:46:30,758] {dag.py:2972} INFO - Setting next_dagrun for example_xcom_args to None, run_after=None
[2022-08-11 19:46:30,760] {logging_mixin.py:115} INFO - [2022-08-11 19:46:30,760] {dag.py:2972} INFO - Setting next_dagrun for example_xcom_args_with_operators to None, run_after=None
[2022-08-11 19:46:30,775] {processor.py:161} INFO - Processing /home/airflow/.local/lib/python3.7/site-packages/airflow/example_dags/example_xcomargs.py took 0.204 seconds
[2022-08-11 19:47:01,075] {processor.py:153} INFO - Started process (PID=352) to work on /home/airflow/.local/lib/python3.7/site-packages/airflow/example_dags/example_xcomargs.py
[2022-08-11 19:47:01,079] {processor.py:641} INFO - Processing file /home/airflow/.local/lib/python3.7/site-packages/airflow/example_dags/example_xcomargs.py for tasks to queue
[2022-08-11 19:47:01,080] {logging_mixin.py:115} INFO - [2022-08-11 19:47:01,080] {dagbag.py:508} INFO - Filling up the DagBag from /home/airflow/.local/lib/python3.7/site-packages/airflow/example_dags/example_xcomargs.py
[2022-08-11 19:47:01,100] {processor.py:651} INFO - DAG(s) dict_keys(['example_xcom_args', 'example_xcom_args_with_operators']) retrieved from /home/airflow/.local/lib/python3.7/site-packages/airflow/example_dags/example_xcomargs.py
[2022-08-11 19:47:01,223] {logging_mixin.py:115} INFO - [2022-08-11 19:47:01,223] {dag.py:2420} INFO - Sync 2 DAGs
[2022-08-11 19:47:01,235] {logging_mixin.py:115} INFO - [2022-08-11 19:47:01,235] {dag.py:2972} INFO - Setting next_dagrun for example_xcom_args to None, run_after=None
[2022-08-11 19:47:01,238] {logging_mixin.py:115} INFO - [2022-08-11 19:47:01,238] {dag.py:2972} INFO - Setting next_dagrun for example_xcom_args_with_operators to None, run_after=None
[2022-08-11 19:47:01,250] {processor.py:161} INFO - Processing /home/airflow/.local/lib/python3.7/site-packages/airflow/example_dags/example_xcomargs.py took 0.178 seconds
[2022-08-11 19:47:31,767] {processor.py:153} INFO - Started process (PID=414) to work on /home/airflow/.local/lib/python3.7/site-packages/airflow/example_dags/example_xcomargs.py
[2022-08-11 19:47:31,771] {processor.py:641} INFO - Processing file /home/airflow/.local/lib/python3.7/site-packages/airflow/example_dags/example_xcomargs.py for tasks to queue
[2022-08-11 19:47:31,774] {logging_mixin.py:115} INFO - [2022-08-11 19:47:31,774] {dagbag.py:508} INFO - Filling up the DagBag from /home/airflow/.local/lib/python3.7/site-packages/airflow/example_dags/example_xcomargs.py
[2022-08-11 19:47:31,817] {processor.py:651} INFO - DAG(s) dict_keys(['example_xcom_args', 'example_xcom_args_with_operators']) retrieved from /home/airflow/.local/lib/python3.7/site-packages/airflow/example_dags/example_xcomargs.py
[2022-08-11 19:47:32,117] {logging_mixin.py:115} INFO - [2022-08-11 19:47:32,117] {dag.py:2420} INFO - Sync 2 DAGs
[2022-08-11 19:47:32,144] {logging_mixin.py:115} INFO - [2022-08-11 19:47:32,144] {dag.py:2972} INFO - Setting next_dagrun for example_xcom_args to None, run_after=None
[2022-08-11 19:47:32,146] {logging_mixin.py:115} INFO - [2022-08-11 19:47:32,146] {dag.py:2972} INFO - Setting next_dagrun for example_xcom_args_with_operators to None, run_after=None
[2022-08-11 19:47:32,215] {processor.py:161} INFO - Processing /home/airflow/.local/lib/python3.7/site-packages/airflow/example_dags/example_xcomargs.py took 0.463 seconds
[2022-08-11 19:48:03,003] {processor.py:153} INFO - Started process (PID=478) to work on /home/airflow/.local/lib/python3.7/site-packages/airflow/example_dags/example_xcomargs.py
[2022-08-11 19:48:03,005] {processor.py:641} INFO - Processing file /home/airflow/.local/lib/python3.7/site-packages/airflow/example_dags/example_xcomargs.py for tasks to queue
[2022-08-11 19:48:03,007] {logging_mixin.py:115} INFO - [2022-08-11 19:48:03,007] {dagbag.py:508} INFO - Filling up the DagBag from /home/airflow/.local/lib/python3.7/site-packages/airflow/example_dags/example_xcomargs.py
[2022-08-11 19:48:03,020] {processor.py:651} INFO - DAG(s) dict_keys(['example_xcom_args', 'example_xcom_args_with_operators']) retrieved from /home/airflow/.local/lib/python3.7/site-packages/airflow/example_dags/example_xcomargs.py
[2022-08-11 19:48:03,157] {logging_mixin.py:115} INFO - [2022-08-11 19:48:03,156] {dag.py:2420} INFO - Sync 2 DAGs
[2022-08-11 19:48:03,188] {logging_mixin.py:115} INFO - [2022-08-11 19:48:03,188] {dag.py:2972} INFO - Setting next_dagrun for example_xcom_args to None, run_after=None
[2022-08-11 19:48:03,189] {logging_mixin.py:115} INFO - [2022-08-11 19:48:03,189] {dag.py:2972} INFO - Setting next_dagrun for example_xcom_args_with_operators to None, run_after=None
[2022-08-11 19:48:03,201] {processor.py:161} INFO - Processing /home/airflow/.local/lib/python3.7/site-packages/airflow/example_dags/example_xcomargs.py took 0.200 seconds
[2022-08-11 19:48:33,365] {processor.py:153} INFO - Started process (PID=539) to work on /home/airflow/.local/lib/python3.7/site-packages/airflow/example_dags/example_xcomargs.py
[2022-08-11 19:48:33,368] {processor.py:641} INFO - Processing file /home/airflow/.local/lib/python3.7/site-packages/airflow/example_dags/example_xcomargs.py for tasks to queue
[2022-08-11 19:48:33,369] {logging_mixin.py:115} INFO - [2022-08-11 19:48:33,369] {dagbag.py:508} INFO - Filling up the DagBag from /home/airflow/.local/lib/python3.7/site-packages/airflow/example_dags/example_xcomargs.py
[2022-08-11 19:48:33,386] {processor.py:651} INFO - DAG(s) dict_keys(['example_xcom_args', 'example_xcom_args_with_operators']) retrieved from /home/airflow/.local/lib/python3.7/site-packages/airflow/example_dags/example_xcomargs.py
[2022-08-11 19:48:33,650] {logging_mixin.py:115} INFO - [2022-08-11 19:48:33,650] {dag.py:2420} INFO - Sync 2 DAGs
[2022-08-11 19:48:33,669] {logging_mixin.py:115} INFO - [2022-08-11 19:48:33,669] {dag.py:2972} INFO - Setting next_dagrun for example_xcom_args to None, run_after=None
[2022-08-11 19:48:33,671] {logging_mixin.py:115} INFO - [2022-08-11 19:48:33,671] {dag.py:2972} INFO - Setting next_dagrun for example_xcom_args_with_operators to None, run_after=None
[2022-08-11 19:48:33,692] {processor.py:161} INFO - Processing /home/airflow/.local/lib/python3.7/site-packages/airflow/example_dags/example_xcomargs.py took 0.332 seconds
[2022-08-11 19:49:03,859] {processor.py:153} INFO - Started process (PID=595) to work on /home/airflow/.local/lib/python3.7/site-packages/airflow/example_dags/example_xcomargs.py
[2022-08-11 19:49:03,862] {processor.py:641} INFO - Processing file /home/airflow/.local/lib/python3.7/site-packages/airflow/example_dags/example_xcomargs.py for tasks to queue
[2022-08-11 19:49:03,864] {logging_mixin.py:115} INFO - [2022-08-11 19:49:03,864] {dagbag.py:508} INFO - Filling up the DagBag from /home/airflow/.local/lib/python3.7/site-packages/airflow/example_dags/example_xcomargs.py
[2022-08-11 19:49:03,886] {processor.py:651} INFO - DAG(s) dict_keys(['example_xcom_args', 'example_xcom_args_with_operators']) retrieved from /home/airflow/.local/lib/python3.7/site-packages/airflow/example_dags/example_xcomargs.py
[2022-08-11 19:49:04,011] {logging_mixin.py:115} INFO - [2022-08-11 19:49:04,011] {dag.py:2420} INFO - Sync 2 DAGs
[2022-08-11 19:49:04,022] {logging_mixin.py:115} INFO - [2022-08-11 19:49:04,022] {dag.py:2972} INFO - Setting next_dagrun for example_xcom_args to None, run_after=None
[2022-08-11 19:49:04,024] {logging_mixin.py:115} INFO - [2022-08-11 19:49:04,024] {dag.py:2972} INFO - Setting next_dagrun for example_xcom_args_with_operators to None, run_after=None
[2022-08-11 19:49:04,034] {processor.py:161} INFO - Processing /home/airflow/.local/lib/python3.7/site-packages/airflow/example_dags/example_xcomargs.py took 0.183 seconds
[2022-08-11 19:49:34,276] {processor.py:153} INFO - Started process (PID=659) to work on /home/airflow/.local/lib/python3.7/site-packages/airflow/example_dags/example_xcomargs.py
[2022-08-11 19:49:34,279] {processor.py:641} INFO - Processing file /home/airflow/.local/lib/python3.7/site-packages/airflow/example_dags/example_xcomargs.py for tasks to queue
[2022-08-11 19:49:34,282] {logging_mixin.py:115} INFO - [2022-08-11 19:49:34,281] {dagbag.py:508} INFO - Filling up the DagBag from /home/airflow/.local/lib/python3.7/site-packages/airflow/example_dags/example_xcomargs.py
[2022-08-11 19:49:34,306] {processor.py:651} INFO - DAG(s) dict_keys(['example_xcom_args', 'example_xcom_args_with_operators']) retrieved from /home/airflow/.local/lib/python3.7/site-packages/airflow/example_dags/example_xcomargs.py
[2022-08-11 19:49:34,485] {logging_mixin.py:115} INFO - [2022-08-11 19:49:34,485] {dag.py:2420} INFO - Sync 2 DAGs
[2022-08-11 19:49:34,498] {logging_mixin.py:115} INFO - [2022-08-11 19:49:34,498] {dag.py:2972} INFO - Setting next_dagrun for example_xcom_args to None, run_after=None
[2022-08-11 19:49:34,500] {logging_mixin.py:115} INFO - [2022-08-11 19:49:34,499] {dag.py:2972} INFO - Setting next_dagrun for example_xcom_args_with_operators to None, run_after=None
[2022-08-11 19:49:34,513] {processor.py:161} INFO - Processing /home/airflow/.local/lib/python3.7/site-packages/airflow/example_dags/example_xcomargs.py took 0.243 seconds
[2022-08-11 19:50:04,961] {processor.py:153} INFO - Started process (PID=721) to work on /home/airflow/.local/lib/python3.7/site-packages/airflow/example_dags/example_xcomargs.py
[2022-08-11 19:50:04,964] {processor.py:641} INFO - Processing file /home/airflow/.local/lib/python3.7/site-packages/airflow/example_dags/example_xcomargs.py for tasks to queue
[2022-08-11 19:50:04,965] {logging_mixin.py:115} INFO - [2022-08-11 19:50:04,965] {dagbag.py:508} INFO - Filling up the DagBag from /home/airflow/.local/lib/python3.7/site-packages/airflow/example_dags/example_xcomargs.py
[2022-08-11 19:50:04,996] {processor.py:651} INFO - DAG(s) dict_keys(['example_xcom_args', 'example_xcom_args_with_operators']) retrieved from /home/airflow/.local/lib/python3.7/site-packages/airflow/example_dags/example_xcomargs.py
[2022-08-11 19:50:05,186] {logging_mixin.py:115} INFO - [2022-08-11 19:50:05,186] {dag.py:2420} INFO - Sync 2 DAGs
[2022-08-11 19:50:05,196] {logging_mixin.py:115} INFO - [2022-08-11 19:50:05,196] {dag.py:2972} INFO - Setting next_dagrun for example_xcom_args to None, run_after=None
[2022-08-11 19:50:05,198] {logging_mixin.py:115} INFO - [2022-08-11 19:50:05,198] {dag.py:2972} INFO - Setting next_dagrun for example_xcom_args_with_operators to None, run_after=None
[2022-08-11 19:50:05,207] {processor.py:161} INFO - Processing /home/airflow/.local/lib/python3.7/site-packages/airflow/example_dags/example_xcomargs.py took 0.252 seconds
[2022-08-11 19:50:35,600] {processor.py:153} INFO - Started process (PID=774) to work on /home/airflow/.local/lib/python3.7/site-packages/airflow/example_dags/example_xcomargs.py
[2022-08-11 19:50:35,602] {processor.py:641} INFO - Processing file /home/airflow/.local/lib/python3.7/site-packages/airflow/example_dags/example_xcomargs.py for tasks to queue
[2022-08-11 19:50:35,605] {logging_mixin.py:115} INFO - [2022-08-11 19:50:35,605] {dagbag.py:508} INFO - Filling up the DagBag from /home/airflow/.local/lib/python3.7/site-packages/airflow/example_dags/example_xcomargs.py
[2022-08-11 19:50:35,626] {processor.py:651} INFO - DAG(s) dict_keys(['example_xcom_args', 'example_xcom_args_with_operators']) retrieved from /home/airflow/.local/lib/python3.7/site-packages/airflow/example_dags/example_xcomargs.py
[2022-08-11 19:50:35,772] {logging_mixin.py:115} INFO - [2022-08-11 19:50:35,772] {dag.py:2420} INFO - Sync 2 DAGs
[2022-08-11 19:50:35,788] {logging_mixin.py:115} INFO - [2022-08-11 19:50:35,788] {dag.py:2972} INFO - Setting next_dagrun for example_xcom_args to None, run_after=None
[2022-08-11 19:50:35,790] {logging_mixin.py:115} INFO - [2022-08-11 19:50:35,790] {dag.py:2972} INFO - Setting next_dagrun for example_xcom_args_with_operators to None, run_after=None
[2022-08-11 19:50:35,800] {processor.py:161} INFO - Processing /home/airflow/.local/lib/python3.7/site-packages/airflow/example_dags/example_xcomargs.py took 0.207 seconds
[2022-08-11 19:51:06,249] {processor.py:153} INFO - Started process (PID=836) to work on /home/airflow/.local/lib/python3.7/site-packages/airflow/example_dags/example_xcomargs.py
[2022-08-11 19:51:06,250] {processor.py:641} INFO - Processing file /home/airflow/.local/lib/python3.7/site-packages/airflow/example_dags/example_xcomargs.py for tasks to queue
[2022-08-11 19:51:06,252] {logging_mixin.py:115} INFO - [2022-08-11 19:51:06,252] {dagbag.py:508} INFO - Filling up the DagBag from /home/airflow/.local/lib/python3.7/site-packages/airflow/example_dags/example_xcomargs.py
[2022-08-11 19:51:06,276] {processor.py:651} INFO - DAG(s) dict_keys(['example_xcom_args', 'example_xcom_args_with_operators']) retrieved from /home/airflow/.local/lib/python3.7/site-packages/airflow/example_dags/example_xcomargs.py
[2022-08-11 19:51:06,477] {logging_mixin.py:115} INFO - [2022-08-11 19:51:06,477] {dag.py:2420} INFO - Sync 2 DAGs
[2022-08-11 19:51:06,490] {logging_mixin.py:115} INFO - [2022-08-11 19:51:06,490] {dag.py:2972} INFO - Setting next_dagrun for example_xcom_args to None, run_after=None
[2022-08-11 19:51:06,492] {logging_mixin.py:115} INFO - [2022-08-11 19:51:06,492] {dag.py:2972} INFO - Setting next_dagrun for example_xcom_args_with_operators to None, run_after=None
[2022-08-11 19:51:06,503] {processor.py:161} INFO - Processing /home/airflow/.local/lib/python3.7/site-packages/airflow/example_dags/example_xcomargs.py took 0.261 seconds
[2022-08-11 19:51:37,190] {processor.py:153} INFO - Started process (PID=898) to work on /home/airflow/.local/lib/python3.7/site-packages/airflow/example_dags/example_xcomargs.py
[2022-08-11 19:51:37,195] {processor.py:641} INFO - Processing file /home/airflow/.local/lib/python3.7/site-packages/airflow/example_dags/example_xcomargs.py for tasks to queue
[2022-08-11 19:51:37,205] {logging_mixin.py:115} INFO - [2022-08-11 19:51:37,205] {dagbag.py:508} INFO - Filling up the DagBag from /home/airflow/.local/lib/python3.7/site-packages/airflow/example_dags/example_xcomargs.py
[2022-08-11 19:51:37,354] {processor.py:651} INFO - DAG(s) dict_keys(['example_xcom_args', 'example_xcom_args_with_operators']) retrieved from /home/airflow/.local/lib/python3.7/site-packages/airflow/example_dags/example_xcomargs.py
[2022-08-11 19:51:38,621] {logging_mixin.py:115} INFO - [2022-08-11 19:51:38,621] {dag.py:2420} INFO - Sync 2 DAGs
[2022-08-11 19:51:38,657] {logging_mixin.py:115} INFO - [2022-08-11 19:51:38,657] {dag.py:2972} INFO - Setting next_dagrun for example_xcom_args to None, run_after=None
[2022-08-11 19:51:38,659] {logging_mixin.py:115} INFO - [2022-08-11 19:51:38,659] {dag.py:2972} INFO - Setting next_dagrun for example_xcom_args_with_operators to None, run_after=None
[2022-08-11 19:51:38,679] {processor.py:161} INFO - Processing /home/airflow/.local/lib/python3.7/site-packages/airflow/example_dags/example_xcomargs.py took 1.511 seconds
[2022-08-11 19:52:09,619] {processor.py:153} INFO - Started process (PID=961) to work on /home/airflow/.local/lib/python3.7/site-packages/airflow/example_dags/example_xcomargs.py
[2022-08-11 19:52:09,621] {processor.py:641} INFO - Processing file /home/airflow/.local/lib/python3.7/site-packages/airflow/example_dags/example_xcomargs.py for tasks to queue
[2022-08-11 19:52:09,623] {logging_mixin.py:115} INFO - [2022-08-11 19:52:09,623] {dagbag.py:508} INFO - Filling up the DagBag from /home/airflow/.local/lib/python3.7/site-packages/airflow/example_dags/example_xcomargs.py
[2022-08-11 19:52:09,650] {processor.py:651} INFO - DAG(s) dict_keys(['example_xcom_args', 'example_xcom_args_with_operators']) retrieved from /home/airflow/.local/lib/python3.7/site-packages/airflow/example_dags/example_xcomargs.py
[2022-08-11 19:52:09,796] {logging_mixin.py:115} INFO - [2022-08-11 19:52:09,796] {dag.py:2420} INFO - Sync 2 DAGs
[2022-08-11 19:52:09,813] {logging_mixin.py:115} INFO - [2022-08-11 19:52:09,813] {dag.py:2972} INFO - Setting next_dagrun for example_xcom_args to None, run_after=None
[2022-08-11 19:52:09,815] {logging_mixin.py:115} INFO - [2022-08-11 19:52:09,815] {dag.py:2972} INFO - Setting next_dagrun for example_xcom_args_with_operators to None, run_after=None
[2022-08-11 19:52:09,829] {processor.py:161} INFO - Processing /home/airflow/.local/lib/python3.7/site-packages/airflow/example_dags/example_xcomargs.py took 0.216 seconds
[2022-08-11 19:52:40,528] {processor.py:153} INFO - Started process (PID=1024) to work on /home/airflow/.local/lib/python3.7/site-packages/airflow/example_dags/example_xcomargs.py
[2022-08-11 19:52:40,529] {processor.py:641} INFO - Processing file /home/airflow/.local/lib/python3.7/site-packages/airflow/example_dags/example_xcomargs.py for tasks to queue
[2022-08-11 19:52:40,531] {logging_mixin.py:115} INFO - [2022-08-11 19:52:40,531] {dagbag.py:508} INFO - Filling up the DagBag from /home/airflow/.local/lib/python3.7/site-packages/airflow/example_dags/example_xcomargs.py
[2022-08-11 19:52:40,566] {processor.py:651} INFO - DAG(s) dict_keys(['example_xcom_args', 'example_xcom_args_with_operators']) retrieved from /home/airflow/.local/lib/python3.7/site-packages/airflow/example_dags/example_xcomargs.py
[2022-08-11 19:52:40,748] {logging_mixin.py:115} INFO - [2022-08-11 19:52:40,748] {dag.py:2420} INFO - Sync 2 DAGs
[2022-08-11 19:52:40,760] {logging_mixin.py:115} INFO - [2022-08-11 19:52:40,760] {dag.py:2972} INFO - Setting next_dagrun for example_xcom_args to None, run_after=None
[2022-08-11 19:52:40,762] {logging_mixin.py:115} INFO - [2022-08-11 19:52:40,762] {dag.py:2972} INFO - Setting next_dagrun for example_xcom_args_with_operators to None, run_after=None
[2022-08-11 19:52:40,770] {processor.py:161} INFO - Processing /home/airflow/.local/lib/python3.7/site-packages/airflow/example_dags/example_xcomargs.py took 0.248 seconds
[2022-08-11 19:53:10,862] {processor.py:153} INFO - Started process (PID=1078) to work on /home/airflow/.local/lib/python3.7/site-packages/airflow/example_dags/example_xcomargs.py
[2022-08-11 19:53:10,864] {processor.py:641} INFO - Processing file /home/airflow/.local/lib/python3.7/site-packages/airflow/example_dags/example_xcomargs.py for tasks to queue
[2022-08-11 19:53:10,866] {logging_mixin.py:115} INFO - [2022-08-11 19:53:10,866] {dagbag.py:508} INFO - Filling up the DagBag from /home/airflow/.local/lib/python3.7/site-packages/airflow/example_dags/example_xcomargs.py
[2022-08-11 19:53:10,888] {processor.py:651} INFO - DAG(s) dict_keys(['example_xcom_args', 'example_xcom_args_with_operators']) retrieved from /home/airflow/.local/lib/python3.7/site-packages/airflow/example_dags/example_xcomargs.py
[2022-08-11 19:53:11,012] {logging_mixin.py:115} INFO - [2022-08-11 19:53:11,012] {dag.py:2420} INFO - Sync 2 DAGs
[2022-08-11 19:53:11,024] {logging_mixin.py:115} INFO - [2022-08-11 19:53:11,023] {dag.py:2972} INFO - Setting next_dagrun for example_xcom_args to None, run_after=None
[2022-08-11 19:53:11,025] {logging_mixin.py:115} INFO - [2022-08-11 19:53:11,025] {dag.py:2972} INFO - Setting next_dagrun for example_xcom_args_with_operators to None, run_after=None
[2022-08-11 19:53:11,039] {processor.py:161} INFO - Processing /home/airflow/.local/lib/python3.7/site-packages/airflow/example_dags/example_xcomargs.py took 0.183 seconds
[2022-08-11 19:53:41,719] {processor.py:153} INFO - Started process (PID=1142) to work on /home/airflow/.local/lib/python3.7/site-packages/airflow/example_dags/example_xcomargs.py
[2022-08-11 19:53:41,722] {processor.py:641} INFO - Processing file /home/airflow/.local/lib/python3.7/site-packages/airflow/example_dags/example_xcomargs.py for tasks to queue
[2022-08-11 19:53:41,724] {logging_mixin.py:115} INFO - [2022-08-11 19:53:41,724] {dagbag.py:508} INFO - Filling up the DagBag from /home/airflow/.local/lib/python3.7/site-packages/airflow/example_dags/example_xcomargs.py
[2022-08-11 19:53:41,778] {processor.py:651} INFO - DAG(s) dict_keys(['example_xcom_args', 'example_xcom_args_with_operators']) retrieved from /home/airflow/.local/lib/python3.7/site-packages/airflow/example_dags/example_xcomargs.py
[2022-08-11 19:53:42,025] {logging_mixin.py:115} INFO - [2022-08-11 19:53:42,025] {dag.py:2420} INFO - Sync 2 DAGs
[2022-08-11 19:53:42,039] {logging_mixin.py:115} INFO - [2022-08-11 19:53:42,039] {dag.py:2972} INFO - Setting next_dagrun for example_xcom_args to None, run_after=None
[2022-08-11 19:53:42,041] {logging_mixin.py:115} INFO - [2022-08-11 19:53:42,041] {dag.py:2972} INFO - Setting next_dagrun for example_xcom_args_with_operators to None, run_after=None
[2022-08-11 19:53:42,053] {processor.py:161} INFO - Processing /home/airflow/.local/lib/python3.7/site-packages/airflow/example_dags/example_xcomargs.py took 0.353 seconds
[2022-08-11 19:54:13,059] {processor.py:153} INFO - Started process (PID=1204) to work on /home/airflow/.local/lib/python3.7/site-packages/airflow/example_dags/example_xcomargs.py
[2022-08-11 19:54:13,064] {processor.py:641} INFO - Processing file /home/airflow/.local/lib/python3.7/site-packages/airflow/example_dags/example_xcomargs.py for tasks to queue
[2022-08-11 19:54:13,067] {logging_mixin.py:115} INFO - [2022-08-11 19:54:13,067] {dagbag.py:508} INFO - Filling up the DagBag from /home/airflow/.local/lib/python3.7/site-packages/airflow/example_dags/example_xcomargs.py
[2022-08-11 19:54:13,114] {processor.py:651} INFO - DAG(s) dict_keys(['example_xcom_args', 'example_xcom_args_with_operators']) retrieved from /home/airflow/.local/lib/python3.7/site-packages/airflow/example_dags/example_xcomargs.py
[2022-08-11 19:54:13,388] {logging_mixin.py:115} INFO - [2022-08-11 19:54:13,388] {dag.py:2420} INFO - Sync 2 DAGs
[2022-08-11 19:54:13,399] {logging_mixin.py:115} INFO - [2022-08-11 19:54:13,399] {dag.py:2972} INFO - Setting next_dagrun for example_xcom_args to None, run_after=None
[2022-08-11 19:54:13,400] {logging_mixin.py:115} INFO - [2022-08-11 19:54:13,400] {dag.py:2972} INFO - Setting next_dagrun for example_xcom_args_with_operators to None, run_after=None
[2022-08-11 19:54:13,409] {processor.py:161} INFO - Processing /home/airflow/.local/lib/python3.7/site-packages/airflow/example_dags/example_xcomargs.py took 0.363 seconds
[2022-08-11 19:54:44,133] {processor.py:153} INFO - Started process (PID=1267) to work on /home/airflow/.local/lib/python3.7/site-packages/airflow/example_dags/example_xcomargs.py
[2022-08-11 19:54:44,148] {processor.py:641} INFO - Processing file /home/airflow/.local/lib/python3.7/site-packages/airflow/example_dags/example_xcomargs.py for tasks to queue
[2022-08-11 19:54:44,161] {logging_mixin.py:115} INFO - [2022-08-11 19:54:44,161] {dagbag.py:508} INFO - Filling up the DagBag from /home/airflow/.local/lib/python3.7/site-packages/airflow/example_dags/example_xcomargs.py
[2022-08-11 19:54:44,279] {processor.py:651} INFO - DAG(s) dict_keys(['example_xcom_args', 'example_xcom_args_with_operators']) retrieved from /home/airflow/.local/lib/python3.7/site-packages/airflow/example_dags/example_xcomargs.py
[2022-08-11 19:54:44,690] {logging_mixin.py:115} INFO - [2022-08-11 19:54:44,690] {dag.py:2420} INFO - Sync 2 DAGs
[2022-08-11 19:54:44,708] {logging_mixin.py:115} INFO - [2022-08-11 19:54:44,708] {dag.py:2972} INFO - Setting next_dagrun for example_xcom_args to None, run_after=None
[2022-08-11 19:54:44,710] {logging_mixin.py:115} INFO - [2022-08-11 19:54:44,710] {dag.py:2972} INFO - Setting next_dagrun for example_xcom_args_with_operators to None, run_after=None
[2022-08-11 19:54:44,729] {processor.py:161} INFO - Processing /home/airflow/.local/lib/python3.7/site-packages/airflow/example_dags/example_xcomargs.py took 0.766 seconds
[2022-08-11 19:55:15,194] {processor.py:153} INFO - Started process (PID=1330) to work on /home/airflow/.local/lib/python3.7/site-packages/airflow/example_dags/example_xcomargs.py
[2022-08-11 19:55:15,197] {processor.py:641} INFO - Processing file /home/airflow/.local/lib/python3.7/site-packages/airflow/example_dags/example_xcomargs.py for tasks to queue
[2022-08-11 19:55:15,198] {logging_mixin.py:115} INFO - [2022-08-11 19:55:15,198] {dagbag.py:508} INFO - Filling up the DagBag from /home/airflow/.local/lib/python3.7/site-packages/airflow/example_dags/example_xcomargs.py
[2022-08-11 19:55:15,231] {processor.py:651} INFO - DAG(s) dict_keys(['example_xcom_args', 'example_xcom_args_with_operators']) retrieved from /home/airflow/.local/lib/python3.7/site-packages/airflow/example_dags/example_xcomargs.py
[2022-08-11 19:55:15,488] {logging_mixin.py:115} INFO - [2022-08-11 19:55:15,488] {dag.py:2420} INFO - Sync 2 DAGs
[2022-08-11 19:55:15,510] {logging_mixin.py:115} INFO - [2022-08-11 19:55:15,509] {dag.py:2972} INFO - Setting next_dagrun for example_xcom_args to None, run_after=None
[2022-08-11 19:55:15,513] {logging_mixin.py:115} INFO - [2022-08-11 19:55:15,513] {dag.py:2972} INFO - Setting next_dagrun for example_xcom_args_with_operators to None, run_after=None
[2022-08-11 19:55:15,530] {processor.py:161} INFO - Processing /home/airflow/.local/lib/python3.7/site-packages/airflow/example_dags/example_xcomargs.py took 0.342 seconds
[2022-08-11 19:55:45,988] {processor.py:153} INFO - Started process (PID=1384) to work on /home/airflow/.local/lib/python3.7/site-packages/airflow/example_dags/example_xcomargs.py
[2022-08-11 19:55:45,991] {processor.py:641} INFO - Processing file /home/airflow/.local/lib/python3.7/site-packages/airflow/example_dags/example_xcomargs.py for tasks to queue
[2022-08-11 19:55:45,994] {logging_mixin.py:115} INFO - [2022-08-11 19:55:45,994] {dagbag.py:508} INFO - Filling up the DagBag from /home/airflow/.local/lib/python3.7/site-packages/airflow/example_dags/example_xcomargs.py
[2022-08-11 19:55:46,044] {processor.py:651} INFO - DAG(s) dict_keys(['example_xcom_args', 'example_xcom_args_with_operators']) retrieved from /home/airflow/.local/lib/python3.7/site-packages/airflow/example_dags/example_xcomargs.py
[2022-08-11 19:55:46,318] {logging_mixin.py:115} INFO - [2022-08-11 19:55:46,318] {dag.py:2420} INFO - Sync 2 DAGs
[2022-08-11 19:55:46,332] {logging_mixin.py:115} INFO - [2022-08-11 19:55:46,332] {dag.py:2972} INFO - Setting next_dagrun for example_xcom_args to None, run_after=None
[2022-08-11 19:55:46,334] {logging_mixin.py:115} INFO - [2022-08-11 19:55:46,334] {dag.py:2972} INFO - Setting next_dagrun for example_xcom_args_with_operators to None, run_after=None
[2022-08-11 19:55:46,345] {processor.py:161} INFO - Processing /home/airflow/.local/lib/python3.7/site-packages/airflow/example_dags/example_xcomargs.py took 0.362 seconds
