[2022-08-11 19:44:29,586] {processor.py:153} INFO - Started process (PID=69) to work on /home/airflow/.local/lib/python3.7/site-packages/airflow/example_dags/example_subdag_operator.py
[2022-08-11 19:44:29,588] {processor.py:641} INFO - Processing file /home/airflow/.local/lib/python3.7/site-packages/airflow/example_dags/example_subdag_operator.py for tasks to queue
[2022-08-11 19:44:29,589] {logging_mixin.py:115} INFO - [2022-08-11 19:44:29,589] {dagbag.py:508} INFO - Filling up the DagBag from /home/airflow/.local/lib/python3.7/site-packages/airflow/example_dags/example_subdag_operator.py
[2022-08-11 19:44:29,612] {processor.py:651} INFO - DAG(s) dict_keys(['example_subdag_operator.section-1', 'example_subdag_operator.section-2', 'example_subdag_operator']) retrieved from /home/airflow/.local/lib/python3.7/site-packages/airflow/example_dags/example_subdag_operator.py
[2022-08-11 19:44:29,642] {logging_mixin.py:115} INFO - [2022-08-11 19:44:29,642] {dag.py:2420} INFO - Sync 3 DAGs
[2022-08-11 19:44:29,756] {logging_mixin.py:115} INFO - [2022-08-11 19:44:29,756] {dag.py:2972} INFO - Setting next_dagrun for example_subdag_operator to 2022-01-01T00:00:00+00:00, run_after=2022-01-01T00:00:00+00:00
[2022-08-11 19:44:29,757] {logging_mixin.py:115} INFO - [2022-08-11 19:44:29,757] {dag.py:2972} INFO - Setting next_dagrun for example_subdag_operator.section-1 to None, run_after=None
[2022-08-11 19:44:29,758] {logging_mixin.py:115} INFO - [2022-08-11 19:44:29,758] {dag.py:2972} INFO - Setting next_dagrun for example_subdag_operator.section-2 to None, run_after=None
[2022-08-11 19:44:29,764] {logging_mixin.py:115} INFO - [2022-08-11 19:44:29,764] {dag.py:2420} INFO - Sync 2 DAGs
[2022-08-11 19:44:29,770] {logging_mixin.py:115} INFO - [2022-08-11 19:44:29,770] {dag.py:2972} INFO - Setting next_dagrun for example_subdag_operator.section-1 to None, run_after=None
[2022-08-11 19:44:29,771] {logging_mixin.py:115} INFO - [2022-08-11 19:44:29,771] {dag.py:2972} INFO - Setting next_dagrun for example_subdag_operator.section-2 to None, run_after=None
[2022-08-11 19:44:29,778] {processor.py:161} INFO - Processing /home/airflow/.local/lib/python3.7/site-packages/airflow/example_dags/example_subdag_operator.py took 0.195 seconds
[2022-08-11 19:44:59,930] {processor.py:153} INFO - Started process (PID=128) to work on /home/airflow/.local/lib/python3.7/site-packages/airflow/example_dags/example_subdag_operator.py
[2022-08-11 19:44:59,933] {processor.py:641} INFO - Processing file /home/airflow/.local/lib/python3.7/site-packages/airflow/example_dags/example_subdag_operator.py for tasks to queue
[2022-08-11 19:44:59,938] {logging_mixin.py:115} INFO - [2022-08-11 19:44:59,938] {dagbag.py:508} INFO - Filling up the DagBag from /home/airflow/.local/lib/python3.7/site-packages/airflow/example_dags/example_subdag_operator.py
[2022-08-11 19:45:00,021] {processor.py:651} INFO - DAG(s) dict_keys(['example_subdag_operator.section-1', 'example_subdag_operator.section-2', 'example_subdag_operator']) retrieved from /home/airflow/.local/lib/python3.7/site-packages/airflow/example_dags/example_subdag_operator.py
[2022-08-11 19:45:00,234] {logging_mixin.py:115} INFO - [2022-08-11 19:45:00,234] {dag.py:2420} INFO - Sync 3 DAGs
[2022-08-11 19:45:00,280] {logging_mixin.py:115} INFO - [2022-08-11 19:45:00,280] {dag.py:2972} INFO - Setting next_dagrun for example_subdag_operator to 2022-01-01T00:00:00+00:00, run_after=2022-01-01T00:00:00+00:00
[2022-08-11 19:45:00,284] {logging_mixin.py:115} INFO - [2022-08-11 19:45:00,283] {dag.py:2972} INFO - Setting next_dagrun for example_subdag_operator.section-1 to None, run_after=None
[2022-08-11 19:45:00,285] {logging_mixin.py:115} INFO - [2022-08-11 19:45:00,285] {dag.py:2972} INFO - Setting next_dagrun for example_subdag_operator.section-2 to None, run_after=None
[2022-08-11 19:45:00,307] {logging_mixin.py:115} INFO - [2022-08-11 19:45:00,307] {dag.py:2420} INFO - Sync 2 DAGs
[2022-08-11 19:45:00,324] {logging_mixin.py:115} INFO - [2022-08-11 19:45:00,324] {dag.py:2972} INFO - Setting next_dagrun for example_subdag_operator.section-1 to None, run_after=None
[2022-08-11 19:45:00,331] {logging_mixin.py:115} INFO - [2022-08-11 19:45:00,331] {dag.py:2972} INFO - Setting next_dagrun for example_subdag_operator.section-2 to None, run_after=None
[2022-08-11 19:45:00,341] {processor.py:161} INFO - Processing /home/airflow/.local/lib/python3.7/site-packages/airflow/example_dags/example_subdag_operator.py took 0.421 seconds
[2022-08-11 19:45:30,489] {processor.py:153} INFO - Started process (PID=185) to work on /home/airflow/.local/lib/python3.7/site-packages/airflow/example_dags/example_subdag_operator.py
[2022-08-11 19:45:30,491] {processor.py:641} INFO - Processing file /home/airflow/.local/lib/python3.7/site-packages/airflow/example_dags/example_subdag_operator.py for tasks to queue
[2022-08-11 19:45:30,492] {logging_mixin.py:115} INFO - [2022-08-11 19:45:30,492] {dagbag.py:508} INFO - Filling up the DagBag from /home/airflow/.local/lib/python3.7/site-packages/airflow/example_dags/example_subdag_operator.py
[2022-08-11 19:45:30,510] {processor.py:651} INFO - DAG(s) dict_keys(['example_subdag_operator.section-1', 'example_subdag_operator.section-2', 'example_subdag_operator']) retrieved from /home/airflow/.local/lib/python3.7/site-packages/airflow/example_dags/example_subdag_operator.py
[2022-08-11 19:45:30,615] {logging_mixin.py:115} INFO - [2022-08-11 19:45:30,615] {dag.py:2420} INFO - Sync 3 DAGs
[2022-08-11 19:45:30,625] {logging_mixin.py:115} INFO - [2022-08-11 19:45:30,625] {dag.py:2972} INFO - Setting next_dagrun for example_subdag_operator to 2022-01-01T00:00:00+00:00, run_after=2022-01-01T00:00:00+00:00
[2022-08-11 19:45:30,626] {logging_mixin.py:115} INFO - [2022-08-11 19:45:30,626] {dag.py:2972} INFO - Setting next_dagrun for example_subdag_operator.section-1 to None, run_after=None
[2022-08-11 19:45:30,627] {logging_mixin.py:115} INFO - [2022-08-11 19:45:30,627] {dag.py:2972} INFO - Setting next_dagrun for example_subdag_operator.section-2 to None, run_after=None
[2022-08-11 19:45:30,631] {logging_mixin.py:115} INFO - [2022-08-11 19:45:30,631] {dag.py:2420} INFO - Sync 2 DAGs
[2022-08-11 19:45:30,635] {logging_mixin.py:115} INFO - [2022-08-11 19:45:30,635] {dag.py:2972} INFO - Setting next_dagrun for example_subdag_operator.section-1 to None, run_after=None
[2022-08-11 19:45:30,636] {logging_mixin.py:115} INFO - [2022-08-11 19:45:30,636] {dag.py:2972} INFO - Setting next_dagrun for example_subdag_operator.section-2 to None, run_after=None
[2022-08-11 19:45:30,640] {processor.py:161} INFO - Processing /home/airflow/.local/lib/python3.7/site-packages/airflow/example_dags/example_subdag_operator.py took 0.154 seconds
[2022-08-11 19:46:01,245] {processor.py:153} INFO - Started process (PID=249) to work on /home/airflow/.local/lib/python3.7/site-packages/airflow/example_dags/example_subdag_operator.py
[2022-08-11 19:46:01,247] {processor.py:641} INFO - Processing file /home/airflow/.local/lib/python3.7/site-packages/airflow/example_dags/example_subdag_operator.py for tasks to queue
[2022-08-11 19:46:01,248] {logging_mixin.py:115} INFO - [2022-08-11 19:46:01,248] {dagbag.py:508} INFO - Filling up the DagBag from /home/airflow/.local/lib/python3.7/site-packages/airflow/example_dags/example_subdag_operator.py
[2022-08-11 19:46:01,271] {processor.py:651} INFO - DAG(s) dict_keys(['example_subdag_operator.section-1', 'example_subdag_operator.section-2', 'example_subdag_operator']) retrieved from /home/airflow/.local/lib/python3.7/site-packages/airflow/example_dags/example_subdag_operator.py
[2022-08-11 19:46:01,376] {logging_mixin.py:115} INFO - [2022-08-11 19:46:01,376] {dag.py:2420} INFO - Sync 3 DAGs
[2022-08-11 19:46:01,386] {logging_mixin.py:115} INFO - [2022-08-11 19:46:01,386] {dag.py:2972} INFO - Setting next_dagrun for example_subdag_operator to 2022-01-01T00:00:00+00:00, run_after=2022-01-01T00:00:00+00:00
[2022-08-11 19:46:01,387] {logging_mixin.py:115} INFO - [2022-08-11 19:46:01,387] {dag.py:2972} INFO - Setting next_dagrun for example_subdag_operator.section-1 to None, run_after=None
[2022-08-11 19:46:01,388] {logging_mixin.py:115} INFO - [2022-08-11 19:46:01,388] {dag.py:2972} INFO - Setting next_dagrun for example_subdag_operator.section-2 to None, run_after=None
[2022-08-11 19:46:01,393] {logging_mixin.py:115} INFO - [2022-08-11 19:46:01,393] {dag.py:2420} INFO - Sync 2 DAGs
[2022-08-11 19:46:01,396] {logging_mixin.py:115} INFO - [2022-08-11 19:46:01,396] {dag.py:2972} INFO - Setting next_dagrun for example_subdag_operator.section-1 to None, run_after=None
[2022-08-11 19:46:01,398] {logging_mixin.py:115} INFO - [2022-08-11 19:46:01,398] {dag.py:2972} INFO - Setting next_dagrun for example_subdag_operator.section-2 to None, run_after=None
[2022-08-11 19:46:01,403] {processor.py:161} INFO - Processing /home/airflow/.local/lib/python3.7/site-packages/airflow/example_dags/example_subdag_operator.py took 0.161 seconds
[2022-08-11 19:46:32,251] {processor.py:153} INFO - Started process (PID=311) to work on /home/airflow/.local/lib/python3.7/site-packages/airflow/example_dags/example_subdag_operator.py
[2022-08-11 19:46:32,259] {processor.py:641} INFO - Processing file /home/airflow/.local/lib/python3.7/site-packages/airflow/example_dags/example_subdag_operator.py for tasks to queue
[2022-08-11 19:46:32,262] {logging_mixin.py:115} INFO - [2022-08-11 19:46:32,262] {dagbag.py:508} INFO - Filling up the DagBag from /home/airflow/.local/lib/python3.7/site-packages/airflow/example_dags/example_subdag_operator.py
[2022-08-11 19:46:32,291] {processor.py:651} INFO - DAG(s) dict_keys(['example_subdag_operator.section-1', 'example_subdag_operator.section-2', 'example_subdag_operator']) retrieved from /home/airflow/.local/lib/python3.7/site-packages/airflow/example_dags/example_subdag_operator.py
[2022-08-11 19:46:32,437] {logging_mixin.py:115} INFO - [2022-08-11 19:46:32,437] {dag.py:2420} INFO - Sync 3 DAGs
[2022-08-11 19:46:32,450] {logging_mixin.py:115} INFO - [2022-08-11 19:46:32,450] {dag.py:2972} INFO - Setting next_dagrun for example_subdag_operator to 2022-01-01T00:00:00+00:00, run_after=2022-01-01T00:00:00+00:00
[2022-08-11 19:46:32,452] {logging_mixin.py:115} INFO - [2022-08-11 19:46:32,452] {dag.py:2972} INFO - Setting next_dagrun for example_subdag_operator.section-1 to None, run_after=None
[2022-08-11 19:46:32,454] {logging_mixin.py:115} INFO - [2022-08-11 19:46:32,454] {dag.py:2972} INFO - Setting next_dagrun for example_subdag_operator.section-2 to None, run_after=None
[2022-08-11 19:46:32,459] {logging_mixin.py:115} INFO - [2022-08-11 19:46:32,459] {dag.py:2420} INFO - Sync 2 DAGs
[2022-08-11 19:46:32,464] {logging_mixin.py:115} INFO - [2022-08-11 19:46:32,464] {dag.py:2972} INFO - Setting next_dagrun for example_subdag_operator.section-1 to None, run_after=None
[2022-08-11 19:46:32,465] {logging_mixin.py:115} INFO - [2022-08-11 19:46:32,465] {dag.py:2972} INFO - Setting next_dagrun for example_subdag_operator.section-2 to None, run_after=None
[2022-08-11 19:46:32,472] {processor.py:161} INFO - Processing /home/airflow/.local/lib/python3.7/site-packages/airflow/example_dags/example_subdag_operator.py took 0.229 seconds
[2022-08-11 19:47:03,133] {processor.py:153} INFO - Started process (PID=365) to work on /home/airflow/.local/lib/python3.7/site-packages/airflow/example_dags/example_subdag_operator.py
[2022-08-11 19:47:03,134] {processor.py:641} INFO - Processing file /home/airflow/.local/lib/python3.7/site-packages/airflow/example_dags/example_subdag_operator.py for tasks to queue
[2022-08-11 19:47:03,137] {logging_mixin.py:115} INFO - [2022-08-11 19:47:03,137] {dagbag.py:508} INFO - Filling up the DagBag from /home/airflow/.local/lib/python3.7/site-packages/airflow/example_dags/example_subdag_operator.py
[2022-08-11 19:47:03,157] {processor.py:651} INFO - DAG(s) dict_keys(['example_subdag_operator.section-1', 'example_subdag_operator.section-2', 'example_subdag_operator']) retrieved from /home/airflow/.local/lib/python3.7/site-packages/airflow/example_dags/example_subdag_operator.py
[2022-08-11 19:47:03,273] {logging_mixin.py:115} INFO - [2022-08-11 19:47:03,273] {dag.py:2420} INFO - Sync 3 DAGs
[2022-08-11 19:47:03,292] {logging_mixin.py:115} INFO - [2022-08-11 19:47:03,292] {dag.py:2972} INFO - Setting next_dagrun for example_subdag_operator to 2022-01-01T00:00:00+00:00, run_after=2022-01-01T00:00:00+00:00
[2022-08-11 19:47:03,295] {logging_mixin.py:115} INFO - [2022-08-11 19:47:03,295] {dag.py:2972} INFO - Setting next_dagrun for example_subdag_operator.section-1 to None, run_after=None
[2022-08-11 19:47:03,296] {logging_mixin.py:115} INFO - [2022-08-11 19:47:03,296] {dag.py:2972} INFO - Setting next_dagrun for example_subdag_operator.section-2 to None, run_after=None
[2022-08-11 19:47:03,303] {logging_mixin.py:115} INFO - [2022-08-11 19:47:03,303] {dag.py:2420} INFO - Sync 2 DAGs
[2022-08-11 19:47:03,308] {logging_mixin.py:115} INFO - [2022-08-11 19:47:03,308] {dag.py:2972} INFO - Setting next_dagrun for example_subdag_operator.section-1 to None, run_after=None
[2022-08-11 19:47:03,309] {logging_mixin.py:115} INFO - [2022-08-11 19:47:03,309] {dag.py:2972} INFO - Setting next_dagrun for example_subdag_operator.section-2 to None, run_after=None
[2022-08-11 19:47:03,314] {processor.py:161} INFO - Processing /home/airflow/.local/lib/python3.7/site-packages/airflow/example_dags/example_subdag_operator.py took 0.185 seconds
[2022-08-11 19:47:33,693] {processor.py:153} INFO - Started process (PID=427) to work on /home/airflow/.local/lib/python3.7/site-packages/airflow/example_dags/example_subdag_operator.py
[2022-08-11 19:47:33,695] {processor.py:641} INFO - Processing file /home/airflow/.local/lib/python3.7/site-packages/airflow/example_dags/example_subdag_operator.py for tasks to queue
[2022-08-11 19:47:33,696] {logging_mixin.py:115} INFO - [2022-08-11 19:47:33,696] {dagbag.py:508} INFO - Filling up the DagBag from /home/airflow/.local/lib/python3.7/site-packages/airflow/example_dags/example_subdag_operator.py
[2022-08-11 19:47:33,727] {processor.py:651} INFO - DAG(s) dict_keys(['example_subdag_operator.section-1', 'example_subdag_operator.section-2', 'example_subdag_operator']) retrieved from /home/airflow/.local/lib/python3.7/site-packages/airflow/example_dags/example_subdag_operator.py
[2022-08-11 19:47:33,908] {logging_mixin.py:115} INFO - [2022-08-11 19:47:33,908] {dag.py:2420} INFO - Sync 3 DAGs
[2022-08-11 19:47:33,937] {logging_mixin.py:115} INFO - [2022-08-11 19:47:33,936] {dag.py:2972} INFO - Setting next_dagrun for example_subdag_operator to 2022-01-01T00:00:00+00:00, run_after=2022-01-01T00:00:00+00:00
[2022-08-11 19:47:33,939] {logging_mixin.py:115} INFO - [2022-08-11 19:47:33,939] {dag.py:2972} INFO - Setting next_dagrun for example_subdag_operator.section-1 to None, run_after=None
[2022-08-11 19:47:33,942] {logging_mixin.py:115} INFO - [2022-08-11 19:47:33,942] {dag.py:2972} INFO - Setting next_dagrun for example_subdag_operator.section-2 to None, run_after=None
[2022-08-11 19:47:33,952] {logging_mixin.py:115} INFO - [2022-08-11 19:47:33,952] {dag.py:2420} INFO - Sync 2 DAGs
[2022-08-11 19:47:33,961] {logging_mixin.py:115} INFO - [2022-08-11 19:47:33,961] {dag.py:2972} INFO - Setting next_dagrun for example_subdag_operator.section-1 to None, run_after=None
[2022-08-11 19:47:33,968] {logging_mixin.py:115} INFO - [2022-08-11 19:47:33,968] {dag.py:2972} INFO - Setting next_dagrun for example_subdag_operator.section-2 to None, run_after=None
[2022-08-11 19:47:33,978] {processor.py:161} INFO - Processing /home/airflow/.local/lib/python3.7/site-packages/airflow/example_dags/example_subdag_operator.py took 0.292 seconds
[2022-08-11 19:48:04,303] {processor.py:153} INFO - Started process (PID=491) to work on /home/airflow/.local/lib/python3.7/site-packages/airflow/example_dags/example_subdag_operator.py
[2022-08-11 19:48:04,305] {processor.py:641} INFO - Processing file /home/airflow/.local/lib/python3.7/site-packages/airflow/example_dags/example_subdag_operator.py for tasks to queue
[2022-08-11 19:48:04,306] {logging_mixin.py:115} INFO - [2022-08-11 19:48:04,306] {dagbag.py:508} INFO - Filling up the DagBag from /home/airflow/.local/lib/python3.7/site-packages/airflow/example_dags/example_subdag_operator.py
[2022-08-11 19:48:04,327] {processor.py:651} INFO - DAG(s) dict_keys(['example_subdag_operator.section-1', 'example_subdag_operator.section-2', 'example_subdag_operator']) retrieved from /home/airflow/.local/lib/python3.7/site-packages/airflow/example_dags/example_subdag_operator.py
[2022-08-11 19:48:04,421] {logging_mixin.py:115} INFO - [2022-08-11 19:48:04,420] {dag.py:2420} INFO - Sync 3 DAGs
[2022-08-11 19:48:04,430] {logging_mixin.py:115} INFO - [2022-08-11 19:48:04,430] {dag.py:2972} INFO - Setting next_dagrun for example_subdag_operator to 2022-01-01T00:00:00+00:00, run_after=2022-01-01T00:00:00+00:00
[2022-08-11 19:48:04,432] {logging_mixin.py:115} INFO - [2022-08-11 19:48:04,432] {dag.py:2972} INFO - Setting next_dagrun for example_subdag_operator.section-1 to None, run_after=None
[2022-08-11 19:48:04,433] {logging_mixin.py:115} INFO - [2022-08-11 19:48:04,433] {dag.py:2972} INFO - Setting next_dagrun for example_subdag_operator.section-2 to None, run_after=None
[2022-08-11 19:48:04,437] {logging_mixin.py:115} INFO - [2022-08-11 19:48:04,437] {dag.py:2420} INFO - Sync 2 DAGs
[2022-08-11 19:48:04,440] {logging_mixin.py:115} INFO - [2022-08-11 19:48:04,440] {dag.py:2972} INFO - Setting next_dagrun for example_subdag_operator.section-1 to None, run_after=None
[2022-08-11 19:48:04,442] {logging_mixin.py:115} INFO - [2022-08-11 19:48:04,442] {dag.py:2972} INFO - Setting next_dagrun for example_subdag_operator.section-2 to None, run_after=None
[2022-08-11 19:48:04,447] {processor.py:161} INFO - Processing /home/airflow/.local/lib/python3.7/site-packages/airflow/example_dags/example_subdag_operator.py took 0.146 seconds
[2022-08-11 19:48:34,768] {processor.py:153} INFO - Started process (PID=554) to work on /home/airflow/.local/lib/python3.7/site-packages/airflow/example_dags/example_subdag_operator.py
[2022-08-11 19:48:34,769] {processor.py:641} INFO - Processing file /home/airflow/.local/lib/python3.7/site-packages/airflow/example_dags/example_subdag_operator.py for tasks to queue
[2022-08-11 19:48:34,771] {logging_mixin.py:115} INFO - [2022-08-11 19:48:34,771] {dagbag.py:508} INFO - Filling up the DagBag from /home/airflow/.local/lib/python3.7/site-packages/airflow/example_dags/example_subdag_operator.py
[2022-08-11 19:48:34,792] {processor.py:651} INFO - DAG(s) dict_keys(['example_subdag_operator.section-1', 'example_subdag_operator.section-2', 'example_subdag_operator']) retrieved from /home/airflow/.local/lib/python3.7/site-packages/airflow/example_dags/example_subdag_operator.py
[2022-08-11 19:48:34,903] {logging_mixin.py:115} INFO - [2022-08-11 19:48:34,903] {dag.py:2420} INFO - Sync 3 DAGs
[2022-08-11 19:48:34,915] {logging_mixin.py:115} INFO - [2022-08-11 19:48:34,915] {dag.py:2972} INFO - Setting next_dagrun for example_subdag_operator to 2022-01-01T00:00:00+00:00, run_after=2022-01-01T00:00:00+00:00
[2022-08-11 19:48:34,916] {logging_mixin.py:115} INFO - [2022-08-11 19:48:34,916] {dag.py:2972} INFO - Setting next_dagrun for example_subdag_operator.section-1 to None, run_after=None
[2022-08-11 19:48:34,917] {logging_mixin.py:115} INFO - [2022-08-11 19:48:34,917] {dag.py:2972} INFO - Setting next_dagrun for example_subdag_operator.section-2 to None, run_after=None
[2022-08-11 19:48:34,921] {logging_mixin.py:115} INFO - [2022-08-11 19:48:34,921] {dag.py:2420} INFO - Sync 2 DAGs
[2022-08-11 19:48:34,925] {logging_mixin.py:115} INFO - [2022-08-11 19:48:34,925] {dag.py:2972} INFO - Setting next_dagrun for example_subdag_operator.section-1 to None, run_after=None
[2022-08-11 19:48:34,926] {logging_mixin.py:115} INFO - [2022-08-11 19:48:34,925] {dag.py:2972} INFO - Setting next_dagrun for example_subdag_operator.section-2 to None, run_after=None
[2022-08-11 19:48:34,930] {processor.py:161} INFO - Processing /home/airflow/.local/lib/python3.7/site-packages/airflow/example_dags/example_subdag_operator.py took 0.165 seconds
[2022-08-11 19:49:04,971] {processor.py:153} INFO - Started process (PID=608) to work on /home/airflow/.local/lib/python3.7/site-packages/airflow/example_dags/example_subdag_operator.py
[2022-08-11 19:49:04,973] {processor.py:641} INFO - Processing file /home/airflow/.local/lib/python3.7/site-packages/airflow/example_dags/example_subdag_operator.py for tasks to queue
[2022-08-11 19:49:04,975] {logging_mixin.py:115} INFO - [2022-08-11 19:49:04,975] {dagbag.py:508} INFO - Filling up the DagBag from /home/airflow/.local/lib/python3.7/site-packages/airflow/example_dags/example_subdag_operator.py
[2022-08-11 19:49:04,996] {processor.py:651} INFO - DAG(s) dict_keys(['example_subdag_operator.section-1', 'example_subdag_operator.section-2', 'example_subdag_operator']) retrieved from /home/airflow/.local/lib/python3.7/site-packages/airflow/example_dags/example_subdag_operator.py
[2022-08-11 19:49:05,112] {logging_mixin.py:115} INFO - [2022-08-11 19:49:05,112] {dag.py:2420} INFO - Sync 3 DAGs
[2022-08-11 19:49:05,126] {logging_mixin.py:115} INFO - [2022-08-11 19:49:05,126] {dag.py:2972} INFO - Setting next_dagrun for example_subdag_operator to 2022-01-01T00:00:00+00:00, run_after=2022-01-01T00:00:00+00:00
[2022-08-11 19:49:05,128] {logging_mixin.py:115} INFO - [2022-08-11 19:49:05,128] {dag.py:2972} INFO - Setting next_dagrun for example_subdag_operator.section-1 to None, run_after=None
[2022-08-11 19:49:05,140] {logging_mixin.py:115} INFO - [2022-08-11 19:49:05,139] {dag.py:2972} INFO - Setting next_dagrun for example_subdag_operator.section-2 to None, run_after=None
[2022-08-11 19:49:05,146] {logging_mixin.py:115} INFO - [2022-08-11 19:49:05,146] {dag.py:2420} INFO - Sync 2 DAGs
[2022-08-11 19:49:05,149] {logging_mixin.py:115} INFO - [2022-08-11 19:49:05,149] {dag.py:2972} INFO - Setting next_dagrun for example_subdag_operator.section-1 to None, run_after=None
[2022-08-11 19:49:05,150] {logging_mixin.py:115} INFO - [2022-08-11 19:49:05,150] {dag.py:2972} INFO - Setting next_dagrun for example_subdag_operator.section-2 to None, run_after=None
[2022-08-11 19:49:05,155] {processor.py:161} INFO - Processing /home/airflow/.local/lib/python3.7/site-packages/airflow/example_dags/example_subdag_operator.py took 0.187 seconds
[2022-08-11 19:49:35,453] {processor.py:153} INFO - Started process (PID=672) to work on /home/airflow/.local/lib/python3.7/site-packages/airflow/example_dags/example_subdag_operator.py
[2022-08-11 19:49:35,455] {processor.py:641} INFO - Processing file /home/airflow/.local/lib/python3.7/site-packages/airflow/example_dags/example_subdag_operator.py for tasks to queue
[2022-08-11 19:49:35,456] {logging_mixin.py:115} INFO - [2022-08-11 19:49:35,456] {dagbag.py:508} INFO - Filling up the DagBag from /home/airflow/.local/lib/python3.7/site-packages/airflow/example_dags/example_subdag_operator.py
[2022-08-11 19:49:35,477] {processor.py:651} INFO - DAG(s) dict_keys(['example_subdag_operator.section-1', 'example_subdag_operator.section-2', 'example_subdag_operator']) retrieved from /home/airflow/.local/lib/python3.7/site-packages/airflow/example_dags/example_subdag_operator.py
[2022-08-11 19:49:35,599] {logging_mixin.py:115} INFO - [2022-08-11 19:49:35,599] {dag.py:2420} INFO - Sync 3 DAGs
[2022-08-11 19:49:35,613] {logging_mixin.py:115} INFO - [2022-08-11 19:49:35,612] {dag.py:2972} INFO - Setting next_dagrun for example_subdag_operator to 2022-01-01T00:00:00+00:00, run_after=2022-01-01T00:00:00+00:00
[2022-08-11 19:49:35,614] {logging_mixin.py:115} INFO - [2022-08-11 19:49:35,614] {dag.py:2972} INFO - Setting next_dagrun for example_subdag_operator.section-1 to None, run_after=None
[2022-08-11 19:49:35,617] {logging_mixin.py:115} INFO - [2022-08-11 19:49:35,617] {dag.py:2972} INFO - Setting next_dagrun for example_subdag_operator.section-2 to None, run_after=None
[2022-08-11 19:49:35,623] {logging_mixin.py:115} INFO - [2022-08-11 19:49:35,623] {dag.py:2420} INFO - Sync 2 DAGs
[2022-08-11 19:49:35,628] {logging_mixin.py:115} INFO - [2022-08-11 19:49:35,628] {dag.py:2972} INFO - Setting next_dagrun for example_subdag_operator.section-1 to None, run_after=None
[2022-08-11 19:49:35,630] {logging_mixin.py:115} INFO - [2022-08-11 19:49:35,630] {dag.py:2972} INFO - Setting next_dagrun for example_subdag_operator.section-2 to None, run_after=None
[2022-08-11 19:49:35,637] {processor.py:161} INFO - Processing /home/airflow/.local/lib/python3.7/site-packages/airflow/example_dags/example_subdag_operator.py took 0.186 seconds
[2022-08-11 19:50:06,259] {processor.py:153} INFO - Started process (PID=734) to work on /home/airflow/.local/lib/python3.7/site-packages/airflow/example_dags/example_subdag_operator.py
[2022-08-11 19:50:06,261] {processor.py:641} INFO - Processing file /home/airflow/.local/lib/python3.7/site-packages/airflow/example_dags/example_subdag_operator.py for tasks to queue
[2022-08-11 19:50:06,262] {logging_mixin.py:115} INFO - [2022-08-11 19:50:06,262] {dagbag.py:508} INFO - Filling up the DagBag from /home/airflow/.local/lib/python3.7/site-packages/airflow/example_dags/example_subdag_operator.py
[2022-08-11 19:50:06,281] {processor.py:651} INFO - DAG(s) dict_keys(['example_subdag_operator.section-1', 'example_subdag_operator.section-2', 'example_subdag_operator']) retrieved from /home/airflow/.local/lib/python3.7/site-packages/airflow/example_dags/example_subdag_operator.py
[2022-08-11 19:50:06,392] {logging_mixin.py:115} INFO - [2022-08-11 19:50:06,392] {dag.py:2420} INFO - Sync 3 DAGs
[2022-08-11 19:50:06,403] {logging_mixin.py:115} INFO - [2022-08-11 19:50:06,403] {dag.py:2972} INFO - Setting next_dagrun for example_subdag_operator to 2022-01-01T00:00:00+00:00, run_after=2022-01-01T00:00:00+00:00
[2022-08-11 19:50:06,404] {logging_mixin.py:115} INFO - [2022-08-11 19:50:06,404] {dag.py:2972} INFO - Setting next_dagrun for example_subdag_operator.section-1 to None, run_after=None
[2022-08-11 19:50:06,412] {logging_mixin.py:115} INFO - [2022-08-11 19:50:06,412] {dag.py:2972} INFO - Setting next_dagrun for example_subdag_operator.section-2 to None, run_after=None
[2022-08-11 19:50:06,416] {logging_mixin.py:115} INFO - [2022-08-11 19:50:06,416] {dag.py:2420} INFO - Sync 2 DAGs
[2022-08-11 19:50:06,421] {logging_mixin.py:115} INFO - [2022-08-11 19:50:06,421] {dag.py:2972} INFO - Setting next_dagrun for example_subdag_operator.section-1 to None, run_after=None
[2022-08-11 19:50:06,422] {logging_mixin.py:115} INFO - [2022-08-11 19:50:06,422] {dag.py:2972} INFO - Setting next_dagrun for example_subdag_operator.section-2 to None, run_after=None
[2022-08-11 19:50:06,427] {processor.py:161} INFO - Processing /home/airflow/.local/lib/python3.7/site-packages/airflow/example_dags/example_subdag_operator.py took 0.171 seconds
[2022-08-11 19:50:37,633] {processor.py:153} INFO - Started process (PID=795) to work on /home/airflow/.local/lib/python3.7/site-packages/airflow/example_dags/example_subdag_operator.py
[2022-08-11 19:50:37,635] {processor.py:641} INFO - Processing file /home/airflow/.local/lib/python3.7/site-packages/airflow/example_dags/example_subdag_operator.py for tasks to queue
[2022-08-11 19:50:37,636] {logging_mixin.py:115} INFO - [2022-08-11 19:50:37,636] {dagbag.py:508} INFO - Filling up the DagBag from /home/airflow/.local/lib/python3.7/site-packages/airflow/example_dags/example_subdag_operator.py
[2022-08-11 19:50:37,664] {processor.py:651} INFO - DAG(s) dict_keys(['example_subdag_operator.section-1', 'example_subdag_operator.section-2', 'example_subdag_operator']) retrieved from /home/airflow/.local/lib/python3.7/site-packages/airflow/example_dags/example_subdag_operator.py
[2022-08-11 19:50:37,777] {logging_mixin.py:115} INFO - [2022-08-11 19:50:37,777] {dag.py:2420} INFO - Sync 3 DAGs
[2022-08-11 19:50:37,790] {logging_mixin.py:115} INFO - [2022-08-11 19:50:37,790] {dag.py:2972} INFO - Setting next_dagrun for example_subdag_operator to 2022-01-01T00:00:00+00:00, run_after=2022-01-01T00:00:00+00:00
[2022-08-11 19:50:37,792] {logging_mixin.py:115} INFO - [2022-08-11 19:50:37,792] {dag.py:2972} INFO - Setting next_dagrun for example_subdag_operator.section-1 to None, run_after=None
[2022-08-11 19:50:37,793] {logging_mixin.py:115} INFO - [2022-08-11 19:50:37,793] {dag.py:2972} INFO - Setting next_dagrun for example_subdag_operator.section-2 to None, run_after=None
[2022-08-11 19:50:37,798] {logging_mixin.py:115} INFO - [2022-08-11 19:50:37,797] {dag.py:2420} INFO - Sync 2 DAGs
[2022-08-11 19:50:37,803] {logging_mixin.py:115} INFO - [2022-08-11 19:50:37,803] {dag.py:2972} INFO - Setting next_dagrun for example_subdag_operator.section-1 to None, run_after=None
[2022-08-11 19:50:37,804] {logging_mixin.py:115} INFO - [2022-08-11 19:50:37,804] {dag.py:2972} INFO - Setting next_dagrun for example_subdag_operator.section-2 to None, run_after=None
[2022-08-11 19:50:37,809] {processor.py:161} INFO - Processing /home/airflow/.local/lib/python3.7/site-packages/airflow/example_dags/example_subdag_operator.py took 0.179 seconds
[2022-08-11 19:51:08,855] {processor.py:153} INFO - Started process (PID=849) to work on /home/airflow/.local/lib/python3.7/site-packages/airflow/example_dags/example_subdag_operator.py
[2022-08-11 19:51:08,858] {processor.py:641} INFO - Processing file /home/airflow/.local/lib/python3.7/site-packages/airflow/example_dags/example_subdag_operator.py for tasks to queue
[2022-08-11 19:51:08,859] {logging_mixin.py:115} INFO - [2022-08-11 19:51:08,859] {dagbag.py:508} INFO - Filling up the DagBag from /home/airflow/.local/lib/python3.7/site-packages/airflow/example_dags/example_subdag_operator.py
[2022-08-11 19:51:08,889] {processor.py:651} INFO - DAG(s) dict_keys(['example_subdag_operator.section-1', 'example_subdag_operator.section-2', 'example_subdag_operator']) retrieved from /home/airflow/.local/lib/python3.7/site-packages/airflow/example_dags/example_subdag_operator.py
[2022-08-11 19:51:09,012] {logging_mixin.py:115} INFO - [2022-08-11 19:51:09,012] {dag.py:2420} INFO - Sync 3 DAGs
[2022-08-11 19:51:09,025] {logging_mixin.py:115} INFO - [2022-08-11 19:51:09,025] {dag.py:2972} INFO - Setting next_dagrun for example_subdag_operator to 2022-01-01T00:00:00+00:00, run_after=2022-01-01T00:00:00+00:00
[2022-08-11 19:51:09,026] {logging_mixin.py:115} INFO - [2022-08-11 19:51:09,026] {dag.py:2972} INFO - Setting next_dagrun for example_subdag_operator.section-1 to None, run_after=None
[2022-08-11 19:51:09,027] {logging_mixin.py:115} INFO - [2022-08-11 19:51:09,027] {dag.py:2972} INFO - Setting next_dagrun for example_subdag_operator.section-2 to None, run_after=None
[2022-08-11 19:51:09,031] {logging_mixin.py:115} INFO - [2022-08-11 19:51:09,031] {dag.py:2420} INFO - Sync 2 DAGs
[2022-08-11 19:51:09,035] {logging_mixin.py:115} INFO - [2022-08-11 19:51:09,034] {dag.py:2972} INFO - Setting next_dagrun for example_subdag_operator.section-1 to None, run_after=None
[2022-08-11 19:51:09,035] {logging_mixin.py:115} INFO - [2022-08-11 19:51:09,035] {dag.py:2972} INFO - Setting next_dagrun for example_subdag_operator.section-2 to None, run_after=None
[2022-08-11 19:51:09,040] {processor.py:161} INFO - Processing /home/airflow/.local/lib/python3.7/site-packages/airflow/example_dags/example_subdag_operator.py took 0.188 seconds
[2022-08-11 19:51:40,926] {processor.py:153} INFO - Started process (PID=911) to work on /home/airflow/.local/lib/python3.7/site-packages/airflow/example_dags/example_subdag_operator.py
[2022-08-11 19:51:40,929] {processor.py:641} INFO - Processing file /home/airflow/.local/lib/python3.7/site-packages/airflow/example_dags/example_subdag_operator.py for tasks to queue
[2022-08-11 19:51:40,931] {logging_mixin.py:115} INFO - [2022-08-11 19:51:40,931] {dagbag.py:508} INFO - Filling up the DagBag from /home/airflow/.local/lib/python3.7/site-packages/airflow/example_dags/example_subdag_operator.py
[2022-08-11 19:51:40,957] {processor.py:651} INFO - DAG(s) dict_keys(['example_subdag_operator.section-1', 'example_subdag_operator.section-2', 'example_subdag_operator']) retrieved from /home/airflow/.local/lib/python3.7/site-packages/airflow/example_dags/example_subdag_operator.py
[2022-08-11 19:51:41,105] {logging_mixin.py:115} INFO - [2022-08-11 19:51:41,105] {dag.py:2420} INFO - Sync 3 DAGs
[2022-08-11 19:51:41,121] {logging_mixin.py:115} INFO - [2022-08-11 19:51:41,121] {dag.py:2972} INFO - Setting next_dagrun for example_subdag_operator to 2022-01-01T00:00:00+00:00, run_after=2022-01-01T00:00:00+00:00
[2022-08-11 19:51:41,124] {logging_mixin.py:115} INFO - [2022-08-11 19:51:41,123] {dag.py:2972} INFO - Setting next_dagrun for example_subdag_operator.section-1 to None, run_after=None
[2022-08-11 19:51:41,127] {logging_mixin.py:115} INFO - [2022-08-11 19:51:41,127] {dag.py:2972} INFO - Setting next_dagrun for example_subdag_operator.section-2 to None, run_after=None
[2022-08-11 19:51:41,133] {logging_mixin.py:115} INFO - [2022-08-11 19:51:41,133] {dag.py:2420} INFO - Sync 2 DAGs
[2022-08-11 19:51:41,139] {logging_mixin.py:115} INFO - [2022-08-11 19:51:41,139] {dag.py:2972} INFO - Setting next_dagrun for example_subdag_operator.section-1 to None, run_after=None
[2022-08-11 19:51:41,140] {logging_mixin.py:115} INFO - [2022-08-11 19:51:41,140] {dag.py:2972} INFO - Setting next_dagrun for example_subdag_operator.section-2 to None, run_after=None
[2022-08-11 19:51:41,146] {processor.py:161} INFO - Processing /home/airflow/.local/lib/python3.7/site-packages/airflow/example_dags/example_subdag_operator.py took 0.225 seconds
[2022-08-11 19:52:12,034] {processor.py:153} INFO - Started process (PID=974) to work on /home/airflow/.local/lib/python3.7/site-packages/airflow/example_dags/example_subdag_operator.py
[2022-08-11 19:52:12,036] {processor.py:641} INFO - Processing file /home/airflow/.local/lib/python3.7/site-packages/airflow/example_dags/example_subdag_operator.py for tasks to queue
[2022-08-11 19:52:12,037] {logging_mixin.py:115} INFO - [2022-08-11 19:52:12,037] {dagbag.py:508} INFO - Filling up the DagBag from /home/airflow/.local/lib/python3.7/site-packages/airflow/example_dags/example_subdag_operator.py
[2022-08-11 19:52:12,059] {processor.py:651} INFO - DAG(s) dict_keys(['example_subdag_operator.section-1', 'example_subdag_operator.section-2', 'example_subdag_operator']) retrieved from /home/airflow/.local/lib/python3.7/site-packages/airflow/example_dags/example_subdag_operator.py
[2022-08-11 19:52:12,174] {logging_mixin.py:115} INFO - [2022-08-11 19:52:12,174] {dag.py:2420} INFO - Sync 3 DAGs
[2022-08-11 19:52:12,190] {logging_mixin.py:115} INFO - [2022-08-11 19:52:12,189] {dag.py:2972} INFO - Setting next_dagrun for example_subdag_operator to 2022-01-01T00:00:00+00:00, run_after=2022-01-01T00:00:00+00:00
[2022-08-11 19:52:12,191] {logging_mixin.py:115} INFO - [2022-08-11 19:52:12,191] {dag.py:2972} INFO - Setting next_dagrun for example_subdag_operator.section-1 to None, run_after=None
[2022-08-11 19:52:12,193] {logging_mixin.py:115} INFO - [2022-08-11 19:52:12,193] {dag.py:2972} INFO - Setting next_dagrun for example_subdag_operator.section-2 to None, run_after=None
[2022-08-11 19:52:12,200] {logging_mixin.py:115} INFO - [2022-08-11 19:52:12,200] {dag.py:2420} INFO - Sync 2 DAGs
[2022-08-11 19:52:12,208] {logging_mixin.py:115} INFO - [2022-08-11 19:52:12,208] {dag.py:2972} INFO - Setting next_dagrun for example_subdag_operator.section-1 to None, run_after=None
[2022-08-11 19:52:12,212] {logging_mixin.py:115} INFO - [2022-08-11 19:52:12,212] {dag.py:2972} INFO - Setting next_dagrun for example_subdag_operator.section-2 to None, run_after=None
[2022-08-11 19:52:12,220] {processor.py:161} INFO - Processing /home/airflow/.local/lib/python3.7/site-packages/airflow/example_dags/example_subdag_operator.py took 0.189 seconds
[2022-08-11 19:52:42,854] {processor.py:153} INFO - Started process (PID=1037) to work on /home/airflow/.local/lib/python3.7/site-packages/airflow/example_dags/example_subdag_operator.py
[2022-08-11 19:52:42,855] {processor.py:641} INFO - Processing file /home/airflow/.local/lib/python3.7/site-packages/airflow/example_dags/example_subdag_operator.py for tasks to queue
[2022-08-11 19:52:42,856] {logging_mixin.py:115} INFO - [2022-08-11 19:52:42,856] {dagbag.py:508} INFO - Filling up the DagBag from /home/airflow/.local/lib/python3.7/site-packages/airflow/example_dags/example_subdag_operator.py
[2022-08-11 19:52:42,874] {processor.py:651} INFO - DAG(s) dict_keys(['example_subdag_operator.section-1', 'example_subdag_operator.section-2', 'example_subdag_operator']) retrieved from /home/airflow/.local/lib/python3.7/site-packages/airflow/example_dags/example_subdag_operator.py
[2022-08-11 19:52:42,983] {logging_mixin.py:115} INFO - [2022-08-11 19:52:42,983] {dag.py:2420} INFO - Sync 3 DAGs
[2022-08-11 19:52:42,998] {logging_mixin.py:115} INFO - [2022-08-11 19:52:42,998] {dag.py:2972} INFO - Setting next_dagrun for example_subdag_operator to 2022-01-01T00:00:00+00:00, run_after=2022-01-01T00:00:00+00:00
[2022-08-11 19:52:42,999] {logging_mixin.py:115} INFO - [2022-08-11 19:52:42,999] {dag.py:2972} INFO - Setting next_dagrun for example_subdag_operator.section-1 to None, run_after=None
[2022-08-11 19:52:43,001] {logging_mixin.py:115} INFO - [2022-08-11 19:52:43,001] {dag.py:2972} INFO - Setting next_dagrun for example_subdag_operator.section-2 to None, run_after=None
[2022-08-11 19:52:43,006] {logging_mixin.py:115} INFO - [2022-08-11 19:52:43,006] {dag.py:2420} INFO - Sync 2 DAGs
[2022-08-11 19:52:43,011] {logging_mixin.py:115} INFO - [2022-08-11 19:52:43,011] {dag.py:2972} INFO - Setting next_dagrun for example_subdag_operator.section-1 to None, run_after=None
[2022-08-11 19:52:43,012] {logging_mixin.py:115} INFO - [2022-08-11 19:52:43,012] {dag.py:2972} INFO - Setting next_dagrun for example_subdag_operator.section-2 to None, run_after=None
[2022-08-11 19:52:43,018] {processor.py:161} INFO - Processing /home/airflow/.local/lib/python3.7/site-packages/airflow/example_dags/example_subdag_operator.py took 0.167 seconds
[2022-08-11 19:53:13,654] {processor.py:153} INFO - Started process (PID=1101) to work on /home/airflow/.local/lib/python3.7/site-packages/airflow/example_dags/example_subdag_operator.py
[2022-08-11 19:53:13,656] {processor.py:641} INFO - Processing file /home/airflow/.local/lib/python3.7/site-packages/airflow/example_dags/example_subdag_operator.py for tasks to queue
[2022-08-11 19:53:13,657] {logging_mixin.py:115} INFO - [2022-08-11 19:53:13,657] {dagbag.py:508} INFO - Filling up the DagBag from /home/airflow/.local/lib/python3.7/site-packages/airflow/example_dags/example_subdag_operator.py
[2022-08-11 19:53:13,701] {processor.py:651} INFO - DAG(s) dict_keys(['example_subdag_operator.section-1', 'example_subdag_operator.section-2', 'example_subdag_operator']) retrieved from /home/airflow/.local/lib/python3.7/site-packages/airflow/example_dags/example_subdag_operator.py
[2022-08-11 19:53:13,870] {logging_mixin.py:115} INFO - [2022-08-11 19:53:13,870] {dag.py:2420} INFO - Sync 3 DAGs
[2022-08-11 19:53:13,978] {logging_mixin.py:115} INFO - [2022-08-11 19:53:13,978] {dag.py:2972} INFO - Setting next_dagrun for example_subdag_operator to 2022-01-01T00:00:00+00:00, run_after=2022-01-01T00:00:00+00:00
[2022-08-11 19:53:13,988] {logging_mixin.py:115} INFO - [2022-08-11 19:53:13,988] {dag.py:2972} INFO - Setting next_dagrun for example_subdag_operator.section-1 to None, run_after=None
[2022-08-11 19:53:14,001] {logging_mixin.py:115} INFO - [2022-08-11 19:53:14,001] {dag.py:2972} INFO - Setting next_dagrun for example_subdag_operator.section-2 to None, run_after=None
[2022-08-11 19:53:14,021] {logging_mixin.py:115} INFO - [2022-08-11 19:53:14,021] {dag.py:2420} INFO - Sync 2 DAGs
[2022-08-11 19:53:14,030] {logging_mixin.py:115} INFO - [2022-08-11 19:53:14,029] {dag.py:2972} INFO - Setting next_dagrun for example_subdag_operator.section-1 to None, run_after=None
[2022-08-11 19:53:14,036] {logging_mixin.py:115} INFO - [2022-08-11 19:53:14,036] {dag.py:2972} INFO - Setting next_dagrun for example_subdag_operator.section-2 to None, run_after=None
[2022-08-11 19:53:14,050] {processor.py:161} INFO - Processing /home/airflow/.local/lib/python3.7/site-packages/airflow/example_dags/example_subdag_operator.py took 0.399 seconds
[2022-08-11 19:53:44,182] {processor.py:153} INFO - Started process (PID=1155) to work on /home/airflow/.local/lib/python3.7/site-packages/airflow/example_dags/example_subdag_operator.py
[2022-08-11 19:53:44,189] {processor.py:641} INFO - Processing file /home/airflow/.local/lib/python3.7/site-packages/airflow/example_dags/example_subdag_operator.py for tasks to queue
[2022-08-11 19:53:44,191] {logging_mixin.py:115} INFO - [2022-08-11 19:53:44,191] {dagbag.py:508} INFO - Filling up the DagBag from /home/airflow/.local/lib/python3.7/site-packages/airflow/example_dags/example_subdag_operator.py
[2022-08-11 19:53:44,215] {processor.py:651} INFO - DAG(s) dict_keys(['example_subdag_operator.section-1', 'example_subdag_operator.section-2', 'example_subdag_operator']) retrieved from /home/airflow/.local/lib/python3.7/site-packages/airflow/example_dags/example_subdag_operator.py
[2022-08-11 19:53:44,362] {logging_mixin.py:115} INFO - [2022-08-11 19:53:44,362] {dag.py:2420} INFO - Sync 3 DAGs
[2022-08-11 19:53:44,377] {logging_mixin.py:115} INFO - [2022-08-11 19:53:44,377] {dag.py:2972} INFO - Setting next_dagrun for example_subdag_operator to 2022-01-01T00:00:00+00:00, run_after=2022-01-01T00:00:00+00:00
[2022-08-11 19:53:44,378] {logging_mixin.py:115} INFO - [2022-08-11 19:53:44,378] {dag.py:2972} INFO - Setting next_dagrun for example_subdag_operator.section-1 to None, run_after=None
[2022-08-11 19:53:44,379] {logging_mixin.py:115} INFO - [2022-08-11 19:53:44,379] {dag.py:2972} INFO - Setting next_dagrun for example_subdag_operator.section-2 to None, run_after=None
[2022-08-11 19:53:44,387] {logging_mixin.py:115} INFO - [2022-08-11 19:53:44,387] {dag.py:2420} INFO - Sync 2 DAGs
[2022-08-11 19:53:44,392] {logging_mixin.py:115} INFO - [2022-08-11 19:53:44,392] {dag.py:2972} INFO - Setting next_dagrun for example_subdag_operator.section-1 to None, run_after=None
[2022-08-11 19:53:44,393] {logging_mixin.py:115} INFO - [2022-08-11 19:53:44,393] {dag.py:2972} INFO - Setting next_dagrun for example_subdag_operator.section-2 to None, run_after=None
[2022-08-11 19:53:44,398] {processor.py:161} INFO - Processing /home/airflow/.local/lib/python3.7/site-packages/airflow/example_dags/example_subdag_operator.py took 0.219 seconds
[2022-08-11 19:54:14,880] {processor.py:153} INFO - Started process (PID=1217) to work on /home/airflow/.local/lib/python3.7/site-packages/airflow/example_dags/example_subdag_operator.py
[2022-08-11 19:54:14,882] {processor.py:641} INFO - Processing file /home/airflow/.local/lib/python3.7/site-packages/airflow/example_dags/example_subdag_operator.py for tasks to queue
[2022-08-11 19:54:14,899] {logging_mixin.py:115} INFO - [2022-08-11 19:54:14,899] {dagbag.py:508} INFO - Filling up the DagBag from /home/airflow/.local/lib/python3.7/site-packages/airflow/example_dags/example_subdag_operator.py
[2022-08-11 19:54:14,941] {processor.py:651} INFO - DAG(s) dict_keys(['example_subdag_operator.section-1', 'example_subdag_operator.section-2', 'example_subdag_operator']) retrieved from /home/airflow/.local/lib/python3.7/site-packages/airflow/example_dags/example_subdag_operator.py
[2022-08-11 19:54:15,077] {logging_mixin.py:115} INFO - [2022-08-11 19:54:15,077] {dag.py:2420} INFO - Sync 3 DAGs
[2022-08-11 19:54:15,089] {logging_mixin.py:115} INFO - [2022-08-11 19:54:15,089] {dag.py:2972} INFO - Setting next_dagrun for example_subdag_operator to 2022-01-01T00:00:00+00:00, run_after=2022-01-01T00:00:00+00:00
[2022-08-11 19:54:15,090] {logging_mixin.py:115} INFO - [2022-08-11 19:54:15,090] {dag.py:2972} INFO - Setting next_dagrun for example_subdag_operator.section-1 to None, run_after=None
[2022-08-11 19:54:15,091] {logging_mixin.py:115} INFO - [2022-08-11 19:54:15,091] {dag.py:2972} INFO - Setting next_dagrun for example_subdag_operator.section-2 to None, run_after=None
[2022-08-11 19:54:15,095] {logging_mixin.py:115} INFO - [2022-08-11 19:54:15,095] {dag.py:2420} INFO - Sync 2 DAGs
[2022-08-11 19:54:15,099] {logging_mixin.py:115} INFO - [2022-08-11 19:54:15,099] {dag.py:2972} INFO - Setting next_dagrun for example_subdag_operator.section-1 to None, run_after=None
[2022-08-11 19:54:15,100] {logging_mixin.py:115} INFO - [2022-08-11 19:54:15,099] {dag.py:2972} INFO - Setting next_dagrun for example_subdag_operator.section-2 to None, run_after=None
[2022-08-11 19:54:15,104] {processor.py:161} INFO - Processing /home/airflow/.local/lib/python3.7/site-packages/airflow/example_dags/example_subdag_operator.py took 0.227 seconds
[2022-08-11 19:54:45,922] {processor.py:153} INFO - Started process (PID=1280) to work on /home/airflow/.local/lib/python3.7/site-packages/airflow/example_dags/example_subdag_operator.py
[2022-08-11 19:54:45,926] {processor.py:641} INFO - Processing file /home/airflow/.local/lib/python3.7/site-packages/airflow/example_dags/example_subdag_operator.py for tasks to queue
[2022-08-11 19:54:45,928] {logging_mixin.py:115} INFO - [2022-08-11 19:54:45,928] {dagbag.py:508} INFO - Filling up the DagBag from /home/airflow/.local/lib/python3.7/site-packages/airflow/example_dags/example_subdag_operator.py
[2022-08-11 19:54:45,955] {processor.py:651} INFO - DAG(s) dict_keys(['example_subdag_operator.section-1', 'example_subdag_operator.section-2', 'example_subdag_operator']) retrieved from /home/airflow/.local/lib/python3.7/site-packages/airflow/example_dags/example_subdag_operator.py
[2022-08-11 19:54:46,117] {logging_mixin.py:115} INFO - [2022-08-11 19:54:46,117] {dag.py:2420} INFO - Sync 3 DAGs
[2022-08-11 19:54:46,133] {logging_mixin.py:115} INFO - [2022-08-11 19:54:46,133] {dag.py:2972} INFO - Setting next_dagrun for example_subdag_operator to 2022-01-01T00:00:00+00:00, run_after=2022-01-01T00:00:00+00:00
[2022-08-11 19:54:46,137] {logging_mixin.py:115} INFO - [2022-08-11 19:54:46,137] {dag.py:2972} INFO - Setting next_dagrun for example_subdag_operator.section-1 to None, run_after=None
[2022-08-11 19:54:46,139] {logging_mixin.py:115} INFO - [2022-08-11 19:54:46,139] {dag.py:2972} INFO - Setting next_dagrun for example_subdag_operator.section-2 to None, run_after=None
[2022-08-11 19:54:46,144] {logging_mixin.py:115} INFO - [2022-08-11 19:54:46,144] {dag.py:2420} INFO - Sync 2 DAGs
[2022-08-11 19:54:46,149] {logging_mixin.py:115} INFO - [2022-08-11 19:54:46,149] {dag.py:2972} INFO - Setting next_dagrun for example_subdag_operator.section-1 to None, run_after=None
[2022-08-11 19:54:46,150] {logging_mixin.py:115} INFO - [2022-08-11 19:54:46,150] {dag.py:2972} INFO - Setting next_dagrun for example_subdag_operator.section-2 to None, run_after=None
[2022-08-11 19:54:46,156] {processor.py:161} INFO - Processing /home/airflow/.local/lib/python3.7/site-packages/airflow/example_dags/example_subdag_operator.py took 0.237 seconds
[2022-08-11 19:55:16,715] {processor.py:153} INFO - Started process (PID=1343) to work on /home/airflow/.local/lib/python3.7/site-packages/airflow/example_dags/example_subdag_operator.py
[2022-08-11 19:55:16,717] {processor.py:641} INFO - Processing file /home/airflow/.local/lib/python3.7/site-packages/airflow/example_dags/example_subdag_operator.py for tasks to queue
[2022-08-11 19:55:16,718] {logging_mixin.py:115} INFO - [2022-08-11 19:55:16,718] {dagbag.py:508} INFO - Filling up the DagBag from /home/airflow/.local/lib/python3.7/site-packages/airflow/example_dags/example_subdag_operator.py
[2022-08-11 19:55:16,738] {processor.py:651} INFO - DAG(s) dict_keys(['example_subdag_operator.section-1', 'example_subdag_operator.section-2', 'example_subdag_operator']) retrieved from /home/airflow/.local/lib/python3.7/site-packages/airflow/example_dags/example_subdag_operator.py
[2022-08-11 19:55:16,879] {logging_mixin.py:115} INFO - [2022-08-11 19:55:16,879] {dag.py:2420} INFO - Sync 3 DAGs
[2022-08-11 19:55:16,896] {logging_mixin.py:115} INFO - [2022-08-11 19:55:16,896] {dag.py:2972} INFO - Setting next_dagrun for example_subdag_operator to 2022-01-01T00:00:00+00:00, run_after=2022-01-01T00:00:00+00:00
[2022-08-11 19:55:16,897] {logging_mixin.py:115} INFO - [2022-08-11 19:55:16,897] {dag.py:2972} INFO - Setting next_dagrun for example_subdag_operator.section-1 to None, run_after=None
[2022-08-11 19:55:16,898] {logging_mixin.py:115} INFO - [2022-08-11 19:55:16,898] {dag.py:2972} INFO - Setting next_dagrun for example_subdag_operator.section-2 to None, run_after=None
[2022-08-11 19:55:16,903] {logging_mixin.py:115} INFO - [2022-08-11 19:55:16,903] {dag.py:2420} INFO - Sync 2 DAGs
[2022-08-11 19:55:16,907] {logging_mixin.py:115} INFO - [2022-08-11 19:55:16,907] {dag.py:2972} INFO - Setting next_dagrun for example_subdag_operator.section-1 to None, run_after=None
[2022-08-11 19:55:16,909] {logging_mixin.py:115} INFO - [2022-08-11 19:55:16,908] {dag.py:2972} INFO - Setting next_dagrun for example_subdag_operator.section-2 to None, run_after=None
[2022-08-11 19:55:16,915] {processor.py:161} INFO - Processing /home/airflow/.local/lib/python3.7/site-packages/airflow/example_dags/example_subdag_operator.py took 0.203 seconds
[2022-08-11 19:55:47,351] {processor.py:153} INFO - Started process (PID=1397) to work on /home/airflow/.local/lib/python3.7/site-packages/airflow/example_dags/example_subdag_operator.py
[2022-08-11 19:55:47,353] {processor.py:641} INFO - Processing file /home/airflow/.local/lib/python3.7/site-packages/airflow/example_dags/example_subdag_operator.py for tasks to queue
[2022-08-11 19:55:47,354] {logging_mixin.py:115} INFO - [2022-08-11 19:55:47,354] {dagbag.py:508} INFO - Filling up the DagBag from /home/airflow/.local/lib/python3.7/site-packages/airflow/example_dags/example_subdag_operator.py
[2022-08-11 19:55:47,380] {processor.py:651} INFO - DAG(s) dict_keys(['example_subdag_operator.section-1', 'example_subdag_operator.section-2', 'example_subdag_operator']) retrieved from /home/airflow/.local/lib/python3.7/site-packages/airflow/example_dags/example_subdag_operator.py
[2022-08-11 19:55:47,525] {logging_mixin.py:115} INFO - [2022-08-11 19:55:47,525] {dag.py:2420} INFO - Sync 3 DAGs
[2022-08-11 19:55:47,537] {logging_mixin.py:115} INFO - [2022-08-11 19:55:47,537] {dag.py:2972} INFO - Setting next_dagrun for example_subdag_operator to 2022-01-01T00:00:00+00:00, run_after=2022-01-01T00:00:00+00:00
[2022-08-11 19:55:47,538] {logging_mixin.py:115} INFO - [2022-08-11 19:55:47,538] {dag.py:2972} INFO - Setting next_dagrun for example_subdag_operator.section-1 to None, run_after=None
[2022-08-11 19:55:47,540] {logging_mixin.py:115} INFO - [2022-08-11 19:55:47,540] {dag.py:2972} INFO - Setting next_dagrun for example_subdag_operator.section-2 to None, run_after=None
[2022-08-11 19:55:47,545] {logging_mixin.py:115} INFO - [2022-08-11 19:55:47,545] {dag.py:2420} INFO - Sync 2 DAGs
[2022-08-11 19:55:47,549] {logging_mixin.py:115} INFO - [2022-08-11 19:55:47,549] {dag.py:2972} INFO - Setting next_dagrun for example_subdag_operator.section-1 to None, run_after=None
[2022-08-11 19:55:47,550] {logging_mixin.py:115} INFO - [2022-08-11 19:55:47,550] {dag.py:2972} INFO - Setting next_dagrun for example_subdag_operator.section-2 to None, run_after=None
[2022-08-11 19:55:47,556] {processor.py:161} INFO - Processing /home/airflow/.local/lib/python3.7/site-packages/airflow/example_dags/example_subdag_operator.py took 0.207 seconds
