[2022-08-11 19:44:26,547] {processor.py:153} INFO - Started process (PID=56) to work on /home/airflow/.local/lib/python3.7/site-packages/airflow/example_dags/example_latest_only_with_trigger.py
[2022-08-11 19:44:26,549] {processor.py:641} INFO - Processing file /home/airflow/.local/lib/python3.7/site-packages/airflow/example_dags/example_latest_only_with_trigger.py for tasks to queue
[2022-08-11 19:44:26,565] {logging_mixin.py:115} INFO - [2022-08-11 19:44:26,564] {dagbag.py:508} INFO - Filling up the DagBag from /home/airflow/.local/lib/python3.7/site-packages/airflow/example_dags/example_latest_only_with_trigger.py
[2022-08-11 19:44:26,586] {processor.py:651} INFO - DAG(s) dict_keys(['latest_only_with_trigger']) retrieved from /home/airflow/.local/lib/python3.7/site-packages/airflow/example_dags/example_latest_only_with_trigger.py
[2022-08-11 19:44:26,668] {logging_mixin.py:115} INFO - [2022-08-11 19:44:26,668] {dag.py:2420} INFO - Sync 1 DAGs
[2022-08-11 19:44:26,950] {logging_mixin.py:115} INFO - [2022-08-11 19:44:26,950] {dag.py:2972} INFO - Setting next_dagrun for latest_only_with_trigger to 2022-08-11T15:44:26.950205+00:00, run_after=2022-08-11T19:44:26.950205+00:00
[2022-08-11 19:44:26,980] {processor.py:161} INFO - Processing /home/airflow/.local/lib/python3.7/site-packages/airflow/example_dags/example_latest_only_with_trigger.py took 0.437 seconds
[2022-08-11 19:44:57,492] {processor.py:153} INFO - Started process (PID=109) to work on /home/airflow/.local/lib/python3.7/site-packages/airflow/example_dags/example_latest_only_with_trigger.py
[2022-08-11 19:44:57,500] {processor.py:641} INFO - Processing file /home/airflow/.local/lib/python3.7/site-packages/airflow/example_dags/example_latest_only_with_trigger.py for tasks to queue
[2022-08-11 19:44:57,513] {logging_mixin.py:115} INFO - [2022-08-11 19:44:57,513] {dagbag.py:508} INFO - Filling up the DagBag from /home/airflow/.local/lib/python3.7/site-packages/airflow/example_dags/example_latest_only_with_trigger.py
[2022-08-11 19:44:57,562] {processor.py:651} INFO - DAG(s) dict_keys(['latest_only_with_trigger']) retrieved from /home/airflow/.local/lib/python3.7/site-packages/airflow/example_dags/example_latest_only_with_trigger.py
[2022-08-11 19:44:57,689] {logging_mixin.py:115} INFO - [2022-08-11 19:44:57,689] {dag.py:2420} INFO - Sync 1 DAGs
[2022-08-11 19:44:58,026] {logging_mixin.py:115} INFO - [2022-08-11 19:44:58,025] {dag.py:2972} INFO - Setting next_dagrun for latest_only_with_trigger to 2022-08-11T15:44:58.025125+00:00, run_after=2022-08-11T19:44:58.025125+00:00
[2022-08-11 19:44:58,040] {processor.py:161} INFO - Processing /home/airflow/.local/lib/python3.7/site-packages/airflow/example_dags/example_latest_only_with_trigger.py took 0.553 seconds
[2022-08-11 19:45:28,282] {processor.py:153} INFO - Started process (PID=171) to work on /home/airflow/.local/lib/python3.7/site-packages/airflow/example_dags/example_latest_only_with_trigger.py
[2022-08-11 19:45:28,284] {processor.py:641} INFO - Processing file /home/airflow/.local/lib/python3.7/site-packages/airflow/example_dags/example_latest_only_with_trigger.py for tasks to queue
[2022-08-11 19:45:28,286] {logging_mixin.py:115} INFO - [2022-08-11 19:45:28,286] {dagbag.py:508} INFO - Filling up the DagBag from /home/airflow/.local/lib/python3.7/site-packages/airflow/example_dags/example_latest_only_with_trigger.py
[2022-08-11 19:45:28,290] {processor.py:651} INFO - DAG(s) dict_keys(['latest_only_with_trigger']) retrieved from /home/airflow/.local/lib/python3.7/site-packages/airflow/example_dags/example_latest_only_with_trigger.py
[2022-08-11 19:45:28,310] {logging_mixin.py:115} INFO - [2022-08-11 19:45:28,310] {dag.py:2420} INFO - Sync 1 DAGs
[2022-08-11 19:45:28,394] {logging_mixin.py:115} INFO - [2022-08-11 19:45:28,394] {dag.py:2972} INFO - Setting next_dagrun for latest_only_with_trigger to 2022-08-11T15:45:28.394645+00:00, run_after=2022-08-11T19:45:28.394645+00:00
[2022-08-11 19:45:28,401] {processor.py:161} INFO - Processing /home/airflow/.local/lib/python3.7/site-packages/airflow/example_dags/example_latest_only_with_trigger.py took 0.122 seconds
[2022-08-11 19:45:58,816] {processor.py:153} INFO - Started process (PID=235) to work on /home/airflow/.local/lib/python3.7/site-packages/airflow/example_dags/example_latest_only_with_trigger.py
[2022-08-11 19:45:58,818] {processor.py:641} INFO - Processing file /home/airflow/.local/lib/python3.7/site-packages/airflow/example_dags/example_latest_only_with_trigger.py for tasks to queue
[2022-08-11 19:45:58,818] {logging_mixin.py:115} INFO - [2022-08-11 19:45:58,818] {dagbag.py:508} INFO - Filling up the DagBag from /home/airflow/.local/lib/python3.7/site-packages/airflow/example_dags/example_latest_only_with_trigger.py
[2022-08-11 19:45:58,823] {processor.py:651} INFO - DAG(s) dict_keys(['latest_only_with_trigger']) retrieved from /home/airflow/.local/lib/python3.7/site-packages/airflow/example_dags/example_latest_only_with_trigger.py
[2022-08-11 19:45:58,842] {logging_mixin.py:115} INFO - [2022-08-11 19:45:58,842] {dag.py:2420} INFO - Sync 1 DAGs
[2022-08-11 19:45:58,940] {logging_mixin.py:115} INFO - [2022-08-11 19:45:58,940] {dag.py:2972} INFO - Setting next_dagrun for latest_only_with_trigger to 2022-08-11T15:45:58.940703+00:00, run_after=2022-08-11T19:45:58.940703+00:00
[2022-08-11 19:45:58,948] {processor.py:161} INFO - Processing /home/airflow/.local/lib/python3.7/site-packages/airflow/example_dags/example_latest_only_with_trigger.py took 0.134 seconds
[2022-08-11 19:46:29,417] {processor.py:153} INFO - Started process (PID=288) to work on /home/airflow/.local/lib/python3.7/site-packages/airflow/example_dags/example_latest_only_with_trigger.py
[2022-08-11 19:46:29,418] {processor.py:641} INFO - Processing file /home/airflow/.local/lib/python3.7/site-packages/airflow/example_dags/example_latest_only_with_trigger.py for tasks to queue
[2022-08-11 19:46:29,419] {logging_mixin.py:115} INFO - [2022-08-11 19:46:29,419] {dagbag.py:508} INFO - Filling up the DagBag from /home/airflow/.local/lib/python3.7/site-packages/airflow/example_dags/example_latest_only_with_trigger.py
[2022-08-11 19:46:29,424] {processor.py:651} INFO - DAG(s) dict_keys(['latest_only_with_trigger']) retrieved from /home/airflow/.local/lib/python3.7/site-packages/airflow/example_dags/example_latest_only_with_trigger.py
[2022-08-11 19:46:29,445] {logging_mixin.py:115} INFO - [2022-08-11 19:46:29,445] {dag.py:2420} INFO - Sync 1 DAGs
[2022-08-11 19:46:29,530] {logging_mixin.py:115} INFO - [2022-08-11 19:46:29,530] {dag.py:2972} INFO - Setting next_dagrun for latest_only_with_trigger to 2022-08-11T15:46:29.530553+00:00, run_after=2022-08-11T19:46:29.530553+00:00
[2022-08-11 19:46:29,540] {processor.py:161} INFO - Processing /home/airflow/.local/lib/python3.7/site-packages/airflow/example_dags/example_latest_only_with_trigger.py took 0.125 seconds
[2022-08-11 19:47:00,043] {processor.py:153} INFO - Started process (PID=351) to work on /home/airflow/.local/lib/python3.7/site-packages/airflow/example_dags/example_latest_only_with_trigger.py
[2022-08-11 19:47:00,045] {processor.py:641} INFO - Processing file /home/airflow/.local/lib/python3.7/site-packages/airflow/example_dags/example_latest_only_with_trigger.py for tasks to queue
[2022-08-11 19:47:00,046] {logging_mixin.py:115} INFO - [2022-08-11 19:47:00,046] {dagbag.py:508} INFO - Filling up the DagBag from /home/airflow/.local/lib/python3.7/site-packages/airflow/example_dags/example_latest_only_with_trigger.py
[2022-08-11 19:47:00,051] {processor.py:651} INFO - DAG(s) dict_keys(['latest_only_with_trigger']) retrieved from /home/airflow/.local/lib/python3.7/site-packages/airflow/example_dags/example_latest_only_with_trigger.py
[2022-08-11 19:47:00,070] {logging_mixin.py:115} INFO - [2022-08-11 19:47:00,070] {dag.py:2420} INFO - Sync 1 DAGs
[2022-08-11 19:47:00,165] {logging_mixin.py:115} INFO - [2022-08-11 19:47:00,165] {dag.py:2972} INFO - Setting next_dagrun for latest_only_with_trigger to 2022-08-11T15:47:00.165235+00:00, run_after=2022-08-11T19:47:00.165235+00:00
[2022-08-11 19:47:00,173] {processor.py:161} INFO - Processing /home/airflow/.local/lib/python3.7/site-packages/airflow/example_dags/example_latest_only_with_trigger.py took 0.132 seconds
[2022-08-11 19:47:30,526] {processor.py:153} INFO - Started process (PID=413) to work on /home/airflow/.local/lib/python3.7/site-packages/airflow/example_dags/example_latest_only_with_trigger.py
[2022-08-11 19:47:30,528] {processor.py:641} INFO - Processing file /home/airflow/.local/lib/python3.7/site-packages/airflow/example_dags/example_latest_only_with_trigger.py for tasks to queue
[2022-08-11 19:47:30,530] {logging_mixin.py:115} INFO - [2022-08-11 19:47:30,530] {dagbag.py:508} INFO - Filling up the DagBag from /home/airflow/.local/lib/python3.7/site-packages/airflow/example_dags/example_latest_only_with_trigger.py
[2022-08-11 19:47:30,535] {processor.py:651} INFO - DAG(s) dict_keys(['latest_only_with_trigger']) retrieved from /home/airflow/.local/lib/python3.7/site-packages/airflow/example_dags/example_latest_only_with_trigger.py
[2022-08-11 19:47:30,568] {logging_mixin.py:115} INFO - [2022-08-11 19:47:30,568] {dag.py:2420} INFO - Sync 1 DAGs
[2022-08-11 19:47:30,693] {logging_mixin.py:115} INFO - [2022-08-11 19:47:30,693] {dag.py:2972} INFO - Setting next_dagrun for latest_only_with_trigger to 2022-08-11T15:47:30.693320+00:00, run_after=2022-08-11T19:47:30.693320+00:00
[2022-08-11 19:47:30,705] {processor.py:161} INFO - Processing /home/airflow/.local/lib/python3.7/site-packages/airflow/example_dags/example_latest_only_with_trigger.py took 0.181 seconds
[2022-08-11 19:48:00,827] {processor.py:153} INFO - Started process (PID=477) to work on /home/airflow/.local/lib/python3.7/site-packages/airflow/example_dags/example_latest_only_with_trigger.py
[2022-08-11 19:48:00,829] {processor.py:641} INFO - Processing file /home/airflow/.local/lib/python3.7/site-packages/airflow/example_dags/example_latest_only_with_trigger.py for tasks to queue
[2022-08-11 19:48:00,830] {logging_mixin.py:115} INFO - [2022-08-11 19:48:00,830] {dagbag.py:508} INFO - Filling up the DagBag from /home/airflow/.local/lib/python3.7/site-packages/airflow/example_dags/example_latest_only_with_trigger.py
[2022-08-11 19:48:00,835] {processor.py:651} INFO - DAG(s) dict_keys(['latest_only_with_trigger']) retrieved from /home/airflow/.local/lib/python3.7/site-packages/airflow/example_dags/example_latest_only_with_trigger.py
[2022-08-11 19:48:00,855] {logging_mixin.py:115} INFO - [2022-08-11 19:48:00,855] {dag.py:2420} INFO - Sync 1 DAGs
[2022-08-11 19:48:00,946] {logging_mixin.py:115} INFO - [2022-08-11 19:48:00,946] {dag.py:2972} INFO - Setting next_dagrun for latest_only_with_trigger to 2022-08-11T15:48:00.945918+00:00, run_after=2022-08-11T19:48:00.945918+00:00
[2022-08-11 19:48:00,954] {processor.py:161} INFO - Processing /home/airflow/.local/lib/python3.7/site-packages/airflow/example_dags/example_latest_only_with_trigger.py took 0.130 seconds
[2022-08-11 19:48:31,170] {processor.py:153} INFO - Started process (PID=531) to work on /home/airflow/.local/lib/python3.7/site-packages/airflow/example_dags/example_latest_only_with_trigger.py
[2022-08-11 19:48:31,172] {processor.py:641} INFO - Processing file /home/airflow/.local/lib/python3.7/site-packages/airflow/example_dags/example_latest_only_with_trigger.py for tasks to queue
[2022-08-11 19:48:31,173] {logging_mixin.py:115} INFO - [2022-08-11 19:48:31,173] {dagbag.py:508} INFO - Filling up the DagBag from /home/airflow/.local/lib/python3.7/site-packages/airflow/example_dags/example_latest_only_with_trigger.py
[2022-08-11 19:48:31,179] {processor.py:651} INFO - DAG(s) dict_keys(['latest_only_with_trigger']) retrieved from /home/airflow/.local/lib/python3.7/site-packages/airflow/example_dags/example_latest_only_with_trigger.py
[2022-08-11 19:48:31,200] {logging_mixin.py:115} INFO - [2022-08-11 19:48:31,200] {dag.py:2420} INFO - Sync 1 DAGs
[2022-08-11 19:48:31,312] {logging_mixin.py:115} INFO - [2022-08-11 19:48:31,312] {dag.py:2972} INFO - Setting next_dagrun for latest_only_with_trigger to 2022-08-11T15:48:31.312570+00:00, run_after=2022-08-11T19:48:31.312570+00:00
[2022-08-11 19:48:31,321] {processor.py:161} INFO - Processing /home/airflow/.local/lib/python3.7/site-packages/airflow/example_dags/example_latest_only_with_trigger.py took 0.154 seconds
[2022-08-11 19:49:01,598] {processor.py:153} INFO - Started process (PID=594) to work on /home/airflow/.local/lib/python3.7/site-packages/airflow/example_dags/example_latest_only_with_trigger.py
[2022-08-11 19:49:01,600] {processor.py:641} INFO - Processing file /home/airflow/.local/lib/python3.7/site-packages/airflow/example_dags/example_latest_only_with_trigger.py for tasks to queue
[2022-08-11 19:49:01,602] {logging_mixin.py:115} INFO - [2022-08-11 19:49:01,602] {dagbag.py:508} INFO - Filling up the DagBag from /home/airflow/.local/lib/python3.7/site-packages/airflow/example_dags/example_latest_only_with_trigger.py
[2022-08-11 19:49:01,607] {processor.py:651} INFO - DAG(s) dict_keys(['latest_only_with_trigger']) retrieved from /home/airflow/.local/lib/python3.7/site-packages/airflow/example_dags/example_latest_only_with_trigger.py
[2022-08-11 19:49:01,627] {logging_mixin.py:115} INFO - [2022-08-11 19:49:01,627] {dag.py:2420} INFO - Sync 1 DAGs
[2022-08-11 19:49:01,743] {logging_mixin.py:115} INFO - [2022-08-11 19:49:01,743] {dag.py:2972} INFO - Setting next_dagrun for latest_only_with_trigger to 2022-08-11T15:49:01.743032+00:00, run_after=2022-08-11T19:49:01.743032+00:00
[2022-08-11 19:49:01,754] {processor.py:161} INFO - Processing /home/airflow/.local/lib/python3.7/site-packages/airflow/example_dags/example_latest_only_with_trigger.py took 0.158 seconds
[2022-08-11 19:49:32,199] {processor.py:153} INFO - Started process (PID=658) to work on /home/airflow/.local/lib/python3.7/site-packages/airflow/example_dags/example_latest_only_with_trigger.py
[2022-08-11 19:49:32,201] {processor.py:641} INFO - Processing file /home/airflow/.local/lib/python3.7/site-packages/airflow/example_dags/example_latest_only_with_trigger.py for tasks to queue
[2022-08-11 19:49:32,203] {logging_mixin.py:115} INFO - [2022-08-11 19:49:32,203] {dagbag.py:508} INFO - Filling up the DagBag from /home/airflow/.local/lib/python3.7/site-packages/airflow/example_dags/example_latest_only_with_trigger.py
[2022-08-11 19:49:32,209] {processor.py:651} INFO - DAG(s) dict_keys(['latest_only_with_trigger']) retrieved from /home/airflow/.local/lib/python3.7/site-packages/airflow/example_dags/example_latest_only_with_trigger.py
[2022-08-11 19:49:32,231] {logging_mixin.py:115} INFO - [2022-08-11 19:49:32,231] {dag.py:2420} INFO - Sync 1 DAGs
[2022-08-11 19:49:32,336] {logging_mixin.py:115} INFO - [2022-08-11 19:49:32,336] {dag.py:2972} INFO - Setting next_dagrun for latest_only_with_trigger to 2022-08-11T15:49:32.336747+00:00, run_after=2022-08-11T19:49:32.336747+00:00
[2022-08-11 19:49:32,345] {processor.py:161} INFO - Processing /home/airflow/.local/lib/python3.7/site-packages/airflow/example_dags/example_latest_only_with_trigger.py took 0.148 seconds
[2022-08-11 19:50:02,916] {processor.py:153} INFO - Started process (PID=718) to work on /home/airflow/.local/lib/python3.7/site-packages/airflow/example_dags/example_latest_only_with_trigger.py
[2022-08-11 19:50:02,918] {processor.py:641} INFO - Processing file /home/airflow/.local/lib/python3.7/site-packages/airflow/example_dags/example_latest_only_with_trigger.py for tasks to queue
[2022-08-11 19:50:02,920] {logging_mixin.py:115} INFO - [2022-08-11 19:50:02,920] {dagbag.py:508} INFO - Filling up the DagBag from /home/airflow/.local/lib/python3.7/site-packages/airflow/example_dags/example_latest_only_with_trigger.py
[2022-08-11 19:50:02,926] {processor.py:651} INFO - DAG(s) dict_keys(['latest_only_with_trigger']) retrieved from /home/airflow/.local/lib/python3.7/site-packages/airflow/example_dags/example_latest_only_with_trigger.py
[2022-08-11 19:50:02,952] {logging_mixin.py:115} INFO - [2022-08-11 19:50:02,952] {dag.py:2420} INFO - Sync 1 DAGs
[2022-08-11 19:50:03,057] {logging_mixin.py:115} INFO - [2022-08-11 19:50:03,057] {dag.py:2972} INFO - Setting next_dagrun for latest_only_with_trigger to 2022-08-11T15:50:03.057428+00:00, run_after=2022-08-11T19:50:03.057428+00:00
[2022-08-11 19:50:03,066] {processor.py:161} INFO - Processing /home/airflow/.local/lib/python3.7/site-packages/airflow/example_dags/example_latest_only_with_trigger.py took 0.152 seconds
[2022-08-11 19:50:33,518] {processor.py:153} INFO - Started process (PID=773) to work on /home/airflow/.local/lib/python3.7/site-packages/airflow/example_dags/example_latest_only_with_trigger.py
[2022-08-11 19:50:33,520] {processor.py:641} INFO - Processing file /home/airflow/.local/lib/python3.7/site-packages/airflow/example_dags/example_latest_only_with_trigger.py for tasks to queue
[2022-08-11 19:50:33,521] {logging_mixin.py:115} INFO - [2022-08-11 19:50:33,521] {dagbag.py:508} INFO - Filling up the DagBag from /home/airflow/.local/lib/python3.7/site-packages/airflow/example_dags/example_latest_only_with_trigger.py
[2022-08-11 19:50:33,526] {processor.py:651} INFO - DAG(s) dict_keys(['latest_only_with_trigger']) retrieved from /home/airflow/.local/lib/python3.7/site-packages/airflow/example_dags/example_latest_only_with_trigger.py
[2022-08-11 19:50:33,548] {logging_mixin.py:115} INFO - [2022-08-11 19:50:33,548] {dag.py:2420} INFO - Sync 1 DAGs
[2022-08-11 19:50:33,632] {logging_mixin.py:115} INFO - [2022-08-11 19:50:33,632] {dag.py:2972} INFO - Setting next_dagrun for latest_only_with_trigger to 2022-08-11T15:50:33.632067+00:00, run_after=2022-08-11T19:50:33.632067+00:00
[2022-08-11 19:50:33,640] {processor.py:161} INFO - Processing /home/airflow/.local/lib/python3.7/site-packages/airflow/example_dags/example_latest_only_with_trigger.py took 0.124 seconds
[2022-08-11 19:51:04,187] {processor.py:153} INFO - Started process (PID=835) to work on /home/airflow/.local/lib/python3.7/site-packages/airflow/example_dags/example_latest_only_with_trigger.py
[2022-08-11 19:51:04,193] {processor.py:641} INFO - Processing file /home/airflow/.local/lib/python3.7/site-packages/airflow/example_dags/example_latest_only_with_trigger.py for tasks to queue
[2022-08-11 19:51:04,195] {logging_mixin.py:115} INFO - [2022-08-11 19:51:04,195] {dagbag.py:508} INFO - Filling up the DagBag from /home/airflow/.local/lib/python3.7/site-packages/airflow/example_dags/example_latest_only_with_trigger.py
[2022-08-11 19:51:04,201] {processor.py:651} INFO - DAG(s) dict_keys(['latest_only_with_trigger']) retrieved from /home/airflow/.local/lib/python3.7/site-packages/airflow/example_dags/example_latest_only_with_trigger.py
[2022-08-11 19:51:04,232] {logging_mixin.py:115} INFO - [2022-08-11 19:51:04,232] {dag.py:2420} INFO - Sync 1 DAGs
[2022-08-11 19:51:04,330] {logging_mixin.py:115} INFO - [2022-08-11 19:51:04,329] {dag.py:2972} INFO - Setting next_dagrun for latest_only_with_trigger to 2022-08-11T15:51:04.329818+00:00, run_after=2022-08-11T19:51:04.329818+00:00
[2022-08-11 19:51:04,337] {processor.py:161} INFO - Processing /home/airflow/.local/lib/python3.7/site-packages/airflow/example_dags/example_latest_only_with_trigger.py took 0.155 seconds
[2022-08-11 19:51:34,877] {processor.py:153} INFO - Started process (PID=897) to work on /home/airflow/.local/lib/python3.7/site-packages/airflow/example_dags/example_latest_only_with_trigger.py
[2022-08-11 19:51:34,878] {processor.py:641} INFO - Processing file /home/airflow/.local/lib/python3.7/site-packages/airflow/example_dags/example_latest_only_with_trigger.py for tasks to queue
[2022-08-11 19:51:34,879] {logging_mixin.py:115} INFO - [2022-08-11 19:51:34,879] {dagbag.py:508} INFO - Filling up the DagBag from /home/airflow/.local/lib/python3.7/site-packages/airflow/example_dags/example_latest_only_with_trigger.py
[2022-08-11 19:51:34,885] {processor.py:651} INFO - DAG(s) dict_keys(['latest_only_with_trigger']) retrieved from /home/airflow/.local/lib/python3.7/site-packages/airflow/example_dags/example_latest_only_with_trigger.py
[2022-08-11 19:51:34,910] {logging_mixin.py:115} INFO - [2022-08-11 19:51:34,910] {dag.py:2420} INFO - Sync 1 DAGs
[2022-08-11 19:51:34,993] {logging_mixin.py:115} INFO - [2022-08-11 19:51:34,993] {dag.py:2972} INFO - Setting next_dagrun for latest_only_with_trigger to 2022-08-11T15:51:34.993026+00:00, run_after=2022-08-11T19:51:34.993026+00:00
[2022-08-11 19:51:35,000] {processor.py:161} INFO - Processing /home/airflow/.local/lib/python3.7/site-packages/airflow/example_dags/example_latest_only_with_trigger.py took 0.126 seconds
[2022-08-11 19:52:05,508] {processor.py:153} INFO - Started process (PID=960) to work on /home/airflow/.local/lib/python3.7/site-packages/airflow/example_dags/example_latest_only_with_trigger.py
[2022-08-11 19:52:05,512] {processor.py:641} INFO - Processing file /home/airflow/.local/lib/python3.7/site-packages/airflow/example_dags/example_latest_only_with_trigger.py for tasks to queue
[2022-08-11 19:52:05,515] {logging_mixin.py:115} INFO - [2022-08-11 19:52:05,514] {dagbag.py:508} INFO - Filling up the DagBag from /home/airflow/.local/lib/python3.7/site-packages/airflow/example_dags/example_latest_only_with_trigger.py
[2022-08-11 19:52:05,525] {processor.py:651} INFO - DAG(s) dict_keys(['latest_only_with_trigger']) retrieved from /home/airflow/.local/lib/python3.7/site-packages/airflow/example_dags/example_latest_only_with_trigger.py
[2022-08-11 19:52:05,556] {logging_mixin.py:115} INFO - [2022-08-11 19:52:05,556] {dag.py:2420} INFO - Sync 1 DAGs
[2022-08-11 19:52:05,675] {logging_mixin.py:115} INFO - [2022-08-11 19:52:05,675] {dag.py:2972} INFO - Setting next_dagrun for latest_only_with_trigger to 2022-08-11T15:52:05.675431+00:00, run_after=2022-08-11T19:52:05.675431+00:00
[2022-08-11 19:52:05,690] {processor.py:161} INFO - Processing /home/airflow/.local/lib/python3.7/site-packages/airflow/example_dags/example_latest_only_with_trigger.py took 0.190 seconds
[2022-08-11 19:52:36,480] {processor.py:153} INFO - Started process (PID=1014) to work on /home/airflow/.local/lib/python3.7/site-packages/airflow/example_dags/example_latest_only_with_trigger.py
[2022-08-11 19:52:36,482] {processor.py:641} INFO - Processing file /home/airflow/.local/lib/python3.7/site-packages/airflow/example_dags/example_latest_only_with_trigger.py for tasks to queue
[2022-08-11 19:52:36,484] {logging_mixin.py:115} INFO - [2022-08-11 19:52:36,484] {dagbag.py:508} INFO - Filling up the DagBag from /home/airflow/.local/lib/python3.7/site-packages/airflow/example_dags/example_latest_only_with_trigger.py
[2022-08-11 19:52:36,489] {processor.py:651} INFO - DAG(s) dict_keys(['latest_only_with_trigger']) retrieved from /home/airflow/.local/lib/python3.7/site-packages/airflow/example_dags/example_latest_only_with_trigger.py
[2022-08-11 19:52:36,512] {logging_mixin.py:115} INFO - [2022-08-11 19:52:36,512] {dag.py:2420} INFO - Sync 1 DAGs
[2022-08-11 19:52:36,603] {logging_mixin.py:115} INFO - [2022-08-11 19:52:36,603] {dag.py:2972} INFO - Setting next_dagrun for latest_only_with_trigger to 2022-08-11T15:52:36.602879+00:00, run_after=2022-08-11T19:52:36.602879+00:00
[2022-08-11 19:52:36,610] {processor.py:161} INFO - Processing /home/airflow/.local/lib/python3.7/site-packages/airflow/example_dags/example_latest_only_with_trigger.py took 0.132 seconds
[2022-08-11 19:53:06,671] {processor.py:153} INFO - Started process (PID=1077) to work on /home/airflow/.local/lib/python3.7/site-packages/airflow/example_dags/example_latest_only_with_trigger.py
[2022-08-11 19:53:06,672] {processor.py:641} INFO - Processing file /home/airflow/.local/lib/python3.7/site-packages/airflow/example_dags/example_latest_only_with_trigger.py for tasks to queue
[2022-08-11 19:53:06,673] {logging_mixin.py:115} INFO - [2022-08-11 19:53:06,673] {dagbag.py:508} INFO - Filling up the DagBag from /home/airflow/.local/lib/python3.7/site-packages/airflow/example_dags/example_latest_only_with_trigger.py
[2022-08-11 19:53:06,677] {processor.py:651} INFO - DAG(s) dict_keys(['latest_only_with_trigger']) retrieved from /home/airflow/.local/lib/python3.7/site-packages/airflow/example_dags/example_latest_only_with_trigger.py
[2022-08-11 19:53:06,697] {logging_mixin.py:115} INFO - [2022-08-11 19:53:06,697] {dag.py:2420} INFO - Sync 1 DAGs
[2022-08-11 19:53:06,781] {logging_mixin.py:115} INFO - [2022-08-11 19:53:06,781] {dag.py:2972} INFO - Setting next_dagrun for latest_only_with_trigger to 2022-08-11T15:53:06.781633+00:00, run_after=2022-08-11T19:53:06.781633+00:00
[2022-08-11 19:53:06,790] {processor.py:161} INFO - Processing /home/airflow/.local/lib/python3.7/site-packages/airflow/example_dags/example_latest_only_with_trigger.py took 0.121 seconds
[2022-08-11 19:53:37,605] {processor.py:153} INFO - Started process (PID=1141) to work on /home/airflow/.local/lib/python3.7/site-packages/airflow/example_dags/example_latest_only_with_trigger.py
[2022-08-11 19:53:37,606] {processor.py:641} INFO - Processing file /home/airflow/.local/lib/python3.7/site-packages/airflow/example_dags/example_latest_only_with_trigger.py for tasks to queue
[2022-08-11 19:53:37,608] {logging_mixin.py:115} INFO - [2022-08-11 19:53:37,608] {dagbag.py:508} INFO - Filling up the DagBag from /home/airflow/.local/lib/python3.7/site-packages/airflow/example_dags/example_latest_only_with_trigger.py
[2022-08-11 19:53:37,613] {processor.py:651} INFO - DAG(s) dict_keys(['latest_only_with_trigger']) retrieved from /home/airflow/.local/lib/python3.7/site-packages/airflow/example_dags/example_latest_only_with_trigger.py
[2022-08-11 19:53:37,634] {logging_mixin.py:115} INFO - [2022-08-11 19:53:37,634] {dag.py:2420} INFO - Sync 1 DAGs
[2022-08-11 19:53:37,735] {logging_mixin.py:115} INFO - [2022-08-11 19:53:37,735] {dag.py:2972} INFO - Setting next_dagrun for latest_only_with_trigger to 2022-08-11T15:53:37.735363+00:00, run_after=2022-08-11T19:53:37.735363+00:00
[2022-08-11 19:53:37,748] {processor.py:161} INFO - Processing /home/airflow/.local/lib/python3.7/site-packages/airflow/example_dags/example_latest_only_with_trigger.py took 0.146 seconds
[2022-08-11 19:54:07,846] {processor.py:153} INFO - Started process (PID=1203) to work on /home/airflow/.local/lib/python3.7/site-packages/airflow/example_dags/example_latest_only_with_trigger.py
[2022-08-11 19:54:07,849] {processor.py:641} INFO - Processing file /home/airflow/.local/lib/python3.7/site-packages/airflow/example_dags/example_latest_only_with_trigger.py for tasks to queue
[2022-08-11 19:54:07,850] {logging_mixin.py:115} INFO - [2022-08-11 19:54:07,850] {dagbag.py:508} INFO - Filling up the DagBag from /home/airflow/.local/lib/python3.7/site-packages/airflow/example_dags/example_latest_only_with_trigger.py
[2022-08-11 19:54:07,854] {processor.py:651} INFO - DAG(s) dict_keys(['latest_only_with_trigger']) retrieved from /home/airflow/.local/lib/python3.7/site-packages/airflow/example_dags/example_latest_only_with_trigger.py
[2022-08-11 19:54:07,877] {logging_mixin.py:115} INFO - [2022-08-11 19:54:07,876] {dag.py:2420} INFO - Sync 1 DAGs
[2022-08-11 19:54:07,985] {logging_mixin.py:115} INFO - [2022-08-11 19:54:07,984] {dag.py:2972} INFO - Setting next_dagrun for latest_only_with_trigger to 2022-08-11T15:54:07.984860+00:00, run_after=2022-08-11T19:54:07.984860+00:00
[2022-08-11 19:54:07,996] {processor.py:161} INFO - Processing /home/airflow/.local/lib/python3.7/site-packages/airflow/example_dags/example_latest_only_with_trigger.py took 0.153 seconds
[2022-08-11 19:54:38,711] {processor.py:153} INFO - Started process (PID=1257) to work on /home/airflow/.local/lib/python3.7/site-packages/airflow/example_dags/example_latest_only_with_trigger.py
[2022-08-11 19:54:38,713] {processor.py:641} INFO - Processing file /home/airflow/.local/lib/python3.7/site-packages/airflow/example_dags/example_latest_only_with_trigger.py for tasks to queue
[2022-08-11 19:54:38,715] {logging_mixin.py:115} INFO - [2022-08-11 19:54:38,715] {dagbag.py:508} INFO - Filling up the DagBag from /home/airflow/.local/lib/python3.7/site-packages/airflow/example_dags/example_latest_only_with_trigger.py
[2022-08-11 19:54:38,723] {processor.py:651} INFO - DAG(s) dict_keys(['latest_only_with_trigger']) retrieved from /home/airflow/.local/lib/python3.7/site-packages/airflow/example_dags/example_latest_only_with_trigger.py
[2022-08-11 19:54:38,747] {logging_mixin.py:115} INFO - [2022-08-11 19:54:38,747] {dag.py:2420} INFO - Sync 1 DAGs
[2022-08-11 19:54:38,838] {logging_mixin.py:115} INFO - [2022-08-11 19:54:38,838] {dag.py:2972} INFO - Setting next_dagrun for latest_only_with_trigger to 2022-08-11T15:54:38.837867+00:00, run_after=2022-08-11T19:54:38.837867+00:00
[2022-08-11 19:54:38,846] {processor.py:161} INFO - Processing /home/airflow/.local/lib/python3.7/site-packages/airflow/example_dags/example_latest_only_with_trigger.py took 0.138 seconds
[2022-08-11 19:55:08,906] {processor.py:153} INFO - Started process (PID=1320) to work on /home/airflow/.local/lib/python3.7/site-packages/airflow/example_dags/example_latest_only_with_trigger.py
[2022-08-11 19:55:08,908] {processor.py:641} INFO - Processing file /home/airflow/.local/lib/python3.7/site-packages/airflow/example_dags/example_latest_only_with_trigger.py for tasks to queue
[2022-08-11 19:55:08,909] {logging_mixin.py:115} INFO - [2022-08-11 19:55:08,908] {dagbag.py:508} INFO - Filling up the DagBag from /home/airflow/.local/lib/python3.7/site-packages/airflow/example_dags/example_latest_only_with_trigger.py
[2022-08-11 19:55:08,913] {processor.py:651} INFO - DAG(s) dict_keys(['latest_only_with_trigger']) retrieved from /home/airflow/.local/lib/python3.7/site-packages/airflow/example_dags/example_latest_only_with_trigger.py
[2022-08-11 19:55:08,931] {logging_mixin.py:115} INFO - [2022-08-11 19:55:08,931] {dag.py:2420} INFO - Sync 1 DAGs
[2022-08-11 19:55:09,045] {logging_mixin.py:115} INFO - [2022-08-11 19:55:09,045] {dag.py:2972} INFO - Setting next_dagrun for latest_only_with_trigger to 2022-08-11T15:55:09.045017+00:00, run_after=2022-08-11T19:55:09.045017+00:00
[2022-08-11 19:55:09,053] {processor.py:161} INFO - Processing /home/airflow/.local/lib/python3.7/site-packages/airflow/example_dags/example_latest_only_with_trigger.py took 0.149 seconds
[2022-08-11 19:55:39,765] {processor.py:153} INFO - Started process (PID=1383) to work on /home/airflow/.local/lib/python3.7/site-packages/airflow/example_dags/example_latest_only_with_trigger.py
[2022-08-11 19:55:39,768] {processor.py:641} INFO - Processing file /home/airflow/.local/lib/python3.7/site-packages/airflow/example_dags/example_latest_only_with_trigger.py for tasks to queue
[2022-08-11 19:55:39,769] {logging_mixin.py:115} INFO - [2022-08-11 19:55:39,769] {dagbag.py:508} INFO - Filling up the DagBag from /home/airflow/.local/lib/python3.7/site-packages/airflow/example_dags/example_latest_only_with_trigger.py
[2022-08-11 19:55:39,775] {processor.py:651} INFO - DAG(s) dict_keys(['latest_only_with_trigger']) retrieved from /home/airflow/.local/lib/python3.7/site-packages/airflow/example_dags/example_latest_only_with_trigger.py
[2022-08-11 19:55:39,803] {logging_mixin.py:115} INFO - [2022-08-11 19:55:39,803] {dag.py:2420} INFO - Sync 1 DAGs
[2022-08-11 19:55:39,919] {logging_mixin.py:115} INFO - [2022-08-11 19:55:39,919] {dag.py:2972} INFO - Setting next_dagrun for latest_only_with_trigger to 2022-08-11T15:55:39.919187+00:00, run_after=2022-08-11T19:55:39.919187+00:00
[2022-08-11 19:55:39,927] {processor.py:161} INFO - Processing /home/airflow/.local/lib/python3.7/site-packages/airflow/example_dags/example_latest_only_with_trigger.py took 0.165 seconds
