[2022-08-11 19:44:30,179] {processor.py:153} INFO - Started process (PID=74) to work on /home/airflow/.local/lib/python3.7/site-packages/airflow/example_dags/example_branch_operator_decorator.py
[2022-08-11 19:44:30,180] {processor.py:641} INFO - Processing file /home/airflow/.local/lib/python3.7/site-packages/airflow/example_dags/example_branch_operator_decorator.py for tasks to queue
[2022-08-11 19:44:30,181] {logging_mixin.py:115} INFO - [2022-08-11 19:44:30,181] {dagbag.py:508} INFO - Filling up the DagBag from /home/airflow/.local/lib/python3.7/site-packages/airflow/example_dags/example_branch_operator_decorator.py
[2022-08-11 19:44:30,194] {processor.py:651} INFO - DAG(s) dict_keys(['example_branch_python_operator_decorator']) retrieved from /home/airflow/.local/lib/python3.7/site-packages/airflow/example_dags/example_branch_operator_decorator.py
[2022-08-11 19:44:30,315] {logging_mixin.py:115} INFO - [2022-08-11 19:44:30,315] {dag.py:2420} INFO - Sync 1 DAGs
[2022-08-11 19:44:30,328] {logging_mixin.py:115} INFO - [2022-08-11 19:44:30,328] {dag.py:2972} INFO - Setting next_dagrun for example_branch_python_operator_decorator to 2022-08-10T00:00:00+00:00, run_after=2022-08-11T00:00:00+00:00
[2022-08-11 19:44:30,337] {processor.py:161} INFO - Processing /home/airflow/.local/lib/python3.7/site-packages/airflow/example_dags/example_branch_operator_decorator.py took 0.161 seconds
[2022-08-11 19:45:01,693] {processor.py:153} INFO - Started process (PID=136) to work on /home/airflow/.local/lib/python3.7/site-packages/airflow/example_dags/example_branch_operator_decorator.py
[2022-08-11 19:45:01,700] {processor.py:641} INFO - Processing file /home/airflow/.local/lib/python3.7/site-packages/airflow/example_dags/example_branch_operator_decorator.py for tasks to queue
[2022-08-11 19:45:01,705] {logging_mixin.py:115} INFO - [2022-08-11 19:45:01,705] {dagbag.py:508} INFO - Filling up the DagBag from /home/airflow/.local/lib/python3.7/site-packages/airflow/example_dags/example_branch_operator_decorator.py
[2022-08-11 19:45:01,743] {processor.py:651} INFO - DAG(s) dict_keys(['example_branch_python_operator_decorator']) retrieved from /home/airflow/.local/lib/python3.7/site-packages/airflow/example_dags/example_branch_operator_decorator.py
[2022-08-11 19:45:02,127] {logging_mixin.py:115} INFO - [2022-08-11 19:45:02,127] {dag.py:2420} INFO - Sync 1 DAGs
[2022-08-11 19:45:02,163] {logging_mixin.py:115} INFO - [2022-08-11 19:45:02,163] {dag.py:2972} INFO - Setting next_dagrun for example_branch_python_operator_decorator to 2022-08-10T00:00:00+00:00, run_after=2022-08-11T00:00:00+00:00
[2022-08-11 19:45:02,209] {processor.py:161} INFO - Processing /home/airflow/.local/lib/python3.7/site-packages/airflow/example_dags/example_branch_operator_decorator.py took 0.519 seconds
[2022-08-11 19:45:32,878] {processor.py:153} INFO - Started process (PID=190) to work on /home/airflow/.local/lib/python3.7/site-packages/airflow/example_dags/example_branch_operator_decorator.py
[2022-08-11 19:45:32,880] {processor.py:641} INFO - Processing file /home/airflow/.local/lib/python3.7/site-packages/airflow/example_dags/example_branch_operator_decorator.py for tasks to queue
[2022-08-11 19:45:32,882] {logging_mixin.py:115} INFO - [2022-08-11 19:45:32,882] {dagbag.py:508} INFO - Filling up the DagBag from /home/airflow/.local/lib/python3.7/site-packages/airflow/example_dags/example_branch_operator_decorator.py
[2022-08-11 19:45:32,900] {processor.py:651} INFO - DAG(s) dict_keys(['example_branch_python_operator_decorator']) retrieved from /home/airflow/.local/lib/python3.7/site-packages/airflow/example_dags/example_branch_operator_decorator.py
[2022-08-11 19:45:33,003] {logging_mixin.py:115} INFO - [2022-08-11 19:45:33,003] {dag.py:2420} INFO - Sync 1 DAGs
[2022-08-11 19:45:33,020] {logging_mixin.py:115} INFO - [2022-08-11 19:45:33,020] {dag.py:2972} INFO - Setting next_dagrun for example_branch_python_operator_decorator to 2022-08-10T00:00:00+00:00, run_after=2022-08-11T00:00:00+00:00
[2022-08-11 19:45:33,031] {processor.py:161} INFO - Processing /home/airflow/.local/lib/python3.7/site-packages/airflow/example_dags/example_branch_operator_decorator.py took 0.156 seconds
[2022-08-11 19:46:03,633] {processor.py:153} INFO - Started process (PID=254) to work on /home/airflow/.local/lib/python3.7/site-packages/airflow/example_dags/example_branch_operator_decorator.py
[2022-08-11 19:46:03,636] {processor.py:641} INFO - Processing file /home/airflow/.local/lib/python3.7/site-packages/airflow/example_dags/example_branch_operator_decorator.py for tasks to queue
[2022-08-11 19:46:03,637] {logging_mixin.py:115} INFO - [2022-08-11 19:46:03,637] {dagbag.py:508} INFO - Filling up the DagBag from /home/airflow/.local/lib/python3.7/site-packages/airflow/example_dags/example_branch_operator_decorator.py
[2022-08-11 19:46:03,656] {processor.py:651} INFO - DAG(s) dict_keys(['example_branch_python_operator_decorator']) retrieved from /home/airflow/.local/lib/python3.7/site-packages/airflow/example_dags/example_branch_operator_decorator.py
[2022-08-11 19:46:03,752] {logging_mixin.py:115} INFO - [2022-08-11 19:46:03,752] {dag.py:2420} INFO - Sync 1 DAGs
[2022-08-11 19:46:03,767] {logging_mixin.py:115} INFO - [2022-08-11 19:46:03,767] {dag.py:2972} INFO - Setting next_dagrun for example_branch_python_operator_decorator to 2022-08-10T00:00:00+00:00, run_after=2022-08-11T00:00:00+00:00
[2022-08-11 19:46:03,774] {processor.py:161} INFO - Processing /home/airflow/.local/lib/python3.7/site-packages/airflow/example_dags/example_branch_operator_decorator.py took 0.146 seconds
[2022-08-11 19:46:33,883] {processor.py:153} INFO - Started process (PID=316) to work on /home/airflow/.local/lib/python3.7/site-packages/airflow/example_dags/example_branch_operator_decorator.py
[2022-08-11 19:46:33,884] {processor.py:641} INFO - Processing file /home/airflow/.local/lib/python3.7/site-packages/airflow/example_dags/example_branch_operator_decorator.py for tasks to queue
[2022-08-11 19:46:33,885] {logging_mixin.py:115} INFO - [2022-08-11 19:46:33,885] {dagbag.py:508} INFO - Filling up the DagBag from /home/airflow/.local/lib/python3.7/site-packages/airflow/example_dags/example_branch_operator_decorator.py
[2022-08-11 19:46:33,899] {processor.py:651} INFO - DAG(s) dict_keys(['example_branch_python_operator_decorator']) retrieved from /home/airflow/.local/lib/python3.7/site-packages/airflow/example_dags/example_branch_operator_decorator.py
[2022-08-11 19:46:34,000] {logging_mixin.py:115} INFO - [2022-08-11 19:46:34,000] {dag.py:2420} INFO - Sync 1 DAGs
[2022-08-11 19:46:34,013] {logging_mixin.py:115} INFO - [2022-08-11 19:46:34,013] {dag.py:2972} INFO - Setting next_dagrun for example_branch_python_operator_decorator to 2022-08-10T00:00:00+00:00, run_after=2022-08-11T00:00:00+00:00
[2022-08-11 19:46:34,020] {processor.py:161} INFO - Processing /home/airflow/.local/lib/python3.7/site-packages/airflow/example_dags/example_branch_operator_decorator.py took 0.139 seconds
[2022-08-11 19:47:04,713] {processor.py:153} INFO - Started process (PID=379) to work on /home/airflow/.local/lib/python3.7/site-packages/airflow/example_dags/example_branch_operator_decorator.py
[2022-08-11 19:47:04,715] {processor.py:641} INFO - Processing file /home/airflow/.local/lib/python3.7/site-packages/airflow/example_dags/example_branch_operator_decorator.py for tasks to queue
[2022-08-11 19:47:04,716] {logging_mixin.py:115} INFO - [2022-08-11 19:47:04,716] {dagbag.py:508} INFO - Filling up the DagBag from /home/airflow/.local/lib/python3.7/site-packages/airflow/example_dags/example_branch_operator_decorator.py
[2022-08-11 19:47:04,730] {processor.py:651} INFO - DAG(s) dict_keys(['example_branch_python_operator_decorator']) retrieved from /home/airflow/.local/lib/python3.7/site-packages/airflow/example_dags/example_branch_operator_decorator.py
[2022-08-11 19:47:04,845] {logging_mixin.py:115} INFO - [2022-08-11 19:47:04,845] {dag.py:2420} INFO - Sync 1 DAGs
[2022-08-11 19:47:04,859] {logging_mixin.py:115} INFO - [2022-08-11 19:47:04,859] {dag.py:2972} INFO - Setting next_dagrun for example_branch_python_operator_decorator to 2022-08-10T00:00:00+00:00, run_after=2022-08-11T00:00:00+00:00
[2022-08-11 19:47:04,870] {processor.py:161} INFO - Processing /home/airflow/.local/lib/python3.7/site-packages/airflow/example_dags/example_branch_operator_decorator.py took 0.159 seconds
[2022-08-11 19:47:35,419] {processor.py:153} INFO - Started process (PID=432) to work on /home/airflow/.local/lib/python3.7/site-packages/airflow/example_dags/example_branch_operator_decorator.py
[2022-08-11 19:47:35,421] {processor.py:641} INFO - Processing file /home/airflow/.local/lib/python3.7/site-packages/airflow/example_dags/example_branch_operator_decorator.py for tasks to queue
[2022-08-11 19:47:35,422] {logging_mixin.py:115} INFO - [2022-08-11 19:47:35,422] {dagbag.py:508} INFO - Filling up the DagBag from /home/airflow/.local/lib/python3.7/site-packages/airflow/example_dags/example_branch_operator_decorator.py
[2022-08-11 19:47:35,440] {processor.py:651} INFO - DAG(s) dict_keys(['example_branch_python_operator_decorator']) retrieved from /home/airflow/.local/lib/python3.7/site-packages/airflow/example_dags/example_branch_operator_decorator.py
[2022-08-11 19:47:35,553] {logging_mixin.py:115} INFO - [2022-08-11 19:47:35,552] {dag.py:2420} INFO - Sync 1 DAGs
[2022-08-11 19:47:35,574] {logging_mixin.py:115} INFO - [2022-08-11 19:47:35,573] {dag.py:2972} INFO - Setting next_dagrun for example_branch_python_operator_decorator to 2022-08-10T00:00:00+00:00, run_after=2022-08-11T00:00:00+00:00
[2022-08-11 19:47:35,584] {processor.py:161} INFO - Processing /home/airflow/.local/lib/python3.7/site-packages/airflow/example_dags/example_branch_operator_decorator.py took 0.167 seconds
[2022-08-11 19:48:05,735] {processor.py:153} INFO - Started process (PID=496) to work on /home/airflow/.local/lib/python3.7/site-packages/airflow/example_dags/example_branch_operator_decorator.py
[2022-08-11 19:48:05,736] {processor.py:641} INFO - Processing file /home/airflow/.local/lib/python3.7/site-packages/airflow/example_dags/example_branch_operator_decorator.py for tasks to queue
[2022-08-11 19:48:05,737] {logging_mixin.py:115} INFO - [2022-08-11 19:48:05,737] {dagbag.py:508} INFO - Filling up the DagBag from /home/airflow/.local/lib/python3.7/site-packages/airflow/example_dags/example_branch_operator_decorator.py
[2022-08-11 19:48:05,751] {processor.py:651} INFO - DAG(s) dict_keys(['example_branch_python_operator_decorator']) retrieved from /home/airflow/.local/lib/python3.7/site-packages/airflow/example_dags/example_branch_operator_decorator.py
[2022-08-11 19:48:05,848] {logging_mixin.py:115} INFO - [2022-08-11 19:48:05,848] {dag.py:2420} INFO - Sync 1 DAGs
[2022-08-11 19:48:05,860] {logging_mixin.py:115} INFO - [2022-08-11 19:48:05,860] {dag.py:2972} INFO - Setting next_dagrun for example_branch_python_operator_decorator to 2022-08-10T00:00:00+00:00, run_after=2022-08-11T00:00:00+00:00
[2022-08-11 19:48:05,867] {processor.py:161} INFO - Processing /home/airflow/.local/lib/python3.7/site-packages/airflow/example_dags/example_branch_operator_decorator.py took 0.134 seconds
[2022-08-11 19:48:36,983] {processor.py:153} INFO - Started process (PID=559) to work on /home/airflow/.local/lib/python3.7/site-packages/airflow/example_dags/example_branch_operator_decorator.py
[2022-08-11 19:48:36,991] {processor.py:641} INFO - Processing file /home/airflow/.local/lib/python3.7/site-packages/airflow/example_dags/example_branch_operator_decorator.py for tasks to queue
[2022-08-11 19:48:36,993] {logging_mixin.py:115} INFO - [2022-08-11 19:48:36,993] {dagbag.py:508} INFO - Filling up the DagBag from /home/airflow/.local/lib/python3.7/site-packages/airflow/example_dags/example_branch_operator_decorator.py
[2022-08-11 19:48:37,035] {processor.py:651} INFO - DAG(s) dict_keys(['example_branch_python_operator_decorator']) retrieved from /home/airflow/.local/lib/python3.7/site-packages/airflow/example_dags/example_branch_operator_decorator.py
[2022-08-11 19:48:37,550] {logging_mixin.py:115} INFO - [2022-08-11 19:48:37,550] {dag.py:2420} INFO - Sync 1 DAGs
[2022-08-11 19:48:37,590] {logging_mixin.py:115} INFO - [2022-08-11 19:48:37,590] {dag.py:2972} INFO - Setting next_dagrun for example_branch_python_operator_decorator to 2022-08-10T00:00:00+00:00, run_after=2022-08-11T00:00:00+00:00
[2022-08-11 19:48:37,614] {processor.py:161} INFO - Processing /home/airflow/.local/lib/python3.7/site-packages/airflow/example_dags/example_branch_operator_decorator.py took 0.636 seconds
[2022-08-11 19:49:07,714] {processor.py:153} INFO - Started process (PID=622) to work on /home/airflow/.local/lib/python3.7/site-packages/airflow/example_dags/example_branch_operator_decorator.py
[2022-08-11 19:49:07,722] {processor.py:641} INFO - Processing file /home/airflow/.local/lib/python3.7/site-packages/airflow/example_dags/example_branch_operator_decorator.py for tasks to queue
[2022-08-11 19:49:07,723] {logging_mixin.py:115} INFO - [2022-08-11 19:49:07,723] {dagbag.py:508} INFO - Filling up the DagBag from /home/airflow/.local/lib/python3.7/site-packages/airflow/example_dags/example_branch_operator_decorator.py
[2022-08-11 19:49:07,740] {processor.py:651} INFO - DAG(s) dict_keys(['example_branch_python_operator_decorator']) retrieved from /home/airflow/.local/lib/python3.7/site-packages/airflow/example_dags/example_branch_operator_decorator.py
[2022-08-11 19:49:07,837] {logging_mixin.py:115} INFO - [2022-08-11 19:49:07,837] {dag.py:2420} INFO - Sync 1 DAGs
[2022-08-11 19:49:07,851] {logging_mixin.py:115} INFO - [2022-08-11 19:49:07,850] {dag.py:2972} INFO - Setting next_dagrun for example_branch_python_operator_decorator to 2022-08-10T00:00:00+00:00, run_after=2022-08-11T00:00:00+00:00
[2022-08-11 19:49:07,859] {processor.py:161} INFO - Processing /home/airflow/.local/lib/python3.7/site-packages/airflow/example_dags/example_branch_operator_decorator.py took 0.148 seconds
[2022-08-11 19:49:38,334] {processor.py:153} INFO - Started process (PID=677) to work on /home/airflow/.local/lib/python3.7/site-packages/airflow/example_dags/example_branch_operator_decorator.py
[2022-08-11 19:49:38,336] {processor.py:641} INFO - Processing file /home/airflow/.local/lib/python3.7/site-packages/airflow/example_dags/example_branch_operator_decorator.py for tasks to queue
[2022-08-11 19:49:38,337] {logging_mixin.py:115} INFO - [2022-08-11 19:49:38,337] {dagbag.py:508} INFO - Filling up the DagBag from /home/airflow/.local/lib/python3.7/site-packages/airflow/example_dags/example_branch_operator_decorator.py
[2022-08-11 19:49:38,350] {processor.py:651} INFO - DAG(s) dict_keys(['example_branch_python_operator_decorator']) retrieved from /home/airflow/.local/lib/python3.7/site-packages/airflow/example_dags/example_branch_operator_decorator.py
[2022-08-11 19:49:38,458] {logging_mixin.py:115} INFO - [2022-08-11 19:49:38,457] {dag.py:2420} INFO - Sync 1 DAGs
[2022-08-11 19:49:38,471] {logging_mixin.py:115} INFO - [2022-08-11 19:49:38,471] {dag.py:2972} INFO - Setting next_dagrun for example_branch_python_operator_decorator to 2022-08-10T00:00:00+00:00, run_after=2022-08-11T00:00:00+00:00
[2022-08-11 19:49:38,479] {processor.py:161} INFO - Processing /home/airflow/.local/lib/python3.7/site-packages/airflow/example_dags/example_branch_operator_decorator.py took 0.148 seconds
[2022-08-11 19:50:09,053] {processor.py:153} INFO - Started process (PID=739) to work on /home/airflow/.local/lib/python3.7/site-packages/airflow/example_dags/example_branch_operator_decorator.py
[2022-08-11 19:50:09,061] {processor.py:641} INFO - Processing file /home/airflow/.local/lib/python3.7/site-packages/airflow/example_dags/example_branch_operator_decorator.py for tasks to queue
[2022-08-11 19:50:09,063] {logging_mixin.py:115} INFO - [2022-08-11 19:50:09,063] {dagbag.py:508} INFO - Filling up the DagBag from /home/airflow/.local/lib/python3.7/site-packages/airflow/example_dags/example_branch_operator_decorator.py
[2022-08-11 19:50:09,096] {processor.py:651} INFO - DAG(s) dict_keys(['example_branch_python_operator_decorator']) retrieved from /home/airflow/.local/lib/python3.7/site-packages/airflow/example_dags/example_branch_operator_decorator.py
[2022-08-11 19:50:09,215] {logging_mixin.py:115} INFO - [2022-08-11 19:50:09,215] {dag.py:2420} INFO - Sync 1 DAGs
[2022-08-11 19:50:09,243] {logging_mixin.py:115} INFO - [2022-08-11 19:50:09,243] {dag.py:2972} INFO - Setting next_dagrun for example_branch_python_operator_decorator to 2022-08-10T00:00:00+00:00, run_after=2022-08-11T00:00:00+00:00
[2022-08-11 19:50:09,256] {processor.py:161} INFO - Processing /home/airflow/.local/lib/python3.7/site-packages/airflow/example_dags/example_branch_operator_decorator.py took 0.205 seconds
[2022-08-11 19:50:40,148] {processor.py:153} INFO - Started process (PID=800) to work on /home/airflow/.local/lib/python3.7/site-packages/airflow/example_dags/example_branch_operator_decorator.py
[2022-08-11 19:50:40,150] {processor.py:641} INFO - Processing file /home/airflow/.local/lib/python3.7/site-packages/airflow/example_dags/example_branch_operator_decorator.py for tasks to queue
[2022-08-11 19:50:40,151] {logging_mixin.py:115} INFO - [2022-08-11 19:50:40,151] {dagbag.py:508} INFO - Filling up the DagBag from /home/airflow/.local/lib/python3.7/site-packages/airflow/example_dags/example_branch_operator_decorator.py
[2022-08-11 19:50:40,170] {processor.py:651} INFO - DAG(s) dict_keys(['example_branch_python_operator_decorator']) retrieved from /home/airflow/.local/lib/python3.7/site-packages/airflow/example_dags/example_branch_operator_decorator.py
[2022-08-11 19:50:40,288] {logging_mixin.py:115} INFO - [2022-08-11 19:50:40,288] {dag.py:2420} INFO - Sync 1 DAGs
[2022-08-11 19:50:40,302] {logging_mixin.py:115} INFO - [2022-08-11 19:50:40,302] {dag.py:2972} INFO - Setting next_dagrun for example_branch_python_operator_decorator to 2022-08-10T00:00:00+00:00, run_after=2022-08-11T00:00:00+00:00
[2022-08-11 19:50:40,312] {processor.py:161} INFO - Processing /home/airflow/.local/lib/python3.7/site-packages/airflow/example_dags/example_branch_operator_decorator.py took 0.167 seconds
[2022-08-11 19:51:10,357] {processor.py:153} INFO - Started process (PID=863) to work on /home/airflow/.local/lib/python3.7/site-packages/airflow/example_dags/example_branch_operator_decorator.py
[2022-08-11 19:51:10,359] {processor.py:641} INFO - Processing file /home/airflow/.local/lib/python3.7/site-packages/airflow/example_dags/example_branch_operator_decorator.py for tasks to queue
[2022-08-11 19:51:10,360] {logging_mixin.py:115} INFO - [2022-08-11 19:51:10,360] {dagbag.py:508} INFO - Filling up the DagBag from /home/airflow/.local/lib/python3.7/site-packages/airflow/example_dags/example_branch_operator_decorator.py
[2022-08-11 19:51:10,378] {processor.py:651} INFO - DAG(s) dict_keys(['example_branch_python_operator_decorator']) retrieved from /home/airflow/.local/lib/python3.7/site-packages/airflow/example_dags/example_branch_operator_decorator.py
[2022-08-11 19:51:10,518] {logging_mixin.py:115} INFO - [2022-08-11 19:51:10,518] {dag.py:2420} INFO - Sync 1 DAGs
[2022-08-11 19:51:10,538] {logging_mixin.py:115} INFO - [2022-08-11 19:51:10,537] {dag.py:2972} INFO - Setting next_dagrun for example_branch_python_operator_decorator to 2022-08-10T00:00:00+00:00, run_after=2022-08-11T00:00:00+00:00
[2022-08-11 19:51:10,547] {processor.py:161} INFO - Processing /home/airflow/.local/lib/python3.7/site-packages/airflow/example_dags/example_branch_operator_decorator.py took 0.192 seconds
[2022-08-11 19:51:41,647] {processor.py:153} INFO - Started process (PID=916) to work on /home/airflow/.local/lib/python3.7/site-packages/airflow/example_dags/example_branch_operator_decorator.py
[2022-08-11 19:51:41,651] {processor.py:641} INFO - Processing file /home/airflow/.local/lib/python3.7/site-packages/airflow/example_dags/example_branch_operator_decorator.py for tasks to queue
[2022-08-11 19:51:41,652] {logging_mixin.py:115} INFO - [2022-08-11 19:51:41,652] {dagbag.py:508} INFO - Filling up the DagBag from /home/airflow/.local/lib/python3.7/site-packages/airflow/example_dags/example_branch_operator_decorator.py
[2022-08-11 19:51:41,682] {processor.py:651} INFO - DAG(s) dict_keys(['example_branch_python_operator_decorator']) retrieved from /home/airflow/.local/lib/python3.7/site-packages/airflow/example_dags/example_branch_operator_decorator.py
[2022-08-11 19:51:41,834] {logging_mixin.py:115} INFO - [2022-08-11 19:51:41,833] {dag.py:2420} INFO - Sync 1 DAGs
[2022-08-11 19:51:41,851] {logging_mixin.py:115} INFO - [2022-08-11 19:51:41,851] {dag.py:2972} INFO - Setting next_dagrun for example_branch_python_operator_decorator to 2022-08-10T00:00:00+00:00, run_after=2022-08-11T00:00:00+00:00
[2022-08-11 19:51:41,896] {processor.py:161} INFO - Processing /home/airflow/.local/lib/python3.7/site-packages/airflow/example_dags/example_branch_operator_decorator.py took 0.253 seconds
[2022-08-11 19:52:12,662] {processor.py:153} INFO - Started process (PID=979) to work on /home/airflow/.local/lib/python3.7/site-packages/airflow/example_dags/example_branch_operator_decorator.py
[2022-08-11 19:52:12,664] {processor.py:641} INFO - Processing file /home/airflow/.local/lib/python3.7/site-packages/airflow/example_dags/example_branch_operator_decorator.py for tasks to queue
[2022-08-11 19:52:12,665] {logging_mixin.py:115} INFO - [2022-08-11 19:52:12,665] {dagbag.py:508} INFO - Filling up the DagBag from /home/airflow/.local/lib/python3.7/site-packages/airflow/example_dags/example_branch_operator_decorator.py
[2022-08-11 19:52:12,692] {processor.py:651} INFO - DAG(s) dict_keys(['example_branch_python_operator_decorator']) retrieved from /home/airflow/.local/lib/python3.7/site-packages/airflow/example_dags/example_branch_operator_decorator.py
[2022-08-11 19:52:12,850] {logging_mixin.py:115} INFO - [2022-08-11 19:52:12,850] {dag.py:2420} INFO - Sync 1 DAGs
[2022-08-11 19:52:12,863] {logging_mixin.py:115} INFO - [2022-08-11 19:52:12,863] {dag.py:2972} INFO - Setting next_dagrun for example_branch_python_operator_decorator to 2022-08-10T00:00:00+00:00, run_after=2022-08-11T00:00:00+00:00
[2022-08-11 19:52:12,872] {processor.py:161} INFO - Processing /home/airflow/.local/lib/python3.7/site-packages/airflow/example_dags/example_branch_operator_decorator.py took 0.213 seconds
[2022-08-11 19:52:43,448] {processor.py:153} INFO - Started process (PID=1042) to work on /home/airflow/.local/lib/python3.7/site-packages/airflow/example_dags/example_branch_operator_decorator.py
[2022-08-11 19:52:43,450] {processor.py:641} INFO - Processing file /home/airflow/.local/lib/python3.7/site-packages/airflow/example_dags/example_branch_operator_decorator.py for tasks to queue
[2022-08-11 19:52:43,451] {logging_mixin.py:115} INFO - [2022-08-11 19:52:43,451] {dagbag.py:508} INFO - Filling up the DagBag from /home/airflow/.local/lib/python3.7/site-packages/airflow/example_dags/example_branch_operator_decorator.py
[2022-08-11 19:52:43,468] {processor.py:651} INFO - DAG(s) dict_keys(['example_branch_python_operator_decorator']) retrieved from /home/airflow/.local/lib/python3.7/site-packages/airflow/example_dags/example_branch_operator_decorator.py
[2022-08-11 19:52:43,558] {logging_mixin.py:115} INFO - [2022-08-11 19:52:43,558] {dag.py:2420} INFO - Sync 1 DAGs
[2022-08-11 19:52:43,570] {logging_mixin.py:115} INFO - [2022-08-11 19:52:43,570] {dag.py:2972} INFO - Setting next_dagrun for example_branch_python_operator_decorator to 2022-08-10T00:00:00+00:00, run_after=2022-08-11T00:00:00+00:00
[2022-08-11 19:52:43,578] {processor.py:161} INFO - Processing /home/airflow/.local/lib/python3.7/site-packages/airflow/example_dags/example_branch_operator_decorator.py took 0.133 seconds
[2022-08-11 19:53:14,525] {processor.py:153} INFO - Started process (PID=1106) to work on /home/airflow/.local/lib/python3.7/site-packages/airflow/example_dags/example_branch_operator_decorator.py
[2022-08-11 19:53:14,527] {processor.py:641} INFO - Processing file /home/airflow/.local/lib/python3.7/site-packages/airflow/example_dags/example_branch_operator_decorator.py for tasks to queue
[2022-08-11 19:53:14,529] {logging_mixin.py:115} INFO - [2022-08-11 19:53:14,529] {dagbag.py:508} INFO - Filling up the DagBag from /home/airflow/.local/lib/python3.7/site-packages/airflow/example_dags/example_branch_operator_decorator.py
[2022-08-11 19:53:14,545] {processor.py:651} INFO - DAG(s) dict_keys(['example_branch_python_operator_decorator']) retrieved from /home/airflow/.local/lib/python3.7/site-packages/airflow/example_dags/example_branch_operator_decorator.py
[2022-08-11 19:53:14,646] {logging_mixin.py:115} INFO - [2022-08-11 19:53:14,646] {dag.py:2420} INFO - Sync 1 DAGs
[2022-08-11 19:53:14,657] {logging_mixin.py:115} INFO - [2022-08-11 19:53:14,657] {dag.py:2972} INFO - Setting next_dagrun for example_branch_python_operator_decorator to 2022-08-10T00:00:00+00:00, run_after=2022-08-11T00:00:00+00:00
[2022-08-11 19:53:14,663] {processor.py:161} INFO - Processing /home/airflow/.local/lib/python3.7/site-packages/airflow/example_dags/example_branch_operator_decorator.py took 0.145 seconds
[2022-08-11 19:53:44,895] {processor.py:153} INFO - Started process (PID=1168) to work on /home/airflow/.local/lib/python3.7/site-packages/airflow/example_dags/example_branch_operator_decorator.py
[2022-08-11 19:53:44,900] {processor.py:641} INFO - Processing file /home/airflow/.local/lib/python3.7/site-packages/airflow/example_dags/example_branch_operator_decorator.py for tasks to queue
[2022-08-11 19:53:44,901] {logging_mixin.py:115} INFO - [2022-08-11 19:53:44,901] {dagbag.py:508} INFO - Filling up the DagBag from /home/airflow/.local/lib/python3.7/site-packages/airflow/example_dags/example_branch_operator_decorator.py
[2022-08-11 19:53:44,923] {processor.py:651} INFO - DAG(s) dict_keys(['example_branch_python_operator_decorator']) retrieved from /home/airflow/.local/lib/python3.7/site-packages/airflow/example_dags/example_branch_operator_decorator.py
[2022-08-11 19:53:45,071] {logging_mixin.py:115} INFO - [2022-08-11 19:53:45,071] {dag.py:2420} INFO - Sync 1 DAGs
[2022-08-11 19:53:45,088] {logging_mixin.py:115} INFO - [2022-08-11 19:53:45,088] {dag.py:2972} INFO - Setting next_dagrun for example_branch_python_operator_decorator to 2022-08-10T00:00:00+00:00, run_after=2022-08-11T00:00:00+00:00
[2022-08-11 19:53:45,099] {processor.py:161} INFO - Processing /home/airflow/.local/lib/python3.7/site-packages/airflow/example_dags/example_branch_operator_decorator.py took 0.209 seconds
[2022-08-11 19:54:15,646] {processor.py:153} INFO - Started process (PID=1222) to work on /home/airflow/.local/lib/python3.7/site-packages/airflow/example_dags/example_branch_operator_decorator.py
[2022-08-11 19:54:15,647] {processor.py:641} INFO - Processing file /home/airflow/.local/lib/python3.7/site-packages/airflow/example_dags/example_branch_operator_decorator.py for tasks to queue
[2022-08-11 19:54:15,649] {logging_mixin.py:115} INFO - [2022-08-11 19:54:15,648] {dagbag.py:508} INFO - Filling up the DagBag from /home/airflow/.local/lib/python3.7/site-packages/airflow/example_dags/example_branch_operator_decorator.py
[2022-08-11 19:54:15,663] {processor.py:651} INFO - DAG(s) dict_keys(['example_branch_python_operator_decorator']) retrieved from /home/airflow/.local/lib/python3.7/site-packages/airflow/example_dags/example_branch_operator_decorator.py
[2022-08-11 19:54:15,755] {logging_mixin.py:115} INFO - [2022-08-11 19:54:15,755] {dag.py:2420} INFO - Sync 1 DAGs
[2022-08-11 19:54:15,769] {logging_mixin.py:115} INFO - [2022-08-11 19:54:15,769] {dag.py:2972} INFO - Setting next_dagrun for example_branch_python_operator_decorator to 2022-08-10T00:00:00+00:00, run_after=2022-08-11T00:00:00+00:00
[2022-08-11 19:54:15,777] {processor.py:161} INFO - Processing /home/airflow/.local/lib/python3.7/site-packages/airflow/example_dags/example_branch_operator_decorator.py took 0.133 seconds
[2022-08-11 19:54:46,522] {processor.py:153} INFO - Started process (PID=1285) to work on /home/airflow/.local/lib/python3.7/site-packages/airflow/example_dags/example_branch_operator_decorator.py
[2022-08-11 19:54:46,524] {processor.py:641} INFO - Processing file /home/airflow/.local/lib/python3.7/site-packages/airflow/example_dags/example_branch_operator_decorator.py for tasks to queue
[2022-08-11 19:54:46,525] {logging_mixin.py:115} INFO - [2022-08-11 19:54:46,525] {dagbag.py:508} INFO - Filling up the DagBag from /home/airflow/.local/lib/python3.7/site-packages/airflow/example_dags/example_branch_operator_decorator.py
[2022-08-11 19:54:46,547] {processor.py:651} INFO - DAG(s) dict_keys(['example_branch_python_operator_decorator']) retrieved from /home/airflow/.local/lib/python3.7/site-packages/airflow/example_dags/example_branch_operator_decorator.py
[2022-08-11 19:54:46,662] {logging_mixin.py:115} INFO - [2022-08-11 19:54:46,662] {dag.py:2420} INFO - Sync 1 DAGs
[2022-08-11 19:54:46,684] {logging_mixin.py:115} INFO - [2022-08-11 19:54:46,684] {dag.py:2972} INFO - Setting next_dagrun for example_branch_python_operator_decorator to 2022-08-10T00:00:00+00:00, run_after=2022-08-11T00:00:00+00:00
[2022-08-11 19:54:46,697] {processor.py:161} INFO - Processing /home/airflow/.local/lib/python3.7/site-packages/airflow/example_dags/example_branch_operator_decorator.py took 0.178 seconds
[2022-08-11 19:55:17,257] {processor.py:153} INFO - Started process (PID=1348) to work on /home/airflow/.local/lib/python3.7/site-packages/airflow/example_dags/example_branch_operator_decorator.py
[2022-08-11 19:55:17,259] {processor.py:641} INFO - Processing file /home/airflow/.local/lib/python3.7/site-packages/airflow/example_dags/example_branch_operator_decorator.py for tasks to queue
[2022-08-11 19:55:17,260] {logging_mixin.py:115} INFO - [2022-08-11 19:55:17,260] {dagbag.py:508} INFO - Filling up the DagBag from /home/airflow/.local/lib/python3.7/site-packages/airflow/example_dags/example_branch_operator_decorator.py
[2022-08-11 19:55:17,276] {processor.py:651} INFO - DAG(s) dict_keys(['example_branch_python_operator_decorator']) retrieved from /home/airflow/.local/lib/python3.7/site-packages/airflow/example_dags/example_branch_operator_decorator.py
[2022-08-11 19:55:17,379] {logging_mixin.py:115} INFO - [2022-08-11 19:55:17,378] {dag.py:2420} INFO - Sync 1 DAGs
[2022-08-11 19:55:17,391] {logging_mixin.py:115} INFO - [2022-08-11 19:55:17,391] {dag.py:2972} INFO - Setting next_dagrun for example_branch_python_operator_decorator to 2022-08-10T00:00:00+00:00, run_after=2022-08-11T00:00:00+00:00
[2022-08-11 19:55:17,398] {processor.py:161} INFO - Processing /home/airflow/.local/lib/python3.7/site-packages/airflow/example_dags/example_branch_operator_decorator.py took 0.144 seconds
[2022-08-11 19:55:47,859] {processor.py:153} INFO - Started process (PID=1402) to work on /home/airflow/.local/lib/python3.7/site-packages/airflow/example_dags/example_branch_operator_decorator.py
[2022-08-11 19:55:47,871] {processor.py:641} INFO - Processing file /home/airflow/.local/lib/python3.7/site-packages/airflow/example_dags/example_branch_operator_decorator.py for tasks to queue
[2022-08-11 19:55:47,885] {logging_mixin.py:115} INFO - [2022-08-11 19:55:47,885] {dagbag.py:508} INFO - Filling up the DagBag from /home/airflow/.local/lib/python3.7/site-packages/airflow/example_dags/example_branch_operator_decorator.py
[2022-08-11 19:55:47,903] {processor.py:651} INFO - DAG(s) dict_keys(['example_branch_python_operator_decorator']) retrieved from /home/airflow/.local/lib/python3.7/site-packages/airflow/example_dags/example_branch_operator_decorator.py
[2022-08-11 19:55:48,027] {logging_mixin.py:115} INFO - [2022-08-11 19:55:48,027] {dag.py:2420} INFO - Sync 1 DAGs
[2022-08-11 19:55:48,043] {logging_mixin.py:115} INFO - [2022-08-11 19:55:48,043] {dag.py:2972} INFO - Setting next_dagrun for example_branch_python_operator_decorator to 2022-08-10T00:00:00+00:00, run_after=2022-08-11T00:00:00+00:00
[2022-08-11 19:55:48,051] {processor.py:161} INFO - Processing /home/airflow/.local/lib/python3.7/site-packages/airflow/example_dags/example_branch_operator_decorator.py took 0.195 seconds
