[2022-08-11 19:44:21,783] {processor.py:153} INFO - Started process (PID=35) to work on /home/airflow/.local/lib/python3.7/site-packages/airflow/example_dags/example_skip_dag.py
[2022-08-11 19:44:21,785] {processor.py:641} INFO - Processing file /home/airflow/.local/lib/python3.7/site-packages/airflow/example_dags/example_skip_dag.py for tasks to queue
[2022-08-11 19:44:21,792] {logging_mixin.py:115} INFO - [2022-08-11 19:44:21,792] {dagbag.py:508} INFO - Filling up the DagBag from /home/airflow/.local/lib/python3.7/site-packages/airflow/example_dags/example_skip_dag.py
[2022-08-11 19:44:21,804] {processor.py:651} INFO - DAG(s) dict_keys(['example_skip_dag']) retrieved from /home/airflow/.local/lib/python3.7/site-packages/airflow/example_dags/example_skip_dag.py
[2022-08-11 19:44:21,836] {logging_mixin.py:115} INFO - [2022-08-11 19:44:21,836] {dag.py:2420} INFO - Sync 1 DAGs
[2022-08-11 19:44:22,014] {logging_mixin.py:115} INFO - [2022-08-11 19:44:22,014] {dag.py:2972} INFO - Setting next_dagrun for example_skip_dag to 2022-08-10T19:44:22.013844+00:00, run_after=2022-08-11T19:44:22.013844+00:00
[2022-08-11 19:44:22,036] {processor.py:161} INFO - Processing /home/airflow/.local/lib/python3.7/site-packages/airflow/example_dags/example_skip_dag.py took 0.258 seconds
[2022-08-11 19:44:52,884] {processor.py:153} INFO - Started process (PID=98) to work on /home/airflow/.local/lib/python3.7/site-packages/airflow/example_dags/example_skip_dag.py
[2022-08-11 19:44:52,894] {processor.py:641} INFO - Processing file /home/airflow/.local/lib/python3.7/site-packages/airflow/example_dags/example_skip_dag.py for tasks to queue
[2022-08-11 19:44:52,912] {logging_mixin.py:115} INFO - [2022-08-11 19:44:52,912] {dagbag.py:508} INFO - Filling up the DagBag from /home/airflow/.local/lib/python3.7/site-packages/airflow/example_dags/example_skip_dag.py
[2022-08-11 19:44:53,012] {processor.py:651} INFO - DAG(s) dict_keys(['example_skip_dag']) retrieved from /home/airflow/.local/lib/python3.7/site-packages/airflow/example_dags/example_skip_dag.py
[2022-08-11 19:44:53,182] {logging_mixin.py:115} INFO - [2022-08-11 19:44:53,182] {dag.py:2420} INFO - Sync 1 DAGs
[2022-08-11 19:44:53,478] {logging_mixin.py:115} INFO - [2022-08-11 19:44:53,478] {dag.py:2972} INFO - Setting next_dagrun for example_skip_dag to 2022-08-10T19:44:53.477996+00:00, run_after=2022-08-11T19:44:53.477996+00:00
[2022-08-11 19:44:53,503] {processor.py:161} INFO - Processing /home/airflow/.local/lib/python3.7/site-packages/airflow/example_dags/example_skip_dag.py took 0.628 seconds
[2022-08-11 19:45:23,763] {processor.py:153} INFO - Started process (PID=159) to work on /home/airflow/.local/lib/python3.7/site-packages/airflow/example_dags/example_skip_dag.py
[2022-08-11 19:45:23,765] {processor.py:641} INFO - Processing file /home/airflow/.local/lib/python3.7/site-packages/airflow/example_dags/example_skip_dag.py for tasks to queue
[2022-08-11 19:45:23,767] {logging_mixin.py:115} INFO - [2022-08-11 19:45:23,767] {dagbag.py:508} INFO - Filling up the DagBag from /home/airflow/.local/lib/python3.7/site-packages/airflow/example_dags/example_skip_dag.py
[2022-08-11 19:45:23,774] {processor.py:651} INFO - DAG(s) dict_keys(['example_skip_dag']) retrieved from /home/airflow/.local/lib/python3.7/site-packages/airflow/example_dags/example_skip_dag.py
[2022-08-11 19:45:23,806] {logging_mixin.py:115} INFO - [2022-08-11 19:45:23,806] {dag.py:2420} INFO - Sync 1 DAGs
[2022-08-11 19:45:24,055] {logging_mixin.py:115} INFO - [2022-08-11 19:45:24,055] {dag.py:2972} INFO - Setting next_dagrun for example_skip_dag to 2022-08-10T19:45:24.055347+00:00, run_after=2022-08-11T19:45:24.055347+00:00
[2022-08-11 19:45:24,075] {processor.py:161} INFO - Processing /home/airflow/.local/lib/python3.7/site-packages/airflow/example_dags/example_skip_dag.py took 0.315 seconds
[2022-08-11 19:45:54,738] {processor.py:153} INFO - Started process (PID=215) to work on /home/airflow/.local/lib/python3.7/site-packages/airflow/example_dags/example_skip_dag.py
[2022-08-11 19:45:54,741] {processor.py:641} INFO - Processing file /home/airflow/.local/lib/python3.7/site-packages/airflow/example_dags/example_skip_dag.py for tasks to queue
[2022-08-11 19:45:54,743] {logging_mixin.py:115} INFO - [2022-08-11 19:45:54,743] {dagbag.py:508} INFO - Filling up the DagBag from /home/airflow/.local/lib/python3.7/site-packages/airflow/example_dags/example_skip_dag.py
[2022-08-11 19:45:54,764] {processor.py:651} INFO - DAG(s) dict_keys(['example_skip_dag']) retrieved from /home/airflow/.local/lib/python3.7/site-packages/airflow/example_dags/example_skip_dag.py
[2022-08-11 19:45:54,830] {logging_mixin.py:115} INFO - [2022-08-11 19:45:54,830] {dag.py:2420} INFO - Sync 1 DAGs
[2022-08-11 19:45:55,020] {logging_mixin.py:115} INFO - [2022-08-11 19:45:55,020] {dag.py:2972} INFO - Setting next_dagrun for example_skip_dag to 2022-08-10T19:45:55.020509+00:00, run_after=2022-08-11T19:45:55.020509+00:00
[2022-08-11 19:45:55,030] {processor.py:161} INFO - Processing /home/airflow/.local/lib/python3.7/site-packages/airflow/example_dags/example_skip_dag.py took 0.302 seconds
[2022-08-11 19:46:25,176] {processor.py:153} INFO - Started process (PID=276) to work on /home/airflow/.local/lib/python3.7/site-packages/airflow/example_dags/example_skip_dag.py
[2022-08-11 19:46:25,178] {processor.py:641} INFO - Processing file /home/airflow/.local/lib/python3.7/site-packages/airflow/example_dags/example_skip_dag.py for tasks to queue
[2022-08-11 19:46:25,180] {logging_mixin.py:115} INFO - [2022-08-11 19:46:25,180] {dagbag.py:508} INFO - Filling up the DagBag from /home/airflow/.local/lib/python3.7/site-packages/airflow/example_dags/example_skip_dag.py
[2022-08-11 19:46:25,188] {processor.py:651} INFO - DAG(s) dict_keys(['example_skip_dag']) retrieved from /home/airflow/.local/lib/python3.7/site-packages/airflow/example_dags/example_skip_dag.py
[2022-08-11 19:46:25,228] {logging_mixin.py:115} INFO - [2022-08-11 19:46:25,228] {dag.py:2420} INFO - Sync 1 DAGs
[2022-08-11 19:46:25,445] {logging_mixin.py:115} INFO - [2022-08-11 19:46:25,445] {dag.py:2972} INFO - Setting next_dagrun for example_skip_dag to 2022-08-10T19:46:25.445670+00:00, run_after=2022-08-11T19:46:25.445670+00:00
[2022-08-11 19:46:25,454] {processor.py:161} INFO - Processing /home/airflow/.local/lib/python3.7/site-packages/airflow/example_dags/example_skip_dag.py took 0.282 seconds
[2022-08-11 19:46:55,559] {processor.py:153} INFO - Started process (PID=339) to work on /home/airflow/.local/lib/python3.7/site-packages/airflow/example_dags/example_skip_dag.py
[2022-08-11 19:46:55,561] {processor.py:641} INFO - Processing file /home/airflow/.local/lib/python3.7/site-packages/airflow/example_dags/example_skip_dag.py for tasks to queue
[2022-08-11 19:46:55,562] {logging_mixin.py:115} INFO - [2022-08-11 19:46:55,562] {dagbag.py:508} INFO - Filling up the DagBag from /home/airflow/.local/lib/python3.7/site-packages/airflow/example_dags/example_skip_dag.py
[2022-08-11 19:46:55,573] {processor.py:651} INFO - DAG(s) dict_keys(['example_skip_dag']) retrieved from /home/airflow/.local/lib/python3.7/site-packages/airflow/example_dags/example_skip_dag.py
[2022-08-11 19:46:55,602] {logging_mixin.py:115} INFO - [2022-08-11 19:46:55,602] {dag.py:2420} INFO - Sync 1 DAGs
[2022-08-11 19:46:55,764] {logging_mixin.py:115} INFO - [2022-08-11 19:46:55,764] {dag.py:2972} INFO - Setting next_dagrun for example_skip_dag to 2022-08-10T19:46:55.764380+00:00, run_after=2022-08-11T19:46:55.764380+00:00
[2022-08-11 19:46:55,773] {processor.py:161} INFO - Processing /home/airflow/.local/lib/python3.7/site-packages/airflow/example_dags/example_skip_dag.py took 0.218 seconds
[2022-08-11 19:47:25,846] {processor.py:153} INFO - Started process (PID=394) to work on /home/airflow/.local/lib/python3.7/site-packages/airflow/example_dags/example_skip_dag.py
[2022-08-11 19:47:25,848] {processor.py:641} INFO - Processing file /home/airflow/.local/lib/python3.7/site-packages/airflow/example_dags/example_skip_dag.py for tasks to queue
[2022-08-11 19:47:25,849] {logging_mixin.py:115} INFO - [2022-08-11 19:47:25,849] {dagbag.py:508} INFO - Filling up the DagBag from /home/airflow/.local/lib/python3.7/site-packages/airflow/example_dags/example_skip_dag.py
[2022-08-11 19:47:25,858] {processor.py:651} INFO - DAG(s) dict_keys(['example_skip_dag']) retrieved from /home/airflow/.local/lib/python3.7/site-packages/airflow/example_dags/example_skip_dag.py
[2022-08-11 19:47:25,900] {logging_mixin.py:115} INFO - [2022-08-11 19:47:25,900] {dag.py:2420} INFO - Sync 1 DAGs
[2022-08-11 19:47:26,114] {logging_mixin.py:115} INFO - [2022-08-11 19:47:26,114] {dag.py:2972} INFO - Setting next_dagrun for example_skip_dag to 2022-08-10T19:47:26.114012+00:00, run_after=2022-08-11T19:47:26.114012+00:00
[2022-08-11 19:47:26,124] {processor.py:161} INFO - Processing /home/airflow/.local/lib/python3.7/site-packages/airflow/example_dags/example_skip_dag.py took 0.282 seconds
[2022-08-11 19:47:56,371] {processor.py:153} INFO - Started process (PID=458) to work on /home/airflow/.local/lib/python3.7/site-packages/airflow/example_dags/example_skip_dag.py
[2022-08-11 19:47:56,374] {processor.py:641} INFO - Processing file /home/airflow/.local/lib/python3.7/site-packages/airflow/example_dags/example_skip_dag.py for tasks to queue
[2022-08-11 19:47:56,375] {logging_mixin.py:115} INFO - [2022-08-11 19:47:56,375] {dagbag.py:508} INFO - Filling up the DagBag from /home/airflow/.local/lib/python3.7/site-packages/airflow/example_dags/example_skip_dag.py
[2022-08-11 19:47:56,403] {processor.py:651} INFO - DAG(s) dict_keys(['example_skip_dag']) retrieved from /home/airflow/.local/lib/python3.7/site-packages/airflow/example_dags/example_skip_dag.py
[2022-08-11 19:47:56,453] {logging_mixin.py:115} INFO - [2022-08-11 19:47:56,452] {dag.py:2420} INFO - Sync 1 DAGs
[2022-08-11 19:47:56,690] {logging_mixin.py:115} INFO - [2022-08-11 19:47:56,689] {dag.py:2972} INFO - Setting next_dagrun for example_skip_dag to 2022-08-10T19:47:56.688138+00:00, run_after=2022-08-11T19:47:56.688138+00:00
[2022-08-11 19:47:56,714] {processor.py:161} INFO - Processing /home/airflow/.local/lib/python3.7/site-packages/airflow/example_dags/example_skip_dag.py took 0.357 seconds
[2022-08-11 19:48:26,804] {processor.py:153} INFO - Started process (PID=521) to work on /home/airflow/.local/lib/python3.7/site-packages/airflow/example_dags/example_skip_dag.py
[2022-08-11 19:48:26,806] {processor.py:641} INFO - Processing file /home/airflow/.local/lib/python3.7/site-packages/airflow/example_dags/example_skip_dag.py for tasks to queue
[2022-08-11 19:48:26,808] {logging_mixin.py:115} INFO - [2022-08-11 19:48:26,808] {dagbag.py:508} INFO - Filling up the DagBag from /home/airflow/.local/lib/python3.7/site-packages/airflow/example_dags/example_skip_dag.py
[2022-08-11 19:48:26,818] {processor.py:651} INFO - DAG(s) dict_keys(['example_skip_dag']) retrieved from /home/airflow/.local/lib/python3.7/site-packages/airflow/example_dags/example_skip_dag.py
[2022-08-11 19:48:26,849] {logging_mixin.py:115} INFO - [2022-08-11 19:48:26,849] {dag.py:2420} INFO - Sync 1 DAGs
[2022-08-11 19:48:27,012] {logging_mixin.py:115} INFO - [2022-08-11 19:48:27,012] {dag.py:2972} INFO - Setting next_dagrun for example_skip_dag to 2022-08-10T19:48:27.012461+00:00, run_after=2022-08-11T19:48:27.012461+00:00
[2022-08-11 19:48:27,021] {processor.py:161} INFO - Processing /home/airflow/.local/lib/python3.7/site-packages/airflow/example_dags/example_skip_dag.py took 0.228 seconds
[2022-08-11 19:48:57,398] {processor.py:153} INFO - Started process (PID=584) to work on /home/airflow/.local/lib/python3.7/site-packages/airflow/example_dags/example_skip_dag.py
[2022-08-11 19:48:57,400] {processor.py:641} INFO - Processing file /home/airflow/.local/lib/python3.7/site-packages/airflow/example_dags/example_skip_dag.py for tasks to queue
[2022-08-11 19:48:57,403] {logging_mixin.py:115} INFO - [2022-08-11 19:48:57,402] {dagbag.py:508} INFO - Filling up the DagBag from /home/airflow/.local/lib/python3.7/site-packages/airflow/example_dags/example_skip_dag.py
[2022-08-11 19:48:57,413] {processor.py:651} INFO - DAG(s) dict_keys(['example_skip_dag']) retrieved from /home/airflow/.local/lib/python3.7/site-packages/airflow/example_dags/example_skip_dag.py
[2022-08-11 19:48:57,450] {logging_mixin.py:115} INFO - [2022-08-11 19:48:57,450] {dag.py:2420} INFO - Sync 1 DAGs
[2022-08-11 19:48:57,632] {logging_mixin.py:115} INFO - [2022-08-11 19:48:57,632] {dag.py:2972} INFO - Setting next_dagrun for example_skip_dag to 2022-08-10T19:48:57.632660+00:00, run_after=2022-08-11T19:48:57.632660+00:00
[2022-08-11 19:48:57,642] {processor.py:161} INFO - Processing /home/airflow/.local/lib/python3.7/site-packages/airflow/example_dags/example_skip_dag.py took 0.249 seconds
[2022-08-11 19:49:27,929] {processor.py:153} INFO - Started process (PID=638) to work on /home/airflow/.local/lib/python3.7/site-packages/airflow/example_dags/example_skip_dag.py
[2022-08-11 19:49:27,933] {processor.py:641} INFO - Processing file /home/airflow/.local/lib/python3.7/site-packages/airflow/example_dags/example_skip_dag.py for tasks to queue
[2022-08-11 19:49:27,935] {logging_mixin.py:115} INFO - [2022-08-11 19:49:27,935] {dagbag.py:508} INFO - Filling up the DagBag from /home/airflow/.local/lib/python3.7/site-packages/airflow/example_dags/example_skip_dag.py
[2022-08-11 19:49:27,952] {processor.py:651} INFO - DAG(s) dict_keys(['example_skip_dag']) retrieved from /home/airflow/.local/lib/python3.7/site-packages/airflow/example_dags/example_skip_dag.py
[2022-08-11 19:49:28,044] {logging_mixin.py:115} INFO - [2022-08-11 19:49:28,044] {dag.py:2420} INFO - Sync 1 DAGs
[2022-08-11 19:49:28,345] {logging_mixin.py:115} INFO - [2022-08-11 19:49:28,345] {dag.py:2972} INFO - Setting next_dagrun for example_skip_dag to 2022-08-10T19:49:28.345306+00:00, run_after=2022-08-11T19:49:28.345306+00:00
[2022-08-11 19:49:28,357] {processor.py:161} INFO - Processing /home/airflow/.local/lib/python3.7/site-packages/airflow/example_dags/example_skip_dag.py took 0.445 seconds
[2022-08-11 19:49:58,660] {processor.py:153} INFO - Started process (PID=702) to work on /home/airflow/.local/lib/python3.7/site-packages/airflow/example_dags/example_skip_dag.py
[2022-08-11 19:49:58,663] {processor.py:641} INFO - Processing file /home/airflow/.local/lib/python3.7/site-packages/airflow/example_dags/example_skip_dag.py for tasks to queue
[2022-08-11 19:49:58,665] {logging_mixin.py:115} INFO - [2022-08-11 19:49:58,665] {dagbag.py:508} INFO - Filling up the DagBag from /home/airflow/.local/lib/python3.7/site-packages/airflow/example_dags/example_skip_dag.py
[2022-08-11 19:49:58,676] {processor.py:651} INFO - DAG(s) dict_keys(['example_skip_dag']) retrieved from /home/airflow/.local/lib/python3.7/site-packages/airflow/example_dags/example_skip_dag.py
[2022-08-11 19:49:58,731] {logging_mixin.py:115} INFO - [2022-08-11 19:49:58,731] {dag.py:2420} INFO - Sync 1 DAGs
[2022-08-11 19:49:58,928] {logging_mixin.py:115} INFO - [2022-08-11 19:49:58,928] {dag.py:2972} INFO - Setting next_dagrun for example_skip_dag to 2022-08-10T19:49:58.928487+00:00, run_after=2022-08-11T19:49:58.928487+00:00
[2022-08-11 19:49:58,937] {processor.py:161} INFO - Processing /home/airflow/.local/lib/python3.7/site-packages/airflow/example_dags/example_skip_dag.py took 0.283 seconds
[2022-08-11 19:50:29,564] {processor.py:153} INFO - Started process (PID=763) to work on /home/airflow/.local/lib/python3.7/site-packages/airflow/example_dags/example_skip_dag.py
[2022-08-11 19:50:29,567] {processor.py:641} INFO - Processing file /home/airflow/.local/lib/python3.7/site-packages/airflow/example_dags/example_skip_dag.py for tasks to queue
[2022-08-11 19:50:29,568] {logging_mixin.py:115} INFO - [2022-08-11 19:50:29,568] {dagbag.py:508} INFO - Filling up the DagBag from /home/airflow/.local/lib/python3.7/site-packages/airflow/example_dags/example_skip_dag.py
[2022-08-11 19:50:29,574] {processor.py:651} INFO - DAG(s) dict_keys(['example_skip_dag']) retrieved from /home/airflow/.local/lib/python3.7/site-packages/airflow/example_dags/example_skip_dag.py
[2022-08-11 19:50:29,601] {logging_mixin.py:115} INFO - [2022-08-11 19:50:29,601] {dag.py:2420} INFO - Sync 1 DAGs
[2022-08-11 19:50:29,737] {logging_mixin.py:115} INFO - [2022-08-11 19:50:29,737] {dag.py:2972} INFO - Setting next_dagrun for example_skip_dag to 2022-08-10T19:50:29.737359+00:00, run_after=2022-08-11T19:50:29.737359+00:00
[2022-08-11 19:50:29,747] {processor.py:161} INFO - Processing /home/airflow/.local/lib/python3.7/site-packages/airflow/example_dags/example_skip_dag.py took 0.193 seconds
[2022-08-11 19:50:59,898] {processor.py:153} INFO - Started process (PID=825) to work on /home/airflow/.local/lib/python3.7/site-packages/airflow/example_dags/example_skip_dag.py
[2022-08-11 19:50:59,900] {processor.py:641} INFO - Processing file /home/airflow/.local/lib/python3.7/site-packages/airflow/example_dags/example_skip_dag.py for tasks to queue
[2022-08-11 19:50:59,902] {logging_mixin.py:115} INFO - [2022-08-11 19:50:59,902] {dagbag.py:508} INFO - Filling up the DagBag from /home/airflow/.local/lib/python3.7/site-packages/airflow/example_dags/example_skip_dag.py
[2022-08-11 19:50:59,917] {processor.py:651} INFO - DAG(s) dict_keys(['example_skip_dag']) retrieved from /home/airflow/.local/lib/python3.7/site-packages/airflow/example_dags/example_skip_dag.py
[2022-08-11 19:50:59,957] {logging_mixin.py:115} INFO - [2022-08-11 19:50:59,956] {dag.py:2420} INFO - Sync 1 DAGs
[2022-08-11 19:51:00,209] {logging_mixin.py:115} INFO - [2022-08-11 19:51:00,209] {dag.py:2972} INFO - Setting next_dagrun for example_skip_dag to 2022-08-10T19:51:00.209290+00:00, run_after=2022-08-11T19:51:00.209290+00:00
[2022-08-11 19:51:00,218] {processor.py:161} INFO - Processing /home/airflow/.local/lib/python3.7/site-packages/airflow/example_dags/example_skip_dag.py took 0.325 seconds
[2022-08-11 19:51:30,783] {processor.py:153} INFO - Started process (PID=879) to work on /home/airflow/.local/lib/python3.7/site-packages/airflow/example_dags/example_skip_dag.py
[2022-08-11 19:51:30,787] {processor.py:641} INFO - Processing file /home/airflow/.local/lib/python3.7/site-packages/airflow/example_dags/example_skip_dag.py for tasks to queue
[2022-08-11 19:51:30,790] {logging_mixin.py:115} INFO - [2022-08-11 19:51:30,790] {dagbag.py:508} INFO - Filling up the DagBag from /home/airflow/.local/lib/python3.7/site-packages/airflow/example_dags/example_skip_dag.py
[2022-08-11 19:51:30,805] {processor.py:651} INFO - DAG(s) dict_keys(['example_skip_dag']) retrieved from /home/airflow/.local/lib/python3.7/site-packages/airflow/example_dags/example_skip_dag.py
[2022-08-11 19:51:30,893] {logging_mixin.py:115} INFO - [2022-08-11 19:51:30,893] {dag.py:2420} INFO - Sync 1 DAGs
[2022-08-11 19:51:31,108] {logging_mixin.py:115} INFO - [2022-08-11 19:51:31,108] {dag.py:2972} INFO - Setting next_dagrun for example_skip_dag to 2022-08-10T19:51:31.108511+00:00, run_after=2022-08-11T19:51:31.108511+00:00
[2022-08-11 19:51:31,119] {processor.py:161} INFO - Processing /home/airflow/.local/lib/python3.7/site-packages/airflow/example_dags/example_skip_dag.py took 0.341 seconds
[2022-08-11 19:52:01,741] {processor.py:153} INFO - Started process (PID=941) to work on /home/airflow/.local/lib/python3.7/site-packages/airflow/example_dags/example_skip_dag.py
[2022-08-11 19:52:01,744] {processor.py:641} INFO - Processing file /home/airflow/.local/lib/python3.7/site-packages/airflow/example_dags/example_skip_dag.py for tasks to queue
[2022-08-11 19:52:01,746] {logging_mixin.py:115} INFO - [2022-08-11 19:52:01,746] {dagbag.py:508} INFO - Filling up the DagBag from /home/airflow/.local/lib/python3.7/site-packages/airflow/example_dags/example_skip_dag.py
[2022-08-11 19:52:01,781] {processor.py:651} INFO - DAG(s) dict_keys(['example_skip_dag']) retrieved from /home/airflow/.local/lib/python3.7/site-packages/airflow/example_dags/example_skip_dag.py
[2022-08-11 19:52:01,861] {logging_mixin.py:115} INFO - [2022-08-11 19:52:01,861] {dag.py:2420} INFO - Sync 1 DAGs
[2022-08-11 19:52:02,541] {logging_mixin.py:115} INFO - [2022-08-11 19:52:02,541] {dag.py:2972} INFO - Setting next_dagrun for example_skip_dag to 2022-08-10T19:52:02.540925+00:00, run_after=2022-08-11T19:52:02.540925+00:00
[2022-08-11 19:52:02,557] {processor.py:161} INFO - Processing /home/airflow/.local/lib/python3.7/site-packages/airflow/example_dags/example_skip_dag.py took 0.824 seconds
[2022-08-11 19:52:33,134] {processor.py:153} INFO - Started process (PID=1004) to work on /home/airflow/.local/lib/python3.7/site-packages/airflow/example_dags/example_skip_dag.py
[2022-08-11 19:52:33,142] {processor.py:641} INFO - Processing file /home/airflow/.local/lib/python3.7/site-packages/airflow/example_dags/example_skip_dag.py for tasks to queue
[2022-08-11 19:52:33,144] {logging_mixin.py:115} INFO - [2022-08-11 19:52:33,144] {dagbag.py:508} INFO - Filling up the DagBag from /home/airflow/.local/lib/python3.7/site-packages/airflow/example_dags/example_skip_dag.py
[2022-08-11 19:52:33,157] {processor.py:651} INFO - DAG(s) dict_keys(['example_skip_dag']) retrieved from /home/airflow/.local/lib/python3.7/site-packages/airflow/example_dags/example_skip_dag.py
[2022-08-11 19:52:33,246] {logging_mixin.py:115} INFO - [2022-08-11 19:52:33,246] {dag.py:2420} INFO - Sync 1 DAGs
[2022-08-11 19:52:33,391] {logging_mixin.py:115} INFO - [2022-08-11 19:52:33,391] {dag.py:2972} INFO - Setting next_dagrun for example_skip_dag to 2022-08-10T19:52:33.391304+00:00, run_after=2022-08-11T19:52:33.391304+00:00
[2022-08-11 19:52:33,399] {processor.py:161} INFO - Processing /home/airflow/.local/lib/python3.7/site-packages/airflow/example_dags/example_skip_dag.py took 0.271 seconds
[2022-08-11 19:53:03,513] {processor.py:153} INFO - Started process (PID=1067) to work on /home/airflow/.local/lib/python3.7/site-packages/airflow/example_dags/example_skip_dag.py
[2022-08-11 19:53:03,516] {processor.py:641} INFO - Processing file /home/airflow/.local/lib/python3.7/site-packages/airflow/example_dags/example_skip_dag.py for tasks to queue
[2022-08-11 19:53:03,518] {logging_mixin.py:115} INFO - [2022-08-11 19:53:03,518] {dagbag.py:508} INFO - Filling up the DagBag from /home/airflow/.local/lib/python3.7/site-packages/airflow/example_dags/example_skip_dag.py
[2022-08-11 19:53:03,529] {processor.py:651} INFO - DAG(s) dict_keys(['example_skip_dag']) retrieved from /home/airflow/.local/lib/python3.7/site-packages/airflow/example_dags/example_skip_dag.py
[2022-08-11 19:53:03,645] {logging_mixin.py:115} INFO - [2022-08-11 19:53:03,645] {dag.py:2420} INFO - Sync 1 DAGs
[2022-08-11 19:53:03,830] {logging_mixin.py:115} INFO - [2022-08-11 19:53:03,830] {dag.py:2972} INFO - Setting next_dagrun for example_skip_dag to 2022-08-10T19:53:03.830252+00:00, run_after=2022-08-11T19:53:03.830252+00:00
[2022-08-11 19:53:03,838] {processor.py:161} INFO - Processing /home/airflow/.local/lib/python3.7/site-packages/airflow/example_dags/example_skip_dag.py took 0.332 seconds
[2022-08-11 19:53:34,053] {processor.py:153} INFO - Started process (PID=1131) to work on /home/airflow/.local/lib/python3.7/site-packages/airflow/example_dags/example_skip_dag.py
[2022-08-11 19:53:34,056] {processor.py:641} INFO - Processing file /home/airflow/.local/lib/python3.7/site-packages/airflow/example_dags/example_skip_dag.py for tasks to queue
[2022-08-11 19:53:34,060] {logging_mixin.py:115} INFO - [2022-08-11 19:53:34,059] {dagbag.py:508} INFO - Filling up the DagBag from /home/airflow/.local/lib/python3.7/site-packages/airflow/example_dags/example_skip_dag.py
[2022-08-11 19:53:34,074] {processor.py:651} INFO - DAG(s) dict_keys(['example_skip_dag']) retrieved from /home/airflow/.local/lib/python3.7/site-packages/airflow/example_dags/example_skip_dag.py
[2022-08-11 19:53:34,232] {logging_mixin.py:115} INFO - [2022-08-11 19:53:34,231] {dag.py:2420} INFO - Sync 1 DAGs
[2022-08-11 19:53:34,378] {logging_mixin.py:115} INFO - [2022-08-11 19:53:34,378] {dag.py:2972} INFO - Setting next_dagrun for example_skip_dag to 2022-08-10T19:53:34.378359+00:00, run_after=2022-08-11T19:53:34.378359+00:00
[2022-08-11 19:53:34,389] {processor.py:161} INFO - Processing /home/airflow/.local/lib/python3.7/site-packages/airflow/example_dags/example_skip_dag.py took 0.348 seconds
[2022-08-11 19:54:04,841] {processor.py:153} INFO - Started process (PID=1184) to work on /home/airflow/.local/lib/python3.7/site-packages/airflow/example_dags/example_skip_dag.py
[2022-08-11 19:54:04,844] {processor.py:641} INFO - Processing file /home/airflow/.local/lib/python3.7/site-packages/airflow/example_dags/example_skip_dag.py for tasks to queue
[2022-08-11 19:54:04,846] {logging_mixin.py:115} INFO - [2022-08-11 19:54:04,845] {dagbag.py:508} INFO - Filling up the DagBag from /home/airflow/.local/lib/python3.7/site-packages/airflow/example_dags/example_skip_dag.py
[2022-08-11 19:54:04,857] {processor.py:651} INFO - DAG(s) dict_keys(['example_skip_dag']) retrieved from /home/airflow/.local/lib/python3.7/site-packages/airflow/example_dags/example_skip_dag.py
[2022-08-11 19:54:04,922] {logging_mixin.py:115} INFO - [2022-08-11 19:54:04,921] {dag.py:2420} INFO - Sync 1 DAGs
[2022-08-11 19:54:05,156] {logging_mixin.py:115} INFO - [2022-08-11 19:54:05,156] {dag.py:2972} INFO - Setting next_dagrun for example_skip_dag to 2022-08-10T19:54:05.155927+00:00, run_after=2022-08-11T19:54:05.155927+00:00
[2022-08-11 19:54:05,165] {processor.py:161} INFO - Processing /home/airflow/.local/lib/python3.7/site-packages/airflow/example_dags/example_skip_dag.py took 0.330 seconds
[2022-08-11 19:54:35,465] {processor.py:153} INFO - Started process (PID=1247) to work on /home/airflow/.local/lib/python3.7/site-packages/airflow/example_dags/example_skip_dag.py
[2022-08-11 19:54:35,468] {processor.py:641} INFO - Processing file /home/airflow/.local/lib/python3.7/site-packages/airflow/example_dags/example_skip_dag.py for tasks to queue
[2022-08-11 19:54:35,469] {logging_mixin.py:115} INFO - [2022-08-11 19:54:35,469] {dagbag.py:508} INFO - Filling up the DagBag from /home/airflow/.local/lib/python3.7/site-packages/airflow/example_dags/example_skip_dag.py
[2022-08-11 19:54:35,476] {processor.py:651} INFO - DAG(s) dict_keys(['example_skip_dag']) retrieved from /home/airflow/.local/lib/python3.7/site-packages/airflow/example_dags/example_skip_dag.py
[2022-08-11 19:54:35,514] {logging_mixin.py:115} INFO - [2022-08-11 19:54:35,514] {dag.py:2420} INFO - Sync 1 DAGs
[2022-08-11 19:54:35,668] {logging_mixin.py:115} INFO - [2022-08-11 19:54:35,668] {dag.py:2972} INFO - Setting next_dagrun for example_skip_dag to 2022-08-10T19:54:35.668027+00:00, run_after=2022-08-11T19:54:35.668027+00:00
[2022-08-11 19:54:35,716] {processor.py:161} INFO - Processing /home/airflow/.local/lib/python3.7/site-packages/airflow/example_dags/example_skip_dag.py took 0.254 seconds
[2022-08-11 19:55:06,349] {processor.py:153} INFO - Started process (PID=1310) to work on /home/airflow/.local/lib/python3.7/site-packages/airflow/example_dags/example_skip_dag.py
[2022-08-11 19:55:06,354] {processor.py:641} INFO - Processing file /home/airflow/.local/lib/python3.7/site-packages/airflow/example_dags/example_skip_dag.py for tasks to queue
[2022-08-11 19:55:06,357] {logging_mixin.py:115} INFO - [2022-08-11 19:55:06,357] {dagbag.py:508} INFO - Filling up the DagBag from /home/airflow/.local/lib/python3.7/site-packages/airflow/example_dags/example_skip_dag.py
[2022-08-11 19:55:06,377] {processor.py:651} INFO - DAG(s) dict_keys(['example_skip_dag']) retrieved from /home/airflow/.local/lib/python3.7/site-packages/airflow/example_dags/example_skip_dag.py
[2022-08-11 19:55:06,506] {logging_mixin.py:115} INFO - [2022-08-11 19:55:06,506] {dag.py:2420} INFO - Sync 1 DAGs
[2022-08-11 19:55:06,815] {logging_mixin.py:115} INFO - [2022-08-11 19:55:06,815] {dag.py:2972} INFO - Setting next_dagrun for example_skip_dag to 2022-08-10T19:55:06.815172+00:00, run_after=2022-08-11T19:55:06.815172+00:00
[2022-08-11 19:55:06,824] {processor.py:161} INFO - Processing /home/airflow/.local/lib/python3.7/site-packages/airflow/example_dags/example_skip_dag.py took 0.490 seconds
[2022-08-11 19:55:37,087] {processor.py:153} INFO - Started process (PID=1373) to work on /home/airflow/.local/lib/python3.7/site-packages/airflow/example_dags/example_skip_dag.py
[2022-08-11 19:55:37,135] {processor.py:641} INFO - Processing file /home/airflow/.local/lib/python3.7/site-packages/airflow/example_dags/example_skip_dag.py for tasks to queue
[2022-08-11 19:55:37,143] {logging_mixin.py:115} INFO - [2022-08-11 19:55:37,143] {dagbag.py:508} INFO - Filling up the DagBag from /home/airflow/.local/lib/python3.7/site-packages/airflow/example_dags/example_skip_dag.py
[2022-08-11 19:55:37,242] {processor.py:651} INFO - DAG(s) dict_keys(['example_skip_dag']) retrieved from /home/airflow/.local/lib/python3.7/site-packages/airflow/example_dags/example_skip_dag.py
[2022-08-11 19:55:37,360] {logging_mixin.py:115} INFO - [2022-08-11 19:55:37,359] {dag.py:2420} INFO - Sync 1 DAGs
[2022-08-11 19:55:37,642] {logging_mixin.py:115} INFO - [2022-08-11 19:55:37,642] {dag.py:2972} INFO - Setting next_dagrun for example_skip_dag to 2022-08-10T19:55:37.642216+00:00, run_after=2022-08-11T19:55:37.642216+00:00
[2022-08-11 19:55:37,655] {processor.py:161} INFO - Processing /home/airflow/.local/lib/python3.7/site-packages/airflow/example_dags/example_skip_dag.py took 0.579 seconds
