[2022-08-11 19:44:29,017] {processor.py:153} INFO - Started process (PID=65) to work on /home/airflow/.local/lib/python3.7/site-packages/airflow/example_dags/example_python_operator.py
[2022-08-11 19:44:29,022] {processor.py:641} INFO - Processing file /home/airflow/.local/lib/python3.7/site-packages/airflow/example_dags/example_python_operator.py for tasks to queue
[2022-08-11 19:44:29,037] {logging_mixin.py:115} INFO - [2022-08-11 19:44:29,036] {dagbag.py:508} INFO - Filling up the DagBag from /home/airflow/.local/lib/python3.7/site-packages/airflow/example_dags/example_python_operator.py
[2022-08-11 19:44:29,072] {processor.py:651} INFO - DAG(s) dict_keys(['example_python_operator']) retrieved from /home/airflow/.local/lib/python3.7/site-packages/airflow/example_dags/example_python_operator.py
[2022-08-11 19:44:29,235] {logging_mixin.py:115} INFO - [2022-08-11 19:44:29,235] {dag.py:2420} INFO - Sync 1 DAGs
[2022-08-11 19:44:29,269] {logging_mixin.py:115} INFO - [2022-08-11 19:44:29,269] {dag.py:2972} INFO - Setting next_dagrun for example_python_operator to None, run_after=None
[2022-08-11 19:44:29,288] {processor.py:161} INFO - Processing /home/airflow/.local/lib/python3.7/site-packages/airflow/example_dags/example_python_operator.py took 0.277 seconds
[2022-08-11 19:44:59,414] {processor.py:153} INFO - Started process (PID=119) to work on /home/airflow/.local/lib/python3.7/site-packages/airflow/example_dags/example_python_operator.py
[2022-08-11 19:44:59,416] {processor.py:641} INFO - Processing file /home/airflow/.local/lib/python3.7/site-packages/airflow/example_dags/example_python_operator.py for tasks to queue
[2022-08-11 19:44:59,417] {logging_mixin.py:115} INFO - [2022-08-11 19:44:59,417] {dagbag.py:508} INFO - Filling up the DagBag from /home/airflow/.local/lib/python3.7/site-packages/airflow/example_dags/example_python_operator.py
[2022-08-11 19:44:59,436] {processor.py:651} INFO - DAG(s) dict_keys(['example_python_operator']) retrieved from /home/airflow/.local/lib/python3.7/site-packages/airflow/example_dags/example_python_operator.py
[2022-08-11 19:44:59,568] {logging_mixin.py:115} INFO - [2022-08-11 19:44:59,568] {dag.py:2420} INFO - Sync 1 DAGs
[2022-08-11 19:44:59,612] {logging_mixin.py:115} INFO - [2022-08-11 19:44:59,612] {dag.py:2972} INFO - Setting next_dagrun for example_python_operator to None, run_after=None
[2022-08-11 19:44:59,626] {processor.py:161} INFO - Processing /home/airflow/.local/lib/python3.7/site-packages/airflow/example_dags/example_python_operator.py took 0.216 seconds
[2022-08-11 19:45:30,088] {processor.py:153} INFO - Started process (PID=181) to work on /home/airflow/.local/lib/python3.7/site-packages/airflow/example_dags/example_python_operator.py
[2022-08-11 19:45:30,089] {processor.py:641} INFO - Processing file /home/airflow/.local/lib/python3.7/site-packages/airflow/example_dags/example_python_operator.py for tasks to queue
[2022-08-11 19:45:30,090] {logging_mixin.py:115} INFO - [2022-08-11 19:45:30,090] {dagbag.py:508} INFO - Filling up the DagBag from /home/airflow/.local/lib/python3.7/site-packages/airflow/example_dags/example_python_operator.py
[2022-08-11 19:45:30,104] {processor.py:651} INFO - DAG(s) dict_keys(['example_python_operator']) retrieved from /home/airflow/.local/lib/python3.7/site-packages/airflow/example_dags/example_python_operator.py
[2022-08-11 19:45:30,217] {logging_mixin.py:115} INFO - [2022-08-11 19:45:30,217] {dag.py:2420} INFO - Sync 1 DAGs
[2022-08-11 19:45:30,230] {logging_mixin.py:115} INFO - [2022-08-11 19:45:30,230] {dag.py:2972} INFO - Setting next_dagrun for example_python_operator to None, run_after=None
[2022-08-11 19:45:30,237] {processor.py:161} INFO - Processing /home/airflow/.local/lib/python3.7/site-packages/airflow/example_dags/example_python_operator.py took 0.152 seconds
[2022-08-11 19:46:00,781] {processor.py:153} INFO - Started process (PID=245) to work on /home/airflow/.local/lib/python3.7/site-packages/airflow/example_dags/example_python_operator.py
[2022-08-11 19:46:00,784] {processor.py:641} INFO - Processing file /home/airflow/.local/lib/python3.7/site-packages/airflow/example_dags/example_python_operator.py for tasks to queue
[2022-08-11 19:46:00,786] {logging_mixin.py:115} INFO - [2022-08-11 19:46:00,786] {dagbag.py:508} INFO - Filling up the DagBag from /home/airflow/.local/lib/python3.7/site-packages/airflow/example_dags/example_python_operator.py
[2022-08-11 19:46:00,801] {processor.py:651} INFO - DAG(s) dict_keys(['example_python_operator']) retrieved from /home/airflow/.local/lib/python3.7/site-packages/airflow/example_dags/example_python_operator.py
[2022-08-11 19:46:00,918] {logging_mixin.py:115} INFO - [2022-08-11 19:46:00,917] {dag.py:2420} INFO - Sync 1 DAGs
[2022-08-11 19:46:00,942] {logging_mixin.py:115} INFO - [2022-08-11 19:46:00,942] {dag.py:2972} INFO - Setting next_dagrun for example_python_operator to None, run_after=None
[2022-08-11 19:46:00,950] {processor.py:161} INFO - Processing /home/airflow/.local/lib/python3.7/site-packages/airflow/example_dags/example_python_operator.py took 0.172 seconds
[2022-08-11 19:46:31,622] {processor.py:153} INFO - Started process (PID=307) to work on /home/airflow/.local/lib/python3.7/site-packages/airflow/example_dags/example_python_operator.py
[2022-08-11 19:46:31,624] {processor.py:641} INFO - Processing file /home/airflow/.local/lib/python3.7/site-packages/airflow/example_dags/example_python_operator.py for tasks to queue
[2022-08-11 19:46:31,626] {logging_mixin.py:115} INFO - [2022-08-11 19:46:31,626] {dagbag.py:508} INFO - Filling up the DagBag from /home/airflow/.local/lib/python3.7/site-packages/airflow/example_dags/example_python_operator.py
[2022-08-11 19:46:31,645] {processor.py:651} INFO - DAG(s) dict_keys(['example_python_operator']) retrieved from /home/airflow/.local/lib/python3.7/site-packages/airflow/example_dags/example_python_operator.py
[2022-08-11 19:46:31,837] {logging_mixin.py:115} INFO - [2022-08-11 19:46:31,836] {dag.py:2420} INFO - Sync 1 DAGs
[2022-08-11 19:46:31,848] {logging_mixin.py:115} INFO - [2022-08-11 19:46:31,848] {dag.py:2972} INFO - Setting next_dagrun for example_python_operator to None, run_after=None
[2022-08-11 19:46:31,857] {processor.py:161} INFO - Processing /home/airflow/.local/lib/python3.7/site-packages/airflow/example_dags/example_python_operator.py took 0.238 seconds
[2022-08-11 19:47:02,781] {processor.py:153} INFO - Started process (PID=361) to work on /home/airflow/.local/lib/python3.7/site-packages/airflow/example_dags/example_python_operator.py
[2022-08-11 19:47:02,783] {processor.py:641} INFO - Processing file /home/airflow/.local/lib/python3.7/site-packages/airflow/example_dags/example_python_operator.py for tasks to queue
[2022-08-11 19:47:02,784] {logging_mixin.py:115} INFO - [2022-08-11 19:47:02,784] {dagbag.py:508} INFO - Filling up the DagBag from /home/airflow/.local/lib/python3.7/site-packages/airflow/example_dags/example_python_operator.py
[2022-08-11 19:47:02,801] {processor.py:651} INFO - DAG(s) dict_keys(['example_python_operator']) retrieved from /home/airflow/.local/lib/python3.7/site-packages/airflow/example_dags/example_python_operator.py
[2022-08-11 19:47:02,909] {logging_mixin.py:115} INFO - [2022-08-11 19:47:02,909] {dag.py:2420} INFO - Sync 1 DAGs
[2022-08-11 19:47:02,921] {logging_mixin.py:115} INFO - [2022-08-11 19:47:02,921] {dag.py:2972} INFO - Setting next_dagrun for example_python_operator to None, run_after=None
[2022-08-11 19:47:02,930] {processor.py:161} INFO - Processing /home/airflow/.local/lib/python3.7/site-packages/airflow/example_dags/example_python_operator.py took 0.152 seconds
[2022-08-11 19:47:33,140] {processor.py:153} INFO - Started process (PID=423) to work on /home/airflow/.local/lib/python3.7/site-packages/airflow/example_dags/example_python_operator.py
[2022-08-11 19:47:33,143] {processor.py:641} INFO - Processing file /home/airflow/.local/lib/python3.7/site-packages/airflow/example_dags/example_python_operator.py for tasks to queue
[2022-08-11 19:47:33,145] {logging_mixin.py:115} INFO - [2022-08-11 19:47:33,145] {dagbag.py:508} INFO - Filling up the DagBag from /home/airflow/.local/lib/python3.7/site-packages/airflow/example_dags/example_python_operator.py
[2022-08-11 19:47:33,165] {processor.py:651} INFO - DAG(s) dict_keys(['example_python_operator']) retrieved from /home/airflow/.local/lib/python3.7/site-packages/airflow/example_dags/example_python_operator.py
[2022-08-11 19:47:33,319] {logging_mixin.py:115} INFO - [2022-08-11 19:47:33,319] {dag.py:2420} INFO - Sync 1 DAGs
[2022-08-11 19:47:33,337] {logging_mixin.py:115} INFO - [2022-08-11 19:47:33,337] {dag.py:2972} INFO - Setting next_dagrun for example_python_operator to None, run_after=None
[2022-08-11 19:47:33,391] {processor.py:161} INFO - Processing /home/airflow/.local/lib/python3.7/site-packages/airflow/example_dags/example_python_operator.py took 0.254 seconds
[2022-08-11 19:48:03,932] {processor.py:153} INFO - Started process (PID=487) to work on /home/airflow/.local/lib/python3.7/site-packages/airflow/example_dags/example_python_operator.py
[2022-08-11 19:48:03,934] {processor.py:641} INFO - Processing file /home/airflow/.local/lib/python3.7/site-packages/airflow/example_dags/example_python_operator.py for tasks to queue
[2022-08-11 19:48:03,935] {logging_mixin.py:115} INFO - [2022-08-11 19:48:03,935] {dagbag.py:508} INFO - Filling up the DagBag from /home/airflow/.local/lib/python3.7/site-packages/airflow/example_dags/example_python_operator.py
[2022-08-11 19:48:03,948] {processor.py:651} INFO - DAG(s) dict_keys(['example_python_operator']) retrieved from /home/airflow/.local/lib/python3.7/site-packages/airflow/example_dags/example_python_operator.py
[2022-08-11 19:48:04,053] {logging_mixin.py:115} INFO - [2022-08-11 19:48:04,053] {dag.py:2420} INFO - Sync 1 DAGs
[2022-08-11 19:48:04,065] {logging_mixin.py:115} INFO - [2022-08-11 19:48:04,065] {dag.py:2972} INFO - Setting next_dagrun for example_python_operator to None, run_after=None
[2022-08-11 19:48:04,074] {processor.py:161} INFO - Processing /home/airflow/.local/lib/python3.7/site-packages/airflow/example_dags/example_python_operator.py took 0.144 seconds
[2022-08-11 19:48:34,399] {processor.py:153} INFO - Started process (PID=550) to work on /home/airflow/.local/lib/python3.7/site-packages/airflow/example_dags/example_python_operator.py
[2022-08-11 19:48:34,401] {processor.py:641} INFO - Processing file /home/airflow/.local/lib/python3.7/site-packages/airflow/example_dags/example_python_operator.py for tasks to queue
[2022-08-11 19:48:34,402] {logging_mixin.py:115} INFO - [2022-08-11 19:48:34,402] {dagbag.py:508} INFO - Filling up the DagBag from /home/airflow/.local/lib/python3.7/site-packages/airflow/example_dags/example_python_operator.py
[2022-08-11 19:48:34,417] {processor.py:651} INFO - DAG(s) dict_keys(['example_python_operator']) retrieved from /home/airflow/.local/lib/python3.7/site-packages/airflow/example_dags/example_python_operator.py
[2022-08-11 19:48:34,530] {logging_mixin.py:115} INFO - [2022-08-11 19:48:34,530] {dag.py:2420} INFO - Sync 1 DAGs
[2022-08-11 19:48:34,543] {logging_mixin.py:115} INFO - [2022-08-11 19:48:34,542] {dag.py:2972} INFO - Setting next_dagrun for example_python_operator to None, run_after=None
[2022-08-11 19:48:34,550] {processor.py:161} INFO - Processing /home/airflow/.local/lib/python3.7/site-packages/airflow/example_dags/example_python_operator.py took 0.153 seconds
[2022-08-11 19:49:04,581] {processor.py:153} INFO - Started process (PID=604) to work on /home/airflow/.local/lib/python3.7/site-packages/airflow/example_dags/example_python_operator.py
[2022-08-11 19:49:04,584] {processor.py:641} INFO - Processing file /home/airflow/.local/lib/python3.7/site-packages/airflow/example_dags/example_python_operator.py for tasks to queue
[2022-08-11 19:49:04,585] {logging_mixin.py:115} INFO - [2022-08-11 19:49:04,585] {dagbag.py:508} INFO - Filling up the DagBag from /home/airflow/.local/lib/python3.7/site-packages/airflow/example_dags/example_python_operator.py
[2022-08-11 19:49:04,602] {processor.py:651} INFO - DAG(s) dict_keys(['example_python_operator']) retrieved from /home/airflow/.local/lib/python3.7/site-packages/airflow/example_dags/example_python_operator.py
[2022-08-11 19:49:04,725] {logging_mixin.py:115} INFO - [2022-08-11 19:49:04,725] {dag.py:2420} INFO - Sync 1 DAGs
[2022-08-11 19:49:04,747] {logging_mixin.py:115} INFO - [2022-08-11 19:49:04,746] {dag.py:2972} INFO - Setting next_dagrun for example_python_operator to None, run_after=None
[2022-08-11 19:49:04,757] {processor.py:161} INFO - Processing /home/airflow/.local/lib/python3.7/site-packages/airflow/example_dags/example_python_operator.py took 0.179 seconds
[2022-08-11 19:49:35,105] {processor.py:153} INFO - Started process (PID=668) to work on /home/airflow/.local/lib/python3.7/site-packages/airflow/example_dags/example_python_operator.py
[2022-08-11 19:49:35,107] {processor.py:641} INFO - Processing file /home/airflow/.local/lib/python3.7/site-packages/airflow/example_dags/example_python_operator.py for tasks to queue
[2022-08-11 19:49:35,108] {logging_mixin.py:115} INFO - [2022-08-11 19:49:35,108] {dagbag.py:508} INFO - Filling up the DagBag from /home/airflow/.local/lib/python3.7/site-packages/airflow/example_dags/example_python_operator.py
[2022-08-11 19:49:35,122] {processor.py:651} INFO - DAG(s) dict_keys(['example_python_operator']) retrieved from /home/airflow/.local/lib/python3.7/site-packages/airflow/example_dags/example_python_operator.py
[2022-08-11 19:49:35,231] {logging_mixin.py:115} INFO - [2022-08-11 19:49:35,231] {dag.py:2420} INFO - Sync 1 DAGs
[2022-08-11 19:49:35,244] {logging_mixin.py:115} INFO - [2022-08-11 19:49:35,244] {dag.py:2972} INFO - Setting next_dagrun for example_python_operator to None, run_after=None
[2022-08-11 19:49:35,251] {processor.py:161} INFO - Processing /home/airflow/.local/lib/python3.7/site-packages/airflow/example_dags/example_python_operator.py took 0.149 seconds
[2022-08-11 19:50:05,885] {processor.py:153} INFO - Started process (PID=730) to work on /home/airflow/.local/lib/python3.7/site-packages/airflow/example_dags/example_python_operator.py
[2022-08-11 19:50:05,887] {processor.py:641} INFO - Processing file /home/airflow/.local/lib/python3.7/site-packages/airflow/example_dags/example_python_operator.py for tasks to queue
[2022-08-11 19:50:05,888] {logging_mixin.py:115} INFO - [2022-08-11 19:50:05,888] {dagbag.py:508} INFO - Filling up the DagBag from /home/airflow/.local/lib/python3.7/site-packages/airflow/example_dags/example_python_operator.py
[2022-08-11 19:50:05,902] {processor.py:651} INFO - DAG(s) dict_keys(['example_python_operator']) retrieved from /home/airflow/.local/lib/python3.7/site-packages/airflow/example_dags/example_python_operator.py
[2022-08-11 19:50:06,018] {logging_mixin.py:115} INFO - [2022-08-11 19:50:06,017] {dag.py:2420} INFO - Sync 1 DAGs
[2022-08-11 19:50:06,029] {logging_mixin.py:115} INFO - [2022-08-11 19:50:06,029] {dag.py:2972} INFO - Setting next_dagrun for example_python_operator to None, run_after=None
[2022-08-11 19:50:06,038] {processor.py:161} INFO - Processing /home/airflow/.local/lib/python3.7/site-packages/airflow/example_dags/example_python_operator.py took 0.155 seconds
[2022-08-11 19:50:37,181] {processor.py:153} INFO - Started process (PID=791) to work on /home/airflow/.local/lib/python3.7/site-packages/airflow/example_dags/example_python_operator.py
[2022-08-11 19:50:37,188] {processor.py:641} INFO - Processing file /home/airflow/.local/lib/python3.7/site-packages/airflow/example_dags/example_python_operator.py for tasks to queue
[2022-08-11 19:50:37,198] {logging_mixin.py:115} INFO - [2022-08-11 19:50:37,198] {dagbag.py:508} INFO - Filling up the DagBag from /home/airflow/.local/lib/python3.7/site-packages/airflow/example_dags/example_python_operator.py
[2022-08-11 19:50:37,223] {processor.py:651} INFO - DAG(s) dict_keys(['example_python_operator']) retrieved from /home/airflow/.local/lib/python3.7/site-packages/airflow/example_dags/example_python_operator.py
[2022-08-11 19:50:37,361] {logging_mixin.py:115} INFO - [2022-08-11 19:50:37,361] {dag.py:2420} INFO - Sync 1 DAGs
[2022-08-11 19:50:37,387] {logging_mixin.py:115} INFO - [2022-08-11 19:50:37,387] {dag.py:2972} INFO - Setting next_dagrun for example_python_operator to None, run_after=None
[2022-08-11 19:50:37,396] {processor.py:161} INFO - Processing /home/airflow/.local/lib/python3.7/site-packages/airflow/example_dags/example_python_operator.py took 0.224 seconds
[2022-08-11 19:51:08,241] {processor.py:153} INFO - Started process (PID=845) to work on /home/airflow/.local/lib/python3.7/site-packages/airflow/example_dags/example_python_operator.py
[2022-08-11 19:51:08,243] {processor.py:641} INFO - Processing file /home/airflow/.local/lib/python3.7/site-packages/airflow/example_dags/example_python_operator.py for tasks to queue
[2022-08-11 19:51:08,247] {logging_mixin.py:115} INFO - [2022-08-11 19:51:08,247] {dagbag.py:508} INFO - Filling up the DagBag from /home/airflow/.local/lib/python3.7/site-packages/airflow/example_dags/example_python_operator.py
[2022-08-11 19:51:08,270] {processor.py:651} INFO - DAG(s) dict_keys(['example_python_operator']) retrieved from /home/airflow/.local/lib/python3.7/site-packages/airflow/example_dags/example_python_operator.py
[2022-08-11 19:51:08,402] {logging_mixin.py:115} INFO - [2022-08-11 19:51:08,402] {dag.py:2420} INFO - Sync 1 DAGs
[2022-08-11 19:51:08,414] {logging_mixin.py:115} INFO - [2022-08-11 19:51:08,414] {dag.py:2972} INFO - Setting next_dagrun for example_python_operator to None, run_after=None
[2022-08-11 19:51:08,422] {processor.py:161} INFO - Processing /home/airflow/.local/lib/python3.7/site-packages/airflow/example_dags/example_python_operator.py took 0.184 seconds
[2022-08-11 19:51:40,198] {processor.py:153} INFO - Started process (PID=907) to work on /home/airflow/.local/lib/python3.7/site-packages/airflow/example_dags/example_python_operator.py
[2022-08-11 19:51:40,201] {processor.py:641} INFO - Processing file /home/airflow/.local/lib/python3.7/site-packages/airflow/example_dags/example_python_operator.py for tasks to queue
[2022-08-11 19:51:40,207] {logging_mixin.py:115} INFO - [2022-08-11 19:51:40,207] {dagbag.py:508} INFO - Filling up the DagBag from /home/airflow/.local/lib/python3.7/site-packages/airflow/example_dags/example_python_operator.py
[2022-08-11 19:51:40,237] {processor.py:651} INFO - DAG(s) dict_keys(['example_python_operator']) retrieved from /home/airflow/.local/lib/python3.7/site-packages/airflow/example_dags/example_python_operator.py
[2022-08-11 19:51:40,394] {logging_mixin.py:115} INFO - [2022-08-11 19:51:40,393] {dag.py:2420} INFO - Sync 1 DAGs
[2022-08-11 19:51:40,413] {logging_mixin.py:115} INFO - [2022-08-11 19:51:40,413] {dag.py:2972} INFO - Setting next_dagrun for example_python_operator to None, run_after=None
[2022-08-11 19:51:40,426] {processor.py:161} INFO - Processing /home/airflow/.local/lib/python3.7/site-packages/airflow/example_dags/example_python_operator.py took 0.231 seconds
[2022-08-11 19:52:10,473] {processor.py:153} INFO - Started process (PID=970) to work on /home/airflow/.local/lib/python3.7/site-packages/airflow/example_dags/example_python_operator.py
[2022-08-11 19:52:10,474] {processor.py:641} INFO - Processing file /home/airflow/.local/lib/python3.7/site-packages/airflow/example_dags/example_python_operator.py for tasks to queue
[2022-08-11 19:52:10,476] {logging_mixin.py:115} INFO - [2022-08-11 19:52:10,476] {dagbag.py:508} INFO - Filling up the DagBag from /home/airflow/.local/lib/python3.7/site-packages/airflow/example_dags/example_python_operator.py
[2022-08-11 19:52:10,489] {processor.py:651} INFO - DAG(s) dict_keys(['example_python_operator']) retrieved from /home/airflow/.local/lib/python3.7/site-packages/airflow/example_dags/example_python_operator.py
[2022-08-11 19:52:10,587] {logging_mixin.py:115} INFO - [2022-08-11 19:52:10,587] {dag.py:2420} INFO - Sync 1 DAGs
[2022-08-11 19:52:10,602] {logging_mixin.py:115} INFO - [2022-08-11 19:52:10,602] {dag.py:2972} INFO - Setting next_dagrun for example_python_operator to None, run_after=None
[2022-08-11 19:52:10,612] {processor.py:161} INFO - Processing /home/airflow/.local/lib/python3.7/site-packages/airflow/example_dags/example_python_operator.py took 0.142 seconds
[2022-08-11 19:52:41,470] {processor.py:153} INFO - Started process (PID=1033) to work on /home/airflow/.local/lib/python3.7/site-packages/airflow/example_dags/example_python_operator.py
[2022-08-11 19:52:41,472] {processor.py:641} INFO - Processing file /home/airflow/.local/lib/python3.7/site-packages/airflow/example_dags/example_python_operator.py for tasks to queue
[2022-08-11 19:52:41,473] {logging_mixin.py:115} INFO - [2022-08-11 19:52:41,473] {dagbag.py:508} INFO - Filling up the DagBag from /home/airflow/.local/lib/python3.7/site-packages/airflow/example_dags/example_python_operator.py
[2022-08-11 19:52:41,486] {processor.py:651} INFO - DAG(s) dict_keys(['example_python_operator']) retrieved from /home/airflow/.local/lib/python3.7/site-packages/airflow/example_dags/example_python_operator.py
[2022-08-11 19:52:41,595] {logging_mixin.py:115} INFO - [2022-08-11 19:52:41,595] {dag.py:2420} INFO - Sync 1 DAGs
[2022-08-11 19:52:41,606] {logging_mixin.py:115} INFO - [2022-08-11 19:52:41,606] {dag.py:2972} INFO - Setting next_dagrun for example_python_operator to None, run_after=None
[2022-08-11 19:52:41,612] {processor.py:161} INFO - Processing /home/airflow/.local/lib/python3.7/site-packages/airflow/example_dags/example_python_operator.py took 0.145 seconds
[2022-08-11 19:53:12,054] {processor.py:153} INFO - Started process (PID=1097) to work on /home/airflow/.local/lib/python3.7/site-packages/airflow/example_dags/example_python_operator.py
[2022-08-11 19:53:12,057] {processor.py:641} INFO - Processing file /home/airflow/.local/lib/python3.7/site-packages/airflow/example_dags/example_python_operator.py for tasks to queue
[2022-08-11 19:53:12,058] {logging_mixin.py:115} INFO - [2022-08-11 19:53:12,058] {dagbag.py:508} INFO - Filling up the DagBag from /home/airflow/.local/lib/python3.7/site-packages/airflow/example_dags/example_python_operator.py
[2022-08-11 19:53:12,074] {processor.py:651} INFO - DAG(s) dict_keys(['example_python_operator']) retrieved from /home/airflow/.local/lib/python3.7/site-packages/airflow/example_dags/example_python_operator.py
[2022-08-11 19:53:12,211] {logging_mixin.py:115} INFO - [2022-08-11 19:53:12,211] {dag.py:2420} INFO - Sync 1 DAGs
[2022-08-11 19:53:12,226] {logging_mixin.py:115} INFO - [2022-08-11 19:53:12,226] {dag.py:2972} INFO - Setting next_dagrun for example_python_operator to None, run_after=None
[2022-08-11 19:53:12,236] {processor.py:161} INFO - Processing /home/airflow/.local/lib/python3.7/site-packages/airflow/example_dags/example_python_operator.py took 0.187 seconds
[2022-08-11 19:53:42,744] {processor.py:153} INFO - Started process (PID=1151) to work on /home/airflow/.local/lib/python3.7/site-packages/airflow/example_dags/example_python_operator.py
[2022-08-11 19:53:42,746] {processor.py:641} INFO - Processing file /home/airflow/.local/lib/python3.7/site-packages/airflow/example_dags/example_python_operator.py for tasks to queue
[2022-08-11 19:53:42,746] {logging_mixin.py:115} INFO - [2022-08-11 19:53:42,746] {dagbag.py:508} INFO - Filling up the DagBag from /home/airflow/.local/lib/python3.7/site-packages/airflow/example_dags/example_python_operator.py
[2022-08-11 19:53:42,760] {processor.py:651} INFO - DAG(s) dict_keys(['example_python_operator']) retrieved from /home/airflow/.local/lib/python3.7/site-packages/airflow/example_dags/example_python_operator.py
[2022-08-11 19:53:42,869] {logging_mixin.py:115} INFO - [2022-08-11 19:53:42,869] {dag.py:2420} INFO - Sync 1 DAGs
[2022-08-11 19:53:42,879] {logging_mixin.py:115} INFO - [2022-08-11 19:53:42,879] {dag.py:2972} INFO - Setting next_dagrun for example_python_operator to None, run_after=None
[2022-08-11 19:53:42,889] {processor.py:161} INFO - Processing /home/airflow/.local/lib/python3.7/site-packages/airflow/example_dags/example_python_operator.py took 0.148 seconds
[2022-08-11 19:54:14,263] {processor.py:153} INFO - Started process (PID=1213) to work on /home/airflow/.local/lib/python3.7/site-packages/airflow/example_dags/example_python_operator.py
[2022-08-11 19:54:14,264] {processor.py:641} INFO - Processing file /home/airflow/.local/lib/python3.7/site-packages/airflow/example_dags/example_python_operator.py for tasks to queue
[2022-08-11 19:54:14,266] {logging_mixin.py:115} INFO - [2022-08-11 19:54:14,266] {dagbag.py:508} INFO - Filling up the DagBag from /home/airflow/.local/lib/python3.7/site-packages/airflow/example_dags/example_python_operator.py
[2022-08-11 19:54:14,281] {processor.py:651} INFO - DAG(s) dict_keys(['example_python_operator']) retrieved from /home/airflow/.local/lib/python3.7/site-packages/airflow/example_dags/example_python_operator.py
[2022-08-11 19:54:14,405] {logging_mixin.py:115} INFO - [2022-08-11 19:54:14,405] {dag.py:2420} INFO - Sync 1 DAGs
[2022-08-11 19:54:14,422] {logging_mixin.py:115} INFO - [2022-08-11 19:54:14,422] {dag.py:2972} INFO - Setting next_dagrun for example_python_operator to None, run_after=None
[2022-08-11 19:54:14,435] {processor.py:161} INFO - Processing /home/airflow/.local/lib/python3.7/site-packages/airflow/example_dags/example_python_operator.py took 0.175 seconds
[2022-08-11 19:54:45,480] {processor.py:153} INFO - Started process (PID=1276) to work on /home/airflow/.local/lib/python3.7/site-packages/airflow/example_dags/example_python_operator.py
[2022-08-11 19:54:45,481] {processor.py:641} INFO - Processing file /home/airflow/.local/lib/python3.7/site-packages/airflow/example_dags/example_python_operator.py for tasks to queue
[2022-08-11 19:54:45,483] {logging_mixin.py:115} INFO - [2022-08-11 19:54:45,483] {dagbag.py:508} INFO - Filling up the DagBag from /home/airflow/.local/lib/python3.7/site-packages/airflow/example_dags/example_python_operator.py
[2022-08-11 19:54:45,497] {processor.py:651} INFO - DAG(s) dict_keys(['example_python_operator']) retrieved from /home/airflow/.local/lib/python3.7/site-packages/airflow/example_dags/example_python_operator.py
[2022-08-11 19:54:45,662] {logging_mixin.py:115} INFO - [2022-08-11 19:54:45,662] {dag.py:2420} INFO - Sync 1 DAGs
[2022-08-11 19:54:45,676] {logging_mixin.py:115} INFO - [2022-08-11 19:54:45,676] {dag.py:2972} INFO - Setting next_dagrun for example_python_operator to None, run_after=None
[2022-08-11 19:54:45,686] {processor.py:161} INFO - Processing /home/airflow/.local/lib/python3.7/site-packages/airflow/example_dags/example_python_operator.py took 0.209 seconds
[2022-08-11 19:55:16,338] {processor.py:153} INFO - Started process (PID=1339) to work on /home/airflow/.local/lib/python3.7/site-packages/airflow/example_dags/example_python_operator.py
[2022-08-11 19:55:16,340] {processor.py:641} INFO - Processing file /home/airflow/.local/lib/python3.7/site-packages/airflow/example_dags/example_python_operator.py for tasks to queue
[2022-08-11 19:55:16,342] {logging_mixin.py:115} INFO - [2022-08-11 19:55:16,342] {dagbag.py:508} INFO - Filling up the DagBag from /home/airflow/.local/lib/python3.7/site-packages/airflow/example_dags/example_python_operator.py
[2022-08-11 19:55:16,363] {processor.py:651} INFO - DAG(s) dict_keys(['example_python_operator']) retrieved from /home/airflow/.local/lib/python3.7/site-packages/airflow/example_dags/example_python_operator.py
[2022-08-11 19:55:16,486] {logging_mixin.py:115} INFO - [2022-08-11 19:55:16,486] {dag.py:2420} INFO - Sync 1 DAGs
[2022-08-11 19:55:16,499] {logging_mixin.py:115} INFO - [2022-08-11 19:55:16,499] {dag.py:2972} INFO - Setting next_dagrun for example_python_operator to None, run_after=None
[2022-08-11 19:55:16,507] {processor.py:161} INFO - Processing /home/airflow/.local/lib/python3.7/site-packages/airflow/example_dags/example_python_operator.py took 0.172 seconds
[2022-08-11 19:55:46,925] {processor.py:153} INFO - Started process (PID=1393) to work on /home/airflow/.local/lib/python3.7/site-packages/airflow/example_dags/example_python_operator.py
[2022-08-11 19:55:46,927] {processor.py:641} INFO - Processing file /home/airflow/.local/lib/python3.7/site-packages/airflow/example_dags/example_python_operator.py for tasks to queue
[2022-08-11 19:55:46,928] {logging_mixin.py:115} INFO - [2022-08-11 19:55:46,928] {dagbag.py:508} INFO - Filling up the DagBag from /home/airflow/.local/lib/python3.7/site-packages/airflow/example_dags/example_python_operator.py
[2022-08-11 19:55:46,947] {processor.py:651} INFO - DAG(s) dict_keys(['example_python_operator']) retrieved from /home/airflow/.local/lib/python3.7/site-packages/airflow/example_dags/example_python_operator.py
[2022-08-11 19:55:47,075] {logging_mixin.py:115} INFO - [2022-08-11 19:55:47,075] {dag.py:2420} INFO - Sync 1 DAGs
[2022-08-11 19:55:47,098] {logging_mixin.py:115} INFO - [2022-08-11 19:55:47,098] {dag.py:2972} INFO - Setting next_dagrun for example_python_operator to None, run_after=None
[2022-08-11 19:55:47,108] {processor.py:161} INFO - Processing /home/airflow/.local/lib/python3.7/site-packages/airflow/example_dags/example_python_operator.py took 0.185 seconds
