[2022-08-03 22:52:36,354] {taskinstance.py:1179} INFO - Dependencies all met for <TaskInstance: ltv-pipeline.drop_table manual__2022-08-03T22:52:24.290575+00:00 [queued]>
[2022-08-03 22:52:36,548] {taskinstance.py:1179} INFO - Dependencies all met for <TaskInstance: ltv-pipeline.drop_table manual__2022-08-03T22:52:24.290575+00:00 [queued]>
[2022-08-03 22:52:36,575] {taskinstance.py:1376} INFO - 
--------------------------------------------------------------------------------
[2022-08-03 22:52:36,587] {taskinstance.py:1377} INFO - Starting attempt 1 of 1
[2022-08-03 22:52:36,604] {taskinstance.py:1378} INFO - 
--------------------------------------------------------------------------------
[2022-08-03 22:52:36,881] {taskinstance.py:1397} INFO - Executing <Task(PostgresOperator): drop_table> on 2022-08-03 22:52:24.290575+00:00
[2022-08-03 22:52:37,093] {standard_task_runner.py:52} INFO - Started process 5979 to run task
[2022-08-03 22:52:37,369] {standard_task_runner.py:79} INFO - Running: ['***', 'tasks', 'run', 'ltv-pipeline', 'drop_table', 'manual__2022-08-03T22:52:24.290575+00:00', '--job-id', '262', '--raw', '--subdir', 'DAGS_FOLDER/dag-test.py', '--cfg-path', '/tmp/tmp5ekr8oiw', '--error-file', '/tmp/tmp1ovy5rry']
[2022-08-03 22:52:37,408] {standard_task_runner.py:80} INFO - Job 262: Subtask drop_table
[2022-08-03 22:52:38,645] {task_command.py:371} INFO - Running <TaskInstance: ltv-pipeline.drop_table manual__2022-08-03T22:52:24.290575+00:00 [running]> on host 3b0f05b8acbc
[2022-08-03 22:52:39,018] {taskinstance.py:1591} INFO - Exporting the following env vars:
AIRFLOW_CTX_DAG_OWNER=***
AIRFLOW_CTX_DAG_ID=ltv-pipeline
AIRFLOW_CTX_TASK_ID=drop_table
AIRFLOW_CTX_EXECUTION_DATE=2022-08-03T22:52:24.290575+00:00
AIRFLOW_CTX_TRY_NUMBER=1
AIRFLOW_CTX_DAG_RUN_ID=manual__2022-08-03T22:52:24.290575+00:00
[2022-08-03 22:52:39,089] {base.py:68} INFO - Using connection ID 'postgres' for task execution.
[2022-08-03 22:52:39,116] {dbapi.py:231} INFO - Running statement: DROP TABLE IF EXISTS vehicles, parameters: None
[2022-08-03 22:52:39,703] {taskinstance.py:1420} INFO - Marking task as SUCCESS. dag_id=ltv-pipeline, task_id=drop_table, execution_date=20220803T225224, start_date=20220803T225236, end_date=20220803T225239
[2022-08-03 22:52:39,927] {local_task_job.py:156} INFO - Task exited with return code 0
[2022-08-03 22:52:40,086] {local_task_job.py:273} INFO - 1 downstream tasks scheduled from follow-on schedule check
