[2022-08-03 15:42:25,358] {taskinstance.py:1179} INFO - Dependencies all met for <TaskInstance: ltv-pipeline.query-table manual__2022-08-03T15:41:44.992108+00:00 [queued]>
[2022-08-03 15:42:25,517] {taskinstance.py:1179} INFO - Dependencies all met for <TaskInstance: ltv-pipeline.query-table manual__2022-08-03T15:41:44.992108+00:00 [queued]>
[2022-08-03 15:42:25,533] {taskinstance.py:1376} INFO - 
--------------------------------------------------------------------------------
[2022-08-03 15:42:25,555] {taskinstance.py:1377} INFO - Starting attempt 1 of 1
[2022-08-03 15:42:25,577] {taskinstance.py:1378} INFO - 
--------------------------------------------------------------------------------
[2022-08-03 15:42:26,067] {taskinstance.py:1397} INFO - Executing <Task(PythonOperator): query-table> on 2022-08-03 15:41:44.992108+00:00
[2022-08-03 15:42:27,109] {standard_task_runner.py:52} INFO - Started process 1048 to run task
[2022-08-03 15:42:27,383] {standard_task_runner.py:79} INFO - Running: ['***', 'tasks', 'run', 'ltv-pipeline', 'query-table', 'manual__2022-08-03T15:41:44.992108+00:00', '--job-id', '44', '--raw', '--subdir', 'DAGS_FOLDER/dag-test.py', '--cfg-path', '/tmp/tmpi8sc6y9w', '--error-file', '/tmp/tmp3nk7ipyr']
[2022-08-03 15:42:27,422] {standard_task_runner.py:80} INFO - Job 44: Subtask query-table
[2022-08-03 15:42:28,876] {task_command.py:371} INFO - Running <TaskInstance: ltv-pipeline.query-table manual__2022-08-03T15:41:44.992108+00:00 [running]> on host 3b0f05b8acbc
[2022-08-03 15:42:30,012] {taskinstance.py:1591} INFO - Exporting the following env vars:
AIRFLOW_CTX_DAG_OWNER=***
AIRFLOW_CTX_DAG_ID=ltv-pipeline
AIRFLOW_CTX_TASK_ID=query-table
AIRFLOW_CTX_EXECUTION_DATE=2022-08-03T15:41:44.992108+00:00
AIRFLOW_CTX_TRY_NUMBER=1
AIRFLOW_CTX_DAG_RUN_ID=manual__2022-08-03T15:41:44.992108+00:00
[2022-08-03 15:42:30,081] {logging_mixin.py:115} INFO - Testing hook
[2022-08-03 15:42:30,226] {base.py:68} INFO - Using connection ID 'postgres' for task execution.
[2022-08-03 15:42:30,279] {logging_mixin.py:115} INFO - []
[2022-08-03 15:42:30,319] {base.py:68} INFO - Using connection ID 'postgres' for task execution.
[2022-08-03 15:42:30,376] {logging_mixin.py:115} INFO - [('pg_toast',), ('pg_catalog',), ('public',), ('information_schema',)]
[2022-08-03 15:42:30,381] {logging_mixin.py:115} INFO - PRINT PATH: ['dags', 'logs', 'webserver_config.py', 'plugins', '***-worker.pid', '***.cfg', 'files']
[2022-08-03 15:42:30,395] {logging_mixin.py:115} INFO - PRINT PATH: ['test.csv', 'vehicle_challenge.csv.gz']
[2022-08-03 15:42:30,612] {logging_mixin.py:115} INFO - /opt/***
[2022-08-03 15:42:30,630] {python.py:173} INFO - Done. Returned value was: None
[2022-08-03 15:42:30,828] {taskinstance.py:1420} INFO - Marking task as SUCCESS. dag_id=ltv-pipeline, task_id=query-table, execution_date=20220803T154144, start_date=20220803T154225, end_date=20220803T154230
[2022-08-03 15:42:30,955] {local_task_job.py:156} INFO - Task exited with return code 0
[2022-08-03 15:42:31,119] {local_task_job.py:273} INFO - 1 downstream tasks scheduled from follow-on schedule check
