[2022-08-11 19:44:52,088] {taskinstance.py:1179} INFO - Dependencies all met for <TaskInstance: ltv-pipeline.pre-process manual__2022-08-11T19:44:47.198772+00:00 [queued]>
[2022-08-11 19:44:52,096] {taskinstance.py:1179} INFO - Dependencies all met for <TaskInstance: ltv-pipeline.pre-process manual__2022-08-11T19:44:47.198772+00:00 [queued]>
[2022-08-11 19:44:52,097] {taskinstance.py:1376} INFO - 
--------------------------------------------------------------------------------
[2022-08-11 19:44:52,098] {taskinstance.py:1377} INFO - Starting attempt 1 of 1
[2022-08-11 19:44:52,100] {taskinstance.py:1378} INFO - 
--------------------------------------------------------------------------------
[2022-08-11 19:44:52,109] {taskinstance.py:1397} INFO - Executing <Task(PythonOperator): pre-process> on 2022-08-11 19:44:47.198772+00:00
[2022-08-11 19:44:52,114] {standard_task_runner.py:52} INFO - Started process 87 to run task
[2022-08-11 19:44:52,117] {standard_task_runner.py:79} INFO - Running: ['***', 'tasks', 'run', 'ltv-pipeline', 'pre-process', 'manual__2022-08-11T19:44:47.198772+00:00', '--job-id', '310', '--raw', '--subdir', 'DAGS_FOLDER/dag-test.py', '--cfg-path', '/tmp/tmp3tfpmwm3', '--error-file', '/tmp/tmpb0e_2gdk']
[2022-08-11 19:44:52,119] {standard_task_runner.py:80} INFO - Job 310: Subtask pre-process
[2022-08-11 19:44:52,170] {task_command.py:371} INFO - Running <TaskInstance: ltv-pipeline.pre-process manual__2022-08-11T19:44:47.198772+00:00 [running]> on host f961364be009
[2022-08-11 19:44:52,215] {taskinstance.py:1591} INFO - Exporting the following env vars:
AIRFLOW_CTX_DAG_OWNER=***
AIRFLOW_CTX_DAG_ID=ltv-pipeline
AIRFLOW_CTX_TASK_ID=pre-process
AIRFLOW_CTX_EXECUTION_DATE=2022-08-11T19:44:47.198772+00:00
AIRFLOW_CTX_TRY_NUMBER=1
AIRFLOW_CTX_DAG_RUN_ID=manual__2022-08-11T19:44:47.198772+00:00
[2022-08-11 19:44:52,216] {logging_mixin.py:115} INFO - To avoid adding sh files to the container I added some subprocess to mimic a shell script
[2022-08-11 19:44:54,952] {logging_mixin.py:115} INFO - Line Count:  500000 files/vehicle_challenge.csv
[2022-08-11 19:44:55,000] {logging_mixin.py:115} INFO - Columns Count:  21
[2022-08-11 19:44:55,027] {logging_mixin.py:115} INFO - Headers:  id,vin,price,miles,stock_no,year,make,model,trim,body_type,vehicle_type,drivetrain,transmission,fuel_type,engine_size,engine_block,seller_name,street,city,state,zip
[2022-08-11 19:44:55,032] {logging_mixin.py:115} INFO - This is a python solution
[2022-08-11 19:44:56,600] {warnings.py:110} WARNING - /home/***/.local/lib/python3.7/site-packages/***/operators/python.py:189: DtypeWarning: Columns (2,3,5,14,20) have mixed types.Specify dtype option on import or set low_memory=False.
  return self.python_callable(*self.op_args, **self.op_kwargs)

[2022-08-11 19:44:57,069] {logging_mixin.py:115} INFO - The file contains: Lines 500000 from it contains 499999 rows and  21 columns
[2022-08-11 19:44:57,081] {logging_mixin.py:115} INFO - The file headers: id, vin, price, miles, stock_no, year, make, model, trim, body_type, vehicle_type, drivetrain, transmission, fuel_type, engine_size, engine_block, seller_name, street, city, state, zip
[2022-08-11 19:44:57,322] {python.py:173} INFO - Done. Returned value was: None
[2022-08-11 19:44:57,529] {taskinstance.py:1420} INFO - Marking task as SUCCESS. dag_id=ltv-pipeline, task_id=pre-process, execution_date=20220811T194447, start_date=20220811T194452, end_date=20220811T194457
[2022-08-11 19:44:57,884] {local_task_job.py:156} INFO - Task exited with return code 0
[2022-08-11 19:44:57,975] {local_task_job.py:273} INFO - 1 downstream tasks scheduled from follow-on schedule check
