[2022-08-11 19:47:34,555] {taskinstance.py:1179} INFO - Dependencies all met for <TaskInstance: ltv-pipeline.general-statistics manual__2022-08-11T19:47:22.418267+00:00 [queued]>
[2022-08-11 19:47:34,563] {taskinstance.py:1179} INFO - Dependencies all met for <TaskInstance: ltv-pipeline.general-statistics manual__2022-08-11T19:47:22.418267+00:00 [queued]>
[2022-08-11 19:47:34,564] {taskinstance.py:1376} INFO - 
--------------------------------------------------------------------------------
[2022-08-11 19:47:34,564] {taskinstance.py:1377} INFO - Starting attempt 1 of 1
[2022-08-11 19:47:34,566] {taskinstance.py:1378} INFO - 
--------------------------------------------------------------------------------
[2022-08-11 19:47:34,574] {taskinstance.py:1397} INFO - Executing <Task(PythonOperator): general-statistics> on 2022-08-11 19:47:22.418267+00:00
[2022-08-11 19:47:34,579] {standard_task_runner.py:52} INFO - Started process 258 to run task
[2022-08-11 19:47:34,582] {standard_task_runner.py:79} INFO - Running: ['***', 'tasks', 'run', 'ltv-pipeline', 'general-statistics', 'manual__2022-08-11T19:47:22.418267+00:00', '--job-id', '321', '--raw', '--subdir', 'DAGS_FOLDER/dag-test.py', '--cfg-path', '/tmp/tmpgbfrsnru', '--error-file', '/tmp/tmpnm_wc9e_']
[2022-08-11 19:47:34,584] {standard_task_runner.py:80} INFO - Job 321: Subtask general-statistics
[2022-08-11 19:47:34,632] {task_command.py:371} INFO - Running <TaskInstance: ltv-pipeline.general-statistics manual__2022-08-11T19:47:22.418267+00:00 [running]> on host f961364be009
[2022-08-11 19:47:34,682] {taskinstance.py:1591} INFO - Exporting the following env vars:
AIRFLOW_CTX_DAG_OWNER=***
AIRFLOW_CTX_DAG_ID=ltv-pipeline
AIRFLOW_CTX_TASK_ID=general-statistics
AIRFLOW_CTX_EXECUTION_DATE=2022-08-11T19:47:22.418267+00:00
AIRFLOW_CTX_TRY_NUMBER=1
AIRFLOW_CTX_DAG_RUN_ID=manual__2022-08-11T19:47:22.418267+00:00
[2022-08-11 19:47:34,691] {base.py:68} INFO - Using connection ID 'postgres' for task execution.
[2022-08-11 19:47:34,697] {logging_mixin.py:115} INFO - [('38b2f52e-8f5d', '1GCWGFCF3F1284719', '20998', '115879', 'W1T503168C', '2015', 'Chevrolet', 'Express Cargo', 'Work Van', 'Cargo Van', 'Truck', 'RWD', 'Automatic', 'E85 / Unleaded', '4.8', 'V', 'nissan ellicott city', '8569 Baltimore National Pike', 'Ellicott City', 'MD', '21043'), ('97ba4955-ccf0', 'WBY7Z8C59JVB87514', '27921', '7339', 'P33243', '2018', 'BMW', 'i3', 's', 'Hatchback', 'Car', 'RWD', 'Automatic', 'Electric / Premium Unleaded', '0.6', 'I', 'hendrick honda pompano beach', '5381 N Federal Highway', 'Pompano Beach', 'FL', '33064'), ('be1da9fd-0f34', 'ML32F4FJ2JHF10325', '11055', '39798', 'WM2091A', '2018', 'Mitsubishi', 'Mirage G4', 'SE', 'Sedan', 'Car', 'FWD', 'Automatic', 'Unleaded', '1.2', 'I', 'russ darrow toyota', '2700 West Washington St.', 'West Bend', 'WI', '53095'), ('84327e45-6cb6', '1GCPTEE15K1291189', '52997', '28568', '9U2Y425A', '2019', 'Chevrolet', 'Colorado', 'ZR2', 'Pickup', 'Truck', '4WD', 'Automatic', 'Diesel', '2.8', 'I', 'young kia', '308 North Main Street', 'Layton', 'UT', '84041'), ('cde691c3-91dd', '1G2AL18F087312093', None, '188485', 'T36625A', '2008', 'Pontiac', 'G5', 'Base', 'Coupe', 'Car', 'FWD', 'Automatic', 'Unleaded', '2.2', 'I', 'pappas toyota', '10011 Spencer Rd', 'Saint Peters', 'MO', '63376'), ('e6b0a17c-6321', 'WBY1Z4C54FV500763', None, '54276', 'T15046A', '2015', 'BMW', 'i3', 'Giga World', 'Hatchback', 'Car', 'RWD', 'Automatic', 'Electric / Premium Unleaded', '0.6', 'I', 'crossroads ford of kernersville', '1330 Highway 66 South', 'Kernersville', 'NC', '27284'), ('43847b9a-6fed', '1B7HC16Y8YS543285', '3995', '137537', 'BP8246A', '2000', 'Dodge', 'Ram Pickup', 'ST', 'Pickup', 'Truck', 'RWD', 'Manual', 'Unleaded', '5.2', 'V', 'baumann auto group', '2379 W. State St.', 'Fremont', 'OH', '43420'), ('8d10256f-3be9', '3GNBABDBXAS598032', '6500', '74274', '2104839A', '2010', 'Chevrolet', 'HHR', 'LT', 'Mini Mpv', 'Car', 'FWD', 'Automatic', 'E85 / Unleaded', '2.2', 'I', 'volkswagen of grand blanc', '6201 S Saginaw Rd', 'Grand Blanc', 'MI', '48439'), ('d8d6dfed-e273', '5YMCY0C08L9D04057', '105974', '9589', 'CMR269761A', '2020', 'BMW', 'X6 M', 'Base', 'SUV', 'Truck', '4WD', 'Automatic', 'Premium Unleaded', '4.4', 'V', 'braman miami', '2060 Biscayne Boulevard', 'Miami', 'FL', '33137'), ('3c539e0f-3eb8', '1GCGSCE15G1195013', '23024', '131286', 'PH195013', '2016', 'Chevrolet', 'Colorado', 'LT', 'Pickup', 'Truck', 'RWD', 'Automatic', 'Diesel', '2.8', 'I', 'jefferson city autoplex', '3215 Missouri Blvd', 'Jefferson City', 'MO', '65109')]
[2022-08-11 19:47:34,704] {base.py:68} INFO - Using connection ID 'postgres' for task execution.
[2022-08-11 19:47:34,977] {logging_mixin.py:115} INFO - TOTAL RECORDS: 499999
[2022-08-11 19:47:34,990] {base.py:68} INFO - Using connection ID 'postgres' for task execution.
[2022-08-11 19:47:36,348] {logging_mixin.py:115} INFO - TOTAL unique VINS: 171520
[2022-08-11 19:47:36,393] {base.py:68} INFO - Using connection ID 'postgres' for task execution.
[2022-08-11 19:47:36,605] {logging_mixin.py:115} INFO - TOTAL unique VINS: 448444
[2022-08-11 19:47:36,615] {base.py:68} INFO - Using connection ID 'postgres' for task execution.
[2022-08-11 19:47:36,624] {dbapi.py:231} INFO - Running statement: DELETE FROM vehicles WHERE price = 'price' ;, parameters: None
[2022-08-11 19:47:36,690] {dbapi.py:239} INFO - Rows affected: 1
[2022-08-11 19:47:36,703] {base.py:68} INFO - Using connection ID 'postgres' for task execution.
[2022-08-11 19:47:37,541] {logging_mixin.py:115} INFO - (499998, 5)
[2022-08-11 19:47:37,549] {base.py:68} INFO - Using connection ID 'postgres' for task execution.
[2022-08-11 19:47:40,245] {logging_mixin.py:115} INFO - SHAPES PRE ALTER TABLE: (499998, 21)
[2022-08-11 19:47:40,282] {base.py:68} INFO - Using connection ID 'postgres' for task execution.
[2022-08-11 19:47:40,288] {dbapi.py:231} INFO - Running statement: 
                ALTER TABLE vehicles
                ALTER COLUMN price TYPE INTEGER USING NULLIF(price,'')::integer
                ,ALTER COLUMN miles TYPE INTEGER USING NULLIF(miles,'')::integer
                ,ALTER COLUMN year TYPE INTEGER USING NULLIF(year,'')::integer
                ,ALTER COLUMN engine_size TYPE DOUBLE PRECISION USING NULLIF(engine_size, '')::DOUBLE PRECISION
                ,ALTER COLUMN zip TYPE INTEGER USING NULLIF(NULLIF(NULLIF(zip, 'J0J 1J0'),'V1N 1H9'),'')::integer
                ;
    , parameters: None
[2022-08-11 19:47:41,465] {base.py:68} INFO - Using connection ID 'postgres' for task execution.
[2022-08-11 19:47:43,912] {logging_mixin.py:115} INFO - SHAPES POST ALTER TABLE: (499998, 21)
[2022-08-11 19:47:43,953] {base.py:68} INFO - Using connection ID 'postgres' for task execution.
[2022-08-11 19:47:44,051] {logging_mixin.py:115} INFO -                               0
price_lost_records        51555
miles_lost_records         8815
year_lost_records            60
engine_size_lost_records  51852
zip_lost_records           1057
[2022-08-11 19:47:44,059] {base.py:68} INFO - Using connection ID 'postgres' for task execution.
[2022-08-11 19:47:46,050] {logging_mixin.py:115} INFO - SHAPES BEFORE  ALTER TABLE: (499998, 21)
[2022-08-11 19:47:46,058] {base.py:68} INFO - Using connection ID 'postgres' for task execution.
[2022-08-11 19:47:46,106] {logging_mixin.py:115} INFO -            city  count
0       Houston     80
1       Orlando     70
2       Medford     56
3     Arlington     50
4       Raleigh     44
5        Dallas     42
6         Tampa     38
7  Indianapolis     38
8      Columbia     36
9  Jacksonville     36
[2022-08-11 19:47:46,109] {python.py:173} INFO - Done. Returned value was: None
[2022-08-11 19:47:46,130] {taskinstance.py:1420} INFO - Marking task as SUCCESS. dag_id=ltv-pipeline, task_id=general-statistics, execution_date=20220811T194722, start_date=20220811T194734, end_date=20220811T194746
[2022-08-11 19:47:46,266] {local_task_job.py:156} INFO - Task exited with return code 0
[2022-08-11 19:47:46,325] {local_task_job.py:273} INFO - 0 downstream tasks scheduled from follow-on schedule check
