[2022-08-03 21:09:35,066] {taskinstance.py:1179} INFO - Dependencies all met for <TaskInstance: ltv-pipeline.create_table manual__2022-08-03T21:08:53+00:00 [queued]>
[2022-08-03 21:09:35,089] {taskinstance.py:1179} INFO - Dependencies all met for <TaskInstance: ltv-pipeline.create_table manual__2022-08-03T21:08:53+00:00 [queued]>
[2022-08-03 21:09:35,092] {taskinstance.py:1376} INFO - 
--------------------------------------------------------------------------------
[2022-08-03 21:09:35,098] {taskinstance.py:1377} INFO - Starting attempt 1 of 1
[2022-08-03 21:09:35,104] {taskinstance.py:1378} INFO - 
--------------------------------------------------------------------------------
[2022-08-03 21:09:35,123] {taskinstance.py:1397} INFO - Executing <Task(PostgresOperator): create_table> on 2022-08-03 21:08:53+00:00
[2022-08-03 21:09:35,139] {standard_task_runner.py:52} INFO - Started process 1490 to run task
[2022-08-03 21:09:35,146] {standard_task_runner.py:79} INFO - Running: ['***', 'tasks', 'run', 'ltv-pipeline', 'create_table', 'manual__2022-08-03T21:08:53+00:00', '--job-id', '123', '--raw', '--subdir', 'DAGS_FOLDER/dag-test.py', '--cfg-path', '/tmp/tmpj0r0tkfn', '--error-file', '/tmp/tmpa7db6vsj']
[2022-08-03 21:09:35,152] {standard_task_runner.py:80} INFO - Job 123: Subtask create_table
[2022-08-03 21:09:35,281] {task_command.py:371} INFO - Running <TaskInstance: ltv-pipeline.create_table manual__2022-08-03T21:08:53+00:00 [running]> on host 3b0f05b8acbc
[2022-08-03 21:09:35,401] {taskinstance.py:1591} INFO - Exporting the following env vars:
AIRFLOW_CTX_DAG_OWNER=***
AIRFLOW_CTX_DAG_ID=ltv-pipeline
AIRFLOW_CTX_TASK_ID=create_table
AIRFLOW_CTX_EXECUTION_DATE=2022-08-03T21:08:53+00:00
AIRFLOW_CTX_TRY_NUMBER=1
AIRFLOW_CTX_DAG_RUN_ID=manual__2022-08-03T21:08:53+00:00
[2022-08-03 21:09:35,433] {base.py:68} INFO - Using connection ID 'postgres' for task execution.
[2022-08-03 21:09:35,452] {dbapi.py:231} INFO - Running statement: CREATE TABLE vehicles (
                    id TEXT,
                    vin TEXT,
                    price TEXT,
                    miles TEXT, 
                    stock_no TEXT, 
                    year TEXT, 
                    make TEXT, 
                    model TEXT, 
                    trim TEXT, 
                    body_type TEXT, 
                    vehicle_type TEXT, 
                    drivetrain TEXT, 
                    transmission TEXT, 
                    fuel_type TEXT, 
                    engine_size TEXT, 
                    engine_block TEXT,
                    seller_name TEXT, 
                    street TEXT, 
                    city TEXT, 
                    state TEXT, 
                    zip  TEXT
                    );      
                , parameters: None
[2022-08-03 21:09:35,577] {taskinstance.py:1420} INFO - Marking task as SUCCESS. dag_id=ltv-pipeline, task_id=create_table, execution_date=20220803T210853, start_date=20220803T210935, end_date=20220803T210935
[2022-08-03 21:09:35,681] {local_task_job.py:156} INFO - Task exited with return code 0
[2022-08-03 21:09:35,778] {local_task_job.py:273} INFO - 1 downstream tasks scheduled from follow-on schedule check
