[2022-08-03 17:30:51,571] {taskinstance.py:1179} INFO - Dependencies all met for <TaskInstance: ltv-pipeline.pre-process manual__2022-08-03T17:30:36.478707+00:00 [queued]>
[2022-08-03 17:30:51,585] {taskinstance.py:1179} INFO - Dependencies all met for <TaskInstance: ltv-pipeline.pre-process manual__2022-08-03T17:30:36.478707+00:00 [queued]>
[2022-08-03 17:30:51,588] {taskinstance.py:1376} INFO - 
--------------------------------------------------------------------------------
[2022-08-03 17:30:51,592] {taskinstance.py:1377} INFO - Starting attempt 1 of 1
[2022-08-03 17:30:51,596] {taskinstance.py:1378} INFO - 
--------------------------------------------------------------------------------
[2022-08-03 17:30:51,619] {taskinstance.py:1397} INFO - Executing <Task(PythonOperator): pre-process> on 2022-08-03 17:30:36.478707+00:00
[2022-08-03 17:30:51,632] {standard_task_runner.py:52} INFO - Started process 3864 to run task
[2022-08-03 17:30:51,638] {standard_task_runner.py:79} INFO - Running: ['***', 'tasks', 'run', 'ltv-pipeline', 'pre-process', 'manual__2022-08-03T17:30:36.478707+00:00', '--job-id', '102', '--raw', '--subdir', 'DAGS_FOLDER/dag-test.py', '--cfg-path', '/tmp/tmp5ap159rl', '--error-file', '/tmp/tmp06a08fvj']
[2022-08-03 17:30:51,644] {standard_task_runner.py:80} INFO - Job 102: Subtask pre-process
[2022-08-03 17:30:51,775] {task_command.py:371} INFO - Running <TaskInstance: ltv-pipeline.pre-process manual__2022-08-03T17:30:36.478707+00:00 [running]> on host 3b0f05b8acbc
[2022-08-03 17:30:51,935] {taskinstance.py:1591} INFO - Exporting the following env vars:
AIRFLOW_CTX_DAG_OWNER=***
AIRFLOW_CTX_DAG_ID=ltv-pipeline
AIRFLOW_CTX_TASK_ID=pre-process
AIRFLOW_CTX_EXECUTION_DATE=2022-08-03T17:30:36.478707+00:00
AIRFLOW_CTX_TRY_NUMBER=1
AIRFLOW_CTX_DAG_RUN_ID=manual__2022-08-03T17:30:36.478707+00:00
[2022-08-03 17:30:51,952] {logging_mixin.py:115} INFO - To avoid adding sh files to the container I added some subprocess to mimic a shell script
[2022-08-03 17:30:53,196] {logging_mixin.py:115} INFO - Line Count:  500000 files/vehicle_challenge.csv
[2022-08-03 17:30:53,249] {logging_mixin.py:115} INFO - Columns Count:  21
[2022-08-03 17:30:53,292] {logging_mixin.py:115} INFO - Headers:  id,vin,price,miles,stock_no,year,make,model,trim,body_type,vehicle_type,drivetrain,transmission,fuel_type,engine_size,engine_block,seller_name,street,city,state,zip
[2022-08-03 17:30:53,301] {logging_mixin.py:115} INFO - This is a python solution
[2022-08-03 17:30:57,410] {warnings.py:110} WARNING - /home/***/.local/lib/python3.7/site-packages/***/operators/python.py:189: DtypeWarning: Columns (2,3,5,14,20) have mixed types.Specify dtype option on import or set low_memory=False.
  return self.python_callable(*self.op_args, **self.op_kwargs)

[2022-08-03 17:30:57,969] {logging_mixin.py:115} INFO - The file contains: Lines 500000 from it contains 499999 rows and  21 columns
[2022-08-03 17:30:57,981] {logging_mixin.py:115} INFO - The file headers: id, vin, price, miles, stock_no, year, make, model, trim, body_type, vehicle_type, drivetrain, transmission, fuel_type, engine_size, engine_block, seller_name, street, city, state, zip
[2022-08-03 17:30:58,213] {python.py:173} INFO - Done. Returned value was: None
[2022-08-03 17:30:58,356] {taskinstance.py:1420} INFO - Marking task as SUCCESS. dag_id=ltv-pipeline, task_id=pre-process, execution_date=20220803T173036, start_date=20220803T173051, end_date=20220803T173058
[2022-08-03 17:30:58,635] {local_task_job.py:156} INFO - Task exited with return code 0
[2022-08-03 17:30:58,907] {local_task_job.py:273} INFO - 1 downstream tasks scheduled from follow-on schedule check
