[2022-08-03 15:34:47,921] {taskinstance.py:1179} INFO - Dependencies all met for <TaskInstance: ltv-pipeline.drop_table manual__2022-08-03T15:34:43.862279+00:00 [queued]>
[2022-08-03 15:34:47,969] {taskinstance.py:1179} INFO - Dependencies all met for <TaskInstance: ltv-pipeline.drop_table manual__2022-08-03T15:34:43.862279+00:00 [queued]>
[2022-08-03 15:34:47,982] {taskinstance.py:1376} INFO - 
--------------------------------------------------------------------------------
[2022-08-03 15:34:47,994] {taskinstance.py:1377} INFO - Starting attempt 1 of 1
[2022-08-03 15:34:48,009] {taskinstance.py:1378} INFO - 
--------------------------------------------------------------------------------
[2022-08-03 15:34:48,095] {taskinstance.py:1397} INFO - Executing <Task(PostgresOperator): drop_table> on 2022-08-03 15:34:43.862279+00:00
[2022-08-03 15:34:48,127] {standard_task_runner.py:52} INFO - Started process 766 to run task
[2022-08-03 15:34:48,136] {standard_task_runner.py:79} INFO - Running: ['***', 'tasks', 'run', 'ltv-pipeline', 'drop_table', 'manual__2022-08-03T15:34:43.862279+00:00', '--job-id', '34', '--raw', '--subdir', 'DAGS_FOLDER/dag-test.py', '--cfg-path', '/tmp/tmp099d2764', '--error-file', '/tmp/tmppv5zr5v4']
[2022-08-03 15:34:48,150] {standard_task_runner.py:80} INFO - Job 34: Subtask drop_table
[2022-08-03 15:34:48,603] {task_command.py:371} INFO - Running <TaskInstance: ltv-pipeline.drop_table manual__2022-08-03T15:34:43.862279+00:00 [running]> on host 3b0f05b8acbc
[2022-08-03 15:34:48,935] {taskinstance.py:1591} INFO - Exporting the following env vars:
AIRFLOW_CTX_DAG_OWNER=***
AIRFLOW_CTX_DAG_ID=ltv-pipeline
AIRFLOW_CTX_TASK_ID=drop_table
AIRFLOW_CTX_EXECUTION_DATE=2022-08-03T15:34:43.862279+00:00
AIRFLOW_CTX_TRY_NUMBER=1
AIRFLOW_CTX_DAG_RUN_ID=manual__2022-08-03T15:34:43.862279+00:00
[2022-08-03 15:34:49,011] {base.py:68} INFO - Using connection ID 'postgres' for task execution.
[2022-08-03 15:34:49,043] {dbapi.py:231} INFO - Running statement: DROP TABLE vehicles, parameters: None
[2022-08-03 15:34:49,517] {taskinstance.py:1420} INFO - Marking task as SUCCESS. dag_id=ltv-pipeline, task_id=drop_table, execution_date=20220803T153443, start_date=20220803T153447, end_date=20220803T153449
[2022-08-03 15:34:49,761] {local_task_job.py:156} INFO - Task exited with return code 0
[2022-08-03 15:34:50,062] {local_task_job.py:273} INFO - 1 downstream tasks scheduled from follow-on schedule check
