[2022-08-03 22:48:15,171] {taskinstance.py:1179} INFO - Dependencies all met for <TaskInstance: ltv-pipeline.decompress-file manual__2022-08-03T22:47:52.905561+00:00 [queued]>
[2022-08-03 22:48:15,254] {taskinstance.py:1179} INFO - Dependencies all met for <TaskInstance: ltv-pipeline.decompress-file manual__2022-08-03T22:47:52.905561+00:00 [queued]>
[2022-08-03 22:48:15,271] {taskinstance.py:1376} INFO - 
--------------------------------------------------------------------------------
[2022-08-03 22:48:15,274] {taskinstance.py:1377} INFO - Starting attempt 1 of 1
[2022-08-03 22:48:15,286] {taskinstance.py:1378} INFO - 
--------------------------------------------------------------------------------
[2022-08-03 22:48:15,431] {taskinstance.py:1397} INFO - Executing <Task(BashOperator): decompress-file> on 2022-08-03 22:47:52.905561+00:00
[2022-08-03 22:48:15,479] {standard_task_runner.py:52} INFO - Started process 5791 to run task
[2022-08-03 22:48:15,518] {standard_task_runner.py:79} INFO - Running: ['***', 'tasks', 'run', 'ltv-pipeline', 'decompress-file', 'manual__2022-08-03T22:47:52.905561+00:00', '--job-id', '256', '--raw', '--subdir', 'DAGS_FOLDER/dag-test.py', '--cfg-path', '/tmp/tmpd8z0dv_e', '--error-file', '/tmp/tmpuo2q64eg']
[2022-08-03 22:48:15,551] {standard_task_runner.py:80} INFO - Job 256: Subtask decompress-file
[2022-08-03 22:48:16,123] {task_command.py:371} INFO - Running <TaskInstance: ltv-pipeline.decompress-file manual__2022-08-03T22:47:52.905561+00:00 [running]> on host 3b0f05b8acbc
[2022-08-03 22:48:16,437] {taskinstance.py:1591} INFO - Exporting the following env vars:
AIRFLOW_CTX_DAG_OWNER=***
AIRFLOW_CTX_DAG_ID=ltv-pipeline
AIRFLOW_CTX_TASK_ID=decompress-file
AIRFLOW_CTX_EXECUTION_DATE=2022-08-03T22:47:52.905561+00:00
AIRFLOW_CTX_TRY_NUMBER=1
AIRFLOW_CTX_DAG_RUN_ID=manual__2022-08-03T22:47:52.905561+00:00
[2022-08-03 22:48:16,459] {subprocess.py:62} INFO - Tmp dir root location: 
 /tmp
[2022-08-03 22:48:16,477] {subprocess.py:74} INFO - Running command: ['bash', '-c', 'if [ -f *vehicle_challenge.csv.gz ]; then  gunzip -f /opt/***/files/vehicle_challenge.csv.gz; fi;']
[2022-08-03 22:48:16,584] {subprocess.py:85} INFO - Output:
[2022-08-03 22:48:16,628] {subprocess.py:96} INFO - Command exited with return code 0
[2022-08-03 22:48:16,900] {taskinstance.py:1420} INFO - Marking task as SUCCESS. dag_id=ltv-pipeline, task_id=decompress-file, execution_date=20220803T224752, start_date=20220803T224815, end_date=20220803T224816
[2022-08-03 22:48:17,125] {local_task_job.py:156} INFO - Task exited with return code 0
[2022-08-03 22:48:17,371] {local_task_job.py:273} INFO - 1 downstream tasks scheduled from follow-on schedule check
