[2022-08-03 21:10:50,093] {taskinstance.py:1179} INFO - Dependencies all met for <TaskInstance: ltv-pipeline.pre-process manual__2022-08-03T21:10:38.828157+00:00 [queued]>
[2022-08-03 21:10:50,108] {taskinstance.py:1179} INFO - Dependencies all met for <TaskInstance: ltv-pipeline.pre-process manual__2022-08-03T21:10:38.828157+00:00 [queued]>
[2022-08-03 21:10:50,111] {taskinstance.py:1376} INFO - 
--------------------------------------------------------------------------------
[2022-08-03 21:10:50,118] {taskinstance.py:1377} INFO - Starting attempt 1 of 1
[2022-08-03 21:10:50,123] {taskinstance.py:1378} INFO - 
--------------------------------------------------------------------------------
[2022-08-03 21:10:50,142] {taskinstance.py:1397} INFO - Executing <Task(PythonOperator): pre-process> on 2022-08-03 21:10:38.828157+00:00
[2022-08-03 21:10:50,156] {standard_task_runner.py:52} INFO - Started process 1550 to run task
[2022-08-03 21:10:50,162] {standard_task_runner.py:79} INFO - Running: ['***', 'tasks', 'run', 'ltv-pipeline', 'pre-process', 'manual__2022-08-03T21:10:38.828157+00:00', '--job-id', '128', '--raw', '--subdir', 'DAGS_FOLDER/dag-test.py', '--cfg-path', '/tmp/tmp3w3_rb61', '--error-file', '/tmp/tmp4m9sm_mu']
[2022-08-03 21:10:50,169] {standard_task_runner.py:80} INFO - Job 128: Subtask pre-process
[2022-08-03 21:10:50,296] {task_command.py:371} INFO - Running <TaskInstance: ltv-pipeline.pre-process manual__2022-08-03T21:10:38.828157+00:00 [running]> on host 3b0f05b8acbc
[2022-08-03 21:10:50,461] {taskinstance.py:1591} INFO - Exporting the following env vars:
AIRFLOW_CTX_DAG_OWNER=***
AIRFLOW_CTX_DAG_ID=ltv-pipeline
AIRFLOW_CTX_TASK_ID=pre-process
AIRFLOW_CTX_EXECUTION_DATE=2022-08-03T21:10:38.828157+00:00
AIRFLOW_CTX_TRY_NUMBER=1
AIRFLOW_CTX_DAG_RUN_ID=manual__2022-08-03T21:10:38.828157+00:00
[2022-08-03 21:10:50,494] {logging_mixin.py:115} INFO - To avoid adding sh files to the container I added some subprocess to mimic a shell script
[2022-08-03 21:10:51,196] {logging_mixin.py:115} INFO - Line Count:  500000 files/vehicle_challenge.csv
[2022-08-03 21:10:51,246] {logging_mixin.py:115} INFO - Columns Count:  21
[2022-08-03 21:10:51,344] {logging_mixin.py:115} INFO - Headers:  id,vin,price,miles,stock_no,year,make,model,trim,body_type,vehicle_type,drivetrain,transmission,fuel_type,engine_size,engine_block,seller_name,street,city,state,zip
[2022-08-03 21:10:51,354] {logging_mixin.py:115} INFO - This is a python solution
[2022-08-03 21:10:53,914] {warnings.py:110} WARNING - /home/***/.local/lib/python3.7/site-packages/***/operators/python.py:189: DtypeWarning: Columns (2,3,5,14,20) have mixed types.Specify dtype option on import or set low_memory=False.
  return self.python_callable(*self.op_args, **self.op_kwargs)

[2022-08-03 21:10:54,633] {logging_mixin.py:115} INFO - The file contains: Lines 500000 from it contains 499999 rows and  21 columns
[2022-08-03 21:10:54,653] {logging_mixin.py:115} INFO - The file headers: id, vin, price, miles, stock_no, year, make, model, trim, body_type, vehicle_type, drivetrain, transmission, fuel_type, engine_size, engine_block, seller_name, street, city, state, zip
[2022-08-03 21:10:55,222] {python.py:173} INFO - Done. Returned value was: None
[2022-08-03 21:10:55,429] {taskinstance.py:1420} INFO - Marking task as SUCCESS. dag_id=ltv-pipeline, task_id=pre-process, execution_date=20220803T211038, start_date=20220803T211050, end_date=20220803T211055
[2022-08-03 21:10:55,607] {local_task_job.py:221} WARNING - State of this instance has been externally set to success. Terminating instance.
[2022-08-03 21:10:55,675] {process_utils.py:129} INFO - Sending Signals.SIGTERM to group 1550. PIDs of all processes in the group: [1550]
[2022-08-03 21:10:55,685] {process_utils.py:80} INFO - Sending the signal Signals.SIGTERM to group 1550
[2022-08-03 21:10:55,716] {process_utils.py:75} INFO - Process psutil.Process(pid=1550, status='terminated', exitcode=0, started='21:10:49') (1550) terminated with exit code 0
