[2022-08-03 20:54:19,971] {taskinstance.py:1179} INFO - Dependencies all met for <TaskInstance: ltv-pipeline.drop_table manual__2022-08-03T20:54:12.455928+00:00 [queued]>
[2022-08-03 20:54:19,990] {taskinstance.py:1179} INFO - Dependencies all met for <TaskInstance: ltv-pipeline.drop_table manual__2022-08-03T20:54:12.455928+00:00 [queued]>
[2022-08-03 20:54:19,996] {taskinstance.py:1376} INFO - 
--------------------------------------------------------------------------------
[2022-08-03 20:54:20,001] {taskinstance.py:1377} INFO - Starting attempt 1 of 1
[2022-08-03 20:54:20,005] {taskinstance.py:1378} INFO - 
--------------------------------------------------------------------------------
[2022-08-03 20:54:20,062] {taskinstance.py:1397} INFO - Executing <Task(PostgresOperator): drop_table> on 2022-08-03 20:54:12.455928+00:00
[2022-08-03 20:54:20,136] {standard_task_runner.py:52} INFO - Started process 918 to run task
[2022-08-03 20:54:20,155] {standard_task_runner.py:79} INFO - Running: ['***', 'tasks', 'run', 'ltv-pipeline', 'drop_table', 'manual__2022-08-03T20:54:12.455928+00:00', '--job-id', '114', '--raw', '--subdir', 'DAGS_FOLDER/dag-test.py', '--cfg-path', '/tmp/tmpjlxxqs0f', '--error-file', '/tmp/tmpm1xp4b45']
[2022-08-03 20:54:20,228] {standard_task_runner.py:80} INFO - Job 114: Subtask drop_table
[2022-08-03 20:54:20,868] {task_command.py:371} INFO - Running <TaskInstance: ltv-pipeline.drop_table manual__2022-08-03T20:54:12.455928+00:00 [running]> on host 3b0f05b8acbc
[2022-08-03 20:54:21,838] {taskinstance.py:1591} INFO - Exporting the following env vars:
AIRFLOW_CTX_DAG_OWNER=***
AIRFLOW_CTX_DAG_ID=ltv-pipeline
AIRFLOW_CTX_TASK_ID=drop_table
AIRFLOW_CTX_EXECUTION_DATE=2022-08-03T20:54:12.455928+00:00
AIRFLOW_CTX_TRY_NUMBER=1
AIRFLOW_CTX_DAG_RUN_ID=manual__2022-08-03T20:54:12.455928+00:00
[2022-08-03 20:54:22,001] {base.py:68} INFO - Using connection ID 'postgres' for task execution.
[2022-08-03 20:54:22,127] {dbapi.py:231} INFO - Running statement: DROP TABLE IF EXISTS vehicles, parameters: None
[2022-08-03 20:54:29,842] {taskinstance.py:1420} INFO - Marking task as SUCCESS. dag_id=ltv-pipeline, task_id=drop_table, execution_date=20220803T205412, start_date=20220803T205419, end_date=20220803T205429
[2022-08-03 20:54:29,968] {local_task_job.py:156} INFO - Task exited with return code 0
[2022-08-03 20:54:30,087] {local_task_job.py:273} INFO - 1 downstream tasks scheduled from follow-on schedule check
