[2022-08-03 23:42:49,866] {taskinstance.py:1179} INFO - Dependencies all met for <TaskInstance: ltv-pipeline.drop_table manual__2022-08-03T23:42:42.406297+00:00 [queued]>
[2022-08-03 23:42:49,880] {taskinstance.py:1179} INFO - Dependencies all met for <TaskInstance: ltv-pipeline.drop_table manual__2022-08-03T23:42:42.406297+00:00 [queued]>
[2022-08-03 23:42:49,882] {taskinstance.py:1376} INFO - 
--------------------------------------------------------------------------------
[2022-08-03 23:42:49,886] {taskinstance.py:1377} INFO - Starting attempt 1 of 1
[2022-08-03 23:42:49,890] {taskinstance.py:1378} INFO - 
--------------------------------------------------------------------------------
[2022-08-03 23:42:49,915] {taskinstance.py:1397} INFO - Executing <Task(PostgresOperator): drop_table> on 2022-08-03 23:42:42.406297+00:00
[2022-08-03 23:42:49,931] {standard_task_runner.py:52} INFO - Started process 8020 to run task
[2022-08-03 23:42:49,937] {standard_task_runner.py:79} INFO - Running: ['***', 'tasks', 'run', 'ltv-pipeline', 'drop_table', 'manual__2022-08-03T23:42:42.406297+00:00', '--job-id', '298', '--raw', '--subdir', 'DAGS_FOLDER/dag-test.py', '--cfg-path', '/tmp/tmp5g_e_g_u', '--error-file', '/tmp/tmpcrynxp6p']
[2022-08-03 23:42:49,943] {standard_task_runner.py:80} INFO - Job 298: Subtask drop_table
[2022-08-03 23:42:50,063] {task_command.py:371} INFO - Running <TaskInstance: ltv-pipeline.drop_table manual__2022-08-03T23:42:42.406297+00:00 [running]> on host 3b0f05b8acbc
[2022-08-03 23:42:50,270] {taskinstance.py:1591} INFO - Exporting the following env vars:
AIRFLOW_CTX_DAG_OWNER=***
AIRFLOW_CTX_DAG_ID=ltv-pipeline
AIRFLOW_CTX_TASK_ID=drop_table
AIRFLOW_CTX_EXECUTION_DATE=2022-08-03T23:42:42.406297+00:00
AIRFLOW_CTX_TRY_NUMBER=1
AIRFLOW_CTX_DAG_RUN_ID=manual__2022-08-03T23:42:42.406297+00:00
[2022-08-03 23:42:50,295] {base.py:68} INFO - Using connection ID 'postgres' for task execution.
[2022-08-03 23:42:50,306] {dbapi.py:231} INFO - Running statement: DROP TABLE IF EXISTS vehicles, parameters: None
[2022-08-03 23:42:56,667] {taskinstance.py:1420} INFO - Marking task as SUCCESS. dag_id=ltv-pipeline, task_id=drop_table, execution_date=20220803T234242, start_date=20220803T234249, end_date=20220803T234256
[2022-08-03 23:42:56,809] {local_task_job.py:156} INFO - Task exited with return code 0
[2022-08-03 23:42:56,923] {local_task_job.py:273} INFO - 1 downstream tasks scheduled from follow-on schedule check
