[2022-08-03 00:50:51,611] {taskinstance.py:1179} INFO - Dependencies all met for <TaskInstance: ltv-pipeline.query-table manual__2022-08-03T00:50:45.322976+00:00 [queued]>
[2022-08-03 00:50:51,633] {taskinstance.py:1179} INFO - Dependencies all met for <TaskInstance: ltv-pipeline.query-table manual__2022-08-03T00:50:45.322976+00:00 [queued]>
[2022-08-03 00:50:51,637] {taskinstance.py:1376} INFO - 
--------------------------------------------------------------------------------
[2022-08-03 00:50:51,643] {taskinstance.py:1377} INFO - Starting attempt 1 of 1
[2022-08-03 00:50:51,649] {taskinstance.py:1378} INFO - 
--------------------------------------------------------------------------------
[2022-08-03 00:50:51,679] {taskinstance.py:1397} INFO - Executing <Task(PythonOperator): query-table> on 2022-08-03 00:50:45.322976+00:00
[2022-08-03 00:50:51,689] {standard_task_runner.py:52} INFO - Started process 99 to run task
[2022-08-03 00:50:51,695] {standard_task_runner.py:79} INFO - Running: ['***', 'tasks', 'run', 'ltv-pipeline', 'query-table', 'manual__2022-08-03T00:50:45.322976+00:00', '--job-id', '20', '--raw', '--subdir', 'DAGS_FOLDER/dag-test.py', '--cfg-path', '/tmp/tmpuvc394sr', '--error-file', '/tmp/tmpl4higrzb']
[2022-08-03 00:50:51,698] {standard_task_runner.py:80} INFO - Job 20: Subtask query-table
[2022-08-03 00:50:51,829] {task_command.py:371} INFO - Running <TaskInstance: ltv-pipeline.query-table manual__2022-08-03T00:50:45.322976+00:00 [running]> on host 4b5f29f024fc
[2022-08-03 00:50:52,036] {taskinstance.py:1591} INFO - Exporting the following env vars:
AIRFLOW_CTX_DAG_OWNER=***
AIRFLOW_CTX_DAG_ID=ltv-pipeline
AIRFLOW_CTX_TASK_ID=query-table
AIRFLOW_CTX_EXECUTION_DATE=2022-08-03T00:50:45.322976+00:00
AIRFLOW_CTX_TRY_NUMBER=1
AIRFLOW_CTX_DAG_RUN_ID=manual__2022-08-03T00:50:45.322976+00:00
[2022-08-03 00:50:52,047] {logging_mixin.py:115} INFO - Testing hook
[2022-08-03 00:50:52,103] {base.py:68} INFO - Using connection ID 'postgres' for task execution.
[2022-08-03 00:50:52,126] {logging_mixin.py:115} INFO - []
[2022-08-03 00:50:52,148] {base.py:68} INFO - Using connection ID 'postgres' for task execution.
[2022-08-03 00:50:52,238] {logging_mixin.py:115} INFO - [('pg_toast',), ('pg_catalog',), ('public',), ('information_schema',)]
[2022-08-03 00:50:52,246] {logging_mixin.py:115} INFO - PRINT PATH: ['dags', 'logs', 'webserver_config.py', 'plugins', '***-worker.pid', '***.cfg', 'files']
[2022-08-03 00:50:52,251] {python.py:173} INFO - Done. Returned value was: None
[2022-08-03 00:50:52,293] {taskinstance.py:1420} INFO - Marking task as SUCCESS. dag_id=ltv-pipeline, task_id=query-table, execution_date=20220803T005045, start_date=20220803T005051, end_date=20220803T005052
[2022-08-03 00:50:52,382] {local_task_job.py:156} INFO - Task exited with return code 0
[2022-08-03 00:50:52,447] {local_task_job.py:273} INFO - 0 downstream tasks scheduled from follow-on schedule check
