[2022-08-03 16:34:32,734] {taskinstance.py:1179} INFO - Dependencies all met for <TaskInstance: ltv-pipeline.query-table manual__2022-08-03T16:34:20.083839+00:00 [queued]>
[2022-08-03 16:34:32,808] {taskinstance.py:1179} INFO - Dependencies all met for <TaskInstance: ltv-pipeline.query-table manual__2022-08-03T16:34:20.083839+00:00 [queued]>
[2022-08-03 16:34:32,830] {taskinstance.py:1376} INFO - 
--------------------------------------------------------------------------------
[2022-08-03 16:34:32,849] {taskinstance.py:1377} INFO - Starting attempt 1 of 1
[2022-08-03 16:34:32,852] {taskinstance.py:1378} INFO - 
--------------------------------------------------------------------------------
[2022-08-03 16:34:32,939] {taskinstance.py:1397} INFO - Executing <Task(PythonOperator): query-table> on 2022-08-03 16:34:20.083839+00:00
[2022-08-03 16:34:33,043] {standard_task_runner.py:52} INFO - Started process 1541 to run task
[2022-08-03 16:34:33,065] {standard_task_runner.py:79} INFO - Running: ['***', 'tasks', 'run', 'ltv-pipeline', 'query-table', 'manual__2022-08-03T16:34:20.083839+00:00', '--job-id', '74', '--raw', '--subdir', 'DAGS_FOLDER/dag-test.py', '--cfg-path', '/tmp/tmpdqp3qaw5', '--error-file', '/tmp/tmpbzbmutl6']
[2022-08-03 16:34:33,093] {standard_task_runner.py:80} INFO - Job 74: Subtask query-table
[2022-08-03 16:34:33,308] {task_command.py:371} INFO - Running <TaskInstance: ltv-pipeline.query-table manual__2022-08-03T16:34:20.083839+00:00 [running]> on host 3b0f05b8acbc
[2022-08-03 16:34:33,932] {taskinstance.py:1591} INFO - Exporting the following env vars:
AIRFLOW_CTX_DAG_OWNER=***
AIRFLOW_CTX_DAG_ID=ltv-pipeline
AIRFLOW_CTX_TASK_ID=query-table
AIRFLOW_CTX_EXECUTION_DATE=2022-08-03T16:34:20.083839+00:00
AIRFLOW_CTX_TRY_NUMBER=1
AIRFLOW_CTX_DAG_RUN_ID=manual__2022-08-03T16:34:20.083839+00:00
[2022-08-03 16:34:34,779] {logging_mixin.py:115} INFO - Testing hook
[2022-08-03 16:34:34,926] {base.py:68} INFO - Using connection ID 'postgres' for task execution.
[2022-08-03 16:34:34,979] {logging_mixin.py:115} INFO - []
[2022-08-03 16:34:35,050] {base.py:68} INFO - Using connection ID 'postgres' for task execution.
[2022-08-03 16:34:35,101] {logging_mixin.py:115} INFO - [('pg_toast',), ('pg_catalog',), ('public',), ('information_schema',)]
[2022-08-03 16:34:35,120] {logging_mixin.py:115} INFO - PRINT PATH: ['dags', 'logs', 'webserver_config.py', 'plugins', '***-worker.pid', '***.cfg', 'files']
[2022-08-03 16:34:35,163] {logging_mixin.py:115} INFO - PRINT PATH: ['test.csv', 'vehicle_challenge.csv', 'vehicle_challenge.csv.gz']
[2022-08-03 16:34:35,384] {logging_mixin.py:115} INFO - /opt/***
[2022-08-03 16:34:35,401] {python.py:173} INFO - Done. Returned value was: None
[2022-08-03 16:34:35,895] {taskinstance.py:1420} INFO - Marking task as SUCCESS. dag_id=ltv-pipeline, task_id=query-table, execution_date=20220803T163420, start_date=20220803T163432, end_date=20220803T163435
[2022-08-03 16:34:36,080] {local_task_job.py:156} INFO - Task exited with return code 0
[2022-08-03 16:34:36,336] {local_task_job.py:273} INFO - 0 downstream tasks scheduled from follow-on schedule check
