[2022-08-03 22:58:11,548] {taskinstance.py:1179} INFO - Dependencies all met for <TaskInstance: ltv-pipeline.load-data manual__2022-08-03T22:57:20.432836+00:00 [queued]>
[2022-08-03 22:58:11,587] {taskinstance.py:1179} INFO - Dependencies all met for <TaskInstance: ltv-pipeline.load-data manual__2022-08-03T22:57:20.432836+00:00 [queued]>
[2022-08-03 22:58:11,595] {taskinstance.py:1376} INFO - 
--------------------------------------------------------------------------------
[2022-08-03 22:58:11,608] {taskinstance.py:1377} INFO - Starting attempt 1 of 1
[2022-08-03 22:58:11,613] {taskinstance.py:1378} INFO - 
--------------------------------------------------------------------------------
[2022-08-03 22:58:11,778] {taskinstance.py:1397} INFO - Executing <Task(PythonOperator): load-data> on 2022-08-03 22:57:20.432836+00:00
[2022-08-03 22:58:11,833] {standard_task_runner.py:52} INFO - Started process 6230 to run task
[2022-08-03 22:58:11,927] {standard_task_runner.py:79} INFO - Running: ['***', 'tasks', 'run', 'ltv-pipeline', 'load-data', 'manual__2022-08-03T22:57:20.432836+00:00', '--job-id', '272', '--raw', '--subdir', 'DAGS_FOLDER/dag-test.py', '--cfg-path', '/tmp/tmpb39ognky', '--error-file', '/tmp/tmp6dxo4zcb']
[2022-08-03 22:58:11,965] {standard_task_runner.py:80} INFO - Job 272: Subtask load-data
[2022-08-03 22:58:12,557] {task_command.py:371} INFO - Running <TaskInstance: ltv-pipeline.load-data manual__2022-08-03T22:57:20.432836+00:00 [running]> on host 3b0f05b8acbc
[2022-08-03 22:58:12,894] {taskinstance.py:1591} INFO - Exporting the following env vars:
AIRFLOW_CTX_DAG_OWNER=***
AIRFLOW_CTX_DAG_ID=ltv-pipeline
AIRFLOW_CTX_TASK_ID=load-data
AIRFLOW_CTX_EXECUTION_DATE=2022-08-03T22:57:20.432836+00:00
AIRFLOW_CTX_TRY_NUMBER=1
AIRFLOW_CTX_DAG_RUN_ID=manual__2022-08-03T22:57:20.432836+00:00
[2022-08-03 22:58:12,919] {postgres.py:127} INFO - Running copy expert: COPY vehicles FROM STDIN WITH DELIMITER ',' CSV HEADER , filename: files/vehicle_challenge.csv
[2022-08-03 22:58:13,027] {base.py:68} INFO - Using connection ID 'postgres' for task execution.
[2022-08-03 22:58:25,150] {python.py:173} INFO - Done. Returned value was: None
[2022-08-03 22:58:26,987] {taskinstance.py:1420} INFO - Marking task as SUCCESS. dag_id=ltv-pipeline, task_id=load-data, execution_date=20220803T225720, start_date=20220803T225811, end_date=20220803T225826
[2022-08-03 22:58:28,102] {local_task_job.py:156} INFO - Task exited with return code 0
[2022-08-03 22:58:28,442] {local_task_job.py:273} INFO - 0 downstream tasks scheduled from follow-on schedule check
