[2022-08-03 17:17:52,156] {taskinstance.py:1179} INFO - Dependencies all met for <TaskInstance: ltv-pipeline.drop_table manual__2022-08-03T17:17:43.903702+00:00 [queued]>
[2022-08-03 17:17:52,521] {taskinstance.py:1179} INFO - Dependencies all met for <TaskInstance: ltv-pipeline.drop_table manual__2022-08-03T17:17:43.903702+00:00 [queued]>
[2022-08-03 17:17:52,735] {taskinstance.py:1376} INFO - 
--------------------------------------------------------------------------------
[2022-08-03 17:17:52,880] {taskinstance.py:1377} INFO - Starting attempt 1 of 1
[2022-08-03 17:17:52,927] {taskinstance.py:1378} INFO - 
--------------------------------------------------------------------------------
[2022-08-03 17:17:53,321] {taskinstance.py:1397} INFO - Executing <Task(PostgresOperator): drop_table> on 2022-08-03 17:17:43.903702+00:00
[2022-08-03 17:17:53,449] {standard_task_runner.py:52} INFO - Started process 3307 to run task
[2022-08-03 17:17:53,523] {standard_task_runner.py:79} INFO - Running: ['***', 'tasks', 'run', 'ltv-pipeline', 'drop_table', 'manual__2022-08-03T17:17:43.903702+00:00', '--job-id', '95', '--raw', '--subdir', 'DAGS_FOLDER/dag-test.py', '--cfg-path', '/tmp/tmpaaupeqwr', '--error-file', '/tmp/tmpvhwcl5l7']
[2022-08-03 17:17:53,620] {standard_task_runner.py:80} INFO - Job 95: Subtask drop_table
[2022-08-03 17:17:54,287] {task_command.py:371} INFO - Running <TaskInstance: ltv-pipeline.drop_table manual__2022-08-03T17:17:43.903702+00:00 [running]> on host 3b0f05b8acbc
[2022-08-03 17:17:55,103] {taskinstance.py:1591} INFO - Exporting the following env vars:
AIRFLOW_CTX_DAG_OWNER=***
AIRFLOW_CTX_DAG_ID=ltv-pipeline
AIRFLOW_CTX_TASK_ID=drop_table
AIRFLOW_CTX_EXECUTION_DATE=2022-08-03T17:17:43.903702+00:00
AIRFLOW_CTX_TRY_NUMBER=1
AIRFLOW_CTX_DAG_RUN_ID=manual__2022-08-03T17:17:43.903702+00:00
[2022-08-03 17:17:55,236] {base.py:68} INFO - Using connection ID 'postgres' for task execution.
[2022-08-03 17:17:55,288] {dbapi.py:231} INFO - Running statement: DROP TABLE IF EXISTS vehicles, parameters: None
[2022-08-03 17:17:55,337] {postgres.py:94} INFO - NOTICE:  table "vehicles" does not exist, skipping

[2022-08-03 17:17:55,449] {taskinstance.py:1420} INFO - Marking task as SUCCESS. dag_id=ltv-pipeline, task_id=drop_table, execution_date=20220803T171743, start_date=20220803T171752, end_date=20220803T171755
[2022-08-03 17:17:55,714] {local_task_job.py:156} INFO - Task exited with return code 0
[2022-08-03 17:17:56,204] {local_task_job.py:273} INFO - 1 downstream tasks scheduled from follow-on schedule check
