[2022-08-03 22:34:32,866] {taskinstance.py:1179} INFO - Dependencies all met for <TaskInstance: ltv-pipeline.drop_table manual__2022-08-03T22:34:28.482240+00:00 [queued]>
[2022-08-03 22:34:32,881] {taskinstance.py:1179} INFO - Dependencies all met for <TaskInstance: ltv-pipeline.drop_table manual__2022-08-03T22:34:28.482240+00:00 [queued]>
[2022-08-03 22:34:32,884] {taskinstance.py:1376} INFO - 
--------------------------------------------------------------------------------
[2022-08-03 22:34:32,888] {taskinstance.py:1377} INFO - Starting attempt 1 of 1
[2022-08-03 22:34:32,893] {taskinstance.py:1378} INFO - 
--------------------------------------------------------------------------------
[2022-08-03 22:34:32,915] {taskinstance.py:1397} INFO - Executing <Task(PostgresOperator): drop_table> on 2022-08-03 22:34:28.482240+00:00
[2022-08-03 22:34:32,943] {standard_task_runner.py:52} INFO - Started process 5221 to run task
[2022-08-03 22:34:32,948] {standard_task_runner.py:79} INFO - Running: ['***', 'tasks', 'run', 'ltv-pipeline', 'drop_table', 'manual__2022-08-03T22:34:28.482240+00:00', '--job-id', '234', '--raw', '--subdir', 'DAGS_FOLDER/dag-test.py', '--cfg-path', '/tmp/tmp2mhz6s9b', '--error-file', '/tmp/tmpat7xu928']
[2022-08-03 22:34:32,958] {standard_task_runner.py:80} INFO - Job 234: Subtask drop_table
[2022-08-03 22:34:33,070] {task_command.py:371} INFO - Running <TaskInstance: ltv-pipeline.drop_table manual__2022-08-03T22:34:28.482240+00:00 [running]> on host 3b0f05b8acbc
[2022-08-03 22:34:33,212] {taskinstance.py:1591} INFO - Exporting the following env vars:
AIRFLOW_CTX_DAG_OWNER=***
AIRFLOW_CTX_DAG_ID=ltv-pipeline
AIRFLOW_CTX_TASK_ID=drop_table
AIRFLOW_CTX_EXECUTION_DATE=2022-08-03T22:34:28.482240+00:00
AIRFLOW_CTX_TRY_NUMBER=1
AIRFLOW_CTX_DAG_RUN_ID=manual__2022-08-03T22:34:28.482240+00:00
[2022-08-03 22:34:33,251] {base.py:68} INFO - Using connection ID 'postgres' for task execution.
[2022-08-03 22:34:33,279] {dbapi.py:231} INFO - Running statement: DROP TABLE IF EXISTS vehicles, parameters: None
[2022-08-03 22:34:34,434] {taskinstance.py:1420} INFO - Marking task as SUCCESS. dag_id=ltv-pipeline, task_id=drop_table, execution_date=20220803T223428, start_date=20220803T223432, end_date=20220803T223434
[2022-08-03 22:34:34,510] {local_task_job.py:156} INFO - Task exited with return code 0
[2022-08-03 22:34:34,604] {local_task_job.py:273} INFO - 1 downstream tasks scheduled from follow-on schedule check
