[2022-08-03 23:34:35,305] {taskinstance.py:1179} INFO - Dependencies all met for <TaskInstance: ltv-pipeline.load-data manual__2022-08-03T23:33:54.638919+00:00 [queued]>
[2022-08-03 23:34:35,335] {taskinstance.py:1179} INFO - Dependencies all met for <TaskInstance: ltv-pipeline.load-data manual__2022-08-03T23:33:54.638919+00:00 [queued]>
[2022-08-03 23:34:35,348] {taskinstance.py:1376} INFO - 
--------------------------------------------------------------------------------
[2022-08-03 23:34:35,355] {taskinstance.py:1377} INFO - Starting attempt 1 of 1
[2022-08-03 23:34:35,365] {taskinstance.py:1378} INFO - 
--------------------------------------------------------------------------------
[2022-08-03 23:34:35,412] {taskinstance.py:1397} INFO - Executing <Task(PythonOperator): load-data> on 2022-08-03 23:33:54.638919+00:00
[2022-08-03 23:34:35,447] {standard_task_runner.py:52} INFO - Started process 7701 to run task
[2022-08-03 23:34:35,456] {standard_task_runner.py:79} INFO - Running: ['***', 'tasks', 'run', 'ltv-pipeline', 'load-data', 'manual__2022-08-03T23:33:54.638919+00:00', '--job-id', '296', '--raw', '--subdir', 'DAGS_FOLDER/dag-test.py', '--cfg-path', '/tmp/tmpqnn4b11p', '--error-file', '/tmp/tmp_vrbpt72']
[2022-08-03 23:34:35,473] {standard_task_runner.py:80} INFO - Job 296: Subtask load-data
[2022-08-03 23:34:35,802] {task_command.py:371} INFO - Running <TaskInstance: ltv-pipeline.load-data manual__2022-08-03T23:33:54.638919+00:00 [running]> on host 3b0f05b8acbc
[2022-08-03 23:34:36,167] {taskinstance.py:1591} INFO - Exporting the following env vars:
AIRFLOW_CTX_DAG_OWNER=***
AIRFLOW_CTX_DAG_ID=ltv-pipeline
AIRFLOW_CTX_TASK_ID=load-data
AIRFLOW_CTX_EXECUTION_DATE=2022-08-03T23:33:54.638919+00:00
AIRFLOW_CTX_TRY_NUMBER=1
AIRFLOW_CTX_DAG_RUN_ID=manual__2022-08-03T23:33:54.638919+00:00
[2022-08-03 23:34:36,189] {postgres.py:127} INFO - Running copy expert: COPY vehicles FROM STDIN WITH DELIMITER ',' CSV HEADER , filename: files/vehicle_challenge.csv
[2022-08-03 23:34:36,233] {base.py:68} INFO - Using connection ID 'postgres' for task execution.
[2022-08-03 23:34:42,497] {python.py:173} INFO - Done. Returned value was: None
[2022-08-03 23:34:42,538] {taskinstance.py:1420} INFO - Marking task as SUCCESS. dag_id=ltv-pipeline, task_id=load-data, execution_date=20220803T233354, start_date=20220803T233435, end_date=20220803T233442
[2022-08-03 23:34:42,588] {local_task_job.py:156} INFO - Task exited with return code 0
[2022-08-03 23:34:42,637] {local_task_job.py:273} INFO - 1 downstream tasks scheduled from follow-on schedule check
