[2022-08-03 21:57:12,312] {taskinstance.py:1179} INFO - Dependencies all met for <TaskInstance: ltv-pipeline.drop_table manual__2022-08-03T21:57:03.028336+00:00 [queued]>
[2022-08-03 21:57:12,336] {taskinstance.py:1179} INFO - Dependencies all met for <TaskInstance: ltv-pipeline.drop_table manual__2022-08-03T21:57:03.028336+00:00 [queued]>
[2022-08-03 21:57:12,339] {taskinstance.py:1376} INFO - 
--------------------------------------------------------------------------------
[2022-08-03 21:57:12,343] {taskinstance.py:1377} INFO - Starting attempt 1 of 1
[2022-08-03 21:57:12,345] {taskinstance.py:1378} INFO - 
--------------------------------------------------------------------------------
[2022-08-03 21:57:12,373] {taskinstance.py:1397} INFO - Executing <Task(PostgresOperator): drop_table> on 2022-08-03 21:57:03.028336+00:00
[2022-08-03 21:57:12,434] {standard_task_runner.py:52} INFO - Started process 3602 to run task
[2022-08-03 21:57:12,446] {standard_task_runner.py:79} INFO - Running: ['***', 'tasks', 'run', 'ltv-pipeline', 'drop_table', 'manual__2022-08-03T21:57:03.028336+00:00', '--job-id', '198', '--raw', '--subdir', 'DAGS_FOLDER/dag-test.py', '--cfg-path', '/tmp/tmpw1ppbesv', '--error-file', '/tmp/tmpl4yqdo3l']
[2022-08-03 21:57:12,456] {standard_task_runner.py:80} INFO - Job 198: Subtask drop_table
[2022-08-03 21:57:13,113] {task_command.py:371} INFO - Running <TaskInstance: ltv-pipeline.drop_table manual__2022-08-03T21:57:03.028336+00:00 [running]> on host 3b0f05b8acbc
[2022-08-03 21:57:14,621] {taskinstance.py:1591} INFO - Exporting the following env vars:
AIRFLOW_CTX_DAG_OWNER=***
AIRFLOW_CTX_DAG_ID=ltv-pipeline
AIRFLOW_CTX_TASK_ID=drop_table
AIRFLOW_CTX_EXECUTION_DATE=2022-08-03T21:57:03.028336+00:00
AIRFLOW_CTX_TRY_NUMBER=1
AIRFLOW_CTX_DAG_RUN_ID=manual__2022-08-03T21:57:03.028336+00:00
[2022-08-03 21:57:14,835] {base.py:68} INFO - Using connection ID 'postgres' for task execution.
[2022-08-03 21:57:14,901] {dbapi.py:231} INFO - Running statement: DROP TABLE IF EXISTS vehicles, parameters: None
[2022-08-03 21:57:18,067] {taskinstance.py:1420} INFO - Marking task as SUCCESS. dag_id=ltv-pipeline, task_id=drop_table, execution_date=20220803T215703, start_date=20220803T215712, end_date=20220803T215718
[2022-08-03 21:57:18,328] {local_task_job.py:221} WARNING - State of this instance has been externally set to success. Terminating instance.
[2022-08-03 21:57:18,594] {process_utils.py:129} INFO - Sending Signals.SIGTERM to group 3602. PIDs of all processes in the group: [3602]
[2022-08-03 21:57:18,627] {process_utils.py:80} INFO - Sending the signal Signals.SIGTERM to group 3602
[2022-08-03 21:57:18,766] {process_utils.py:75} INFO - Process psutil.Process(pid=3602, status='terminated', exitcode=0, started='21:57:11') (3602) terminated with exit code 0
