[2022-08-03 23:29:39,951] {taskinstance.py:1179} INFO - Dependencies all met for <TaskInstance: ltv-pipeline.drop_table manual__2022-08-03T23:29:31.572855+00:00 [queued]>
[2022-08-03 23:29:39,979] {taskinstance.py:1179} INFO - Dependencies all met for <TaskInstance: ltv-pipeline.drop_table manual__2022-08-03T23:29:31.572855+00:00 [queued]>
[2022-08-03 23:29:39,985] {taskinstance.py:1376} INFO - 
--------------------------------------------------------------------------------
[2022-08-03 23:29:39,988] {taskinstance.py:1377} INFO - Starting attempt 1 of 1
[2022-08-03 23:29:39,992] {taskinstance.py:1378} INFO - 
--------------------------------------------------------------------------------
[2022-08-03 23:29:40,019] {taskinstance.py:1397} INFO - Executing <Task(PostgresOperator): drop_table> on 2022-08-03 23:29:31.572855+00:00
[2022-08-03 23:29:40,037] {standard_task_runner.py:52} INFO - Started process 7487 to run task
[2022-08-03 23:29:40,041] {standard_task_runner.py:79} INFO - Running: ['***', 'tasks', 'run', 'ltv-pipeline', 'drop_table', 'manual__2022-08-03T23:29:31.572855+00:00', '--job-id', '286', '--raw', '--subdir', 'DAGS_FOLDER/dag-test.py', '--cfg-path', '/tmp/tmpoj9t8yoh', '--error-file', '/tmp/tmpcdpoxhqk']
[2022-08-03 23:29:40,048] {standard_task_runner.py:80} INFO - Job 286: Subtask drop_table
[2022-08-03 23:29:40,158] {task_command.py:371} INFO - Running <TaskInstance: ltv-pipeline.drop_table manual__2022-08-03T23:29:31.572855+00:00 [running]> on host 3b0f05b8acbc
[2022-08-03 23:29:40,313] {taskinstance.py:1591} INFO - Exporting the following env vars:
AIRFLOW_CTX_DAG_OWNER=***
AIRFLOW_CTX_DAG_ID=ltv-pipeline
AIRFLOW_CTX_TASK_ID=drop_table
AIRFLOW_CTX_EXECUTION_DATE=2022-08-03T23:29:31.572855+00:00
AIRFLOW_CTX_TRY_NUMBER=1
AIRFLOW_CTX_DAG_RUN_ID=manual__2022-08-03T23:29:31.572855+00:00
[2022-08-03 23:29:40,348] {base.py:68} INFO - Using connection ID 'postgres' for task execution.
[2022-08-03 23:29:40,369] {dbapi.py:231} INFO - Running statement: DROP TABLE IF EXISTS vehicles, parameters: None
[2022-08-03 23:29:41,192] {taskinstance.py:1420} INFO - Marking task as SUCCESS. dag_id=ltv-pipeline, task_id=drop_table, execution_date=20220803T232931, start_date=20220803T232939, end_date=20220803T232941
[2022-08-03 23:29:41,313] {local_task_job.py:156} INFO - Task exited with return code 0
[2022-08-03 23:29:41,489] {local_task_job.py:273} INFO - 0 downstream tasks scheduled from follow-on schedule check
