[2022-08-03 23:34:13,836] {taskinstance.py:1179} INFO - Dependencies all met for <TaskInstance: ltv-pipeline.decompress-file manual__2022-08-03T23:33:54.638919+00:00 [queued]>
[2022-08-03 23:34:13,847] {taskinstance.py:1179} INFO - Dependencies all met for <TaskInstance: ltv-pipeline.decompress-file manual__2022-08-03T23:33:54.638919+00:00 [queued]>
[2022-08-03 23:34:13,850] {taskinstance.py:1376} INFO - 
--------------------------------------------------------------------------------
[2022-08-03 23:34:13,852] {taskinstance.py:1377} INFO - Starting attempt 1 of 1
[2022-08-03 23:34:13,855] {taskinstance.py:1378} INFO - 
--------------------------------------------------------------------------------
[2022-08-03 23:34:13,873] {taskinstance.py:1397} INFO - Executing <Task(BashOperator): decompress-file> on 2022-08-03 23:33:54.638919+00:00
[2022-08-03 23:34:13,886] {standard_task_runner.py:52} INFO - Started process 7676 to run task
[2022-08-03 23:34:13,893] {standard_task_runner.py:79} INFO - Running: ['***', 'tasks', 'run', 'ltv-pipeline', 'decompress-file', 'manual__2022-08-03T23:33:54.638919+00:00', '--job-id', '293', '--raw', '--subdir', 'DAGS_FOLDER/dag-test.py', '--cfg-path', '/tmp/tmpn6cdu7y2', '--error-file', '/tmp/tmpmdd3xmdc']
[2022-08-03 23:34:13,898] {standard_task_runner.py:80} INFO - Job 293: Subtask decompress-file
[2022-08-03 23:34:14,038] {task_command.py:371} INFO - Running <TaskInstance: ltv-pipeline.decompress-file manual__2022-08-03T23:33:54.638919+00:00 [running]> on host 3b0f05b8acbc
[2022-08-03 23:34:14,199] {taskinstance.py:1591} INFO - Exporting the following env vars:
AIRFLOW_CTX_DAG_OWNER=***
AIRFLOW_CTX_DAG_ID=ltv-pipeline
AIRFLOW_CTX_TASK_ID=decompress-file
AIRFLOW_CTX_EXECUTION_DATE=2022-08-03T23:33:54.638919+00:00
AIRFLOW_CTX_TRY_NUMBER=1
AIRFLOW_CTX_DAG_RUN_ID=manual__2022-08-03T23:33:54.638919+00:00
[2022-08-03 23:34:14,218] {subprocess.py:62} INFO - Tmp dir root location: 
 /tmp
[2022-08-03 23:34:14,229] {subprocess.py:74} INFO - Running command: ['bash', '-c', 'if [ -f *vehicle_challenge.csv.gz ]; then  gunzip -f /opt/***/files/vehicle_challenge.csv.gz; fi;']
[2022-08-03 23:34:14,303] {subprocess.py:85} INFO - Output:
[2022-08-03 23:34:14,355] {subprocess.py:96} INFO - Command exited with return code 0
[2022-08-03 23:34:14,438] {taskinstance.py:1420} INFO - Marking task as SUCCESS. dag_id=ltv-pipeline, task_id=decompress-file, execution_date=20220803T233354, start_date=20220803T233413, end_date=20220803T233414
[2022-08-03 23:34:14,538] {local_task_job.py:156} INFO - Task exited with return code 0
[2022-08-03 23:34:14,703] {local_task_job.py:273} INFO - 1 downstream tasks scheduled from follow-on schedule check
