[2022-08-03 21:10:43,944] {taskinstance.py:1179} INFO - Dependencies all met for <TaskInstance: ltv-pipeline.drop_table manual__2022-08-03T21:10:38.828157+00:00 [queued]>
[2022-08-03 21:10:44,003] {taskinstance.py:1179} INFO - Dependencies all met for <TaskInstance: ltv-pipeline.drop_table manual__2022-08-03T21:10:38.828157+00:00 [queued]>
[2022-08-03 21:10:44,011] {taskinstance.py:1376} INFO - 
--------------------------------------------------------------------------------
[2022-08-03 21:10:44,020] {taskinstance.py:1377} INFO - Starting attempt 1 of 1
[2022-08-03 21:10:44,022] {taskinstance.py:1378} INFO - 
--------------------------------------------------------------------------------
[2022-08-03 21:10:44,080] {taskinstance.py:1397} INFO - Executing <Task(PostgresOperator): drop_table> on 2022-08-03 21:10:38.828157+00:00
[2022-08-03 21:10:44,106] {standard_task_runner.py:52} INFO - Started process 1543 to run task
[2022-08-03 21:10:44,116] {standard_task_runner.py:79} INFO - Running: ['***', 'tasks', 'run', 'ltv-pipeline', 'drop_table', 'manual__2022-08-03T21:10:38.828157+00:00', '--job-id', '126', '--raw', '--subdir', 'DAGS_FOLDER/dag-test.py', '--cfg-path', '/tmp/tmpm1tmyvw3', '--error-file', '/tmp/tmpo5if5aa8']
[2022-08-03 21:10:44,161] {standard_task_runner.py:80} INFO - Job 126: Subtask drop_table
[2022-08-03 21:10:44,584] {task_command.py:371} INFO - Running <TaskInstance: ltv-pipeline.drop_table manual__2022-08-03T21:10:38.828157+00:00 [running]> on host 3b0f05b8acbc
[2022-08-03 21:10:44,803] {taskinstance.py:1591} INFO - Exporting the following env vars:
AIRFLOW_CTX_DAG_OWNER=***
AIRFLOW_CTX_DAG_ID=ltv-pipeline
AIRFLOW_CTX_TASK_ID=drop_table
AIRFLOW_CTX_EXECUTION_DATE=2022-08-03T21:10:38.828157+00:00
AIRFLOW_CTX_TRY_NUMBER=1
AIRFLOW_CTX_DAG_RUN_ID=manual__2022-08-03T21:10:38.828157+00:00
[2022-08-03 21:10:44,831] {base.py:68} INFO - Using connection ID 'postgres' for task execution.
[2022-08-03 21:10:44,851] {dbapi.py:231} INFO - Running statement: DROP TABLE IF EXISTS vehicles, parameters: None
[2022-08-03 21:10:45,830] {taskinstance.py:1420} INFO - Marking task as SUCCESS. dag_id=ltv-pipeline, task_id=drop_table, execution_date=20220803T211038, start_date=20220803T211043, end_date=20220803T211045
[2022-08-03 21:10:45,972] {local_task_job.py:156} INFO - Task exited with return code 0
[2022-08-03 21:10:46,103] {local_task_job.py:273} INFO - 1 downstream tasks scheduled from follow-on schedule check
