[2022-08-03 16:34:26,254] {taskinstance.py:1179} INFO - Dependencies all met for <TaskInstance: ltv-pipeline.drop_table manual__2022-08-03T16:34:20.083839+00:00 [queued]>
[2022-08-03 16:34:26,271] {taskinstance.py:1179} INFO - Dependencies all met for <TaskInstance: ltv-pipeline.drop_table manual__2022-08-03T16:34:20.083839+00:00 [queued]>
[2022-08-03 16:34:26,274] {taskinstance.py:1376} INFO - 
--------------------------------------------------------------------------------
[2022-08-03 16:34:26,277] {taskinstance.py:1377} INFO - Starting attempt 1 of 1
[2022-08-03 16:34:26,283] {taskinstance.py:1378} INFO - 
--------------------------------------------------------------------------------
[2022-08-03 16:34:26,307] {taskinstance.py:1397} INFO - Executing <Task(PostgresOperator): drop_table> on 2022-08-03 16:34:20.083839+00:00
[2022-08-03 16:34:26,327] {standard_task_runner.py:52} INFO - Started process 1528 to run task
[2022-08-03 16:34:26,339] {standard_task_runner.py:79} INFO - Running: ['***', 'tasks', 'run', 'ltv-pipeline', 'drop_table', 'manual__2022-08-03T16:34:20.083839+00:00', '--job-id', '72', '--raw', '--subdir', 'DAGS_FOLDER/dag-test.py', '--cfg-path', '/tmp/tmp4reqvu23', '--error-file', '/tmp/tmpzfi085n3']
[2022-08-03 16:34:26,346] {standard_task_runner.py:80} INFO - Job 72: Subtask drop_table
[2022-08-03 16:34:26,664] {task_command.py:371} INFO - Running <TaskInstance: ltv-pipeline.drop_table manual__2022-08-03T16:34:20.083839+00:00 [running]> on host 3b0f05b8acbc
[2022-08-03 16:34:27,120] {taskinstance.py:1591} INFO - Exporting the following env vars:
AIRFLOW_CTX_DAG_OWNER=***
AIRFLOW_CTX_DAG_ID=ltv-pipeline
AIRFLOW_CTX_TASK_ID=drop_table
AIRFLOW_CTX_EXECUTION_DATE=2022-08-03T16:34:20.083839+00:00
AIRFLOW_CTX_TRY_NUMBER=1
AIRFLOW_CTX_DAG_RUN_ID=manual__2022-08-03T16:34:20.083839+00:00
[2022-08-03 16:34:27,182] {base.py:68} INFO - Using connection ID 'postgres' for task execution.
[2022-08-03 16:34:27,228] {dbapi.py:231} INFO - Running statement: DROP TABLE vehicles, parameters: None
[2022-08-03 16:34:27,421] {taskinstance.py:1420} INFO - Marking task as SUCCESS. dag_id=ltv-pipeline, task_id=drop_table, execution_date=20220803T163420, start_date=20220803T163426, end_date=20220803T163427
[2022-08-03 16:34:27,507] {local_task_job.py:156} INFO - Task exited with return code 0
[2022-08-03 16:34:27,608] {local_task_job.py:273} INFO - 1 downstream tasks scheduled from follow-on schedule check
