[2022-08-03 21:43:54,210] {taskinstance.py:1179} INFO - Dependencies all met for <TaskInstance: ltv-pipeline.decompress-file manual__2022-08-03T21:43:43.174417+00:00 [queued]>
[2022-08-03 21:43:54,226] {taskinstance.py:1179} INFO - Dependencies all met for <TaskInstance: ltv-pipeline.decompress-file manual__2022-08-03T21:43:43.174417+00:00 [queued]>
[2022-08-03 21:43:54,229] {taskinstance.py:1376} INFO - 
--------------------------------------------------------------------------------
[2022-08-03 21:43:54,234] {taskinstance.py:1377} INFO - Starting attempt 1 of 1
[2022-08-03 21:43:54,238] {taskinstance.py:1378} INFO - 
--------------------------------------------------------------------------------
[2022-08-03 21:43:54,252] {taskinstance.py:1397} INFO - Executing <Task(BashOperator): decompress-file> on 2022-08-03 21:43:43.174417+00:00
[2022-08-03 21:43:54,268] {standard_task_runner.py:52} INFO - Started process 3010 to run task
[2022-08-03 21:43:54,273] {standard_task_runner.py:79} INFO - Running: ['***', 'tasks', 'run', 'ltv-pipeline', 'decompress-file', 'manual__2022-08-03T21:43:43.174417+00:00', '--job-id', '169', '--raw', '--subdir', 'DAGS_FOLDER/dag-test.py', '--cfg-path', '/tmp/tmp89zbp4j3', '--error-file', '/tmp/tmpf0cq6e1p']
[2022-08-03 21:43:54,281] {standard_task_runner.py:80} INFO - Job 169: Subtask decompress-file
[2022-08-03 21:43:54,395] {task_command.py:371} INFO - Running <TaskInstance: ltv-pipeline.decompress-file manual__2022-08-03T21:43:43.174417+00:00 [running]> on host 3b0f05b8acbc
[2022-08-03 21:43:54,516] {taskinstance.py:1591} INFO - Exporting the following env vars:
AIRFLOW_CTX_DAG_OWNER=***
AIRFLOW_CTX_DAG_ID=ltv-pipeline
AIRFLOW_CTX_TASK_ID=decompress-file
AIRFLOW_CTX_EXECUTION_DATE=2022-08-03T21:43:43.174417+00:00
AIRFLOW_CTX_TRY_NUMBER=1
AIRFLOW_CTX_DAG_RUN_ID=manual__2022-08-03T21:43:43.174417+00:00
[2022-08-03 21:43:54,525] {subprocess.py:62} INFO - Tmp dir root location: 
 /tmp
[2022-08-03 21:43:54,534] {subprocess.py:74} INFO - Running command: ['bash', '-c', 'if [ -f *vehicle_challenge.csv.gz ]; then  gunzip -f /opt/***/files/vehicle_challenge.csv.gz; fi;']
[2022-08-03 21:43:54,569] {subprocess.py:85} INFO - Output:
[2022-08-03 21:43:54,587] {subprocess.py:96} INFO - Command exited with return code 0
[2022-08-03 21:43:54,666] {taskinstance.py:1420} INFO - Marking task as SUCCESS. dag_id=ltv-pipeline, task_id=decompress-file, execution_date=20220803T214343, start_date=20220803T214354, end_date=20220803T214354
[2022-08-03 21:43:54,747] {local_task_job.py:156} INFO - Task exited with return code 0
[2022-08-03 21:43:54,883] {local_task_job.py:273} INFO - 1 downstream tasks scheduled from follow-on schedule check
