[2022-08-03 23:21:21,238] {taskinstance.py:1179} INFO - Dependencies all met for <TaskInstance: ltv-pipeline.query-table manual__2022-08-03T23:19:50.822878+00:00 [queued]>
[2022-08-03 23:21:21,284] {taskinstance.py:1179} INFO - Dependencies all met for <TaskInstance: ltv-pipeline.query-table manual__2022-08-03T23:19:50.822878+00:00 [queued]>
[2022-08-03 23:21:21,296] {taskinstance.py:1376} INFO - 
--------------------------------------------------------------------------------
[2022-08-03 23:21:21,317] {taskinstance.py:1377} INFO - Starting attempt 1 of 1
[2022-08-03 23:21:21,327] {taskinstance.py:1378} INFO - 
--------------------------------------------------------------------------------
[2022-08-03 23:21:21,492] {taskinstance.py:1397} INFO - Executing <Task(PythonOperator): query-table> on 2022-08-03 23:19:50.822878+00:00
[2022-08-03 23:21:21,620] {standard_task_runner.py:52} INFO - Started process 7142 to run task
[2022-08-03 23:21:21,642] {standard_task_runner.py:79} INFO - Running: ['***', 'tasks', 'run', 'ltv-pipeline', 'query-table', 'manual__2022-08-03T23:19:50.822878+00:00', '--job-id', '279', '--raw', '--subdir', 'DAGS_FOLDER/dag-test.py', '--cfg-path', '/tmp/tmppk8lor8f', '--error-file', '/tmp/tmp9pr7hnjn']
[2022-08-03 23:21:21,676] {standard_task_runner.py:80} INFO - Job 279: Subtask query-table
[2022-08-03 23:21:24,626] {task_command.py:371} INFO - Running <TaskInstance: ltv-pipeline.query-table manual__2022-08-03T23:19:50.822878+00:00 [running]> on host 3b0f05b8acbc
[2022-08-03 23:21:25,431] {taskinstance.py:1591} INFO - Exporting the following env vars:
AIRFLOW_CTX_DAG_OWNER=***
AIRFLOW_CTX_DAG_ID=ltv-pipeline
AIRFLOW_CTX_TASK_ID=query-table
AIRFLOW_CTX_EXECUTION_DATE=2022-08-03T23:19:50.822878+00:00
AIRFLOW_CTX_TRY_NUMBER=1
AIRFLOW_CTX_DAG_RUN_ID=manual__2022-08-03T23:19:50.822878+00:00
[2022-08-03 23:21:25,536] {logging_mixin.py:115} INFO - Testing hook
[2022-08-03 23:21:25,830] {base.py:68} INFO - Using connection ID 'postgres' for task execution.
[2022-08-03 23:21:25,939] {logging_mixin.py:115} INFO - [('38b2f52e-8f5d', '1GCWGFCF3F1284719', '20998', '115879', 'W1T503168C', '2015', 'Chevrolet', 'Express Cargo', 'Work Van', 'Cargo Van', 'Truck', 'RWD', 'Automatic', 'E85 / Unleaded', '4.8', 'V', 'nissan ellicott city', '8569 Baltimore National Pike', 'Ellicott City', 'MD', '21043'), ('97ba4955-ccf0', 'WBY7Z8C59JVB87514', '27921', '7339', 'P33243', '2018', 'BMW', 'i3', 's', 'Hatchback', 'Car', 'RWD', 'Automatic', 'Electric / Premium Unleaded', '0.6', 'I', 'hendrick honda pompano beach', '5381 N Federal Highway', 'Pompano Beach', 'FL', '33064'), ('be1da9fd-0f34', 'ML32F4FJ2JHF10325', '11055', '39798', 'WM2091A', '2018', 'Mitsubishi', 'Mirage G4', 'SE', 'Sedan', 'Car', 'FWD', 'Automatic', 'Unleaded', '1.2', 'I', 'russ darrow toyota', '2700 West Washington St.', 'West Bend', 'WI', '53095'), ('84327e45-6cb6', '1GCPTEE15K1291189', '52997', '28568', '9U2Y425A', '2019', 'Chevrolet', 'Colorado', 'ZR2', 'Pickup', 'Truck', '4WD', 'Automatic', 'Diesel', '2.8', 'I', 'young kia', '308 North Main Street', 'Layton', 'UT', '84041'), ('cde691c3-91dd', '1G2AL18F087312093', None, '188485', 'T36625A', '2008', 'Pontiac', 'G5', 'Base', 'Coupe', 'Car', 'FWD', 'Automatic', 'Unleaded', '2.2', 'I', 'pappas toyota', '10011 Spencer Rd', 'Saint Peters', 'MO', '63376'), ('e6b0a17c-6321', 'WBY1Z4C54FV500763', None, '54276', 'T15046A', '2015', 'BMW', 'i3', 'Giga World', 'Hatchback', 'Car', 'RWD', 'Automatic', 'Electric / Premium Unleaded', '0.6', 'I', 'crossroads ford of kernersville', '1330 Highway 66 South', 'Kernersville', 'NC', '27284'), ('43847b9a-6fed', '1B7HC16Y8YS543285', '3995', '137537', 'BP8246A', '2000', 'Dodge', 'Ram Pickup', 'ST', 'Pickup', 'Truck', 'RWD', 'Manual', 'Unleaded', '5.2', 'V', 'baumann auto group', '2379 W. State St.', 'Fremont', 'OH', '43420'), ('8d10256f-3be9', '3GNBABDBXAS598032', '6500', '74274', '2104839A', '2010', 'Chevrolet', 'HHR', 'LT', 'Mini Mpv', 'Car', 'FWD', 'Automatic', 'E85 / Unleaded', '2.2', 'I', 'volkswagen of grand blanc', '6201 S Saginaw Rd', 'Grand Blanc', 'MI', '48439'), ('d8d6dfed-e273', '5YMCY0C08L9D04057', '105974', '9589', 'CMR269761A', '2020', 'BMW', 'X6 M', 'Base', 'SUV', 'Truck', '4WD', 'Automatic', 'Premium Unleaded', '4.4', 'V', 'braman miami', '2060 Biscayne Boulevard', 'Miami', 'FL', '33137'), ('3c539e0f-3eb8', '1GCGSCE15G1195013', '23024', '131286', 'PH195013', '2016', 'Chevrolet', 'Colorado', 'LT', 'Pickup', 'Truck', 'RWD', 'Automatic', 'Diesel', '2.8', 'I', 'jefferson city autoplex', '3215 Missouri Blvd', 'Jefferson City', 'MO', '65109')]
[2022-08-03 23:21:26,006] {base.py:68} INFO - Using connection ID 'postgres' for task execution.
[2022-08-03 23:21:28,077] {logging_mixin.py:115} INFO - TOTAL RECORDS: 499999
[2022-08-03 23:21:28,157] {base.py:68} INFO - Using connection ID 'postgres' for task execution.
[2022-08-03 23:21:32,996] {logging_mixin.py:115} INFO - TOTAL unique VINS: 171520
[2022-08-03 23:21:33,050] {base.py:68} INFO - Using connection ID 'postgres' for task execution.
[2022-08-03 23:21:33,615] {logging_mixin.py:115} INFO - TOTAL unique VINS: 448444
[2022-08-03 23:21:33,662] {base.py:68} INFO - Using connection ID 'postgres' for task execution.
[2022-08-03 23:21:33,685] {dbapi.py:231} INFO - Running statement: DELETE FROM vehicles WHERE price = "price";, parameters: None
[2022-08-03 23:21:35,847] {dbapi.py:239} INFO - Rows affected: 448444
[2022-08-03 23:21:35,958] {base.py:68} INFO - Using connection ID 'postgres' for task execution.
[2022-08-03 23:21:36,491] {logging_mixin.py:115} INFO -    nullif    nullif  nullif  nullif   nullif
0    None  188485.0  2008.0     2.2  63376.0
1    None   54276.0  2015.0     0.6  27284.0
2    None   42000.0  2008.0     5.5  92781.0
3    None   17420.0  2001.0     6.5  15090.0
4    None  111221.0  2010.0     3.9  42501.0
[2022-08-03 23:21:36,512] {base.py:68} INFO - Using connection ID 'postgres' for task execution.
[2022-08-03 23:21:36,531] {dbapi.py:231} INFO - Running statement: 
                ALTER TABLE vehicles
                ALTER COLUMN price TYPE INTEGER USING NULLIF(price,'')::integer
                ,ALTER COLUMN miles TYPE INTEGER USING NULLIF(miles,'')::integer
                ,ALTER COLUMN year TYPE INTEGER USING NULLIF(year,'')::integer
                ,ALTER COLUMN engine_size TYPE DOUBLE PRECISION USING NULLIF(engine_size, '')::DOUBLE PRECISION
                ,ALTER COLUMN zip TYPE INTEGER USING NULLIF(NULLIF(zip, 'J0J 1J0'),'')::integer
                ;
    , parameters: None
[2022-08-03 23:21:37,848] {base.py:68} INFO - Using connection ID 'postgres' for task execution.
[2022-08-03 23:21:37,926] {logging_mixin.py:115} INFO -                               0
price_lost_records        51555
miles_lost_records         4110
year_lost_records            30
engine_size_lost_records  11938
zip_lost_records              8
[2022-08-03 23:21:37,961] {base.py:68} INFO - Using connection ID 'postgres' for task execution.
[2022-08-03 23:21:38,483] {taskinstance.py:1909} ERROR - Task failed with exception
Traceback (most recent call last):
  File "/home/airflow/.local/lib/python3.7/site-packages/airflow/operators/python.py", line 171, in execute
    return_value = self.execute_callable()
  File "/home/airflow/.local/lib/python3.7/site-packages/airflow/operators/python.py", line 189, in execute_callable
    return self.python_callable(*self.op_args, **self.op_kwargs)
  File "/opt/airflow/dags/dag-test.py", line 125, in query_table
    print('SHAPES POST ALTER TABLE:' ,post_hook.get_pandas_df('select * from vehicles' ).shape())
TypeError: 'tuple' object is not callable
[2022-08-03 23:21:38,560] {taskinstance.py:1420} INFO - Marking task as FAILED. dag_id=ltv-pipeline, task_id=query-table, execution_date=20220803T231950, start_date=20220803T232121, end_date=20220803T232138
[2022-08-03 23:21:38,656] {standard_task_runner.py:97} ERROR - Failed to execute job 279 for task query-table ('tuple' object is not callable; 7142)
[2022-08-03 23:21:38,881] {local_task_job.py:156} INFO - Task exited with return code 1
[2022-08-03 23:21:39,055] {local_task_job.py:273} INFO - 0 downstream tasks scheduled from follow-on schedule check
