[2022-08-03 21:12:57,602] {taskinstance.py:1179} INFO - Dependencies all met for <TaskInstance: ltv-pipeline.drop_table manual__2022-08-03T21:12:53.219975+00:00 [queued]>
[2022-08-03 21:12:57,642] {taskinstance.py:1179} INFO - Dependencies all met for <TaskInstance: ltv-pipeline.drop_table manual__2022-08-03T21:12:53.219975+00:00 [queued]>
[2022-08-03 21:12:57,650] {taskinstance.py:1376} INFO - 
--------------------------------------------------------------------------------
[2022-08-03 21:12:57,663] {taskinstance.py:1377} INFO - Starting attempt 1 of 1
[2022-08-03 21:12:57,671] {taskinstance.py:1378} INFO - 
--------------------------------------------------------------------------------
[2022-08-03 21:12:57,736] {taskinstance.py:1397} INFO - Executing <Task(PostgresOperator): drop_table> on 2022-08-03 21:12:53.219975+00:00
[2022-08-03 21:12:57,789] {standard_task_runner.py:52} INFO - Started process 1649 to run task
[2022-08-03 21:12:57,796] {standard_task_runner.py:79} INFO - Running: ['***', 'tasks', 'run', 'ltv-pipeline', 'drop_table', 'manual__2022-08-03T21:12:53.219975+00:00', '--job-id', '132', '--raw', '--subdir', 'DAGS_FOLDER/dag-test.py', '--cfg-path', '/tmp/tmpo6wxoqi2', '--error-file', '/tmp/tmpb0r2b014']
[2022-08-03 21:12:57,805] {standard_task_runner.py:80} INFO - Job 132: Subtask drop_table
[2022-08-03 21:12:59,068] {task_command.py:371} INFO - Running <TaskInstance: ltv-pipeline.drop_table manual__2022-08-03T21:12:53.219975+00:00 [running]> on host 3b0f05b8acbc
[2022-08-03 21:12:59,603] {taskinstance.py:1591} INFO - Exporting the following env vars:
AIRFLOW_CTX_DAG_OWNER=***
AIRFLOW_CTX_DAG_ID=ltv-pipeline
AIRFLOW_CTX_TASK_ID=drop_table
AIRFLOW_CTX_EXECUTION_DATE=2022-08-03T21:12:53.219975+00:00
AIRFLOW_CTX_TRY_NUMBER=1
AIRFLOW_CTX_DAG_RUN_ID=manual__2022-08-03T21:12:53.219975+00:00
[2022-08-03 21:12:59,704] {base.py:68} INFO - Using connection ID 'postgres' for task execution.
[2022-08-03 21:12:59,769] {dbapi.py:231} INFO - Running statement: DROP TABLE IF EXISTS vehicles, parameters: None
[2022-08-03 21:13:03,090] {taskinstance.py:1420} INFO - Marking task as SUCCESS. dag_id=ltv-pipeline, task_id=drop_table, execution_date=20220803T211253, start_date=20220803T211257, end_date=20220803T211303
[2022-08-03 21:13:03,307] {local_task_job.py:156} INFO - Task exited with return code 0
[2022-08-03 21:13:03,435] {local_task_job.py:273} INFO - 1 downstream tasks scheduled from follow-on schedule check
