[2022-08-03 22:41:48,094] {taskinstance.py:1179} INFO - Dependencies all met for <TaskInstance: ltv-pipeline.load-data manual__2022-08-03T22:40:48.551315+00:00 [queued]>
[2022-08-03 22:41:48,109] {taskinstance.py:1179} INFO - Dependencies all met for <TaskInstance: ltv-pipeline.load-data manual__2022-08-03T22:40:48.551315+00:00 [queued]>
[2022-08-03 22:41:48,112] {taskinstance.py:1376} INFO - 
--------------------------------------------------------------------------------
[2022-08-03 22:41:48,117] {taskinstance.py:1377} INFO - Starting attempt 1 of 1
[2022-08-03 22:41:48,121] {taskinstance.py:1378} INFO - 
--------------------------------------------------------------------------------
[2022-08-03 22:41:48,142] {taskinstance.py:1397} INFO - Executing <Task(PythonOperator): load-data> on 2022-08-03 22:40:48.551315+00:00
[2022-08-03 22:41:48,154] {standard_task_runner.py:52} INFO - Started process 5531 to run task
[2022-08-03 22:41:48,159] {standard_task_runner.py:79} INFO - Running: ['***', 'tasks', 'run', 'ltv-pipeline', 'load-data', 'manual__2022-08-03T22:40:48.551315+00:00', '--job-id', '250', '--raw', '--subdir', 'DAGS_FOLDER/dag-test.py', '--cfg-path', '/tmp/tmpfa5soqax', '--error-file', '/tmp/tmpd2ww5nmp']
[2022-08-03 22:41:48,166] {standard_task_runner.py:80} INFO - Job 250: Subtask load-data
[2022-08-03 22:41:48,290] {task_command.py:371} INFO - Running <TaskInstance: ltv-pipeline.load-data manual__2022-08-03T22:40:48.551315+00:00 [running]> on host 3b0f05b8acbc
[2022-08-03 22:41:48,407] {taskinstance.py:1591} INFO - Exporting the following env vars:
AIRFLOW_CTX_DAG_OWNER=***
AIRFLOW_CTX_DAG_ID=ltv-pipeline
AIRFLOW_CTX_TASK_ID=load-data
AIRFLOW_CTX_EXECUTION_DATE=2022-08-03T22:40:48.551315+00:00
AIRFLOW_CTX_TRY_NUMBER=1
AIRFLOW_CTX_DAG_RUN_ID=manual__2022-08-03T22:40:48.551315+00:00
[2022-08-03 22:41:48,421] {postgres.py:127} INFO - Running copy expert: COPY vehicles FROM STDIN WITH DELIMITER ',' CSV HEADER , filename: files/vehicle_challenge.csv
[2022-08-03 22:41:48,455] {base.py:68} INFO - Using connection ID 'postgres' for task execution.
[2022-08-03 22:41:58,801] {python.py:173} INFO - Done. Returned value was: None
[2022-08-03 22:41:59,067] {taskinstance.py:1420} INFO - Marking task as SUCCESS. dag_id=ltv-pipeline, task_id=load-data, execution_date=20220803T224048, start_date=20220803T224148, end_date=20220803T224159
[2022-08-03 22:41:59,536] {local_task_job.py:156} INFO - Task exited with return code 0
[2022-08-03 22:41:59,751] {local_task_job.py:273} INFO - 1 downstream tasks scheduled from follow-on schedule check
