[2022-08-03 16:43:57,157] {taskinstance.py:1179} INFO - Dependencies all met for <TaskInstance: ltv-pipeline.query-table manual__2022-08-03T16:43:47.384924+00:00 [queued]>
[2022-08-03 16:43:57,180] {taskinstance.py:1179} INFO - Dependencies all met for <TaskInstance: ltv-pipeline.query-table manual__2022-08-03T16:43:47.384924+00:00 [queued]>
[2022-08-03 16:43:57,183] {taskinstance.py:1376} INFO - 
--------------------------------------------------------------------------------
[2022-08-03 16:43:57,187] {taskinstance.py:1377} INFO - Starting attempt 1 of 1
[2022-08-03 16:43:57,194] {taskinstance.py:1378} INFO - 
--------------------------------------------------------------------------------
[2022-08-03 16:43:57,232] {taskinstance.py:1397} INFO - Executing <Task(PythonOperator): query-table> on 2022-08-03 16:43:47.384924+00:00
[2022-08-03 16:43:57,253] {standard_task_runner.py:52} INFO - Started process 1945 to run task
[2022-08-03 16:43:57,267] {standard_task_runner.py:79} INFO - Running: ['***', 'tasks', 'run', 'ltv-pipeline', 'query-table', 'manual__2022-08-03T16:43:47.384924+00:00', '--job-id', '82', '--raw', '--subdir', 'DAGS_FOLDER/dag-test.py', '--cfg-path', '/tmp/tmpqx6tb5vb', '--error-file', '/tmp/tmpdp2s1gs3']
[2022-08-03 16:43:57,277] {standard_task_runner.py:80} INFO - Job 82: Subtask query-table
[2022-08-03 16:43:57,834] {task_command.py:371} INFO - Running <TaskInstance: ltv-pipeline.query-table manual__2022-08-03T16:43:47.384924+00:00 [running]> on host 3b0f05b8acbc
[2022-08-03 16:43:58,208] {taskinstance.py:1591} INFO - Exporting the following env vars:
AIRFLOW_CTX_DAG_OWNER=***
AIRFLOW_CTX_DAG_ID=ltv-pipeline
AIRFLOW_CTX_TASK_ID=query-table
AIRFLOW_CTX_EXECUTION_DATE=2022-08-03T16:43:47.384924+00:00
AIRFLOW_CTX_TRY_NUMBER=1
AIRFLOW_CTX_DAG_RUN_ID=manual__2022-08-03T16:43:47.384924+00:00
[2022-08-03 16:43:58,236] {logging_mixin.py:115} INFO - Testing hook
[2022-08-03 16:43:58,306] {base.py:68} INFO - Using connection ID 'postgres' for task execution.
[2022-08-03 16:43:58,356] {logging_mixin.py:115} INFO - []
[2022-08-03 16:43:58,429] {base.py:68} INFO - Using connection ID 'postgres' for task execution.
[2022-08-03 16:43:58,469] {logging_mixin.py:115} INFO - [('pg_toast',), ('pg_catalog',), ('public',), ('information_schema',)]
[2022-08-03 16:43:58,490] {logging_mixin.py:115} INFO - PRINT PATH: ['dags', 'logs', 'webserver_config.py', 'plugins', '***-worker.pid', '***.cfg', 'files']
[2022-08-03 16:43:58,502] {logging_mixin.py:115} INFO - PRINT PATH: ['test.csv', 'vehicle_challenge.csv', 'vehicle_challenge.csv.gz']
[2022-08-03 16:43:58,611] {logging_mixin.py:115} INFO - /opt/***
[2022-08-03 16:43:58,647] {python.py:173} INFO - Done. Returned value was: None
[2022-08-03 16:43:58,751] {taskinstance.py:1420} INFO - Marking task as SUCCESS. dag_id=ltv-pipeline, task_id=query-table, execution_date=20220803T164347, start_date=20220803T164357, end_date=20220803T164358
[2022-08-03 16:43:58,884] {local_task_job.py:156} INFO - Task exited with return code 0
[2022-08-03 16:43:59,116] {local_task_job.py:273} INFO - 0 downstream tasks scheduled from follow-on schedule check
