[2022-08-03 16:08:42,658] {taskinstance.py:1179} INFO - Dependencies all met for <TaskInstance: ltv-pipeline.drop_table manual__2022-08-03T16:08:38.105006+00:00 [queued]>
[2022-08-03 16:08:42,674] {taskinstance.py:1179} INFO - Dependencies all met for <TaskInstance: ltv-pipeline.drop_table manual__2022-08-03T16:08:38.105006+00:00 [queued]>
[2022-08-03 16:08:42,676] {taskinstance.py:1376} INFO - 
--------------------------------------------------------------------------------
[2022-08-03 16:08:42,680] {taskinstance.py:1377} INFO - Starting attempt 1 of 1
[2022-08-03 16:08:42,682] {taskinstance.py:1378} INFO - 
--------------------------------------------------------------------------------
[2022-08-03 16:08:42,703] {taskinstance.py:1397} INFO - Executing <Task(PostgresOperator): drop_table> on 2022-08-03 16:08:38.105006+00:00
[2022-08-03 16:08:42,720] {standard_task_runner.py:52} INFO - Started process 530 to run task
[2022-08-03 16:08:42,725] {standard_task_runner.py:79} INFO - Running: ['***', 'tasks', 'run', 'ltv-pipeline', 'drop_table', 'manual__2022-08-03T16:08:38.105006+00:00', '--job-id', '56', '--raw', '--subdir', 'DAGS_FOLDER/dag-test.py', '--cfg-path', '/tmp/tmpz0f8kfio', '--error-file', '/tmp/tmpntpq4u7f']
[2022-08-03 16:08:42,728] {standard_task_runner.py:80} INFO - Job 56: Subtask drop_table
[2022-08-03 16:08:42,860] {task_command.py:371} INFO - Running <TaskInstance: ltv-pipeline.drop_table manual__2022-08-03T16:08:38.105006+00:00 [running]> on host 3b0f05b8acbc
[2022-08-03 16:08:42,993] {taskinstance.py:1591} INFO - Exporting the following env vars:
AIRFLOW_CTX_DAG_OWNER=***
AIRFLOW_CTX_DAG_ID=ltv-pipeline
AIRFLOW_CTX_TASK_ID=drop_table
AIRFLOW_CTX_EXECUTION_DATE=2022-08-03T16:08:38.105006+00:00
AIRFLOW_CTX_TRY_NUMBER=1
AIRFLOW_CTX_DAG_RUN_ID=manual__2022-08-03T16:08:38.105006+00:00
[2022-08-03 16:08:43,038] {base.py:68} INFO - Using connection ID 'postgres' for task execution.
[2022-08-03 16:08:43,056] {dbapi.py:231} INFO - Running statement: DROP TABLE vehicles, parameters: None
[2022-08-03 16:08:43,222] {taskinstance.py:1420} INFO - Marking task as SUCCESS. dag_id=ltv-pipeline, task_id=drop_table, execution_date=20220803T160838, start_date=20220803T160842, end_date=20220803T160843
[2022-08-03 16:08:43,419] {local_task_job.py:156} INFO - Task exited with return code 0
[2022-08-03 16:08:43,568] {local_task_job.py:273} INFO - 0 downstream tasks scheduled from follow-on schedule check
