[2022-08-11 19:45:02,348] {taskinstance.py:1179} INFO - Dependencies all met for <TaskInstance: ltv-pipeline.load-data manual__2022-08-11T19:44:47.198772+00:00 [queued]>
[2022-08-11 19:45:02,367] {taskinstance.py:1179} INFO - Dependencies all met for <TaskInstance: ltv-pipeline.load-data manual__2022-08-11T19:44:47.198772+00:00 [queued]>
[2022-08-11 19:45:02,383] {taskinstance.py:1376} INFO - 
--------------------------------------------------------------------------------
[2022-08-11 19:45:02,384] {taskinstance.py:1377} INFO - Starting attempt 1 of 1
[2022-08-11 19:45:02,386] {taskinstance.py:1378} INFO - 
--------------------------------------------------------------------------------
[2022-08-11 19:45:02,432] {taskinstance.py:1397} INFO - Executing <Task(PythonOperator): load-data> on 2022-08-11 19:44:47.198772+00:00
[2022-08-11 19:45:02,451] {standard_task_runner.py:52} INFO - Started process 107 to run task
[2022-08-11 19:45:02,456] {standard_task_runner.py:79} INFO - Running: ['***', 'tasks', 'run', 'ltv-pipeline', 'load-data', 'manual__2022-08-11T19:44:47.198772+00:00', '--job-id', '312', '--raw', '--subdir', 'DAGS_FOLDER/dag-test.py', '--cfg-path', '/tmp/tmp04ygb3by', '--error-file', '/tmp/tmp1blz_ggi']
[2022-08-11 19:45:02,487] {standard_task_runner.py:80} INFO - Job 312: Subtask load-data
[2022-08-11 19:45:02,609] {task_command.py:371} INFO - Running <TaskInstance: ltv-pipeline.load-data manual__2022-08-11T19:44:47.198772+00:00 [running]> on host f961364be009
[2022-08-11 19:45:02,763] {taskinstance.py:1591} INFO - Exporting the following env vars:
AIRFLOW_CTX_DAG_OWNER=***
AIRFLOW_CTX_DAG_ID=ltv-pipeline
AIRFLOW_CTX_TASK_ID=load-data
AIRFLOW_CTX_EXECUTION_DATE=2022-08-11T19:44:47.198772+00:00
AIRFLOW_CTX_TRY_NUMBER=1
AIRFLOW_CTX_DAG_RUN_ID=manual__2022-08-11T19:44:47.198772+00:00
[2022-08-11 19:45:02,772] {postgres.py:127} INFO - Running copy expert: COPY vehicles FROM STDIN WITH DELIMITER ',' CSV HEADER , filename: files/vehicle_challenge.csv
[2022-08-11 19:45:02,782] {base.py:68} INFO - Using connection ID 'postgres' for task execution.
[2022-08-11 19:45:04,267] {python.py:173} INFO - Done. Returned value was: None
[2022-08-11 19:45:04,310] {taskinstance.py:1420} INFO - Marking task as SUCCESS. dag_id=ltv-pipeline, task_id=load-data, execution_date=20220811T194447, start_date=20220811T194502, end_date=20220811T194504
[2022-08-11 19:45:04,408] {local_task_job.py:156} INFO - Task exited with return code 0
[2022-08-11 19:45:04,469] {local_task_job.py:273} INFO - 0 downstream tasks scheduled from follow-on schedule check
