[2022-08-03 21:09:18,500] {taskinstance.py:1179} INFO - Dependencies all met for <TaskInstance: ltv-pipeline.decompress-file manual__2022-08-03T21:08:53+00:00 [queued]>
[2022-08-03 21:09:18,520] {taskinstance.py:1179} INFO - Dependencies all met for <TaskInstance: ltv-pipeline.decompress-file manual__2022-08-03T21:08:53+00:00 [queued]>
[2022-08-03 21:09:18,527] {taskinstance.py:1376} INFO - 
--------------------------------------------------------------------------------
[2022-08-03 21:09:18,530] {taskinstance.py:1377} INFO - Starting attempt 1 of 1
[2022-08-03 21:09:18,534] {taskinstance.py:1378} INFO - 
--------------------------------------------------------------------------------
[2022-08-03 21:09:18,556] {taskinstance.py:1397} INFO - Executing <Task(BashOperator): decompress-file> on 2022-08-03 21:08:53+00:00
[2022-08-03 21:09:18,576] {standard_task_runner.py:52} INFO - Started process 1469 to run task
[2022-08-03 21:09:18,591] {standard_task_runner.py:79} INFO - Running: ['***', 'tasks', 'run', 'ltv-pipeline', 'decompress-file', 'manual__2022-08-03T21:08:53+00:00', '--job-id', '121', '--raw', '--subdir', 'DAGS_FOLDER/dag-test.py', '--cfg-path', '/tmp/tmpccppb2i0', '--error-file', '/tmp/tmp2n1429ad']
[2022-08-03 21:09:18,601] {standard_task_runner.py:80} INFO - Job 121: Subtask decompress-file
[2022-08-03 21:09:18,799] {task_command.py:371} INFO - Running <TaskInstance: ltv-pipeline.decompress-file manual__2022-08-03T21:08:53+00:00 [running]> on host 3b0f05b8acbc
[2022-08-03 21:09:19,003] {taskinstance.py:1591} INFO - Exporting the following env vars:
AIRFLOW_CTX_DAG_OWNER=***
AIRFLOW_CTX_DAG_ID=ltv-pipeline
AIRFLOW_CTX_TASK_ID=decompress-file
AIRFLOW_CTX_EXECUTION_DATE=2022-08-03T21:08:53+00:00
AIRFLOW_CTX_TRY_NUMBER=1
AIRFLOW_CTX_DAG_RUN_ID=manual__2022-08-03T21:08:53+00:00
[2022-08-03 21:09:19,022] {subprocess.py:62} INFO - Tmp dir root location: 
 /tmp
[2022-08-03 21:09:19,043] {subprocess.py:74} INFO - Running command: ['bash', '-c', 'if [ -f *vehicle_challenge.csv.gz ]; then  gunzip -f /opt/***/files/vehicle_challenge.csv.gz; fi;']
[2022-08-03 21:09:19,139] {subprocess.py:85} INFO - Output:
[2022-08-03 21:09:19,209] {subprocess.py:96} INFO - Command exited with return code 0
[2022-08-03 21:09:19,383] {taskinstance.py:1420} INFO - Marking task as SUCCESS. dag_id=ltv-pipeline, task_id=decompress-file, execution_date=20220803T210853, start_date=20220803T210918, end_date=20220803T210919
[2022-08-03 21:09:19,482] {local_task_job.py:156} INFO - Task exited with return code 0
[2022-08-03 21:09:19,772] {local_task_job.py:273} INFO - 0 downstream tasks scheduled from follow-on schedule check
