[2022-08-03 16:42:40,566] {taskinstance.py:1179} INFO - Dependencies all met for <TaskInstance: ltv-pipeline.query-table manual__2022-08-03T16:42:25.812156+00:00 [queued]>
[2022-08-03 16:42:40,590] {taskinstance.py:1179} INFO - Dependencies all met for <TaskInstance: ltv-pipeline.query-table manual__2022-08-03T16:42:25.812156+00:00 [queued]>
[2022-08-03 16:42:40,599] {taskinstance.py:1376} INFO - 
--------------------------------------------------------------------------------
[2022-08-03 16:42:40,608] {taskinstance.py:1377} INFO - Starting attempt 1 of 1
[2022-08-03 16:42:40,613] {taskinstance.py:1378} INFO - 
--------------------------------------------------------------------------------
[2022-08-03 16:42:40,648] {taskinstance.py:1397} INFO - Executing <Task(PythonOperator): query-table> on 2022-08-03 16:42:25.812156+00:00
[2022-08-03 16:42:40,667] {standard_task_runner.py:52} INFO - Started process 1884 to run task
[2022-08-03 16:42:40,673] {standard_task_runner.py:79} INFO - Running: ['***', 'tasks', 'run', 'ltv-pipeline', 'query-table', 'manual__2022-08-03T16:42:25.812156+00:00', '--job-id', '78', '--raw', '--subdir', 'DAGS_FOLDER/dag-test.py', '--cfg-path', '/tmp/tmp42wshr75', '--error-file', '/tmp/tmpz0wumaia']
[2022-08-03 16:42:40,683] {standard_task_runner.py:80} INFO - Job 78: Subtask query-table
[2022-08-03 16:42:40,936] {task_command.py:371} INFO - Running <TaskInstance: ltv-pipeline.query-table manual__2022-08-03T16:42:25.812156+00:00 [running]> on host 3b0f05b8acbc
[2022-08-03 16:42:41,139] {taskinstance.py:1591} INFO - Exporting the following env vars:
AIRFLOW_CTX_DAG_OWNER=***
AIRFLOW_CTX_DAG_ID=ltv-pipeline
AIRFLOW_CTX_TASK_ID=query-table
AIRFLOW_CTX_EXECUTION_DATE=2022-08-03T16:42:25.812156+00:00
AIRFLOW_CTX_TRY_NUMBER=1
AIRFLOW_CTX_DAG_RUN_ID=manual__2022-08-03T16:42:25.812156+00:00
[2022-08-03 16:42:41,149] {logging_mixin.py:115} INFO - Testing hook
[2022-08-03 16:42:41,171] {base.py:68} INFO - Using connection ID 'postgres' for task execution.
[2022-08-03 16:42:41,190] {logging_mixin.py:115} INFO - []
[2022-08-03 16:42:41,210] {base.py:68} INFO - Using connection ID 'postgres' for task execution.
[2022-08-03 16:42:41,232] {logging_mixin.py:115} INFO - [('pg_toast',), ('pg_catalog',), ('public',), ('information_schema',)]
[2022-08-03 16:42:41,241] {logging_mixin.py:115} INFO - PRINT PATH: ['dags', 'logs', 'webserver_config.py', 'plugins', '***-worker.pid', '***.cfg', 'files']
[2022-08-03 16:42:41,247] {logging_mixin.py:115} INFO - PRINT PATH: ['test.csv', 'vehicle_challenge.csv', 'vehicle_challenge.csv.gz']
[2022-08-03 16:42:41,279] {logging_mixin.py:115} INFO - /opt/***
[2022-08-03 16:42:41,284] {python.py:173} INFO - Done. Returned value was: None
[2022-08-03 16:42:41,316] {taskinstance.py:1420} INFO - Marking task as SUCCESS. dag_id=ltv-pipeline, task_id=query-table, execution_date=20220803T164225, start_date=20220803T164240, end_date=20220803T164241
[2022-08-03 16:42:41,406] {local_task_job.py:156} INFO - Task exited with return code 0
[2022-08-03 16:42:41,446] {local_task_job.py:273} INFO - 1 downstream tasks scheduled from follow-on schedule check
