[2022-08-03 22:57:31,591] {taskinstance.py:1179} INFO - Dependencies all met for <TaskInstance: ltv-pipeline.drop_table manual__2022-08-03T22:57:20.432836+00:00 [queued]>
[2022-08-03 22:57:31,671] {taskinstance.py:1179} INFO - Dependencies all met for <TaskInstance: ltv-pipeline.drop_table manual__2022-08-03T22:57:20.432836+00:00 [queued]>
[2022-08-03 22:57:31,699] {taskinstance.py:1376} INFO - 
--------------------------------------------------------------------------------
[2022-08-03 22:57:31,717] {taskinstance.py:1377} INFO - Starting attempt 1 of 1
[2022-08-03 22:57:31,731] {taskinstance.py:1378} INFO - 
--------------------------------------------------------------------------------
[2022-08-03 22:57:31,836] {taskinstance.py:1397} INFO - Executing <Task(PostgresOperator): drop_table> on 2022-08-03 22:57:20.432836+00:00
[2022-08-03 22:57:31,939] {standard_task_runner.py:52} INFO - Started process 6191 to run task
[2022-08-03 22:57:31,992] {standard_task_runner.py:79} INFO - Running: ['***', 'tasks', 'run', 'ltv-pipeline', 'drop_table', 'manual__2022-08-03T22:57:20.432836+00:00', '--job-id', '268', '--raw', '--subdir', 'DAGS_FOLDER/dag-test.py', '--cfg-path', '/tmp/tmpl3ooktwb', '--error-file', '/tmp/tmppn1f1mkj']
[2022-08-03 22:57:31,998] {standard_task_runner.py:80} INFO - Job 268: Subtask drop_table
[2022-08-03 22:57:32,941] {task_command.py:371} INFO - Running <TaskInstance: ltv-pipeline.drop_table manual__2022-08-03T22:57:20.432836+00:00 [running]> on host 3b0f05b8acbc
[2022-08-03 22:57:33,215] {taskinstance.py:1591} INFO - Exporting the following env vars:
AIRFLOW_CTX_DAG_OWNER=***
AIRFLOW_CTX_DAG_ID=ltv-pipeline
AIRFLOW_CTX_TASK_ID=drop_table
AIRFLOW_CTX_EXECUTION_DATE=2022-08-03T22:57:20.432836+00:00
AIRFLOW_CTX_TRY_NUMBER=1
AIRFLOW_CTX_DAG_RUN_ID=manual__2022-08-03T22:57:20.432836+00:00
[2022-08-03 22:57:33,421] {base.py:68} INFO - Using connection ID 'postgres' for task execution.
[2022-08-03 22:57:33,445] {dbapi.py:231} INFO - Running statement: DROP TABLE IF EXISTS vehicles, parameters: None
[2022-08-03 22:57:33,750] {taskinstance.py:1420} INFO - Marking task as SUCCESS. dag_id=ltv-pipeline, task_id=drop_table, execution_date=20220803T225720, start_date=20220803T225731, end_date=20220803T225733
[2022-08-03 22:57:33,822] {local_task_job.py:156} INFO - Task exited with return code 0
[2022-08-03 22:57:33,925] {local_task_job.py:273} INFO - 1 downstream tasks scheduled from follow-on schedule check
