[2022-08-03 22:48:02,473] {taskinstance.py:1179} INFO - Dependencies all met for <TaskInstance: ltv-pipeline.drop_table manual__2022-08-03T22:47:52.905561+00:00 [queued]>
[2022-08-03 22:48:02,522] {taskinstance.py:1179} INFO - Dependencies all met for <TaskInstance: ltv-pipeline.drop_table manual__2022-08-03T22:47:52.905561+00:00 [queued]>
[2022-08-03 22:48:02,531] {taskinstance.py:1376} INFO - 
--------------------------------------------------------------------------------
[2022-08-03 22:48:02,534] {taskinstance.py:1377} INFO - Starting attempt 1 of 1
[2022-08-03 22:48:02,543] {taskinstance.py:1378} INFO - 
--------------------------------------------------------------------------------
[2022-08-03 22:48:02,700] {taskinstance.py:1397} INFO - Executing <Task(PostgresOperator): drop_table> on 2022-08-03 22:47:52.905561+00:00
[2022-08-03 22:48:02,927] {standard_task_runner.py:52} INFO - Started process 5776 to run task
[2022-08-03 22:48:03,018] {standard_task_runner.py:79} INFO - Running: ['***', 'tasks', 'run', 'ltv-pipeline', 'drop_table', 'manual__2022-08-03T22:47:52.905561+00:00', '--job-id', '255', '--raw', '--subdir', 'DAGS_FOLDER/dag-test.py', '--cfg-path', '/tmp/tmp6x3m1rmk', '--error-file', '/tmp/tmp0_fxjeir']
[2022-08-03 22:48:03,046] {standard_task_runner.py:80} INFO - Job 255: Subtask drop_table
[2022-08-03 22:48:03,913] {task_command.py:371} INFO - Running <TaskInstance: ltv-pipeline.drop_table manual__2022-08-03T22:47:52.905561+00:00 [running]> on host 3b0f05b8acbc
[2022-08-03 22:48:04,370] {taskinstance.py:1591} INFO - Exporting the following env vars:
AIRFLOW_CTX_DAG_OWNER=***
AIRFLOW_CTX_DAG_ID=ltv-pipeline
AIRFLOW_CTX_TASK_ID=drop_table
AIRFLOW_CTX_EXECUTION_DATE=2022-08-03T22:47:52.905561+00:00
AIRFLOW_CTX_TRY_NUMBER=1
AIRFLOW_CTX_DAG_RUN_ID=manual__2022-08-03T22:47:52.905561+00:00
[2022-08-03 22:48:04,461] {base.py:68} INFO - Using connection ID 'postgres' for task execution.
[2022-08-03 22:48:04,514] {dbapi.py:231} INFO - Running statement: DROP TABLE IF EXISTS vehicles, parameters: None
[2022-08-03 22:48:04,531] {postgres.py:94} INFO - NOTICE:  table "vehicles" does not exist, skipping

[2022-08-03 22:48:04,773] {taskinstance.py:1420} INFO - Marking task as SUCCESS. dag_id=ltv-pipeline, task_id=drop_table, execution_date=20220803T224752, start_date=20220803T224802, end_date=20220803T224804
[2022-08-03 22:48:04,889] {local_task_job.py:156} INFO - Task exited with return code 0
[2022-08-03 22:48:05,147] {local_task_job.py:273} INFO - 0 downstream tasks scheduled from follow-on schedule check
