[2022-08-03 17:52:03,870] {taskinstance.py:1179} INFO - Dependencies all met for <TaskInstance: ltv-pipeline.load-data manual__2022-08-03T17:51:32.938591+00:00 [queued]>
[2022-08-03 17:52:03,889] {taskinstance.py:1179} INFO - Dependencies all met for <TaskInstance: ltv-pipeline.load-data manual__2022-08-03T17:51:32.938591+00:00 [queued]>
[2022-08-03 17:52:03,893] {taskinstance.py:1376} INFO - 
--------------------------------------------------------------------------------
[2022-08-03 17:52:03,897] {taskinstance.py:1377} INFO - Starting attempt 1 of 1
[2022-08-03 17:52:03,907] {taskinstance.py:1378} INFO - 
--------------------------------------------------------------------------------
[2022-08-03 17:52:03,961] {taskinstance.py:1397} INFO - Executing <Task(PythonOperator): load-data> on 2022-08-03 17:51:32.938591+00:00
[2022-08-03 17:52:03,977] {standard_task_runner.py:52} INFO - Started process 4785 to run task
[2022-08-03 17:52:03,981] {standard_task_runner.py:79} INFO - Running: ['***', 'tasks', 'run', 'ltv-pipeline', 'load-data', 'manual__2022-08-03T17:51:32.938591+00:00', '--job-id', '110', '--raw', '--subdir', 'DAGS_FOLDER/dag-test.py', '--cfg-path', '/tmp/tmp_jnb16pp', '--error-file', '/tmp/tmpb0644p9b']
[2022-08-03 17:52:03,989] {standard_task_runner.py:80} INFO - Job 110: Subtask load-data
[2022-08-03 17:52:04,096] {task_command.py:371} INFO - Running <TaskInstance: ltv-pipeline.load-data manual__2022-08-03T17:51:32.938591+00:00 [running]> on host 3b0f05b8acbc
[2022-08-03 17:52:04,259] {taskinstance.py:1591} INFO - Exporting the following env vars:
AIRFLOW_CTX_DAG_OWNER=***
AIRFLOW_CTX_DAG_ID=ltv-pipeline
AIRFLOW_CTX_TASK_ID=load-data
AIRFLOW_CTX_EXECUTION_DATE=2022-08-03T17:51:32.938591+00:00
AIRFLOW_CTX_TRY_NUMBER=1
AIRFLOW_CTX_DAG_RUN_ID=manual__2022-08-03T17:51:32.938591+00:00
[2022-08-03 17:52:04,287] {postgres.py:127} INFO - Running copy expert: COPY vehicles FROM STDIN WITH DELIMITER ',' CSV HEADER , filename: files/vehicle_challenge.csv
[2022-08-03 17:52:04,353] {base.py:68} INFO - Using connection ID 'postgres' for task execution.
[2022-08-03 17:52:11,475] {python.py:173} INFO - Done. Returned value was: None
[2022-08-03 17:52:11,788] {taskinstance.py:1420} INFO - Marking task as SUCCESS. dag_id=ltv-pipeline, task_id=load-data, execution_date=20220803T175132, start_date=20220803T175203, end_date=20220803T175211
[2022-08-03 17:52:11,994] {local_task_job.py:156} INFO - Task exited with return code 0
[2022-08-03 17:52:12,158] {local_task_job.py:273} INFO - 1 downstream tasks scheduled from follow-on schedule check
