[2022-08-03 22:33:09,891] {taskinstance.py:1179} INFO - Dependencies all met for <TaskInstance: ltv-pipeline.drop_table manual__2022-08-03T22:33:00.759301+00:00 [queued]>
[2022-08-03 22:33:09,938] {taskinstance.py:1179} INFO - Dependencies all met for <TaskInstance: ltv-pipeline.drop_table manual__2022-08-03T22:33:00.759301+00:00 [queued]>
[2022-08-03 22:33:09,943] {taskinstance.py:1376} INFO - 
--------------------------------------------------------------------------------
[2022-08-03 22:33:09,949] {taskinstance.py:1377} INFO - Starting attempt 1 of 1
[2022-08-03 22:33:09,954] {taskinstance.py:1378} INFO - 
--------------------------------------------------------------------------------
[2022-08-03 22:33:10,027] {taskinstance.py:1397} INFO - Executing <Task(PostgresOperator): drop_table> on 2022-08-03 22:33:00.759301+00:00
[2022-08-03 22:33:10,096] {standard_task_runner.py:52} INFO - Started process 5150 to run task
[2022-08-03 22:33:10,124] {standard_task_runner.py:79} INFO - Running: ['***', 'tasks', 'run', 'ltv-pipeline', 'drop_table', 'manual__2022-08-03T22:33:00.759301+00:00', '--job-id', '228', '--raw', '--subdir', 'DAGS_FOLDER/dag-test.py', '--cfg-path', '/tmp/tmpgxgiu27b', '--error-file', '/tmp/tmpdkgxn6tf']
[2022-08-03 22:33:10,144] {standard_task_runner.py:80} INFO - Job 228: Subtask drop_table
[2022-08-03 22:33:10,712] {task_command.py:371} INFO - Running <TaskInstance: ltv-pipeline.drop_table manual__2022-08-03T22:33:00.759301+00:00 [running]> on host 3b0f05b8acbc
[2022-08-03 22:33:11,298] {taskinstance.py:1591} INFO - Exporting the following env vars:
AIRFLOW_CTX_DAG_OWNER=***
AIRFLOW_CTX_DAG_ID=ltv-pipeline
AIRFLOW_CTX_TASK_ID=drop_table
AIRFLOW_CTX_EXECUTION_DATE=2022-08-03T22:33:00.759301+00:00
AIRFLOW_CTX_TRY_NUMBER=1
AIRFLOW_CTX_DAG_RUN_ID=manual__2022-08-03T22:33:00.759301+00:00
[2022-08-03 22:33:11,336] {base.py:68} INFO - Using connection ID 'postgres' for task execution.
[2022-08-03 22:33:11,355] {dbapi.py:231} INFO - Running statement: DROP TABLE IF EXISTS vehicles, parameters: None
[2022-08-03 22:33:12,937] {taskinstance.py:1420} INFO - Marking task as SUCCESS. dag_id=ltv-pipeline, task_id=drop_table, execution_date=20220803T223300, start_date=20220803T223309, end_date=20220803T223312
[2022-08-03 22:33:13,002] {local_task_job.py:156} INFO - Task exited with return code 0
[2022-08-03 22:33:13,068] {local_task_job.py:273} INFO - 1 downstream tasks scheduled from follow-on schedule check
