[2022-08-03 17:30:44,335] {taskinstance.py:1179} INFO - Dependencies all met for <TaskInstance: ltv-pipeline.drop_table manual__2022-08-03T17:30:36.478707+00:00 [queued]>
[2022-08-03 17:30:44,353] {taskinstance.py:1179} INFO - Dependencies all met for <TaskInstance: ltv-pipeline.drop_table manual__2022-08-03T17:30:36.478707+00:00 [queued]>
[2022-08-03 17:30:44,359] {taskinstance.py:1376} INFO - 
--------------------------------------------------------------------------------
[2022-08-03 17:30:44,365] {taskinstance.py:1377} INFO - Starting attempt 1 of 1
[2022-08-03 17:30:44,371] {taskinstance.py:1378} INFO - 
--------------------------------------------------------------------------------
[2022-08-03 17:30:44,393] {taskinstance.py:1397} INFO - Executing <Task(PostgresOperator): drop_table> on 2022-08-03 17:30:36.478707+00:00
[2022-08-03 17:30:44,434] {standard_task_runner.py:52} INFO - Started process 3857 to run task
[2022-08-03 17:30:44,442] {standard_task_runner.py:79} INFO - Running: ['***', 'tasks', 'run', 'ltv-pipeline', 'drop_table', 'manual__2022-08-03T17:30:36.478707+00:00', '--job-id', '100', '--raw', '--subdir', 'DAGS_FOLDER/dag-test.py', '--cfg-path', '/tmp/tmpqcfju5gr', '--error-file', '/tmp/tmpagfj9ila']
[2022-08-03 17:30:44,451] {standard_task_runner.py:80} INFO - Job 100: Subtask drop_table
[2022-08-03 17:30:44,630] {task_command.py:371} INFO - Running <TaskInstance: ltv-pipeline.drop_table manual__2022-08-03T17:30:36.478707+00:00 [running]> on host 3b0f05b8acbc
[2022-08-03 17:30:44,906] {taskinstance.py:1591} INFO - Exporting the following env vars:
AIRFLOW_CTX_DAG_OWNER=***
AIRFLOW_CTX_DAG_ID=ltv-pipeline
AIRFLOW_CTX_TASK_ID=drop_table
AIRFLOW_CTX_EXECUTION_DATE=2022-08-03T17:30:36.478707+00:00
AIRFLOW_CTX_TRY_NUMBER=1
AIRFLOW_CTX_DAG_RUN_ID=manual__2022-08-03T17:30:36.478707+00:00
[2022-08-03 17:30:45,019] {base.py:68} INFO - Using connection ID 'postgres' for task execution.
[2022-08-03 17:30:45,052] {dbapi.py:231} INFO - Running statement: DROP TABLE IF EXISTS vehicles, parameters: None
[2022-08-03 17:30:45,066] {postgres.py:94} INFO - NOTICE:  table "vehicles" does not exist, skipping

[2022-08-03 17:30:45,116] {taskinstance.py:1420} INFO - Marking task as SUCCESS. dag_id=ltv-pipeline, task_id=drop_table, execution_date=20220803T173036, start_date=20220803T173044, end_date=20220803T173045
[2022-08-03 17:30:45,176] {local_task_job.py:156} INFO - Task exited with return code 0
[2022-08-03 17:30:45,307] {local_task_job.py:273} INFO - 1 downstream tasks scheduled from follow-on schedule check
