[2022-08-03 00:51:48,310] {taskinstance.py:1179} INFO - Dependencies all met for <TaskInstance: ltv-pipeline.query-table manual__2022-08-03T00:51:41.184193+00:00 [queued]>
[2022-08-03 00:51:48,331] {taskinstance.py:1179} INFO - Dependencies all met for <TaskInstance: ltv-pipeline.query-table manual__2022-08-03T00:51:41.184193+00:00 [queued]>
[2022-08-03 00:51:48,335] {taskinstance.py:1376} INFO - 
--------------------------------------------------------------------------------
[2022-08-03 00:51:48,341] {taskinstance.py:1377} INFO - Starting attempt 1 of 1
[2022-08-03 00:51:48,347] {taskinstance.py:1378} INFO - 
--------------------------------------------------------------------------------
[2022-08-03 00:51:48,366] {taskinstance.py:1397} INFO - Executing <Task(PythonOperator): query-table> on 2022-08-03 00:51:41.184193+00:00
[2022-08-03 00:51:48,378] {standard_task_runner.py:52} INFO - Started process 139 to run task
[2022-08-03 00:51:48,385] {standard_task_runner.py:79} INFO - Running: ['***', 'tasks', 'run', 'ltv-pipeline', 'query-table', 'manual__2022-08-03T00:51:41.184193+00:00', '--job-id', '22', '--raw', '--subdir', 'DAGS_FOLDER/dag-test.py', '--cfg-path', '/tmp/tmpmusvme3h', '--error-file', '/tmp/tmpdf3tzdlq']
[2022-08-03 00:51:48,393] {standard_task_runner.py:80} INFO - Job 22: Subtask query-table
[2022-08-03 00:51:48,545] {task_command.py:371} INFO - Running <TaskInstance: ltv-pipeline.query-table manual__2022-08-03T00:51:41.184193+00:00 [running]> on host 4b5f29f024fc
[2022-08-03 00:51:48,631] {taskinstance.py:1591} INFO - Exporting the following env vars:
AIRFLOW_CTX_DAG_OWNER=***
AIRFLOW_CTX_DAG_ID=ltv-pipeline
AIRFLOW_CTX_TASK_ID=query-table
AIRFLOW_CTX_EXECUTION_DATE=2022-08-03T00:51:41.184193+00:00
AIRFLOW_CTX_TRY_NUMBER=1
AIRFLOW_CTX_DAG_RUN_ID=manual__2022-08-03T00:51:41.184193+00:00
[2022-08-03 00:51:48,636] {logging_mixin.py:115} INFO - Testing hook
[2022-08-03 00:51:48,654] {base.py:68} INFO - Using connection ID 'postgres' for task execution.
[2022-08-03 00:51:48,684] {logging_mixin.py:115} INFO - []
[2022-08-03 00:51:48,798] {base.py:68} INFO - Using connection ID 'postgres' for task execution.
[2022-08-03 00:51:48,818] {logging_mixin.py:115} INFO - [('pg_toast',), ('pg_catalog',), ('public',), ('information_schema',)]
[2022-08-03 00:51:48,826] {logging_mixin.py:115} INFO - PRINT PATH: ['dags', 'logs', 'webserver_config.py', 'plugins', '***-worker.pid', '***.cfg', 'files']
[2022-08-03 00:51:48,846] {logging_mixin.py:115} INFO - PRINT PATH: ['test.csv']
[2022-08-03 00:51:48,851] {python.py:173} INFO - Done. Returned value was: None
[2022-08-03 00:51:48,879] {taskinstance.py:1420} INFO - Marking task as SUCCESS. dag_id=ltv-pipeline, task_id=query-table, execution_date=20220803T005141, start_date=20220803T005148, end_date=20220803T005148
[2022-08-03 00:51:48,945] {local_task_job.py:156} INFO - Task exited with return code 0
[2022-08-03 00:51:49,008] {local_task_job.py:273} INFO - 0 downstream tasks scheduled from follow-on schedule check
