[2022-08-03 23:34:10,860] {taskinstance.py:1179} INFO - Dependencies all met for <TaskInstance: ltv-pipeline.drop_table manual__2022-08-03T23:33:54.638919+00:00 [queued]>
[2022-08-03 23:34:10,913] {taskinstance.py:1179} INFO - Dependencies all met for <TaskInstance: ltv-pipeline.drop_table manual__2022-08-03T23:33:54.638919+00:00 [queued]>
[2022-08-03 23:34:10,929] {taskinstance.py:1376} INFO - 
--------------------------------------------------------------------------------
[2022-08-03 23:34:10,942] {taskinstance.py:1377} INFO - Starting attempt 1 of 1
[2022-08-03 23:34:10,949] {taskinstance.py:1378} INFO - 
--------------------------------------------------------------------------------
[2022-08-03 23:34:10,994] {taskinstance.py:1397} INFO - Executing <Task(PostgresOperator): drop_table> on 2022-08-03 23:33:54.638919+00:00
[2022-08-03 23:34:11,040] {standard_task_runner.py:52} INFO - Started process 7673 to run task
[2022-08-03 23:34:11,056] {standard_task_runner.py:79} INFO - Running: ['***', 'tasks', 'run', 'ltv-pipeline', 'drop_table', 'manual__2022-08-03T23:33:54.638919+00:00', '--job-id', '292', '--raw', '--subdir', 'DAGS_FOLDER/dag-test.py', '--cfg-path', '/tmp/tmpzuerljmt', '--error-file', '/tmp/tmpb8rdmsys']
[2022-08-03 23:34:11,067] {standard_task_runner.py:80} INFO - Job 292: Subtask drop_table
[2022-08-03 23:34:11,345] {task_command.py:371} INFO - Running <TaskInstance: ltv-pipeline.drop_table manual__2022-08-03T23:33:54.638919+00:00 [running]> on host 3b0f05b8acbc
[2022-08-03 23:34:11,539] {taskinstance.py:1591} INFO - Exporting the following env vars:
AIRFLOW_CTX_DAG_OWNER=***
AIRFLOW_CTX_DAG_ID=ltv-pipeline
AIRFLOW_CTX_TASK_ID=drop_table
AIRFLOW_CTX_EXECUTION_DATE=2022-08-03T23:33:54.638919+00:00
AIRFLOW_CTX_TRY_NUMBER=1
AIRFLOW_CTX_DAG_RUN_ID=manual__2022-08-03T23:33:54.638919+00:00
[2022-08-03 23:34:11,578] {base.py:68} INFO - Using connection ID 'postgres' for task execution.
[2022-08-03 23:34:11,598] {dbapi.py:231} INFO - Running statement: DROP TABLE IF EXISTS vehicles, parameters: None
[2022-08-03 23:34:11,748] {taskinstance.py:1420} INFO - Marking task as SUCCESS. dag_id=ltv-pipeline, task_id=drop_table, execution_date=20220803T233354, start_date=20220803T233410, end_date=20220803T233411
[2022-08-03 23:34:11,829] {local_task_job.py:156} INFO - Task exited with return code 0
[2022-08-03 23:34:11,946] {local_task_job.py:273} INFO - 1 downstream tasks scheduled from follow-on schedule check
