[2022-08-03 15:57:39,056] {taskinstance.py:1179} INFO - Dependencies all met for <TaskInstance: ltv-pipeline.query-table manual__2022-08-03T15:56:28.052191+00:00 [queued]>
[2022-08-03 15:57:39,073] {taskinstance.py:1179} INFO - Dependencies all met for <TaskInstance: ltv-pipeline.query-table manual__2022-08-03T15:56:28.052191+00:00 [queued]>
[2022-08-03 15:57:39,076] {taskinstance.py:1376} INFO - 
--------------------------------------------------------------------------------
[2022-08-03 15:57:39,081] {taskinstance.py:1377} INFO - Starting attempt 1 of 1
[2022-08-03 15:57:39,085] {taskinstance.py:1378} INFO - 
--------------------------------------------------------------------------------
[2022-08-03 15:57:39,102] {taskinstance.py:1397} INFO - Executing <Task(PythonOperator): query-table> on 2022-08-03 15:56:28.052191+00:00
[2022-08-03 15:57:39,119] {standard_task_runner.py:52} INFO - Started process 74 to run task
[2022-08-03 15:57:39,123] {standard_task_runner.py:79} INFO - Running: ['***', 'tasks', 'run', 'ltv-pipeline', 'query-table', 'manual__2022-08-03T15:56:28.052191+00:00', '--job-id', '54', '--raw', '--subdir', 'DAGS_FOLDER/dag-test.py', '--cfg-path', '/tmp/tmp7jw3al45', '--error-file', '/tmp/tmpdfczr5o3']
[2022-08-03 15:57:39,134] {standard_task_runner.py:80} INFO - Job 54: Subtask query-table
[2022-08-03 15:57:39,258] {task_command.py:371} INFO - Running <TaskInstance: ltv-pipeline.query-table manual__2022-08-03T15:56:28.052191+00:00 [running]> on host 3b0f05b8acbc
[2022-08-03 15:57:39,379] {taskinstance.py:1591} INFO - Exporting the following env vars:
AIRFLOW_CTX_DAG_OWNER=***
AIRFLOW_CTX_DAG_ID=ltv-pipeline
AIRFLOW_CTX_TASK_ID=query-table
AIRFLOW_CTX_EXECUTION_DATE=2022-08-03T15:56:28.052191+00:00
AIRFLOW_CTX_TRY_NUMBER=1
AIRFLOW_CTX_DAG_RUN_ID=manual__2022-08-03T15:56:28.052191+00:00
[2022-08-03 15:57:39,395] {logging_mixin.py:115} INFO - Testing hook
[2022-08-03 15:57:39,421] {base.py:68} INFO - Using connection ID 'postgres' for task execution.
[2022-08-03 15:57:39,442] {logging_mixin.py:115} INFO - []
[2022-08-03 15:57:39,468] {base.py:68} INFO - Using connection ID 'postgres' for task execution.
[2022-08-03 15:57:39,516] {logging_mixin.py:115} INFO - [('pg_toast',), ('pg_catalog',), ('public',), ('information_schema',)]
[2022-08-03 15:57:39,522] {logging_mixin.py:115} INFO - PRINT PATH: ['dags', 'logs', 'webserver_config.py', 'plugins', '***-worker.pid', '***.cfg', 'files']
[2022-08-03 15:57:39,581] {logging_mixin.py:115} INFO - PRINT PATH: ['test.csv', 'vehicle_challenge.csv', 'vehicle_challenge.csv.gz']
[2022-08-03 15:57:39,652] {logging_mixin.py:115} INFO - /opt/***
[2022-08-03 15:57:39,662] {python.py:173} INFO - Done. Returned value was: None
[2022-08-03 15:57:39,712] {taskinstance.py:1420} INFO - Marking task as SUCCESS. dag_id=ltv-pipeline, task_id=query-table, execution_date=20220803T155628, start_date=20220803T155739, end_date=20220803T155739
[2022-08-03 15:57:39,774] {local_task_job.py:156} INFO - Task exited with return code 0
[2022-08-03 15:57:39,939] {local_task_job.py:273} INFO - 0 downstream tasks scheduled from follow-on schedule check
