[2022-08-03 22:34:59,225] {taskinstance.py:1179} INFO - Dependencies all met for <TaskInstance: ltv-pipeline.load-data manual__2022-08-03T22:34:28.482240+00:00 [queued]>
[2022-08-03 22:34:59,245] {taskinstance.py:1179} INFO - Dependencies all met for <TaskInstance: ltv-pipeline.load-data manual__2022-08-03T22:34:28.482240+00:00 [queued]>
[2022-08-03 22:34:59,249] {taskinstance.py:1376} INFO - 
--------------------------------------------------------------------------------
[2022-08-03 22:34:59,255] {taskinstance.py:1377} INFO - Starting attempt 1 of 1
[2022-08-03 22:34:59,259] {taskinstance.py:1378} INFO - 
--------------------------------------------------------------------------------
[2022-08-03 22:34:59,288] {taskinstance.py:1397} INFO - Executing <Task(PythonOperator): load-data> on 2022-08-03 22:34:28.482240+00:00
[2022-08-03 22:34:59,313] {standard_task_runner.py:52} INFO - Started process 5256 to run task
[2022-08-03 22:34:59,319] {standard_task_runner.py:79} INFO - Running: ['***', 'tasks', 'run', 'ltv-pipeline', 'load-data', 'manual__2022-08-03T22:34:28.482240+00:00', '--job-id', '238', '--raw', '--subdir', 'DAGS_FOLDER/dag-test.py', '--cfg-path', '/tmp/tmp0swdyf49', '--error-file', '/tmp/tmp7e59dgxo']
[2022-08-03 22:34:59,328] {standard_task_runner.py:80} INFO - Job 238: Subtask load-data
[2022-08-03 22:34:59,487] {task_command.py:371} INFO - Running <TaskInstance: ltv-pipeline.load-data manual__2022-08-03T22:34:28.482240+00:00 [running]> on host 3b0f05b8acbc
[2022-08-03 22:34:59,857] {taskinstance.py:1591} INFO - Exporting the following env vars:
AIRFLOW_CTX_DAG_OWNER=***
AIRFLOW_CTX_DAG_ID=ltv-pipeline
AIRFLOW_CTX_TASK_ID=load-data
AIRFLOW_CTX_EXECUTION_DATE=2022-08-03T22:34:28.482240+00:00
AIRFLOW_CTX_TRY_NUMBER=1
AIRFLOW_CTX_DAG_RUN_ID=manual__2022-08-03T22:34:28.482240+00:00
[2022-08-03 22:34:59,895] {postgres.py:127} INFO - Running copy expert: COPY vehicles FROM STDIN WITH DELIMITER ',' CSV HEADER , filename: files/vehicle_challenge.csv
[2022-08-03 22:34:59,991] {base.py:68} INFO - Using connection ID 'postgres' for task execution.
[2022-08-03 22:35:22,936] {python.py:173} INFO - Done. Returned value was: None
[2022-08-03 22:35:23,370] {taskinstance.py:1420} INFO - Marking task as SUCCESS. dag_id=ltv-pipeline, task_id=load-data, execution_date=20220803T223428, start_date=20220803T223459, end_date=20220803T223523
[2022-08-03 22:35:24,013] {local_task_job.py:156} INFO - Task exited with return code 0
[2022-08-03 22:35:24,571] {local_task_job.py:273} INFO - 0 downstream tasks scheduled from follow-on schedule check
