[2022-08-03 16:42:30,789] {taskinstance.py:1179} INFO - Dependencies all met for <TaskInstance: ltv-pipeline.drop_table manual__2022-08-03T16:42:25.812156+00:00 [queued]>
[2022-08-03 16:42:30,914] {taskinstance.py:1179} INFO - Dependencies all met for <TaskInstance: ltv-pipeline.drop_table manual__2022-08-03T16:42:25.812156+00:00 [queued]>
[2022-08-03 16:42:30,939] {taskinstance.py:1376} INFO - 
--------------------------------------------------------------------------------
[2022-08-03 16:42:30,954] {taskinstance.py:1377} INFO - Starting attempt 1 of 1
[2022-08-03 16:42:30,967] {taskinstance.py:1378} INFO - 
--------------------------------------------------------------------------------
[2022-08-03 16:42:31,116] {taskinstance.py:1397} INFO - Executing <Task(PostgresOperator): drop_table> on 2022-08-03 16:42:25.812156+00:00
[2022-08-03 16:42:31,249] {standard_task_runner.py:52} INFO - Started process 1880 to run task
[2022-08-03 16:42:31,728] {standard_task_runner.py:79} INFO - Running: ['***', 'tasks', 'run', 'ltv-pipeline', 'drop_table', 'manual__2022-08-03T16:42:25.812156+00:00', '--job-id', '76', '--raw', '--subdir', 'DAGS_FOLDER/dag-test.py', '--cfg-path', '/tmp/tmph4nm5aw0', '--error-file', '/tmp/tmp8pttau1_']
[2022-08-03 16:42:31,750] {standard_task_runner.py:80} INFO - Job 76: Subtask drop_table
[2022-08-03 16:42:32,321] {task_command.py:371} INFO - Running <TaskInstance: ltv-pipeline.drop_table manual__2022-08-03T16:42:25.812156+00:00 [running]> on host 3b0f05b8acbc
[2022-08-03 16:42:33,217] {taskinstance.py:1591} INFO - Exporting the following env vars:
AIRFLOW_CTX_DAG_OWNER=***
AIRFLOW_CTX_DAG_ID=ltv-pipeline
AIRFLOW_CTX_TASK_ID=drop_table
AIRFLOW_CTX_EXECUTION_DATE=2022-08-03T16:42:25.812156+00:00
AIRFLOW_CTX_TRY_NUMBER=1
AIRFLOW_CTX_DAG_RUN_ID=manual__2022-08-03T16:42:25.812156+00:00
[2022-08-03 16:42:33,441] {base.py:68} INFO - Using connection ID 'postgres' for task execution.
[2022-08-03 16:42:33,589] {dbapi.py:231} INFO - Running statement: DROP TABLE vehicles, parameters: None
[2022-08-03 16:42:33,927] {taskinstance.py:1420} INFO - Marking task as SUCCESS. dag_id=ltv-pipeline, task_id=drop_table, execution_date=20220803T164225, start_date=20220803T164230, end_date=20220803T164233
[2022-08-03 16:42:34,631] {local_task_job.py:156} INFO - Task exited with return code 0
[2022-08-03 16:42:35,380] {local_task_job.py:273} INFO - 0 downstream tasks scheduled from follow-on schedule check
