[2022-08-03 22:33:31,664] {taskinstance.py:1179} INFO - Dependencies all met for <TaskInstance: ltv-pipeline.load-data manual__2022-08-03T22:33:00.759301+00:00 [queued]>
[2022-08-03 22:33:31,822] {taskinstance.py:1179} INFO - Dependencies all met for <TaskInstance: ltv-pipeline.load-data manual__2022-08-03T22:33:00.759301+00:00 [queued]>
[2022-08-03 22:33:31,824] {taskinstance.py:1376} INFO - 
--------------------------------------------------------------------------------
[2022-08-03 22:33:31,842] {taskinstance.py:1377} INFO - Starting attempt 1 of 1
[2022-08-03 22:33:31,874] {taskinstance.py:1378} INFO - 
--------------------------------------------------------------------------------
[2022-08-03 22:33:31,999] {taskinstance.py:1397} INFO - Executing <Task(PythonOperator): load-data> on 2022-08-03 22:33:00.759301+00:00
[2022-08-03 22:33:32,078] {standard_task_runner.py:52} INFO - Started process 5178 to run task
[2022-08-03 22:33:32,101] {standard_task_runner.py:79} INFO - Running: ['***', 'tasks', 'run', 'ltv-pipeline', 'load-data', 'manual__2022-08-03T22:33:00.759301+00:00', '--job-id', '232', '--raw', '--subdir', 'DAGS_FOLDER/dag-test.py', '--cfg-path', '/tmp/tmp29co7cje', '--error-file', '/tmp/tmpu2_zdza9']
[2022-08-03 22:33:32,140] {standard_task_runner.py:80} INFO - Job 232: Subtask load-data
[2022-08-03 22:33:32,486] {task_command.py:371} INFO - Running <TaskInstance: ltv-pipeline.load-data manual__2022-08-03T22:33:00.759301+00:00 [running]> on host 3b0f05b8acbc
[2022-08-03 22:33:32,724] {taskinstance.py:1591} INFO - Exporting the following env vars:
AIRFLOW_CTX_DAG_OWNER=***
AIRFLOW_CTX_DAG_ID=ltv-pipeline
AIRFLOW_CTX_TASK_ID=load-data
AIRFLOW_CTX_EXECUTION_DATE=2022-08-03T22:33:00.759301+00:00
AIRFLOW_CTX_TRY_NUMBER=1
AIRFLOW_CTX_DAG_RUN_ID=manual__2022-08-03T22:33:00.759301+00:00
[2022-08-03 22:33:32,749] {postgres.py:127} INFO - Running copy expert: COPY vehicles FROM STDIN WITH DELIMITER ',' CSV HEADER , filename: files/vehicle_challenge.csv
[2022-08-03 22:33:32,785] {base.py:68} INFO - Using connection ID 'postgres' for task execution.
[2022-08-03 22:33:39,045] {python.py:173} INFO - Done. Returned value was: None
[2022-08-03 22:33:39,155] {taskinstance.py:1420} INFO - Marking task as SUCCESS. dag_id=ltv-pipeline, task_id=load-data, execution_date=20220803T223300, start_date=20220803T223331, end_date=20220803T223339
[2022-08-03 22:33:39,395] {local_task_job.py:156} INFO - Task exited with return code 0
[2022-08-03 22:33:39,551] {local_task_job.py:273} INFO - 1 downstream tasks scheduled from follow-on schedule check
