[2022-08-03 21:09:08,971] {taskinstance.py:1179} INFO - Dependencies all met for <TaskInstance: ltv-pipeline.drop_table manual__2022-08-03T21:08:53+00:00 [queued]>
[2022-08-03 21:09:09,003] {taskinstance.py:1179} INFO - Dependencies all met for <TaskInstance: ltv-pipeline.drop_table manual__2022-08-03T21:08:53+00:00 [queued]>
[2022-08-03 21:09:09,011] {taskinstance.py:1376} INFO - 
--------------------------------------------------------------------------------
[2022-08-03 21:09:09,019] {taskinstance.py:1377} INFO - Starting attempt 1 of 1
[2022-08-03 21:09:09,023] {taskinstance.py:1378} INFO - 
--------------------------------------------------------------------------------
[2022-08-03 21:09:09,055] {taskinstance.py:1397} INFO - Executing <Task(PostgresOperator): drop_table> on 2022-08-03 21:08:53+00:00
[2022-08-03 21:09:09,081] {standard_task_runner.py:52} INFO - Started process 1457 to run task
[2022-08-03 21:09:09,092] {standard_task_runner.py:79} INFO - Running: ['***', 'tasks', 'run', 'ltv-pipeline', 'drop_table', 'manual__2022-08-03T21:08:53+00:00', '--job-id', '120', '--raw', '--subdir', 'DAGS_FOLDER/dag-test.py', '--cfg-path', '/tmp/tmpl1k2uu42', '--error-file', '/tmp/tmpv1ioh2su']
[2022-08-03 21:09:09,101] {standard_task_runner.py:80} INFO - Job 120: Subtask drop_table
[2022-08-03 21:09:09,269] {task_command.py:371} INFO - Running <TaskInstance: ltv-pipeline.drop_table manual__2022-08-03T21:08:53+00:00 [running]> on host 3b0f05b8acbc
[2022-08-03 21:09:09,451] {taskinstance.py:1591} INFO - Exporting the following env vars:
AIRFLOW_CTX_DAG_OWNER=***
AIRFLOW_CTX_DAG_ID=ltv-pipeline
AIRFLOW_CTX_TASK_ID=drop_table
AIRFLOW_CTX_EXECUTION_DATE=2022-08-03T21:08:53+00:00
AIRFLOW_CTX_TRY_NUMBER=1
AIRFLOW_CTX_DAG_RUN_ID=manual__2022-08-03T21:08:53+00:00
[2022-08-03 21:09:09,508] {base.py:68} INFO - Using connection ID 'postgres' for task execution.
[2022-08-03 21:09:09,546] {dbapi.py:231} INFO - Running statement: DROP TABLE IF EXISTS vehicles, parameters: None
[2022-08-03 21:09:16,255] {taskinstance.py:1420} INFO - Marking task as SUCCESS. dag_id=ltv-pipeline, task_id=drop_table, execution_date=20220803T210853, start_date=20220803T210908, end_date=20220803T210916
[2022-08-03 21:09:16,469] {local_task_job.py:156} INFO - Task exited with return code 0
[2022-08-03 21:09:16,614] {local_task_job.py:273} INFO - 1 downstream tasks scheduled from follow-on schedule check
