[2022-08-03 15:37:36,874] {taskinstance.py:1179} INFO - Dependencies all met for <TaskInstance: ltv-pipeline.drop_table manual__2022-08-03T15:37:32.942407+00:00 [queued]>
[2022-08-03 15:37:36,923] {taskinstance.py:1179} INFO - Dependencies all met for <TaskInstance: ltv-pipeline.drop_table manual__2022-08-03T15:37:32.942407+00:00 [queued]>
[2022-08-03 15:37:36,934] {taskinstance.py:1376} INFO - 
--------------------------------------------------------------------------------
[2022-08-03 15:37:36,942] {taskinstance.py:1377} INFO - Starting attempt 1 of 1
[2022-08-03 15:37:36,945] {taskinstance.py:1378} INFO - 
--------------------------------------------------------------------------------
[2022-08-03 15:37:36,990] {taskinstance.py:1397} INFO - Executing <Task(PostgresOperator): drop_table> on 2022-08-03 15:37:32.942407+00:00
[2022-08-03 15:37:37,021] {standard_task_runner.py:52} INFO - Started process 876 to run task
[2022-08-03 15:37:37,030] {standard_task_runner.py:79} INFO - Running: ['***', 'tasks', 'run', 'ltv-pipeline', 'drop_table', 'manual__2022-08-03T15:37:32.942407+00:00', '--job-id', '39', '--raw', '--subdir', 'DAGS_FOLDER/dag-test.py', '--cfg-path', '/tmp/tmpsks9s_rb', '--error-file', '/tmp/tmpkesvjgkb']
[2022-08-03 15:37:37,043] {standard_task_runner.py:80} INFO - Job 39: Subtask drop_table
[2022-08-03 15:37:37,555] {task_command.py:371} INFO - Running <TaskInstance: ltv-pipeline.drop_table manual__2022-08-03T15:37:32.942407+00:00 [running]> on host 3b0f05b8acbc
[2022-08-03 15:37:37,915] {taskinstance.py:1591} INFO - Exporting the following env vars:
AIRFLOW_CTX_DAG_OWNER=***
AIRFLOW_CTX_DAG_ID=ltv-pipeline
AIRFLOW_CTX_TASK_ID=drop_table
AIRFLOW_CTX_EXECUTION_DATE=2022-08-03T15:37:32.942407+00:00
AIRFLOW_CTX_TRY_NUMBER=1
AIRFLOW_CTX_DAG_RUN_ID=manual__2022-08-03T15:37:32.942407+00:00
[2022-08-03 15:37:38,007] {base.py:68} INFO - Using connection ID 'postgres' for task execution.
[2022-08-03 15:37:38,059] {dbapi.py:231} INFO - Running statement: DROP TABLE vehicles, parameters: None
[2022-08-03 15:37:38,207] {taskinstance.py:1420} INFO - Marking task as SUCCESS. dag_id=ltv-pipeline, task_id=drop_table, execution_date=20220803T153732, start_date=20220803T153736, end_date=20220803T153738
[2022-08-03 15:37:38,295] {local_task_job.py:156} INFO - Task exited with return code 0
[2022-08-03 15:37:38,470] {local_task_job.py:273} INFO - 1 downstream tasks scheduled from follow-on schedule check
