[2022-08-03 16:11:01,938] {taskinstance.py:1179} INFO - Dependencies all met for <TaskInstance: ltv-pipeline.query-table manual__2022-08-03T16:10:47.070698+00:00 [queued]>
[2022-08-03 16:11:01,984] {taskinstance.py:1179} INFO - Dependencies all met for <TaskInstance: ltv-pipeline.query-table manual__2022-08-03T16:10:47.070698+00:00 [queued]>
[2022-08-03 16:11:01,996] {taskinstance.py:1376} INFO - 
--------------------------------------------------------------------------------
[2022-08-03 16:11:02,002] {taskinstance.py:1377} INFO - Starting attempt 1 of 1
[2022-08-03 16:11:02,009] {taskinstance.py:1378} INFO - 
--------------------------------------------------------------------------------
[2022-08-03 16:11:02,038] {taskinstance.py:1397} INFO - Executing <Task(PythonOperator): query-table> on 2022-08-03 16:10:47.070698+00:00
[2022-08-03 16:11:02,080] {standard_task_runner.py:52} INFO - Started process 637 to run task
[2022-08-03 16:11:02,102] {standard_task_runner.py:79} INFO - Running: ['***', 'tasks', 'run', 'ltv-pipeline', 'query-table', 'manual__2022-08-03T16:10:47.070698+00:00', '--job-id', '62', '--raw', '--subdir', 'DAGS_FOLDER/dag-test.py', '--cfg-path', '/tmp/tmpjwaz_3g8', '--error-file', '/tmp/tmp5556pj3t']
[2022-08-03 16:11:02,112] {standard_task_runner.py:80} INFO - Job 62: Subtask query-table
[2022-08-03 16:11:02,286] {task_command.py:371} INFO - Running <TaskInstance: ltv-pipeline.query-table manual__2022-08-03T16:10:47.070698+00:00 [running]> on host 3b0f05b8acbc
[2022-08-03 16:11:02,696] {taskinstance.py:1591} INFO - Exporting the following env vars:
AIRFLOW_CTX_DAG_OWNER=***
AIRFLOW_CTX_DAG_ID=ltv-pipeline
AIRFLOW_CTX_TASK_ID=query-table
AIRFLOW_CTX_EXECUTION_DATE=2022-08-03T16:10:47.070698+00:00
AIRFLOW_CTX_TRY_NUMBER=1
AIRFLOW_CTX_DAG_RUN_ID=manual__2022-08-03T16:10:47.070698+00:00
[2022-08-03 16:11:02,709] {logging_mixin.py:115} INFO - Testing hook
[2022-08-03 16:11:02,755] {base.py:68} INFO - Using connection ID 'postgres' for task execution.
[2022-08-03 16:11:02,776] {logging_mixin.py:115} INFO - []
[2022-08-03 16:11:02,799] {base.py:68} INFO - Using connection ID 'postgres' for task execution.
[2022-08-03 16:11:02,839] {logging_mixin.py:115} INFO - [('pg_toast',), ('pg_catalog',), ('public',), ('information_schema',)]
[2022-08-03 16:11:02,861] {logging_mixin.py:115} INFO - PRINT PATH: ['dags', 'logs', 'webserver_config.py', 'plugins', '***-worker.pid', '***.cfg', 'files']
[2022-08-03 16:11:02,875] {logging_mixin.py:115} INFO - PRINT PATH: ['test.csv', 'vehicle_challenge.csv', 'vehicle_challenge.csv.gz']
[2022-08-03 16:11:03,009] {logging_mixin.py:115} INFO - /opt/***
[2022-08-03 16:11:03,028] {python.py:173} INFO - Done. Returned value was: None
[2022-08-03 16:11:03,158] {taskinstance.py:1420} INFO - Marking task as SUCCESS. dag_id=ltv-pipeline, task_id=query-table, execution_date=20220803T161047, start_date=20220803T161101, end_date=20220803T161103
[2022-08-03 16:11:03,285] {local_task_job.py:156} INFO - Task exited with return code 0
[2022-08-03 16:11:03,441] {local_task_job.py:273} INFO - 1 downstream tasks scheduled from follow-on schedule check
