[2022-08-03 21:09:49,594] {taskinstance.py:1179} INFO - Dependencies all met for <TaskInstance: ltv-pipeline.query-table manual__2022-08-03T21:08:53+00:00 [queued]>
[2022-08-03 21:09:49,692] {taskinstance.py:1179} INFO - Dependencies all met for <TaskInstance: ltv-pipeline.query-table manual__2022-08-03T21:08:53+00:00 [queued]>
[2022-08-03 21:09:49,706] {taskinstance.py:1376} INFO - 
--------------------------------------------------------------------------------
[2022-08-03 21:09:49,713] {taskinstance.py:1377} INFO - Starting attempt 1 of 1
[2022-08-03 21:09:49,726] {taskinstance.py:1378} INFO - 
--------------------------------------------------------------------------------
[2022-08-03 21:09:49,804] {taskinstance.py:1397} INFO - Executing <Task(PythonOperator): query-table> on 2022-08-03 21:08:53+00:00
[2022-08-03 21:09:49,851] {standard_task_runner.py:52} INFO - Started process 1505 to run task
[2022-08-03 21:09:49,900] {standard_task_runner.py:79} INFO - Running: ['***', 'tasks', 'run', 'ltv-pipeline', 'query-table', 'manual__2022-08-03T21:08:53+00:00', '--job-id', '125', '--raw', '--subdir', 'DAGS_FOLDER/dag-test.py', '--cfg-path', '/tmp/tmp2e2f2u9a', '--error-file', '/tmp/tmpi_h407ar']
[2022-08-03 21:09:49,912] {standard_task_runner.py:80} INFO - Job 125: Subtask query-table
[2022-08-03 21:09:50,266] {task_command.py:371} INFO - Running <TaskInstance: ltv-pipeline.query-table manual__2022-08-03T21:08:53+00:00 [running]> on host 3b0f05b8acbc
[2022-08-03 21:09:50,599] {taskinstance.py:1591} INFO - Exporting the following env vars:
AIRFLOW_CTX_DAG_OWNER=***
AIRFLOW_CTX_DAG_ID=ltv-pipeline
AIRFLOW_CTX_TASK_ID=query-table
AIRFLOW_CTX_EXECUTION_DATE=2022-08-03T21:08:53+00:00
AIRFLOW_CTX_TRY_NUMBER=1
AIRFLOW_CTX_DAG_RUN_ID=manual__2022-08-03T21:08:53+00:00
[2022-08-03 21:09:50,607] {logging_mixin.py:115} INFO - Testing hook
[2022-08-03 21:09:50,667] {base.py:68} INFO - Using connection ID 'postgres' for task execution.
[2022-08-03 21:09:50,713] {logging_mixin.py:115} INFO - [('38b2f52e-8f5d', '1GCWGFCF3F1284719', '20998', '115879', 'W1T503168C', '2015', 'Chevrolet', 'Express Cargo', 'Work Van', 'Cargo Van', 'Truck', 'RWD', 'Automatic', 'E85 / Unleaded', '4.8', 'V', 'nissan ellicott city', '8569 Baltimore National Pike', 'Ellicott City', 'MD', '21043'), ('97ba4955-ccf0', 'WBY7Z8C59JVB87514', '27921', '7339', 'P33243', '2018', 'BMW', 'i3', 's', 'Hatchback', 'Car', 'RWD', 'Automatic', 'Electric / Premium Unleaded', '0.6', 'I', 'hendrick honda pompano beach', '5381 N Federal Highway', 'Pompano Beach', 'FL', '33064'), ('be1da9fd-0f34', 'ML32F4FJ2JHF10325', '11055', '39798', 'WM2091A', '2018', 'Mitsubishi', 'Mirage G4', 'SE', 'Sedan', 'Car', 'FWD', 'Automatic', 'Unleaded', '1.2', 'I', 'russ darrow toyota', '2700 West Washington St.', 'West Bend', 'WI', '53095'), ('84327e45-6cb6', '1GCPTEE15K1291189', '52997', '28568', '9U2Y425A', '2019', 'Chevrolet', 'Colorado', 'ZR2', 'Pickup', 'Truck', '4WD', 'Automatic', 'Diesel', '2.8', 'I', 'young kia', '308 North Main Street', 'Layton', 'UT', '84041'), ('cde691c3-91dd', '1G2AL18F087312093', None, '188485', 'T36625A', '2008', 'Pontiac', 'G5', 'Base', 'Coupe', 'Car', 'FWD', 'Automatic', 'Unleaded', '2.2', 'I', 'pappas toyota', '10011 Spencer Rd', 'Saint Peters', 'MO', '63376'), ('e6b0a17c-6321', 'WBY1Z4C54FV500763', None, '54276', 'T15046A', '2015', 'BMW', 'i3', 'Giga World', 'Hatchback', 'Car', 'RWD', 'Automatic', 'Electric / Premium Unleaded', '0.6', 'I', 'crossroads ford of kernersville', '1330 Highway 66 South', 'Kernersville', 'NC', '27284'), ('43847b9a-6fed', '1B7HC16Y8YS543285', '3995', '137537', 'BP8246A', '2000', 'Dodge', 'Ram Pickup', 'ST', 'Pickup', 'Truck', 'RWD', 'Manual', 'Unleaded', '5.2', 'V', 'baumann auto group', '2379 W. State St.', 'Fremont', 'OH', '43420'), ('8d10256f-3be9', '3GNBABDBXAS598032', '6500', '74274', '2104839A', '2010', 'Chevrolet', 'HHR', 'LT', 'Mini Mpv', 'Car', 'FWD', 'Automatic', 'E85 / Unleaded', '2.2', 'I', 'volkswagen of grand blanc', '6201 S Saginaw Rd', 'Grand Blanc', 'MI', '48439'), ('d8d6dfed-e273', '5YMCY0C08L9D04057', '105974', '9589', 'CMR269761A', '2020', 'BMW', 'X6 M', 'Base', 'SUV', 'Truck', '4WD', 'Automatic', 'Premium Unleaded', '4.4', 'V', 'braman miami', '2060 Biscayne Boulevard', 'Miami', 'FL', '33137'), ('3c539e0f-3eb8', '1GCGSCE15G1195013', '23024', '131286', 'PH195013', '2016', 'Chevrolet', 'Colorado', 'LT', 'Pickup', 'Truck', 'RWD', 'Automatic', 'Diesel', '2.8', 'I', 'jefferson city autoplex', '3215 Missouri Blvd', 'Jefferson City', 'MO', '65109')]
[2022-08-03 21:09:50,765] {base.py:68} INFO - Using connection ID 'postgres' for task execution.
[2022-08-03 21:09:51,853] {logging_mixin.py:115} INFO - TOTAL RECORDS: 499999
[2022-08-03 21:09:51,914] {base.py:68} INFO - Using connection ID 'postgres' for task execution.
[2022-08-03 21:09:55,924] {logging_mixin.py:115} INFO - TOTAL unique VINS: 171520
[2022-08-03 21:09:56,083] {base.py:68} INFO - Using connection ID 'postgres' for task execution.
[2022-08-03 21:09:56,608] {logging_mixin.py:115} INFO - TOTAL unique VINS: 448444
[2022-08-03 21:09:56,669] {base.py:68} INFO - Using connection ID 'postgres' for task execution.
[2022-08-03 21:09:56,821] {taskinstance.py:1909} ERROR - Task failed with exception
Traceback (most recent call last):
  File "/home/airflow/.local/lib/python3.7/site-packages/airflow/operators/python.py", line 171, in execute
    return_value = self.execute_callable()
  File "/home/airflow/.local/lib/python3.7/site-packages/airflow/operators/python.py", line 189, in execute_callable
    return self.python_callable(*self.op_args, **self.op_kwargs)
  File "/opt/airflow/dags/dag-test.py", line 89, in query_table
    FROM vehicles;""")
  File "/home/airflow/.local/lib/python3.7/site-packages/airflow/hooks/dbapi.py", line 162, in get_records
    cur.execute(sql)
psycopg2.errors.InvalidTextRepresentation: invalid input syntax for type double precision: ""

[2022-08-03 21:09:57,086] {taskinstance.py:1420} INFO - Marking task as FAILED. dag_id=ltv-pipeline, task_id=query-table, execution_date=20220803T210853, start_date=20220803T210949, end_date=20220803T210957
[2022-08-03 21:09:57,293] {standard_task_runner.py:97} ERROR - Failed to execute job 125 for task query-table (invalid input syntax for type double precision: ""
; 1505)
[2022-08-03 21:09:57,573] {local_task_job.py:156} INFO - Task exited with return code 1
[2022-08-03 21:09:57,754] {local_task_job.py:273} INFO - 0 downstream tasks scheduled from follow-on schedule check
