[2022-08-11 19:45:17,176] {taskinstance.py:1179} INFO - Dependencies all met for <TaskInstance: ltv-pipeline.remove-duplicates manual__2022-08-11T19:44:47.198772+00:00 [queued]>
[2022-08-11 19:45:17,185] {taskinstance.py:1179} INFO - Dependencies all met for <TaskInstance: ltv-pipeline.remove-duplicates manual__2022-08-11T19:44:47.198772+00:00 [queued]>
[2022-08-11 19:45:17,186] {taskinstance.py:1376} INFO - 
--------------------------------------------------------------------------------
[2022-08-11 19:45:17,187] {taskinstance.py:1377} INFO - Starting attempt 1 of 1
[2022-08-11 19:45:17,188] {taskinstance.py:1378} INFO - 
--------------------------------------------------------------------------------
[2022-08-11 19:45:17,197] {taskinstance.py:1397} INFO - Executing <Task(PythonOperator): remove-duplicates> on 2022-08-11 19:44:47.198772+00:00
[2022-08-11 19:45:17,203] {standard_task_runner.py:52} INFO - Started process 122 to run task
[2022-08-11 19:45:17,206] {standard_task_runner.py:79} INFO - Running: ['***', 'tasks', 'run', 'ltv-pipeline', 'remove-duplicates', 'manual__2022-08-11T19:44:47.198772+00:00', '--job-id', '314', '--raw', '--subdir', 'DAGS_FOLDER/dag-test.py', '--cfg-path', '/tmp/tmprl4xb9vq', '--error-file', '/tmp/tmpaqxfmpbj']
[2022-08-11 19:45:17,207] {standard_task_runner.py:80} INFO - Job 314: Subtask remove-duplicates
[2022-08-11 19:45:17,256] {task_command.py:371} INFO - Running <TaskInstance: ltv-pipeline.remove-duplicates manual__2022-08-11T19:44:47.198772+00:00 [running]> on host f961364be009
[2022-08-11 19:45:17,309] {taskinstance.py:1591} INFO - Exporting the following env vars:
AIRFLOW_CTX_DAG_OWNER=***
AIRFLOW_CTX_DAG_ID=ltv-pipeline
AIRFLOW_CTX_TASK_ID=remove-duplicates
AIRFLOW_CTX_EXECUTION_DATE=2022-08-11T19:44:47.198772+00:00
AIRFLOW_CTX_TRY_NUMBER=1
AIRFLOW_CTX_DAG_RUN_ID=manual__2022-08-11T19:44:47.198772+00:00
[2022-08-11 19:45:17,318] {base.py:68} INFO - Using connection ID 'postgres' for task execution.
[2022-08-11 19:45:17,322] {dbapi.py:231} INFO - Running statement: 
            with no_dups as (
            select * 
            ,row_number() over(PARTITION by vin order by miles desc, miles desc) as row_number
            ,rank() over(PARTITION by vin order by miles desc) as rank
            from vehicles
            )
            select * from no_dups where row_number =1
    , parameters: None
[2022-08-11 19:45:18,949] {dbapi.py:239} INFO - Rows affected: 171519
[2022-08-11 19:45:18,971] {python.py:173} INFO - Done. Returned value was: None
[2022-08-11 19:45:18,995] {taskinstance.py:1420} INFO - Marking task as SUCCESS. dag_id=ltv-pipeline, task_id=remove-duplicates, execution_date=20220811T194447, start_date=20220811T194517, end_date=20220811T194518
[2022-08-11 19:45:19,042] {local_task_job.py:156} INFO - Task exited with return code 0
[2022-08-11 19:45:19,080] {local_task_job.py:273} INFO - 1 downstream tasks scheduled from follow-on schedule check
