[2022-08-03 20:54:37,860] {taskinstance.py:1179} INFO - Dependencies all met for <TaskInstance: ltv-pipeline.pre-process manual__2022-08-03T20:54:12.455928+00:00 [queued]>
[2022-08-03 20:54:37,883] {taskinstance.py:1179} INFO - Dependencies all met for <TaskInstance: ltv-pipeline.pre-process manual__2022-08-03T20:54:12.455928+00:00 [queued]>
[2022-08-03 20:54:37,887] {taskinstance.py:1376} INFO - 
--------------------------------------------------------------------------------
[2022-08-03 20:54:37,892] {taskinstance.py:1377} INFO - Starting attempt 1 of 1
[2022-08-03 20:54:37,899] {taskinstance.py:1378} INFO - 
--------------------------------------------------------------------------------
[2022-08-03 20:54:37,936] {taskinstance.py:1397} INFO - Executing <Task(PythonOperator): pre-process> on 2022-08-03 20:54:12.455928+00:00
[2022-08-03 20:54:37,963] {standard_task_runner.py:52} INFO - Started process 942 to run task
[2022-08-03 20:54:37,977] {standard_task_runner.py:79} INFO - Running: ['***', 'tasks', 'run', 'ltv-pipeline', 'pre-process', 'manual__2022-08-03T20:54:12.455928+00:00', '--job-id', '116', '--raw', '--subdir', 'DAGS_FOLDER/dag-test.py', '--cfg-path', '/tmp/tmphsgez50m', '--error-file', '/tmp/tmplls8if9j']
[2022-08-03 20:54:37,987] {standard_task_runner.py:80} INFO - Job 116: Subtask pre-process
[2022-08-03 20:54:38,487] {task_command.py:371} INFO - Running <TaskInstance: ltv-pipeline.pre-process manual__2022-08-03T20:54:12.455928+00:00 [running]> on host 3b0f05b8acbc
[2022-08-03 20:54:39,359] {taskinstance.py:1591} INFO - Exporting the following env vars:
AIRFLOW_CTX_DAG_OWNER=***
AIRFLOW_CTX_DAG_ID=ltv-pipeline
AIRFLOW_CTX_TASK_ID=pre-process
AIRFLOW_CTX_EXECUTION_DATE=2022-08-03T20:54:12.455928+00:00
AIRFLOW_CTX_TRY_NUMBER=1
AIRFLOW_CTX_DAG_RUN_ID=manual__2022-08-03T20:54:12.455928+00:00
[2022-08-03 20:54:39,405] {logging_mixin.py:115} INFO - To avoid adding sh files to the container I added some subprocess to mimic a shell script
[2022-08-03 20:54:52,723] {logging_mixin.py:115} INFO - Line Count:  500000 files/vehicle_challenge.csv
[2022-08-03 20:54:52,799] {logging_mixin.py:115} INFO - Columns Count:  21
[2022-08-03 20:54:52,868] {logging_mixin.py:115} INFO - Headers:  id,vin,price,miles,stock_no,year,make,model,trim,body_type,vehicle_type,drivetrain,transmission,fuel_type,engine_size,engine_block,seller_name,street,city,state,zip
[2022-08-03 20:54:52,874] {logging_mixin.py:115} INFO - This is a python solution
[2022-08-03 20:54:57,364] {warnings.py:110} WARNING - /home/***/.local/lib/python3.7/site-packages/***/operators/python.py:189: DtypeWarning: Columns (2,3,5,14,20) have mixed types.Specify dtype option on import or set low_memory=False.
  return self.python_callable(*self.op_args, **self.op_kwargs)

[2022-08-03 20:54:57,926] {logging_mixin.py:115} INFO - The file contains: Lines 500000 from it contains 499999 rows and  21 columns
[2022-08-03 20:54:57,940] {logging_mixin.py:115} INFO - The file headers: id, vin, price, miles, stock_no, year, make, model, trim, body_type, vehicle_type, drivetrain, transmission, fuel_type, engine_size, engine_block, seller_name, street, city, state, zip
[2022-08-03 20:54:58,126] {python.py:173} INFO - Done. Returned value was: None
[2022-08-03 20:54:58,386] {taskinstance.py:1420} INFO - Marking task as SUCCESS. dag_id=ltv-pipeline, task_id=pre-process, execution_date=20220803T205412, start_date=20220803T205437, end_date=20220803T205458
[2022-08-03 20:54:58,622] {local_task_job.py:156} INFO - Task exited with return code 0
[2022-08-03 20:54:58,853] {local_task_job.py:273} INFO - 1 downstream tasks scheduled from follow-on schedule check
