[2022-08-03 00:41:17,594] {taskinstance.py:1179} INFO - Dependencies all met for <TaskInstance: ltv-pipeline.query-table manual__2022-08-03T00:41:07.345920+00:00 [queued]>
[2022-08-03 00:41:17,623] {taskinstance.py:1179} INFO - Dependencies all met for <TaskInstance: ltv-pipeline.query-table manual__2022-08-03T00:41:07.345920+00:00 [queued]>
[2022-08-03 00:41:17,629] {taskinstance.py:1376} INFO - 
--------------------------------------------------------------------------------
[2022-08-03 00:41:17,636] {taskinstance.py:1377} INFO - Starting attempt 1 of 1
[2022-08-03 00:41:17,646] {taskinstance.py:1378} INFO - 
--------------------------------------------------------------------------------
[2022-08-03 00:41:17,751] {taskinstance.py:1397} INFO - Executing <Task(PythonOperator): query-table> on 2022-08-03 00:41:07.345920+00:00
[2022-08-03 00:41:17,766] {standard_task_runner.py:52} INFO - Started process 155 to run task
[2022-08-03 00:41:17,773] {standard_task_runner.py:79} INFO - Running: ['***', 'tasks', 'run', 'ltv-pipeline', 'query-table', 'manual__2022-08-03T00:41:07.345920+00:00', '--job-id', '12', '--raw', '--subdir', 'DAGS_FOLDER/dag-test.py', '--cfg-path', '/tmp/tmpv52tsc0w', '--error-file', '/tmp/tmpylrep3fr']
[2022-08-03 00:41:17,780] {standard_task_runner.py:80} INFO - Job 12: Subtask query-table
[2022-08-03 00:41:17,934] {task_command.py:371} INFO - Running <TaskInstance: ltv-pipeline.query-table manual__2022-08-03T00:41:07.345920+00:00 [running]> on host dc3eb4614e33
[2022-08-03 00:41:18,124] {taskinstance.py:1591} INFO - Exporting the following env vars:
AIRFLOW_CTX_DAG_OWNER=***
AIRFLOW_CTX_DAG_ID=ltv-pipeline
AIRFLOW_CTX_TASK_ID=query-table
AIRFLOW_CTX_EXECUTION_DATE=2022-08-03T00:41:07.345920+00:00
AIRFLOW_CTX_TRY_NUMBER=1
AIRFLOW_CTX_DAG_RUN_ID=manual__2022-08-03T00:41:07.345920+00:00
[2022-08-03 00:41:18,133] {logging_mixin.py:115} INFO - Testing hook
[2022-08-03 00:41:18,163] {base.py:68} INFO - Using connection ID 'postgres' for task execution.
[2022-08-03 00:41:18,193] {logging_mixin.py:115} INFO - []
[2022-08-03 00:41:18,219] {base.py:68} INFO - Using connection ID 'postgres' for task execution.
[2022-08-03 00:41:18,242] {logging_mixin.py:115} INFO - [('pg_toast',), ('pg_catalog',), ('public',), ('information_schema',)]
[2022-08-03 00:41:18,265] {logging_mixin.py:115} INFO - PRINT PATH: ['dags', 'logs', 'webserver_config.py', 'plugins', '***-worker.pid', '***.cfg']
[2022-08-03 00:41:18,291] {python.py:173} INFO - Done. Returned value was: None
[2022-08-03 00:41:18,379] {taskinstance.py:1420} INFO - Marking task as SUCCESS. dag_id=ltv-pipeline, task_id=query-table, execution_date=20220803T004107, start_date=20220803T004117, end_date=20220803T004118
[2022-08-03 00:41:18,480] {local_task_job.py:156} INFO - Task exited with return code 0
[2022-08-03 00:41:18,844] {local_task_job.py:273} INFO - 0 downstream tasks scheduled from follow-on schedule check
