[2022-08-02 23:22:09,007] {processor.py:153} INFO - Started process (PID=83) to work on /home/airflow/.local/lib/python3.7/site-packages/airflow/example_dags/example_xcom.py
[2022-08-02 23:22:09,027] {processor.py:641} INFO - Processing file /home/airflow/.local/lib/python3.7/site-packages/airflow/example_dags/example_xcom.py for tasks to queue
[2022-08-02 23:22:09,048] {logging_mixin.py:115} INFO - [2022-08-02 23:22:09,048] {dagbag.py:508} INFO - Filling up the DagBag from /home/airflow/.local/lib/python3.7/site-packages/airflow/example_dags/example_xcom.py
[2022-08-02 23:22:09,147] {processor.py:651} INFO - DAG(s) dict_keys(['example_xcom']) retrieved from /home/airflow/.local/lib/python3.7/site-packages/airflow/example_dags/example_xcom.py
[2022-08-02 23:22:09,625] {logging_mixin.py:115} INFO - [2022-08-02 23:22:09,625] {manager.py:508} INFO - Created Permission View: can read on DAG:example_xcom
[2022-08-02 23:22:09,651] {logging_mixin.py:115} INFO - [2022-08-02 23:22:09,651] {manager.py:508} INFO - Created Permission View: can edit on DAG:example_xcom
[2022-08-02 23:22:09,685] {logging_mixin.py:115} INFO - [2022-08-02 23:22:09,684] {manager.py:508} INFO - Created Permission View: can delete on DAG:example_xcom
[2022-08-02 23:22:09,691] {logging_mixin.py:115} INFO - [2022-08-02 23:22:09,691] {dag.py:2420} INFO - Sync 1 DAGs
[2022-08-02 23:22:09,755] {logging_mixin.py:115} INFO - [2022-08-02 23:22:09,755] {dag.py:2439} INFO - Creating ORM DAG for example_xcom
[2022-08-02 23:22:09,799] {logging_mixin.py:115} INFO - [2022-08-02 23:22:09,798] {dag.py:2972} INFO - Setting next_dagrun for example_xcom to 2021-01-01T00:00:00+00:00, run_after=2021-01-01T00:00:00+00:00
[2022-08-02 23:22:09,946] {processor.py:161} INFO - Processing /home/airflow/.local/lib/python3.7/site-packages/airflow/example_dags/example_xcom.py took 0.950 seconds
[2022-08-02 23:22:41,069] {processor.py:153} INFO - Started process (PID=134) to work on /home/airflow/.local/lib/python3.7/site-packages/airflow/example_dags/example_xcom.py
[2022-08-02 23:22:41,113] {processor.py:641} INFO - Processing file /home/airflow/.local/lib/python3.7/site-packages/airflow/example_dags/example_xcom.py for tasks to queue
[2022-08-02 23:22:41,143] {logging_mixin.py:115} INFO - [2022-08-02 23:22:41,143] {dagbag.py:508} INFO - Filling up the DagBag from /home/airflow/.local/lib/python3.7/site-packages/airflow/example_dags/example_xcom.py
[2022-08-02 23:22:41,293] {processor.py:651} INFO - DAG(s) dict_keys(['example_xcom']) retrieved from /home/airflow/.local/lib/python3.7/site-packages/airflow/example_dags/example_xcom.py
[2022-08-02 23:22:42,299] {logging_mixin.py:115} INFO - [2022-08-02 23:22:42,299] {dag.py:2420} INFO - Sync 1 DAGs
[2022-08-02 23:22:42,391] {logging_mixin.py:115} INFO - [2022-08-02 23:22:42,386] {dag.py:2972} INFO - Setting next_dagrun for example_xcom to 2021-01-01T00:00:00+00:00, run_after=2021-01-01T00:00:00+00:00
[2022-08-02 23:22:42,474] {processor.py:161} INFO - Processing /home/airflow/.local/lib/python3.7/site-packages/airflow/example_dags/example_xcom.py took 1.443 seconds
[2022-08-02 23:23:12,658] {processor.py:153} INFO - Started process (PID=187) to work on /home/airflow/.local/lib/python3.7/site-packages/airflow/example_dags/example_xcom.py
[2022-08-02 23:23:12,663] {processor.py:641} INFO - Processing file /home/airflow/.local/lib/python3.7/site-packages/airflow/example_dags/example_xcom.py for tasks to queue
[2022-08-02 23:23:12,666] {logging_mixin.py:115} INFO - [2022-08-02 23:23:12,666] {dagbag.py:508} INFO - Filling up the DagBag from /home/airflow/.local/lib/python3.7/site-packages/airflow/example_dags/example_xcom.py
[2022-08-02 23:23:12,705] {processor.py:651} INFO - DAG(s) dict_keys(['example_xcom']) retrieved from /home/airflow/.local/lib/python3.7/site-packages/airflow/example_dags/example_xcom.py
[2022-08-02 23:23:12,806] {logging_mixin.py:115} INFO - [2022-08-02 23:23:12,805] {dag.py:2420} INFO - Sync 1 DAGs
[2022-08-02 23:23:12,839] {logging_mixin.py:115} INFO - [2022-08-02 23:23:12,839] {dag.py:2972} INFO - Setting next_dagrun for example_xcom to 2021-01-01T00:00:00+00:00, run_after=2021-01-01T00:00:00+00:00
[2022-08-02 23:23:12,859] {processor.py:161} INFO - Processing /home/airflow/.local/lib/python3.7/site-packages/airflow/example_dags/example_xcom.py took 0.207 seconds
[2022-08-02 23:23:43,295] {processor.py:153} INFO - Started process (PID=239) to work on /home/airflow/.local/lib/python3.7/site-packages/airflow/example_dags/example_xcom.py
[2022-08-02 23:23:43,300] {processor.py:641} INFO - Processing file /home/airflow/.local/lib/python3.7/site-packages/airflow/example_dags/example_xcom.py for tasks to queue
[2022-08-02 23:23:43,304] {logging_mixin.py:115} INFO - [2022-08-02 23:23:43,303] {dagbag.py:508} INFO - Filling up the DagBag from /home/airflow/.local/lib/python3.7/site-packages/airflow/example_dags/example_xcom.py
[2022-08-02 23:23:43,325] {processor.py:651} INFO - DAG(s) dict_keys(['example_xcom']) retrieved from /home/airflow/.local/lib/python3.7/site-packages/airflow/example_dags/example_xcom.py
[2022-08-02 23:23:43,425] {logging_mixin.py:115} INFO - [2022-08-02 23:23:43,425] {dag.py:2420} INFO - Sync 1 DAGs
[2022-08-02 23:23:43,448] {logging_mixin.py:115} INFO - [2022-08-02 23:23:43,448] {dag.py:2972} INFO - Setting next_dagrun for example_xcom to 2021-01-01T00:00:00+00:00, run_after=2021-01-01T00:00:00+00:00
[2022-08-02 23:23:43,476] {processor.py:161} INFO - Processing /home/airflow/.local/lib/python3.7/site-packages/airflow/example_dags/example_xcom.py took 0.187 seconds
[2022-08-02 23:24:14,036] {processor.py:153} INFO - Started process (PID=301) to work on /home/airflow/.local/lib/python3.7/site-packages/airflow/example_dags/example_xcom.py
[2022-08-02 23:24:14,039] {processor.py:641} INFO - Processing file /home/airflow/.local/lib/python3.7/site-packages/airflow/example_dags/example_xcom.py for tasks to queue
[2022-08-02 23:24:14,042] {logging_mixin.py:115} INFO - [2022-08-02 23:24:14,042] {dagbag.py:508} INFO - Filling up the DagBag from /home/airflow/.local/lib/python3.7/site-packages/airflow/example_dags/example_xcom.py
[2022-08-02 23:24:14,066] {processor.py:651} INFO - DAG(s) dict_keys(['example_xcom']) retrieved from /home/airflow/.local/lib/python3.7/site-packages/airflow/example_dags/example_xcom.py
[2022-08-02 23:24:14,175] {logging_mixin.py:115} INFO - [2022-08-02 23:24:14,175] {dag.py:2420} INFO - Sync 1 DAGs
[2022-08-02 23:24:14,208] {logging_mixin.py:115} INFO - [2022-08-02 23:24:14,207] {dag.py:2972} INFO - Setting next_dagrun for example_xcom to 2021-01-01T00:00:00+00:00, run_after=2021-01-01T00:00:00+00:00
[2022-08-02 23:24:14,227] {processor.py:161} INFO - Processing /home/airflow/.local/lib/python3.7/site-packages/airflow/example_dags/example_xcom.py took 0.198 seconds
[2022-08-02 23:24:44,918] {processor.py:153} INFO - Started process (PID=352) to work on /home/airflow/.local/lib/python3.7/site-packages/airflow/example_dags/example_xcom.py
[2022-08-02 23:24:44,959] {processor.py:641} INFO - Processing file /home/airflow/.local/lib/python3.7/site-packages/airflow/example_dags/example_xcom.py for tasks to queue
[2022-08-02 23:24:44,991] {logging_mixin.py:115} INFO - [2022-08-02 23:24:44,984] {dagbag.py:508} INFO - Filling up the DagBag from /home/airflow/.local/lib/python3.7/site-packages/airflow/example_dags/example_xcom.py
[2022-08-02 23:24:45,401] {processor.py:651} INFO - DAG(s) dict_keys(['example_xcom']) retrieved from /home/airflow/.local/lib/python3.7/site-packages/airflow/example_dags/example_xcom.py
[2022-08-02 23:24:45,990] {logging_mixin.py:115} INFO - [2022-08-02 23:24:45,990] {dag.py:2420} INFO - Sync 1 DAGs
[2022-08-02 23:24:46,499] {logging_mixin.py:115} INFO - [2022-08-02 23:24:46,499] {dag.py:2972} INFO - Setting next_dagrun for example_xcom to 2021-01-01T00:00:00+00:00, run_after=2021-01-01T00:00:00+00:00
[2022-08-02 23:24:46,662] {processor.py:161} INFO - Processing /home/airflow/.local/lib/python3.7/site-packages/airflow/example_dags/example_xcom.py took 1.967 seconds
[2022-08-02 23:25:16,811] {processor.py:153} INFO - Started process (PID=394) to work on /home/airflow/.local/lib/python3.7/site-packages/airflow/example_dags/example_xcom.py
[2022-08-02 23:25:16,824] {processor.py:641} INFO - Processing file /home/airflow/.local/lib/python3.7/site-packages/airflow/example_dags/example_xcom.py for tasks to queue
[2022-08-02 23:25:16,828] {logging_mixin.py:115} INFO - [2022-08-02 23:25:16,827] {dagbag.py:508} INFO - Filling up the DagBag from /home/airflow/.local/lib/python3.7/site-packages/airflow/example_dags/example_xcom.py
[2022-08-02 23:25:16,871] {processor.py:651} INFO - DAG(s) dict_keys(['example_xcom']) retrieved from /home/airflow/.local/lib/python3.7/site-packages/airflow/example_dags/example_xcom.py
[2022-08-02 23:25:17,009] {logging_mixin.py:115} INFO - [2022-08-02 23:25:17,009] {dag.py:2420} INFO - Sync 1 DAGs
[2022-08-02 23:25:17,031] {logging_mixin.py:115} INFO - [2022-08-02 23:25:17,031] {dag.py:2972} INFO - Setting next_dagrun for example_xcom to 2021-01-01T00:00:00+00:00, run_after=2021-01-01T00:00:00+00:00
[2022-08-02 23:25:17,048] {processor.py:161} INFO - Processing /home/airflow/.local/lib/python3.7/site-packages/airflow/example_dags/example_xcom.py took 0.250 seconds
[2022-08-02 23:25:47,783] {processor.py:153} INFO - Started process (PID=455) to work on /home/airflow/.local/lib/python3.7/site-packages/airflow/example_dags/example_xcom.py
[2022-08-02 23:25:47,797] {processor.py:641} INFO - Processing file /home/airflow/.local/lib/python3.7/site-packages/airflow/example_dags/example_xcom.py for tasks to queue
[2022-08-02 23:25:47,805] {logging_mixin.py:115} INFO - [2022-08-02 23:25:47,805] {dagbag.py:508} INFO - Filling up the DagBag from /home/airflow/.local/lib/python3.7/site-packages/airflow/example_dags/example_xcom.py
[2022-08-02 23:25:47,837] {processor.py:651} INFO - DAG(s) dict_keys(['example_xcom']) retrieved from /home/airflow/.local/lib/python3.7/site-packages/airflow/example_dags/example_xcom.py
[2022-08-02 23:25:48,534] {logging_mixin.py:115} INFO - [2022-08-02 23:25:48,534] {dag.py:2420} INFO - Sync 1 DAGs
[2022-08-02 23:25:48,606] {logging_mixin.py:115} INFO - [2022-08-02 23:25:48,605] {dag.py:2972} INFO - Setting next_dagrun for example_xcom to 2021-01-01T00:00:00+00:00, run_after=2021-01-01T00:00:00+00:00
[2022-08-02 23:25:48,634] {processor.py:161} INFO - Processing /home/airflow/.local/lib/python3.7/site-packages/airflow/example_dags/example_xcom.py took 0.856 seconds
[2022-08-02 23:26:18,704] {processor.py:153} INFO - Started process (PID=507) to work on /home/airflow/.local/lib/python3.7/site-packages/airflow/example_dags/example_xcom.py
[2022-08-02 23:26:18,712] {processor.py:641} INFO - Processing file /home/airflow/.local/lib/python3.7/site-packages/airflow/example_dags/example_xcom.py for tasks to queue
[2022-08-02 23:26:18,716] {logging_mixin.py:115} INFO - [2022-08-02 23:26:18,716] {dagbag.py:508} INFO - Filling up the DagBag from /home/airflow/.local/lib/python3.7/site-packages/airflow/example_dags/example_xcom.py
[2022-08-02 23:26:18,743] {processor.py:651} INFO - DAG(s) dict_keys(['example_xcom']) retrieved from /home/airflow/.local/lib/python3.7/site-packages/airflow/example_dags/example_xcom.py
[2022-08-02 23:26:18,829] {logging_mixin.py:115} INFO - [2022-08-02 23:26:18,829] {dag.py:2420} INFO - Sync 1 DAGs
[2022-08-02 23:26:18,859] {logging_mixin.py:115} INFO - [2022-08-02 23:26:18,859] {dag.py:2972} INFO - Setting next_dagrun for example_xcom to 2021-01-01T00:00:00+00:00, run_after=2021-01-01T00:00:00+00:00
[2022-08-02 23:26:18,882] {processor.py:161} INFO - Processing /home/airflow/.local/lib/python3.7/site-packages/airflow/example_dags/example_xcom.py took 0.186 seconds
[2022-08-02 23:26:49,900] {processor.py:153} INFO - Started process (PID=568) to work on /home/airflow/.local/lib/python3.7/site-packages/airflow/example_dags/example_xcom.py
[2022-08-02 23:26:49,909] {processor.py:641} INFO - Processing file /home/airflow/.local/lib/python3.7/site-packages/airflow/example_dags/example_xcom.py for tasks to queue
[2022-08-02 23:26:49,933] {logging_mixin.py:115} INFO - [2022-08-02 23:26:49,933] {dagbag.py:508} INFO - Filling up the DagBag from /home/airflow/.local/lib/python3.7/site-packages/airflow/example_dags/example_xcom.py
[2022-08-02 23:26:50,048] {processor.py:651} INFO - DAG(s) dict_keys(['example_xcom']) retrieved from /home/airflow/.local/lib/python3.7/site-packages/airflow/example_dags/example_xcom.py
[2022-08-02 23:26:50,400] {logging_mixin.py:115} INFO - [2022-08-02 23:26:50,399] {dag.py:2420} INFO - Sync 1 DAGs
[2022-08-02 23:26:50,503] {logging_mixin.py:115} INFO - [2022-08-02 23:26:50,502] {dag.py:2972} INFO - Setting next_dagrun for example_xcom to 2021-01-01T00:00:00+00:00, run_after=2021-01-01T00:00:00+00:00
[2022-08-02 23:26:50,578] {processor.py:161} INFO - Processing /home/airflow/.local/lib/python3.7/site-packages/airflow/example_dags/example_xcom.py took 0.751 seconds
[2022-08-02 23:27:20,842] {processor.py:153} INFO - Started process (PID=610) to work on /home/airflow/.local/lib/python3.7/site-packages/airflow/example_dags/example_xcom.py
[2022-08-02 23:27:20,845] {processor.py:641} INFO - Processing file /home/airflow/.local/lib/python3.7/site-packages/airflow/example_dags/example_xcom.py for tasks to queue
[2022-08-02 23:27:20,847] {logging_mixin.py:115} INFO - [2022-08-02 23:27:20,847] {dagbag.py:508} INFO - Filling up the DagBag from /home/airflow/.local/lib/python3.7/site-packages/airflow/example_dags/example_xcom.py
[2022-08-02 23:27:20,905] {processor.py:651} INFO - DAG(s) dict_keys(['example_xcom']) retrieved from /home/airflow/.local/lib/python3.7/site-packages/airflow/example_dags/example_xcom.py
[2022-08-02 23:27:20,956] {logging_mixin.py:115} INFO - [2022-08-02 23:27:20,956] {dag.py:2420} INFO - Sync 1 DAGs
[2022-08-02 23:27:20,987] {logging_mixin.py:115} INFO - [2022-08-02 23:27:20,987] {dag.py:2972} INFO - Setting next_dagrun for example_xcom to 2021-01-01T00:00:00+00:00, run_after=2021-01-01T00:00:00+00:00
[2022-08-02 23:27:21,003] {processor.py:161} INFO - Processing /home/airflow/.local/lib/python3.7/site-packages/airflow/example_dags/example_xcom.py took 0.166 seconds
[2022-08-02 23:27:51,600] {processor.py:153} INFO - Started process (PID=670) to work on /home/airflow/.local/lib/python3.7/site-packages/airflow/example_dags/example_xcom.py
[2022-08-02 23:27:51,612] {processor.py:641} INFO - Processing file /home/airflow/.local/lib/python3.7/site-packages/airflow/example_dags/example_xcom.py for tasks to queue
[2022-08-02 23:27:51,621] {logging_mixin.py:115} INFO - [2022-08-02 23:27:51,621] {dagbag.py:508} INFO - Filling up the DagBag from /home/airflow/.local/lib/python3.7/site-packages/airflow/example_dags/example_xcom.py
[2022-08-02 23:27:51,684] {processor.py:651} INFO - DAG(s) dict_keys(['example_xcom']) retrieved from /home/airflow/.local/lib/python3.7/site-packages/airflow/example_dags/example_xcom.py
[2022-08-02 23:27:52,058] {logging_mixin.py:115} INFO - [2022-08-02 23:27:52,058] {dag.py:2420} INFO - Sync 1 DAGs
[2022-08-02 23:27:52,174] {logging_mixin.py:115} INFO - [2022-08-02 23:27:52,174] {dag.py:2972} INFO - Setting next_dagrun for example_xcom to 2021-01-01T00:00:00+00:00, run_after=2021-01-01T00:00:00+00:00
[2022-08-02 23:27:52,261] {processor.py:161} INFO - Processing /home/airflow/.local/lib/python3.7/site-packages/airflow/example_dags/example_xcom.py took 0.689 seconds
[2022-08-02 23:28:22,455] {processor.py:153} INFO - Started process (PID=723) to work on /home/airflow/.local/lib/python3.7/site-packages/airflow/example_dags/example_xcom.py
[2022-08-02 23:28:22,467] {processor.py:641} INFO - Processing file /home/airflow/.local/lib/python3.7/site-packages/airflow/example_dags/example_xcom.py for tasks to queue
[2022-08-02 23:28:22,480] {logging_mixin.py:115} INFO - [2022-08-02 23:28:22,480] {dagbag.py:508} INFO - Filling up the DagBag from /home/airflow/.local/lib/python3.7/site-packages/airflow/example_dags/example_xcom.py
[2022-08-02 23:28:22,830] {processor.py:651} INFO - DAG(s) dict_keys(['example_xcom']) retrieved from /home/airflow/.local/lib/python3.7/site-packages/airflow/example_dags/example_xcom.py
[2022-08-02 23:28:24,324] {logging_mixin.py:115} INFO - [2022-08-02 23:28:24,324] {dag.py:2420} INFO - Sync 1 DAGs
[2022-08-02 23:28:24,442] {logging_mixin.py:115} INFO - [2022-08-02 23:28:24,441] {dag.py:2972} INFO - Setting next_dagrun for example_xcom to 2021-01-01T00:00:00+00:00, run_after=2021-01-01T00:00:00+00:00
[2022-08-02 23:28:24,679] {processor.py:161} INFO - Processing /home/airflow/.local/lib/python3.7/site-packages/airflow/example_dags/example_xcom.py took 2.236 seconds
[2022-08-02 23:28:55,012] {processor.py:153} INFO - Started process (PID=776) to work on /home/airflow/.local/lib/python3.7/site-packages/airflow/example_dags/example_xcom.py
[2022-08-02 23:28:55,015] {processor.py:641} INFO - Processing file /home/airflow/.local/lib/python3.7/site-packages/airflow/example_dags/example_xcom.py for tasks to queue
[2022-08-02 23:28:55,017] {logging_mixin.py:115} INFO - [2022-08-02 23:28:55,017] {dagbag.py:508} INFO - Filling up the DagBag from /home/airflow/.local/lib/python3.7/site-packages/airflow/example_dags/example_xcom.py
[2022-08-02 23:28:55,054] {processor.py:651} INFO - DAG(s) dict_keys(['example_xcom']) retrieved from /home/airflow/.local/lib/python3.7/site-packages/airflow/example_dags/example_xcom.py
[2022-08-02 23:28:55,114] {logging_mixin.py:115} INFO - [2022-08-02 23:28:55,114] {dag.py:2420} INFO - Sync 1 DAGs
[2022-08-02 23:28:55,152] {logging_mixin.py:115} INFO - [2022-08-02 23:28:55,152] {dag.py:2972} INFO - Setting next_dagrun for example_xcom to 2021-01-01T00:00:00+00:00, run_after=2021-01-01T00:00:00+00:00
[2022-08-02 23:28:55,186] {processor.py:161} INFO - Processing /home/airflow/.local/lib/python3.7/site-packages/airflow/example_dags/example_xcom.py took 0.178 seconds
[2022-08-02 23:29:25,287] {processor.py:153} INFO - Started process (PID=826) to work on /home/airflow/.local/lib/python3.7/site-packages/airflow/example_dags/example_xcom.py
[2022-08-02 23:29:25,290] {processor.py:641} INFO - Processing file /home/airflow/.local/lib/python3.7/site-packages/airflow/example_dags/example_xcom.py for tasks to queue
[2022-08-02 23:29:25,293] {logging_mixin.py:115} INFO - [2022-08-02 23:29:25,292] {dagbag.py:508} INFO - Filling up the DagBag from /home/airflow/.local/lib/python3.7/site-packages/airflow/example_dags/example_xcom.py
[2022-08-02 23:29:25,315] {processor.py:651} INFO - DAG(s) dict_keys(['example_xcom']) retrieved from /home/airflow/.local/lib/python3.7/site-packages/airflow/example_dags/example_xcom.py
[2022-08-02 23:29:25,349] {logging_mixin.py:115} INFO - [2022-08-02 23:29:25,349] {dag.py:2420} INFO - Sync 1 DAGs
[2022-08-02 23:29:25,369] {logging_mixin.py:115} INFO - [2022-08-02 23:29:25,369] {dag.py:2972} INFO - Setting next_dagrun for example_xcom to 2021-01-01T00:00:00+00:00, run_after=2021-01-01T00:00:00+00:00
[2022-08-02 23:29:25,382] {processor.py:161} INFO - Processing /home/airflow/.local/lib/python3.7/site-packages/airflow/example_dags/example_xcom.py took 0.099 seconds
[2022-08-02 23:29:55,500] {processor.py:153} INFO - Started process (PID=878) to work on /home/airflow/.local/lib/python3.7/site-packages/airflow/example_dags/example_xcom.py
[2022-08-02 23:29:55,502] {processor.py:641} INFO - Processing file /home/airflow/.local/lib/python3.7/site-packages/airflow/example_dags/example_xcom.py for tasks to queue
[2022-08-02 23:29:55,505] {logging_mixin.py:115} INFO - [2022-08-02 23:29:55,505] {dagbag.py:508} INFO - Filling up the DagBag from /home/airflow/.local/lib/python3.7/site-packages/airflow/example_dags/example_xcom.py
[2022-08-02 23:29:55,529] {processor.py:651} INFO - DAG(s) dict_keys(['example_xcom']) retrieved from /home/airflow/.local/lib/python3.7/site-packages/airflow/example_dags/example_xcom.py
[2022-08-02 23:29:55,564] {logging_mixin.py:115} INFO - [2022-08-02 23:29:55,564] {dag.py:2420} INFO - Sync 1 DAGs
[2022-08-02 23:29:55,586] {logging_mixin.py:115} INFO - [2022-08-02 23:29:55,586] {dag.py:2972} INFO - Setting next_dagrun for example_xcom to 2021-01-01T00:00:00+00:00, run_after=2021-01-01T00:00:00+00:00
[2022-08-02 23:29:55,603] {processor.py:161} INFO - Processing /home/airflow/.local/lib/python3.7/site-packages/airflow/example_dags/example_xcom.py took 0.109 seconds
[2022-08-02 23:30:25,939] {processor.py:153} INFO - Started process (PID=931) to work on /home/airflow/.local/lib/python3.7/site-packages/airflow/example_dags/example_xcom.py
[2022-08-02 23:30:25,942] {processor.py:641} INFO - Processing file /home/airflow/.local/lib/python3.7/site-packages/airflow/example_dags/example_xcom.py for tasks to queue
[2022-08-02 23:30:25,945] {logging_mixin.py:115} INFO - [2022-08-02 23:30:25,945] {dagbag.py:508} INFO - Filling up the DagBag from /home/airflow/.local/lib/python3.7/site-packages/airflow/example_dags/example_xcom.py
[2022-08-02 23:30:26,006] {processor.py:651} INFO - DAG(s) dict_keys(['example_xcom']) retrieved from /home/airflow/.local/lib/python3.7/site-packages/airflow/example_dags/example_xcom.py
[2022-08-02 23:30:26,106] {logging_mixin.py:115} INFO - [2022-08-02 23:30:26,106] {dag.py:2420} INFO - Sync 1 DAGs
[2022-08-02 23:30:26,147] {logging_mixin.py:115} INFO - [2022-08-02 23:30:26,146] {dag.py:2972} INFO - Setting next_dagrun for example_xcom to 2021-01-01T00:00:00+00:00, run_after=2021-01-01T00:00:00+00:00
[2022-08-02 23:30:26,176] {processor.py:161} INFO - Processing /home/airflow/.local/lib/python3.7/site-packages/airflow/example_dags/example_xcom.py took 0.246 seconds
[2022-08-02 23:30:57,240] {processor.py:153} INFO - Started process (PID=984) to work on /home/airflow/.local/lib/python3.7/site-packages/airflow/example_dags/example_xcom.py
[2022-08-02 23:30:57,243] {processor.py:641} INFO - Processing file /home/airflow/.local/lib/python3.7/site-packages/airflow/example_dags/example_xcom.py for tasks to queue
[2022-08-02 23:30:57,245] {logging_mixin.py:115} INFO - [2022-08-02 23:30:57,245] {dagbag.py:508} INFO - Filling up the DagBag from /home/airflow/.local/lib/python3.7/site-packages/airflow/example_dags/example_xcom.py
[2022-08-02 23:30:57,271] {processor.py:651} INFO - DAG(s) dict_keys(['example_xcom']) retrieved from /home/airflow/.local/lib/python3.7/site-packages/airflow/example_dags/example_xcom.py
[2022-08-02 23:30:57,318] {logging_mixin.py:115} INFO - [2022-08-02 23:30:57,318] {dag.py:2420} INFO - Sync 1 DAGs
[2022-08-02 23:30:57,345] {logging_mixin.py:115} INFO - [2022-08-02 23:30:57,345] {dag.py:2972} INFO - Setting next_dagrun for example_xcom to 2021-01-01T00:00:00+00:00, run_after=2021-01-01T00:00:00+00:00
[2022-08-02 23:30:57,363] {processor.py:161} INFO - Processing /home/airflow/.local/lib/python3.7/site-packages/airflow/example_dags/example_xcom.py took 0.130 seconds
[2022-08-02 23:31:27,788] {processor.py:153} INFO - Started process (PID=1045) to work on /home/airflow/.local/lib/python3.7/site-packages/airflow/example_dags/example_xcom.py
[2022-08-02 23:31:27,793] {processor.py:641} INFO - Processing file /home/airflow/.local/lib/python3.7/site-packages/airflow/example_dags/example_xcom.py for tasks to queue
[2022-08-02 23:31:27,798] {logging_mixin.py:115} INFO - [2022-08-02 23:31:27,798] {dagbag.py:508} INFO - Filling up the DagBag from /home/airflow/.local/lib/python3.7/site-packages/airflow/example_dags/example_xcom.py
[2022-08-02 23:31:27,818] {processor.py:651} INFO - DAG(s) dict_keys(['example_xcom']) retrieved from /home/airflow/.local/lib/python3.7/site-packages/airflow/example_dags/example_xcom.py
[2022-08-02 23:31:28,020] {logging_mixin.py:115} INFO - [2022-08-02 23:31:28,019] {dag.py:2420} INFO - Sync 1 DAGs
[2022-08-02 23:31:28,143] {logging_mixin.py:115} INFO - [2022-08-02 23:31:28,143] {dag.py:2972} INFO - Setting next_dagrun for example_xcom to 2021-01-01T00:00:00+00:00, run_after=2021-01-01T00:00:00+00:00
[2022-08-02 23:31:28,195] {processor.py:161} INFO - Processing /home/airflow/.local/lib/python3.7/site-packages/airflow/example_dags/example_xcom.py took 0.412 seconds
[2022-08-02 23:31:58,301] {processor.py:153} INFO - Started process (PID=1097) to work on /home/airflow/.local/lib/python3.7/site-packages/airflow/example_dags/example_xcom.py
[2022-08-02 23:31:58,305] {processor.py:641} INFO - Processing file /home/airflow/.local/lib/python3.7/site-packages/airflow/example_dags/example_xcom.py for tasks to queue
[2022-08-02 23:31:58,311] {logging_mixin.py:115} INFO - [2022-08-02 23:31:58,310] {dagbag.py:508} INFO - Filling up the DagBag from /home/airflow/.local/lib/python3.7/site-packages/airflow/example_dags/example_xcom.py
[2022-08-02 23:31:58,335] {processor.py:651} INFO - DAG(s) dict_keys(['example_xcom']) retrieved from /home/airflow/.local/lib/python3.7/site-packages/airflow/example_dags/example_xcom.py
[2022-08-02 23:31:58,436] {logging_mixin.py:115} INFO - [2022-08-02 23:31:58,436] {dag.py:2420} INFO - Sync 1 DAGs
[2022-08-02 23:31:58,472] {logging_mixin.py:115} INFO - [2022-08-02 23:31:58,472] {dag.py:2972} INFO - Setting next_dagrun for example_xcom to 2021-01-01T00:00:00+00:00, run_after=2021-01-01T00:00:00+00:00
[2022-08-02 23:31:58,494] {processor.py:161} INFO - Processing /home/airflow/.local/lib/python3.7/site-packages/airflow/example_dags/example_xcom.py took 0.201 seconds
[2022-08-02 23:32:28,869] {processor.py:153} INFO - Started process (PID=1149) to work on /home/airflow/.local/lib/python3.7/site-packages/airflow/example_dags/example_xcom.py
[2022-08-02 23:32:28,881] {processor.py:641} INFO - Processing file /home/airflow/.local/lib/python3.7/site-packages/airflow/example_dags/example_xcom.py for tasks to queue
[2022-08-02 23:32:28,884] {logging_mixin.py:115} INFO - [2022-08-02 23:32:28,884] {dagbag.py:508} INFO - Filling up the DagBag from /home/airflow/.local/lib/python3.7/site-packages/airflow/example_dags/example_xcom.py
[2022-08-02 23:32:28,910] {processor.py:651} INFO - DAG(s) dict_keys(['example_xcom']) retrieved from /home/airflow/.local/lib/python3.7/site-packages/airflow/example_dags/example_xcom.py
[2022-08-02 23:32:29,034] {logging_mixin.py:115} INFO - [2022-08-02 23:32:29,033] {dag.py:2420} INFO - Sync 1 DAGs
[2022-08-02 23:32:29,058] {logging_mixin.py:115} INFO - [2022-08-02 23:32:29,058] {dag.py:2972} INFO - Setting next_dagrun for example_xcom to 2021-01-01T00:00:00+00:00, run_after=2021-01-01T00:00:00+00:00
[2022-08-02 23:32:29,080] {processor.py:161} INFO - Processing /home/airflow/.local/lib/python3.7/site-packages/airflow/example_dags/example_xcom.py took 0.215 seconds
[2022-08-02 23:32:59,293] {processor.py:153} INFO - Started process (PID=1208) to work on /home/airflow/.local/lib/python3.7/site-packages/airflow/example_dags/example_xcom.py
[2022-08-02 23:32:59,329] {processor.py:641} INFO - Processing file /home/airflow/.local/lib/python3.7/site-packages/airflow/example_dags/example_xcom.py for tasks to queue
[2022-08-02 23:32:59,338] {logging_mixin.py:115} INFO - [2022-08-02 23:32:59,338] {dagbag.py:508} INFO - Filling up the DagBag from /home/airflow/.local/lib/python3.7/site-packages/airflow/example_dags/example_xcom.py
[2022-08-02 23:32:59,360] {processor.py:651} INFO - DAG(s) dict_keys(['example_xcom']) retrieved from /home/airflow/.local/lib/python3.7/site-packages/airflow/example_dags/example_xcom.py
[2022-08-02 23:32:59,491] {logging_mixin.py:115} INFO - [2022-08-02 23:32:59,491] {dag.py:2420} INFO - Sync 1 DAGs
[2022-08-02 23:32:59,540] {logging_mixin.py:115} INFO - [2022-08-02 23:32:59,540] {dag.py:2972} INFO - Setting next_dagrun for example_xcom to 2021-01-01T00:00:00+00:00, run_after=2021-01-01T00:00:00+00:00
[2022-08-02 23:32:59,568] {processor.py:161} INFO - Processing /home/airflow/.local/lib/python3.7/site-packages/airflow/example_dags/example_xcom.py took 0.306 seconds
[2022-08-02 23:33:29,669] {processor.py:153} INFO - Started process (PID=1261) to work on /home/airflow/.local/lib/python3.7/site-packages/airflow/example_dags/example_xcom.py
[2022-08-02 23:33:29,672] {processor.py:641} INFO - Processing file /home/airflow/.local/lib/python3.7/site-packages/airflow/example_dags/example_xcom.py for tasks to queue
[2022-08-02 23:33:29,674] {logging_mixin.py:115} INFO - [2022-08-02 23:33:29,674] {dagbag.py:508} INFO - Filling up the DagBag from /home/airflow/.local/lib/python3.7/site-packages/airflow/example_dags/example_xcom.py
[2022-08-02 23:33:29,701] {processor.py:651} INFO - DAG(s) dict_keys(['example_xcom']) retrieved from /home/airflow/.local/lib/python3.7/site-packages/airflow/example_dags/example_xcom.py
[2022-08-02 23:33:29,740] {logging_mixin.py:115} INFO - [2022-08-02 23:33:29,739] {dag.py:2420} INFO - Sync 1 DAGs
[2022-08-02 23:33:29,765] {logging_mixin.py:115} INFO - [2022-08-02 23:33:29,765] {dag.py:2972} INFO - Setting next_dagrun for example_xcom to 2021-01-01T00:00:00+00:00, run_after=2021-01-01T00:00:00+00:00
[2022-08-02 23:33:29,781] {processor.py:161} INFO - Processing /home/airflow/.local/lib/python3.7/site-packages/airflow/example_dags/example_xcom.py took 0.118 seconds
[2022-08-02 23:34:00,398] {processor.py:153} INFO - Started process (PID=1312) to work on /home/airflow/.local/lib/python3.7/site-packages/airflow/example_dags/example_xcom.py
[2022-08-02 23:34:00,400] {processor.py:641} INFO - Processing file /home/airflow/.local/lib/python3.7/site-packages/airflow/example_dags/example_xcom.py for tasks to queue
[2022-08-02 23:34:00,402] {logging_mixin.py:115} INFO - [2022-08-02 23:34:00,402] {dagbag.py:508} INFO - Filling up the DagBag from /home/airflow/.local/lib/python3.7/site-packages/airflow/example_dags/example_xcom.py
[2022-08-02 23:34:00,417] {processor.py:651} INFO - DAG(s) dict_keys(['example_xcom']) retrieved from /home/airflow/.local/lib/python3.7/site-packages/airflow/example_dags/example_xcom.py
[2022-08-02 23:34:00,445] {logging_mixin.py:115} INFO - [2022-08-02 23:34:00,444] {dag.py:2420} INFO - Sync 1 DAGs
[2022-08-02 23:34:00,464] {logging_mixin.py:115} INFO - [2022-08-02 23:34:00,464] {dag.py:2972} INFO - Setting next_dagrun for example_xcom to 2021-01-01T00:00:00+00:00, run_after=2021-01-01T00:00:00+00:00
[2022-08-02 23:34:00,478] {processor.py:161} INFO - Processing /home/airflow/.local/lib/python3.7/site-packages/airflow/example_dags/example_xcom.py took 0.085 seconds
[2022-08-02 23:34:31,166] {processor.py:153} INFO - Started process (PID=1374) to work on /home/airflow/.local/lib/python3.7/site-packages/airflow/example_dags/example_xcom.py
[2022-08-02 23:34:31,177] {processor.py:641} INFO - Processing file /home/airflow/.local/lib/python3.7/site-packages/airflow/example_dags/example_xcom.py for tasks to queue
[2022-08-02 23:34:31,192] {logging_mixin.py:115} INFO - [2022-08-02 23:34:31,192] {dagbag.py:508} INFO - Filling up the DagBag from /home/airflow/.local/lib/python3.7/site-packages/airflow/example_dags/example_xcom.py
[2022-08-02 23:34:31,273] {processor.py:651} INFO - DAG(s) dict_keys(['example_xcom']) retrieved from /home/airflow/.local/lib/python3.7/site-packages/airflow/example_dags/example_xcom.py
[2022-08-02 23:34:31,433] {logging_mixin.py:115} INFO - [2022-08-02 23:34:31,433] {dag.py:2420} INFO - Sync 1 DAGs
[2022-08-02 23:34:31,502] {logging_mixin.py:115} INFO - [2022-08-02 23:34:31,502] {dag.py:2972} INFO - Setting next_dagrun for example_xcom to 2021-01-01T00:00:00+00:00, run_after=2021-01-01T00:00:00+00:00
[2022-08-02 23:34:31,548] {processor.py:161} INFO - Processing /home/airflow/.local/lib/python3.7/site-packages/airflow/example_dags/example_xcom.py took 0.395 seconds
[2022-08-02 23:35:16,886] {processor.py:153} INFO - Started process (PID=1426) to work on /home/airflow/.local/lib/python3.7/site-packages/airflow/example_dags/example_xcom.py
[2022-08-02 23:35:16,898] {processor.py:641} INFO - Processing file /home/airflow/.local/lib/python3.7/site-packages/airflow/example_dags/example_xcom.py for tasks to queue
[2022-08-02 23:35:16,912] {logging_mixin.py:115} INFO - [2022-08-02 23:35:16,912] {dagbag.py:508} INFO - Filling up the DagBag from /home/airflow/.local/lib/python3.7/site-packages/airflow/example_dags/example_xcom.py
[2022-08-02 23:35:17,028] {processor.py:651} INFO - DAG(s) dict_keys(['example_xcom']) retrieved from /home/airflow/.local/lib/python3.7/site-packages/airflow/example_dags/example_xcom.py
[2022-08-02 23:35:18,741] {logging_mixin.py:115} INFO - [2022-08-02 23:35:18,740] {dag.py:2420} INFO - Sync 1 DAGs
[2022-08-02 23:35:18,991] {logging_mixin.py:115} INFO - [2022-08-02 23:35:18,991] {dag.py:2972} INFO - Setting next_dagrun for example_xcom to 2021-01-01T00:00:00+00:00, run_after=2021-01-01T00:00:00+00:00
[2022-08-02 23:35:19,697] {processor.py:161} INFO - Processing /home/airflow/.local/lib/python3.7/site-packages/airflow/example_dags/example_xcom.py took 2.822 seconds
[2022-08-02 23:35:50,722] {processor.py:153} INFO - Started process (PID=1488) to work on /home/airflow/.local/lib/python3.7/site-packages/airflow/example_dags/example_xcom.py
[2022-08-02 23:35:50,730] {processor.py:641} INFO - Processing file /home/airflow/.local/lib/python3.7/site-packages/airflow/example_dags/example_xcom.py for tasks to queue
[2022-08-02 23:35:50,734] {logging_mixin.py:115} INFO - [2022-08-02 23:35:50,734] {dagbag.py:508} INFO - Filling up the DagBag from /home/airflow/.local/lib/python3.7/site-packages/airflow/example_dags/example_xcom.py
[2022-08-02 23:35:50,758] {processor.py:651} INFO - DAG(s) dict_keys(['example_xcom']) retrieved from /home/airflow/.local/lib/python3.7/site-packages/airflow/example_dags/example_xcom.py
[2022-08-02 23:35:50,874] {logging_mixin.py:115} INFO - [2022-08-02 23:35:50,874] {dag.py:2420} INFO - Sync 1 DAGs
[2022-08-02 23:35:50,943] {logging_mixin.py:115} INFO - [2022-08-02 23:35:50,943] {dag.py:2972} INFO - Setting next_dagrun for example_xcom to 2021-01-01T00:00:00+00:00, run_after=2021-01-01T00:00:00+00:00
[2022-08-02 23:35:50,983] {processor.py:161} INFO - Processing /home/airflow/.local/lib/python3.7/site-packages/airflow/example_dags/example_xcom.py took 0.265 seconds
[2022-08-02 23:36:21,507] {processor.py:153} INFO - Started process (PID=1541) to work on /home/airflow/.local/lib/python3.7/site-packages/airflow/example_dags/example_xcom.py
[2022-08-02 23:36:21,509] {processor.py:641} INFO - Processing file /home/airflow/.local/lib/python3.7/site-packages/airflow/example_dags/example_xcom.py for tasks to queue
[2022-08-02 23:36:21,511] {logging_mixin.py:115} INFO - [2022-08-02 23:36:21,511] {dagbag.py:508} INFO - Filling up the DagBag from /home/airflow/.local/lib/python3.7/site-packages/airflow/example_dags/example_xcom.py
[2022-08-02 23:36:21,530] {processor.py:651} INFO - DAG(s) dict_keys(['example_xcom']) retrieved from /home/airflow/.local/lib/python3.7/site-packages/airflow/example_dags/example_xcom.py
[2022-08-02 23:36:21,562] {logging_mixin.py:115} INFO - [2022-08-02 23:36:21,562] {dag.py:2420} INFO - Sync 1 DAGs
[2022-08-02 23:36:21,580] {logging_mixin.py:115} INFO - [2022-08-02 23:36:21,580] {dag.py:2972} INFO - Setting next_dagrun for example_xcom to 2021-01-01T00:00:00+00:00, run_after=2021-01-01T00:00:00+00:00
[2022-08-02 23:36:21,593] {processor.py:161} INFO - Processing /home/airflow/.local/lib/python3.7/site-packages/airflow/example_dags/example_xcom.py took 0.090 seconds
[2022-08-02 23:36:51,670] {processor.py:153} INFO - Started process (PID=1602) to work on /home/airflow/.local/lib/python3.7/site-packages/airflow/example_dags/example_xcom.py
[2022-08-02 23:36:51,676] {processor.py:641} INFO - Processing file /home/airflow/.local/lib/python3.7/site-packages/airflow/example_dags/example_xcom.py for tasks to queue
[2022-08-02 23:36:51,682] {logging_mixin.py:115} INFO - [2022-08-02 23:36:51,682] {dagbag.py:508} INFO - Filling up the DagBag from /home/airflow/.local/lib/python3.7/site-packages/airflow/example_dags/example_xcom.py
[2022-08-02 23:36:51,702] {processor.py:651} INFO - DAG(s) dict_keys(['example_xcom']) retrieved from /home/airflow/.local/lib/python3.7/site-packages/airflow/example_dags/example_xcom.py
[2022-08-02 23:36:51,777] {logging_mixin.py:115} INFO - [2022-08-02 23:36:51,777] {dag.py:2420} INFO - Sync 1 DAGs
[2022-08-02 23:36:51,802] {logging_mixin.py:115} INFO - [2022-08-02 23:36:51,802] {dag.py:2972} INFO - Setting next_dagrun for example_xcom to 2021-01-01T00:00:00+00:00, run_after=2021-01-01T00:00:00+00:00
[2022-08-02 23:36:51,821] {processor.py:161} INFO - Processing /home/airflow/.local/lib/python3.7/site-packages/airflow/example_dags/example_xcom.py took 0.156 seconds
[2022-08-02 23:37:22,121] {processor.py:153} INFO - Started process (PID=1654) to work on /home/airflow/.local/lib/python3.7/site-packages/airflow/example_dags/example_xcom.py
[2022-08-02 23:37:22,124] {processor.py:641} INFO - Processing file /home/airflow/.local/lib/python3.7/site-packages/airflow/example_dags/example_xcom.py for tasks to queue
[2022-08-02 23:37:22,129] {logging_mixin.py:115} INFO - [2022-08-02 23:37:22,129] {dagbag.py:508} INFO - Filling up the DagBag from /home/airflow/.local/lib/python3.7/site-packages/airflow/example_dags/example_xcom.py
[2022-08-02 23:37:22,152] {processor.py:651} INFO - DAG(s) dict_keys(['example_xcom']) retrieved from /home/airflow/.local/lib/python3.7/site-packages/airflow/example_dags/example_xcom.py
[2022-08-02 23:37:22,230] {logging_mixin.py:115} INFO - [2022-08-02 23:37:22,230] {dag.py:2420} INFO - Sync 1 DAGs
[2022-08-02 23:37:22,252] {logging_mixin.py:115} INFO - [2022-08-02 23:37:22,252] {dag.py:2972} INFO - Setting next_dagrun for example_xcom to 2021-01-01T00:00:00+00:00, run_after=2021-01-01T00:00:00+00:00
[2022-08-02 23:37:22,271] {processor.py:161} INFO - Processing /home/airflow/.local/lib/python3.7/site-packages/airflow/example_dags/example_xcom.py took 0.154 seconds
[2022-08-02 23:37:52,723] {processor.py:153} INFO - Started process (PID=1715) to work on /home/airflow/.local/lib/python3.7/site-packages/airflow/example_dags/example_xcom.py
[2022-08-02 23:37:52,727] {processor.py:641} INFO - Processing file /home/airflow/.local/lib/python3.7/site-packages/airflow/example_dags/example_xcom.py for tasks to queue
[2022-08-02 23:37:52,731] {logging_mixin.py:115} INFO - [2022-08-02 23:37:52,731] {dagbag.py:508} INFO - Filling up the DagBag from /home/airflow/.local/lib/python3.7/site-packages/airflow/example_dags/example_xcom.py
[2022-08-02 23:37:52,752] {processor.py:651} INFO - DAG(s) dict_keys(['example_xcom']) retrieved from /home/airflow/.local/lib/python3.7/site-packages/airflow/example_dags/example_xcom.py
[2022-08-02 23:37:52,894] {logging_mixin.py:115} INFO - [2022-08-02 23:37:52,894] {dag.py:2420} INFO - Sync 1 DAGs
[2022-08-02 23:37:53,032] {logging_mixin.py:115} INFO - [2022-08-02 23:37:53,032] {dag.py:2972} INFO - Setting next_dagrun for example_xcom to 2021-01-01T00:00:00+00:00, run_after=2021-01-01T00:00:00+00:00
[2022-08-02 23:37:53,093] {processor.py:161} INFO - Processing /home/airflow/.local/lib/python3.7/site-packages/airflow/example_dags/example_xcom.py took 0.377 seconds
[2022-08-02 23:38:23,310] {processor.py:153} INFO - Started process (PID=1768) to work on /home/airflow/.local/lib/python3.7/site-packages/airflow/example_dags/example_xcom.py
[2022-08-02 23:38:23,315] {processor.py:641} INFO - Processing file /home/airflow/.local/lib/python3.7/site-packages/airflow/example_dags/example_xcom.py for tasks to queue
[2022-08-02 23:38:23,320] {logging_mixin.py:115} INFO - [2022-08-02 23:38:23,320] {dagbag.py:508} INFO - Filling up the DagBag from /home/airflow/.local/lib/python3.7/site-packages/airflow/example_dags/example_xcom.py
[2022-08-02 23:38:23,341] {processor.py:651} INFO - DAG(s) dict_keys(['example_xcom']) retrieved from /home/airflow/.local/lib/python3.7/site-packages/airflow/example_dags/example_xcom.py
[2022-08-02 23:38:23,404] {logging_mixin.py:115} INFO - [2022-08-02 23:38:23,404] {dag.py:2420} INFO - Sync 1 DAGs
[2022-08-02 23:38:23,424] {logging_mixin.py:115} INFO - [2022-08-02 23:38:23,424] {dag.py:2972} INFO - Setting next_dagrun for example_xcom to 2021-01-01T00:00:00+00:00, run_after=2021-01-01T00:00:00+00:00
[2022-08-02 23:38:23,439] {processor.py:161} INFO - Processing /home/airflow/.local/lib/python3.7/site-packages/airflow/example_dags/example_xcom.py took 0.133 seconds
[2022-08-02 23:38:54,338] {processor.py:153} INFO - Started process (PID=1829) to work on /home/airflow/.local/lib/python3.7/site-packages/airflow/example_dags/example_xcom.py
[2022-08-02 23:38:54,342] {processor.py:641} INFO - Processing file /home/airflow/.local/lib/python3.7/site-packages/airflow/example_dags/example_xcom.py for tasks to queue
[2022-08-02 23:38:54,350] {logging_mixin.py:115} INFO - [2022-08-02 23:38:54,350] {dagbag.py:508} INFO - Filling up the DagBag from /home/airflow/.local/lib/python3.7/site-packages/airflow/example_dags/example_xcom.py
[2022-08-02 23:38:54,391] {processor.py:651} INFO - DAG(s) dict_keys(['example_xcom']) retrieved from /home/airflow/.local/lib/python3.7/site-packages/airflow/example_dags/example_xcom.py
[2022-08-02 23:38:54,463] {logging_mixin.py:115} INFO - [2022-08-02 23:38:54,463] {dag.py:2420} INFO - Sync 1 DAGs
[2022-08-02 23:38:54,487] {logging_mixin.py:115} INFO - [2022-08-02 23:38:54,487] {dag.py:2972} INFO - Setting next_dagrun for example_xcom to 2021-01-01T00:00:00+00:00, run_after=2021-01-01T00:00:00+00:00
[2022-08-02 23:38:54,506] {processor.py:161} INFO - Processing /home/airflow/.local/lib/python3.7/site-packages/airflow/example_dags/example_xcom.py took 0.176 seconds
[2022-08-02 23:39:24,885] {processor.py:153} INFO - Started process (PID=1890) to work on /home/airflow/.local/lib/python3.7/site-packages/airflow/example_dags/example_xcom.py
[2022-08-02 23:39:24,893] {processor.py:641} INFO - Processing file /home/airflow/.local/lib/python3.7/site-packages/airflow/example_dags/example_xcom.py for tasks to queue
[2022-08-02 23:39:24,895] {logging_mixin.py:115} INFO - [2022-08-02 23:39:24,895] {dagbag.py:508} INFO - Filling up the DagBag from /home/airflow/.local/lib/python3.7/site-packages/airflow/example_dags/example_xcom.py
[2022-08-02 23:39:24,923] {processor.py:651} INFO - DAG(s) dict_keys(['example_xcom']) retrieved from /home/airflow/.local/lib/python3.7/site-packages/airflow/example_dags/example_xcom.py
[2022-08-02 23:39:24,978] {logging_mixin.py:115} INFO - [2022-08-02 23:39:24,978] {dag.py:2420} INFO - Sync 1 DAGs
[2022-08-02 23:39:25,008] {logging_mixin.py:115} INFO - [2022-08-02 23:39:25,008] {dag.py:2972} INFO - Setting next_dagrun for example_xcom to 2021-01-01T00:00:00+00:00, run_after=2021-01-01T00:00:00+00:00
[2022-08-02 23:39:25,026] {processor.py:161} INFO - Processing /home/airflow/.local/lib/python3.7/site-packages/airflow/example_dags/example_xcom.py took 0.147 seconds
[2022-08-02 23:39:55,524] {processor.py:153} INFO - Started process (PID=1941) to work on /home/airflow/.local/lib/python3.7/site-packages/airflow/example_dags/example_xcom.py
[2022-08-02 23:39:55,527] {processor.py:641} INFO - Processing file /home/airflow/.local/lib/python3.7/site-packages/airflow/example_dags/example_xcom.py for tasks to queue
[2022-08-02 23:39:55,530] {logging_mixin.py:115} INFO - [2022-08-02 23:39:55,530] {dagbag.py:508} INFO - Filling up the DagBag from /home/airflow/.local/lib/python3.7/site-packages/airflow/example_dags/example_xcom.py
[2022-08-02 23:39:55,548] {processor.py:651} INFO - DAG(s) dict_keys(['example_xcom']) retrieved from /home/airflow/.local/lib/python3.7/site-packages/airflow/example_dags/example_xcom.py
[2022-08-02 23:39:55,581] {logging_mixin.py:115} INFO - [2022-08-02 23:39:55,581] {dag.py:2420} INFO - Sync 1 DAGs
[2022-08-02 23:39:55,601] {logging_mixin.py:115} INFO - [2022-08-02 23:39:55,601] {dag.py:2972} INFO - Setting next_dagrun for example_xcom to 2021-01-01T00:00:00+00:00, run_after=2021-01-01T00:00:00+00:00
[2022-08-02 23:39:55,617] {processor.py:161} INFO - Processing /home/airflow/.local/lib/python3.7/site-packages/airflow/example_dags/example_xcom.py took 0.096 seconds
[2022-08-02 23:40:26,121] {processor.py:153} INFO - Started process (PID=1993) to work on /home/airflow/.local/lib/python3.7/site-packages/airflow/example_dags/example_xcom.py
[2022-08-02 23:40:26,127] {processor.py:641} INFO - Processing file /home/airflow/.local/lib/python3.7/site-packages/airflow/example_dags/example_xcom.py for tasks to queue
[2022-08-02 23:40:26,134] {logging_mixin.py:115} INFO - [2022-08-02 23:40:26,134] {dagbag.py:508} INFO - Filling up the DagBag from /home/airflow/.local/lib/python3.7/site-packages/airflow/example_dags/example_xcom.py
[2022-08-02 23:40:26,156] {processor.py:651} INFO - DAG(s) dict_keys(['example_xcom']) retrieved from /home/airflow/.local/lib/python3.7/site-packages/airflow/example_dags/example_xcom.py
[2022-08-02 23:40:26,195] {logging_mixin.py:115} INFO - [2022-08-02 23:40:26,195] {dag.py:2420} INFO - Sync 1 DAGs
[2022-08-02 23:40:26,236] {logging_mixin.py:115} INFO - [2022-08-02 23:40:26,236] {dag.py:2972} INFO - Setting next_dagrun for example_xcom to 2021-01-01T00:00:00+00:00, run_after=2021-01-01T00:00:00+00:00
[2022-08-02 23:40:26,260] {processor.py:161} INFO - Processing /home/airflow/.local/lib/python3.7/site-packages/airflow/example_dags/example_xcom.py took 0.143 seconds
[2022-08-02 23:40:56,420] {processor.py:153} INFO - Started process (PID=2044) to work on /home/airflow/.local/lib/python3.7/site-packages/airflow/example_dags/example_xcom.py
[2022-08-02 23:40:56,423] {processor.py:641} INFO - Processing file /home/airflow/.local/lib/python3.7/site-packages/airflow/example_dags/example_xcom.py for tasks to queue
[2022-08-02 23:40:56,426] {logging_mixin.py:115} INFO - [2022-08-02 23:40:56,425] {dagbag.py:508} INFO - Filling up the DagBag from /home/airflow/.local/lib/python3.7/site-packages/airflow/example_dags/example_xcom.py
[2022-08-02 23:40:56,448] {processor.py:651} INFO - DAG(s) dict_keys(['example_xcom']) retrieved from /home/airflow/.local/lib/python3.7/site-packages/airflow/example_dags/example_xcom.py
[2022-08-02 23:40:56,481] {logging_mixin.py:115} INFO - [2022-08-02 23:40:56,481] {dag.py:2420} INFO - Sync 1 DAGs
[2022-08-02 23:40:56,503] {logging_mixin.py:115} INFO - [2022-08-02 23:40:56,503] {dag.py:2972} INFO - Setting next_dagrun for example_xcom to 2021-01-01T00:00:00+00:00, run_after=2021-01-01T00:00:00+00:00
[2022-08-02 23:40:56,519] {processor.py:161} INFO - Processing /home/airflow/.local/lib/python3.7/site-packages/airflow/example_dags/example_xcom.py took 0.102 seconds
[2022-08-02 23:41:55,537] {processor.py:153} INFO - Started process (PID=2081) to work on /home/airflow/.local/lib/python3.7/site-packages/airflow/example_dags/example_xcom.py
[2022-08-02 23:41:55,543] {processor.py:641} INFO - Processing file /home/airflow/.local/lib/python3.7/site-packages/airflow/example_dags/example_xcom.py for tasks to queue
[2022-08-02 23:41:55,546] {logging_mixin.py:115} INFO - [2022-08-02 23:41:55,546] {dagbag.py:508} INFO - Filling up the DagBag from /home/airflow/.local/lib/python3.7/site-packages/airflow/example_dags/example_xcom.py
[2022-08-02 23:41:55,583] {processor.py:651} INFO - DAG(s) dict_keys(['example_xcom']) retrieved from /home/airflow/.local/lib/python3.7/site-packages/airflow/example_dags/example_xcom.py
[2022-08-02 23:41:55,801] {logging_mixin.py:115} INFO - [2022-08-02 23:41:55,801] {dag.py:2420} INFO - Sync 1 DAGs
[2022-08-02 23:41:55,849] {logging_mixin.py:115} INFO - [2022-08-02 23:41:55,849] {dag.py:2972} INFO - Setting next_dagrun for example_xcom to 2021-01-01T00:00:00+00:00, run_after=2021-01-01T00:00:00+00:00
[2022-08-02 23:41:55,998] {processor.py:161} INFO - Processing /home/airflow/.local/lib/python3.7/site-packages/airflow/example_dags/example_xcom.py took 0.465 seconds
[2022-08-02 23:55:24,135] {processor.py:153} INFO - Started process (PID=2131) to work on /home/airflow/.local/lib/python3.7/site-packages/airflow/example_dags/example_xcom.py
[2022-08-02 23:55:24,145] {processor.py:641} INFO - Processing file /home/airflow/.local/lib/python3.7/site-packages/airflow/example_dags/example_xcom.py for tasks to queue
[2022-08-02 23:55:24,154] {logging_mixin.py:115} INFO - [2022-08-02 23:55:24,154] {dagbag.py:508} INFO - Filling up the DagBag from /home/airflow/.local/lib/python3.7/site-packages/airflow/example_dags/example_xcom.py
[2022-08-02 23:55:24,208] {processor.py:651} INFO - DAG(s) dict_keys(['example_xcom']) retrieved from /home/airflow/.local/lib/python3.7/site-packages/airflow/example_dags/example_xcom.py
[2022-08-02 23:55:24,378] {logging_mixin.py:115} INFO - [2022-08-02 23:55:24,378] {dag.py:2420} INFO - Sync 1 DAGs
[2022-08-02 23:55:24,504] {logging_mixin.py:115} INFO - [2022-08-02 23:55:24,504] {dag.py:2972} INFO - Setting next_dagrun for example_xcom to 2021-01-01T00:00:00+00:00, run_after=2021-01-01T00:00:00+00:00
[2022-08-02 23:55:24,624] {processor.py:161} INFO - Processing /home/airflow/.local/lib/python3.7/site-packages/airflow/example_dags/example_xcom.py took 0.493 seconds
[2022-08-02 23:55:58,381] {processor.py:153} INFO - Started process (PID=2191) to work on /home/airflow/.local/lib/python3.7/site-packages/airflow/example_dags/example_xcom.py
[2022-08-02 23:55:58,400] {processor.py:641} INFO - Processing file /home/airflow/.local/lib/python3.7/site-packages/airflow/example_dags/example_xcom.py for tasks to queue
[2022-08-02 23:55:58,405] {logging_mixin.py:115} INFO - [2022-08-02 23:55:58,405] {dagbag.py:508} INFO - Filling up the DagBag from /home/airflow/.local/lib/python3.7/site-packages/airflow/example_dags/example_xcom.py
[2022-08-02 23:55:58,473] {processor.py:651} INFO - DAG(s) dict_keys(['example_xcom']) retrieved from /home/airflow/.local/lib/python3.7/site-packages/airflow/example_dags/example_xcom.py
[2022-08-02 23:55:58,544] {logging_mixin.py:115} INFO - [2022-08-02 23:55:58,544] {dag.py:2420} INFO - Sync 1 DAGs
[2022-08-02 23:55:58,585] {logging_mixin.py:115} INFO - [2022-08-02 23:55:58,585] {dag.py:2972} INFO - Setting next_dagrun for example_xcom to 2021-01-01T00:00:00+00:00, run_after=2021-01-01T00:00:00+00:00
[2022-08-02 23:55:58,628] {processor.py:161} INFO - Processing /home/airflow/.local/lib/python3.7/site-packages/airflow/example_dags/example_xcom.py took 0.253 seconds
