[2022-08-02 23:22:11,686] {processor.py:153} INFO - Started process (PID=87) to work on /home/airflow/.local/lib/python3.7/site-packages/airflow/example_dags/example_latest_only.py
[2022-08-02 23:22:11,693] {processor.py:641} INFO - Processing file /home/airflow/.local/lib/python3.7/site-packages/airflow/example_dags/example_latest_only.py for tasks to queue
[2022-08-02 23:22:11,707] {logging_mixin.py:115} INFO - [2022-08-02 23:22:11,707] {dagbag.py:508} INFO - Filling up the DagBag from /home/airflow/.local/lib/python3.7/site-packages/airflow/example_dags/example_latest_only.py
[2022-08-02 23:22:11,748] {processor.py:651} INFO - DAG(s) dict_keys(['latest_only']) retrieved from /home/airflow/.local/lib/python3.7/site-packages/airflow/example_dags/example_latest_only.py
[2022-08-02 23:22:12,191] {logging_mixin.py:115} INFO - [2022-08-02 23:22:12,189] {manager.py:508} INFO - Created Permission View: can read on DAG:latest_only
[2022-08-02 23:22:12,216] {logging_mixin.py:115} INFO - [2022-08-02 23:22:12,216] {manager.py:508} INFO - Created Permission View: can edit on DAG:latest_only
[2022-08-02 23:22:12,272] {logging_mixin.py:115} INFO - [2022-08-02 23:22:12,272] {manager.py:508} INFO - Created Permission View: can delete on DAG:latest_only
[2022-08-02 23:22:12,278] {logging_mixin.py:115} INFO - [2022-08-02 23:22:12,276] {dag.py:2420} INFO - Sync 1 DAGs
[2022-08-02 23:22:12,331] {logging_mixin.py:115} INFO - [2022-08-02 23:22:12,331] {dag.py:2439} INFO - Creating ORM DAG for latest_only
[2022-08-02 23:22:12,510] {logging_mixin.py:115} INFO - [2022-08-02 23:22:12,510] {dag.py:2972} INFO - Setting next_dagrun for latest_only to 2022-08-02T19:22:12.510124+00:00, run_after=2022-08-02T23:22:12.510124+00:00
[2022-08-02 23:22:12,691] {processor.py:161} INFO - Processing /home/airflow/.local/lib/python3.7/site-packages/airflow/example_dags/example_latest_only.py took 1.010 seconds
[2022-08-02 23:22:42,912] {processor.py:153} INFO - Started process (PID=137) to work on /home/airflow/.local/lib/python3.7/site-packages/airflow/example_dags/example_latest_only.py
[2022-08-02 23:22:42,919] {processor.py:641} INFO - Processing file /home/airflow/.local/lib/python3.7/site-packages/airflow/example_dags/example_latest_only.py for tasks to queue
[2022-08-02 23:22:42,930] {logging_mixin.py:115} INFO - [2022-08-02 23:22:42,929] {dagbag.py:508} INFO - Filling up the DagBag from /home/airflow/.local/lib/python3.7/site-packages/airflow/example_dags/example_latest_only.py
[2022-08-02 23:22:42,951] {processor.py:651} INFO - DAG(s) dict_keys(['latest_only']) retrieved from /home/airflow/.local/lib/python3.7/site-packages/airflow/example_dags/example_latest_only.py
[2022-08-02 23:22:43,131] {logging_mixin.py:115} INFO - [2022-08-02 23:22:43,130] {dag.py:2420} INFO - Sync 1 DAGs
[2022-08-02 23:22:43,268] {logging_mixin.py:115} INFO - [2022-08-02 23:22:43,268] {dag.py:2972} INFO - Setting next_dagrun for latest_only to 2022-08-02T19:22:43.219606+00:00, run_after=2022-08-02T23:22:43.219606+00:00
[2022-08-02 23:22:43,401] {processor.py:161} INFO - Processing /home/airflow/.local/lib/python3.7/site-packages/airflow/example_dags/example_latest_only.py took 0.503 seconds
[2022-08-02 23:23:14,274] {processor.py:153} INFO - Started process (PID=191) to work on /home/airflow/.local/lib/python3.7/site-packages/airflow/example_dags/example_latest_only.py
[2022-08-02 23:23:14,276] {processor.py:641} INFO - Processing file /home/airflow/.local/lib/python3.7/site-packages/airflow/example_dags/example_latest_only.py for tasks to queue
[2022-08-02 23:23:14,278] {logging_mixin.py:115} INFO - [2022-08-02 23:23:14,278] {dagbag.py:508} INFO - Filling up the DagBag from /home/airflow/.local/lib/python3.7/site-packages/airflow/example_dags/example_latest_only.py
[2022-08-02 23:23:14,288] {processor.py:651} INFO - DAG(s) dict_keys(['latest_only']) retrieved from /home/airflow/.local/lib/python3.7/site-packages/airflow/example_dags/example_latest_only.py
[2022-08-02 23:23:14,326] {logging_mixin.py:115} INFO - [2022-08-02 23:23:14,326] {dag.py:2420} INFO - Sync 1 DAGs
[2022-08-02 23:23:14,354] {logging_mixin.py:115} INFO - [2022-08-02 23:23:14,354] {dag.py:2972} INFO - Setting next_dagrun for latest_only to 2022-08-02T19:23:14.353961+00:00, run_after=2022-08-02T23:23:14.353961+00:00
[2022-08-02 23:23:14,375] {processor.py:161} INFO - Processing /home/airflow/.local/lib/python3.7/site-packages/airflow/example_dags/example_latest_only.py took 0.106 seconds
[2022-08-02 23:23:44,553] {processor.py:153} INFO - Started process (PID=253) to work on /home/airflow/.local/lib/python3.7/site-packages/airflow/example_dags/example_latest_only.py
[2022-08-02 23:23:44,561] {processor.py:641} INFO - Processing file /home/airflow/.local/lib/python3.7/site-packages/airflow/example_dags/example_latest_only.py for tasks to queue
[2022-08-02 23:23:44,569] {logging_mixin.py:115} INFO - [2022-08-02 23:23:44,569] {dagbag.py:508} INFO - Filling up the DagBag from /home/airflow/.local/lib/python3.7/site-packages/airflow/example_dags/example_latest_only.py
[2022-08-02 23:23:44,588] {processor.py:651} INFO - DAG(s) dict_keys(['latest_only']) retrieved from /home/airflow/.local/lib/python3.7/site-packages/airflow/example_dags/example_latest_only.py
[2022-08-02 23:23:44,646] {logging_mixin.py:115} INFO - [2022-08-02 23:23:44,646] {dag.py:2420} INFO - Sync 1 DAGs
[2022-08-02 23:23:44,691] {logging_mixin.py:115} INFO - [2022-08-02 23:23:44,691] {dag.py:2972} INFO - Setting next_dagrun for latest_only to 2022-08-02T19:23:44.691613+00:00, run_after=2022-08-02T23:23:44.691613+00:00
[2022-08-02 23:23:44,729] {processor.py:161} INFO - Processing /home/airflow/.local/lib/python3.7/site-packages/airflow/example_dags/example_latest_only.py took 0.183 seconds
[2022-08-02 23:24:15,275] {processor.py:153} INFO - Started process (PID=305) to work on /home/airflow/.local/lib/python3.7/site-packages/airflow/example_dags/example_latest_only.py
[2022-08-02 23:24:15,278] {processor.py:641} INFO - Processing file /home/airflow/.local/lib/python3.7/site-packages/airflow/example_dags/example_latest_only.py for tasks to queue
[2022-08-02 23:24:15,280] {logging_mixin.py:115} INFO - [2022-08-02 23:24:15,280] {dagbag.py:508} INFO - Filling up the DagBag from /home/airflow/.local/lib/python3.7/site-packages/airflow/example_dags/example_latest_only.py
[2022-08-02 23:24:15,286] {processor.py:651} INFO - DAG(s) dict_keys(['latest_only']) retrieved from /home/airflow/.local/lib/python3.7/site-packages/airflow/example_dags/example_latest_only.py
[2022-08-02 23:24:15,313] {logging_mixin.py:115} INFO - [2022-08-02 23:24:15,313] {dag.py:2420} INFO - Sync 1 DAGs
[2022-08-02 23:24:15,335] {logging_mixin.py:115} INFO - [2022-08-02 23:24:15,335] {dag.py:2972} INFO - Setting next_dagrun for latest_only to 2022-08-02T19:24:15.335365+00:00, run_after=2022-08-02T23:24:15.335365+00:00
[2022-08-02 23:24:15,350] {processor.py:161} INFO - Processing /home/airflow/.local/lib/python3.7/site-packages/airflow/example_dags/example_latest_only.py took 0.078 seconds
[2022-08-02 23:24:47,944] {processor.py:153} INFO - Started process (PID=356) to work on /home/airflow/.local/lib/python3.7/site-packages/airflow/example_dags/example_latest_only.py
[2022-08-02 23:24:47,953] {processor.py:641} INFO - Processing file /home/airflow/.local/lib/python3.7/site-packages/airflow/example_dags/example_latest_only.py for tasks to queue
[2022-08-02 23:24:47,965] {logging_mixin.py:115} INFO - [2022-08-02 23:24:47,965] {dagbag.py:508} INFO - Filling up the DagBag from /home/airflow/.local/lib/python3.7/site-packages/airflow/example_dags/example_latest_only.py
[2022-08-02 23:24:48,007] {processor.py:651} INFO - DAG(s) dict_keys(['latest_only']) retrieved from /home/airflow/.local/lib/python3.7/site-packages/airflow/example_dags/example_latest_only.py
[2022-08-02 23:24:48,207] {logging_mixin.py:115} INFO - [2022-08-02 23:24:48,207] {dag.py:2420} INFO - Sync 1 DAGs
[2022-08-02 23:24:48,275] {logging_mixin.py:115} INFO - [2022-08-02 23:24:48,275] {dag.py:2972} INFO - Setting next_dagrun for latest_only to 2022-08-02T19:24:48.274453+00:00, run_after=2022-08-02T23:24:48.274453+00:00
[2022-08-02 23:24:48,310] {processor.py:161} INFO - Processing /home/airflow/.local/lib/python3.7/site-packages/airflow/example_dags/example_latest_only.py took 0.376 seconds
[2022-08-02 23:25:18,851] {processor.py:153} INFO - Started process (PID=407) to work on /home/airflow/.local/lib/python3.7/site-packages/airflow/example_dags/example_latest_only.py
[2022-08-02 23:25:18,868] {processor.py:641} INFO - Processing file /home/airflow/.local/lib/python3.7/site-packages/airflow/example_dags/example_latest_only.py for tasks to queue
[2022-08-02 23:25:18,879] {logging_mixin.py:115} INFO - [2022-08-02 23:25:18,879] {dagbag.py:508} INFO - Filling up the DagBag from /home/airflow/.local/lib/python3.7/site-packages/airflow/example_dags/example_latest_only.py
[2022-08-02 23:25:18,957] {processor.py:651} INFO - DAG(s) dict_keys(['latest_only']) retrieved from /home/airflow/.local/lib/python3.7/site-packages/airflow/example_dags/example_latest_only.py
[2022-08-02 23:25:19,150] {logging_mixin.py:115} INFO - [2022-08-02 23:25:19,148] {dag.py:2420} INFO - Sync 1 DAGs
[2022-08-02 23:25:19,213] {logging_mixin.py:115} INFO - [2022-08-02 23:25:19,213] {dag.py:2972} INFO - Setting next_dagrun for latest_only to 2022-08-02T19:25:19.212792+00:00, run_after=2022-08-02T23:25:19.212792+00:00
[2022-08-02 23:25:19,245] {processor.py:161} INFO - Processing /home/airflow/.local/lib/python3.7/site-packages/airflow/example_dags/example_latest_only.py took 0.420 seconds
[2022-08-02 23:25:50,081] {processor.py:153} INFO - Started process (PID=459) to work on /home/airflow/.local/lib/python3.7/site-packages/airflow/example_dags/example_latest_only.py
[2022-08-02 23:25:50,086] {processor.py:641} INFO - Processing file /home/airflow/.local/lib/python3.7/site-packages/airflow/example_dags/example_latest_only.py for tasks to queue
[2022-08-02 23:25:50,091] {logging_mixin.py:115} INFO - [2022-08-02 23:25:50,091] {dagbag.py:508} INFO - Filling up the DagBag from /home/airflow/.local/lib/python3.7/site-packages/airflow/example_dags/example_latest_only.py
[2022-08-02 23:25:50,100] {processor.py:651} INFO - DAG(s) dict_keys(['latest_only']) retrieved from /home/airflow/.local/lib/python3.7/site-packages/airflow/example_dags/example_latest_only.py
[2022-08-02 23:25:50,147] {logging_mixin.py:115} INFO - [2022-08-02 23:25:50,146] {dag.py:2420} INFO - Sync 1 DAGs
[2022-08-02 23:25:50,182] {logging_mixin.py:115} INFO - [2022-08-02 23:25:50,182] {dag.py:2972} INFO - Setting next_dagrun for latest_only to 2022-08-02T19:25:50.182407+00:00, run_after=2022-08-02T23:25:50.182407+00:00
[2022-08-02 23:25:50,211] {processor.py:161} INFO - Processing /home/airflow/.local/lib/python3.7/site-packages/airflow/example_dags/example_latest_only.py took 0.133 seconds
[2022-08-02 23:26:21,081] {processor.py:153} INFO - Started process (PID=511) to work on /home/airflow/.local/lib/python3.7/site-packages/airflow/example_dags/example_latest_only.py
[2022-08-02 23:26:21,083] {processor.py:641} INFO - Processing file /home/airflow/.local/lib/python3.7/site-packages/airflow/example_dags/example_latest_only.py for tasks to queue
[2022-08-02 23:26:21,085] {logging_mixin.py:115} INFO - [2022-08-02 23:26:21,085] {dagbag.py:508} INFO - Filling up the DagBag from /home/airflow/.local/lib/python3.7/site-packages/airflow/example_dags/example_latest_only.py
[2022-08-02 23:26:21,094] {processor.py:651} INFO - DAG(s) dict_keys(['latest_only']) retrieved from /home/airflow/.local/lib/python3.7/site-packages/airflow/example_dags/example_latest_only.py
[2022-08-02 23:26:21,145] {logging_mixin.py:115} INFO - [2022-08-02 23:26:21,145] {dag.py:2420} INFO - Sync 1 DAGs
[2022-08-02 23:26:21,174] {logging_mixin.py:115} INFO - [2022-08-02 23:26:21,174] {dag.py:2972} INFO - Setting next_dagrun for latest_only to 2022-08-02T19:26:21.174364+00:00, run_after=2022-08-02T23:26:21.174364+00:00
[2022-08-02 23:26:21,192] {processor.py:161} INFO - Processing /home/airflow/.local/lib/python3.7/site-packages/airflow/example_dags/example_latest_only.py took 0.114 seconds
[2022-08-02 23:26:52,468] {processor.py:153} INFO - Started process (PID=572) to work on /home/airflow/.local/lib/python3.7/site-packages/airflow/example_dags/example_latest_only.py
[2022-08-02 23:26:52,484] {processor.py:641} INFO - Processing file /home/airflow/.local/lib/python3.7/site-packages/airflow/example_dags/example_latest_only.py for tasks to queue
[2022-08-02 23:26:52,498] {logging_mixin.py:115} INFO - [2022-08-02 23:26:52,498] {dagbag.py:508} INFO - Filling up the DagBag from /home/airflow/.local/lib/python3.7/site-packages/airflow/example_dags/example_latest_only.py
[2022-08-02 23:26:52,553] {processor.py:651} INFO - DAG(s) dict_keys(['latest_only']) retrieved from /home/airflow/.local/lib/python3.7/site-packages/airflow/example_dags/example_latest_only.py
[2022-08-02 23:26:52,746] {logging_mixin.py:115} INFO - [2022-08-02 23:26:52,746] {dag.py:2420} INFO - Sync 1 DAGs
[2022-08-02 23:26:52,834] {logging_mixin.py:115} INFO - [2022-08-02 23:26:52,833] {dag.py:2972} INFO - Setting next_dagrun for latest_only to 2022-08-02T19:26:52.832147+00:00, run_after=2022-08-02T23:26:52.832147+00:00
[2022-08-02 23:26:52,941] {processor.py:161} INFO - Processing /home/airflow/.local/lib/python3.7/site-packages/airflow/example_dags/example_latest_only.py took 0.479 seconds
[2022-08-02 23:27:23,611] {processor.py:153} INFO - Started process (PID=623) to work on /home/airflow/.local/lib/python3.7/site-packages/airflow/example_dags/example_latest_only.py
[2022-08-02 23:27:23,621] {processor.py:641} INFO - Processing file /home/airflow/.local/lib/python3.7/site-packages/airflow/example_dags/example_latest_only.py for tasks to queue
[2022-08-02 23:27:23,625] {logging_mixin.py:115} INFO - [2022-08-02 23:27:23,625] {dagbag.py:508} INFO - Filling up the DagBag from /home/airflow/.local/lib/python3.7/site-packages/airflow/example_dags/example_latest_only.py
[2022-08-02 23:27:23,635] {processor.py:651} INFO - DAG(s) dict_keys(['latest_only']) retrieved from /home/airflow/.local/lib/python3.7/site-packages/airflow/example_dags/example_latest_only.py
[2022-08-02 23:27:23,689] {logging_mixin.py:115} INFO - [2022-08-02 23:27:23,689] {dag.py:2420} INFO - Sync 1 DAGs
[2022-08-02 23:27:23,748] {logging_mixin.py:115} INFO - [2022-08-02 23:27:23,748] {dag.py:2972} INFO - Setting next_dagrun for latest_only to 2022-08-02T19:27:23.747302+00:00, run_after=2022-08-02T23:27:23.747302+00:00
[2022-08-02 23:27:23,785] {processor.py:161} INFO - Processing /home/airflow/.local/lib/python3.7/site-packages/airflow/example_dags/example_latest_only.py took 0.183 seconds
[2022-08-02 23:27:54,325] {processor.py:153} INFO - Started process (PID=674) to work on /home/airflow/.local/lib/python3.7/site-packages/airflow/example_dags/example_latest_only.py
[2022-08-02 23:27:54,327] {processor.py:641} INFO - Processing file /home/airflow/.local/lib/python3.7/site-packages/airflow/example_dags/example_latest_only.py for tasks to queue
[2022-08-02 23:27:54,329] {logging_mixin.py:115} INFO - [2022-08-02 23:27:54,329] {dagbag.py:508} INFO - Filling up the DagBag from /home/airflow/.local/lib/python3.7/site-packages/airflow/example_dags/example_latest_only.py
[2022-08-02 23:27:54,335] {processor.py:651} INFO - DAG(s) dict_keys(['latest_only']) retrieved from /home/airflow/.local/lib/python3.7/site-packages/airflow/example_dags/example_latest_only.py
[2022-08-02 23:27:54,361] {logging_mixin.py:115} INFO - [2022-08-02 23:27:54,361] {dag.py:2420} INFO - Sync 1 DAGs
[2022-08-02 23:27:54,381] {logging_mixin.py:115} INFO - [2022-08-02 23:27:54,381] {dag.py:2972} INFO - Setting next_dagrun for latest_only to 2022-08-02T19:27:54.381441+00:00, run_after=2022-08-02T23:27:54.381441+00:00
[2022-08-02 23:27:54,396] {processor.py:161} INFO - Processing /home/airflow/.local/lib/python3.7/site-packages/airflow/example_dags/example_latest_only.py took 0.075 seconds
[2022-08-02 23:28:26,520] {processor.py:153} INFO - Started process (PID=727) to work on /home/airflow/.local/lib/python3.7/site-packages/airflow/example_dags/example_latest_only.py
[2022-08-02 23:28:26,530] {processor.py:641} INFO - Processing file /home/airflow/.local/lib/python3.7/site-packages/airflow/example_dags/example_latest_only.py for tasks to queue
[2022-08-02 23:28:26,543] {logging_mixin.py:115} INFO - [2022-08-02 23:28:26,543] {dagbag.py:508} INFO - Filling up the DagBag from /home/airflow/.local/lib/python3.7/site-packages/airflow/example_dags/example_latest_only.py
[2022-08-02 23:28:26,570] {processor.py:651} INFO - DAG(s) dict_keys(['latest_only']) retrieved from /home/airflow/.local/lib/python3.7/site-packages/airflow/example_dags/example_latest_only.py
[2022-08-02 23:28:26,798] {logging_mixin.py:115} INFO - [2022-08-02 23:28:26,798] {dag.py:2420} INFO - Sync 1 DAGs
[2022-08-02 23:28:26,920] {logging_mixin.py:115} INFO - [2022-08-02 23:28:26,919] {dag.py:2972} INFO - Setting next_dagrun for latest_only to 2022-08-02T19:28:26.918441+00:00, run_after=2022-08-02T23:28:26.918441+00:00
[2022-08-02 23:28:26,950] {processor.py:161} INFO - Processing /home/airflow/.local/lib/python3.7/site-packages/airflow/example_dags/example_latest_only.py took 0.590 seconds
[2022-08-02 23:28:57,246] {processor.py:153} INFO - Started process (PID=779) to work on /home/airflow/.local/lib/python3.7/site-packages/airflow/example_dags/example_latest_only.py
[2022-08-02 23:28:57,249] {processor.py:641} INFO - Processing file /home/airflow/.local/lib/python3.7/site-packages/airflow/example_dags/example_latest_only.py for tasks to queue
[2022-08-02 23:28:57,252] {logging_mixin.py:115} INFO - [2022-08-02 23:28:57,252] {dagbag.py:508} INFO - Filling up the DagBag from /home/airflow/.local/lib/python3.7/site-packages/airflow/example_dags/example_latest_only.py
[2022-08-02 23:28:57,261] {processor.py:651} INFO - DAG(s) dict_keys(['latest_only']) retrieved from /home/airflow/.local/lib/python3.7/site-packages/airflow/example_dags/example_latest_only.py
[2022-08-02 23:28:57,410] {logging_mixin.py:115} INFO - [2022-08-02 23:28:57,410] {dag.py:2420} INFO - Sync 1 DAGs
[2022-08-02 23:28:57,451] {logging_mixin.py:115} INFO - [2022-08-02 23:28:57,451] {dag.py:2972} INFO - Setting next_dagrun for latest_only to 2022-08-02T19:28:57.451180+00:00, run_after=2022-08-02T23:28:57.451180+00:00
[2022-08-02 23:28:57,490] {processor.py:161} INFO - Processing /home/airflow/.local/lib/python3.7/site-packages/airflow/example_dags/example_latest_only.py took 0.251 seconds
[2022-08-02 23:29:27,570] {processor.py:153} INFO - Started process (PID=830) to work on /home/airflow/.local/lib/python3.7/site-packages/airflow/example_dags/example_latest_only.py
[2022-08-02 23:29:27,574] {processor.py:641} INFO - Processing file /home/airflow/.local/lib/python3.7/site-packages/airflow/example_dags/example_latest_only.py for tasks to queue
[2022-08-02 23:29:27,577] {logging_mixin.py:115} INFO - [2022-08-02 23:29:27,577] {dagbag.py:508} INFO - Filling up the DagBag from /home/airflow/.local/lib/python3.7/site-packages/airflow/example_dags/example_latest_only.py
[2022-08-02 23:29:27,585] {processor.py:651} INFO - DAG(s) dict_keys(['latest_only']) retrieved from /home/airflow/.local/lib/python3.7/site-packages/airflow/example_dags/example_latest_only.py
[2022-08-02 23:29:27,618] {logging_mixin.py:115} INFO - [2022-08-02 23:29:27,618] {dag.py:2420} INFO - Sync 1 DAGs
[2022-08-02 23:29:27,642] {logging_mixin.py:115} INFO - [2022-08-02 23:29:27,642] {dag.py:2972} INFO - Setting next_dagrun for latest_only to 2022-08-02T19:29:27.641729+00:00, run_after=2022-08-02T23:29:27.641729+00:00
[2022-08-02 23:29:27,665] {processor.py:161} INFO - Processing /home/airflow/.local/lib/python3.7/site-packages/airflow/example_dags/example_latest_only.py took 0.099 seconds
[2022-08-02 23:29:57,830] {processor.py:153} INFO - Started process (PID=882) to work on /home/airflow/.local/lib/python3.7/site-packages/airflow/example_dags/example_latest_only.py
[2022-08-02 23:29:57,834] {processor.py:641} INFO - Processing file /home/airflow/.local/lib/python3.7/site-packages/airflow/example_dags/example_latest_only.py for tasks to queue
[2022-08-02 23:29:57,837] {logging_mixin.py:115} INFO - [2022-08-02 23:29:57,836] {dagbag.py:508} INFO - Filling up the DagBag from /home/airflow/.local/lib/python3.7/site-packages/airflow/example_dags/example_latest_only.py
[2022-08-02 23:29:57,848] {processor.py:651} INFO - DAG(s) dict_keys(['latest_only']) retrieved from /home/airflow/.local/lib/python3.7/site-packages/airflow/example_dags/example_latest_only.py
[2022-08-02 23:29:57,941] {logging_mixin.py:115} INFO - [2022-08-02 23:29:57,941] {dag.py:2420} INFO - Sync 1 DAGs
[2022-08-02 23:29:57,976] {logging_mixin.py:115} INFO - [2022-08-02 23:29:57,976] {dag.py:2972} INFO - Setting next_dagrun for latest_only to 2022-08-02T19:29:57.976092+00:00, run_after=2022-08-02T23:29:57.976092+00:00
[2022-08-02 23:29:58,002] {processor.py:161} INFO - Processing /home/airflow/.local/lib/python3.7/site-packages/airflow/example_dags/example_latest_only.py took 0.176 seconds
[2022-08-02 23:30:28,507] {processor.py:153} INFO - Started process (PID=935) to work on /home/airflow/.local/lib/python3.7/site-packages/airflow/example_dags/example_latest_only.py
[2022-08-02 23:30:28,523] {processor.py:641} INFO - Processing file /home/airflow/.local/lib/python3.7/site-packages/airflow/example_dags/example_latest_only.py for tasks to queue
[2022-08-02 23:30:28,528] {logging_mixin.py:115} INFO - [2022-08-02 23:30:28,527] {dagbag.py:508} INFO - Filling up the DagBag from /home/airflow/.local/lib/python3.7/site-packages/airflow/example_dags/example_latest_only.py
[2022-08-02 23:30:28,551] {processor.py:651} INFO - DAG(s) dict_keys(['latest_only']) retrieved from /home/airflow/.local/lib/python3.7/site-packages/airflow/example_dags/example_latest_only.py
[2022-08-02 23:30:28,625] {logging_mixin.py:115} INFO - [2022-08-02 23:30:28,625] {dag.py:2420} INFO - Sync 1 DAGs
[2022-08-02 23:30:28,664] {logging_mixin.py:115} INFO - [2022-08-02 23:30:28,663] {dag.py:2972} INFO - Setting next_dagrun for latest_only to 2022-08-02T19:30:28.663530+00:00, run_after=2022-08-02T23:30:28.663530+00:00
[2022-08-02 23:30:28,702] {processor.py:161} INFO - Processing /home/airflow/.local/lib/python3.7/site-packages/airflow/example_dags/example_latest_only.py took 0.199 seconds
[2022-08-02 23:30:59,781] {processor.py:153} INFO - Started process (PID=997) to work on /home/airflow/.local/lib/python3.7/site-packages/airflow/example_dags/example_latest_only.py
[2022-08-02 23:30:59,797] {processor.py:641} INFO - Processing file /home/airflow/.local/lib/python3.7/site-packages/airflow/example_dags/example_latest_only.py for tasks to queue
[2022-08-02 23:30:59,807] {logging_mixin.py:115} INFO - [2022-08-02 23:30:59,807] {dagbag.py:508} INFO - Filling up the DagBag from /home/airflow/.local/lib/python3.7/site-packages/airflow/example_dags/example_latest_only.py
[2022-08-02 23:30:59,822] {processor.py:651} INFO - DAG(s) dict_keys(['latest_only']) retrieved from /home/airflow/.local/lib/python3.7/site-packages/airflow/example_dags/example_latest_only.py
[2022-08-02 23:30:59,969] {logging_mixin.py:115} INFO - [2022-08-02 23:30:59,969] {dag.py:2420} INFO - Sync 1 DAGs
[2022-08-02 23:31:00,285] {logging_mixin.py:115} INFO - [2022-08-02 23:31:00,285] {dag.py:2972} INFO - Setting next_dagrun for latest_only to 2022-08-02T19:31:00.285307+00:00, run_after=2022-08-02T23:31:00.285307+00:00
[2022-08-02 23:31:00,346] {processor.py:161} INFO - Processing /home/airflow/.local/lib/python3.7/site-packages/airflow/example_dags/example_latest_only.py took 0.582 seconds
[2022-08-02 23:31:30,458] {processor.py:153} INFO - Started process (PID=1049) to work on /home/airflow/.local/lib/python3.7/site-packages/airflow/example_dags/example_latest_only.py
[2022-08-02 23:31:30,464] {processor.py:641} INFO - Processing file /home/airflow/.local/lib/python3.7/site-packages/airflow/example_dags/example_latest_only.py for tasks to queue
[2022-08-02 23:31:30,467] {logging_mixin.py:115} INFO - [2022-08-02 23:31:30,467] {dagbag.py:508} INFO - Filling up the DagBag from /home/airflow/.local/lib/python3.7/site-packages/airflow/example_dags/example_latest_only.py
[2022-08-02 23:31:30,476] {processor.py:651} INFO - DAG(s) dict_keys(['latest_only']) retrieved from /home/airflow/.local/lib/python3.7/site-packages/airflow/example_dags/example_latest_only.py
[2022-08-02 23:31:30,527] {logging_mixin.py:115} INFO - [2022-08-02 23:31:30,527] {dag.py:2420} INFO - Sync 1 DAGs
[2022-08-02 23:31:30,554] {logging_mixin.py:115} INFO - [2022-08-02 23:31:30,554] {dag.py:2972} INFO - Setting next_dagrun for latest_only to 2022-08-02T19:31:30.553892+00:00, run_after=2022-08-02T23:31:30.553892+00:00
[2022-08-02 23:31:30,575] {processor.py:161} INFO - Processing /home/airflow/.local/lib/python3.7/site-packages/airflow/example_dags/example_latest_only.py took 0.121 seconds
[2022-08-02 23:32:01,215] {processor.py:153} INFO - Started process (PID=1101) to work on /home/airflow/.local/lib/python3.7/site-packages/airflow/example_dags/example_latest_only.py
[2022-08-02 23:32:01,226] {processor.py:641} INFO - Processing file /home/airflow/.local/lib/python3.7/site-packages/airflow/example_dags/example_latest_only.py for tasks to queue
[2022-08-02 23:32:01,238] {logging_mixin.py:115} INFO - [2022-08-02 23:32:01,238] {dagbag.py:508} INFO - Filling up the DagBag from /home/airflow/.local/lib/python3.7/site-packages/airflow/example_dags/example_latest_only.py
[2022-08-02 23:32:01,258] {processor.py:651} INFO - DAG(s) dict_keys(['latest_only']) retrieved from /home/airflow/.local/lib/python3.7/site-packages/airflow/example_dags/example_latest_only.py
[2022-08-02 23:32:01,333] {logging_mixin.py:115} INFO - [2022-08-02 23:32:01,333] {dag.py:2420} INFO - Sync 1 DAGs
[2022-08-02 23:32:01,356] {logging_mixin.py:115} INFO - [2022-08-02 23:32:01,356] {dag.py:2972} INFO - Setting next_dagrun for latest_only to 2022-08-02T19:32:01.355852+00:00, run_after=2022-08-02T23:32:01.355852+00:00
[2022-08-02 23:32:01,370] {processor.py:161} INFO - Processing /home/airflow/.local/lib/python3.7/site-packages/airflow/example_dags/example_latest_only.py took 0.163 seconds
[2022-08-02 23:32:31,631] {processor.py:153} INFO - Started process (PID=1153) to work on /home/airflow/.local/lib/python3.7/site-packages/airflow/example_dags/example_latest_only.py
[2022-08-02 23:32:31,634] {processor.py:641} INFO - Processing file /home/airflow/.local/lib/python3.7/site-packages/airflow/example_dags/example_latest_only.py for tasks to queue
[2022-08-02 23:32:31,637] {logging_mixin.py:115} INFO - [2022-08-02 23:32:31,637] {dagbag.py:508} INFO - Filling up the DagBag from /home/airflow/.local/lib/python3.7/site-packages/airflow/example_dags/example_latest_only.py
[2022-08-02 23:32:31,647] {processor.py:651} INFO - DAG(s) dict_keys(['latest_only']) retrieved from /home/airflow/.local/lib/python3.7/site-packages/airflow/example_dags/example_latest_only.py
[2022-08-02 23:32:31,676] {logging_mixin.py:115} INFO - [2022-08-02 23:32:31,676] {dag.py:2420} INFO - Sync 1 DAGs
[2022-08-02 23:32:31,696] {logging_mixin.py:115} INFO - [2022-08-02 23:32:31,696] {dag.py:2972} INFO - Setting next_dagrun for latest_only to 2022-08-02T19:32:31.696218+00:00, run_after=2022-08-02T23:32:31.696218+00:00
[2022-08-02 23:32:31,709] {processor.py:161} INFO - Processing /home/airflow/.local/lib/python3.7/site-packages/airflow/example_dags/example_latest_only.py took 0.082 seconds
[2022-08-02 23:33:01,829] {processor.py:153} INFO - Started process (PID=1214) to work on /home/airflow/.local/lib/python3.7/site-packages/airflow/example_dags/example_latest_only.py
[2022-08-02 23:33:01,836] {processor.py:641} INFO - Processing file /home/airflow/.local/lib/python3.7/site-packages/airflow/example_dags/example_latest_only.py for tasks to queue
[2022-08-02 23:33:01,842] {logging_mixin.py:115} INFO - [2022-08-02 23:33:01,842] {dagbag.py:508} INFO - Filling up the DagBag from /home/airflow/.local/lib/python3.7/site-packages/airflow/example_dags/example_latest_only.py
[2022-08-02 23:33:01,855] {processor.py:651} INFO - DAG(s) dict_keys(['latest_only']) retrieved from /home/airflow/.local/lib/python3.7/site-packages/airflow/example_dags/example_latest_only.py
[2022-08-02 23:33:01,944] {logging_mixin.py:115} INFO - [2022-08-02 23:33:01,944] {dag.py:2420} INFO - Sync 1 DAGs
[2022-08-02 23:33:01,984] {logging_mixin.py:115} INFO - [2022-08-02 23:33:01,984] {dag.py:2972} INFO - Setting next_dagrun for latest_only to 2022-08-02T19:33:01.984607+00:00, run_after=2022-08-02T23:33:01.984607+00:00
[2022-08-02 23:33:02,032] {processor.py:161} INFO - Processing /home/airflow/.local/lib/python3.7/site-packages/airflow/example_dags/example_latest_only.py took 0.211 seconds
[2022-08-02 23:33:33,010] {processor.py:153} INFO - Started process (PID=1265) to work on /home/airflow/.local/lib/python3.7/site-packages/airflow/example_dags/example_latest_only.py
[2022-08-02 23:33:33,026] {processor.py:641} INFO - Processing file /home/airflow/.local/lib/python3.7/site-packages/airflow/example_dags/example_latest_only.py for tasks to queue
[2022-08-02 23:33:33,030] {logging_mixin.py:115} INFO - [2022-08-02 23:33:33,030] {dagbag.py:508} INFO - Filling up the DagBag from /home/airflow/.local/lib/python3.7/site-packages/airflow/example_dags/example_latest_only.py
[2022-08-02 23:33:33,044] {processor.py:651} INFO - DAG(s) dict_keys(['latest_only']) retrieved from /home/airflow/.local/lib/python3.7/site-packages/airflow/example_dags/example_latest_only.py
[2022-08-02 23:33:33,187] {logging_mixin.py:115} INFO - [2022-08-02 23:33:33,187] {dag.py:2420} INFO - Sync 1 DAGs
[2022-08-02 23:33:33,463] {logging_mixin.py:115} INFO - [2022-08-02 23:33:33,463] {dag.py:2972} INFO - Setting next_dagrun for latest_only to 2022-08-02T19:33:33.462434+00:00, run_after=2022-08-02T23:33:33.462434+00:00
[2022-08-02 23:33:33,548] {processor.py:161} INFO - Processing /home/airflow/.local/lib/python3.7/site-packages/airflow/example_dags/example_latest_only.py took 0.562 seconds
[2022-08-02 23:34:04,587] {processor.py:153} INFO - Started process (PID=1323) to work on /home/airflow/.local/lib/python3.7/site-packages/airflow/example_dags/example_latest_only.py
[2022-08-02 23:34:04,612] {processor.py:641} INFO - Processing file /home/airflow/.local/lib/python3.7/site-packages/airflow/example_dags/example_latest_only.py for tasks to queue
[2022-08-02 23:34:04,625] {logging_mixin.py:115} INFO - [2022-08-02 23:34:04,625] {dagbag.py:508} INFO - Filling up the DagBag from /home/airflow/.local/lib/python3.7/site-packages/airflow/example_dags/example_latest_only.py
[2022-08-02 23:34:05,220] {processor.py:651} INFO - DAG(s) dict_keys(['latest_only']) retrieved from /home/airflow/.local/lib/python3.7/site-packages/airflow/example_dags/example_latest_only.py
[2022-08-02 23:34:06,092] {logging_mixin.py:115} INFO - [2022-08-02 23:34:06,092] {dag.py:2420} INFO - Sync 1 DAGs
[2022-08-02 23:34:06,273] {logging_mixin.py:115} INFO - [2022-08-02 23:34:06,273] {dag.py:2972} INFO - Setting next_dagrun for latest_only to 2022-08-02T19:34:06.269993+00:00, run_after=2022-08-02T23:34:06.269993+00:00
[2022-08-02 23:34:06,356] {processor.py:161} INFO - Processing /home/airflow/.local/lib/python3.7/site-packages/airflow/example_dags/example_latest_only.py took 1.863 seconds
[2022-08-02 23:34:36,687] {processor.py:153} INFO - Started process (PID=1378) to work on /home/airflow/.local/lib/python3.7/site-packages/airflow/example_dags/example_latest_only.py
[2022-08-02 23:34:36,691] {processor.py:641} INFO - Processing file /home/airflow/.local/lib/python3.7/site-packages/airflow/example_dags/example_latest_only.py for tasks to queue
[2022-08-02 23:34:36,693] {logging_mixin.py:115} INFO - [2022-08-02 23:34:36,693] {dagbag.py:508} INFO - Filling up the DagBag from /home/airflow/.local/lib/python3.7/site-packages/airflow/example_dags/example_latest_only.py
[2022-08-02 23:34:36,701] {processor.py:651} INFO - DAG(s) dict_keys(['latest_only']) retrieved from /home/airflow/.local/lib/python3.7/site-packages/airflow/example_dags/example_latest_only.py
[2022-08-02 23:34:36,737] {logging_mixin.py:115} INFO - [2022-08-02 23:34:36,737] {dag.py:2420} INFO - Sync 1 DAGs
[2022-08-02 23:34:36,778] {logging_mixin.py:115} INFO - [2022-08-02 23:34:36,778] {dag.py:2972} INFO - Setting next_dagrun for latest_only to 2022-08-02T19:34:36.778378+00:00, run_after=2022-08-02T23:34:36.778378+00:00
[2022-08-02 23:34:36,798] {processor.py:161} INFO - Processing /home/airflow/.local/lib/python3.7/site-packages/airflow/example_dags/example_latest_only.py took 0.115 seconds
[2022-08-02 23:35:23,119] {processor.py:153} INFO - Started process (PID=1441) to work on /home/airflow/.local/lib/python3.7/site-packages/airflow/example_dags/example_latest_only.py
[2022-08-02 23:35:23,148] {processor.py:641} INFO - Processing file /home/airflow/.local/lib/python3.7/site-packages/airflow/example_dags/example_latest_only.py for tasks to queue
[2022-08-02 23:35:23,180] {logging_mixin.py:115} INFO - [2022-08-02 23:35:23,180] {dagbag.py:508} INFO - Filling up the DagBag from /home/airflow/.local/lib/python3.7/site-packages/airflow/example_dags/example_latest_only.py
[2022-08-02 23:35:23,259] {processor.py:651} INFO - DAG(s) dict_keys(['latest_only']) retrieved from /home/airflow/.local/lib/python3.7/site-packages/airflow/example_dags/example_latest_only.py
[2022-08-02 23:35:23,414] {logging_mixin.py:115} INFO - [2022-08-02 23:35:23,414] {dag.py:2420} INFO - Sync 1 DAGs
[2022-08-02 23:35:23,644] {logging_mixin.py:115} INFO - [2022-08-02 23:35:23,644] {dag.py:2972} INFO - Setting next_dagrun for latest_only to 2022-08-02T19:35:23.641804+00:00, run_after=2022-08-02T23:35:23.641804+00:00
[2022-08-02 23:35:23,810] {processor.py:161} INFO - Processing /home/airflow/.local/lib/python3.7/site-packages/airflow/example_dags/example_latest_only.py took 0.720 seconds
[2022-08-02 23:35:54,270] {processor.py:153} INFO - Started process (PID=1494) to work on /home/airflow/.local/lib/python3.7/site-packages/airflow/example_dags/example_latest_only.py
[2022-08-02 23:35:54,273] {processor.py:641} INFO - Processing file /home/airflow/.local/lib/python3.7/site-packages/airflow/example_dags/example_latest_only.py for tasks to queue
[2022-08-02 23:35:54,274] {logging_mixin.py:115} INFO - [2022-08-02 23:35:54,274] {dagbag.py:508} INFO - Filling up the DagBag from /home/airflow/.local/lib/python3.7/site-packages/airflow/example_dags/example_latest_only.py
[2022-08-02 23:35:54,280] {processor.py:651} INFO - DAG(s) dict_keys(['latest_only']) retrieved from /home/airflow/.local/lib/python3.7/site-packages/airflow/example_dags/example_latest_only.py
[2022-08-02 23:35:54,307] {logging_mixin.py:115} INFO - [2022-08-02 23:35:54,307] {dag.py:2420} INFO - Sync 1 DAGs
[2022-08-02 23:35:54,329] {logging_mixin.py:115} INFO - [2022-08-02 23:35:54,329] {dag.py:2972} INFO - Setting next_dagrun for latest_only to 2022-08-02T19:35:54.329032+00:00, run_after=2022-08-02T23:35:54.329032+00:00
[2022-08-02 23:35:54,342] {processor.py:161} INFO - Processing /home/airflow/.local/lib/python3.7/site-packages/airflow/example_dags/example_latest_only.py took 0.074 seconds
[2022-08-02 23:36:24,771] {processor.py:153} INFO - Started process (PID=1547) to work on /home/airflow/.local/lib/python3.7/site-packages/airflow/example_dags/example_latest_only.py
[2022-08-02 23:36:24,776] {processor.py:641} INFO - Processing file /home/airflow/.local/lib/python3.7/site-packages/airflow/example_dags/example_latest_only.py for tasks to queue
[2022-08-02 23:36:24,782] {logging_mixin.py:115} INFO - [2022-08-02 23:36:24,782] {dagbag.py:508} INFO - Filling up the DagBag from /home/airflow/.local/lib/python3.7/site-packages/airflow/example_dags/example_latest_only.py
[2022-08-02 23:36:24,792] {processor.py:651} INFO - DAG(s) dict_keys(['latest_only']) retrieved from /home/airflow/.local/lib/python3.7/site-packages/airflow/example_dags/example_latest_only.py
[2022-08-02 23:36:24,824] {logging_mixin.py:115} INFO - [2022-08-02 23:36:24,824] {dag.py:2420} INFO - Sync 1 DAGs
[2022-08-02 23:36:24,847] {logging_mixin.py:115} INFO - [2022-08-02 23:36:24,847] {dag.py:2972} INFO - Setting next_dagrun for latest_only to 2022-08-02T19:36:24.846708+00:00, run_after=2022-08-02T23:36:24.846708+00:00
[2022-08-02 23:36:24,895] {processor.py:161} INFO - Processing /home/airflow/.local/lib/python3.7/site-packages/airflow/example_dags/example_latest_only.py took 0.129 seconds
[2022-08-02 23:36:55,048] {processor.py:153} INFO - Started process (PID=1607) to work on /home/airflow/.local/lib/python3.7/site-packages/airflow/example_dags/example_latest_only.py
[2022-08-02 23:36:55,052] {processor.py:641} INFO - Processing file /home/airflow/.local/lib/python3.7/site-packages/airflow/example_dags/example_latest_only.py for tasks to queue
[2022-08-02 23:36:55,053] {logging_mixin.py:115} INFO - [2022-08-02 23:36:55,053] {dagbag.py:508} INFO - Filling up the DagBag from /home/airflow/.local/lib/python3.7/site-packages/airflow/example_dags/example_latest_only.py
[2022-08-02 23:36:55,058] {processor.py:651} INFO - DAG(s) dict_keys(['latest_only']) retrieved from /home/airflow/.local/lib/python3.7/site-packages/airflow/example_dags/example_latest_only.py
[2022-08-02 23:36:55,084] {logging_mixin.py:115} INFO - [2022-08-02 23:36:55,083] {dag.py:2420} INFO - Sync 1 DAGs
[2022-08-02 23:36:55,106] {logging_mixin.py:115} INFO - [2022-08-02 23:36:55,106] {dag.py:2972} INFO - Setting next_dagrun for latest_only to 2022-08-02T19:36:55.106027+00:00, run_after=2022-08-02T23:36:55.106027+00:00
[2022-08-02 23:36:55,120] {processor.py:161} INFO - Processing /home/airflow/.local/lib/python3.7/site-packages/airflow/example_dags/example_latest_only.py took 0.075 seconds
[2022-08-02 23:37:25,611] {processor.py:153} INFO - Started process (PID=1659) to work on /home/airflow/.local/lib/python3.7/site-packages/airflow/example_dags/example_latest_only.py
[2022-08-02 23:37:25,629] {processor.py:641} INFO - Processing file /home/airflow/.local/lib/python3.7/site-packages/airflow/example_dags/example_latest_only.py for tasks to queue
[2022-08-02 23:37:25,643] {logging_mixin.py:115} INFO - [2022-08-02 23:37:25,642] {dagbag.py:508} INFO - Filling up the DagBag from /home/airflow/.local/lib/python3.7/site-packages/airflow/example_dags/example_latest_only.py
[2022-08-02 23:37:25,688] {processor.py:651} INFO - DAG(s) dict_keys(['latest_only']) retrieved from /home/airflow/.local/lib/python3.7/site-packages/airflow/example_dags/example_latest_only.py
[2022-08-02 23:37:25,811] {logging_mixin.py:115} INFO - [2022-08-02 23:37:25,811] {dag.py:2420} INFO - Sync 1 DAGs
[2022-08-02 23:37:25,855] {logging_mixin.py:115} INFO - [2022-08-02 23:37:25,855] {dag.py:2972} INFO - Setting next_dagrun for latest_only to 2022-08-02T19:37:25.855166+00:00, run_after=2022-08-02T23:37:25.855166+00:00
[2022-08-02 23:37:25,881] {processor.py:161} INFO - Processing /home/airflow/.local/lib/python3.7/site-packages/airflow/example_dags/example_latest_only.py took 0.277 seconds
[2022-08-02 23:37:55,992] {processor.py:153} INFO - Started process (PID=1720) to work on /home/airflow/.local/lib/python3.7/site-packages/airflow/example_dags/example_latest_only.py
[2022-08-02 23:37:55,995] {processor.py:641} INFO - Processing file /home/airflow/.local/lib/python3.7/site-packages/airflow/example_dags/example_latest_only.py for tasks to queue
[2022-08-02 23:37:55,996] {logging_mixin.py:115} INFO - [2022-08-02 23:37:55,996] {dagbag.py:508} INFO - Filling up the DagBag from /home/airflow/.local/lib/python3.7/site-packages/airflow/example_dags/example_latest_only.py
[2022-08-02 23:37:56,006] {processor.py:651} INFO - DAG(s) dict_keys(['latest_only']) retrieved from /home/airflow/.local/lib/python3.7/site-packages/airflow/example_dags/example_latest_only.py
[2022-08-02 23:37:56,043] {logging_mixin.py:115} INFO - [2022-08-02 23:37:56,042] {dag.py:2420} INFO - Sync 1 DAGs
[2022-08-02 23:37:56,062] {logging_mixin.py:115} INFO - [2022-08-02 23:37:56,062] {dag.py:2972} INFO - Setting next_dagrun for latest_only to 2022-08-02T19:37:56.062423+00:00, run_after=2022-08-02T23:37:56.062423+00:00
[2022-08-02 23:37:56,077] {processor.py:161} INFO - Processing /home/airflow/.local/lib/python3.7/site-packages/airflow/example_dags/example_latest_only.py took 0.088 seconds
[2022-08-02 23:38:26,451] {processor.py:153} INFO - Started process (PID=1781) to work on /home/airflow/.local/lib/python3.7/site-packages/airflow/example_dags/example_latest_only.py
[2022-08-02 23:38:26,453] {processor.py:641} INFO - Processing file /home/airflow/.local/lib/python3.7/site-packages/airflow/example_dags/example_latest_only.py for tasks to queue
[2022-08-02 23:38:26,455] {logging_mixin.py:115} INFO - [2022-08-02 23:38:26,455] {dagbag.py:508} INFO - Filling up the DagBag from /home/airflow/.local/lib/python3.7/site-packages/airflow/example_dags/example_latest_only.py
[2022-08-02 23:38:26,462] {processor.py:651} INFO - DAG(s) dict_keys(['latest_only']) retrieved from /home/airflow/.local/lib/python3.7/site-packages/airflow/example_dags/example_latest_only.py
[2022-08-02 23:38:26,487] {logging_mixin.py:115} INFO - [2022-08-02 23:38:26,487] {dag.py:2420} INFO - Sync 1 DAGs
[2022-08-02 23:38:26,508] {logging_mixin.py:115} INFO - [2022-08-02 23:38:26,508] {dag.py:2972} INFO - Setting next_dagrun for latest_only to 2022-08-02T19:38:26.508235+00:00, run_after=2022-08-02T23:38:26.508235+00:00
[2022-08-02 23:38:26,524] {processor.py:161} INFO - Processing /home/airflow/.local/lib/python3.7/site-packages/airflow/example_dags/example_latest_only.py took 0.076 seconds
[2022-08-02 23:38:56,588] {processor.py:153} INFO - Started process (PID=1833) to work on /home/airflow/.local/lib/python3.7/site-packages/airflow/example_dags/example_latest_only.py
[2022-08-02 23:38:56,591] {processor.py:641} INFO - Processing file /home/airflow/.local/lib/python3.7/site-packages/airflow/example_dags/example_latest_only.py for tasks to queue
[2022-08-02 23:38:56,595] {logging_mixin.py:115} INFO - [2022-08-02 23:38:56,595] {dagbag.py:508} INFO - Filling up the DagBag from /home/airflow/.local/lib/python3.7/site-packages/airflow/example_dags/example_latest_only.py
[2022-08-02 23:38:56,607] {processor.py:651} INFO - DAG(s) dict_keys(['latest_only']) retrieved from /home/airflow/.local/lib/python3.7/site-packages/airflow/example_dags/example_latest_only.py
[2022-08-02 23:38:56,651] {logging_mixin.py:115} INFO - [2022-08-02 23:38:56,651] {dag.py:2420} INFO - Sync 1 DAGs
[2022-08-02 23:38:56,692] {logging_mixin.py:115} INFO - [2022-08-02 23:38:56,692] {dag.py:2972} INFO - Setting next_dagrun for latest_only to 2022-08-02T19:38:56.691963+00:00, run_after=2022-08-02T23:38:56.691963+00:00
[2022-08-02 23:38:56,711] {processor.py:161} INFO - Processing /home/airflow/.local/lib/python3.7/site-packages/airflow/example_dags/example_latest_only.py took 0.127 seconds
[2022-08-02 23:39:27,047] {processor.py:153} INFO - Started process (PID=1894) to work on /home/airflow/.local/lib/python3.7/site-packages/airflow/example_dags/example_latest_only.py
[2022-08-02 23:39:27,049] {processor.py:641} INFO - Processing file /home/airflow/.local/lib/python3.7/site-packages/airflow/example_dags/example_latest_only.py for tasks to queue
[2022-08-02 23:39:27,051] {logging_mixin.py:115} INFO - [2022-08-02 23:39:27,051] {dagbag.py:508} INFO - Filling up the DagBag from /home/airflow/.local/lib/python3.7/site-packages/airflow/example_dags/example_latest_only.py
[2022-08-02 23:39:27,058] {processor.py:651} INFO - DAG(s) dict_keys(['latest_only']) retrieved from /home/airflow/.local/lib/python3.7/site-packages/airflow/example_dags/example_latest_only.py
[2022-08-02 23:39:27,084] {logging_mixin.py:115} INFO - [2022-08-02 23:39:27,084] {dag.py:2420} INFO - Sync 1 DAGs
[2022-08-02 23:39:27,100] {logging_mixin.py:115} INFO - [2022-08-02 23:39:27,100] {dag.py:2972} INFO - Setting next_dagrun for latest_only to 2022-08-02T19:39:27.100578+00:00, run_after=2022-08-02T23:39:27.100578+00:00
[2022-08-02 23:39:27,113] {processor.py:161} INFO - Processing /home/airflow/.local/lib/python3.7/site-packages/airflow/example_dags/example_latest_only.py took 0.069 seconds
[2022-08-02 23:39:57,660] {processor.py:153} INFO - Started process (PID=1945) to work on /home/airflow/.local/lib/python3.7/site-packages/airflow/example_dags/example_latest_only.py
[2022-08-02 23:39:57,664] {processor.py:641} INFO - Processing file /home/airflow/.local/lib/python3.7/site-packages/airflow/example_dags/example_latest_only.py for tasks to queue
[2022-08-02 23:39:57,667] {logging_mixin.py:115} INFO - [2022-08-02 23:39:57,667] {dagbag.py:508} INFO - Filling up the DagBag from /home/airflow/.local/lib/python3.7/site-packages/airflow/example_dags/example_latest_only.py
[2022-08-02 23:39:57,680] {processor.py:651} INFO - DAG(s) dict_keys(['latest_only']) retrieved from /home/airflow/.local/lib/python3.7/site-packages/airflow/example_dags/example_latest_only.py
[2022-08-02 23:39:57,713] {logging_mixin.py:115} INFO - [2022-08-02 23:39:57,713] {dag.py:2420} INFO - Sync 1 DAGs
[2022-08-02 23:39:57,734] {logging_mixin.py:115} INFO - [2022-08-02 23:39:57,734] {dag.py:2972} INFO - Setting next_dagrun for latest_only to 2022-08-02T19:39:57.734277+00:00, run_after=2022-08-02T23:39:57.734277+00:00
[2022-08-02 23:39:57,751] {processor.py:161} INFO - Processing /home/airflow/.local/lib/python3.7/site-packages/airflow/example_dags/example_latest_only.py took 0.095 seconds
[2022-08-02 23:40:28,325] {processor.py:153} INFO - Started process (PID=1997) to work on /home/airflow/.local/lib/python3.7/site-packages/airflow/example_dags/example_latest_only.py
[2022-08-02 23:40:28,328] {processor.py:641} INFO - Processing file /home/airflow/.local/lib/python3.7/site-packages/airflow/example_dags/example_latest_only.py for tasks to queue
[2022-08-02 23:40:28,330] {logging_mixin.py:115} INFO - [2022-08-02 23:40:28,330] {dagbag.py:508} INFO - Filling up the DagBag from /home/airflow/.local/lib/python3.7/site-packages/airflow/example_dags/example_latest_only.py
[2022-08-02 23:40:28,337] {processor.py:651} INFO - DAG(s) dict_keys(['latest_only']) retrieved from /home/airflow/.local/lib/python3.7/site-packages/airflow/example_dags/example_latest_only.py
[2022-08-02 23:40:28,362] {logging_mixin.py:115} INFO - [2022-08-02 23:40:28,362] {dag.py:2420} INFO - Sync 1 DAGs
[2022-08-02 23:40:28,380] {logging_mixin.py:115} INFO - [2022-08-02 23:40:28,380] {dag.py:2972} INFO - Setting next_dagrun for latest_only to 2022-08-02T19:40:28.379920+00:00, run_after=2022-08-02T23:40:28.379920+00:00
[2022-08-02 23:40:28,391] {processor.py:161} INFO - Processing /home/airflow/.local/lib/python3.7/site-packages/airflow/example_dags/example_latest_only.py took 0.070 seconds
[2022-08-02 23:40:58,602] {processor.py:153} INFO - Started process (PID=2048) to work on /home/airflow/.local/lib/python3.7/site-packages/airflow/example_dags/example_latest_only.py
[2022-08-02 23:40:58,606] {processor.py:641} INFO - Processing file /home/airflow/.local/lib/python3.7/site-packages/airflow/example_dags/example_latest_only.py for tasks to queue
[2022-08-02 23:40:58,609] {logging_mixin.py:115} INFO - [2022-08-02 23:40:58,609] {dagbag.py:508} INFO - Filling up the DagBag from /home/airflow/.local/lib/python3.7/site-packages/airflow/example_dags/example_latest_only.py
[2022-08-02 23:40:58,625] {processor.py:651} INFO - DAG(s) dict_keys(['latest_only']) retrieved from /home/airflow/.local/lib/python3.7/site-packages/airflow/example_dags/example_latest_only.py
[2022-08-02 23:40:58,672] {logging_mixin.py:115} INFO - [2022-08-02 23:40:58,672] {dag.py:2420} INFO - Sync 1 DAGs
[2022-08-02 23:40:58,709] {logging_mixin.py:115} INFO - [2022-08-02 23:40:58,709] {dag.py:2972} INFO - Setting next_dagrun for latest_only to 2022-08-02T19:40:58.708684+00:00, run_after=2022-08-02T23:40:58.708684+00:00
[2022-08-02 23:40:58,729] {processor.py:161} INFO - Processing /home/airflow/.local/lib/python3.7/site-packages/airflow/example_dags/example_latest_only.py took 0.133 seconds
[2022-08-02 23:41:56,292] {processor.py:153} INFO - Started process (PID=2085) to work on /home/airflow/.local/lib/python3.7/site-packages/airflow/example_dags/example_latest_only.py
[2022-08-02 23:41:56,299] {processor.py:641} INFO - Processing file /home/airflow/.local/lib/python3.7/site-packages/airflow/example_dags/example_latest_only.py for tasks to queue
[2022-08-02 23:41:56,304] {logging_mixin.py:115} INFO - [2022-08-02 23:41:56,304] {dagbag.py:508} INFO - Filling up the DagBag from /home/airflow/.local/lib/python3.7/site-packages/airflow/example_dags/example_latest_only.py
[2022-08-02 23:41:56,317] {processor.py:651} INFO - DAG(s) dict_keys(['latest_only']) retrieved from /home/airflow/.local/lib/python3.7/site-packages/airflow/example_dags/example_latest_only.py
[2022-08-02 23:41:56,356] {logging_mixin.py:115} INFO - [2022-08-02 23:41:56,356] {dag.py:2420} INFO - Sync 1 DAGs
[2022-08-02 23:41:56,385] {logging_mixin.py:115} INFO - [2022-08-02 23:41:56,385] {dag.py:2972} INFO - Setting next_dagrun for latest_only to 2022-08-02T19:41:56.385277+00:00, run_after=2022-08-02T23:41:56.385277+00:00
[2022-08-02 23:41:56,442] {processor.py:161} INFO - Processing /home/airflow/.local/lib/python3.7/site-packages/airflow/example_dags/example_latest_only.py took 0.154 seconds
[2022-08-02 23:55:25,324] {processor.py:153} INFO - Started process (PID=2135) to work on /home/airflow/.local/lib/python3.7/site-packages/airflow/example_dags/example_latest_only.py
[2022-08-02 23:55:25,330] {processor.py:641} INFO - Processing file /home/airflow/.local/lib/python3.7/site-packages/airflow/example_dags/example_latest_only.py for tasks to queue
[2022-08-02 23:55:25,336] {logging_mixin.py:115} INFO - [2022-08-02 23:55:25,336] {dagbag.py:508} INFO - Filling up the DagBag from /home/airflow/.local/lib/python3.7/site-packages/airflow/example_dags/example_latest_only.py
[2022-08-02 23:55:25,371] {processor.py:651} INFO - DAG(s) dict_keys(['latest_only']) retrieved from /home/airflow/.local/lib/python3.7/site-packages/airflow/example_dags/example_latest_only.py
[2022-08-02 23:55:25,428] {logging_mixin.py:115} INFO - [2022-08-02 23:55:25,428] {dag.py:2420} INFO - Sync 1 DAGs
[2022-08-02 23:55:25,462] {logging_mixin.py:115} INFO - [2022-08-02 23:55:25,462] {dag.py:2972} INFO - Setting next_dagrun for latest_only to 2022-08-02T19:55:25.462287+00:00, run_after=2022-08-02T23:55:25.462287+00:00
[2022-08-02 23:55:25,487] {processor.py:161} INFO - Processing /home/airflow/.local/lib/python3.7/site-packages/airflow/example_dags/example_latest_only.py took 0.180 seconds
[2022-08-02 23:55:59,061] {processor.py:153} INFO - Started process (PID=2195) to work on /home/airflow/.local/lib/python3.7/site-packages/airflow/example_dags/example_latest_only.py
[2022-08-02 23:55:59,077] {processor.py:641} INFO - Processing file /home/airflow/.local/lib/python3.7/site-packages/airflow/example_dags/example_latest_only.py for tasks to queue
[2022-08-02 23:55:59,095] {logging_mixin.py:115} INFO - [2022-08-02 23:55:59,095] {dagbag.py:508} INFO - Filling up the DagBag from /home/airflow/.local/lib/python3.7/site-packages/airflow/example_dags/example_latest_only.py
[2022-08-02 23:55:59,267] {processor.py:651} INFO - DAG(s) dict_keys(['latest_only']) retrieved from /home/airflow/.local/lib/python3.7/site-packages/airflow/example_dags/example_latest_only.py
[2022-08-02 23:55:59,378] {logging_mixin.py:115} INFO - [2022-08-02 23:55:59,378] {dag.py:2420} INFO - Sync 1 DAGs
[2022-08-02 23:55:59,459] {logging_mixin.py:115} INFO - [2022-08-02 23:55:59,459] {dag.py:2972} INFO - Setting next_dagrun for latest_only to 2022-08-02T19:55:59.459729+00:00, run_after=2022-08-02T23:55:59.459729+00:00
[2022-08-02 23:55:59,492] {processor.py:161} INFO - Processing /home/airflow/.local/lib/python3.7/site-packages/airflow/example_dags/example_latest_only.py took 0.438 seconds
