[2022-08-02 23:21:59,320] {processor.py:153} INFO - Started process (PID=78) to work on /home/airflow/.local/lib/python3.7/site-packages/airflow/example_dags/example_short_circuit_operator.py
[2022-08-02 23:21:59,328] {processor.py:641} INFO - Processing file /home/airflow/.local/lib/python3.7/site-packages/airflow/example_dags/example_short_circuit_operator.py for tasks to queue
[2022-08-02 23:21:59,342] {logging_mixin.py:115} INFO - [2022-08-02 23:21:59,341] {dagbag.py:508} INFO - Filling up the DagBag from /home/airflow/.local/lib/python3.7/site-packages/airflow/example_dags/example_short_circuit_operator.py
[2022-08-02 23:21:59,422] {processor.py:651} INFO - DAG(s) dict_keys(['example_short_circuit_operator']) retrieved from /home/airflow/.local/lib/python3.7/site-packages/airflow/example_dags/example_short_circuit_operator.py
[2022-08-02 23:22:00,284] {logging_mixin.py:115} INFO - [2022-08-02 23:22:00,283] {manager.py:508} INFO - Created Permission View: can read on DAG:example_short_circuit_operator
[2022-08-02 23:22:00,332] {logging_mixin.py:115} INFO - [2022-08-02 23:22:00,331] {manager.py:508} INFO - Created Permission View: can edit on DAG:example_short_circuit_operator
[2022-08-02 23:22:00,414] {logging_mixin.py:115} INFO - [2022-08-02 23:22:00,414] {manager.py:508} INFO - Created Permission View: can delete on DAG:example_short_circuit_operator
[2022-08-02 23:22:00,428] {logging_mixin.py:115} INFO - [2022-08-02 23:22:00,425] {dag.py:2420} INFO - Sync 1 DAGs
[2022-08-02 23:22:00,538] {logging_mixin.py:115} INFO - [2022-08-02 23:22:00,538] {dag.py:2439} INFO - Creating ORM DAG for example_short_circuit_operator
[2022-08-02 23:22:00,591] {logging_mixin.py:115} INFO - [2022-08-02 23:22:00,591] {dag.py:2972} INFO - Setting next_dagrun for example_short_circuit_operator to 2022-08-01T23:22:00.591433+00:00, run_after=2022-08-02T23:22:00.591433+00:00
[2022-08-02 23:22:00,679] {processor.py:161} INFO - Processing /home/airflow/.local/lib/python3.7/site-packages/airflow/example_dags/example_short_circuit_operator.py took 1.387 seconds
[2022-08-02 23:22:30,918] {processor.py:153} INFO - Started process (PID=121) to work on /home/airflow/.local/lib/python3.7/site-packages/airflow/example_dags/example_short_circuit_operator.py
[2022-08-02 23:22:30,929] {processor.py:641} INFO - Processing file /home/airflow/.local/lib/python3.7/site-packages/airflow/example_dags/example_short_circuit_operator.py for tasks to queue
[2022-08-02 23:22:30,961] {logging_mixin.py:115} INFO - [2022-08-02 23:22:30,961] {dagbag.py:508} INFO - Filling up the DagBag from /home/airflow/.local/lib/python3.7/site-packages/airflow/example_dags/example_short_circuit_operator.py
[2022-08-02 23:22:31,167] {processor.py:651} INFO - DAG(s) dict_keys(['example_short_circuit_operator']) retrieved from /home/airflow/.local/lib/python3.7/site-packages/airflow/example_dags/example_short_circuit_operator.py
[2022-08-02 23:22:31,253] {logging_mixin.py:115} INFO - [2022-08-02 23:22:31,253] {dag.py:2420} INFO - Sync 1 DAGs
[2022-08-02 23:22:31,301] {logging_mixin.py:115} INFO - [2022-08-02 23:22:31,301] {dag.py:2972} INFO - Setting next_dagrun for example_short_circuit_operator to 2022-08-01T23:22:31.301275+00:00, run_after=2022-08-02T23:22:31.301275+00:00
[2022-08-02 23:22:31,327] {processor.py:161} INFO - Processing /home/airflow/.local/lib/python3.7/site-packages/airflow/example_dags/example_short_circuit_operator.py took 0.441 seconds
[2022-08-02 23:23:02,883] {processor.py:153} INFO - Started process (PID=182) to work on /home/airflow/.local/lib/python3.7/site-packages/airflow/example_dags/example_short_circuit_operator.py
[2022-08-02 23:23:02,901] {processor.py:641} INFO - Processing file /home/airflow/.local/lib/python3.7/site-packages/airflow/example_dags/example_short_circuit_operator.py for tasks to queue
[2022-08-02 23:23:02,907] {logging_mixin.py:115} INFO - [2022-08-02 23:23:02,907] {dagbag.py:508} INFO - Filling up the DagBag from /home/airflow/.local/lib/python3.7/site-packages/airflow/example_dags/example_short_circuit_operator.py
[2022-08-02 23:23:03,002] {processor.py:651} INFO - DAG(s) dict_keys(['example_short_circuit_operator']) retrieved from /home/airflow/.local/lib/python3.7/site-packages/airflow/example_dags/example_short_circuit_operator.py
[2022-08-02 23:23:06,272] {logging_mixin.py:115} INFO - [2022-08-02 23:23:06,271] {dag.py:2420} INFO - Sync 1 DAGs
[2022-08-02 23:23:06,440] {logging_mixin.py:115} INFO - [2022-08-02 23:23:06,440] {dag.py:2972} INFO - Setting next_dagrun for example_short_circuit_operator to 2022-08-01T23:23:06.432762+00:00, run_after=2022-08-02T23:23:06.432762+00:00
[2022-08-02 23:23:06,623] {processor.py:161} INFO - Processing /home/airflow/.local/lib/python3.7/site-packages/airflow/example_dags/example_short_circuit_operator.py took 3.752 seconds
[2022-08-02 23:23:37,694] {processor.py:153} INFO - Started process (PID=234) to work on /home/airflow/.local/lib/python3.7/site-packages/airflow/example_dags/example_short_circuit_operator.py
[2022-08-02 23:23:37,698] {processor.py:641} INFO - Processing file /home/airflow/.local/lib/python3.7/site-packages/airflow/example_dags/example_short_circuit_operator.py for tasks to queue
[2022-08-02 23:23:37,700] {logging_mixin.py:115} INFO - [2022-08-02 23:23:37,700] {dagbag.py:508} INFO - Filling up the DagBag from /home/airflow/.local/lib/python3.7/site-packages/airflow/example_dags/example_short_circuit_operator.py
[2022-08-02 23:23:37,718] {processor.py:651} INFO - DAG(s) dict_keys(['example_short_circuit_operator']) retrieved from /home/airflow/.local/lib/python3.7/site-packages/airflow/example_dags/example_short_circuit_operator.py
[2022-08-02 23:23:37,787] {logging_mixin.py:115} INFO - [2022-08-02 23:23:37,787] {dag.py:2420} INFO - Sync 1 DAGs
[2022-08-02 23:23:37,816] {logging_mixin.py:115} INFO - [2022-08-02 23:23:37,816] {dag.py:2972} INFO - Setting next_dagrun for example_short_circuit_operator to 2022-08-01T23:23:37.815669+00:00, run_after=2022-08-02T23:23:37.815669+00:00
[2022-08-02 23:23:37,835] {processor.py:161} INFO - Processing /home/airflow/.local/lib/python3.7/site-packages/airflow/example_dags/example_short_circuit_operator.py took 0.150 seconds
[2022-08-02 23:24:08,106] {processor.py:153} INFO - Started process (PID=287) to work on /home/airflow/.local/lib/python3.7/site-packages/airflow/example_dags/example_short_circuit_operator.py
[2022-08-02 23:24:08,138] {processor.py:641} INFO - Processing file /home/airflow/.local/lib/python3.7/site-packages/airflow/example_dags/example_short_circuit_operator.py for tasks to queue
[2022-08-02 23:24:08,197] {logging_mixin.py:115} INFO - [2022-08-02 23:24:08,197] {dagbag.py:508} INFO - Filling up the DagBag from /home/airflow/.local/lib/python3.7/site-packages/airflow/example_dags/example_short_circuit_operator.py
[2022-08-02 23:24:08,377] {processor.py:651} INFO - DAG(s) dict_keys(['example_short_circuit_operator']) retrieved from /home/airflow/.local/lib/python3.7/site-packages/airflow/example_dags/example_short_circuit_operator.py
[2022-08-02 23:24:08,502] {logging_mixin.py:115} INFO - [2022-08-02 23:24:08,501] {dag.py:2420} INFO - Sync 1 DAGs
[2022-08-02 23:24:08,632] {logging_mixin.py:115} INFO - [2022-08-02 23:24:08,631] {dag.py:2972} INFO - Setting next_dagrun for example_short_circuit_operator to 2022-08-01T23:24:08.631646+00:00, run_after=2022-08-02T23:24:08.631646+00:00
[2022-08-02 23:24:08,754] {processor.py:161} INFO - Processing /home/airflow/.local/lib/python3.7/site-packages/airflow/example_dags/example_short_circuit_operator.py took 0.659 seconds
[2022-08-02 23:24:40,535] {processor.py:153} INFO - Started process (PID=347) to work on /home/airflow/.local/lib/python3.7/site-packages/airflow/example_dags/example_short_circuit_operator.py
[2022-08-02 23:24:40,549] {processor.py:641} INFO - Processing file /home/airflow/.local/lib/python3.7/site-packages/airflow/example_dags/example_short_circuit_operator.py for tasks to queue
[2022-08-02 23:24:40,558] {logging_mixin.py:115} INFO - [2022-08-02 23:24:40,557] {dagbag.py:508} INFO - Filling up the DagBag from /home/airflow/.local/lib/python3.7/site-packages/airflow/example_dags/example_short_circuit_operator.py
[2022-08-02 23:24:40,591] {processor.py:651} INFO - DAG(s) dict_keys(['example_short_circuit_operator']) retrieved from /home/airflow/.local/lib/python3.7/site-packages/airflow/example_dags/example_short_circuit_operator.py
[2022-08-02 23:24:40,729] {logging_mixin.py:115} INFO - [2022-08-02 23:24:40,727] {dag.py:2420} INFO - Sync 1 DAGs
[2022-08-02 23:24:40,909] {logging_mixin.py:115} INFO - [2022-08-02 23:24:40,908] {dag.py:2972} INFO - Setting next_dagrun for example_short_circuit_operator to 2022-08-01T23:24:40.908696+00:00, run_after=2022-08-02T23:24:40.908696+00:00
[2022-08-02 23:24:41,052] {processor.py:161} INFO - Processing /home/airflow/.local/lib/python3.7/site-packages/airflow/example_dags/example_short_circuit_operator.py took 0.526 seconds
[2022-08-02 23:25:11,457] {processor.py:153} INFO - Started process (PID=389) to work on /home/airflow/.local/lib/python3.7/site-packages/airflow/example_dags/example_short_circuit_operator.py
[2022-08-02 23:25:11,466] {processor.py:641} INFO - Processing file /home/airflow/.local/lib/python3.7/site-packages/airflow/example_dags/example_short_circuit_operator.py for tasks to queue
[2022-08-02 23:25:11,473] {logging_mixin.py:115} INFO - [2022-08-02 23:25:11,473] {dagbag.py:508} INFO - Filling up the DagBag from /home/airflow/.local/lib/python3.7/site-packages/airflow/example_dags/example_short_circuit_operator.py
[2022-08-02 23:25:11,494] {processor.py:651} INFO - DAG(s) dict_keys(['example_short_circuit_operator']) retrieved from /home/airflow/.local/lib/python3.7/site-packages/airflow/example_dags/example_short_circuit_operator.py
[2022-08-02 23:25:11,542] {logging_mixin.py:115} INFO - [2022-08-02 23:25:11,542] {dag.py:2420} INFO - Sync 1 DAGs
[2022-08-02 23:25:11,571] {logging_mixin.py:115} INFO - [2022-08-02 23:25:11,571] {dag.py:2972} INFO - Setting next_dagrun for example_short_circuit_operator to 2022-08-01T23:25:11.570699+00:00, run_after=2022-08-02T23:25:11.570699+00:00
[2022-08-02 23:25:11,587] {processor.py:161} INFO - Processing /home/airflow/.local/lib/python3.7/site-packages/airflow/example_dags/example_short_circuit_operator.py took 0.142 seconds
[2022-08-02 23:25:42,964] {processor.py:153} INFO - Started process (PID=441) to work on /home/airflow/.local/lib/python3.7/site-packages/airflow/example_dags/example_short_circuit_operator.py
[2022-08-02 23:25:42,985] {processor.py:641} INFO - Processing file /home/airflow/.local/lib/python3.7/site-packages/airflow/example_dags/example_short_circuit_operator.py for tasks to queue
[2022-08-02 23:25:43,022] {logging_mixin.py:115} INFO - [2022-08-02 23:25:43,022] {dagbag.py:508} INFO - Filling up the DagBag from /home/airflow/.local/lib/python3.7/site-packages/airflow/example_dags/example_short_circuit_operator.py
[2022-08-02 23:25:43,118] {processor.py:651} INFO - DAG(s) dict_keys(['example_short_circuit_operator']) retrieved from /home/airflow/.local/lib/python3.7/site-packages/airflow/example_dags/example_short_circuit_operator.py
[2022-08-02 23:25:43,462] {logging_mixin.py:115} INFO - [2022-08-02 23:25:43,462] {dag.py:2420} INFO - Sync 1 DAGs
[2022-08-02 23:25:43,582] {logging_mixin.py:115} INFO - [2022-08-02 23:25:43,582] {dag.py:2972} INFO - Setting next_dagrun for example_short_circuit_operator to 2022-08-01T23:25:43.581455+00:00, run_after=2022-08-02T23:25:43.581455+00:00
[2022-08-02 23:25:43,643] {processor.py:161} INFO - Processing /home/airflow/.local/lib/python3.7/site-packages/airflow/example_dags/example_short_circuit_operator.py took 0.713 seconds
[2022-08-02 23:26:13,961] {processor.py:153} INFO - Started process (PID=502) to work on /home/airflow/.local/lib/python3.7/site-packages/airflow/example_dags/example_short_circuit_operator.py
[2022-08-02 23:26:14,021] {processor.py:641} INFO - Processing file /home/airflow/.local/lib/python3.7/site-packages/airflow/example_dags/example_short_circuit_operator.py for tasks to queue
[2022-08-02 23:26:14,025] {logging_mixin.py:115} INFO - [2022-08-02 23:26:14,025] {dagbag.py:508} INFO - Filling up the DagBag from /home/airflow/.local/lib/python3.7/site-packages/airflow/example_dags/example_short_circuit_operator.py
[2022-08-02 23:26:14,053] {processor.py:651} INFO - DAG(s) dict_keys(['example_short_circuit_operator']) retrieved from /home/airflow/.local/lib/python3.7/site-packages/airflow/example_dags/example_short_circuit_operator.py
[2022-08-02 23:26:14,118] {logging_mixin.py:115} INFO - [2022-08-02 23:26:14,118] {dag.py:2420} INFO - Sync 1 DAGs
[2022-08-02 23:26:14,148] {logging_mixin.py:115} INFO - [2022-08-02 23:26:14,147] {dag.py:2972} INFO - Setting next_dagrun for example_short_circuit_operator to 2022-08-01T23:26:14.147521+00:00, run_after=2022-08-02T23:26:14.147521+00:00
[2022-08-02 23:26:14,170] {processor.py:161} INFO - Processing /home/airflow/.local/lib/python3.7/site-packages/airflow/example_dags/example_short_circuit_operator.py took 0.219 seconds
[2022-08-02 23:26:44,453] {processor.py:153} INFO - Started process (PID=555) to work on /home/airflow/.local/lib/python3.7/site-packages/airflow/example_dags/example_short_circuit_operator.py
[2022-08-02 23:26:44,460] {processor.py:641} INFO - Processing file /home/airflow/.local/lib/python3.7/site-packages/airflow/example_dags/example_short_circuit_operator.py for tasks to queue
[2022-08-02 23:26:44,462] {logging_mixin.py:115} INFO - [2022-08-02 23:26:44,462] {dagbag.py:508} INFO - Filling up the DagBag from /home/airflow/.local/lib/python3.7/site-packages/airflow/example_dags/example_short_circuit_operator.py
[2022-08-02 23:26:44,476] {processor.py:651} INFO - DAG(s) dict_keys(['example_short_circuit_operator']) retrieved from /home/airflow/.local/lib/python3.7/site-packages/airflow/example_dags/example_short_circuit_operator.py
[2022-08-02 23:26:44,512] {logging_mixin.py:115} INFO - [2022-08-02 23:26:44,512] {dag.py:2420} INFO - Sync 1 DAGs
[2022-08-02 23:26:44,536] {logging_mixin.py:115} INFO - [2022-08-02 23:26:44,536] {dag.py:2972} INFO - Setting next_dagrun for example_short_circuit_operator to 2022-08-01T23:26:44.536179+00:00, run_after=2022-08-02T23:26:44.536179+00:00
[2022-08-02 23:26:44,552] {processor.py:161} INFO - Processing /home/airflow/.local/lib/python3.7/site-packages/airflow/example_dags/example_short_circuit_operator.py took 0.102 seconds
[2022-08-02 23:27:14,719] {processor.py:153} INFO - Started process (PID=605) to work on /home/airflow/.local/lib/python3.7/site-packages/airflow/example_dags/example_short_circuit_operator.py
[2022-08-02 23:27:14,724] {processor.py:641} INFO - Processing file /home/airflow/.local/lib/python3.7/site-packages/airflow/example_dags/example_short_circuit_operator.py for tasks to queue
[2022-08-02 23:27:14,730] {logging_mixin.py:115} INFO - [2022-08-02 23:27:14,730] {dagbag.py:508} INFO - Filling up the DagBag from /home/airflow/.local/lib/python3.7/site-packages/airflow/example_dags/example_short_circuit_operator.py
[2022-08-02 23:27:14,743] {processor.py:651} INFO - DAG(s) dict_keys(['example_short_circuit_operator']) retrieved from /home/airflow/.local/lib/python3.7/site-packages/airflow/example_dags/example_short_circuit_operator.py
[2022-08-02 23:27:14,782] {logging_mixin.py:115} INFO - [2022-08-02 23:27:14,782] {dag.py:2420} INFO - Sync 1 DAGs
[2022-08-02 23:27:14,807] {logging_mixin.py:115} INFO - [2022-08-02 23:27:14,807] {dag.py:2972} INFO - Setting next_dagrun for example_short_circuit_operator to 2022-08-01T23:27:14.807487+00:00, run_after=2022-08-02T23:27:14.807487+00:00
[2022-08-02 23:27:14,830] {processor.py:161} INFO - Processing /home/airflow/.local/lib/python3.7/site-packages/airflow/example_dags/example_short_circuit_operator.py took 0.115 seconds
[2022-08-02 23:27:45,543] {processor.py:153} INFO - Started process (PID=657) to work on /home/airflow/.local/lib/python3.7/site-packages/airflow/example_dags/example_short_circuit_operator.py
[2022-08-02 23:27:45,548] {processor.py:641} INFO - Processing file /home/airflow/.local/lib/python3.7/site-packages/airflow/example_dags/example_short_circuit_operator.py for tasks to queue
[2022-08-02 23:27:45,552] {logging_mixin.py:115} INFO - [2022-08-02 23:27:45,552] {dagbag.py:508} INFO - Filling up the DagBag from /home/airflow/.local/lib/python3.7/site-packages/airflow/example_dags/example_short_circuit_operator.py
[2022-08-02 23:27:45,590] {processor.py:651} INFO - DAG(s) dict_keys(['example_short_circuit_operator']) retrieved from /home/airflow/.local/lib/python3.7/site-packages/airflow/example_dags/example_short_circuit_operator.py
[2022-08-02 23:27:45,653] {logging_mixin.py:115} INFO - [2022-08-02 23:27:45,652] {dag.py:2420} INFO - Sync 1 DAGs
[2022-08-02 23:27:45,688] {logging_mixin.py:115} INFO - [2022-08-02 23:27:45,688] {dag.py:2972} INFO - Setting next_dagrun for example_short_circuit_operator to 2022-08-01T23:27:45.687898+00:00, run_after=2022-08-02T23:27:45.687898+00:00
[2022-08-02 23:27:45,711] {processor.py:161} INFO - Processing /home/airflow/.local/lib/python3.7/site-packages/airflow/example_dags/example_short_circuit_operator.py took 0.173 seconds
[2022-08-02 23:28:16,696] {processor.py:153} INFO - Started process (PID=708) to work on /home/airflow/.local/lib/python3.7/site-packages/airflow/example_dags/example_short_circuit_operator.py
[2022-08-02 23:28:16,724] {processor.py:641} INFO - Processing file /home/airflow/.local/lib/python3.7/site-packages/airflow/example_dags/example_short_circuit_operator.py for tasks to queue
[2022-08-02 23:28:16,841] {logging_mixin.py:115} INFO - [2022-08-02 23:28:16,841] {dagbag.py:508} INFO - Filling up the DagBag from /home/airflow/.local/lib/python3.7/site-packages/airflow/example_dags/example_short_circuit_operator.py
[2022-08-02 23:28:16,967] {processor.py:651} INFO - DAG(s) dict_keys(['example_short_circuit_operator']) retrieved from /home/airflow/.local/lib/python3.7/site-packages/airflow/example_dags/example_short_circuit_operator.py
[2022-08-02 23:28:17,168] {logging_mixin.py:115} INFO - [2022-08-02 23:28:17,167] {dag.py:2420} INFO - Sync 1 DAGs
[2022-08-02 23:28:17,273] {logging_mixin.py:115} INFO - [2022-08-02 23:28:17,273] {dag.py:2972} INFO - Setting next_dagrun for example_short_circuit_operator to 2022-08-01T23:28:17.272155+00:00, run_after=2022-08-02T23:28:17.272155+00:00
[2022-08-02 23:28:17,324] {processor.py:161} INFO - Processing /home/airflow/.local/lib/python3.7/site-packages/airflow/example_dags/example_short_circuit_operator.py took 0.644 seconds
[2022-08-02 23:28:47,633] {processor.py:153} INFO - Started process (PID=761) to work on /home/airflow/.local/lib/python3.7/site-packages/airflow/example_dags/example_short_circuit_operator.py
[2022-08-02 23:28:47,639] {processor.py:641} INFO - Processing file /home/airflow/.local/lib/python3.7/site-packages/airflow/example_dags/example_short_circuit_operator.py for tasks to queue
[2022-08-02 23:28:47,641] {logging_mixin.py:115} INFO - [2022-08-02 23:28:47,641] {dagbag.py:508} INFO - Filling up the DagBag from /home/airflow/.local/lib/python3.7/site-packages/airflow/example_dags/example_short_circuit_operator.py
[2022-08-02 23:28:47,660] {processor.py:651} INFO - DAG(s) dict_keys(['example_short_circuit_operator']) retrieved from /home/airflow/.local/lib/python3.7/site-packages/airflow/example_dags/example_short_circuit_operator.py
[2022-08-02 23:28:47,700] {logging_mixin.py:115} INFO - [2022-08-02 23:28:47,700] {dag.py:2420} INFO - Sync 1 DAGs
[2022-08-02 23:28:47,733] {logging_mixin.py:115} INFO - [2022-08-02 23:28:47,733] {dag.py:2972} INFO - Setting next_dagrun for example_short_circuit_operator to 2022-08-01T23:28:47.733016+00:00, run_after=2022-08-02T23:28:47.733016+00:00
[2022-08-02 23:28:47,749] {processor.py:161} INFO - Processing /home/airflow/.local/lib/python3.7/site-packages/airflow/example_dags/example_short_circuit_operator.py took 0.121 seconds
[2022-08-02 23:29:18,736] {processor.py:153} INFO - Started process (PID=812) to work on /home/airflow/.local/lib/python3.7/site-packages/airflow/example_dags/example_short_circuit_operator.py
[2022-08-02 23:29:18,738] {processor.py:641} INFO - Processing file /home/airflow/.local/lib/python3.7/site-packages/airflow/example_dags/example_short_circuit_operator.py for tasks to queue
[2022-08-02 23:29:18,741] {logging_mixin.py:115} INFO - [2022-08-02 23:29:18,741] {dagbag.py:508} INFO - Filling up the DagBag from /home/airflow/.local/lib/python3.7/site-packages/airflow/example_dags/example_short_circuit_operator.py
[2022-08-02 23:29:18,769] {processor.py:651} INFO - DAG(s) dict_keys(['example_short_circuit_operator']) retrieved from /home/airflow/.local/lib/python3.7/site-packages/airflow/example_dags/example_short_circuit_operator.py
[2022-08-02 23:29:18,802] {logging_mixin.py:115} INFO - [2022-08-02 23:29:18,802] {dag.py:2420} INFO - Sync 1 DAGs
[2022-08-02 23:29:18,828] {logging_mixin.py:115} INFO - [2022-08-02 23:29:18,827] {dag.py:2972} INFO - Setting next_dagrun for example_short_circuit_operator to 2022-08-01T23:29:18.827760+00:00, run_after=2022-08-02T23:29:18.827760+00:00
[2022-08-02 23:29:18,845] {processor.py:161} INFO - Processing /home/airflow/.local/lib/python3.7/site-packages/airflow/example_dags/example_short_circuit_operator.py took 0.116 seconds
[2022-08-02 23:29:49,686] {processor.py:153} INFO - Started process (PID=873) to work on /home/airflow/.local/lib/python3.7/site-packages/airflow/example_dags/example_short_circuit_operator.py
[2022-08-02 23:29:49,701] {processor.py:641} INFO - Processing file /home/airflow/.local/lib/python3.7/site-packages/airflow/example_dags/example_short_circuit_operator.py for tasks to queue
[2022-08-02 23:29:49,710] {logging_mixin.py:115} INFO - [2022-08-02 23:29:49,709] {dagbag.py:508} INFO - Filling up the DagBag from /home/airflow/.local/lib/python3.7/site-packages/airflow/example_dags/example_short_circuit_operator.py
[2022-08-02 23:29:49,731] {processor.py:651} INFO - DAG(s) dict_keys(['example_short_circuit_operator']) retrieved from /home/airflow/.local/lib/python3.7/site-packages/airflow/example_dags/example_short_circuit_operator.py
[2022-08-02 23:29:49,802] {logging_mixin.py:115} INFO - [2022-08-02 23:29:49,802] {dag.py:2420} INFO - Sync 1 DAGs
[2022-08-02 23:29:49,838] {logging_mixin.py:115} INFO - [2022-08-02 23:29:49,837] {dag.py:2972} INFO - Setting next_dagrun for example_short_circuit_operator to 2022-08-01T23:29:49.837354+00:00, run_after=2022-08-02T23:29:49.837354+00:00
[2022-08-02 23:29:49,866] {processor.py:161} INFO - Processing /home/airflow/.local/lib/python3.7/site-packages/airflow/example_dags/example_short_circuit_operator.py took 0.183 seconds
[2022-08-02 23:30:20,436] {processor.py:153} INFO - Started process (PID=926) to work on /home/airflow/.local/lib/python3.7/site-packages/airflow/example_dags/example_short_circuit_operator.py
[2022-08-02 23:30:20,445] {processor.py:641} INFO - Processing file /home/airflow/.local/lib/python3.7/site-packages/airflow/example_dags/example_short_circuit_operator.py for tasks to queue
[2022-08-02 23:30:20,458] {logging_mixin.py:115} INFO - [2022-08-02 23:30:20,458] {dagbag.py:508} INFO - Filling up the DagBag from /home/airflow/.local/lib/python3.7/site-packages/airflow/example_dags/example_short_circuit_operator.py
[2022-08-02 23:30:20,494] {processor.py:651} INFO - DAG(s) dict_keys(['example_short_circuit_operator']) retrieved from /home/airflow/.local/lib/python3.7/site-packages/airflow/example_dags/example_short_circuit_operator.py
[2022-08-02 23:30:20,612] {logging_mixin.py:115} INFO - [2022-08-02 23:30:20,612] {dag.py:2420} INFO - Sync 1 DAGs
[2022-08-02 23:30:20,769] {logging_mixin.py:115} INFO - [2022-08-02 23:30:20,768] {dag.py:2972} INFO - Setting next_dagrun for example_short_circuit_operator to 2022-08-01T23:30:20.765397+00:00, run_after=2022-08-02T23:30:20.765397+00:00
[2022-08-02 23:30:20,822] {processor.py:161} INFO - Processing /home/airflow/.local/lib/python3.7/site-packages/airflow/example_dags/example_short_circuit_operator.py took 0.395 seconds
[2022-08-02 23:30:51,445] {processor.py:153} INFO - Started process (PID=979) to work on /home/airflow/.local/lib/python3.7/site-packages/airflow/example_dags/example_short_circuit_operator.py
[2022-08-02 23:30:51,462] {processor.py:641} INFO - Processing file /home/airflow/.local/lib/python3.7/site-packages/airflow/example_dags/example_short_circuit_operator.py for tasks to queue
[2022-08-02 23:30:51,528] {logging_mixin.py:115} INFO - [2022-08-02 23:30:51,528] {dagbag.py:508} INFO - Filling up the DagBag from /home/airflow/.local/lib/python3.7/site-packages/airflow/example_dags/example_short_circuit_operator.py
[2022-08-02 23:30:51,546] {processor.py:651} INFO - DAG(s) dict_keys(['example_short_circuit_operator']) retrieved from /home/airflow/.local/lib/python3.7/site-packages/airflow/example_dags/example_short_circuit_operator.py
[2022-08-02 23:30:51,589] {logging_mixin.py:115} INFO - [2022-08-02 23:30:51,589] {dag.py:2420} INFO - Sync 1 DAGs
[2022-08-02 23:30:51,618] {logging_mixin.py:115} INFO - [2022-08-02 23:30:51,618] {dag.py:2972} INFO - Setting next_dagrun for example_short_circuit_operator to 2022-08-01T23:30:51.618291+00:00, run_after=2022-08-02T23:30:51.618291+00:00
[2022-08-02 23:30:51,649] {processor.py:161} INFO - Processing /home/airflow/.local/lib/python3.7/site-packages/airflow/example_dags/example_short_circuit_operator.py took 0.209 seconds
[2022-08-02 23:31:22,169] {processor.py:153} INFO - Started process (PID=1031) to work on /home/airflow/.local/lib/python3.7/site-packages/airflow/example_dags/example_short_circuit_operator.py
[2022-08-02 23:31:22,177] {processor.py:641} INFO - Processing file /home/airflow/.local/lib/python3.7/site-packages/airflow/example_dags/example_short_circuit_operator.py for tasks to queue
[2022-08-02 23:31:22,182] {logging_mixin.py:115} INFO - [2022-08-02 23:31:22,182] {dagbag.py:508} INFO - Filling up the DagBag from /home/airflow/.local/lib/python3.7/site-packages/airflow/example_dags/example_short_circuit_operator.py
[2022-08-02 23:31:22,203] {processor.py:651} INFO - DAG(s) dict_keys(['example_short_circuit_operator']) retrieved from /home/airflow/.local/lib/python3.7/site-packages/airflow/example_dags/example_short_circuit_operator.py
[2022-08-02 23:31:22,242] {logging_mixin.py:115} INFO - [2022-08-02 23:31:22,242] {dag.py:2420} INFO - Sync 1 DAGs
[2022-08-02 23:31:22,265] {logging_mixin.py:115} INFO - [2022-08-02 23:31:22,264] {dag.py:2972} INFO - Setting next_dagrun for example_short_circuit_operator to 2022-08-01T23:31:22.264586+00:00, run_after=2022-08-02T23:31:22.264586+00:00
[2022-08-02 23:31:22,283] {processor.py:161} INFO - Processing /home/airflow/.local/lib/python3.7/site-packages/airflow/example_dags/example_short_circuit_operator.py took 0.118 seconds
[2022-08-02 23:31:53,703] {processor.py:153} INFO - Started process (PID=1092) to work on /home/airflow/.local/lib/python3.7/site-packages/airflow/example_dags/example_short_circuit_operator.py
[2022-08-02 23:31:53,722] {processor.py:641} INFO - Processing file /home/airflow/.local/lib/python3.7/site-packages/airflow/example_dags/example_short_circuit_operator.py for tasks to queue
[2022-08-02 23:31:53,731] {logging_mixin.py:115} INFO - [2022-08-02 23:31:53,731] {dagbag.py:508} INFO - Filling up the DagBag from /home/airflow/.local/lib/python3.7/site-packages/airflow/example_dags/example_short_circuit_operator.py
[2022-08-02 23:31:53,754] {processor.py:651} INFO - DAG(s) dict_keys(['example_short_circuit_operator']) retrieved from /home/airflow/.local/lib/python3.7/site-packages/airflow/example_dags/example_short_circuit_operator.py
[2022-08-02 23:31:53,828] {logging_mixin.py:115} INFO - [2022-08-02 23:31:53,828] {dag.py:2420} INFO - Sync 1 DAGs
[2022-08-02 23:31:53,924] {logging_mixin.py:115} INFO - [2022-08-02 23:31:53,923] {dag.py:2972} INFO - Setting next_dagrun for example_short_circuit_operator to 2022-08-01T23:31:53.923658+00:00, run_after=2022-08-02T23:31:53.923658+00:00
[2022-08-02 23:31:53,982] {processor.py:161} INFO - Processing /home/airflow/.local/lib/python3.7/site-packages/airflow/example_dags/example_short_circuit_operator.py took 0.282 seconds
[2022-08-02 23:32:24,241] {processor.py:153} INFO - Started process (PID=1144) to work on /home/airflow/.local/lib/python3.7/site-packages/airflow/example_dags/example_short_circuit_operator.py
[2022-08-02 23:32:24,251] {processor.py:641} INFO - Processing file /home/airflow/.local/lib/python3.7/site-packages/airflow/example_dags/example_short_circuit_operator.py for tasks to queue
[2022-08-02 23:32:24,261] {logging_mixin.py:115} INFO - [2022-08-02 23:32:24,261] {dagbag.py:508} INFO - Filling up the DagBag from /home/airflow/.local/lib/python3.7/site-packages/airflow/example_dags/example_short_circuit_operator.py
[2022-08-02 23:32:24,296] {processor.py:651} INFO - DAG(s) dict_keys(['example_short_circuit_operator']) retrieved from /home/airflow/.local/lib/python3.7/site-packages/airflow/example_dags/example_short_circuit_operator.py
[2022-08-02 23:32:24,399] {logging_mixin.py:115} INFO - [2022-08-02 23:32:24,399] {dag.py:2420} INFO - Sync 1 DAGs
[2022-08-02 23:32:24,458] {logging_mixin.py:115} INFO - [2022-08-02 23:32:24,457] {dag.py:2972} INFO - Setting next_dagrun for example_short_circuit_operator to 2022-08-01T23:32:24.457359+00:00, run_after=2022-08-02T23:32:24.457359+00:00
[2022-08-02 23:32:24,495] {processor.py:161} INFO - Processing /home/airflow/.local/lib/python3.7/site-packages/airflow/example_dags/example_short_circuit_operator.py took 0.264 seconds
[2022-08-02 23:32:54,716] {processor.py:153} INFO - Started process (PID=1196) to work on /home/airflow/.local/lib/python3.7/site-packages/airflow/example_dags/example_short_circuit_operator.py
[2022-08-02 23:32:54,718] {processor.py:641} INFO - Processing file /home/airflow/.local/lib/python3.7/site-packages/airflow/example_dags/example_short_circuit_operator.py for tasks to queue
[2022-08-02 23:32:54,720] {logging_mixin.py:115} INFO - [2022-08-02 23:32:54,720] {dagbag.py:508} INFO - Filling up the DagBag from /home/airflow/.local/lib/python3.7/site-packages/airflow/example_dags/example_short_circuit_operator.py
[2022-08-02 23:32:54,730] {processor.py:651} INFO - DAG(s) dict_keys(['example_short_circuit_operator']) retrieved from /home/airflow/.local/lib/python3.7/site-packages/airflow/example_dags/example_short_circuit_operator.py
[2022-08-02 23:32:54,761] {logging_mixin.py:115} INFO - [2022-08-02 23:32:54,761] {dag.py:2420} INFO - Sync 1 DAGs
[2022-08-02 23:32:54,780] {logging_mixin.py:115} INFO - [2022-08-02 23:32:54,780] {dag.py:2972} INFO - Setting next_dagrun for example_short_circuit_operator to 2022-08-01T23:32:54.780554+00:00, run_after=2022-08-02T23:32:54.780554+00:00
[2022-08-02 23:32:54,795] {processor.py:161} INFO - Processing /home/airflow/.local/lib/python3.7/site-packages/airflow/example_dags/example_short_circuit_operator.py took 0.083 seconds
[2022-08-02 23:33:25,800] {processor.py:153} INFO - Started process (PID=1256) to work on /home/airflow/.local/lib/python3.7/site-packages/airflow/example_dags/example_short_circuit_operator.py
[2022-08-02 23:33:25,813] {processor.py:641} INFO - Processing file /home/airflow/.local/lib/python3.7/site-packages/airflow/example_dags/example_short_circuit_operator.py for tasks to queue
[2022-08-02 23:33:25,820] {logging_mixin.py:115} INFO - [2022-08-02 23:33:25,820] {dagbag.py:508} INFO - Filling up the DagBag from /home/airflow/.local/lib/python3.7/site-packages/airflow/example_dags/example_short_circuit_operator.py
[2022-08-02 23:33:25,846] {processor.py:651} INFO - DAG(s) dict_keys(['example_short_circuit_operator']) retrieved from /home/airflow/.local/lib/python3.7/site-packages/airflow/example_dags/example_short_circuit_operator.py
[2022-08-02 23:33:25,971] {logging_mixin.py:115} INFO - [2022-08-02 23:33:25,970] {dag.py:2420} INFO - Sync 1 DAGs
[2022-08-02 23:33:26,108] {logging_mixin.py:115} INFO - [2022-08-02 23:33:26,107] {dag.py:2972} INFO - Setting next_dagrun for example_short_circuit_operator to 2022-08-01T23:33:26.107277+00:00, run_after=2022-08-02T23:33:26.107277+00:00
[2022-08-02 23:33:26,160] {processor.py:161} INFO - Processing /home/airflow/.local/lib/python3.7/site-packages/airflow/example_dags/example_short_circuit_operator.py took 0.369 seconds
[2022-08-02 23:33:57,066] {processor.py:153} INFO - Started process (PID=1307) to work on /home/airflow/.local/lib/python3.7/site-packages/airflow/example_dags/example_short_circuit_operator.py
[2022-08-02 23:33:57,069] {processor.py:641} INFO - Processing file /home/airflow/.local/lib/python3.7/site-packages/airflow/example_dags/example_short_circuit_operator.py for tasks to queue
[2022-08-02 23:33:57,073] {logging_mixin.py:115} INFO - [2022-08-02 23:33:57,073] {dagbag.py:508} INFO - Filling up the DagBag from /home/airflow/.local/lib/python3.7/site-packages/airflow/example_dags/example_short_circuit_operator.py
[2022-08-02 23:33:57,082] {processor.py:651} INFO - DAG(s) dict_keys(['example_short_circuit_operator']) retrieved from /home/airflow/.local/lib/python3.7/site-packages/airflow/example_dags/example_short_circuit_operator.py
[2022-08-02 23:33:57,136] {logging_mixin.py:115} INFO - [2022-08-02 23:33:57,136] {dag.py:2420} INFO - Sync 1 DAGs
[2022-08-02 23:33:57,157] {logging_mixin.py:115} INFO - [2022-08-02 23:33:57,157] {dag.py:2972} INFO - Setting next_dagrun for example_short_circuit_operator to 2022-08-01T23:33:57.157223+00:00, run_after=2022-08-02T23:33:57.157223+00:00
[2022-08-02 23:33:57,177] {processor.py:161} INFO - Processing /home/airflow/.local/lib/python3.7/site-packages/airflow/example_dags/example_short_circuit_operator.py took 0.114 seconds
[2022-08-02 23:34:27,234] {processor.py:153} INFO - Started process (PID=1359) to work on /home/airflow/.local/lib/python3.7/site-packages/airflow/example_dags/example_short_circuit_operator.py
[2022-08-02 23:34:27,237] {processor.py:641} INFO - Processing file /home/airflow/.local/lib/python3.7/site-packages/airflow/example_dags/example_short_circuit_operator.py for tasks to queue
[2022-08-02 23:34:27,245] {logging_mixin.py:115} INFO - [2022-08-02 23:34:27,245] {dagbag.py:508} INFO - Filling up the DagBag from /home/airflow/.local/lib/python3.7/site-packages/airflow/example_dags/example_short_circuit_operator.py
[2022-08-02 23:34:27,261] {processor.py:651} INFO - DAG(s) dict_keys(['example_short_circuit_operator']) retrieved from /home/airflow/.local/lib/python3.7/site-packages/airflow/example_dags/example_short_circuit_operator.py
[2022-08-02 23:34:27,316] {logging_mixin.py:115} INFO - [2022-08-02 23:34:27,316] {dag.py:2420} INFO - Sync 1 DAGs
[2022-08-02 23:34:27,343] {logging_mixin.py:115} INFO - [2022-08-02 23:34:27,343] {dag.py:2972} INFO - Setting next_dagrun for example_short_circuit_operator to 2022-08-01T23:34:27.343565+00:00, run_after=2022-08-02T23:34:27.343565+00:00
[2022-08-02 23:34:27,365] {processor.py:161} INFO - Processing /home/airflow/.local/lib/python3.7/site-packages/airflow/example_dags/example_short_circuit_operator.py took 0.136 seconds
[2022-08-02 23:34:59,968] {processor.py:153} INFO - Started process (PID=1419) to work on /home/airflow/.local/lib/python3.7/site-packages/airflow/example_dags/example_short_circuit_operator.py
[2022-08-02 23:35:00,011] {processor.py:641} INFO - Processing file /home/airflow/.local/lib/python3.7/site-packages/airflow/example_dags/example_short_circuit_operator.py for tasks to queue
[2022-08-02 23:35:00,032] {logging_mixin.py:115} INFO - [2022-08-02 23:35:00,032] {dagbag.py:508} INFO - Filling up the DagBag from /home/airflow/.local/lib/python3.7/site-packages/airflow/example_dags/example_short_circuit_operator.py
[2022-08-02 23:35:00,267] {processor.py:651} INFO - DAG(s) dict_keys(['example_short_circuit_operator']) retrieved from /home/airflow/.local/lib/python3.7/site-packages/airflow/example_dags/example_short_circuit_operator.py
[2022-08-02 23:35:00,905] {logging_mixin.py:115} INFO - [2022-08-02 23:35:00,905] {dag.py:2420} INFO - Sync 1 DAGs
[2022-08-02 23:35:01,112] {logging_mixin.py:115} INFO - [2022-08-02 23:35:01,111] {dag.py:2972} INFO - Setting next_dagrun for example_short_circuit_operator to 2022-08-01T23:35:01.111330+00:00, run_after=2022-08-02T23:35:01.111330+00:00
[2022-08-02 23:35:01,183] {processor.py:161} INFO - Processing /home/airflow/.local/lib/python3.7/site-packages/airflow/example_dags/example_short_circuit_operator.py took 1.310 seconds
[2022-08-02 23:35:31,510] {processor.py:153} INFO - Started process (PID=1464) to work on /home/airflow/.local/lib/python3.7/site-packages/airflow/example_dags/example_short_circuit_operator.py
[2022-08-02 23:35:31,628] {processor.py:641} INFO - Processing file /home/airflow/.local/lib/python3.7/site-packages/airflow/example_dags/example_short_circuit_operator.py for tasks to queue
[2022-08-02 23:35:31,640] {logging_mixin.py:115} INFO - [2022-08-02 23:35:31,639] {dagbag.py:508} INFO - Filling up the DagBag from /home/airflow/.local/lib/python3.7/site-packages/airflow/example_dags/example_short_circuit_operator.py
[2022-08-02 23:35:31,799] {processor.py:651} INFO - DAG(s) dict_keys(['example_short_circuit_operator']) retrieved from /home/airflow/.local/lib/python3.7/site-packages/airflow/example_dags/example_short_circuit_operator.py
[2022-08-02 23:35:32,365] {logging_mixin.py:115} INFO - [2022-08-02 23:35:32,364] {dag.py:2420} INFO - Sync 1 DAGs
[2022-08-02 23:35:32,630] {logging_mixin.py:115} INFO - [2022-08-02 23:35:32,630] {dag.py:2972} INFO - Setting next_dagrun for example_short_circuit_operator to 2022-08-01T23:35:32.630083+00:00, run_after=2022-08-02T23:35:32.630083+00:00
[2022-08-02 23:35:32,736] {processor.py:161} INFO - Processing /home/airflow/.local/lib/python3.7/site-packages/airflow/example_dags/example_short_circuit_operator.py took 1.232 seconds
[2022-08-02 23:36:02,846] {processor.py:153} INFO - Started process (PID=1526) to work on /home/airflow/.local/lib/python3.7/site-packages/airflow/example_dags/example_short_circuit_operator.py
[2022-08-02 23:36:02,861] {processor.py:641} INFO - Processing file /home/airflow/.local/lib/python3.7/site-packages/airflow/example_dags/example_short_circuit_operator.py for tasks to queue
[2022-08-02 23:36:02,871] {logging_mixin.py:115} INFO - [2022-08-02 23:36:02,871] {dagbag.py:508} INFO - Filling up the DagBag from /home/airflow/.local/lib/python3.7/site-packages/airflow/example_dags/example_short_circuit_operator.py
[2022-08-02 23:36:03,066] {processor.py:651} INFO - DAG(s) dict_keys(['example_short_circuit_operator']) retrieved from /home/airflow/.local/lib/python3.7/site-packages/airflow/example_dags/example_short_circuit_operator.py
[2022-08-02 23:36:03,228] {logging_mixin.py:115} INFO - [2022-08-02 23:36:03,228] {dag.py:2420} INFO - Sync 1 DAGs
[2022-08-02 23:36:03,319] {logging_mixin.py:115} INFO - [2022-08-02 23:36:03,318] {dag.py:2972} INFO - Setting next_dagrun for example_short_circuit_operator to 2022-08-01T23:36:03.316334+00:00, run_after=2022-08-02T23:36:03.316334+00:00
[2022-08-02 23:36:03,410] {processor.py:161} INFO - Processing /home/airflow/.local/lib/python3.7/site-packages/airflow/example_dags/example_short_circuit_operator.py took 0.578 seconds
[2022-08-02 23:36:34,073] {processor.py:153} INFO - Started process (PID=1579) to work on /home/airflow/.local/lib/python3.7/site-packages/airflow/example_dags/example_short_circuit_operator.py
[2022-08-02 23:36:34,076] {processor.py:641} INFO - Processing file /home/airflow/.local/lib/python3.7/site-packages/airflow/example_dags/example_short_circuit_operator.py for tasks to queue
[2022-08-02 23:36:34,078] {logging_mixin.py:115} INFO - [2022-08-02 23:36:34,078] {dagbag.py:508} INFO - Filling up the DagBag from /home/airflow/.local/lib/python3.7/site-packages/airflow/example_dags/example_short_circuit_operator.py
[2022-08-02 23:36:34,092] {processor.py:651} INFO - DAG(s) dict_keys(['example_short_circuit_operator']) retrieved from /home/airflow/.local/lib/python3.7/site-packages/airflow/example_dags/example_short_circuit_operator.py
[2022-08-02 23:36:34,127] {logging_mixin.py:115} INFO - [2022-08-02 23:36:34,126] {dag.py:2420} INFO - Sync 1 DAGs
[2022-08-02 23:36:34,146] {logging_mixin.py:115} INFO - [2022-08-02 23:36:34,146] {dag.py:2972} INFO - Setting next_dagrun for example_short_circuit_operator to 2022-08-01T23:36:34.146102+00:00, run_after=2022-08-02T23:36:34.146102+00:00
[2022-08-02 23:36:34,159] {processor.py:161} INFO - Processing /home/airflow/.local/lib/python3.7/site-packages/airflow/example_dags/example_short_circuit_operator.py took 0.091 seconds
[2022-08-02 23:37:04,758] {processor.py:153} INFO - Started process (PID=1640) to work on /home/airflow/.local/lib/python3.7/site-packages/airflow/example_dags/example_short_circuit_operator.py
[2022-08-02 23:37:04,787] {processor.py:641} INFO - Processing file /home/airflow/.local/lib/python3.7/site-packages/airflow/example_dags/example_short_circuit_operator.py for tasks to queue
[2022-08-02 23:37:04,798] {logging_mixin.py:115} INFO - [2022-08-02 23:37:04,798] {dagbag.py:508} INFO - Filling up the DagBag from /home/airflow/.local/lib/python3.7/site-packages/airflow/example_dags/example_short_circuit_operator.py
[2022-08-02 23:37:04,833] {processor.py:651} INFO - DAG(s) dict_keys(['example_short_circuit_operator']) retrieved from /home/airflow/.local/lib/python3.7/site-packages/airflow/example_dags/example_short_circuit_operator.py
[2022-08-02 23:37:04,969] {logging_mixin.py:115} INFO - [2022-08-02 23:37:04,969] {dag.py:2420} INFO - Sync 1 DAGs
[2022-08-02 23:37:05,028] {logging_mixin.py:115} INFO - [2022-08-02 23:37:05,027] {dag.py:2972} INFO - Setting next_dagrun for example_short_circuit_operator to 2022-08-01T23:37:05.027744+00:00, run_after=2022-08-02T23:37:05.027744+00:00
[2022-08-02 23:37:05,092] {processor.py:161} INFO - Processing /home/airflow/.local/lib/python3.7/site-packages/airflow/example_dags/example_short_circuit_operator.py took 0.345 seconds
[2022-08-02 23:37:35,181] {processor.py:153} INFO - Started process (PID=1692) to work on /home/airflow/.local/lib/python3.7/site-packages/airflow/example_dags/example_short_circuit_operator.py
[2022-08-02 23:37:35,185] {processor.py:641} INFO - Processing file /home/airflow/.local/lib/python3.7/site-packages/airflow/example_dags/example_short_circuit_operator.py for tasks to queue
[2022-08-02 23:37:35,188] {logging_mixin.py:115} INFO - [2022-08-02 23:37:35,188] {dagbag.py:508} INFO - Filling up the DagBag from /home/airflow/.local/lib/python3.7/site-packages/airflow/example_dags/example_short_circuit_operator.py
[2022-08-02 23:37:35,204] {processor.py:651} INFO - DAG(s) dict_keys(['example_short_circuit_operator']) retrieved from /home/airflow/.local/lib/python3.7/site-packages/airflow/example_dags/example_short_circuit_operator.py
[2022-08-02 23:37:35,241] {logging_mixin.py:115} INFO - [2022-08-02 23:37:35,241] {dag.py:2420} INFO - Sync 1 DAGs
[2022-08-02 23:37:35,267] {logging_mixin.py:115} INFO - [2022-08-02 23:37:35,267] {dag.py:2972} INFO - Setting next_dagrun for example_short_circuit_operator to 2022-08-01T23:37:35.267236+00:00, run_after=2022-08-02T23:37:35.267236+00:00
[2022-08-02 23:37:35,284] {processor.py:161} INFO - Processing /home/airflow/.local/lib/python3.7/site-packages/airflow/example_dags/example_short_circuit_operator.py took 0.106 seconds
[2022-08-02 23:38:06,304] {processor.py:153} INFO - Started process (PID=1753) to work on /home/airflow/.local/lib/python3.7/site-packages/airflow/example_dags/example_short_circuit_operator.py
[2022-08-02 23:38:06,311] {processor.py:641} INFO - Processing file /home/airflow/.local/lib/python3.7/site-packages/airflow/example_dags/example_short_circuit_operator.py for tasks to queue
[2022-08-02 23:38:06,319] {logging_mixin.py:115} INFO - [2022-08-02 23:38:06,318] {dagbag.py:508} INFO - Filling up the DagBag from /home/airflow/.local/lib/python3.7/site-packages/airflow/example_dags/example_short_circuit_operator.py
[2022-08-02 23:38:06,343] {processor.py:651} INFO - DAG(s) dict_keys(['example_short_circuit_operator']) retrieved from /home/airflow/.local/lib/python3.7/site-packages/airflow/example_dags/example_short_circuit_operator.py
[2022-08-02 23:38:06,417] {logging_mixin.py:115} INFO - [2022-08-02 23:38:06,417] {dag.py:2420} INFO - Sync 1 DAGs
[2022-08-02 23:38:06,455] {logging_mixin.py:115} INFO - [2022-08-02 23:38:06,454] {dag.py:2972} INFO - Setting next_dagrun for example_short_circuit_operator to 2022-08-01T23:38:06.454600+00:00, run_after=2022-08-02T23:38:06.454600+00:00
[2022-08-02 23:38:06,491] {processor.py:161} INFO - Processing /home/airflow/.local/lib/python3.7/site-packages/airflow/example_dags/example_short_circuit_operator.py took 0.197 seconds
[2022-08-02 23:38:36,645] {processor.py:153} INFO - Started process (PID=1814) to work on /home/airflow/.local/lib/python3.7/site-packages/airflow/example_dags/example_short_circuit_operator.py
[2022-08-02 23:38:36,654] {processor.py:641} INFO - Processing file /home/airflow/.local/lib/python3.7/site-packages/airflow/example_dags/example_short_circuit_operator.py for tasks to queue
[2022-08-02 23:38:36,659] {logging_mixin.py:115} INFO - [2022-08-02 23:38:36,659] {dagbag.py:508} INFO - Filling up the DagBag from /home/airflow/.local/lib/python3.7/site-packages/airflow/example_dags/example_short_circuit_operator.py
[2022-08-02 23:38:36,673] {processor.py:651} INFO - DAG(s) dict_keys(['example_short_circuit_operator']) retrieved from /home/airflow/.local/lib/python3.7/site-packages/airflow/example_dags/example_short_circuit_operator.py
[2022-08-02 23:38:36,714] {logging_mixin.py:115} INFO - [2022-08-02 23:38:36,714] {dag.py:2420} INFO - Sync 1 DAGs
[2022-08-02 23:38:36,742] {logging_mixin.py:115} INFO - [2022-08-02 23:38:36,742] {dag.py:2972} INFO - Setting next_dagrun for example_short_circuit_operator to 2022-08-01T23:38:36.742115+00:00, run_after=2022-08-02T23:38:36.742115+00:00
[2022-08-02 23:38:36,757] {processor.py:161} INFO - Processing /home/airflow/.local/lib/python3.7/site-packages/airflow/example_dags/example_short_circuit_operator.py took 0.115 seconds
[2022-08-02 23:39:07,406] {processor.py:153} INFO - Started process (PID=1866) to work on /home/airflow/.local/lib/python3.7/site-packages/airflow/example_dags/example_short_circuit_operator.py
[2022-08-02 23:39:07,411] {processor.py:641} INFO - Processing file /home/airflow/.local/lib/python3.7/site-packages/airflow/example_dags/example_short_circuit_operator.py for tasks to queue
[2022-08-02 23:39:07,418] {logging_mixin.py:115} INFO - [2022-08-02 23:39:07,418] {dagbag.py:508} INFO - Filling up the DagBag from /home/airflow/.local/lib/python3.7/site-packages/airflow/example_dags/example_short_circuit_operator.py
[2022-08-02 23:39:07,435] {processor.py:651} INFO - DAG(s) dict_keys(['example_short_circuit_operator']) retrieved from /home/airflow/.local/lib/python3.7/site-packages/airflow/example_dags/example_short_circuit_operator.py
[2022-08-02 23:39:07,474] {logging_mixin.py:115} INFO - [2022-08-02 23:39:07,474] {dag.py:2420} INFO - Sync 1 DAGs
[2022-08-02 23:39:07,505] {logging_mixin.py:115} INFO - [2022-08-02 23:39:07,504] {dag.py:2972} INFO - Setting next_dagrun for example_short_circuit_operator to 2022-08-01T23:39:07.504828+00:00, run_after=2022-08-02T23:39:07.504828+00:00
[2022-08-02 23:39:07,533] {processor.py:161} INFO - Processing /home/airflow/.local/lib/python3.7/site-packages/airflow/example_dags/example_short_circuit_operator.py took 0.132 seconds
[2022-08-02 23:39:38,371] {processor.py:153} INFO - Started process (PID=1927) to work on /home/airflow/.local/lib/python3.7/site-packages/airflow/example_dags/example_short_circuit_operator.py
[2022-08-02 23:39:38,374] {processor.py:641} INFO - Processing file /home/airflow/.local/lib/python3.7/site-packages/airflow/example_dags/example_short_circuit_operator.py for tasks to queue
[2022-08-02 23:39:38,376] {logging_mixin.py:115} INFO - [2022-08-02 23:39:38,376] {dagbag.py:508} INFO - Filling up the DagBag from /home/airflow/.local/lib/python3.7/site-packages/airflow/example_dags/example_short_circuit_operator.py
[2022-08-02 23:39:38,386] {processor.py:651} INFO - DAG(s) dict_keys(['example_short_circuit_operator']) retrieved from /home/airflow/.local/lib/python3.7/site-packages/airflow/example_dags/example_short_circuit_operator.py
[2022-08-02 23:39:38,422] {logging_mixin.py:115} INFO - [2022-08-02 23:39:38,422] {dag.py:2420} INFO - Sync 1 DAGs
[2022-08-02 23:39:38,454] {logging_mixin.py:115} INFO - [2022-08-02 23:39:38,454] {dag.py:2972} INFO - Setting next_dagrun for example_short_circuit_operator to 2022-08-01T23:39:38.454198+00:00, run_after=2022-08-02T23:39:38.454198+00:00
[2022-08-02 23:39:38,471] {processor.py:161} INFO - Processing /home/airflow/.local/lib/python3.7/site-packages/airflow/example_dags/example_short_circuit_operator.py took 0.103 seconds
[2022-08-02 23:40:14,876] {processor.py:153} INFO - Started process (PID=1978) to work on /home/airflow/.local/lib/python3.7/site-packages/airflow/example_dags/example_short_circuit_operator.py
[2022-08-02 23:40:14,938] {processor.py:641} INFO - Processing file /home/airflow/.local/lib/python3.7/site-packages/airflow/example_dags/example_short_circuit_operator.py for tasks to queue
[2022-08-02 23:40:14,967] {logging_mixin.py:115} INFO - [2022-08-02 23:40:14,967] {dagbag.py:508} INFO - Filling up the DagBag from /home/airflow/.local/lib/python3.7/site-packages/airflow/example_dags/example_short_circuit_operator.py
[2022-08-02 23:40:15,010] {processor.py:651} INFO - DAG(s) dict_keys(['example_short_circuit_operator']) retrieved from /home/airflow/.local/lib/python3.7/site-packages/airflow/example_dags/example_short_circuit_operator.py
[2022-08-02 23:40:15,228] {logging_mixin.py:115} INFO - [2022-08-02 23:40:15,228] {dag.py:2420} INFO - Sync 1 DAGs
[2022-08-02 23:40:15,303] {logging_mixin.py:115} INFO - [2022-08-02 23:40:15,303] {dag.py:2972} INFO - Setting next_dagrun for example_short_circuit_operator to 2022-08-01T23:40:15.302349+00:00, run_after=2022-08-02T23:40:15.302349+00:00
[2022-08-02 23:40:15,328] {processor.py:161} INFO - Processing /home/airflow/.local/lib/python3.7/site-packages/airflow/example_dags/example_short_circuit_operator.py took 0.478 seconds
[2022-08-02 23:40:45,762] {processor.py:153} INFO - Started process (PID=2029) to work on /home/airflow/.local/lib/python3.7/site-packages/airflow/example_dags/example_short_circuit_operator.py
[2022-08-02 23:40:45,767] {processor.py:641} INFO - Processing file /home/airflow/.local/lib/python3.7/site-packages/airflow/example_dags/example_short_circuit_operator.py for tasks to queue
[2022-08-02 23:40:45,773] {logging_mixin.py:115} INFO - [2022-08-02 23:40:45,773] {dagbag.py:508} INFO - Filling up the DagBag from /home/airflow/.local/lib/python3.7/site-packages/airflow/example_dags/example_short_circuit_operator.py
[2022-08-02 23:40:45,790] {processor.py:651} INFO - DAG(s) dict_keys(['example_short_circuit_operator']) retrieved from /home/airflow/.local/lib/python3.7/site-packages/airflow/example_dags/example_short_circuit_operator.py
[2022-08-02 23:40:45,853] {logging_mixin.py:115} INFO - [2022-08-02 23:40:45,853] {dag.py:2420} INFO - Sync 1 DAGs
[2022-08-02 23:40:45,885] {logging_mixin.py:115} INFO - [2022-08-02 23:40:45,885] {dag.py:2972} INFO - Setting next_dagrun for example_short_circuit_operator to 2022-08-01T23:40:45.884659+00:00, run_after=2022-08-02T23:40:45.884659+00:00
[2022-08-02 23:40:45,907] {processor.py:161} INFO - Processing /home/airflow/.local/lib/python3.7/site-packages/airflow/example_dags/example_short_circuit_operator.py took 0.150 seconds
[2022-08-02 23:41:54,987] {processor.py:153} INFO - Started process (PID=2076) to work on /home/airflow/.local/lib/python3.7/site-packages/airflow/example_dags/example_short_circuit_operator.py
[2022-08-02 23:41:55,003] {processor.py:641} INFO - Processing file /home/airflow/.local/lib/python3.7/site-packages/airflow/example_dags/example_short_circuit_operator.py for tasks to queue
[2022-08-02 23:41:55,009] {logging_mixin.py:115} INFO - [2022-08-02 23:41:55,008] {dagbag.py:508} INFO - Filling up the DagBag from /home/airflow/.local/lib/python3.7/site-packages/airflow/example_dags/example_short_circuit_operator.py
[2022-08-02 23:41:55,037] {processor.py:651} INFO - DAG(s) dict_keys(['example_short_circuit_operator']) retrieved from /home/airflow/.local/lib/python3.7/site-packages/airflow/example_dags/example_short_circuit_operator.py
[2022-08-02 23:41:55,105] {logging_mixin.py:115} INFO - [2022-08-02 23:41:55,105] {dag.py:2420} INFO - Sync 1 DAGs
[2022-08-02 23:41:55,148] {logging_mixin.py:115} INFO - [2022-08-02 23:41:55,148] {dag.py:2972} INFO - Setting next_dagrun for example_short_circuit_operator to 2022-08-01T23:41:55.147687+00:00, run_after=2022-08-02T23:41:55.147687+00:00
[2022-08-02 23:41:55,206] {processor.py:161} INFO - Processing /home/airflow/.local/lib/python3.7/site-packages/airflow/example_dags/example_short_circuit_operator.py took 0.227 seconds
[2022-08-02 23:55:23,260] {processor.py:153} INFO - Started process (PID=2126) to work on /home/airflow/.local/lib/python3.7/site-packages/airflow/example_dags/example_short_circuit_operator.py
[2022-08-02 23:55:23,265] {processor.py:641} INFO - Processing file /home/airflow/.local/lib/python3.7/site-packages/airflow/example_dags/example_short_circuit_operator.py for tasks to queue
[2022-08-02 23:55:23,276] {logging_mixin.py:115} INFO - [2022-08-02 23:55:23,276] {dagbag.py:508} INFO - Filling up the DagBag from /home/airflow/.local/lib/python3.7/site-packages/airflow/example_dags/example_short_circuit_operator.py
[2022-08-02 23:55:23,305] {processor.py:651} INFO - DAG(s) dict_keys(['example_short_circuit_operator']) retrieved from /home/airflow/.local/lib/python3.7/site-packages/airflow/example_dags/example_short_circuit_operator.py
[2022-08-02 23:55:23,488] {logging_mixin.py:115} INFO - [2022-08-02 23:55:23,488] {dag.py:2420} INFO - Sync 1 DAGs
[2022-08-02 23:55:23,541] {logging_mixin.py:115} INFO - [2022-08-02 23:55:23,541] {dag.py:2972} INFO - Setting next_dagrun for example_short_circuit_operator to 2022-08-01T23:55:23.541688+00:00, run_after=2022-08-02T23:55:23.541688+00:00
[2022-08-02 23:55:23,568] {processor.py:161} INFO - Processing /home/airflow/.local/lib/python3.7/site-packages/airflow/example_dags/example_short_circuit_operator.py took 0.318 seconds
[2022-08-02 23:55:53,990] {processor.py:153} INFO - Started process (PID=2186) to work on /home/airflow/.local/lib/python3.7/site-packages/airflow/example_dags/example_short_circuit_operator.py
[2022-08-02 23:55:54,005] {processor.py:641} INFO - Processing file /home/airflow/.local/lib/python3.7/site-packages/airflow/example_dags/example_short_circuit_operator.py for tasks to queue
[2022-08-02 23:55:54,010] {logging_mixin.py:115} INFO - [2022-08-02 23:55:54,009] {dagbag.py:508} INFO - Filling up the DagBag from /home/airflow/.local/lib/python3.7/site-packages/airflow/example_dags/example_short_circuit_operator.py
[2022-08-02 23:55:54,026] {processor.py:651} INFO - DAG(s) dict_keys(['example_short_circuit_operator']) retrieved from /home/airflow/.local/lib/python3.7/site-packages/airflow/example_dags/example_short_circuit_operator.py
[2022-08-02 23:55:54,086] {logging_mixin.py:115} INFO - [2022-08-02 23:55:54,086] {dag.py:2420} INFO - Sync 1 DAGs
[2022-08-02 23:55:54,606] {logging_mixin.py:115} INFO - [2022-08-02 23:55:54,606] {dag.py:2972} INFO - Setting next_dagrun for example_short_circuit_operator to 2022-08-01T23:55:54.605748+00:00, run_after=2022-08-02T23:55:54.605748+00:00
[2022-08-02 23:55:54,641] {processor.py:161} INFO - Processing /home/airflow/.local/lib/python3.7/site-packages/airflow/example_dags/example_short_circuit_operator.py took 0.658 seconds
