[2022-08-02 23:22:01,005] {processor.py:153} INFO - Started process (PID=80) to work on /home/airflow/.local/lib/python3.7/site-packages/airflow/example_dags/example_task_group_decorator.py
[2022-08-02 23:22:01,023] {processor.py:641} INFO - Processing file /home/airflow/.local/lib/python3.7/site-packages/airflow/example_dags/example_task_group_decorator.py for tasks to queue
[2022-08-02 23:22:01,040] {logging_mixin.py:115} INFO - [2022-08-02 23:22:01,040] {dagbag.py:508} INFO - Filling up the DagBag from /home/airflow/.local/lib/python3.7/site-packages/airflow/example_dags/example_task_group_decorator.py
[2022-08-02 23:22:01,229] {processor.py:651} INFO - DAG(s) dict_keys(['example_task_group_decorator']) retrieved from /home/airflow/.local/lib/python3.7/site-packages/airflow/example_dags/example_task_group_decorator.py
[2022-08-02 23:22:01,968] {logging_mixin.py:115} INFO - [2022-08-02 23:22:01,968] {manager.py:508} INFO - Created Permission View: can read on DAG:example_task_group_decorator
[2022-08-02 23:22:02,321] {logging_mixin.py:115} INFO - [2022-08-02 23:22:02,321] {manager.py:508} INFO - Created Permission View: can edit on DAG:example_task_group_decorator
[2022-08-02 23:22:02,444] {logging_mixin.py:115} INFO - [2022-08-02 23:22:02,443] {manager.py:508} INFO - Created Permission View: can delete on DAG:example_task_group_decorator
[2022-08-02 23:22:02,452] {logging_mixin.py:115} INFO - [2022-08-02 23:22:02,452] {dag.py:2420} INFO - Sync 1 DAGs
[2022-08-02 23:22:02,524] {logging_mixin.py:115} INFO - [2022-08-02 23:22:02,524] {dag.py:2439} INFO - Creating ORM DAG for example_task_group_decorator
[2022-08-02 23:22:02,660] {logging_mixin.py:115} INFO - [2022-08-02 23:22:02,660] {dag.py:2972} INFO - Setting next_dagrun for example_task_group_decorator to 2022-08-01T23:22:02.659585+00:00, run_after=2022-08-02T23:22:02.659585+00:00
[2022-08-02 23:22:02,750] {processor.py:161} INFO - Processing /home/airflow/.local/lib/python3.7/site-packages/airflow/example_dags/example_task_group_decorator.py took 1.822 seconds
[2022-08-02 23:22:35,435] {processor.py:153} INFO - Started process (PID=123) to work on /home/airflow/.local/lib/python3.7/site-packages/airflow/example_dags/example_task_group_decorator.py
[2022-08-02 23:22:35,439] {processor.py:641} INFO - Processing file /home/airflow/.local/lib/python3.7/site-packages/airflow/example_dags/example_task_group_decorator.py for tasks to queue
[2022-08-02 23:22:35,442] {logging_mixin.py:115} INFO - [2022-08-02 23:22:35,441] {dagbag.py:508} INFO - Filling up the DagBag from /home/airflow/.local/lib/python3.7/site-packages/airflow/example_dags/example_task_group_decorator.py
[2022-08-02 23:22:35,490] {processor.py:651} INFO - DAG(s) dict_keys(['example_task_group_decorator']) retrieved from /home/airflow/.local/lib/python3.7/site-packages/airflow/example_dags/example_task_group_decorator.py
[2022-08-02 23:22:35,618] {logging_mixin.py:115} INFO - [2022-08-02 23:22:35,618] {dag.py:2420} INFO - Sync 1 DAGs
[2022-08-02 23:22:35,641] {logging_mixin.py:115} INFO - [2022-08-02 23:22:35,641] {dag.py:2972} INFO - Setting next_dagrun for example_task_group_decorator to 2022-08-01T23:22:35.641205+00:00, run_after=2022-08-02T23:22:35.641205+00:00
[2022-08-02 23:22:35,658] {processor.py:161} INFO - Processing /home/airflow/.local/lib/python3.7/site-packages/airflow/example_dags/example_task_group_decorator.py took 0.231 seconds
[2022-08-02 23:23:07,081] {processor.py:153} INFO - Started process (PID=184) to work on /home/airflow/.local/lib/python3.7/site-packages/airflow/example_dags/example_task_group_decorator.py
[2022-08-02 23:23:07,110] {processor.py:641} INFO - Processing file /home/airflow/.local/lib/python3.7/site-packages/airflow/example_dags/example_task_group_decorator.py for tasks to queue
[2022-08-02 23:23:07,158] {logging_mixin.py:115} INFO - [2022-08-02 23:23:07,148] {dagbag.py:508} INFO - Filling up the DagBag from /home/airflow/.local/lib/python3.7/site-packages/airflow/example_dags/example_task_group_decorator.py
[2022-08-02 23:23:07,434] {processor.py:651} INFO - DAG(s) dict_keys(['example_task_group_decorator']) retrieved from /home/airflow/.local/lib/python3.7/site-packages/airflow/example_dags/example_task_group_decorator.py
[2022-08-02 23:23:07,600] {logging_mixin.py:115} INFO - [2022-08-02 23:23:07,600] {dag.py:2420} INFO - Sync 1 DAGs
[2022-08-02 23:23:07,635] {logging_mixin.py:115} INFO - [2022-08-02 23:23:07,635] {dag.py:2972} INFO - Setting next_dagrun for example_task_group_decorator to 2022-08-01T23:23:07.634563+00:00, run_after=2022-08-02T23:23:07.634563+00:00
[2022-08-02 23:23:07,667] {processor.py:161} INFO - Processing /home/airflow/.local/lib/python3.7/site-packages/airflow/example_dags/example_task_group_decorator.py took 0.615 seconds
[2022-08-02 23:23:37,865] {processor.py:153} INFO - Started process (PID=236) to work on /home/airflow/.local/lib/python3.7/site-packages/airflow/example_dags/example_task_group_decorator.py
[2022-08-02 23:23:37,999] {processor.py:641} INFO - Processing file /home/airflow/.local/lib/python3.7/site-packages/airflow/example_dags/example_task_group_decorator.py for tasks to queue
[2022-08-02 23:23:38,009] {logging_mixin.py:115} INFO - [2022-08-02 23:23:38,009] {dagbag.py:508} INFO - Filling up the DagBag from /home/airflow/.local/lib/python3.7/site-packages/airflow/example_dags/example_task_group_decorator.py
[2022-08-02 23:23:38,062] {processor.py:651} INFO - DAG(s) dict_keys(['example_task_group_decorator']) retrieved from /home/airflow/.local/lib/python3.7/site-packages/airflow/example_dags/example_task_group_decorator.py
[2022-08-02 23:23:38,198] {logging_mixin.py:115} INFO - [2022-08-02 23:23:38,198] {dag.py:2420} INFO - Sync 1 DAGs
[2022-08-02 23:23:38,232] {logging_mixin.py:115} INFO - [2022-08-02 23:23:38,231] {dag.py:2972} INFO - Setting next_dagrun for example_task_group_decorator to 2022-08-01T23:23:38.231097+00:00, run_after=2022-08-02T23:23:38.231097+00:00
[2022-08-02 23:23:38,264] {processor.py:161} INFO - Processing /home/airflow/.local/lib/python3.7/site-packages/airflow/example_dags/example_task_group_decorator.py took 0.402 seconds
[2022-08-02 23:24:08,930] {processor.py:153} INFO - Started process (PID=296) to work on /home/airflow/.local/lib/python3.7/site-packages/airflow/example_dags/example_task_group_decorator.py
[2022-08-02 23:24:08,960] {processor.py:641} INFO - Processing file /home/airflow/.local/lib/python3.7/site-packages/airflow/example_dags/example_task_group_decorator.py for tasks to queue
[2022-08-02 23:24:08,978] {logging_mixin.py:115} INFO - [2022-08-02 23:24:08,978] {dagbag.py:508} INFO - Filling up the DagBag from /home/airflow/.local/lib/python3.7/site-packages/airflow/example_dags/example_task_group_decorator.py
[2022-08-02 23:24:09,087] {processor.py:651} INFO - DAG(s) dict_keys(['example_task_group_decorator']) retrieved from /home/airflow/.local/lib/python3.7/site-packages/airflow/example_dags/example_task_group_decorator.py
[2022-08-02 23:24:09,241] {logging_mixin.py:115} INFO - [2022-08-02 23:24:09,240] {dag.py:2420} INFO - Sync 1 DAGs
[2022-08-02 23:24:09,308] {logging_mixin.py:115} INFO - [2022-08-02 23:24:09,308] {dag.py:2972} INFO - Setting next_dagrun for example_task_group_decorator to 2022-08-01T23:24:09.308185+00:00, run_after=2022-08-02T23:24:09.308185+00:00
[2022-08-02 23:24:09,350] {processor.py:161} INFO - Processing /home/airflow/.local/lib/python3.7/site-packages/airflow/example_dags/example_task_group_decorator.py took 0.435 seconds
[2022-08-02 23:24:41,518] {processor.py:153} INFO - Started process (PID=349) to work on /home/airflow/.local/lib/python3.7/site-packages/airflow/example_dags/example_task_group_decorator.py
[2022-08-02 23:24:41,530] {processor.py:641} INFO - Processing file /home/airflow/.local/lib/python3.7/site-packages/airflow/example_dags/example_task_group_decorator.py for tasks to queue
[2022-08-02 23:24:41,537] {logging_mixin.py:115} INFO - [2022-08-02 23:24:41,537] {dagbag.py:508} INFO - Filling up the DagBag from /home/airflow/.local/lib/python3.7/site-packages/airflow/example_dags/example_task_group_decorator.py
[2022-08-02 23:24:41,836] {processor.py:651} INFO - DAG(s) dict_keys(['example_task_group_decorator']) retrieved from /home/airflow/.local/lib/python3.7/site-packages/airflow/example_dags/example_task_group_decorator.py
[2022-08-02 23:24:42,297] {logging_mixin.py:115} INFO - [2022-08-02 23:24:42,297] {dag.py:2420} INFO - Sync 1 DAGs
[2022-08-02 23:24:42,349] {logging_mixin.py:115} INFO - [2022-08-02 23:24:42,349] {dag.py:2972} INFO - Setting next_dagrun for example_task_group_decorator to 2022-08-01T23:24:42.349138+00:00, run_after=2022-08-02T23:24:42.349138+00:00
[2022-08-02 23:24:42,442] {processor.py:161} INFO - Processing /home/airflow/.local/lib/python3.7/site-packages/airflow/example_dags/example_task_group_decorator.py took 0.942 seconds
[2022-08-02 23:25:13,489] {processor.py:153} INFO - Started process (PID=391) to work on /home/airflow/.local/lib/python3.7/site-packages/airflow/example_dags/example_task_group_decorator.py
[2022-08-02 23:25:13,492] {processor.py:641} INFO - Processing file /home/airflow/.local/lib/python3.7/site-packages/airflow/example_dags/example_task_group_decorator.py for tasks to queue
[2022-08-02 23:25:13,495] {logging_mixin.py:115} INFO - [2022-08-02 23:25:13,495] {dagbag.py:508} INFO - Filling up the DagBag from /home/airflow/.local/lib/python3.7/site-packages/airflow/example_dags/example_task_group_decorator.py
[2022-08-02 23:25:13,534] {processor.py:651} INFO - DAG(s) dict_keys(['example_task_group_decorator']) retrieved from /home/airflow/.local/lib/python3.7/site-packages/airflow/example_dags/example_task_group_decorator.py
[2022-08-02 23:25:13,652] {logging_mixin.py:115} INFO - [2022-08-02 23:25:13,652] {dag.py:2420} INFO - Sync 1 DAGs
[2022-08-02 23:25:13,676] {logging_mixin.py:115} INFO - [2022-08-02 23:25:13,676] {dag.py:2972} INFO - Setting next_dagrun for example_task_group_decorator to 2022-08-01T23:25:13.675387+00:00, run_after=2022-08-02T23:25:13.675387+00:00
[2022-08-02 23:25:13,704] {processor.py:161} INFO - Processing /home/airflow/.local/lib/python3.7/site-packages/airflow/example_dags/example_task_group_decorator.py took 0.221 seconds
[2022-08-02 23:25:44,002] {processor.py:153} INFO - Started process (PID=451) to work on /home/airflow/.local/lib/python3.7/site-packages/airflow/example_dags/example_task_group_decorator.py
[2022-08-02 23:25:44,019] {processor.py:641} INFO - Processing file /home/airflow/.local/lib/python3.7/site-packages/airflow/example_dags/example_task_group_decorator.py for tasks to queue
[2022-08-02 23:25:44,026] {logging_mixin.py:115} INFO - [2022-08-02 23:25:44,026] {dagbag.py:508} INFO - Filling up the DagBag from /home/airflow/.local/lib/python3.7/site-packages/airflow/example_dags/example_task_group_decorator.py
[2022-08-02 23:25:44,259] {processor.py:651} INFO - DAG(s) dict_keys(['example_task_group_decorator']) retrieved from /home/airflow/.local/lib/python3.7/site-packages/airflow/example_dags/example_task_group_decorator.py
[2022-08-02 23:25:44,574] {logging_mixin.py:115} INFO - [2022-08-02 23:25:44,574] {dag.py:2420} INFO - Sync 1 DAGs
[2022-08-02 23:25:44,633] {logging_mixin.py:115} INFO - [2022-08-02 23:25:44,633] {dag.py:2972} INFO - Setting next_dagrun for example_task_group_decorator to 2022-08-01T23:25:44.633023+00:00, run_after=2022-08-02T23:25:44.633023+00:00
[2022-08-02 23:25:44,688] {processor.py:161} INFO - Processing /home/airflow/.local/lib/python3.7/site-packages/airflow/example_dags/example_task_group_decorator.py took 0.703 seconds
[2022-08-02 23:26:15,512] {processor.py:153} INFO - Started process (PID=505) to work on /home/airflow/.local/lib/python3.7/site-packages/airflow/example_dags/example_task_group_decorator.py
[2022-08-02 23:26:15,517] {processor.py:641} INFO - Processing file /home/airflow/.local/lib/python3.7/site-packages/airflow/example_dags/example_task_group_decorator.py for tasks to queue
[2022-08-02 23:26:15,530] {logging_mixin.py:115} INFO - [2022-08-02 23:26:15,530] {dagbag.py:508} INFO - Filling up the DagBag from /home/airflow/.local/lib/python3.7/site-packages/airflow/example_dags/example_task_group_decorator.py
[2022-08-02 23:26:15,561] {processor.py:651} INFO - DAG(s) dict_keys(['example_task_group_decorator']) retrieved from /home/airflow/.local/lib/python3.7/site-packages/airflow/example_dags/example_task_group_decorator.py
[2022-08-02 23:26:15,630] {logging_mixin.py:115} INFO - [2022-08-02 23:26:15,630] {dag.py:2420} INFO - Sync 1 DAGs
[2022-08-02 23:26:15,653] {logging_mixin.py:115} INFO - [2022-08-02 23:26:15,653] {dag.py:2972} INFO - Setting next_dagrun for example_task_group_decorator to 2022-08-01T23:26:15.653367+00:00, run_after=2022-08-02T23:26:15.653367+00:00
[2022-08-02 23:26:15,668] {processor.py:161} INFO - Processing /home/airflow/.local/lib/python3.7/site-packages/airflow/example_dags/example_task_group_decorator.py took 0.161 seconds
[2022-08-02 23:26:45,935] {processor.py:153} INFO - Started process (PID=558) to work on /home/airflow/.local/lib/python3.7/site-packages/airflow/example_dags/example_task_group_decorator.py
[2022-08-02 23:26:45,950] {processor.py:641} INFO - Processing file /home/airflow/.local/lib/python3.7/site-packages/airflow/example_dags/example_task_group_decorator.py for tasks to queue
[2022-08-02 23:26:45,953] {logging_mixin.py:115} INFO - [2022-08-02 23:26:45,953] {dagbag.py:508} INFO - Filling up the DagBag from /home/airflow/.local/lib/python3.7/site-packages/airflow/example_dags/example_task_group_decorator.py
[2022-08-02 23:26:46,740] {processor.py:651} INFO - DAG(s) dict_keys(['example_task_group_decorator']) retrieved from /home/airflow/.local/lib/python3.7/site-packages/airflow/example_dags/example_task_group_decorator.py
[2022-08-02 23:26:47,449] {logging_mixin.py:115} INFO - [2022-08-02 23:26:47,448] {dag.py:2420} INFO - Sync 1 DAGs
[2022-08-02 23:26:47,513] {logging_mixin.py:115} INFO - [2022-08-02 23:26:47,513] {dag.py:2972} INFO - Setting next_dagrun for example_task_group_decorator to 2022-08-01T23:26:47.511313+00:00, run_after=2022-08-02T23:26:47.511313+00:00
[2022-08-02 23:26:47,628] {processor.py:161} INFO - Processing /home/airflow/.local/lib/python3.7/site-packages/airflow/example_dags/example_task_group_decorator.py took 1.771 seconds
[2022-08-02 23:27:18,214] {processor.py:153} INFO - Started process (PID=608) to work on /home/airflow/.local/lib/python3.7/site-packages/airflow/example_dags/example_task_group_decorator.py
[2022-08-02 23:27:18,218] {processor.py:641} INFO - Processing file /home/airflow/.local/lib/python3.7/site-packages/airflow/example_dags/example_task_group_decorator.py for tasks to queue
[2022-08-02 23:27:18,222] {logging_mixin.py:115} INFO - [2022-08-02 23:27:18,221] {dagbag.py:508} INFO - Filling up the DagBag from /home/airflow/.local/lib/python3.7/site-packages/airflow/example_dags/example_task_group_decorator.py
[2022-08-02 23:27:18,432] {processor.py:651} INFO - DAG(s) dict_keys(['example_task_group_decorator']) retrieved from /home/airflow/.local/lib/python3.7/site-packages/airflow/example_dags/example_task_group_decorator.py
[2022-08-02 23:27:18,576] {logging_mixin.py:115} INFO - [2022-08-02 23:27:18,575] {dag.py:2420} INFO - Sync 1 DAGs
[2022-08-02 23:27:18,805] {logging_mixin.py:115} INFO - [2022-08-02 23:27:18,805] {dag.py:2972} INFO - Setting next_dagrun for example_task_group_decorator to 2022-08-01T23:27:18.804659+00:00, run_after=2022-08-02T23:27:18.804659+00:00
[2022-08-02 23:27:18,841] {processor.py:161} INFO - Processing /home/airflow/.local/lib/python3.7/site-packages/airflow/example_dags/example_task_group_decorator.py took 0.641 seconds
[2022-08-02 23:27:49,165] {processor.py:153} INFO - Started process (PID=667) to work on /home/airflow/.local/lib/python3.7/site-packages/airflow/example_dags/example_task_group_decorator.py
[2022-08-02 23:27:49,184] {processor.py:641} INFO - Processing file /home/airflow/.local/lib/python3.7/site-packages/airflow/example_dags/example_task_group_decorator.py for tasks to queue
[2022-08-02 23:27:49,199] {logging_mixin.py:115} INFO - [2022-08-02 23:27:49,198] {dagbag.py:508} INFO - Filling up the DagBag from /home/airflow/.local/lib/python3.7/site-packages/airflow/example_dags/example_task_group_decorator.py
[2022-08-02 23:27:49,265] {processor.py:651} INFO - DAG(s) dict_keys(['example_task_group_decorator']) retrieved from /home/airflow/.local/lib/python3.7/site-packages/airflow/example_dags/example_task_group_decorator.py
[2022-08-02 23:27:49,543] {logging_mixin.py:115} INFO - [2022-08-02 23:27:49,543] {dag.py:2420} INFO - Sync 1 DAGs
[2022-08-02 23:27:49,668] {logging_mixin.py:115} INFO - [2022-08-02 23:27:49,667] {dag.py:2972} INFO - Setting next_dagrun for example_task_group_decorator to 2022-08-01T23:27:49.666006+00:00, run_after=2022-08-02T23:27:49.666006+00:00
[2022-08-02 23:27:49,779] {processor.py:161} INFO - Processing /home/airflow/.local/lib/python3.7/site-packages/airflow/example_dags/example_task_group_decorator.py took 0.647 seconds
[2022-08-02 23:28:20,598] {processor.py:153} INFO - Started process (PID=722) to work on /home/airflow/.local/lib/python3.7/site-packages/airflow/example_dags/example_task_group_decorator.py
[2022-08-02 23:28:20,620] {processor.py:641} INFO - Processing file /home/airflow/.local/lib/python3.7/site-packages/airflow/example_dags/example_task_group_decorator.py for tasks to queue
[2022-08-02 23:28:20,634] {logging_mixin.py:115} INFO - [2022-08-02 23:28:20,632] {dagbag.py:508} INFO - Filling up the DagBag from /home/airflow/.local/lib/python3.7/site-packages/airflow/example_dags/example_task_group_decorator.py
[2022-08-02 23:28:20,702] {processor.py:651} INFO - DAG(s) dict_keys(['example_task_group_decorator']) retrieved from /home/airflow/.local/lib/python3.7/site-packages/airflow/example_dags/example_task_group_decorator.py
[2022-08-02 23:28:21,593] {logging_mixin.py:115} INFO - [2022-08-02 23:28:21,593] {dag.py:2420} INFO - Sync 1 DAGs
[2022-08-02 23:28:21,867] {logging_mixin.py:115} INFO - [2022-08-02 23:28:21,867] {dag.py:2972} INFO - Setting next_dagrun for example_task_group_decorator to 2022-08-01T23:28:21.865349+00:00, run_after=2022-08-02T23:28:21.865349+00:00
[2022-08-02 23:28:22,198] {processor.py:161} INFO - Processing /home/airflow/.local/lib/python3.7/site-packages/airflow/example_dags/example_task_group_decorator.py took 1.625 seconds
[2022-08-02 23:28:52,382] {processor.py:153} INFO - Started process (PID=774) to work on /home/airflow/.local/lib/python3.7/site-packages/airflow/example_dags/example_task_group_decorator.py
[2022-08-02 23:28:52,390] {processor.py:641} INFO - Processing file /home/airflow/.local/lib/python3.7/site-packages/airflow/example_dags/example_task_group_decorator.py for tasks to queue
[2022-08-02 23:28:52,397] {logging_mixin.py:115} INFO - [2022-08-02 23:28:52,397] {dagbag.py:508} INFO - Filling up the DagBag from /home/airflow/.local/lib/python3.7/site-packages/airflow/example_dags/example_task_group_decorator.py
[2022-08-02 23:28:52,485] {processor.py:651} INFO - DAG(s) dict_keys(['example_task_group_decorator']) retrieved from /home/airflow/.local/lib/python3.7/site-packages/airflow/example_dags/example_task_group_decorator.py
[2022-08-02 23:28:52,601] {logging_mixin.py:115} INFO - [2022-08-02 23:28:52,601] {dag.py:2420} INFO - Sync 1 DAGs
[2022-08-02 23:28:52,676] {logging_mixin.py:115} INFO - [2022-08-02 23:28:52,675] {dag.py:2972} INFO - Setting next_dagrun for example_task_group_decorator to 2022-08-01T23:28:52.674553+00:00, run_after=2022-08-02T23:28:52.674553+00:00
[2022-08-02 23:28:52,714] {processor.py:161} INFO - Processing /home/airflow/.local/lib/python3.7/site-packages/airflow/example_dags/example_task_group_decorator.py took 0.338 seconds
[2022-08-02 23:29:23,141] {processor.py:153} INFO - Started process (PID=825) to work on /home/airflow/.local/lib/python3.7/site-packages/airflow/example_dags/example_task_group_decorator.py
[2022-08-02 23:29:23,152] {processor.py:641} INFO - Processing file /home/airflow/.local/lib/python3.7/site-packages/airflow/example_dags/example_task_group_decorator.py for tasks to queue
[2022-08-02 23:29:23,161] {logging_mixin.py:115} INFO - [2022-08-02 23:29:23,161] {dagbag.py:508} INFO - Filling up the DagBag from /home/airflow/.local/lib/python3.7/site-packages/airflow/example_dags/example_task_group_decorator.py
[2022-08-02 23:29:23,200] {processor.py:651} INFO - DAG(s) dict_keys(['example_task_group_decorator']) retrieved from /home/airflow/.local/lib/python3.7/site-packages/airflow/example_dags/example_task_group_decorator.py
[2022-08-02 23:29:23,257] {logging_mixin.py:115} INFO - [2022-08-02 23:29:23,257] {dag.py:2420} INFO - Sync 1 DAGs
[2022-08-02 23:29:23,289] {logging_mixin.py:115} INFO - [2022-08-02 23:29:23,289] {dag.py:2972} INFO - Setting next_dagrun for example_task_group_decorator to 2022-08-01T23:29:23.288760+00:00, run_after=2022-08-02T23:29:23.288760+00:00
[2022-08-02 23:29:23,321] {processor.py:161} INFO - Processing /home/airflow/.local/lib/python3.7/site-packages/airflow/example_dags/example_task_group_decorator.py took 0.203 seconds
[2022-08-02 23:29:53,455] {processor.py:153} INFO - Started process (PID=877) to work on /home/airflow/.local/lib/python3.7/site-packages/airflow/example_dags/example_task_group_decorator.py
[2022-08-02 23:29:53,460] {processor.py:641} INFO - Processing file /home/airflow/.local/lib/python3.7/site-packages/airflow/example_dags/example_task_group_decorator.py for tasks to queue
[2022-08-02 23:29:53,469] {logging_mixin.py:115} INFO - [2022-08-02 23:29:53,469] {dagbag.py:508} INFO - Filling up the DagBag from /home/airflow/.local/lib/python3.7/site-packages/airflow/example_dags/example_task_group_decorator.py
[2022-08-02 23:29:53,525] {processor.py:651} INFO - DAG(s) dict_keys(['example_task_group_decorator']) retrieved from /home/airflow/.local/lib/python3.7/site-packages/airflow/example_dags/example_task_group_decorator.py
[2022-08-02 23:29:53,723] {logging_mixin.py:115} INFO - [2022-08-02 23:29:53,722] {dag.py:2420} INFO - Sync 1 DAGs
[2022-08-02 23:29:53,759] {logging_mixin.py:115} INFO - [2022-08-02 23:29:53,759] {dag.py:2972} INFO - Setting next_dagrun for example_task_group_decorator to 2022-08-01T23:29:53.759387+00:00, run_after=2022-08-02T23:29:53.759387+00:00
[2022-08-02 23:29:53,784] {processor.py:161} INFO - Processing /home/airflow/.local/lib/python3.7/site-packages/airflow/example_dags/example_task_group_decorator.py took 0.342 seconds
[2022-08-02 23:30:23,922] {processor.py:153} INFO - Started process (PID=930) to work on /home/airflow/.local/lib/python3.7/site-packages/airflow/example_dags/example_task_group_decorator.py
[2022-08-02 23:30:23,957] {processor.py:641} INFO - Processing file /home/airflow/.local/lib/python3.7/site-packages/airflow/example_dags/example_task_group_decorator.py for tasks to queue
[2022-08-02 23:30:23,974] {logging_mixin.py:115} INFO - [2022-08-02 23:30:23,973] {dagbag.py:508} INFO - Filling up the DagBag from /home/airflow/.local/lib/python3.7/site-packages/airflow/example_dags/example_task_group_decorator.py
[2022-08-02 23:30:24,014] {processor.py:651} INFO - DAG(s) dict_keys(['example_task_group_decorator']) retrieved from /home/airflow/.local/lib/python3.7/site-packages/airflow/example_dags/example_task_group_decorator.py
[2022-08-02 23:30:24,085] {logging_mixin.py:115} INFO - [2022-08-02 23:30:24,085] {dag.py:2420} INFO - Sync 1 DAGs
[2022-08-02 23:30:24,103] {logging_mixin.py:115} INFO - [2022-08-02 23:30:24,103] {dag.py:2972} INFO - Setting next_dagrun for example_task_group_decorator to 2022-08-01T23:30:24.103146+00:00, run_after=2022-08-02T23:30:24.103146+00:00
[2022-08-02 23:30:24,136] {processor.py:161} INFO - Processing /home/airflow/.local/lib/python3.7/site-packages/airflow/example_dags/example_task_group_decorator.py took 0.218 seconds
[2022-08-02 23:30:54,993] {processor.py:153} INFO - Started process (PID=983) to work on /home/airflow/.local/lib/python3.7/site-packages/airflow/example_dags/example_task_group_decorator.py
[2022-08-02 23:30:54,995] {processor.py:641} INFO - Processing file /home/airflow/.local/lib/python3.7/site-packages/airflow/example_dags/example_task_group_decorator.py for tasks to queue
[2022-08-02 23:30:54,998] {logging_mixin.py:115} INFO - [2022-08-02 23:30:54,998] {dagbag.py:508} INFO - Filling up the DagBag from /home/airflow/.local/lib/python3.7/site-packages/airflow/example_dags/example_task_group_decorator.py
[2022-08-02 23:30:55,030] {processor.py:651} INFO - DAG(s) dict_keys(['example_task_group_decorator']) retrieved from /home/airflow/.local/lib/python3.7/site-packages/airflow/example_dags/example_task_group_decorator.py
[2022-08-02 23:30:55,072] {logging_mixin.py:115} INFO - [2022-08-02 23:30:55,072] {dag.py:2420} INFO - Sync 1 DAGs
[2022-08-02 23:30:55,098] {logging_mixin.py:115} INFO - [2022-08-02 23:30:55,098] {dag.py:2972} INFO - Setting next_dagrun for example_task_group_decorator to 2022-08-01T23:30:55.098211+00:00, run_after=2022-08-02T23:30:55.098211+00:00
[2022-08-02 23:30:55,116] {processor.py:161} INFO - Processing /home/airflow/.local/lib/python3.7/site-packages/airflow/example_dags/example_task_group_decorator.py took 0.127 seconds
[2022-08-02 23:31:25,397] {processor.py:153} INFO - Started process (PID=1035) to work on /home/airflow/.local/lib/python3.7/site-packages/airflow/example_dags/example_task_group_decorator.py
[2022-08-02 23:31:25,400] {processor.py:641} INFO - Processing file /home/airflow/.local/lib/python3.7/site-packages/airflow/example_dags/example_task_group_decorator.py for tasks to queue
[2022-08-02 23:31:25,403] {logging_mixin.py:115} INFO - [2022-08-02 23:31:25,402] {dagbag.py:508} INFO - Filling up the DagBag from /home/airflow/.local/lib/python3.7/site-packages/airflow/example_dags/example_task_group_decorator.py
[2022-08-02 23:31:25,427] {processor.py:651} INFO - DAG(s) dict_keys(['example_task_group_decorator']) retrieved from /home/airflow/.local/lib/python3.7/site-packages/airflow/example_dags/example_task_group_decorator.py
[2022-08-02 23:31:25,487] {logging_mixin.py:115} INFO - [2022-08-02 23:31:25,487] {dag.py:2420} INFO - Sync 1 DAGs
[2022-08-02 23:31:25,507] {logging_mixin.py:115} INFO - [2022-08-02 23:31:25,506] {dag.py:2972} INFO - Setting next_dagrun for example_task_group_decorator to 2022-08-01T23:31:25.506719+00:00, run_after=2022-08-02T23:31:25.506719+00:00
[2022-08-02 23:31:25,522] {processor.py:161} INFO - Processing /home/airflow/.local/lib/python3.7/site-packages/airflow/example_dags/example_task_group_decorator.py took 0.129 seconds
[2022-08-02 23:31:56,065] {processor.py:153} INFO - Started process (PID=1096) to work on /home/airflow/.local/lib/python3.7/site-packages/airflow/example_dags/example_task_group_decorator.py
[2022-08-02 23:31:56,067] {processor.py:641} INFO - Processing file /home/airflow/.local/lib/python3.7/site-packages/airflow/example_dags/example_task_group_decorator.py for tasks to queue
[2022-08-02 23:31:56,070] {logging_mixin.py:115} INFO - [2022-08-02 23:31:56,070] {dagbag.py:508} INFO - Filling up the DagBag from /home/airflow/.local/lib/python3.7/site-packages/airflow/example_dags/example_task_group_decorator.py
[2022-08-02 23:31:56,104] {processor.py:651} INFO - DAG(s) dict_keys(['example_task_group_decorator']) retrieved from /home/airflow/.local/lib/python3.7/site-packages/airflow/example_dags/example_task_group_decorator.py
[2022-08-02 23:31:56,188] {logging_mixin.py:115} INFO - [2022-08-02 23:31:56,187] {dag.py:2420} INFO - Sync 1 DAGs
[2022-08-02 23:31:56,207] {logging_mixin.py:115} INFO - [2022-08-02 23:31:56,207] {dag.py:2972} INFO - Setting next_dagrun for example_task_group_decorator to 2022-08-01T23:31:56.206952+00:00, run_after=2022-08-02T23:31:56.206952+00:00
[2022-08-02 23:31:56,222] {processor.py:161} INFO - Processing /home/airflow/.local/lib/python3.7/site-packages/airflow/example_dags/example_task_group_decorator.py took 0.160 seconds
[2022-08-02 23:32:26,827] {processor.py:153} INFO - Started process (PID=1148) to work on /home/airflow/.local/lib/python3.7/site-packages/airflow/example_dags/example_task_group_decorator.py
[2022-08-02 23:32:26,832] {processor.py:641} INFO - Processing file /home/airflow/.local/lib/python3.7/site-packages/airflow/example_dags/example_task_group_decorator.py for tasks to queue
[2022-08-02 23:32:26,834] {logging_mixin.py:115} INFO - [2022-08-02 23:32:26,834] {dagbag.py:508} INFO - Filling up the DagBag from /home/airflow/.local/lib/python3.7/site-packages/airflow/example_dags/example_task_group_decorator.py
[2022-08-02 23:32:26,876] {processor.py:651} INFO - DAG(s) dict_keys(['example_task_group_decorator']) retrieved from /home/airflow/.local/lib/python3.7/site-packages/airflow/example_dags/example_task_group_decorator.py
[2022-08-02 23:32:26,995] {logging_mixin.py:115} INFO - [2022-08-02 23:32:26,995] {dag.py:2420} INFO - Sync 1 DAGs
[2022-08-02 23:32:27,024] {logging_mixin.py:115} INFO - [2022-08-02 23:32:27,024] {dag.py:2972} INFO - Setting next_dagrun for example_task_group_decorator to 2022-08-01T23:32:27.024035+00:00, run_after=2022-08-02T23:32:27.024035+00:00
[2022-08-02 23:32:27,048] {processor.py:161} INFO - Processing /home/airflow/.local/lib/python3.7/site-packages/airflow/example_dags/example_task_group_decorator.py took 0.228 seconds
[2022-08-02 23:32:57,154] {processor.py:153} INFO - Started process (PID=1200) to work on /home/airflow/.local/lib/python3.7/site-packages/airflow/example_dags/example_task_group_decorator.py
[2022-08-02 23:32:57,159] {processor.py:641} INFO - Processing file /home/airflow/.local/lib/python3.7/site-packages/airflow/example_dags/example_task_group_decorator.py for tasks to queue
[2022-08-02 23:32:57,163] {logging_mixin.py:115} INFO - [2022-08-02 23:32:57,163] {dagbag.py:508} INFO - Filling up the DagBag from /home/airflow/.local/lib/python3.7/site-packages/airflow/example_dags/example_task_group_decorator.py
[2022-08-02 23:32:57,196] {processor.py:651} INFO - DAG(s) dict_keys(['example_task_group_decorator']) retrieved from /home/airflow/.local/lib/python3.7/site-packages/airflow/example_dags/example_task_group_decorator.py
[2022-08-02 23:32:57,272] {logging_mixin.py:115} INFO - [2022-08-02 23:32:57,272] {dag.py:2420} INFO - Sync 1 DAGs
[2022-08-02 23:32:57,301] {logging_mixin.py:115} INFO - [2022-08-02 23:32:57,301] {dag.py:2972} INFO - Setting next_dagrun for example_task_group_decorator to 2022-08-01T23:32:57.301205+00:00, run_after=2022-08-02T23:32:57.301205+00:00
[2022-08-02 23:32:57,321] {processor.py:161} INFO - Processing /home/airflow/.local/lib/python3.7/site-packages/airflow/example_dags/example_task_group_decorator.py took 0.173 seconds
[2022-08-02 23:33:27,627] {processor.py:153} INFO - Started process (PID=1260) to work on /home/airflow/.local/lib/python3.7/site-packages/airflow/example_dags/example_task_group_decorator.py
[2022-08-02 23:33:27,638] {processor.py:641} INFO - Processing file /home/airflow/.local/lib/python3.7/site-packages/airflow/example_dags/example_task_group_decorator.py for tasks to queue
[2022-08-02 23:33:27,645] {logging_mixin.py:115} INFO - [2022-08-02 23:33:27,645] {dagbag.py:508} INFO - Filling up the DagBag from /home/airflow/.local/lib/python3.7/site-packages/airflow/example_dags/example_task_group_decorator.py
[2022-08-02 23:33:27,689] {processor.py:651} INFO - DAG(s) dict_keys(['example_task_group_decorator']) retrieved from /home/airflow/.local/lib/python3.7/site-packages/airflow/example_dags/example_task_group_decorator.py
[2022-08-02 23:33:27,780] {logging_mixin.py:115} INFO - [2022-08-02 23:33:27,780] {dag.py:2420} INFO - Sync 1 DAGs
[2022-08-02 23:33:27,807] {logging_mixin.py:115} INFO - [2022-08-02 23:33:27,806] {dag.py:2972} INFO - Setting next_dagrun for example_task_group_decorator to 2022-08-01T23:33:27.806636+00:00, run_after=2022-08-02T23:33:27.806636+00:00
[2022-08-02 23:33:27,831] {processor.py:161} INFO - Processing /home/airflow/.local/lib/python3.7/site-packages/airflow/example_dags/example_task_group_decorator.py took 0.209 seconds
[2022-08-02 23:33:58,230] {processor.py:153} INFO - Started process (PID=1310) to work on /home/airflow/.local/lib/python3.7/site-packages/airflow/example_dags/example_task_group_decorator.py
[2022-08-02 23:33:58,233] {processor.py:641} INFO - Processing file /home/airflow/.local/lib/python3.7/site-packages/airflow/example_dags/example_task_group_decorator.py for tasks to queue
[2022-08-02 23:33:58,234] {logging_mixin.py:115} INFO - [2022-08-02 23:33:58,234] {dagbag.py:508} INFO - Filling up the DagBag from /home/airflow/.local/lib/python3.7/site-packages/airflow/example_dags/example_task_group_decorator.py
[2022-08-02 23:33:58,258] {processor.py:651} INFO - DAG(s) dict_keys(['example_task_group_decorator']) retrieved from /home/airflow/.local/lib/python3.7/site-packages/airflow/example_dags/example_task_group_decorator.py
[2022-08-02 23:33:58,301] {logging_mixin.py:115} INFO - [2022-08-02 23:33:58,301] {dag.py:2420} INFO - Sync 1 DAGs
[2022-08-02 23:33:58,319] {logging_mixin.py:115} INFO - [2022-08-02 23:33:58,318] {dag.py:2972} INFO - Setting next_dagrun for example_task_group_decorator to 2022-08-01T23:33:58.318721+00:00, run_after=2022-08-02T23:33:58.318721+00:00
[2022-08-02 23:33:58,332] {processor.py:161} INFO - Processing /home/airflow/.local/lib/python3.7/site-packages/airflow/example_dags/example_task_group_decorator.py took 0.105 seconds
[2022-08-02 23:34:28,844] {processor.py:153} INFO - Started process (PID=1362) to work on /home/airflow/.local/lib/python3.7/site-packages/airflow/example_dags/example_task_group_decorator.py
[2022-08-02 23:34:28,848] {processor.py:641} INFO - Processing file /home/airflow/.local/lib/python3.7/site-packages/airflow/example_dags/example_task_group_decorator.py for tasks to queue
[2022-08-02 23:34:28,854] {logging_mixin.py:115} INFO - [2022-08-02 23:34:28,853] {dagbag.py:508} INFO - Filling up the DagBag from /home/airflow/.local/lib/python3.7/site-packages/airflow/example_dags/example_task_group_decorator.py
[2022-08-02 23:34:28,932] {processor.py:651} INFO - DAG(s) dict_keys(['example_task_group_decorator']) retrieved from /home/airflow/.local/lib/python3.7/site-packages/airflow/example_dags/example_task_group_decorator.py
[2022-08-02 23:34:29,049] {logging_mixin.py:115} INFO - [2022-08-02 23:34:29,049] {dag.py:2420} INFO - Sync 1 DAGs
[2022-08-02 23:34:29,082] {logging_mixin.py:115} INFO - [2022-08-02 23:34:29,081] {dag.py:2972} INFO - Setting next_dagrun for example_task_group_decorator to 2022-08-01T23:34:29.081716+00:00, run_after=2022-08-02T23:34:29.081716+00:00
[2022-08-02 23:34:29,118] {processor.py:161} INFO - Processing /home/airflow/.local/lib/python3.7/site-packages/airflow/example_dags/example_task_group_decorator.py took 0.279 seconds
[2022-08-02 23:35:02,277] {processor.py:153} INFO - Started process (PID=1424) to work on /home/airflow/.local/lib/python3.7/site-packages/airflow/example_dags/example_task_group_decorator.py
[2022-08-02 23:35:02,325] {processor.py:641} INFO - Processing file /home/airflow/.local/lib/python3.7/site-packages/airflow/example_dags/example_task_group_decorator.py for tasks to queue
[2022-08-02 23:35:02,335] {logging_mixin.py:115} INFO - [2022-08-02 23:35:02,335] {dagbag.py:508} INFO - Filling up the DagBag from /home/airflow/.local/lib/python3.7/site-packages/airflow/example_dags/example_task_group_decorator.py
[2022-08-02 23:35:02,547] {processor.py:651} INFO - DAG(s) dict_keys(['example_task_group_decorator']) retrieved from /home/airflow/.local/lib/python3.7/site-packages/airflow/example_dags/example_task_group_decorator.py
[2022-08-02 23:35:05,012] {logging_mixin.py:115} INFO - [2022-08-02 23:35:05,010] {dag.py:2420} INFO - Sync 1 DAGs
[2022-08-02 23:35:14,653] {logging_mixin.py:115} INFO - [2022-08-02 23:35:13,884] {dag.py:2972} INFO - Setting next_dagrun for example_task_group_decorator to 2022-08-01T23:35:12.929268+00:00, run_after=2022-08-02T23:35:12.929268+00:00
[2022-08-02 23:35:16,424] {processor.py:161} INFO - Processing /home/airflow/.local/lib/python3.7/site-packages/airflow/example_dags/example_task_group_decorator.py took 14.207 seconds
[2022-08-02 23:35:47,457] {processor.py:153} INFO - Started process (PID=1477) to work on /home/airflow/.local/lib/python3.7/site-packages/airflow/example_dags/example_task_group_decorator.py
[2022-08-02 23:35:47,460] {processor.py:641} INFO - Processing file /home/airflow/.local/lib/python3.7/site-packages/airflow/example_dags/example_task_group_decorator.py for tasks to queue
[2022-08-02 23:35:47,463] {logging_mixin.py:115} INFO - [2022-08-02 23:35:47,463] {dagbag.py:508} INFO - Filling up the DagBag from /home/airflow/.local/lib/python3.7/site-packages/airflow/example_dags/example_task_group_decorator.py
[2022-08-02 23:35:47,511] {processor.py:651} INFO - DAG(s) dict_keys(['example_task_group_decorator']) retrieved from /home/airflow/.local/lib/python3.7/site-packages/airflow/example_dags/example_task_group_decorator.py
[2022-08-02 23:35:47,647] {logging_mixin.py:115} INFO - [2022-08-02 23:35:47,647] {dag.py:2420} INFO - Sync 1 DAGs
[2022-08-02 23:35:47,688] {logging_mixin.py:115} INFO - [2022-08-02 23:35:47,687] {dag.py:2972} INFO - Setting next_dagrun for example_task_group_decorator to 2022-08-01T23:35:47.686657+00:00, run_after=2022-08-02T23:35:47.686657+00:00
[2022-08-02 23:35:47,708] {processor.py:161} INFO - Processing /home/airflow/.local/lib/python3.7/site-packages/airflow/example_dags/example_task_group_decorator.py took 0.264 seconds
[2022-08-02 23:36:18,134] {processor.py:153} INFO - Started process (PID=1539) to work on /home/airflow/.local/lib/python3.7/site-packages/airflow/example_dags/example_task_group_decorator.py
[2022-08-02 23:36:18,149] {processor.py:641} INFO - Processing file /home/airflow/.local/lib/python3.7/site-packages/airflow/example_dags/example_task_group_decorator.py for tasks to queue
[2022-08-02 23:36:18,160] {logging_mixin.py:115} INFO - [2022-08-02 23:36:18,160] {dagbag.py:508} INFO - Filling up the DagBag from /home/airflow/.local/lib/python3.7/site-packages/airflow/example_dags/example_task_group_decorator.py
[2022-08-02 23:36:18,215] {processor.py:651} INFO - DAG(s) dict_keys(['example_task_group_decorator']) retrieved from /home/airflow/.local/lib/python3.7/site-packages/airflow/example_dags/example_task_group_decorator.py
[2022-08-02 23:36:18,297] {logging_mixin.py:115} INFO - [2022-08-02 23:36:18,297] {dag.py:2420} INFO - Sync 1 DAGs
[2022-08-02 23:36:18,338] {logging_mixin.py:115} INFO - [2022-08-02 23:36:18,338] {dag.py:2972} INFO - Setting next_dagrun for example_task_group_decorator to 2022-08-01T23:36:18.337252+00:00, run_after=2022-08-02T23:36:18.337252+00:00
[2022-08-02 23:36:18,447] {processor.py:161} INFO - Processing /home/airflow/.local/lib/python3.7/site-packages/airflow/example_dags/example_task_group_decorator.py took 0.336 seconds
[2022-08-02 23:36:49,405] {processor.py:153} INFO - Started process (PID=1591) to work on /home/airflow/.local/lib/python3.7/site-packages/airflow/example_dags/example_task_group_decorator.py
[2022-08-02 23:36:49,412] {processor.py:641} INFO - Processing file /home/airflow/.local/lib/python3.7/site-packages/airflow/example_dags/example_task_group_decorator.py for tasks to queue
[2022-08-02 23:36:49,417] {logging_mixin.py:115} INFO - [2022-08-02 23:36:49,417] {dagbag.py:508} INFO - Filling up the DagBag from /home/airflow/.local/lib/python3.7/site-packages/airflow/example_dags/example_task_group_decorator.py
[2022-08-02 23:36:49,528] {processor.py:651} INFO - DAG(s) dict_keys(['example_task_group_decorator']) retrieved from /home/airflow/.local/lib/python3.7/site-packages/airflow/example_dags/example_task_group_decorator.py
[2022-08-02 23:36:49,617] {logging_mixin.py:115} INFO - [2022-08-02 23:36:49,617] {dag.py:2420} INFO - Sync 1 DAGs
[2022-08-02 23:36:49,640] {logging_mixin.py:115} INFO - [2022-08-02 23:36:49,640] {dag.py:2972} INFO - Setting next_dagrun for example_task_group_decorator to 2022-08-01T23:36:49.639515+00:00, run_after=2022-08-02T23:36:49.639515+00:00
[2022-08-02 23:36:49,656] {processor.py:161} INFO - Processing /home/airflow/.local/lib/python3.7/site-packages/airflow/example_dags/example_task_group_decorator.py took 0.256 seconds
[2022-08-02 23:37:19,912] {processor.py:153} INFO - Started process (PID=1652) to work on /home/airflow/.local/lib/python3.7/site-packages/airflow/example_dags/example_task_group_decorator.py
[2022-08-02 23:37:19,917] {processor.py:641} INFO - Processing file /home/airflow/.local/lib/python3.7/site-packages/airflow/example_dags/example_task_group_decorator.py for tasks to queue
[2022-08-02 23:37:19,922] {logging_mixin.py:115} INFO - [2022-08-02 23:37:19,922] {dagbag.py:508} INFO - Filling up the DagBag from /home/airflow/.local/lib/python3.7/site-packages/airflow/example_dags/example_task_group_decorator.py
[2022-08-02 23:37:19,970] {processor.py:651} INFO - DAG(s) dict_keys(['example_task_group_decorator']) retrieved from /home/airflow/.local/lib/python3.7/site-packages/airflow/example_dags/example_task_group_decorator.py
[2022-08-02 23:37:20,060] {logging_mixin.py:115} INFO - [2022-08-02 23:37:20,060] {dag.py:2420} INFO - Sync 1 DAGs
[2022-08-02 23:37:20,082] {logging_mixin.py:115} INFO - [2022-08-02 23:37:20,082] {dag.py:2972} INFO - Setting next_dagrun for example_task_group_decorator to 2022-08-01T23:37:20.081400+00:00, run_after=2022-08-02T23:37:20.081400+00:00
[2022-08-02 23:37:20,098] {processor.py:161} INFO - Processing /home/airflow/.local/lib/python3.7/site-packages/airflow/example_dags/example_task_group_decorator.py took 0.203 seconds
[2022-08-02 23:37:50,475] {processor.py:153} INFO - Started process (PID=1713) to work on /home/airflow/.local/lib/python3.7/site-packages/airflow/example_dags/example_task_group_decorator.py
[2022-08-02 23:37:50,479] {processor.py:641} INFO - Processing file /home/airflow/.local/lib/python3.7/site-packages/airflow/example_dags/example_task_group_decorator.py for tasks to queue
[2022-08-02 23:37:50,483] {logging_mixin.py:115} INFO - [2022-08-02 23:37:50,483] {dagbag.py:508} INFO - Filling up the DagBag from /home/airflow/.local/lib/python3.7/site-packages/airflow/example_dags/example_task_group_decorator.py
[2022-08-02 23:37:50,541] {processor.py:651} INFO - DAG(s) dict_keys(['example_task_group_decorator']) retrieved from /home/airflow/.local/lib/python3.7/site-packages/airflow/example_dags/example_task_group_decorator.py
[2022-08-02 23:37:50,650] {logging_mixin.py:115} INFO - [2022-08-02 23:37:50,650] {dag.py:2420} INFO - Sync 1 DAGs
[2022-08-02 23:37:50,684] {logging_mixin.py:115} INFO - [2022-08-02 23:37:50,684] {dag.py:2972} INFO - Setting next_dagrun for example_task_group_decorator to 2022-08-01T23:37:50.683257+00:00, run_after=2022-08-02T23:37:50.683257+00:00
[2022-08-02 23:37:50,704] {processor.py:161} INFO - Processing /home/airflow/.local/lib/python3.7/site-packages/airflow/example_dags/example_task_group_decorator.py took 0.237 seconds
[2022-08-02 23:38:20,824] {processor.py:153} INFO - Started process (PID=1765) to work on /home/airflow/.local/lib/python3.7/site-packages/airflow/example_dags/example_task_group_decorator.py
[2022-08-02 23:38:20,828] {processor.py:641} INFO - Processing file /home/airflow/.local/lib/python3.7/site-packages/airflow/example_dags/example_task_group_decorator.py for tasks to queue
[2022-08-02 23:38:20,831] {logging_mixin.py:115} INFO - [2022-08-02 23:38:20,831] {dagbag.py:508} INFO - Filling up the DagBag from /home/airflow/.local/lib/python3.7/site-packages/airflow/example_dags/example_task_group_decorator.py
[2022-08-02 23:38:20,913] {processor.py:651} INFO - DAG(s) dict_keys(['example_task_group_decorator']) retrieved from /home/airflow/.local/lib/python3.7/site-packages/airflow/example_dags/example_task_group_decorator.py
[2022-08-02 23:38:21,030] {logging_mixin.py:115} INFO - [2022-08-02 23:38:21,030] {dag.py:2420} INFO - Sync 1 DAGs
[2022-08-02 23:38:21,075] {logging_mixin.py:115} INFO - [2022-08-02 23:38:21,074] {dag.py:2972} INFO - Setting next_dagrun for example_task_group_decorator to 2022-08-01T23:38:21.074513+00:00, run_after=2022-08-02T23:38:21.074513+00:00
[2022-08-02 23:38:21,095] {processor.py:161} INFO - Processing /home/airflow/.local/lib/python3.7/site-packages/airflow/example_dags/example_task_group_decorator.py took 0.280 seconds
[2022-08-02 23:38:51,172] {processor.py:153} INFO - Started process (PID=1826) to work on /home/airflow/.local/lib/python3.7/site-packages/airflow/example_dags/example_task_group_decorator.py
[2022-08-02 23:38:51,175] {processor.py:641} INFO - Processing file /home/airflow/.local/lib/python3.7/site-packages/airflow/example_dags/example_task_group_decorator.py for tasks to queue
[2022-08-02 23:38:51,177] {logging_mixin.py:115} INFO - [2022-08-02 23:38:51,177] {dagbag.py:508} INFO - Filling up the DagBag from /home/airflow/.local/lib/python3.7/site-packages/airflow/example_dags/example_task_group_decorator.py
[2022-08-02 23:38:51,203] {processor.py:651} INFO - DAG(s) dict_keys(['example_task_group_decorator']) retrieved from /home/airflow/.local/lib/python3.7/site-packages/airflow/example_dags/example_task_group_decorator.py
[2022-08-02 23:38:51,232] {logging_mixin.py:115} INFO - [2022-08-02 23:38:51,232] {dag.py:2420} INFO - Sync 1 DAGs
[2022-08-02 23:38:51,249] {logging_mixin.py:115} INFO - [2022-08-02 23:38:51,249] {dag.py:2972} INFO - Setting next_dagrun for example_task_group_decorator to 2022-08-01T23:38:51.249211+00:00, run_after=2022-08-02T23:38:51.249211+00:00
[2022-08-02 23:38:51,261] {processor.py:161} INFO - Processing /home/airflow/.local/lib/python3.7/site-packages/airflow/example_dags/example_task_group_decorator.py took 0.093 seconds
[2022-08-02 23:39:21,669] {processor.py:153} INFO - Started process (PID=1887) to work on /home/airflow/.local/lib/python3.7/site-packages/airflow/example_dags/example_task_group_decorator.py
[2022-08-02 23:39:21,675] {processor.py:641} INFO - Processing file /home/airflow/.local/lib/python3.7/site-packages/airflow/example_dags/example_task_group_decorator.py for tasks to queue
[2022-08-02 23:39:21,679] {logging_mixin.py:115} INFO - [2022-08-02 23:39:21,679] {dagbag.py:508} INFO - Filling up the DagBag from /home/airflow/.local/lib/python3.7/site-packages/airflow/example_dags/example_task_group_decorator.py
[2022-08-02 23:39:21,705] {processor.py:651} INFO - DAG(s) dict_keys(['example_task_group_decorator']) retrieved from /home/airflow/.local/lib/python3.7/site-packages/airflow/example_dags/example_task_group_decorator.py
[2022-08-02 23:39:21,745] {logging_mixin.py:115} INFO - [2022-08-02 23:39:21,745] {dag.py:2420} INFO - Sync 1 DAGs
[2022-08-02 23:39:21,772] {logging_mixin.py:115} INFO - [2022-08-02 23:39:21,772] {dag.py:2972} INFO - Setting next_dagrun for example_task_group_decorator to 2022-08-01T23:39:21.772426+00:00, run_after=2022-08-02T23:39:21.772426+00:00
[2022-08-02 23:39:21,806] {processor.py:161} INFO - Processing /home/airflow/.local/lib/python3.7/site-packages/airflow/example_dags/example_task_group_decorator.py took 0.141 seconds
[2022-08-02 23:39:53,972] {processor.py:153} INFO - Started process (PID=1936) to work on /home/airflow/.local/lib/python3.7/site-packages/airflow/example_dags/example_task_group_decorator.py
[2022-08-02 23:39:54,006] {processor.py:641} INFO - Processing file /home/airflow/.local/lib/python3.7/site-packages/airflow/example_dags/example_task_group_decorator.py for tasks to queue
[2022-08-02 23:39:54,009] {logging_mixin.py:115} INFO - [2022-08-02 23:39:54,009] {dagbag.py:508} INFO - Filling up the DagBag from /home/airflow/.local/lib/python3.7/site-packages/airflow/example_dags/example_task_group_decorator.py
[2022-08-02 23:39:54,239] {processor.py:651} INFO - DAG(s) dict_keys(['example_task_group_decorator']) retrieved from /home/airflow/.local/lib/python3.7/site-packages/airflow/example_dags/example_task_group_decorator.py
[2022-08-02 23:39:54,299] {logging_mixin.py:115} INFO - [2022-08-02 23:39:54,299] {dag.py:2420} INFO - Sync 1 DAGs
[2022-08-02 23:39:54,397] {logging_mixin.py:115} INFO - [2022-08-02 23:39:54,396] {dag.py:2972} INFO - Setting next_dagrun for example_task_group_decorator to 2022-08-01T23:39:54.384441+00:00, run_after=2022-08-02T23:39:54.384441+00:00
[2022-08-02 23:39:54,452] {processor.py:161} INFO - Processing /home/airflow/.local/lib/python3.7/site-packages/airflow/example_dags/example_task_group_decorator.py took 0.591 seconds
[2022-08-02 23:40:24,619] {processor.py:153} INFO - Started process (PID=1988) to work on /home/airflow/.local/lib/python3.7/site-packages/airflow/example_dags/example_task_group_decorator.py
[2022-08-02 23:40:24,625] {processor.py:641} INFO - Processing file /home/airflow/.local/lib/python3.7/site-packages/airflow/example_dags/example_task_group_decorator.py for tasks to queue
[2022-08-02 23:40:24,633] {logging_mixin.py:115} INFO - [2022-08-02 23:40:24,633] {dagbag.py:508} INFO - Filling up the DagBag from /home/airflow/.local/lib/python3.7/site-packages/airflow/example_dags/example_task_group_decorator.py
[2022-08-02 23:40:24,716] {processor.py:651} INFO - DAG(s) dict_keys(['example_task_group_decorator']) retrieved from /home/airflow/.local/lib/python3.7/site-packages/airflow/example_dags/example_task_group_decorator.py
[2022-08-02 23:40:24,924] {logging_mixin.py:115} INFO - [2022-08-02 23:40:24,924] {dag.py:2420} INFO - Sync 1 DAGs
[2022-08-02 23:40:24,997] {logging_mixin.py:115} INFO - [2022-08-02 23:40:24,997] {dag.py:2972} INFO - Setting next_dagrun for example_task_group_decorator to 2022-08-01T23:40:24.996336+00:00, run_after=2022-08-02T23:40:24.996336+00:00
[2022-08-02 23:40:25,027] {processor.py:161} INFO - Processing /home/airflow/.local/lib/python3.7/site-packages/airflow/example_dags/example_task_group_decorator.py took 0.419 seconds
[2022-08-02 23:40:55,212] {processor.py:153} INFO - Started process (PID=2041) to work on /home/airflow/.local/lib/python3.7/site-packages/airflow/example_dags/example_task_group_decorator.py
[2022-08-02 23:40:55,216] {processor.py:641} INFO - Processing file /home/airflow/.local/lib/python3.7/site-packages/airflow/example_dags/example_task_group_decorator.py for tasks to queue
[2022-08-02 23:40:55,219] {logging_mixin.py:115} INFO - [2022-08-02 23:40:55,219] {dagbag.py:508} INFO - Filling up the DagBag from /home/airflow/.local/lib/python3.7/site-packages/airflow/example_dags/example_task_group_decorator.py
[2022-08-02 23:40:55,271] {processor.py:651} INFO - DAG(s) dict_keys(['example_task_group_decorator']) retrieved from /home/airflow/.local/lib/python3.7/site-packages/airflow/example_dags/example_task_group_decorator.py
[2022-08-02 23:40:55,309] {logging_mixin.py:115} INFO - [2022-08-02 23:40:55,309] {dag.py:2420} INFO - Sync 1 DAGs
[2022-08-02 23:40:55,337] {logging_mixin.py:115} INFO - [2022-08-02 23:40:55,336] {dag.py:2972} INFO - Setting next_dagrun for example_task_group_decorator to 2022-08-01T23:40:55.336262+00:00, run_after=2022-08-02T23:40:55.336262+00:00
[2022-08-02 23:40:55,354] {processor.py:161} INFO - Processing /home/airflow/.local/lib/python3.7/site-packages/airflow/example_dags/example_task_group_decorator.py took 0.148 seconds
[2022-08-02 23:41:55,308] {processor.py:153} INFO - Started process (PID=2078) to work on /home/airflow/.local/lib/python3.7/site-packages/airflow/example_dags/example_task_group_decorator.py
[2022-08-02 23:41:55,316] {processor.py:641} INFO - Processing file /home/airflow/.local/lib/python3.7/site-packages/airflow/example_dags/example_task_group_decorator.py for tasks to queue
[2022-08-02 23:41:55,323] {logging_mixin.py:115} INFO - [2022-08-02 23:41:55,323] {dagbag.py:508} INFO - Filling up the DagBag from /home/airflow/.local/lib/python3.7/site-packages/airflow/example_dags/example_task_group_decorator.py
[2022-08-02 23:41:55,356] {processor.py:651} INFO - DAG(s) dict_keys(['example_task_group_decorator']) retrieved from /home/airflow/.local/lib/python3.7/site-packages/airflow/example_dags/example_task_group_decorator.py
[2022-08-02 23:41:55,435] {logging_mixin.py:115} INFO - [2022-08-02 23:41:55,435] {dag.py:2420} INFO - Sync 1 DAGs
[2022-08-02 23:41:55,459] {logging_mixin.py:115} INFO - [2022-08-02 23:41:55,459] {dag.py:2972} INFO - Setting next_dagrun for example_task_group_decorator to 2022-08-01T23:41:55.458823+00:00, run_after=2022-08-02T23:41:55.458823+00:00
[2022-08-02 23:41:55,481] {processor.py:161} INFO - Processing /home/airflow/.local/lib/python3.7/site-packages/airflow/example_dags/example_task_group_decorator.py took 0.179 seconds
[2022-08-02 23:55:23,631] {processor.py:153} INFO - Started process (PID=2128) to work on /home/airflow/.local/lib/python3.7/site-packages/airflow/example_dags/example_task_group_decorator.py
[2022-08-02 23:55:23,637] {processor.py:641} INFO - Processing file /home/airflow/.local/lib/python3.7/site-packages/airflow/example_dags/example_task_group_decorator.py for tasks to queue
[2022-08-02 23:55:23,642] {logging_mixin.py:115} INFO - [2022-08-02 23:55:23,642] {dagbag.py:508} INFO - Filling up the DagBag from /home/airflow/.local/lib/python3.7/site-packages/airflow/example_dags/example_task_group_decorator.py
[2022-08-02 23:55:23,757] {processor.py:651} INFO - DAG(s) dict_keys(['example_task_group_decorator']) retrieved from /home/airflow/.local/lib/python3.7/site-packages/airflow/example_dags/example_task_group_decorator.py
[2022-08-02 23:55:23,911] {logging_mixin.py:115} INFO - [2022-08-02 23:55:23,910] {dag.py:2420} INFO - Sync 1 DAGs
[2022-08-02 23:55:23,952] {logging_mixin.py:115} INFO - [2022-08-02 23:55:23,952] {dag.py:2972} INFO - Setting next_dagrun for example_task_group_decorator to 2022-08-01T23:55:23.952138+00:00, run_after=2022-08-02T23:55:23.952138+00:00
[2022-08-02 23:55:23,979] {processor.py:161} INFO - Processing /home/airflow/.local/lib/python3.7/site-packages/airflow/example_dags/example_task_group_decorator.py took 0.353 seconds
[2022-08-02 23:55:54,985] {processor.py:153} INFO - Started process (PID=2188) to work on /home/airflow/.local/lib/python3.7/site-packages/airflow/example_dags/example_task_group_decorator.py
[2022-08-02 23:55:55,034] {processor.py:641} INFO - Processing file /home/airflow/.local/lib/python3.7/site-packages/airflow/example_dags/example_task_group_decorator.py for tasks to queue
[2022-08-02 23:55:55,122] {logging_mixin.py:115} INFO - [2022-08-02 23:55:55,122] {dagbag.py:508} INFO - Filling up the DagBag from /home/airflow/.local/lib/python3.7/site-packages/airflow/example_dags/example_task_group_decorator.py
[2022-08-02 23:55:55,328] {processor.py:651} INFO - DAG(s) dict_keys(['example_task_group_decorator']) retrieved from /home/airflow/.local/lib/python3.7/site-packages/airflow/example_dags/example_task_group_decorator.py
[2022-08-02 23:55:57,669] {logging_mixin.py:115} INFO - [2022-08-02 23:55:57,668] {dag.py:2420} INFO - Sync 1 DAGs
[2022-08-02 23:55:58,054] {logging_mixin.py:115} INFO - [2022-08-02 23:55:58,054] {dag.py:2972} INFO - Setting next_dagrun for example_task_group_decorator to 2022-08-01T23:55:58.053314+00:00, run_after=2022-08-02T23:55:58.053314+00:00
[2022-08-02 23:55:58,117] {processor.py:161} INFO - Processing /home/airflow/.local/lib/python3.7/site-packages/airflow/example_dags/example_task_group_decorator.py took 3.175 seconds
