[2022-08-02 23:21:57,490] {processor.py:153} INFO - Started process (PID=75) to work on /home/airflow/.local/lib/python3.7/site-packages/airflow/example_dags/example_task_group.py
[2022-08-02 23:21:57,503] {processor.py:641} INFO - Processing file /home/airflow/.local/lib/python3.7/site-packages/airflow/example_dags/example_task_group.py for tasks to queue
[2022-08-02 23:21:57,514] {logging_mixin.py:115} INFO - [2022-08-02 23:21:57,514] {dagbag.py:508} INFO - Filling up the DagBag from /home/airflow/.local/lib/python3.7/site-packages/airflow/example_dags/example_task_group.py
[2022-08-02 23:21:57,573] {processor.py:651} INFO - DAG(s) dict_keys(['example_task_group']) retrieved from /home/airflow/.local/lib/python3.7/site-packages/airflow/example_dags/example_task_group.py
[2022-08-02 23:21:58,261] {logging_mixin.py:115} INFO - [2022-08-02 23:21:58,261] {manager.py:508} INFO - Created Permission View: can read on DAG:example_task_group
[2022-08-02 23:21:58,705] {logging_mixin.py:115} INFO - [2022-08-02 23:21:58,704] {manager.py:508} INFO - Created Permission View: can edit on DAG:example_task_group
[2022-08-02 23:21:58,832] {logging_mixin.py:115} INFO - [2022-08-02 23:21:58,832] {manager.py:508} INFO - Created Permission View: can delete on DAG:example_task_group
[2022-08-02 23:21:58,913] {logging_mixin.py:115} INFO - [2022-08-02 23:21:58,863] {dag.py:2420} INFO - Sync 1 DAGs
[2022-08-02 23:21:59,009] {logging_mixin.py:115} INFO - [2022-08-02 23:21:59,009] {dag.py:2439} INFO - Creating ORM DAG for example_task_group
[2022-08-02 23:21:59,175] {logging_mixin.py:115} INFO - [2022-08-02 23:21:59,175] {dag.py:2972} INFO - Setting next_dagrun for example_task_group to 2022-08-01T23:21:59.174354+00:00, run_after=2022-08-02T23:21:59.174354+00:00
[2022-08-02 23:21:59,250] {processor.py:161} INFO - Processing /home/airflow/.local/lib/python3.7/site-packages/airflow/example_dags/example_task_group.py took 1.797 seconds
[2022-08-02 23:22:29,849] {processor.py:153} INFO - Started process (PID=120) to work on /home/airflow/.local/lib/python3.7/site-packages/airflow/example_dags/example_task_group.py
[2022-08-02 23:22:29,851] {processor.py:641} INFO - Processing file /home/airflow/.local/lib/python3.7/site-packages/airflow/example_dags/example_task_group.py for tasks to queue
[2022-08-02 23:22:29,854] {logging_mixin.py:115} INFO - [2022-08-02 23:22:29,854] {dagbag.py:508} INFO - Filling up the DagBag from /home/airflow/.local/lib/python3.7/site-packages/airflow/example_dags/example_task_group.py
[2022-08-02 23:22:29,867] {processor.py:651} INFO - DAG(s) dict_keys(['example_task_group']) retrieved from /home/airflow/.local/lib/python3.7/site-packages/airflow/example_dags/example_task_group.py
[2022-08-02 23:22:29,951] {logging_mixin.py:115} INFO - [2022-08-02 23:22:29,951] {dag.py:2420} INFO - Sync 1 DAGs
[2022-08-02 23:22:29,988] {logging_mixin.py:115} INFO - [2022-08-02 23:22:29,988] {dag.py:2972} INFO - Setting next_dagrun for example_task_group to 2022-08-01T23:22:29.988443+00:00, run_after=2022-08-02T23:22:29.988443+00:00
[2022-08-02 23:22:30,011] {processor.py:161} INFO - Processing /home/airflow/.local/lib/python3.7/site-packages/airflow/example_dags/example_task_group.py took 0.167 seconds
[2022-08-02 23:23:02,481] {processor.py:153} INFO - Started process (PID=179) to work on /home/airflow/.local/lib/python3.7/site-packages/airflow/example_dags/example_task_group.py
[2022-08-02 23:23:02,493] {processor.py:641} INFO - Processing file /home/airflow/.local/lib/python3.7/site-packages/airflow/example_dags/example_task_group.py for tasks to queue
[2022-08-02 23:23:02,521] {logging_mixin.py:115} INFO - [2022-08-02 23:23:02,521] {dagbag.py:508} INFO - Filling up the DagBag from /home/airflow/.local/lib/python3.7/site-packages/airflow/example_dags/example_task_group.py
[2022-08-02 23:23:02,557] {processor.py:651} INFO - DAG(s) dict_keys(['example_task_group']) retrieved from /home/airflow/.local/lib/python3.7/site-packages/airflow/example_dags/example_task_group.py
[2022-08-02 23:23:02,632] {logging_mixin.py:115} INFO - [2022-08-02 23:23:02,631] {dag.py:2420} INFO - Sync 1 DAGs
[2022-08-02 23:23:02,740] {logging_mixin.py:115} INFO - [2022-08-02 23:23:02,739] {dag.py:2972} INFO - Setting next_dagrun for example_task_group to 2022-08-01T23:23:02.739123+00:00, run_after=2022-08-02T23:23:02.739123+00:00
[2022-08-02 23:23:02,821] {processor.py:161} INFO - Processing /home/airflow/.local/lib/python3.7/site-packages/airflow/example_dags/example_task_group.py took 0.367 seconds
[2022-08-02 23:23:33,244] {processor.py:153} INFO - Started process (PID=233) to work on /home/airflow/.local/lib/python3.7/site-packages/airflow/example_dags/example_task_group.py
[2022-08-02 23:23:33,304] {processor.py:641} INFO - Processing file /home/airflow/.local/lib/python3.7/site-packages/airflow/example_dags/example_task_group.py for tasks to queue
[2022-08-02 23:23:33,350] {logging_mixin.py:115} INFO - [2022-08-02 23:23:33,350] {dagbag.py:508} INFO - Filling up the DagBag from /home/airflow/.local/lib/python3.7/site-packages/airflow/example_dags/example_task_group.py
[2022-08-02 23:23:33,397] {processor.py:651} INFO - DAG(s) dict_keys(['example_task_group']) retrieved from /home/airflow/.local/lib/python3.7/site-packages/airflow/example_dags/example_task_group.py
[2022-08-02 23:23:33,479] {logging_mixin.py:115} INFO - [2022-08-02 23:23:33,479] {dag.py:2420} INFO - Sync 1 DAGs
[2022-08-02 23:23:33,534] {logging_mixin.py:115} INFO - [2022-08-02 23:23:33,534] {dag.py:2972} INFO - Setting next_dagrun for example_task_group to 2022-08-01T23:23:33.534248+00:00, run_after=2022-08-02T23:23:33.534248+00:00
[2022-08-02 23:23:33,567] {processor.py:161} INFO - Processing /home/airflow/.local/lib/python3.7/site-packages/airflow/example_dags/example_task_group.py took 0.349 seconds
[2022-08-02 23:24:07,054] {processor.py:153} INFO - Started process (PID=286) to work on /home/airflow/.local/lib/python3.7/site-packages/airflow/example_dags/example_task_group.py
[2022-08-02 23:24:07,110] {processor.py:641} INFO - Processing file /home/airflow/.local/lib/python3.7/site-packages/airflow/example_dags/example_task_group.py for tasks to queue
[2022-08-02 23:24:07,119] {logging_mixin.py:115} INFO - [2022-08-02 23:24:07,118] {dagbag.py:508} INFO - Filling up the DagBag from /home/airflow/.local/lib/python3.7/site-packages/airflow/example_dags/example_task_group.py
[2022-08-02 23:24:07,151] {processor.py:651} INFO - DAG(s) dict_keys(['example_task_group']) retrieved from /home/airflow/.local/lib/python3.7/site-packages/airflow/example_dags/example_task_group.py
[2022-08-02 23:24:07,203] {logging_mixin.py:115} INFO - [2022-08-02 23:24:07,203] {dag.py:2420} INFO - Sync 1 DAGs
[2022-08-02 23:24:07,241] {logging_mixin.py:115} INFO - [2022-08-02 23:24:07,241] {dag.py:2972} INFO - Setting next_dagrun for example_task_group to 2022-08-01T23:24:07.241413+00:00, run_after=2022-08-02T23:24:07.241413+00:00
[2022-08-02 23:24:07,276] {processor.py:161} INFO - Processing /home/airflow/.local/lib/python3.7/site-packages/airflow/example_dags/example_task_group.py took 0.242 seconds
[2022-08-02 23:24:40,501] {processor.py:153} INFO - Started process (PID=344) to work on /home/airflow/.local/lib/python3.7/site-packages/airflow/example_dags/example_task_group.py
[2022-08-02 23:24:40,513] {processor.py:641} INFO - Processing file /home/airflow/.local/lib/python3.7/site-packages/airflow/example_dags/example_task_group.py for tasks to queue
[2022-08-02 23:24:40,520] {logging_mixin.py:115} INFO - [2022-08-02 23:24:40,520] {dagbag.py:508} INFO - Filling up the DagBag from /home/airflow/.local/lib/python3.7/site-packages/airflow/example_dags/example_task_group.py
[2022-08-02 23:24:40,561] {processor.py:651} INFO - DAG(s) dict_keys(['example_task_group']) retrieved from /home/airflow/.local/lib/python3.7/site-packages/airflow/example_dags/example_task_group.py
[2022-08-02 23:24:40,646] {logging_mixin.py:115} INFO - [2022-08-02 23:24:40,643] {dag.py:2420} INFO - Sync 1 DAGs
[2022-08-02 23:24:40,735] {logging_mixin.py:115} INFO - [2022-08-02 23:24:40,735] {dag.py:2972} INFO - Setting next_dagrun for example_task_group to 2022-08-01T23:24:40.734569+00:00, run_after=2022-08-02T23:24:40.734569+00:00
[2022-08-02 23:24:40,851] {processor.py:161} INFO - Processing /home/airflow/.local/lib/python3.7/site-packages/airflow/example_dags/example_task_group.py took 0.375 seconds
[2022-08-02 23:25:11,269] {processor.py:153} INFO - Started process (PID=388) to work on /home/airflow/.local/lib/python3.7/site-packages/airflow/example_dags/example_task_group.py
[2022-08-02 23:25:11,274] {processor.py:641} INFO - Processing file /home/airflow/.local/lib/python3.7/site-packages/airflow/example_dags/example_task_group.py for tasks to queue
[2022-08-02 23:25:11,280] {logging_mixin.py:115} INFO - [2022-08-02 23:25:11,279] {dagbag.py:508} INFO - Filling up the DagBag from /home/airflow/.local/lib/python3.7/site-packages/airflow/example_dags/example_task_group.py
[2022-08-02 23:25:11,294] {processor.py:651} INFO - DAG(s) dict_keys(['example_task_group']) retrieved from /home/airflow/.local/lib/python3.7/site-packages/airflow/example_dags/example_task_group.py
[2022-08-02 23:25:11,342] {logging_mixin.py:115} INFO - [2022-08-02 23:25:11,342] {dag.py:2420} INFO - Sync 1 DAGs
[2022-08-02 23:25:11,370] {logging_mixin.py:115} INFO - [2022-08-02 23:25:11,370] {dag.py:2972} INFO - Setting next_dagrun for example_task_group to 2022-08-01T23:25:11.369667+00:00, run_after=2022-08-02T23:25:11.369667+00:00
[2022-08-02 23:25:11,391] {processor.py:161} INFO - Processing /home/airflow/.local/lib/python3.7/site-packages/airflow/example_dags/example_task_group.py took 0.127 seconds
[2022-08-02 23:25:42,659] {processor.py:153} INFO - Started process (PID=440) to work on /home/airflow/.local/lib/python3.7/site-packages/airflow/example_dags/example_task_group.py
[2022-08-02 23:25:42,684] {processor.py:641} INFO - Processing file /home/airflow/.local/lib/python3.7/site-packages/airflow/example_dags/example_task_group.py for tasks to queue
[2022-08-02 23:25:42,705] {logging_mixin.py:115} INFO - [2022-08-02 23:25:42,705] {dagbag.py:508} INFO - Filling up the DagBag from /home/airflow/.local/lib/python3.7/site-packages/airflow/example_dags/example_task_group.py
[2022-08-02 23:25:42,750] {processor.py:651} INFO - DAG(s) dict_keys(['example_task_group']) retrieved from /home/airflow/.local/lib/python3.7/site-packages/airflow/example_dags/example_task_group.py
[2022-08-02 23:25:42,961] {logging_mixin.py:115} INFO - [2022-08-02 23:25:42,961] {dag.py:2420} INFO - Sync 1 DAGs
[2022-08-02 23:25:43,111] {logging_mixin.py:115} INFO - [2022-08-02 23:25:43,105] {dag.py:2972} INFO - Setting next_dagrun for example_task_group to 2022-08-01T23:25:43.105536+00:00, run_after=2022-08-02T23:25:43.105536+00:00
[2022-08-02 23:25:43,393] {processor.py:161} INFO - Processing /home/airflow/.local/lib/python3.7/site-packages/airflow/example_dags/example_task_group.py took 0.745 seconds
[2022-08-02 23:26:13,665] {processor.py:153} INFO - Started process (PID=501) to work on /home/airflow/.local/lib/python3.7/site-packages/airflow/example_dags/example_task_group.py
[2022-08-02 23:26:13,668] {processor.py:641} INFO - Processing file /home/airflow/.local/lib/python3.7/site-packages/airflow/example_dags/example_task_group.py for tasks to queue
[2022-08-02 23:26:13,673] {logging_mixin.py:115} INFO - [2022-08-02 23:26:13,673] {dagbag.py:508} INFO - Filling up the DagBag from /home/airflow/.local/lib/python3.7/site-packages/airflow/example_dags/example_task_group.py
[2022-08-02 23:26:13,683] {processor.py:651} INFO - DAG(s) dict_keys(['example_task_group']) retrieved from /home/airflow/.local/lib/python3.7/site-packages/airflow/example_dags/example_task_group.py
[2022-08-02 23:26:13,743] {logging_mixin.py:115} INFO - [2022-08-02 23:26:13,743] {dag.py:2420} INFO - Sync 1 DAGs
[2022-08-02 23:26:13,805] {logging_mixin.py:115} INFO - [2022-08-02 23:26:13,805] {dag.py:2972} INFO - Setting next_dagrun for example_task_group to 2022-08-01T23:26:13.804975+00:00, run_after=2022-08-02T23:26:13.804975+00:00
[2022-08-02 23:26:13,831] {processor.py:161} INFO - Processing /home/airflow/.local/lib/python3.7/site-packages/airflow/example_dags/example_task_group.py took 0.170 seconds
[2022-08-02 23:26:44,299] {processor.py:153} INFO - Started process (PID=554) to work on /home/airflow/.local/lib/python3.7/site-packages/airflow/example_dags/example_task_group.py
[2022-08-02 23:26:44,302] {processor.py:641} INFO - Processing file /home/airflow/.local/lib/python3.7/site-packages/airflow/example_dags/example_task_group.py for tasks to queue
[2022-08-02 23:26:44,311] {logging_mixin.py:115} INFO - [2022-08-02 23:26:44,310] {dagbag.py:508} INFO - Filling up the DagBag from /home/airflow/.local/lib/python3.7/site-packages/airflow/example_dags/example_task_group.py
[2022-08-02 23:26:44,321] {processor.py:651} INFO - DAG(s) dict_keys(['example_task_group']) retrieved from /home/airflow/.local/lib/python3.7/site-packages/airflow/example_dags/example_task_group.py
[2022-08-02 23:26:44,361] {logging_mixin.py:115} INFO - [2022-08-02 23:26:44,361] {dag.py:2420} INFO - Sync 1 DAGs
[2022-08-02 23:26:44,385] {logging_mixin.py:115} INFO - [2022-08-02 23:26:44,385] {dag.py:2972} INFO - Setting next_dagrun for example_task_group to 2022-08-01T23:26:44.385455+00:00, run_after=2022-08-02T23:26:44.385455+00:00
[2022-08-02 23:26:44,408] {processor.py:161} INFO - Processing /home/airflow/.local/lib/python3.7/site-packages/airflow/example_dags/example_task_group.py took 0.114 seconds
[2022-08-02 23:27:14,524] {processor.py:153} INFO - Started process (PID=604) to work on /home/airflow/.local/lib/python3.7/site-packages/airflow/example_dags/example_task_group.py
[2022-08-02 23:27:14,530] {processor.py:641} INFO - Processing file /home/airflow/.local/lib/python3.7/site-packages/airflow/example_dags/example_task_group.py for tasks to queue
[2022-08-02 23:27:14,534] {logging_mixin.py:115} INFO - [2022-08-02 23:27:14,534] {dagbag.py:508} INFO - Filling up the DagBag from /home/airflow/.local/lib/python3.7/site-packages/airflow/example_dags/example_task_group.py
[2022-08-02 23:27:14,545] {processor.py:651} INFO - DAG(s) dict_keys(['example_task_group']) retrieved from /home/airflow/.local/lib/python3.7/site-packages/airflow/example_dags/example_task_group.py
[2022-08-02 23:27:14,603] {logging_mixin.py:115} INFO - [2022-08-02 23:27:14,603] {dag.py:2420} INFO - Sync 1 DAGs
[2022-08-02 23:27:14,639] {logging_mixin.py:115} INFO - [2022-08-02 23:27:14,639] {dag.py:2972} INFO - Setting next_dagrun for example_task_group to 2022-08-01T23:27:14.639243+00:00, run_after=2022-08-02T23:27:14.639243+00:00
[2022-08-02 23:27:14,662] {processor.py:161} INFO - Processing /home/airflow/.local/lib/python3.7/site-packages/airflow/example_dags/example_task_group.py took 0.141 seconds
[2022-08-02 23:27:45,366] {processor.py:153} INFO - Started process (PID=656) to work on /home/airflow/.local/lib/python3.7/site-packages/airflow/example_dags/example_task_group.py
[2022-08-02 23:27:45,369] {processor.py:641} INFO - Processing file /home/airflow/.local/lib/python3.7/site-packages/airflow/example_dags/example_task_group.py for tasks to queue
[2022-08-02 23:27:45,371] {logging_mixin.py:115} INFO - [2022-08-02 23:27:45,371] {dagbag.py:508} INFO - Filling up the DagBag from /home/airflow/.local/lib/python3.7/site-packages/airflow/example_dags/example_task_group.py
[2022-08-02 23:27:45,381] {processor.py:651} INFO - DAG(s) dict_keys(['example_task_group']) retrieved from /home/airflow/.local/lib/python3.7/site-packages/airflow/example_dags/example_task_group.py
[2022-08-02 23:27:45,417] {logging_mixin.py:115} INFO - [2022-08-02 23:27:45,417] {dag.py:2420} INFO - Sync 1 DAGs
[2022-08-02 23:27:45,446] {logging_mixin.py:115} INFO - [2022-08-02 23:27:45,446] {dag.py:2972} INFO - Setting next_dagrun for example_task_group to 2022-08-01T23:27:45.446543+00:00, run_after=2022-08-02T23:27:45.446543+00:00
[2022-08-02 23:27:45,466] {processor.py:161} INFO - Processing /home/airflow/.local/lib/python3.7/site-packages/airflow/example_dags/example_task_group.py took 0.103 seconds
[2022-08-02 23:28:16,611] {processor.py:153} INFO - Started process (PID=707) to work on /home/airflow/.local/lib/python3.7/site-packages/airflow/example_dags/example_task_group.py
[2022-08-02 23:28:16,657] {processor.py:641} INFO - Processing file /home/airflow/.local/lib/python3.7/site-packages/airflow/example_dags/example_task_group.py for tasks to queue
[2022-08-02 23:28:16,676] {logging_mixin.py:115} INFO - [2022-08-02 23:28:16,674] {dagbag.py:508} INFO - Filling up the DagBag from /home/airflow/.local/lib/python3.7/site-packages/airflow/example_dags/example_task_group.py
[2022-08-02 23:28:16,779] {processor.py:651} INFO - DAG(s) dict_keys(['example_task_group']) retrieved from /home/airflow/.local/lib/python3.7/site-packages/airflow/example_dags/example_task_group.py
[2022-08-02 23:28:17,015] {logging_mixin.py:115} INFO - [2022-08-02 23:28:17,015] {dag.py:2420} INFO - Sync 1 DAGs
[2022-08-02 23:28:17,144] {logging_mixin.py:115} INFO - [2022-08-02 23:28:17,144] {dag.py:2972} INFO - Setting next_dagrun for example_task_group to 2022-08-01T23:28:17.133262+00:00, run_after=2022-08-02T23:28:17.133262+00:00
[2022-08-02 23:28:17,248] {processor.py:161} INFO - Processing /home/airflow/.local/lib/python3.7/site-packages/airflow/example_dags/example_task_group.py took 0.666 seconds
[2022-08-02 23:28:47,628] {processor.py:153} INFO - Started process (PID=760) to work on /home/airflow/.local/lib/python3.7/site-packages/airflow/example_dags/example_task_group.py
[2022-08-02 23:28:47,632] {processor.py:641} INFO - Processing file /home/airflow/.local/lib/python3.7/site-packages/airflow/example_dags/example_task_group.py for tasks to queue
[2022-08-02 23:28:47,636] {logging_mixin.py:115} INFO - [2022-08-02 23:28:47,636] {dagbag.py:508} INFO - Filling up the DagBag from /home/airflow/.local/lib/python3.7/site-packages/airflow/example_dags/example_task_group.py
[2022-08-02 23:28:47,650] {processor.py:651} INFO - DAG(s) dict_keys(['example_task_group']) retrieved from /home/airflow/.local/lib/python3.7/site-packages/airflow/example_dags/example_task_group.py
[2022-08-02 23:28:47,686] {logging_mixin.py:115} INFO - [2022-08-02 23:28:47,686] {dag.py:2420} INFO - Sync 1 DAGs
[2022-08-02 23:28:47,723] {logging_mixin.py:115} INFO - [2022-08-02 23:28:47,722] {dag.py:2972} INFO - Setting next_dagrun for example_task_group to 2022-08-01T23:28:47.722240+00:00, run_after=2022-08-02T23:28:47.722240+00:00
[2022-08-02 23:28:47,741] {processor.py:161} INFO - Processing /home/airflow/.local/lib/python3.7/site-packages/airflow/example_dags/example_task_group.py took 0.117 seconds
[2022-08-02 23:29:18,735] {processor.py:153} INFO - Started process (PID=811) to work on /home/airflow/.local/lib/python3.7/site-packages/airflow/example_dags/example_task_group.py
[2022-08-02 23:29:18,738] {processor.py:641} INFO - Processing file /home/airflow/.local/lib/python3.7/site-packages/airflow/example_dags/example_task_group.py for tasks to queue
[2022-08-02 23:29:18,741] {logging_mixin.py:115} INFO - [2022-08-02 23:29:18,741] {dagbag.py:508} INFO - Filling up the DagBag from /home/airflow/.local/lib/python3.7/site-packages/airflow/example_dags/example_task_group.py
[2022-08-02 23:29:18,759] {processor.py:651} INFO - DAG(s) dict_keys(['example_task_group']) retrieved from /home/airflow/.local/lib/python3.7/site-packages/airflow/example_dags/example_task_group.py
[2022-08-02 23:29:18,798] {logging_mixin.py:115} INFO - [2022-08-02 23:29:18,797] {dag.py:2420} INFO - Sync 1 DAGs
[2022-08-02 23:29:18,821] {logging_mixin.py:115} INFO - [2022-08-02 23:29:18,821] {dag.py:2972} INFO - Setting next_dagrun for example_task_group to 2022-08-01T23:29:18.820954+00:00, run_after=2022-08-02T23:29:18.820954+00:00
[2022-08-02 23:29:18,839] {processor.py:161} INFO - Processing /home/airflow/.local/lib/python3.7/site-packages/airflow/example_dags/example_task_group.py took 0.111 seconds
[2022-08-02 23:29:49,338] {processor.py:153} INFO - Started process (PID=872) to work on /home/airflow/.local/lib/python3.7/site-packages/airflow/example_dags/example_task_group.py
[2022-08-02 23:29:49,345] {processor.py:641} INFO - Processing file /home/airflow/.local/lib/python3.7/site-packages/airflow/example_dags/example_task_group.py for tasks to queue
[2022-08-02 23:29:49,369] {logging_mixin.py:115} INFO - [2022-08-02 23:29:49,369] {dagbag.py:508} INFO - Filling up the DagBag from /home/airflow/.local/lib/python3.7/site-packages/airflow/example_dags/example_task_group.py
[2022-08-02 23:29:49,431] {processor.py:651} INFO - DAG(s) dict_keys(['example_task_group']) retrieved from /home/airflow/.local/lib/python3.7/site-packages/airflow/example_dags/example_task_group.py
[2022-08-02 23:29:49,575] {logging_mixin.py:115} INFO - [2022-08-02 23:29:49,575] {dag.py:2420} INFO - Sync 1 DAGs
[2022-08-02 23:29:49,598] {logging_mixin.py:115} INFO - [2022-08-02 23:29:49,598] {dag.py:2972} INFO - Setting next_dagrun for example_task_group to 2022-08-01T23:29:49.598052+00:00, run_after=2022-08-02T23:29:49.598052+00:00
[2022-08-02 23:29:49,613] {processor.py:161} INFO - Processing /home/airflow/.local/lib/python3.7/site-packages/airflow/example_dags/example_task_group.py took 0.280 seconds
[2022-08-02 23:30:20,440] {processor.py:153} INFO - Started process (PID=925) to work on /home/airflow/.local/lib/python3.7/site-packages/airflow/example_dags/example_task_group.py
[2022-08-02 23:30:20,452] {processor.py:641} INFO - Processing file /home/airflow/.local/lib/python3.7/site-packages/airflow/example_dags/example_task_group.py for tasks to queue
[2022-08-02 23:30:20,457] {logging_mixin.py:115} INFO - [2022-08-02 23:30:20,457] {dagbag.py:508} INFO - Filling up the DagBag from /home/airflow/.local/lib/python3.7/site-packages/airflow/example_dags/example_task_group.py
[2022-08-02 23:30:20,477] {processor.py:651} INFO - DAG(s) dict_keys(['example_task_group']) retrieved from /home/airflow/.local/lib/python3.7/site-packages/airflow/example_dags/example_task_group.py
[2022-08-02 23:30:20,645] {logging_mixin.py:115} INFO - [2022-08-02 23:30:20,645] {dag.py:2420} INFO - Sync 1 DAGs
[2022-08-02 23:30:20,706] {logging_mixin.py:115} INFO - [2022-08-02 23:30:20,706] {dag.py:2972} INFO - Setting next_dagrun for example_task_group to 2022-08-01T23:30:20.705909+00:00, run_after=2022-08-02T23:30:20.705909+00:00
[2022-08-02 23:30:20,796] {processor.py:161} INFO - Processing /home/airflow/.local/lib/python3.7/site-packages/airflow/example_dags/example_task_group.py took 0.369 seconds
[2022-08-02 23:30:51,160] {processor.py:153} INFO - Started process (PID=978) to work on /home/airflow/.local/lib/python3.7/site-packages/airflow/example_dags/example_task_group.py
[2022-08-02 23:30:51,170] {processor.py:641} INFO - Processing file /home/airflow/.local/lib/python3.7/site-packages/airflow/example_dags/example_task_group.py for tasks to queue
[2022-08-02 23:30:51,417] {logging_mixin.py:115} INFO - [2022-08-02 23:30:51,417] {dagbag.py:508} INFO - Filling up the DagBag from /home/airflow/.local/lib/python3.7/site-packages/airflow/example_dags/example_task_group.py
[2022-08-02 23:30:51,439] {processor.py:651} INFO - DAG(s) dict_keys(['example_task_group']) retrieved from /home/airflow/.local/lib/python3.7/site-packages/airflow/example_dags/example_task_group.py
[2022-08-02 23:30:51,549] {logging_mixin.py:115} INFO - [2022-08-02 23:30:51,549] {dag.py:2420} INFO - Sync 1 DAGs
[2022-08-02 23:30:51,578] {logging_mixin.py:115} INFO - [2022-08-02 23:30:51,578] {dag.py:2972} INFO - Setting next_dagrun for example_task_group to 2022-08-01T23:30:51.577383+00:00, run_after=2022-08-02T23:30:51.577383+00:00
[2022-08-02 23:30:51,601] {processor.py:161} INFO - Processing /home/airflow/.local/lib/python3.7/site-packages/airflow/example_dags/example_task_group.py took 0.450 seconds
[2022-08-02 23:31:21,851] {processor.py:153} INFO - Started process (PID=1030) to work on /home/airflow/.local/lib/python3.7/site-packages/airflow/example_dags/example_task_group.py
[2022-08-02 23:31:21,858] {processor.py:641} INFO - Processing file /home/airflow/.local/lib/python3.7/site-packages/airflow/example_dags/example_task_group.py for tasks to queue
[2022-08-02 23:31:21,862] {logging_mixin.py:115} INFO - [2022-08-02 23:31:21,862] {dagbag.py:508} INFO - Filling up the DagBag from /home/airflow/.local/lib/python3.7/site-packages/airflow/example_dags/example_task_group.py
[2022-08-02 23:31:21,901] {processor.py:651} INFO - DAG(s) dict_keys(['example_task_group']) retrieved from /home/airflow/.local/lib/python3.7/site-packages/airflow/example_dags/example_task_group.py
[2022-08-02 23:31:21,942] {logging_mixin.py:115} INFO - [2022-08-02 23:31:21,942] {dag.py:2420} INFO - Sync 1 DAGs
[2022-08-02 23:31:22,003] {logging_mixin.py:115} INFO - [2022-08-02 23:31:22,002] {dag.py:2972} INFO - Setting next_dagrun for example_task_group to 2022-08-01T23:31:22.001829+00:00, run_after=2022-08-02T23:31:22.001829+00:00
[2022-08-02 23:31:22,087] {processor.py:161} INFO - Processing /home/airflow/.local/lib/python3.7/site-packages/airflow/example_dags/example_task_group.py took 0.241 seconds
[2022-08-02 23:31:53,492] {processor.py:153} INFO - Started process (PID=1091) to work on /home/airflow/.local/lib/python3.7/site-packages/airflow/example_dags/example_task_group.py
[2022-08-02 23:31:53,497] {processor.py:641} INFO - Processing file /home/airflow/.local/lib/python3.7/site-packages/airflow/example_dags/example_task_group.py for tasks to queue
[2022-08-02 23:31:53,501] {logging_mixin.py:115} INFO - [2022-08-02 23:31:53,501] {dagbag.py:508} INFO - Filling up the DagBag from /home/airflow/.local/lib/python3.7/site-packages/airflow/example_dags/example_task_group.py
[2022-08-02 23:31:53,517] {processor.py:651} INFO - DAG(s) dict_keys(['example_task_group']) retrieved from /home/airflow/.local/lib/python3.7/site-packages/airflow/example_dags/example_task_group.py
[2022-08-02 23:31:53,585] {logging_mixin.py:115} INFO - [2022-08-02 23:31:53,585] {dag.py:2420} INFO - Sync 1 DAGs
[2022-08-02 23:31:53,623] {logging_mixin.py:115} INFO - [2022-08-02 23:31:53,622] {dag.py:2972} INFO - Setting next_dagrun for example_task_group to 2022-08-01T23:31:53.622810+00:00, run_after=2022-08-02T23:31:53.622810+00:00
[2022-08-02 23:31:53,653] {processor.py:161} INFO - Processing /home/airflow/.local/lib/python3.7/site-packages/airflow/example_dags/example_task_group.py took 0.174 seconds
[2022-08-02 23:32:23,954] {processor.py:153} INFO - Started process (PID=1143) to work on /home/airflow/.local/lib/python3.7/site-packages/airflow/example_dags/example_task_group.py
[2022-08-02 23:32:23,960] {processor.py:641} INFO - Processing file /home/airflow/.local/lib/python3.7/site-packages/airflow/example_dags/example_task_group.py for tasks to queue
[2022-08-02 23:32:23,964] {logging_mixin.py:115} INFO - [2022-08-02 23:32:23,964] {dagbag.py:508} INFO - Filling up the DagBag from /home/airflow/.local/lib/python3.7/site-packages/airflow/example_dags/example_task_group.py
[2022-08-02 23:32:23,973] {processor.py:651} INFO - DAG(s) dict_keys(['example_task_group']) retrieved from /home/airflow/.local/lib/python3.7/site-packages/airflow/example_dags/example_task_group.py
[2022-08-02 23:32:24,009] {logging_mixin.py:115} INFO - [2022-08-02 23:32:24,009] {dag.py:2420} INFO - Sync 1 DAGs
[2022-08-02 23:32:24,034] {logging_mixin.py:115} INFO - [2022-08-02 23:32:24,034] {dag.py:2972} INFO - Setting next_dagrun for example_task_group to 2022-08-01T23:32:24.034240+00:00, run_after=2022-08-02T23:32:24.034240+00:00
[2022-08-02 23:32:24,047] {processor.py:161} INFO - Processing /home/airflow/.local/lib/python3.7/site-packages/airflow/example_dags/example_task_group.py took 0.097 seconds
[2022-08-02 23:32:54,718] {processor.py:153} INFO - Started process (PID=1195) to work on /home/airflow/.local/lib/python3.7/site-packages/airflow/example_dags/example_task_group.py
[2022-08-02 23:32:54,720] {processor.py:641} INFO - Processing file /home/airflow/.local/lib/python3.7/site-packages/airflow/example_dags/example_task_group.py for tasks to queue
[2022-08-02 23:32:54,722] {logging_mixin.py:115} INFO - [2022-08-02 23:32:54,722] {dagbag.py:508} INFO - Filling up the DagBag from /home/airflow/.local/lib/python3.7/site-packages/airflow/example_dags/example_task_group.py
[2022-08-02 23:32:54,729] {processor.py:651} INFO - DAG(s) dict_keys(['example_task_group']) retrieved from /home/airflow/.local/lib/python3.7/site-packages/airflow/example_dags/example_task_group.py
[2022-08-02 23:32:54,760] {logging_mixin.py:115} INFO - [2022-08-02 23:32:54,760] {dag.py:2420} INFO - Sync 1 DAGs
[2022-08-02 23:32:54,780] {logging_mixin.py:115} INFO - [2022-08-02 23:32:54,780] {dag.py:2972} INFO - Setting next_dagrun for example_task_group to 2022-08-01T23:32:54.780335+00:00, run_after=2022-08-02T23:32:54.780335+00:00
[2022-08-02 23:32:54,795] {processor.py:161} INFO - Processing /home/airflow/.local/lib/python3.7/site-packages/airflow/example_dags/example_task_group.py took 0.082 seconds
[2022-08-02 23:33:25,543] {processor.py:153} INFO - Started process (PID=1255) to work on /home/airflow/.local/lib/python3.7/site-packages/airflow/example_dags/example_task_group.py
[2022-08-02 23:33:25,549] {processor.py:641} INFO - Processing file /home/airflow/.local/lib/python3.7/site-packages/airflow/example_dags/example_task_group.py for tasks to queue
[2022-08-02 23:33:25,554] {logging_mixin.py:115} INFO - [2022-08-02 23:33:25,554] {dagbag.py:508} INFO - Filling up the DagBag from /home/airflow/.local/lib/python3.7/site-packages/airflow/example_dags/example_task_group.py
[2022-08-02 23:33:25,579] {processor.py:651} INFO - DAG(s) dict_keys(['example_task_group']) retrieved from /home/airflow/.local/lib/python3.7/site-packages/airflow/example_dags/example_task_group.py
[2022-08-02 23:33:25,642] {logging_mixin.py:115} INFO - [2022-08-02 23:33:25,642] {dag.py:2420} INFO - Sync 1 DAGs
[2022-08-02 23:33:25,683] {logging_mixin.py:115} INFO - [2022-08-02 23:33:25,683] {dag.py:2972} INFO - Setting next_dagrun for example_task_group to 2022-08-01T23:33:25.683201+00:00, run_after=2022-08-02T23:33:25.683201+00:00
[2022-08-02 23:33:25,718] {processor.py:161} INFO - Processing /home/airflow/.local/lib/python3.7/site-packages/airflow/example_dags/example_task_group.py took 0.181 seconds
[2022-08-02 23:33:56,051] {processor.py:153} INFO - Started process (PID=1306) to work on /home/airflow/.local/lib/python3.7/site-packages/airflow/example_dags/example_task_group.py
[2022-08-02 23:33:56,054] {processor.py:641} INFO - Processing file /home/airflow/.local/lib/python3.7/site-packages/airflow/example_dags/example_task_group.py for tasks to queue
[2022-08-02 23:33:56,056] {logging_mixin.py:115} INFO - [2022-08-02 23:33:56,056] {dagbag.py:508} INFO - Filling up the DagBag from /home/airflow/.local/lib/python3.7/site-packages/airflow/example_dags/example_task_group.py
[2022-08-02 23:33:56,067] {processor.py:651} INFO - DAG(s) dict_keys(['example_task_group']) retrieved from /home/airflow/.local/lib/python3.7/site-packages/airflow/example_dags/example_task_group.py
[2022-08-02 23:33:56,107] {logging_mixin.py:115} INFO - [2022-08-02 23:33:56,107] {dag.py:2420} INFO - Sync 1 DAGs
[2022-08-02 23:33:56,133] {logging_mixin.py:115} INFO - [2022-08-02 23:33:56,132] {dag.py:2972} INFO - Setting next_dagrun for example_task_group to 2022-08-01T23:33:56.132597+00:00, run_after=2022-08-02T23:33:56.132597+00:00
[2022-08-02 23:33:56,151] {processor.py:161} INFO - Processing /home/airflow/.local/lib/python3.7/site-packages/airflow/example_dags/example_task_group.py took 0.105 seconds
[2022-08-02 23:34:27,023] {processor.py:153} INFO - Started process (PID=1358) to work on /home/airflow/.local/lib/python3.7/site-packages/airflow/example_dags/example_task_group.py
[2022-08-02 23:34:27,030] {processor.py:641} INFO - Processing file /home/airflow/.local/lib/python3.7/site-packages/airflow/example_dags/example_task_group.py for tasks to queue
[2022-08-02 23:34:27,034] {logging_mixin.py:115} INFO - [2022-08-02 23:34:27,034] {dagbag.py:508} INFO - Filling up the DagBag from /home/airflow/.local/lib/python3.7/site-packages/airflow/example_dags/example_task_group.py
[2022-08-02 23:34:27,048] {processor.py:651} INFO - DAG(s) dict_keys(['example_task_group']) retrieved from /home/airflow/.local/lib/python3.7/site-packages/airflow/example_dags/example_task_group.py
[2022-08-02 23:34:27,096] {logging_mixin.py:115} INFO - [2022-08-02 23:34:27,096] {dag.py:2420} INFO - Sync 1 DAGs
[2022-08-02 23:34:27,136] {logging_mixin.py:115} INFO - [2022-08-02 23:34:27,136] {dag.py:2972} INFO - Setting next_dagrun for example_task_group to 2022-08-01T23:34:27.136269+00:00, run_after=2022-08-02T23:34:27.136269+00:00
[2022-08-02 23:34:27,174] {processor.py:161} INFO - Processing /home/airflow/.local/lib/python3.7/site-packages/airflow/example_dags/example_task_group.py took 0.155 seconds
[2022-08-02 23:34:59,929] {processor.py:153} INFO - Started process (PID=1418) to work on /home/airflow/.local/lib/python3.7/site-packages/airflow/example_dags/example_task_group.py
[2022-08-02 23:35:00,022] {processor.py:641} INFO - Processing file /home/airflow/.local/lib/python3.7/site-packages/airflow/example_dags/example_task_group.py for tasks to queue
[2022-08-02 23:35:00,044] {logging_mixin.py:115} INFO - [2022-08-02 23:35:00,044] {dagbag.py:508} INFO - Filling up the DagBag from /home/airflow/.local/lib/python3.7/site-packages/airflow/example_dags/example_task_group.py
[2022-08-02 23:35:00,277] {processor.py:651} INFO - DAG(s) dict_keys(['example_task_group']) retrieved from /home/airflow/.local/lib/python3.7/site-packages/airflow/example_dags/example_task_group.py
[2022-08-02 23:35:00,594] {logging_mixin.py:115} INFO - [2022-08-02 23:35:00,594] {dag.py:2420} INFO - Sync 1 DAGs
[2022-08-02 23:35:00,794] {logging_mixin.py:115} INFO - [2022-08-02 23:35:00,793] {dag.py:2972} INFO - Setting next_dagrun for example_task_group to 2022-08-01T23:35:00.793597+00:00, run_after=2022-08-02T23:35:00.793597+00:00
[2022-08-02 23:35:00,857] {processor.py:161} INFO - Processing /home/airflow/.local/lib/python3.7/site-packages/airflow/example_dags/example_task_group.py took 0.963 seconds
[2022-08-02 23:35:31,245] {processor.py:153} INFO - Started process (PID=1463) to work on /home/airflow/.local/lib/python3.7/site-packages/airflow/example_dags/example_task_group.py
[2022-08-02 23:35:31,440] {processor.py:641} INFO - Processing file /home/airflow/.local/lib/python3.7/site-packages/airflow/example_dags/example_task_group.py for tasks to queue
[2022-08-02 23:35:31,449] {logging_mixin.py:115} INFO - [2022-08-02 23:35:31,448] {dagbag.py:508} INFO - Filling up the DagBag from /home/airflow/.local/lib/python3.7/site-packages/airflow/example_dags/example_task_group.py
[2022-08-02 23:35:31,473] {processor.py:651} INFO - DAG(s) dict_keys(['example_task_group']) retrieved from /home/airflow/.local/lib/python3.7/site-packages/airflow/example_dags/example_task_group.py
[2022-08-02 23:35:31,533] {logging_mixin.py:115} INFO - [2022-08-02 23:35:31,532] {dag.py:2420} INFO - Sync 1 DAGs
[2022-08-02 23:35:31,821] {logging_mixin.py:115} INFO - [2022-08-02 23:35:31,821] {dag.py:2972} INFO - Setting next_dagrun for example_task_group to 2022-08-01T23:35:31.819196+00:00, run_after=2022-08-02T23:35:31.819196+00:00
[2022-08-02 23:35:32,408] {processor.py:161} INFO - Processing /home/airflow/.local/lib/python3.7/site-packages/airflow/example_dags/example_task_group.py took 1.167 seconds
[2022-08-02 23:36:02,825] {processor.py:153} INFO - Started process (PID=1525) to work on /home/airflow/.local/lib/python3.7/site-packages/airflow/example_dags/example_task_group.py
[2022-08-02 23:36:02,833] {processor.py:641} INFO - Processing file /home/airflow/.local/lib/python3.7/site-packages/airflow/example_dags/example_task_group.py for tasks to queue
[2022-08-02 23:36:02,842] {logging_mixin.py:115} INFO - [2022-08-02 23:36:02,842] {dagbag.py:508} INFO - Filling up the DagBag from /home/airflow/.local/lib/python3.7/site-packages/airflow/example_dags/example_task_group.py
[2022-08-02 23:36:02,882] {processor.py:651} INFO - DAG(s) dict_keys(['example_task_group']) retrieved from /home/airflow/.local/lib/python3.7/site-packages/airflow/example_dags/example_task_group.py
[2022-08-02 23:36:03,131] {logging_mixin.py:115} INFO - [2022-08-02 23:36:03,131] {dag.py:2420} INFO - Sync 1 DAGs
[2022-08-02 23:36:03,212] {logging_mixin.py:115} INFO - [2022-08-02 23:36:03,212] {dag.py:2972} INFO - Setting next_dagrun for example_task_group to 2022-08-01T23:36:03.211682+00:00, run_after=2022-08-02T23:36:03.211682+00:00
[2022-08-02 23:36:03,290] {processor.py:161} INFO - Processing /home/airflow/.local/lib/python3.7/site-packages/airflow/example_dags/example_task_group.py took 0.478 seconds
[2022-08-02 23:36:34,065] {processor.py:153} INFO - Started process (PID=1578) to work on /home/airflow/.local/lib/python3.7/site-packages/airflow/example_dags/example_task_group.py
[2022-08-02 23:36:34,067] {processor.py:641} INFO - Processing file /home/airflow/.local/lib/python3.7/site-packages/airflow/example_dags/example_task_group.py for tasks to queue
[2022-08-02 23:36:34,069] {logging_mixin.py:115} INFO - [2022-08-02 23:36:34,069] {dagbag.py:508} INFO - Filling up the DagBag from /home/airflow/.local/lib/python3.7/site-packages/airflow/example_dags/example_task_group.py
[2022-08-02 23:36:34,078] {processor.py:651} INFO - DAG(s) dict_keys(['example_task_group']) retrieved from /home/airflow/.local/lib/python3.7/site-packages/airflow/example_dags/example_task_group.py
[2022-08-02 23:36:34,113] {logging_mixin.py:115} INFO - [2022-08-02 23:36:34,113] {dag.py:2420} INFO - Sync 1 DAGs
[2022-08-02 23:36:34,139] {logging_mixin.py:115} INFO - [2022-08-02 23:36:34,139] {dag.py:2972} INFO - Setting next_dagrun for example_task_group to 2022-08-01T23:36:34.139318+00:00, run_after=2022-08-02T23:36:34.139318+00:00
[2022-08-02 23:36:34,153] {processor.py:161} INFO - Processing /home/airflow/.local/lib/python3.7/site-packages/airflow/example_dags/example_task_group.py took 0.092 seconds
[2022-08-02 23:37:04,758] {processor.py:153} INFO - Started process (PID=1639) to work on /home/airflow/.local/lib/python3.7/site-packages/airflow/example_dags/example_task_group.py
[2022-08-02 23:37:04,777] {processor.py:641} INFO - Processing file /home/airflow/.local/lib/python3.7/site-packages/airflow/example_dags/example_task_group.py for tasks to queue
[2022-08-02 23:37:04,792] {logging_mixin.py:115} INFO - [2022-08-02 23:37:04,791] {dagbag.py:508} INFO - Filling up the DagBag from /home/airflow/.local/lib/python3.7/site-packages/airflow/example_dags/example_task_group.py
[2022-08-02 23:37:04,834] {processor.py:651} INFO - DAG(s) dict_keys(['example_task_group']) retrieved from /home/airflow/.local/lib/python3.7/site-packages/airflow/example_dags/example_task_group.py
[2022-08-02 23:37:04,970] {logging_mixin.py:115} INFO - [2022-08-02 23:37:04,970] {dag.py:2420} INFO - Sync 1 DAGs
[2022-08-02 23:37:05,020] {logging_mixin.py:115} INFO - [2022-08-02 23:37:05,020] {dag.py:2972} INFO - Setting next_dagrun for example_task_group to 2022-08-01T23:37:05.018898+00:00, run_after=2022-08-02T23:37:05.018898+00:00
[2022-08-02 23:37:05,091] {processor.py:161} INFO - Processing /home/airflow/.local/lib/python3.7/site-packages/airflow/example_dags/example_task_group.py took 0.342 seconds
[2022-08-02 23:37:35,185] {processor.py:153} INFO - Started process (PID=1691) to work on /home/airflow/.local/lib/python3.7/site-packages/airflow/example_dags/example_task_group.py
[2022-08-02 23:37:35,189] {processor.py:641} INFO - Processing file /home/airflow/.local/lib/python3.7/site-packages/airflow/example_dags/example_task_group.py for tasks to queue
[2022-08-02 23:37:35,192] {logging_mixin.py:115} INFO - [2022-08-02 23:37:35,192] {dagbag.py:508} INFO - Filling up the DagBag from /home/airflow/.local/lib/python3.7/site-packages/airflow/example_dags/example_task_group.py
[2022-08-02 23:37:35,204] {processor.py:651} INFO - DAG(s) dict_keys(['example_task_group']) retrieved from /home/airflow/.local/lib/python3.7/site-packages/airflow/example_dags/example_task_group.py
[2022-08-02 23:37:35,240] {logging_mixin.py:115} INFO - [2022-08-02 23:37:35,240] {dag.py:2420} INFO - Sync 1 DAGs
[2022-08-02 23:37:35,267] {logging_mixin.py:115} INFO - [2022-08-02 23:37:35,267] {dag.py:2972} INFO - Setting next_dagrun for example_task_group to 2022-08-01T23:37:35.267272+00:00, run_after=2022-08-02T23:37:35.267272+00:00
[2022-08-02 23:37:35,284] {processor.py:161} INFO - Processing /home/airflow/.local/lib/python3.7/site-packages/airflow/example_dags/example_task_group.py took 0.107 seconds
[2022-08-02 23:38:06,132] {processor.py:153} INFO - Started process (PID=1752) to work on /home/airflow/.local/lib/python3.7/site-packages/airflow/example_dags/example_task_group.py
[2022-08-02 23:38:06,144] {processor.py:641} INFO - Processing file /home/airflow/.local/lib/python3.7/site-packages/airflow/example_dags/example_task_group.py for tasks to queue
[2022-08-02 23:38:06,152] {logging_mixin.py:115} INFO - [2022-08-02 23:38:06,152] {dagbag.py:508} INFO - Filling up the DagBag from /home/airflow/.local/lib/python3.7/site-packages/airflow/example_dags/example_task_group.py
[2022-08-02 23:38:06,264] {processor.py:651} INFO - DAG(s) dict_keys(['example_task_group']) retrieved from /home/airflow/.local/lib/python3.7/site-packages/airflow/example_dags/example_task_group.py
[2022-08-02 23:38:06,329] {logging_mixin.py:115} INFO - [2022-08-02 23:38:06,329] {dag.py:2420} INFO - Sync 1 DAGs
[2022-08-02 23:38:06,364] {logging_mixin.py:115} INFO - [2022-08-02 23:38:06,364] {dag.py:2972} INFO - Setting next_dagrun for example_task_group to 2022-08-01T23:38:06.364399+00:00, run_after=2022-08-02T23:38:06.364399+00:00
[2022-08-02 23:38:06,395] {processor.py:161} INFO - Processing /home/airflow/.local/lib/python3.7/site-packages/airflow/example_dags/example_task_group.py took 0.271 seconds
[2022-08-02 23:38:36,489] {processor.py:153} INFO - Started process (PID=1813) to work on /home/airflow/.local/lib/python3.7/site-packages/airflow/example_dags/example_task_group.py
[2022-08-02 23:38:36,494] {processor.py:641} INFO - Processing file /home/airflow/.local/lib/python3.7/site-packages/airflow/example_dags/example_task_group.py for tasks to queue
[2022-08-02 23:38:36,499] {logging_mixin.py:115} INFO - [2022-08-02 23:38:36,499] {dagbag.py:508} INFO - Filling up the DagBag from /home/airflow/.local/lib/python3.7/site-packages/airflow/example_dags/example_task_group.py
[2022-08-02 23:38:36,510] {processor.py:651} INFO - DAG(s) dict_keys(['example_task_group']) retrieved from /home/airflow/.local/lib/python3.7/site-packages/airflow/example_dags/example_task_group.py
[2022-08-02 23:38:36,546] {logging_mixin.py:115} INFO - [2022-08-02 23:38:36,546] {dag.py:2420} INFO - Sync 1 DAGs
[2022-08-02 23:38:36,574] {logging_mixin.py:115} INFO - [2022-08-02 23:38:36,574] {dag.py:2972} INFO - Setting next_dagrun for example_task_group to 2022-08-01T23:38:36.573357+00:00, run_after=2022-08-02T23:38:36.573357+00:00
[2022-08-02 23:38:36,596] {processor.py:161} INFO - Processing /home/airflow/.local/lib/python3.7/site-packages/airflow/example_dags/example_task_group.py took 0.110 seconds
[2022-08-02 23:39:07,085] {processor.py:153} INFO - Started process (PID=1865) to work on /home/airflow/.local/lib/python3.7/site-packages/airflow/example_dags/example_task_group.py
[2022-08-02 23:39:07,092] {processor.py:641} INFO - Processing file /home/airflow/.local/lib/python3.7/site-packages/airflow/example_dags/example_task_group.py for tasks to queue
[2022-08-02 23:39:07,096] {logging_mixin.py:115} INFO - [2022-08-02 23:39:07,096] {dagbag.py:508} INFO - Filling up the DagBag from /home/airflow/.local/lib/python3.7/site-packages/airflow/example_dags/example_task_group.py
[2022-08-02 23:39:07,116] {processor.py:651} INFO - DAG(s) dict_keys(['example_task_group']) retrieved from /home/airflow/.local/lib/python3.7/site-packages/airflow/example_dags/example_task_group.py
[2022-08-02 23:39:07,185] {logging_mixin.py:115} INFO - [2022-08-02 23:39:07,185] {dag.py:2420} INFO - Sync 1 DAGs
[2022-08-02 23:39:07,248] {logging_mixin.py:115} INFO - [2022-08-02 23:39:07,248] {dag.py:2972} INFO - Setting next_dagrun for example_task_group to 2022-08-01T23:39:07.247536+00:00, run_after=2022-08-02T23:39:07.247536+00:00
[2022-08-02 23:39:07,305] {processor.py:161} INFO - Processing /home/airflow/.local/lib/python3.7/site-packages/airflow/example_dags/example_task_group.py took 0.230 seconds
[2022-08-02 23:39:38,267] {processor.py:153} INFO - Started process (PID=1926) to work on /home/airflow/.local/lib/python3.7/site-packages/airflow/example_dags/example_task_group.py
[2022-08-02 23:39:38,269] {processor.py:641} INFO - Processing file /home/airflow/.local/lib/python3.7/site-packages/airflow/example_dags/example_task_group.py for tasks to queue
[2022-08-02 23:39:38,274] {logging_mixin.py:115} INFO - [2022-08-02 23:39:38,274] {dagbag.py:508} INFO - Filling up the DagBag from /home/airflow/.local/lib/python3.7/site-packages/airflow/example_dags/example_task_group.py
[2022-08-02 23:39:38,284] {processor.py:651} INFO - DAG(s) dict_keys(['example_task_group']) retrieved from /home/airflow/.local/lib/python3.7/site-packages/airflow/example_dags/example_task_group.py
[2022-08-02 23:39:38,311] {logging_mixin.py:115} INFO - [2022-08-02 23:39:38,311] {dag.py:2420} INFO - Sync 1 DAGs
[2022-08-02 23:39:38,329] {logging_mixin.py:115} INFO - [2022-08-02 23:39:38,329] {dag.py:2972} INFO - Setting next_dagrun for example_task_group to 2022-08-01T23:39:38.329453+00:00, run_after=2022-08-02T23:39:38.329453+00:00
[2022-08-02 23:39:38,340] {processor.py:161} INFO - Processing /home/airflow/.local/lib/python3.7/site-packages/airflow/example_dags/example_task_group.py took 0.077 seconds
[2022-08-02 23:40:14,645] {processor.py:153} INFO - Started process (PID=1977) to work on /home/airflow/.local/lib/python3.7/site-packages/airflow/example_dags/example_task_group.py
[2022-08-02 23:40:14,664] {processor.py:641} INFO - Processing file /home/airflow/.local/lib/python3.7/site-packages/airflow/example_dags/example_task_group.py for tasks to queue
[2022-08-02 23:40:14,686] {logging_mixin.py:115} INFO - [2022-08-02 23:40:14,686] {dagbag.py:508} INFO - Filling up the DagBag from /home/airflow/.local/lib/python3.7/site-packages/airflow/example_dags/example_task_group.py
[2022-08-02 23:40:14,715] {processor.py:651} INFO - DAG(s) dict_keys(['example_task_group']) retrieved from /home/airflow/.local/lib/python3.7/site-packages/airflow/example_dags/example_task_group.py
[2022-08-02 23:40:14,816] {logging_mixin.py:115} INFO - [2022-08-02 23:40:14,816] {dag.py:2420} INFO - Sync 1 DAGs
[2022-08-02 23:40:14,900] {logging_mixin.py:115} INFO - [2022-08-02 23:40:14,899] {dag.py:2972} INFO - Setting next_dagrun for example_task_group to 2022-08-01T23:40:14.898237+00:00, run_after=2022-08-02T23:40:14.898237+00:00
[2022-08-02 23:40:14,996] {processor.py:161} INFO - Processing /home/airflow/.local/lib/python3.7/site-packages/airflow/example_dags/example_task_group.py took 0.369 seconds
[2022-08-02 23:40:45,626] {processor.py:153} INFO - Started process (PID=2028) to work on /home/airflow/.local/lib/python3.7/site-packages/airflow/example_dags/example_task_group.py
[2022-08-02 23:40:45,629] {processor.py:641} INFO - Processing file /home/airflow/.local/lib/python3.7/site-packages/airflow/example_dags/example_task_group.py for tasks to queue
[2022-08-02 23:40:45,632] {logging_mixin.py:115} INFO - [2022-08-02 23:40:45,632] {dagbag.py:508} INFO - Filling up the DagBag from /home/airflow/.local/lib/python3.7/site-packages/airflow/example_dags/example_task_group.py
[2022-08-02 23:40:45,645] {processor.py:651} INFO - DAG(s) dict_keys(['example_task_group']) retrieved from /home/airflow/.local/lib/python3.7/site-packages/airflow/example_dags/example_task_group.py
[2022-08-02 23:40:45,691] {logging_mixin.py:115} INFO - [2022-08-02 23:40:45,690] {dag.py:2420} INFO - Sync 1 DAGs
[2022-08-02 23:40:45,713] {logging_mixin.py:115} INFO - [2022-08-02 23:40:45,712] {dag.py:2972} INFO - Setting next_dagrun for example_task_group to 2022-08-01T23:40:45.712622+00:00, run_after=2022-08-02T23:40:45.712622+00:00
[2022-08-02 23:40:45,726] {processor.py:161} INFO - Processing /home/airflow/.local/lib/python3.7/site-packages/airflow/example_dags/example_task_group.py took 0.105 seconds
[2022-08-02 23:41:54,170] {processor.py:153} INFO - Started process (PID=2075) to work on /home/airflow/.local/lib/python3.7/site-packages/airflow/example_dags/example_task_group.py
[2022-08-02 23:41:54,183] {processor.py:641} INFO - Processing file /home/airflow/.local/lib/python3.7/site-packages/airflow/example_dags/example_task_group.py for tasks to queue
[2022-08-02 23:41:54,218] {logging_mixin.py:115} INFO - [2022-08-02 23:41:54,217] {dagbag.py:508} INFO - Filling up the DagBag from /home/airflow/.local/lib/python3.7/site-packages/airflow/example_dags/example_task_group.py
[2022-08-02 23:41:54,527] {processor.py:651} INFO - DAG(s) dict_keys(['example_task_group']) retrieved from /home/airflow/.local/lib/python3.7/site-packages/airflow/example_dags/example_task_group.py
[2022-08-02 23:41:54,837] {logging_mixin.py:115} INFO - [2022-08-02 23:41:54,837] {dag.py:2420} INFO - Sync 1 DAGs
[2022-08-02 23:41:54,891] {logging_mixin.py:115} INFO - [2022-08-02 23:41:54,889] {dag.py:2972} INFO - Setting next_dagrun for example_task_group to 2022-08-01T23:41:54.889660+00:00, run_after=2022-08-02T23:41:54.889660+00:00
[2022-08-02 23:41:54,973] {processor.py:161} INFO - Processing /home/airflow/.local/lib/python3.7/site-packages/airflow/example_dags/example_task_group.py took 0.843 seconds
[2022-08-02 23:55:22,751] {processor.py:153} INFO - Started process (PID=2125) to work on /home/airflow/.local/lib/python3.7/site-packages/airflow/example_dags/example_task_group.py
[2022-08-02 23:55:22,767] {processor.py:641} INFO - Processing file /home/airflow/.local/lib/python3.7/site-packages/airflow/example_dags/example_task_group.py for tasks to queue
[2022-08-02 23:55:22,775] {logging_mixin.py:115} INFO - [2022-08-02 23:55:22,775] {dagbag.py:508} INFO - Filling up the DagBag from /home/airflow/.local/lib/python3.7/site-packages/airflow/example_dags/example_task_group.py
[2022-08-02 23:55:22,805] {processor.py:651} INFO - DAG(s) dict_keys(['example_task_group']) retrieved from /home/airflow/.local/lib/python3.7/site-packages/airflow/example_dags/example_task_group.py
[2022-08-02 23:55:22,931] {logging_mixin.py:115} INFO - [2022-08-02 23:55:22,930] {dag.py:2420} INFO - Sync 1 DAGs
[2022-08-02 23:55:23,205] {logging_mixin.py:115} INFO - [2022-08-02 23:55:23,204] {dag.py:2972} INFO - Setting next_dagrun for example_task_group to 2022-08-01T23:55:23.204397+00:00, run_after=2022-08-02T23:55:23.204397+00:00
[2022-08-02 23:55:23,254] {processor.py:161} INFO - Processing /home/airflow/.local/lib/python3.7/site-packages/airflow/example_dags/example_task_group.py took 0.521 seconds
[2022-08-02 23:55:53,664] {processor.py:153} INFO - Started process (PID=2185) to work on /home/airflow/.local/lib/python3.7/site-packages/airflow/example_dags/example_task_group.py
[2022-08-02 23:55:53,672] {processor.py:641} INFO - Processing file /home/airflow/.local/lib/python3.7/site-packages/airflow/example_dags/example_task_group.py for tasks to queue
[2022-08-02 23:55:53,682] {logging_mixin.py:115} INFO - [2022-08-02 23:55:53,682] {dagbag.py:508} INFO - Filling up the DagBag from /home/airflow/.local/lib/python3.7/site-packages/airflow/example_dags/example_task_group.py
[2022-08-02 23:55:53,707] {processor.py:651} INFO - DAG(s) dict_keys(['example_task_group']) retrieved from /home/airflow/.local/lib/python3.7/site-packages/airflow/example_dags/example_task_group.py
[2022-08-02 23:55:53,810] {logging_mixin.py:115} INFO - [2022-08-02 23:55:53,810] {dag.py:2420} INFO - Sync 1 DAGs
[2022-08-02 23:55:53,862] {logging_mixin.py:115} INFO - [2022-08-02 23:55:53,861] {dag.py:2972} INFO - Setting next_dagrun for example_task_group to 2022-08-01T23:55:53.861152+00:00, run_after=2022-08-02T23:55:53.861152+00:00
[2022-08-02 23:55:53,899] {processor.py:161} INFO - Processing /home/airflow/.local/lib/python3.7/site-packages/airflow/example_dags/example_task_group.py took 0.242 seconds
