[2022-08-02 23:22:11,605] {processor.py:153} INFO - Started process (PID=86) to work on /home/airflow/.local/lib/python3.7/site-packages/airflow/example_dags/example_subdag_operator.py
[2022-08-02 23:22:11,632] {processor.py:641} INFO - Processing file /home/airflow/.local/lib/python3.7/site-packages/airflow/example_dags/example_subdag_operator.py for tasks to queue
[2022-08-02 23:22:11,637] {logging_mixin.py:115} INFO - [2022-08-02 23:22:11,637] {dagbag.py:508} INFO - Filling up the DagBag from /home/airflow/.local/lib/python3.7/site-packages/airflow/example_dags/example_subdag_operator.py
[2022-08-02 23:22:11,763] {processor.py:651} INFO - DAG(s) dict_keys(['example_subdag_operator.section-1', 'example_subdag_operator.section-2', 'example_subdag_operator']) retrieved from /home/airflow/.local/lib/python3.7/site-packages/airflow/example_dags/example_subdag_operator.py
[2022-08-02 23:22:12,249] {logging_mixin.py:115} INFO - [2022-08-02 23:22:12,249] {manager.py:508} INFO - Created Permission View: can read on DAG:example_subdag_operator
[2022-08-02 23:22:12,293] {logging_mixin.py:115} INFO - [2022-08-02 23:22:12,293] {manager.py:508} INFO - Created Permission View: can edit on DAG:example_subdag_operator
[2022-08-02 23:22:12,320] {logging_mixin.py:115} INFO - [2022-08-02 23:22:12,320] {manager.py:508} INFO - Created Permission View: can delete on DAG:example_subdag_operator
[2022-08-02 23:22:12,325] {logging_mixin.py:115} INFO - [2022-08-02 23:22:12,325] {dag.py:2420} INFO - Sync 3 DAGs
[2022-08-02 23:22:12,501] {logging_mixin.py:115} INFO - [2022-08-02 23:22:12,501] {dag.py:2439} INFO - Creating ORM DAG for example_subdag_operator
[2022-08-02 23:22:12,510] {logging_mixin.py:115} INFO - [2022-08-02 23:22:12,510] {dag.py:2439} INFO - Creating ORM DAG for example_subdag_operator.section-1
[2022-08-02 23:22:12,555] {logging_mixin.py:115} INFO - [2022-08-02 23:22:12,555] {dag.py:2439} INFO - Creating ORM DAG for example_subdag_operator.section-2
[2022-08-02 23:22:12,662] {logging_mixin.py:115} INFO - [2022-08-02 23:22:12,661] {dag.py:2972} INFO - Setting next_dagrun for example_subdag_operator to 2022-01-01T00:00:00+00:00, run_after=2022-01-01T00:00:00+00:00
[2022-08-02 23:22:12,676] {logging_mixin.py:115} INFO - [2022-08-02 23:22:12,676] {dag.py:2972} INFO - Setting next_dagrun for example_subdag_operator.section-1 to None, run_after=None
[2022-08-02 23:22:12,687] {logging_mixin.py:115} INFO - [2022-08-02 23:22:12,687] {dag.py:2972} INFO - Setting next_dagrun for example_subdag_operator.section-2 to None, run_after=None
[2022-08-02 23:22:12,743] {logging_mixin.py:115} INFO - [2022-08-02 23:22:12,742] {dag.py:2420} INFO - Sync 2 DAGs
[2022-08-02 23:22:12,767] {logging_mixin.py:115} INFO - [2022-08-02 23:22:12,767] {dag.py:2972} INFO - Setting next_dagrun for example_subdag_operator.section-1 to None, run_after=None
[2022-08-02 23:22:12,775] {logging_mixin.py:115} INFO - [2022-08-02 23:22:12,775] {dag.py:2972} INFO - Setting next_dagrun for example_subdag_operator.section-2 to None, run_after=None
[2022-08-02 23:22:12,831] {processor.py:161} INFO - Processing /home/airflow/.local/lib/python3.7/site-packages/airflow/example_dags/example_subdag_operator.py took 1.237 seconds
[2022-08-02 23:22:43,710] {processor.py:153} INFO - Started process (PID=138) to work on /home/airflow/.local/lib/python3.7/site-packages/airflow/example_dags/example_subdag_operator.py
[2022-08-02 23:22:43,716] {processor.py:641} INFO - Processing file /home/airflow/.local/lib/python3.7/site-packages/airflow/example_dags/example_subdag_operator.py for tasks to queue
[2022-08-02 23:22:43,725] {logging_mixin.py:115} INFO - [2022-08-02 23:22:43,725] {dagbag.py:508} INFO - Filling up the DagBag from /home/airflow/.local/lib/python3.7/site-packages/airflow/example_dags/example_subdag_operator.py
[2022-08-02 23:22:43,788] {processor.py:651} INFO - DAG(s) dict_keys(['example_subdag_operator.section-1', 'example_subdag_operator.section-2', 'example_subdag_operator']) retrieved from /home/airflow/.local/lib/python3.7/site-packages/airflow/example_dags/example_subdag_operator.py
[2022-08-02 23:22:43,856] {logging_mixin.py:115} INFO - [2022-08-02 23:22:43,855] {dag.py:2420} INFO - Sync 3 DAGs
[2022-08-02 23:22:44,004] {logging_mixin.py:115} INFO - [2022-08-02 23:22:44,004] {dag.py:2972} INFO - Setting next_dagrun for example_subdag_operator to 2022-01-01T00:00:00+00:00, run_after=2022-01-01T00:00:00+00:00
[2022-08-02 23:22:44,012] {logging_mixin.py:115} INFO - [2022-08-02 23:22:44,012] {dag.py:2972} INFO - Setting next_dagrun for example_subdag_operator.section-1 to None, run_after=None
[2022-08-02 23:22:44,022] {logging_mixin.py:115} INFO - [2022-08-02 23:22:44,022] {dag.py:2972} INFO - Setting next_dagrun for example_subdag_operator.section-2 to None, run_after=None
[2022-08-02 23:22:44,055] {logging_mixin.py:115} INFO - [2022-08-02 23:22:44,055] {dag.py:2420} INFO - Sync 2 DAGs
[2022-08-02 23:22:44,073] {logging_mixin.py:115} INFO - [2022-08-02 23:22:44,073] {dag.py:2972} INFO - Setting next_dagrun for example_subdag_operator.section-1 to None, run_after=None
[2022-08-02 23:22:44,078] {logging_mixin.py:115} INFO - [2022-08-02 23:22:44,078] {dag.py:2972} INFO - Setting next_dagrun for example_subdag_operator.section-2 to None, run_after=None
[2022-08-02 23:22:44,113] {processor.py:161} INFO - Processing /home/airflow/.local/lib/python3.7/site-packages/airflow/example_dags/example_subdag_operator.py took 0.424 seconds
[2022-08-02 23:23:14,270] {processor.py:153} INFO - Started process (PID=190) to work on /home/airflow/.local/lib/python3.7/site-packages/airflow/example_dags/example_subdag_operator.py
[2022-08-02 23:23:14,273] {processor.py:641} INFO - Processing file /home/airflow/.local/lib/python3.7/site-packages/airflow/example_dags/example_subdag_operator.py for tasks to queue
[2022-08-02 23:23:14,274] {logging_mixin.py:115} INFO - [2022-08-02 23:23:14,274] {dagbag.py:508} INFO - Filling up the DagBag from /home/airflow/.local/lib/python3.7/site-packages/airflow/example_dags/example_subdag_operator.py
[2022-08-02 23:23:14,322] {processor.py:651} INFO - DAG(s) dict_keys(['example_subdag_operator.section-1', 'example_subdag_operator.section-2', 'example_subdag_operator']) retrieved from /home/airflow/.local/lib/python3.7/site-packages/airflow/example_dags/example_subdag_operator.py
[2022-08-02 23:23:14,373] {logging_mixin.py:115} INFO - [2022-08-02 23:23:14,373] {dag.py:2420} INFO - Sync 3 DAGs
[2022-08-02 23:23:14,405] {logging_mixin.py:115} INFO - [2022-08-02 23:23:14,405] {dag.py:2972} INFO - Setting next_dagrun for example_subdag_operator to 2022-01-01T00:00:00+00:00, run_after=2022-01-01T00:00:00+00:00
[2022-08-02 23:23:14,408] {logging_mixin.py:115} INFO - [2022-08-02 23:23:14,408] {dag.py:2972} INFO - Setting next_dagrun for example_subdag_operator.section-1 to None, run_after=None
[2022-08-02 23:23:14,412] {logging_mixin.py:115} INFO - [2022-08-02 23:23:14,412] {dag.py:2972} INFO - Setting next_dagrun for example_subdag_operator.section-2 to None, run_after=None
[2022-08-02 23:23:14,428] {logging_mixin.py:115} INFO - [2022-08-02 23:23:14,428] {dag.py:2420} INFO - Sync 2 DAGs
[2022-08-02 23:23:14,440] {logging_mixin.py:115} INFO - [2022-08-02 23:23:14,440] {dag.py:2972} INFO - Setting next_dagrun for example_subdag_operator.section-1 to None, run_after=None
[2022-08-02 23:23:14,444] {logging_mixin.py:115} INFO - [2022-08-02 23:23:14,444] {dag.py:2972} INFO - Setting next_dagrun for example_subdag_operator.section-2 to None, run_after=None
[2022-08-02 23:23:14,462] {processor.py:161} INFO - Processing /home/airflow/.local/lib/python3.7/site-packages/airflow/example_dags/example_subdag_operator.py took 0.200 seconds
[2022-08-02 23:23:44,553] {processor.py:153} INFO - Started process (PID=252) to work on /home/airflow/.local/lib/python3.7/site-packages/airflow/example_dags/example_subdag_operator.py
[2022-08-02 23:23:44,562] {processor.py:641} INFO - Processing file /home/airflow/.local/lib/python3.7/site-packages/airflow/example_dags/example_subdag_operator.py for tasks to queue
[2022-08-02 23:23:44,570] {logging_mixin.py:115} INFO - [2022-08-02 23:23:44,570] {dagbag.py:508} INFO - Filling up the DagBag from /home/airflow/.local/lib/python3.7/site-packages/airflow/example_dags/example_subdag_operator.py
[2022-08-02 23:23:44,640] {processor.py:651} INFO - DAG(s) dict_keys(['example_subdag_operator.section-1', 'example_subdag_operator.section-2', 'example_subdag_operator']) retrieved from /home/airflow/.local/lib/python3.7/site-packages/airflow/example_dags/example_subdag_operator.py
[2022-08-02 23:23:44,706] {logging_mixin.py:115} INFO - [2022-08-02 23:23:44,706] {dag.py:2420} INFO - Sync 3 DAGs
[2022-08-02 23:23:44,764] {logging_mixin.py:115} INFO - [2022-08-02 23:23:44,764] {dag.py:2972} INFO - Setting next_dagrun for example_subdag_operator to 2022-01-01T00:00:00+00:00, run_after=2022-01-01T00:00:00+00:00
[2022-08-02 23:23:44,769] {logging_mixin.py:115} INFO - [2022-08-02 23:23:44,769] {dag.py:2972} INFO - Setting next_dagrun for example_subdag_operator.section-1 to None, run_after=None
[2022-08-02 23:23:44,776] {logging_mixin.py:115} INFO - [2022-08-02 23:23:44,775] {dag.py:2972} INFO - Setting next_dagrun for example_subdag_operator.section-2 to None, run_after=None
[2022-08-02 23:23:44,788] {logging_mixin.py:115} INFO - [2022-08-02 23:23:44,788] {dag.py:2420} INFO - Sync 2 DAGs
[2022-08-02 23:23:44,798] {logging_mixin.py:115} INFO - [2022-08-02 23:23:44,798] {dag.py:2972} INFO - Setting next_dagrun for example_subdag_operator.section-1 to None, run_after=None
[2022-08-02 23:23:44,800] {logging_mixin.py:115} INFO - [2022-08-02 23:23:44,800] {dag.py:2972} INFO - Setting next_dagrun for example_subdag_operator.section-2 to None, run_after=None
[2022-08-02 23:23:44,813] {processor.py:161} INFO - Processing /home/airflow/.local/lib/python3.7/site-packages/airflow/example_dags/example_subdag_operator.py took 0.268 seconds
[2022-08-02 23:24:15,274] {processor.py:153} INFO - Started process (PID=304) to work on /home/airflow/.local/lib/python3.7/site-packages/airflow/example_dags/example_subdag_operator.py
[2022-08-02 23:24:15,277] {processor.py:641} INFO - Processing file /home/airflow/.local/lib/python3.7/site-packages/airflow/example_dags/example_subdag_operator.py for tasks to queue
[2022-08-02 23:24:15,279] {logging_mixin.py:115} INFO - [2022-08-02 23:24:15,279] {dagbag.py:508} INFO - Filling up the DagBag from /home/airflow/.local/lib/python3.7/site-packages/airflow/example_dags/example_subdag_operator.py
[2022-08-02 23:24:15,311] {processor.py:651} INFO - DAG(s) dict_keys(['example_subdag_operator.section-1', 'example_subdag_operator.section-2', 'example_subdag_operator']) retrieved from /home/airflow/.local/lib/python3.7/site-packages/airflow/example_dags/example_subdag_operator.py
[2022-08-02 23:24:15,358] {logging_mixin.py:115} INFO - [2022-08-02 23:24:15,358] {dag.py:2420} INFO - Sync 3 DAGs
[2022-08-02 23:24:15,379] {logging_mixin.py:115} INFO - [2022-08-02 23:24:15,379] {dag.py:2972} INFO - Setting next_dagrun for example_subdag_operator to 2022-01-01T00:00:00+00:00, run_after=2022-01-01T00:00:00+00:00
[2022-08-02 23:24:15,381] {logging_mixin.py:115} INFO - [2022-08-02 23:24:15,381] {dag.py:2972} INFO - Setting next_dagrun for example_subdag_operator.section-1 to None, run_after=None
[2022-08-02 23:24:15,383] {logging_mixin.py:115} INFO - [2022-08-02 23:24:15,383] {dag.py:2972} INFO - Setting next_dagrun for example_subdag_operator.section-2 to None, run_after=None
[2022-08-02 23:24:15,392] {logging_mixin.py:115} INFO - [2022-08-02 23:24:15,392] {dag.py:2420} INFO - Sync 2 DAGs
[2022-08-02 23:24:15,400] {logging_mixin.py:115} INFO - [2022-08-02 23:24:15,400] {dag.py:2972} INFO - Setting next_dagrun for example_subdag_operator.section-1 to None, run_after=None
[2022-08-02 23:24:15,402] {logging_mixin.py:115} INFO - [2022-08-02 23:24:15,402] {dag.py:2972} INFO - Setting next_dagrun for example_subdag_operator.section-2 to None, run_after=None
[2022-08-02 23:24:15,413] {processor.py:161} INFO - Processing /home/airflow/.local/lib/python3.7/site-packages/airflow/example_dags/example_subdag_operator.py took 0.143 seconds
[2022-08-02 23:24:47,006] {processor.py:153} INFO - Started process (PID=355) to work on /home/airflow/.local/lib/python3.7/site-packages/airflow/example_dags/example_subdag_operator.py
[2022-08-02 23:24:47,034] {processor.py:641} INFO - Processing file /home/airflow/.local/lib/python3.7/site-packages/airflow/example_dags/example_subdag_operator.py for tasks to queue
[2022-08-02 23:24:47,054] {logging_mixin.py:115} INFO - [2022-08-02 23:24:47,054] {dagbag.py:508} INFO - Filling up the DagBag from /home/airflow/.local/lib/python3.7/site-packages/airflow/example_dags/example_subdag_operator.py
[2022-08-02 23:24:47,474] {processor.py:651} INFO - DAG(s) dict_keys(['example_subdag_operator.section-1', 'example_subdag_operator.section-2', 'example_subdag_operator']) retrieved from /home/airflow/.local/lib/python3.7/site-packages/airflow/example_dags/example_subdag_operator.py
[2022-08-02 23:24:47,699] {logging_mixin.py:115} INFO - [2022-08-02 23:24:47,688] {dag.py:2420} INFO - Sync 3 DAGs
[2022-08-02 23:24:47,780] {logging_mixin.py:115} INFO - [2022-08-02 23:24:47,779] {dag.py:2972} INFO - Setting next_dagrun for example_subdag_operator to 2022-01-01T00:00:00+00:00, run_after=2022-01-01T00:00:00+00:00
[2022-08-02 23:24:47,802] {logging_mixin.py:115} INFO - [2022-08-02 23:24:47,802] {dag.py:2972} INFO - Setting next_dagrun for example_subdag_operator.section-1 to None, run_after=None
[2022-08-02 23:24:47,831] {logging_mixin.py:115} INFO - [2022-08-02 23:24:47,831] {dag.py:2972} INFO - Setting next_dagrun for example_subdag_operator.section-2 to None, run_after=None
[2022-08-02 23:24:47,863] {logging_mixin.py:115} INFO - [2022-08-02 23:24:47,862] {dag.py:2420} INFO - Sync 2 DAGs
[2022-08-02 23:24:47,932] {logging_mixin.py:115} INFO - [2022-08-02 23:24:47,932] {dag.py:2972} INFO - Setting next_dagrun for example_subdag_operator.section-1 to None, run_after=None
[2022-08-02 23:24:47,937] {logging_mixin.py:115} INFO - [2022-08-02 23:24:47,937] {dag.py:2972} INFO - Setting next_dagrun for example_subdag_operator.section-2 to None, run_after=None
[2022-08-02 23:24:47,978] {processor.py:161} INFO - Processing /home/airflow/.local/lib/python3.7/site-packages/airflow/example_dags/example_subdag_operator.py took 0.985 seconds
[2022-08-02 23:25:18,166] {processor.py:153} INFO - Started process (PID=404) to work on /home/airflow/.local/lib/python3.7/site-packages/airflow/example_dags/example_subdag_operator.py
[2022-08-02 23:25:18,226] {processor.py:641} INFO - Processing file /home/airflow/.local/lib/python3.7/site-packages/airflow/example_dags/example_subdag_operator.py for tasks to queue
[2022-08-02 23:25:18,254] {logging_mixin.py:115} INFO - [2022-08-02 23:25:18,254] {dagbag.py:508} INFO - Filling up the DagBag from /home/airflow/.local/lib/python3.7/site-packages/airflow/example_dags/example_subdag_operator.py
[2022-08-02 23:25:18,545] {processor.py:651} INFO - DAG(s) dict_keys(['example_subdag_operator.section-1', 'example_subdag_operator.section-2', 'example_subdag_operator']) retrieved from /home/airflow/.local/lib/python3.7/site-packages/airflow/example_dags/example_subdag_operator.py
[2022-08-02 23:25:18,860] {logging_mixin.py:115} INFO - [2022-08-02 23:25:18,855] {dag.py:2420} INFO - Sync 3 DAGs
[2022-08-02 23:25:18,996] {logging_mixin.py:115} INFO - [2022-08-02 23:25:18,995] {dag.py:2972} INFO - Setting next_dagrun for example_subdag_operator to 2022-01-01T00:00:00+00:00, run_after=2022-01-01T00:00:00+00:00
[2022-08-02 23:25:19,015] {logging_mixin.py:115} INFO - [2022-08-02 23:25:19,014] {dag.py:2972} INFO - Setting next_dagrun for example_subdag_operator.section-1 to None, run_after=None
[2022-08-02 23:25:19,028] {logging_mixin.py:115} INFO - [2022-08-02 23:25:19,027] {dag.py:2972} INFO - Setting next_dagrun for example_subdag_operator.section-2 to None, run_after=None
[2022-08-02 23:25:19,081] {logging_mixin.py:115} INFO - [2022-08-02 23:25:19,080] {dag.py:2420} INFO - Sync 2 DAGs
[2022-08-02 23:25:19,098] {logging_mixin.py:115} INFO - [2022-08-02 23:25:19,098] {dag.py:2972} INFO - Setting next_dagrun for example_subdag_operator.section-1 to None, run_after=None
[2022-08-02 23:25:19,111] {logging_mixin.py:115} INFO - [2022-08-02 23:25:19,110] {dag.py:2972} INFO - Setting next_dagrun for example_subdag_operator.section-2 to None, run_after=None
[2022-08-02 23:25:19,147] {processor.py:161} INFO - Processing /home/airflow/.local/lib/python3.7/site-packages/airflow/example_dags/example_subdag_operator.py took 0.990 seconds
[2022-08-02 23:25:49,668] {processor.py:153} INFO - Started process (PID=458) to work on /home/airflow/.local/lib/python3.7/site-packages/airflow/example_dags/example_subdag_operator.py
[2022-08-02 23:25:49,677] {processor.py:641} INFO - Processing file /home/airflow/.local/lib/python3.7/site-packages/airflow/example_dags/example_subdag_operator.py for tasks to queue
[2022-08-02 23:25:49,696] {logging_mixin.py:115} INFO - [2022-08-02 23:25:49,695] {dagbag.py:508} INFO - Filling up the DagBag from /home/airflow/.local/lib/python3.7/site-packages/airflow/example_dags/example_subdag_operator.py
[2022-08-02 23:25:49,765] {processor.py:651} INFO - DAG(s) dict_keys(['example_subdag_operator.section-1', 'example_subdag_operator.section-2', 'example_subdag_operator']) retrieved from /home/airflow/.local/lib/python3.7/site-packages/airflow/example_dags/example_subdag_operator.py
[2022-08-02 23:25:49,949] {logging_mixin.py:115} INFO - [2022-08-02 23:25:49,949] {dag.py:2420} INFO - Sync 3 DAGs
[2022-08-02 23:25:49,998] {logging_mixin.py:115} INFO - [2022-08-02 23:25:49,998] {dag.py:2972} INFO - Setting next_dagrun for example_subdag_operator to 2022-01-01T00:00:00+00:00, run_after=2022-01-01T00:00:00+00:00
[2022-08-02 23:25:50,011] {logging_mixin.py:115} INFO - [2022-08-02 23:25:50,011] {dag.py:2972} INFO - Setting next_dagrun for example_subdag_operator.section-1 to None, run_after=None
[2022-08-02 23:25:50,037] {logging_mixin.py:115} INFO - [2022-08-02 23:25:50,036] {dag.py:2972} INFO - Setting next_dagrun for example_subdag_operator.section-2 to None, run_after=None
[2022-08-02 23:25:50,072] {logging_mixin.py:115} INFO - [2022-08-02 23:25:50,072] {dag.py:2420} INFO - Sync 2 DAGs
[2022-08-02 23:25:50,104] {logging_mixin.py:115} INFO - [2022-08-02 23:25:50,104] {dag.py:2972} INFO - Setting next_dagrun for example_subdag_operator.section-1 to None, run_after=None
[2022-08-02 23:25:50,127] {logging_mixin.py:115} INFO - [2022-08-02 23:25:50,126] {dag.py:2972} INFO - Setting next_dagrun for example_subdag_operator.section-2 to None, run_after=None
[2022-08-02 23:25:50,148] {processor.py:161} INFO - Processing /home/airflow/.local/lib/python3.7/site-packages/airflow/example_dags/example_subdag_operator.py took 0.486 seconds
[2022-08-02 23:26:20,932] {processor.py:153} INFO - Started process (PID=510) to work on /home/airflow/.local/lib/python3.7/site-packages/airflow/example_dags/example_subdag_operator.py
[2022-08-02 23:26:20,935] {processor.py:641} INFO - Processing file /home/airflow/.local/lib/python3.7/site-packages/airflow/example_dags/example_subdag_operator.py for tasks to queue
[2022-08-02 23:26:20,938] {logging_mixin.py:115} INFO - [2022-08-02 23:26:20,937] {dagbag.py:508} INFO - Filling up the DagBag from /home/airflow/.local/lib/python3.7/site-packages/airflow/example_dags/example_subdag_operator.py
[2022-08-02 23:26:20,981] {processor.py:651} INFO - DAG(s) dict_keys(['example_subdag_operator.section-1', 'example_subdag_operator.section-2', 'example_subdag_operator']) retrieved from /home/airflow/.local/lib/python3.7/site-packages/airflow/example_dags/example_subdag_operator.py
[2022-08-02 23:26:21,049] {logging_mixin.py:115} INFO - [2022-08-02 23:26:21,049] {dag.py:2420} INFO - Sync 3 DAGs
[2022-08-02 23:26:21,070] {logging_mixin.py:115} INFO - [2022-08-02 23:26:21,070] {dag.py:2972} INFO - Setting next_dagrun for example_subdag_operator to 2022-01-01T00:00:00+00:00, run_after=2022-01-01T00:00:00+00:00
[2022-08-02 23:26:21,073] {logging_mixin.py:115} INFO - [2022-08-02 23:26:21,073] {dag.py:2972} INFO - Setting next_dagrun for example_subdag_operator.section-1 to None, run_after=None
[2022-08-02 23:26:21,075] {logging_mixin.py:115} INFO - [2022-08-02 23:26:21,075] {dag.py:2972} INFO - Setting next_dagrun for example_subdag_operator.section-2 to None, run_after=None
[2022-08-02 23:26:21,085] {logging_mixin.py:115} INFO - [2022-08-02 23:26:21,085] {dag.py:2420} INFO - Sync 2 DAGs
[2022-08-02 23:26:21,094] {logging_mixin.py:115} INFO - [2022-08-02 23:26:21,094] {dag.py:2972} INFO - Setting next_dagrun for example_subdag_operator.section-1 to None, run_after=None
[2022-08-02 23:26:21,096] {logging_mixin.py:115} INFO - [2022-08-02 23:26:21,096] {dag.py:2972} INFO - Setting next_dagrun for example_subdag_operator.section-2 to None, run_after=None
[2022-08-02 23:26:21,116] {processor.py:161} INFO - Processing /home/airflow/.local/lib/python3.7/site-packages/airflow/example_dags/example_subdag_operator.py took 0.190 seconds
[2022-08-02 23:26:51,918] {processor.py:153} INFO - Started process (PID=571) to work on /home/airflow/.local/lib/python3.7/site-packages/airflow/example_dags/example_subdag_operator.py
[2022-08-02 23:26:51,947] {processor.py:641} INFO - Processing file /home/airflow/.local/lib/python3.7/site-packages/airflow/example_dags/example_subdag_operator.py for tasks to queue
[2022-08-02 23:26:51,979] {logging_mixin.py:115} INFO - [2022-08-02 23:26:51,978] {dagbag.py:508} INFO - Filling up the DagBag from /home/airflow/.local/lib/python3.7/site-packages/airflow/example_dags/example_subdag_operator.py
[2022-08-02 23:26:52,128] {processor.py:651} INFO - DAG(s) dict_keys(['example_subdag_operator.section-1', 'example_subdag_operator.section-2', 'example_subdag_operator']) retrieved from /home/airflow/.local/lib/python3.7/site-packages/airflow/example_dags/example_subdag_operator.py
[2022-08-02 23:26:52,314] {logging_mixin.py:115} INFO - [2022-08-02 23:26:52,313] {dag.py:2420} INFO - Sync 3 DAGs
[2022-08-02 23:26:52,449] {logging_mixin.py:115} INFO - [2022-08-02 23:26:52,449] {dag.py:2972} INFO - Setting next_dagrun for example_subdag_operator to 2022-01-01T00:00:00+00:00, run_after=2022-01-01T00:00:00+00:00
[2022-08-02 23:26:52,462] {logging_mixin.py:115} INFO - [2022-08-02 23:26:52,462] {dag.py:2972} INFO - Setting next_dagrun for example_subdag_operator.section-1 to None, run_after=None
[2022-08-02 23:26:52,471] {logging_mixin.py:115} INFO - [2022-08-02 23:26:52,471] {dag.py:2972} INFO - Setting next_dagrun for example_subdag_operator.section-2 to None, run_after=None
[2022-08-02 23:26:52,487] {logging_mixin.py:115} INFO - [2022-08-02 23:26:52,487] {dag.py:2420} INFO - Sync 2 DAGs
[2022-08-02 23:26:52,539] {logging_mixin.py:115} INFO - [2022-08-02 23:26:52,538] {dag.py:2972} INFO - Setting next_dagrun for example_subdag_operator.section-1 to None, run_after=None
[2022-08-02 23:26:52,557] {logging_mixin.py:115} INFO - [2022-08-02 23:26:52,553] {dag.py:2972} INFO - Setting next_dagrun for example_subdag_operator.section-2 to None, run_after=None
[2022-08-02 23:26:52,779] {processor.py:161} INFO - Processing /home/airflow/.local/lib/python3.7/site-packages/airflow/example_dags/example_subdag_operator.py took 0.919 seconds
[2022-08-02 23:27:23,218] {processor.py:153} INFO - Started process (PID=622) to work on /home/airflow/.local/lib/python3.7/site-packages/airflow/example_dags/example_subdag_operator.py
[2022-08-02 23:27:23,229] {processor.py:641} INFO - Processing file /home/airflow/.local/lib/python3.7/site-packages/airflow/example_dags/example_subdag_operator.py for tasks to queue
[2022-08-02 23:27:23,247] {logging_mixin.py:115} INFO - [2022-08-02 23:27:23,247] {dagbag.py:508} INFO - Filling up the DagBag from /home/airflow/.local/lib/python3.7/site-packages/airflow/example_dags/example_subdag_operator.py
[2022-08-02 23:27:23,376] {processor.py:651} INFO - DAG(s) dict_keys(['example_subdag_operator.section-1', 'example_subdag_operator.section-2', 'example_subdag_operator']) retrieved from /home/airflow/.local/lib/python3.7/site-packages/airflow/example_dags/example_subdag_operator.py
[2022-08-02 23:27:23,511] {logging_mixin.py:115} INFO - [2022-08-02 23:27:23,511] {dag.py:2420} INFO - Sync 3 DAGs
[2022-08-02 23:27:23,565] {logging_mixin.py:115} INFO - [2022-08-02 23:27:23,565] {dag.py:2972} INFO - Setting next_dagrun for example_subdag_operator to 2022-01-01T00:00:00+00:00, run_after=2022-01-01T00:00:00+00:00
[2022-08-02 23:27:23,581] {logging_mixin.py:115} INFO - [2022-08-02 23:27:23,581] {dag.py:2972} INFO - Setting next_dagrun for example_subdag_operator.section-1 to None, run_after=None
[2022-08-02 23:27:23,590] {logging_mixin.py:115} INFO - [2022-08-02 23:27:23,589] {dag.py:2972} INFO - Setting next_dagrun for example_subdag_operator.section-2 to None, run_after=None
[2022-08-02 23:27:23,610] {logging_mixin.py:115} INFO - [2022-08-02 23:27:23,610] {dag.py:2420} INFO - Sync 2 DAGs
[2022-08-02 23:27:23,621] {logging_mixin.py:115} INFO - [2022-08-02 23:27:23,621] {dag.py:2972} INFO - Setting next_dagrun for example_subdag_operator.section-1 to None, run_after=None
[2022-08-02 23:27:23,625] {logging_mixin.py:115} INFO - [2022-08-02 23:27:23,625] {dag.py:2972} INFO - Setting next_dagrun for example_subdag_operator.section-2 to None, run_after=None
[2022-08-02 23:27:23,640] {processor.py:161} INFO - Processing /home/airflow/.local/lib/python3.7/site-packages/airflow/example_dags/example_subdag_operator.py took 0.438 seconds
[2022-08-02 23:27:54,206] {processor.py:153} INFO - Started process (PID=673) to work on /home/airflow/.local/lib/python3.7/site-packages/airflow/example_dags/example_subdag_operator.py
[2022-08-02 23:27:54,208] {processor.py:641} INFO - Processing file /home/airflow/.local/lib/python3.7/site-packages/airflow/example_dags/example_subdag_operator.py for tasks to queue
[2022-08-02 23:27:54,210] {logging_mixin.py:115} INFO - [2022-08-02 23:27:54,210] {dagbag.py:508} INFO - Filling up the DagBag from /home/airflow/.local/lib/python3.7/site-packages/airflow/example_dags/example_subdag_operator.py
[2022-08-02 23:27:54,252] {processor.py:651} INFO - DAG(s) dict_keys(['example_subdag_operator.section-1', 'example_subdag_operator.section-2', 'example_subdag_operator']) retrieved from /home/airflow/.local/lib/python3.7/site-packages/airflow/example_dags/example_subdag_operator.py
[2022-08-02 23:27:54,288] {logging_mixin.py:115} INFO - [2022-08-02 23:27:54,288] {dag.py:2420} INFO - Sync 3 DAGs
[2022-08-02 23:27:54,308] {logging_mixin.py:115} INFO - [2022-08-02 23:27:54,308] {dag.py:2972} INFO - Setting next_dagrun for example_subdag_operator to 2022-01-01T00:00:00+00:00, run_after=2022-01-01T00:00:00+00:00
[2022-08-02 23:27:54,310] {logging_mixin.py:115} INFO - [2022-08-02 23:27:54,310] {dag.py:2972} INFO - Setting next_dagrun for example_subdag_operator.section-1 to None, run_after=None
[2022-08-02 23:27:54,312] {logging_mixin.py:115} INFO - [2022-08-02 23:27:54,312] {dag.py:2972} INFO - Setting next_dagrun for example_subdag_operator.section-2 to None, run_after=None
[2022-08-02 23:27:54,320] {logging_mixin.py:115} INFO - [2022-08-02 23:27:54,320] {dag.py:2420} INFO - Sync 2 DAGs
[2022-08-02 23:27:54,326] {logging_mixin.py:115} INFO - [2022-08-02 23:27:54,326] {dag.py:2972} INFO - Setting next_dagrun for example_subdag_operator.section-1 to None, run_after=None
[2022-08-02 23:27:54,329] {logging_mixin.py:115} INFO - [2022-08-02 23:27:54,328] {dag.py:2972} INFO - Setting next_dagrun for example_subdag_operator.section-2 to None, run_after=None
[2022-08-02 23:27:54,338] {processor.py:161} INFO - Processing /home/airflow/.local/lib/python3.7/site-packages/airflow/example_dags/example_subdag_operator.py took 0.137 seconds
[2022-08-02 23:28:25,160] {processor.py:153} INFO - Started process (PID=726) to work on /home/airflow/.local/lib/python3.7/site-packages/airflow/example_dags/example_subdag_operator.py
[2022-08-02 23:28:25,167] {processor.py:641} INFO - Processing file /home/airflow/.local/lib/python3.7/site-packages/airflow/example_dags/example_subdag_operator.py for tasks to queue
[2022-08-02 23:28:25,177] {logging_mixin.py:115} INFO - [2022-08-02 23:28:25,177] {dagbag.py:508} INFO - Filling up the DagBag from /home/airflow/.local/lib/python3.7/site-packages/airflow/example_dags/example_subdag_operator.py
[2022-08-02 23:28:25,438] {processor.py:651} INFO - DAG(s) dict_keys(['example_subdag_operator.section-1', 'example_subdag_operator.section-2', 'example_subdag_operator']) retrieved from /home/airflow/.local/lib/python3.7/site-packages/airflow/example_dags/example_subdag_operator.py
[2022-08-02 23:28:25,719] {logging_mixin.py:115} INFO - [2022-08-02 23:28:25,716] {dag.py:2420} INFO - Sync 3 DAGs
[2022-08-02 23:28:26,297] {logging_mixin.py:115} INFO - [2022-08-02 23:28:26,296] {dag.py:2972} INFO - Setting next_dagrun for example_subdag_operator to 2022-01-01T00:00:00+00:00, run_after=2022-01-01T00:00:00+00:00
[2022-08-02 23:28:26,312] {logging_mixin.py:115} INFO - [2022-08-02 23:28:26,312] {dag.py:2972} INFO - Setting next_dagrun for example_subdag_operator.section-1 to None, run_after=None
[2022-08-02 23:28:26,322] {logging_mixin.py:115} INFO - [2022-08-02 23:28:26,322] {dag.py:2972} INFO - Setting next_dagrun for example_subdag_operator.section-2 to None, run_after=None
[2022-08-02 23:28:26,378] {logging_mixin.py:115} INFO - [2022-08-02 23:28:26,378] {dag.py:2420} INFO - Sync 2 DAGs
[2022-08-02 23:28:26,517] {logging_mixin.py:115} INFO - [2022-08-02 23:28:26,517] {dag.py:2972} INFO - Setting next_dagrun for example_subdag_operator.section-1 to None, run_after=None
[2022-08-02 23:28:26,523] {logging_mixin.py:115} INFO - [2022-08-02 23:28:26,522] {dag.py:2972} INFO - Setting next_dagrun for example_subdag_operator.section-2 to None, run_after=None
[2022-08-02 23:28:26,554] {processor.py:161} INFO - Processing /home/airflow/.local/lib/python3.7/site-packages/airflow/example_dags/example_subdag_operator.py took 1.410 seconds
[2022-08-02 23:28:57,055] {processor.py:153} INFO - Started process (PID=778) to work on /home/airflow/.local/lib/python3.7/site-packages/airflow/example_dags/example_subdag_operator.py
[2022-08-02 23:28:57,060] {processor.py:641} INFO - Processing file /home/airflow/.local/lib/python3.7/site-packages/airflow/example_dags/example_subdag_operator.py for tasks to queue
[2022-08-02 23:28:57,062] {logging_mixin.py:115} INFO - [2022-08-02 23:28:57,062] {dagbag.py:508} INFO - Filling up the DagBag from /home/airflow/.local/lib/python3.7/site-packages/airflow/example_dags/example_subdag_operator.py
[2022-08-02 23:28:57,130] {processor.py:651} INFO - DAG(s) dict_keys(['example_subdag_operator.section-1', 'example_subdag_operator.section-2', 'example_subdag_operator']) retrieved from /home/airflow/.local/lib/python3.7/site-packages/airflow/example_dags/example_subdag_operator.py
[2022-08-02 23:28:57,204] {logging_mixin.py:115} INFO - [2022-08-02 23:28:57,204] {dag.py:2420} INFO - Sync 3 DAGs
[2022-08-02 23:28:57,242] {logging_mixin.py:115} INFO - [2022-08-02 23:28:57,242] {dag.py:2972} INFO - Setting next_dagrun for example_subdag_operator to 2022-01-01T00:00:00+00:00, run_after=2022-01-01T00:00:00+00:00
[2022-08-02 23:28:57,245] {logging_mixin.py:115} INFO - [2022-08-02 23:28:57,245] {dag.py:2972} INFO - Setting next_dagrun for example_subdag_operator.section-1 to None, run_after=None
[2022-08-02 23:28:57,249] {logging_mixin.py:115} INFO - [2022-08-02 23:28:57,249] {dag.py:2972} INFO - Setting next_dagrun for example_subdag_operator.section-2 to None, run_after=None
[2022-08-02 23:28:57,260] {logging_mixin.py:115} INFO - [2022-08-02 23:28:57,260] {dag.py:2420} INFO - Sync 2 DAGs
[2022-08-02 23:28:57,274] {logging_mixin.py:115} INFO - [2022-08-02 23:28:57,274] {dag.py:2972} INFO - Setting next_dagrun for example_subdag_operator.section-1 to None, run_after=None
[2022-08-02 23:28:57,281] {logging_mixin.py:115} INFO - [2022-08-02 23:28:57,280] {dag.py:2972} INFO - Setting next_dagrun for example_subdag_operator.section-2 to None, run_after=None
[2022-08-02 23:28:57,358] {processor.py:161} INFO - Processing /home/airflow/.local/lib/python3.7/site-packages/airflow/example_dags/example_subdag_operator.py took 0.307 seconds
[2022-08-02 23:29:27,441] {processor.py:153} INFO - Started process (PID=829) to work on /home/airflow/.local/lib/python3.7/site-packages/airflow/example_dags/example_subdag_operator.py
[2022-08-02 23:29:27,443] {processor.py:641} INFO - Processing file /home/airflow/.local/lib/python3.7/site-packages/airflow/example_dags/example_subdag_operator.py for tasks to queue
[2022-08-02 23:29:27,447] {logging_mixin.py:115} INFO - [2022-08-02 23:29:27,447] {dagbag.py:508} INFO - Filling up the DagBag from /home/airflow/.local/lib/python3.7/site-packages/airflow/example_dags/example_subdag_operator.py
[2022-08-02 23:29:27,482] {processor.py:651} INFO - DAG(s) dict_keys(['example_subdag_operator.section-1', 'example_subdag_operator.section-2', 'example_subdag_operator']) retrieved from /home/airflow/.local/lib/python3.7/site-packages/airflow/example_dags/example_subdag_operator.py
[2022-08-02 23:29:27,529] {logging_mixin.py:115} INFO - [2022-08-02 23:29:27,529] {dag.py:2420} INFO - Sync 3 DAGs
[2022-08-02 23:29:27,553] {logging_mixin.py:115} INFO - [2022-08-02 23:29:27,552] {dag.py:2972} INFO - Setting next_dagrun for example_subdag_operator to 2022-01-01T00:00:00+00:00, run_after=2022-01-01T00:00:00+00:00
[2022-08-02 23:29:27,555] {logging_mixin.py:115} INFO - [2022-08-02 23:29:27,555] {dag.py:2972} INFO - Setting next_dagrun for example_subdag_operator.section-1 to None, run_after=None
[2022-08-02 23:29:27,558] {logging_mixin.py:115} INFO - [2022-08-02 23:29:27,558] {dag.py:2972} INFO - Setting next_dagrun for example_subdag_operator.section-2 to None, run_after=None
[2022-08-02 23:29:27,567] {logging_mixin.py:115} INFO - [2022-08-02 23:29:27,567] {dag.py:2420} INFO - Sync 2 DAGs
[2022-08-02 23:29:27,574] {logging_mixin.py:115} INFO - [2022-08-02 23:29:27,574] {dag.py:2972} INFO - Setting next_dagrun for example_subdag_operator.section-1 to None, run_after=None
[2022-08-02 23:29:27,576] {logging_mixin.py:115} INFO - [2022-08-02 23:29:27,576] {dag.py:2972} INFO - Setting next_dagrun for example_subdag_operator.section-2 to None, run_after=None
[2022-08-02 23:29:27,588] {processor.py:161} INFO - Processing /home/airflow/.local/lib/python3.7/site-packages/airflow/example_dags/example_subdag_operator.py took 0.152 seconds
[2022-08-02 23:29:57,676] {processor.py:153} INFO - Started process (PID=881) to work on /home/airflow/.local/lib/python3.7/site-packages/airflow/example_dags/example_subdag_operator.py
[2022-08-02 23:29:57,679] {processor.py:641} INFO - Processing file /home/airflow/.local/lib/python3.7/site-packages/airflow/example_dags/example_subdag_operator.py for tasks to queue
[2022-08-02 23:29:57,681] {logging_mixin.py:115} INFO - [2022-08-02 23:29:57,680] {dagbag.py:508} INFO - Filling up the DagBag from /home/airflow/.local/lib/python3.7/site-packages/airflow/example_dags/example_subdag_operator.py
[2022-08-02 23:29:57,729] {processor.py:651} INFO - DAG(s) dict_keys(['example_subdag_operator.section-1', 'example_subdag_operator.section-2', 'example_subdag_operator']) retrieved from /home/airflow/.local/lib/python3.7/site-packages/airflow/example_dags/example_subdag_operator.py
[2022-08-02 23:29:57,793] {logging_mixin.py:115} INFO - [2022-08-02 23:29:57,793] {dag.py:2420} INFO - Sync 3 DAGs
[2022-08-02 23:29:57,832] {logging_mixin.py:115} INFO - [2022-08-02 23:29:57,832] {dag.py:2972} INFO - Setting next_dagrun for example_subdag_operator to 2022-01-01T00:00:00+00:00, run_after=2022-01-01T00:00:00+00:00
[2022-08-02 23:29:57,835] {logging_mixin.py:115} INFO - [2022-08-02 23:29:57,834] {dag.py:2972} INFO - Setting next_dagrun for example_subdag_operator.section-1 to None, run_after=None
[2022-08-02 23:29:57,836] {logging_mixin.py:115} INFO - [2022-08-02 23:29:57,836] {dag.py:2972} INFO - Setting next_dagrun for example_subdag_operator.section-2 to None, run_after=None
[2022-08-02 23:29:57,848] {logging_mixin.py:115} INFO - [2022-08-02 23:29:57,848] {dag.py:2420} INFO - Sync 2 DAGs
[2022-08-02 23:29:57,861] {logging_mixin.py:115} INFO - [2022-08-02 23:29:57,861] {dag.py:2972} INFO - Setting next_dagrun for example_subdag_operator.section-1 to None, run_after=None
[2022-08-02 23:29:57,901] {logging_mixin.py:115} INFO - [2022-08-02 23:29:57,901] {dag.py:2972} INFO - Setting next_dagrun for example_subdag_operator.section-2 to None, run_after=None
[2022-08-02 23:29:57,925] {processor.py:161} INFO - Processing /home/airflow/.local/lib/python3.7/site-packages/airflow/example_dags/example_subdag_operator.py took 0.253 seconds
[2022-08-02 23:30:28,226] {processor.py:153} INFO - Started process (PID=934) to work on /home/airflow/.local/lib/python3.7/site-packages/airflow/example_dags/example_subdag_operator.py
[2022-08-02 23:30:28,230] {processor.py:641} INFO - Processing file /home/airflow/.local/lib/python3.7/site-packages/airflow/example_dags/example_subdag_operator.py for tasks to queue
[2022-08-02 23:30:28,234] {logging_mixin.py:115} INFO - [2022-08-02 23:30:28,233] {dagbag.py:508} INFO - Filling up the DagBag from /home/airflow/.local/lib/python3.7/site-packages/airflow/example_dags/example_subdag_operator.py
[2022-08-02 23:30:28,325] {processor.py:651} INFO - DAG(s) dict_keys(['example_subdag_operator.section-1', 'example_subdag_operator.section-2', 'example_subdag_operator']) retrieved from /home/airflow/.local/lib/python3.7/site-packages/airflow/example_dags/example_subdag_operator.py
[2022-08-02 23:30:28,478] {logging_mixin.py:115} INFO - [2022-08-02 23:30:28,478] {dag.py:2420} INFO - Sync 3 DAGs
[2022-08-02 23:30:28,534] {logging_mixin.py:115} INFO - [2022-08-02 23:30:28,534] {dag.py:2972} INFO - Setting next_dagrun for example_subdag_operator to 2022-01-01T00:00:00+00:00, run_after=2022-01-01T00:00:00+00:00
[2022-08-02 23:30:28,540] {logging_mixin.py:115} INFO - [2022-08-02 23:30:28,540] {dag.py:2972} INFO - Setting next_dagrun for example_subdag_operator.section-1 to None, run_after=None
[2022-08-02 23:30:28,542] {logging_mixin.py:115} INFO - [2022-08-02 23:30:28,542] {dag.py:2972} INFO - Setting next_dagrun for example_subdag_operator.section-2 to None, run_after=None
[2022-08-02 23:30:28,569] {logging_mixin.py:115} INFO - [2022-08-02 23:30:28,569] {dag.py:2420} INFO - Sync 2 DAGs
[2022-08-02 23:30:28,589] {logging_mixin.py:115} INFO - [2022-08-02 23:30:28,589] {dag.py:2972} INFO - Setting next_dagrun for example_subdag_operator.section-1 to None, run_after=None
[2022-08-02 23:30:28,597] {logging_mixin.py:115} INFO - [2022-08-02 23:30:28,597] {dag.py:2972} INFO - Setting next_dagrun for example_subdag_operator.section-2 to None, run_after=None
[2022-08-02 23:30:28,626] {processor.py:161} INFO - Processing /home/airflow/.local/lib/python3.7/site-packages/airflow/example_dags/example_subdag_operator.py took 0.406 seconds
[2022-08-02 23:30:59,310] {processor.py:153} INFO - Started process (PID=994) to work on /home/airflow/.local/lib/python3.7/site-packages/airflow/example_dags/example_subdag_operator.py
[2022-08-02 23:30:59,325] {processor.py:641} INFO - Processing file /home/airflow/.local/lib/python3.7/site-packages/airflow/example_dags/example_subdag_operator.py for tasks to queue
[2022-08-02 23:30:59,345] {logging_mixin.py:115} INFO - [2022-08-02 23:30:59,342] {dagbag.py:508} INFO - Filling up the DagBag from /home/airflow/.local/lib/python3.7/site-packages/airflow/example_dags/example_subdag_operator.py
[2022-08-02 23:30:59,446] {processor.py:651} INFO - DAG(s) dict_keys(['example_subdag_operator.section-1', 'example_subdag_operator.section-2', 'example_subdag_operator']) retrieved from /home/airflow/.local/lib/python3.7/site-packages/airflow/example_dags/example_subdag_operator.py
[2022-08-02 23:30:59,635] {logging_mixin.py:115} INFO - [2022-08-02 23:30:59,634] {dag.py:2420} INFO - Sync 3 DAGs
[2022-08-02 23:30:59,703] {logging_mixin.py:115} INFO - [2022-08-02 23:30:59,702] {dag.py:2972} INFO - Setting next_dagrun for example_subdag_operator to 2022-01-01T00:00:00+00:00, run_after=2022-01-01T00:00:00+00:00
[2022-08-02 23:30:59,718] {logging_mixin.py:115} INFO - [2022-08-02 23:30:59,717] {dag.py:2972} INFO - Setting next_dagrun for example_subdag_operator.section-1 to None, run_after=None
[2022-08-02 23:30:59,734] {logging_mixin.py:115} INFO - [2022-08-02 23:30:59,733] {dag.py:2972} INFO - Setting next_dagrun for example_subdag_operator.section-2 to None, run_after=None
[2022-08-02 23:30:59,768] {logging_mixin.py:115} INFO - [2022-08-02 23:30:59,768] {dag.py:2420} INFO - Sync 2 DAGs
[2022-08-02 23:30:59,817] {logging_mixin.py:115} INFO - [2022-08-02 23:30:59,816] {dag.py:2972} INFO - Setting next_dagrun for example_subdag_operator.section-1 to None, run_after=None
[2022-08-02 23:30:59,838] {logging_mixin.py:115} INFO - [2022-08-02 23:30:59,837] {dag.py:2972} INFO - Setting next_dagrun for example_subdag_operator.section-2 to None, run_after=None
[2022-08-02 23:30:59,965] {processor.py:161} INFO - Processing /home/airflow/.local/lib/python3.7/site-packages/airflow/example_dags/example_subdag_operator.py took 0.667 seconds
[2022-08-02 23:31:30,250] {processor.py:153} INFO - Started process (PID=1048) to work on /home/airflow/.local/lib/python3.7/site-packages/airflow/example_dags/example_subdag_operator.py
[2022-08-02 23:31:30,252] {processor.py:641} INFO - Processing file /home/airflow/.local/lib/python3.7/site-packages/airflow/example_dags/example_subdag_operator.py for tasks to queue
[2022-08-02 23:31:30,257] {logging_mixin.py:115} INFO - [2022-08-02 23:31:30,257] {dagbag.py:508} INFO - Filling up the DagBag from /home/airflow/.local/lib/python3.7/site-packages/airflow/example_dags/example_subdag_operator.py
[2022-08-02 23:31:30,306] {processor.py:651} INFO - DAG(s) dict_keys(['example_subdag_operator.section-1', 'example_subdag_operator.section-2', 'example_subdag_operator']) retrieved from /home/airflow/.local/lib/python3.7/site-packages/airflow/example_dags/example_subdag_operator.py
[2022-08-02 23:31:30,360] {logging_mixin.py:115} INFO - [2022-08-02 23:31:30,360] {dag.py:2420} INFO - Sync 3 DAGs
[2022-08-02 23:31:30,382] {logging_mixin.py:115} INFO - [2022-08-02 23:31:30,382] {dag.py:2972} INFO - Setting next_dagrun for example_subdag_operator to 2022-01-01T00:00:00+00:00, run_after=2022-01-01T00:00:00+00:00
[2022-08-02 23:31:30,384] {logging_mixin.py:115} INFO - [2022-08-02 23:31:30,384] {dag.py:2972} INFO - Setting next_dagrun for example_subdag_operator.section-1 to None, run_after=None
[2022-08-02 23:31:30,387] {logging_mixin.py:115} INFO - [2022-08-02 23:31:30,387] {dag.py:2972} INFO - Setting next_dagrun for example_subdag_operator.section-2 to None, run_after=None
[2022-08-02 23:31:30,394] {logging_mixin.py:115} INFO - [2022-08-02 23:31:30,394] {dag.py:2420} INFO - Sync 2 DAGs
[2022-08-02 23:31:30,402] {logging_mixin.py:115} INFO - [2022-08-02 23:31:30,401] {dag.py:2972} INFO - Setting next_dagrun for example_subdag_operator.section-1 to None, run_after=None
[2022-08-02 23:31:30,405] {logging_mixin.py:115} INFO - [2022-08-02 23:31:30,405] {dag.py:2972} INFO - Setting next_dagrun for example_subdag_operator.section-2 to None, run_after=None
[2022-08-02 23:31:30,417] {processor.py:161} INFO - Processing /home/airflow/.local/lib/python3.7/site-packages/airflow/example_dags/example_subdag_operator.py took 0.173 seconds
[2022-08-02 23:32:00,572] {processor.py:153} INFO - Started process (PID=1100) to work on /home/airflow/.local/lib/python3.7/site-packages/airflow/example_dags/example_subdag_operator.py
[2022-08-02 23:32:00,576] {processor.py:641} INFO - Processing file /home/airflow/.local/lib/python3.7/site-packages/airflow/example_dags/example_subdag_operator.py for tasks to queue
[2022-08-02 23:32:00,579] {logging_mixin.py:115} INFO - [2022-08-02 23:32:00,578] {dagbag.py:508} INFO - Filling up the DagBag from /home/airflow/.local/lib/python3.7/site-packages/airflow/example_dags/example_subdag_operator.py
[2022-08-02 23:32:00,669] {processor.py:651} INFO - DAG(s) dict_keys(['example_subdag_operator.section-1', 'example_subdag_operator.section-2', 'example_subdag_operator']) retrieved from /home/airflow/.local/lib/python3.7/site-packages/airflow/example_dags/example_subdag_operator.py
[2022-08-02 23:32:00,799] {logging_mixin.py:115} INFO - [2022-08-02 23:32:00,799] {dag.py:2420} INFO - Sync 3 DAGs
[2022-08-02 23:32:01,124] {logging_mixin.py:115} INFO - [2022-08-02 23:32:01,124] {dag.py:2972} INFO - Setting next_dagrun for example_subdag_operator to 2022-01-01T00:00:00+00:00, run_after=2022-01-01T00:00:00+00:00
[2022-08-02 23:32:01,158] {logging_mixin.py:115} INFO - [2022-08-02 23:32:01,158] {dag.py:2972} INFO - Setting next_dagrun for example_subdag_operator.section-1 to None, run_after=None
[2022-08-02 23:32:01,190] {logging_mixin.py:115} INFO - [2022-08-02 23:32:01,189] {dag.py:2972} INFO - Setting next_dagrun for example_subdag_operator.section-2 to None, run_after=None
[2022-08-02 23:32:01,223] {logging_mixin.py:115} INFO - [2022-08-02 23:32:01,223] {dag.py:2420} INFO - Sync 2 DAGs
[2022-08-02 23:32:01,245] {logging_mixin.py:115} INFO - [2022-08-02 23:32:01,245] {dag.py:2972} INFO - Setting next_dagrun for example_subdag_operator.section-1 to None, run_after=None
[2022-08-02 23:32:01,251] {logging_mixin.py:115} INFO - [2022-08-02 23:32:01,250] {dag.py:2972} INFO - Setting next_dagrun for example_subdag_operator.section-2 to None, run_after=None
[2022-08-02 23:32:01,279] {processor.py:161} INFO - Processing /home/airflow/.local/lib/python3.7/site-packages/airflow/example_dags/example_subdag_operator.py took 0.718 seconds
[2022-08-02 23:32:31,348] {processor.py:153} INFO - Started process (PID=1152) to work on /home/airflow/.local/lib/python3.7/site-packages/airflow/example_dags/example_subdag_operator.py
[2022-08-02 23:32:31,351] {processor.py:641} INFO - Processing file /home/airflow/.local/lib/python3.7/site-packages/airflow/example_dags/example_subdag_operator.py for tasks to queue
[2022-08-02 23:32:31,354] {logging_mixin.py:115} INFO - [2022-08-02 23:32:31,354] {dagbag.py:508} INFO - Filling up the DagBag from /home/airflow/.local/lib/python3.7/site-packages/airflow/example_dags/example_subdag_operator.py
[2022-08-02 23:32:31,402] {processor.py:651} INFO - DAG(s) dict_keys(['example_subdag_operator.section-1', 'example_subdag_operator.section-2', 'example_subdag_operator']) retrieved from /home/airflow/.local/lib/python3.7/site-packages/airflow/example_dags/example_subdag_operator.py
[2022-08-02 23:32:31,486] {logging_mixin.py:115} INFO - [2022-08-02 23:32:31,486] {dag.py:2420} INFO - Sync 3 DAGs
[2022-08-02 23:32:31,523] {logging_mixin.py:115} INFO - [2022-08-02 23:32:31,523] {dag.py:2972} INFO - Setting next_dagrun for example_subdag_operator to 2022-01-01T00:00:00+00:00, run_after=2022-01-01T00:00:00+00:00
[2022-08-02 23:32:31,526] {logging_mixin.py:115} INFO - [2022-08-02 23:32:31,526] {dag.py:2972} INFO - Setting next_dagrun for example_subdag_operator.section-1 to None, run_after=None
[2022-08-02 23:32:31,532] {logging_mixin.py:115} INFO - [2022-08-02 23:32:31,532] {dag.py:2972} INFO - Setting next_dagrun for example_subdag_operator.section-2 to None, run_after=None
[2022-08-02 23:32:31,547] {logging_mixin.py:115} INFO - [2022-08-02 23:32:31,547] {dag.py:2420} INFO - Sync 2 DAGs
[2022-08-02 23:32:31,559] {logging_mixin.py:115} INFO - [2022-08-02 23:32:31,559] {dag.py:2972} INFO - Setting next_dagrun for example_subdag_operator.section-1 to None, run_after=None
[2022-08-02 23:32:31,563] {logging_mixin.py:115} INFO - [2022-08-02 23:32:31,563] {dag.py:2972} INFO - Setting next_dagrun for example_subdag_operator.section-2 to None, run_after=None
[2022-08-02 23:32:31,577] {processor.py:161} INFO - Processing /home/airflow/.local/lib/python3.7/site-packages/airflow/example_dags/example_subdag_operator.py took 0.233 seconds
[2022-08-02 23:33:01,823] {processor.py:153} INFO - Started process (PID=1213) to work on /home/airflow/.local/lib/python3.7/site-packages/airflow/example_dags/example_subdag_operator.py
[2022-08-02 23:33:01,830] {processor.py:641} INFO - Processing file /home/airflow/.local/lib/python3.7/site-packages/airflow/example_dags/example_subdag_operator.py for tasks to queue
[2022-08-02 23:33:01,836] {logging_mixin.py:115} INFO - [2022-08-02 23:33:01,836] {dagbag.py:508} INFO - Filling up the DagBag from /home/airflow/.local/lib/python3.7/site-packages/airflow/example_dags/example_subdag_operator.py
[2022-08-02 23:33:01,933] {processor.py:651} INFO - DAG(s) dict_keys(['example_subdag_operator.section-1', 'example_subdag_operator.section-2', 'example_subdag_operator']) retrieved from /home/airflow/.local/lib/python3.7/site-packages/airflow/example_dags/example_subdag_operator.py
[2022-08-02 23:33:02,017] {logging_mixin.py:115} INFO - [2022-08-02 23:33:02,016] {dag.py:2420} INFO - Sync 3 DAGs
[2022-08-02 23:33:02,076] {logging_mixin.py:115} INFO - [2022-08-02 23:33:02,076] {dag.py:2972} INFO - Setting next_dagrun for example_subdag_operator to 2022-01-01T00:00:00+00:00, run_after=2022-01-01T00:00:00+00:00
[2022-08-02 23:33:02,081] {logging_mixin.py:115} INFO - [2022-08-02 23:33:02,081] {dag.py:2972} INFO - Setting next_dagrun for example_subdag_operator.section-1 to None, run_after=None
[2022-08-02 23:33:02,094] {logging_mixin.py:115} INFO - [2022-08-02 23:33:02,093] {dag.py:2972} INFO - Setting next_dagrun for example_subdag_operator.section-2 to None, run_after=None
[2022-08-02 23:33:02,117] {logging_mixin.py:115} INFO - [2022-08-02 23:33:02,116] {dag.py:2420} INFO - Sync 2 DAGs
[2022-08-02 23:33:02,131] {logging_mixin.py:115} INFO - [2022-08-02 23:33:02,131] {dag.py:2972} INFO - Setting next_dagrun for example_subdag_operator.section-1 to None, run_after=None
[2022-08-02 23:33:02,135] {logging_mixin.py:115} INFO - [2022-08-02 23:33:02,135] {dag.py:2972} INFO - Setting next_dagrun for example_subdag_operator.section-2 to None, run_after=None
[2022-08-02 23:33:02,155] {processor.py:161} INFO - Processing /home/airflow/.local/lib/python3.7/site-packages/airflow/example_dags/example_subdag_operator.py took 0.340 seconds
[2022-08-02 23:33:33,012] {processor.py:153} INFO - Started process (PID=1264) to work on /home/airflow/.local/lib/python3.7/site-packages/airflow/example_dags/example_subdag_operator.py
[2022-08-02 23:33:33,026] {processor.py:641} INFO - Processing file /home/airflow/.local/lib/python3.7/site-packages/airflow/example_dags/example_subdag_operator.py for tasks to queue
[2022-08-02 23:33:33,029] {logging_mixin.py:115} INFO - [2022-08-02 23:33:33,029] {dagbag.py:508} INFO - Filling up the DagBag from /home/airflow/.local/lib/python3.7/site-packages/airflow/example_dags/example_subdag_operator.py
[2022-08-02 23:33:33,128] {processor.py:651} INFO - DAG(s) dict_keys(['example_subdag_operator.section-1', 'example_subdag_operator.section-2', 'example_subdag_operator']) retrieved from /home/airflow/.local/lib/python3.7/site-packages/airflow/example_dags/example_subdag_operator.py
[2022-08-02 23:33:33,634] {logging_mixin.py:115} INFO - [2022-08-02 23:33:33,634] {dag.py:2420} INFO - Sync 3 DAGs
[2022-08-02 23:33:33,724] {logging_mixin.py:115} INFO - [2022-08-02 23:33:33,724] {dag.py:2972} INFO - Setting next_dagrun for example_subdag_operator to 2022-01-01T00:00:00+00:00, run_after=2022-01-01T00:00:00+00:00
[2022-08-02 23:33:33,746] {logging_mixin.py:115} INFO - [2022-08-02 23:33:33,746] {dag.py:2972} INFO - Setting next_dagrun for example_subdag_operator.section-1 to None, run_after=None
[2022-08-02 23:33:33,755] {logging_mixin.py:115} INFO - [2022-08-02 23:33:33,755] {dag.py:2972} INFO - Setting next_dagrun for example_subdag_operator.section-2 to None, run_after=None
[2022-08-02 23:33:33,795] {logging_mixin.py:115} INFO - [2022-08-02 23:33:33,795] {dag.py:2420} INFO - Sync 2 DAGs
[2022-08-02 23:33:33,823] {logging_mixin.py:115} INFO - [2022-08-02 23:33:33,823] {dag.py:2972} INFO - Setting next_dagrun for example_subdag_operator.section-1 to None, run_after=None
[2022-08-02 23:33:33,826] {logging_mixin.py:115} INFO - [2022-08-02 23:33:33,826] {dag.py:2972} INFO - Setting next_dagrun for example_subdag_operator.section-2 to None, run_after=None
[2022-08-02 23:33:33,848] {processor.py:161} INFO - Processing /home/airflow/.local/lib/python3.7/site-packages/airflow/example_dags/example_subdag_operator.py took 0.892 seconds
[2022-08-02 23:34:04,578] {processor.py:153} INFO - Started process (PID=1322) to work on /home/airflow/.local/lib/python3.7/site-packages/airflow/example_dags/example_subdag_operator.py
[2022-08-02 23:34:04,607] {processor.py:641} INFO - Processing file /home/airflow/.local/lib/python3.7/site-packages/airflow/example_dags/example_subdag_operator.py for tasks to queue
[2022-08-02 23:34:04,618] {logging_mixin.py:115} INFO - [2022-08-02 23:34:04,618] {dagbag.py:508} INFO - Filling up the DagBag from /home/airflow/.local/lib/python3.7/site-packages/airflow/example_dags/example_subdag_operator.py
[2022-08-02 23:34:05,848] {processor.py:651} INFO - DAG(s) dict_keys(['example_subdag_operator.section-1', 'example_subdag_operator.section-2', 'example_subdag_operator']) retrieved from /home/airflow/.local/lib/python3.7/site-packages/airflow/example_dags/example_subdag_operator.py
[2022-08-02 23:34:06,046] {logging_mixin.py:115} INFO - [2022-08-02 23:34:06,046] {dag.py:2420} INFO - Sync 3 DAGs
[2022-08-02 23:34:06,244] {logging_mixin.py:115} INFO - [2022-08-02 23:34:06,244] {dag.py:2972} INFO - Setting next_dagrun for example_subdag_operator to 2022-01-01T00:00:00+00:00, run_after=2022-01-01T00:00:00+00:00
[2022-08-02 23:34:06,258] {logging_mixin.py:115} INFO - [2022-08-02 23:34:06,258] {dag.py:2972} INFO - Setting next_dagrun for example_subdag_operator.section-1 to None, run_after=None
[2022-08-02 23:34:06,264] {logging_mixin.py:115} INFO - [2022-08-02 23:34:06,264] {dag.py:2972} INFO - Setting next_dagrun for example_subdag_operator.section-2 to None, run_after=None
[2022-08-02 23:34:06,283] {logging_mixin.py:115} INFO - [2022-08-02 23:34:06,283] {dag.py:2420} INFO - Sync 2 DAGs
[2022-08-02 23:34:06,296] {logging_mixin.py:115} INFO - [2022-08-02 23:34:06,296] {dag.py:2972} INFO - Setting next_dagrun for example_subdag_operator.section-1 to None, run_after=None
[2022-08-02 23:34:06,313] {logging_mixin.py:115} INFO - [2022-08-02 23:34:06,313] {dag.py:2972} INFO - Setting next_dagrun for example_subdag_operator.section-2 to None, run_after=None
[2022-08-02 23:34:06,342] {processor.py:161} INFO - Processing /home/airflow/.local/lib/python3.7/site-packages/airflow/example_dags/example_subdag_operator.py took 1.840 seconds
[2022-08-02 23:34:36,683] {processor.py:153} INFO - Started process (PID=1377) to work on /home/airflow/.local/lib/python3.7/site-packages/airflow/example_dags/example_subdag_operator.py
[2022-08-02 23:34:36,686] {processor.py:641} INFO - Processing file /home/airflow/.local/lib/python3.7/site-packages/airflow/example_dags/example_subdag_operator.py for tasks to queue
[2022-08-02 23:34:36,689] {logging_mixin.py:115} INFO - [2022-08-02 23:34:36,689] {dagbag.py:508} INFO - Filling up the DagBag from /home/airflow/.local/lib/python3.7/site-packages/airflow/example_dags/example_subdag_operator.py
[2022-08-02 23:34:36,733] {processor.py:651} INFO - DAG(s) dict_keys(['example_subdag_operator.section-1', 'example_subdag_operator.section-2', 'example_subdag_operator']) retrieved from /home/airflow/.local/lib/python3.7/site-packages/airflow/example_dags/example_subdag_operator.py
[2022-08-02 23:34:36,791] {logging_mixin.py:115} INFO - [2022-08-02 23:34:36,791] {dag.py:2420} INFO - Sync 3 DAGs
[2022-08-02 23:34:36,819] {logging_mixin.py:115} INFO - [2022-08-02 23:34:36,819] {dag.py:2972} INFO - Setting next_dagrun for example_subdag_operator to 2022-01-01T00:00:00+00:00, run_after=2022-01-01T00:00:00+00:00
[2022-08-02 23:34:36,824] {logging_mixin.py:115} INFO - [2022-08-02 23:34:36,824] {dag.py:2972} INFO - Setting next_dagrun for example_subdag_operator.section-1 to None, run_after=None
[2022-08-02 23:34:36,827] {logging_mixin.py:115} INFO - [2022-08-02 23:34:36,826] {dag.py:2972} INFO - Setting next_dagrun for example_subdag_operator.section-2 to None, run_after=None
[2022-08-02 23:34:36,835] {logging_mixin.py:115} INFO - [2022-08-02 23:34:36,835] {dag.py:2420} INFO - Sync 2 DAGs
[2022-08-02 23:34:36,847] {logging_mixin.py:115} INFO - [2022-08-02 23:34:36,846] {dag.py:2972} INFO - Setting next_dagrun for example_subdag_operator.section-1 to None, run_after=None
[2022-08-02 23:34:36,849] {logging_mixin.py:115} INFO - [2022-08-02 23:34:36,849] {dag.py:2972} INFO - Setting next_dagrun for example_subdag_operator.section-2 to None, run_after=None
[2022-08-02 23:34:36,968] {processor.py:161} INFO - Processing /home/airflow/.local/lib/python3.7/site-packages/airflow/example_dags/example_subdag_operator.py took 0.290 seconds
[2022-08-02 23:35:22,018] {processor.py:153} INFO - Started process (PID=1440) to work on /home/airflow/.local/lib/python3.7/site-packages/airflow/example_dags/example_subdag_operator.py
[2022-08-02 23:35:22,035] {processor.py:641} INFO - Processing file /home/airflow/.local/lib/python3.7/site-packages/airflow/example_dags/example_subdag_operator.py for tasks to queue
[2022-08-02 23:35:22,047] {logging_mixin.py:115} INFO - [2022-08-02 23:35:22,047] {dagbag.py:508} INFO - Filling up the DagBag from /home/airflow/.local/lib/python3.7/site-packages/airflow/example_dags/example_subdag_operator.py
[2022-08-02 23:35:22,416] {processor.py:651} INFO - DAG(s) dict_keys(['example_subdag_operator.section-1', 'example_subdag_operator.section-2', 'example_subdag_operator']) retrieved from /home/airflow/.local/lib/python3.7/site-packages/airflow/example_dags/example_subdag_operator.py
[2022-08-02 23:35:23,060] {logging_mixin.py:115} INFO - [2022-08-02 23:35:23,059] {dag.py:2420} INFO - Sync 3 DAGs
[2022-08-02 23:35:23,231] {logging_mixin.py:115} INFO - [2022-08-02 23:35:23,231] {dag.py:2972} INFO - Setting next_dagrun for example_subdag_operator to 2022-01-01T00:00:00+00:00, run_after=2022-01-01T00:00:00+00:00
[2022-08-02 23:35:23,258] {logging_mixin.py:115} INFO - [2022-08-02 23:35:23,258] {dag.py:2972} INFO - Setting next_dagrun for example_subdag_operator.section-1 to None, run_after=None
[2022-08-02 23:35:23,278] {logging_mixin.py:115} INFO - [2022-08-02 23:35:23,278] {dag.py:2972} INFO - Setting next_dagrun for example_subdag_operator.section-2 to None, run_after=None
[2022-08-02 23:35:23,382] {logging_mixin.py:115} INFO - [2022-08-02 23:35:23,382] {dag.py:2420} INFO - Sync 2 DAGs
[2022-08-02 23:35:23,506] {logging_mixin.py:115} INFO - [2022-08-02 23:35:23,506] {dag.py:2972} INFO - Setting next_dagrun for example_subdag_operator.section-1 to None, run_after=None
[2022-08-02 23:35:23,527] {logging_mixin.py:115} INFO - [2022-08-02 23:35:23,527] {dag.py:2972} INFO - Setting next_dagrun for example_subdag_operator.section-2 to None, run_after=None
[2022-08-02 23:35:23,575] {processor.py:161} INFO - Processing /home/airflow/.local/lib/python3.7/site-packages/airflow/example_dags/example_subdag_operator.py took 1.569 seconds
[2022-08-02 23:35:54,270] {processor.py:153} INFO - Started process (PID=1493) to work on /home/airflow/.local/lib/python3.7/site-packages/airflow/example_dags/example_subdag_operator.py
[2022-08-02 23:35:54,273] {processor.py:641} INFO - Processing file /home/airflow/.local/lib/python3.7/site-packages/airflow/example_dags/example_subdag_operator.py for tasks to queue
[2022-08-02 23:35:54,275] {logging_mixin.py:115} INFO - [2022-08-02 23:35:54,275] {dagbag.py:508} INFO - Filling up the DagBag from /home/airflow/.local/lib/python3.7/site-packages/airflow/example_dags/example_subdag_operator.py
[2022-08-02 23:35:54,306] {processor.py:651} INFO - DAG(s) dict_keys(['example_subdag_operator.section-1', 'example_subdag_operator.section-2', 'example_subdag_operator']) retrieved from /home/airflow/.local/lib/python3.7/site-packages/airflow/example_dags/example_subdag_operator.py
[2022-08-02 23:35:54,339] {logging_mixin.py:115} INFO - [2022-08-02 23:35:54,339] {dag.py:2420} INFO - Sync 3 DAGs
[2022-08-02 23:35:54,358] {logging_mixin.py:115} INFO - [2022-08-02 23:35:54,358] {dag.py:2972} INFO - Setting next_dagrun for example_subdag_operator to 2022-01-01T00:00:00+00:00, run_after=2022-01-01T00:00:00+00:00
[2022-08-02 23:35:54,359] {logging_mixin.py:115} INFO - [2022-08-02 23:35:54,359] {dag.py:2972} INFO - Setting next_dagrun for example_subdag_operator.section-1 to None, run_after=None
[2022-08-02 23:35:54,361] {logging_mixin.py:115} INFO - [2022-08-02 23:35:54,361] {dag.py:2972} INFO - Setting next_dagrun for example_subdag_operator.section-2 to None, run_after=None
[2022-08-02 23:35:54,369] {logging_mixin.py:115} INFO - [2022-08-02 23:35:54,369] {dag.py:2420} INFO - Sync 2 DAGs
[2022-08-02 23:35:54,375] {logging_mixin.py:115} INFO - [2022-08-02 23:35:54,375] {dag.py:2972} INFO - Setting next_dagrun for example_subdag_operator.section-1 to None, run_after=None
[2022-08-02 23:35:54,377] {logging_mixin.py:115} INFO - [2022-08-02 23:35:54,377] {dag.py:2972} INFO - Setting next_dagrun for example_subdag_operator.section-2 to None, run_after=None
[2022-08-02 23:35:54,388] {processor.py:161} INFO - Processing /home/airflow/.local/lib/python3.7/site-packages/airflow/example_dags/example_subdag_operator.py took 0.120 seconds
[2022-08-02 23:36:24,754] {processor.py:153} INFO - Started process (PID=1546) to work on /home/airflow/.local/lib/python3.7/site-packages/airflow/example_dags/example_subdag_operator.py
[2022-08-02 23:36:24,758] {processor.py:641} INFO - Processing file /home/airflow/.local/lib/python3.7/site-packages/airflow/example_dags/example_subdag_operator.py for tasks to queue
[2022-08-02 23:36:24,764] {logging_mixin.py:115} INFO - [2022-08-02 23:36:24,764] {dagbag.py:508} INFO - Filling up the DagBag from /home/airflow/.local/lib/python3.7/site-packages/airflow/example_dags/example_subdag_operator.py
[2022-08-02 23:36:24,820] {processor.py:651} INFO - DAG(s) dict_keys(['example_subdag_operator.section-1', 'example_subdag_operator.section-2', 'example_subdag_operator']) retrieved from /home/airflow/.local/lib/python3.7/site-packages/airflow/example_dags/example_subdag_operator.py
[2022-08-02 23:36:24,944] {logging_mixin.py:115} INFO - [2022-08-02 23:36:24,944] {dag.py:2420} INFO - Sync 3 DAGs
[2022-08-02 23:36:25,003] {logging_mixin.py:115} INFO - [2022-08-02 23:36:25,003] {dag.py:2972} INFO - Setting next_dagrun for example_subdag_operator to 2022-01-01T00:00:00+00:00, run_after=2022-01-01T00:00:00+00:00
[2022-08-02 23:36:25,015] {logging_mixin.py:115} INFO - [2022-08-02 23:36:25,015] {dag.py:2972} INFO - Setting next_dagrun for example_subdag_operator.section-1 to None, run_after=None
[2022-08-02 23:36:25,033] {logging_mixin.py:115} INFO - [2022-08-02 23:36:25,033] {dag.py:2972} INFO - Setting next_dagrun for example_subdag_operator.section-2 to None, run_after=None
[2022-08-02 23:36:25,060] {logging_mixin.py:115} INFO - [2022-08-02 23:36:25,060] {dag.py:2420} INFO - Sync 2 DAGs
[2022-08-02 23:36:25,088] {logging_mixin.py:115} INFO - [2022-08-02 23:36:25,088] {dag.py:2972} INFO - Setting next_dagrun for example_subdag_operator.section-1 to None, run_after=None
[2022-08-02 23:36:25,100] {logging_mixin.py:115} INFO - [2022-08-02 23:36:25,099] {dag.py:2972} INFO - Setting next_dagrun for example_subdag_operator.section-2 to None, run_after=None
[2022-08-02 23:36:25,143] {processor.py:161} INFO - Processing /home/airflow/.local/lib/python3.7/site-packages/airflow/example_dags/example_subdag_operator.py took 0.394 seconds
[2022-08-02 23:36:56,058] {processor.py:153} INFO - Started process (PID=1608) to work on /home/airflow/.local/lib/python3.7/site-packages/airflow/example_dags/example_subdag_operator.py
[2022-08-02 23:36:56,061] {processor.py:641} INFO - Processing file /home/airflow/.local/lib/python3.7/site-packages/airflow/example_dags/example_subdag_operator.py for tasks to queue
[2022-08-02 23:36:56,063] {logging_mixin.py:115} INFO - [2022-08-02 23:36:56,063] {dagbag.py:508} INFO - Filling up the DagBag from /home/airflow/.local/lib/python3.7/site-packages/airflow/example_dags/example_subdag_operator.py
[2022-08-02 23:36:56,095] {processor.py:651} INFO - DAG(s) dict_keys(['example_subdag_operator.section-1', 'example_subdag_operator.section-2', 'example_subdag_operator']) retrieved from /home/airflow/.local/lib/python3.7/site-packages/airflow/example_dags/example_subdag_operator.py
[2022-08-02 23:36:56,166] {logging_mixin.py:115} INFO - [2022-08-02 23:36:56,165] {dag.py:2420} INFO - Sync 3 DAGs
[2022-08-02 23:36:56,193] {logging_mixin.py:115} INFO - [2022-08-02 23:36:56,192] {dag.py:2972} INFO - Setting next_dagrun for example_subdag_operator to 2022-01-01T00:00:00+00:00, run_after=2022-01-01T00:00:00+00:00
[2022-08-02 23:36:56,196] {logging_mixin.py:115} INFO - [2022-08-02 23:36:56,196] {dag.py:2972} INFO - Setting next_dagrun for example_subdag_operator.section-1 to None, run_after=None
[2022-08-02 23:36:56,199] {logging_mixin.py:115} INFO - [2022-08-02 23:36:56,199] {dag.py:2972} INFO - Setting next_dagrun for example_subdag_operator.section-2 to None, run_after=None
[2022-08-02 23:36:56,212] {logging_mixin.py:115} INFO - [2022-08-02 23:36:56,212] {dag.py:2420} INFO - Sync 2 DAGs
[2022-08-02 23:36:56,222] {logging_mixin.py:115} INFO - [2022-08-02 23:36:56,222] {dag.py:2972} INFO - Setting next_dagrun for example_subdag_operator.section-1 to None, run_after=None
[2022-08-02 23:36:56,225] {logging_mixin.py:115} INFO - [2022-08-02 23:36:56,225] {dag.py:2972} INFO - Setting next_dagrun for example_subdag_operator.section-2 to None, run_after=None
[2022-08-02 23:36:56,235] {processor.py:161} INFO - Processing /home/airflow/.local/lib/python3.7/site-packages/airflow/example_dags/example_subdag_operator.py took 0.180 seconds
[2022-08-02 23:37:26,701] {processor.py:153} INFO - Started process (PID=1667) to work on /home/airflow/.local/lib/python3.7/site-packages/airflow/example_dags/example_subdag_operator.py
[2022-08-02 23:37:26,710] {processor.py:641} INFO - Processing file /home/airflow/.local/lib/python3.7/site-packages/airflow/example_dags/example_subdag_operator.py for tasks to queue
[2022-08-02 23:37:26,713] {logging_mixin.py:115} INFO - [2022-08-02 23:37:26,713] {dagbag.py:508} INFO - Filling up the DagBag from /home/airflow/.local/lib/python3.7/site-packages/airflow/example_dags/example_subdag_operator.py
[2022-08-02 23:37:26,763] {processor.py:651} INFO - DAG(s) dict_keys(['example_subdag_operator.section-1', 'example_subdag_operator.section-2', 'example_subdag_operator']) retrieved from /home/airflow/.local/lib/python3.7/site-packages/airflow/example_dags/example_subdag_operator.py
[2022-08-02 23:37:26,817] {logging_mixin.py:115} INFO - [2022-08-02 23:37:26,817] {dag.py:2420} INFO - Sync 3 DAGs
[2022-08-02 23:37:26,843] {logging_mixin.py:115} INFO - [2022-08-02 23:37:26,843] {dag.py:2972} INFO - Setting next_dagrun for example_subdag_operator to 2022-01-01T00:00:00+00:00, run_after=2022-01-01T00:00:00+00:00
[2022-08-02 23:37:26,848] {logging_mixin.py:115} INFO - [2022-08-02 23:37:26,848] {dag.py:2972} INFO - Setting next_dagrun for example_subdag_operator.section-1 to None, run_after=None
[2022-08-02 23:37:26,853] {logging_mixin.py:115} INFO - [2022-08-02 23:37:26,852] {dag.py:2972} INFO - Setting next_dagrun for example_subdag_operator.section-2 to None, run_after=None
[2022-08-02 23:37:26,891] {logging_mixin.py:115} INFO - [2022-08-02 23:37:26,891] {dag.py:2420} INFO - Sync 2 DAGs
[2022-08-02 23:37:26,900] {logging_mixin.py:115} INFO - [2022-08-02 23:37:26,900] {dag.py:2972} INFO - Setting next_dagrun for example_subdag_operator.section-1 to None, run_after=None
[2022-08-02 23:37:26,904] {logging_mixin.py:115} INFO - [2022-08-02 23:37:26,904] {dag.py:2972} INFO - Setting next_dagrun for example_subdag_operator.section-2 to None, run_after=None
[2022-08-02 23:37:26,920] {processor.py:161} INFO - Processing /home/airflow/.local/lib/python3.7/site-packages/airflow/example_dags/example_subdag_operator.py took 0.225 seconds
[2022-08-02 23:37:56,998] {processor.py:153} INFO - Started process (PID=1721) to work on /home/airflow/.local/lib/python3.7/site-packages/airflow/example_dags/example_subdag_operator.py
[2022-08-02 23:37:57,001] {processor.py:641} INFO - Processing file /home/airflow/.local/lib/python3.7/site-packages/airflow/example_dags/example_subdag_operator.py for tasks to queue
[2022-08-02 23:37:57,002] {logging_mixin.py:115} INFO - [2022-08-02 23:37:57,002] {dagbag.py:508} INFO - Filling up the DagBag from /home/airflow/.local/lib/python3.7/site-packages/airflow/example_dags/example_subdag_operator.py
[2022-08-02 23:37:57,038] {processor.py:651} INFO - DAG(s) dict_keys(['example_subdag_operator.section-1', 'example_subdag_operator.section-2', 'example_subdag_operator']) retrieved from /home/airflow/.local/lib/python3.7/site-packages/airflow/example_dags/example_subdag_operator.py
[2022-08-02 23:37:57,098] {logging_mixin.py:115} INFO - [2022-08-02 23:37:57,098] {dag.py:2420} INFO - Sync 3 DAGs
[2022-08-02 23:37:57,120] {logging_mixin.py:115} INFO - [2022-08-02 23:37:57,120] {dag.py:2972} INFO - Setting next_dagrun for example_subdag_operator to 2022-01-01T00:00:00+00:00, run_after=2022-01-01T00:00:00+00:00
[2022-08-02 23:37:57,124] {logging_mixin.py:115} INFO - [2022-08-02 23:37:57,124] {dag.py:2972} INFO - Setting next_dagrun for example_subdag_operator.section-1 to None, run_after=None
[2022-08-02 23:37:57,126] {logging_mixin.py:115} INFO - [2022-08-02 23:37:57,126] {dag.py:2972} INFO - Setting next_dagrun for example_subdag_operator.section-2 to None, run_after=None
[2022-08-02 23:37:57,138] {logging_mixin.py:115} INFO - [2022-08-02 23:37:57,138] {dag.py:2420} INFO - Sync 2 DAGs
[2022-08-02 23:37:57,145] {logging_mixin.py:115} INFO - [2022-08-02 23:37:57,145] {dag.py:2972} INFO - Setting next_dagrun for example_subdag_operator.section-1 to None, run_after=None
[2022-08-02 23:37:57,150] {logging_mixin.py:115} INFO - [2022-08-02 23:37:57,149] {dag.py:2972} INFO - Setting next_dagrun for example_subdag_operator.section-2 to None, run_after=None
[2022-08-02 23:37:57,162] {processor.py:161} INFO - Processing /home/airflow/.local/lib/python3.7/site-packages/airflow/example_dags/example_subdag_operator.py took 0.170 seconds
[2022-08-02 23:38:27,484] {processor.py:153} INFO - Started process (PID=1782) to work on /home/airflow/.local/lib/python3.7/site-packages/airflow/example_dags/example_subdag_operator.py
[2022-08-02 23:38:27,486] {processor.py:641} INFO - Processing file /home/airflow/.local/lib/python3.7/site-packages/airflow/example_dags/example_subdag_operator.py for tasks to queue
[2022-08-02 23:38:27,489] {logging_mixin.py:115} INFO - [2022-08-02 23:38:27,489] {dagbag.py:508} INFO - Filling up the DagBag from /home/airflow/.local/lib/python3.7/site-packages/airflow/example_dags/example_subdag_operator.py
[2022-08-02 23:38:27,517] {processor.py:651} INFO - DAG(s) dict_keys(['example_subdag_operator.section-1', 'example_subdag_operator.section-2', 'example_subdag_operator']) retrieved from /home/airflow/.local/lib/python3.7/site-packages/airflow/example_dags/example_subdag_operator.py
[2022-08-02 23:38:27,547] {logging_mixin.py:115} INFO - [2022-08-02 23:38:27,547] {dag.py:2420} INFO - Sync 3 DAGs
[2022-08-02 23:38:27,565] {logging_mixin.py:115} INFO - [2022-08-02 23:38:27,565] {dag.py:2972} INFO - Setting next_dagrun for example_subdag_operator to 2022-01-01T00:00:00+00:00, run_after=2022-01-01T00:00:00+00:00
[2022-08-02 23:38:27,567] {logging_mixin.py:115} INFO - [2022-08-02 23:38:27,567] {dag.py:2972} INFO - Setting next_dagrun for example_subdag_operator.section-1 to None, run_after=None
[2022-08-02 23:38:27,569] {logging_mixin.py:115} INFO - [2022-08-02 23:38:27,569] {dag.py:2972} INFO - Setting next_dagrun for example_subdag_operator.section-2 to None, run_after=None
[2022-08-02 23:38:27,576] {logging_mixin.py:115} INFO - [2022-08-02 23:38:27,576] {dag.py:2420} INFO - Sync 2 DAGs
[2022-08-02 23:38:27,583] {logging_mixin.py:115} INFO - [2022-08-02 23:38:27,583] {dag.py:2972} INFO - Setting next_dagrun for example_subdag_operator.section-1 to None, run_after=None
[2022-08-02 23:38:27,586] {logging_mixin.py:115} INFO - [2022-08-02 23:38:27,586] {dag.py:2972} INFO - Setting next_dagrun for example_subdag_operator.section-2 to None, run_after=None
[2022-08-02 23:38:27,599] {processor.py:161} INFO - Processing /home/airflow/.local/lib/python3.7/site-packages/airflow/example_dags/example_subdag_operator.py took 0.120 seconds
[2022-08-02 23:38:57,761] {processor.py:153} INFO - Started process (PID=1834) to work on /home/airflow/.local/lib/python3.7/site-packages/airflow/example_dags/example_subdag_operator.py
[2022-08-02 23:38:57,766] {processor.py:641} INFO - Processing file /home/airflow/.local/lib/python3.7/site-packages/airflow/example_dags/example_subdag_operator.py for tasks to queue
[2022-08-02 23:38:57,770] {logging_mixin.py:115} INFO - [2022-08-02 23:38:57,770] {dagbag.py:508} INFO - Filling up the DagBag from /home/airflow/.local/lib/python3.7/site-packages/airflow/example_dags/example_subdag_operator.py
[2022-08-02 23:38:57,815] {processor.py:651} INFO - DAG(s) dict_keys(['example_subdag_operator.section-1', 'example_subdag_operator.section-2', 'example_subdag_operator']) retrieved from /home/airflow/.local/lib/python3.7/site-packages/airflow/example_dags/example_subdag_operator.py
[2022-08-02 23:38:57,912] {logging_mixin.py:115} INFO - [2022-08-02 23:38:57,912] {dag.py:2420} INFO - Sync 3 DAGs
[2022-08-02 23:38:57,951] {logging_mixin.py:115} INFO - [2022-08-02 23:38:57,950] {dag.py:2972} INFO - Setting next_dagrun for example_subdag_operator to 2022-01-01T00:00:00+00:00, run_after=2022-01-01T00:00:00+00:00
[2022-08-02 23:38:57,960] {logging_mixin.py:115} INFO - [2022-08-02 23:38:57,960] {dag.py:2972} INFO - Setting next_dagrun for example_subdag_operator.section-1 to None, run_after=None
[2022-08-02 23:38:57,969] {logging_mixin.py:115} INFO - [2022-08-02 23:38:57,968] {dag.py:2972} INFO - Setting next_dagrun for example_subdag_operator.section-2 to None, run_after=None
[2022-08-02 23:38:58,003] {logging_mixin.py:115} INFO - [2022-08-02 23:38:58,003] {dag.py:2420} INFO - Sync 2 DAGs
[2022-08-02 23:38:58,065] {logging_mixin.py:115} INFO - [2022-08-02 23:38:58,065] {dag.py:2972} INFO - Setting next_dagrun for example_subdag_operator.section-1 to None, run_after=None
[2022-08-02 23:38:58,075] {logging_mixin.py:115} INFO - [2022-08-02 23:38:58,075] {dag.py:2972} INFO - Setting next_dagrun for example_subdag_operator.section-2 to None, run_after=None
[2022-08-02 23:38:58,126] {processor.py:161} INFO - Processing /home/airflow/.local/lib/python3.7/site-packages/airflow/example_dags/example_subdag_operator.py took 0.370 seconds
[2022-08-02 23:39:28,352] {processor.py:153} INFO - Started process (PID=1896) to work on /home/airflow/.local/lib/python3.7/site-packages/airflow/example_dags/example_subdag_operator.py
[2022-08-02 23:39:28,362] {processor.py:641} INFO - Processing file /home/airflow/.local/lib/python3.7/site-packages/airflow/example_dags/example_subdag_operator.py for tasks to queue
[2022-08-02 23:39:28,366] {logging_mixin.py:115} INFO - [2022-08-02 23:39:28,366] {dagbag.py:508} INFO - Filling up the DagBag from /home/airflow/.local/lib/python3.7/site-packages/airflow/example_dags/example_subdag_operator.py
[2022-08-02 23:39:28,417] {processor.py:651} INFO - DAG(s) dict_keys(['example_subdag_operator.section-1', 'example_subdag_operator.section-2', 'example_subdag_operator']) retrieved from /home/airflow/.local/lib/python3.7/site-packages/airflow/example_dags/example_subdag_operator.py
[2022-08-02 23:39:28,486] {logging_mixin.py:115} INFO - [2022-08-02 23:39:28,486] {dag.py:2420} INFO - Sync 3 DAGs
[2022-08-02 23:39:28,514] {logging_mixin.py:115} INFO - [2022-08-02 23:39:28,513] {dag.py:2972} INFO - Setting next_dagrun for example_subdag_operator to 2022-01-01T00:00:00+00:00, run_after=2022-01-01T00:00:00+00:00
[2022-08-02 23:39:28,518] {logging_mixin.py:115} INFO - [2022-08-02 23:39:28,518] {dag.py:2972} INFO - Setting next_dagrun for example_subdag_operator.section-1 to None, run_after=None
[2022-08-02 23:39:28,523] {logging_mixin.py:115} INFO - [2022-08-02 23:39:28,523] {dag.py:2972} INFO - Setting next_dagrun for example_subdag_operator.section-2 to None, run_after=None
[2022-08-02 23:39:28,554] {logging_mixin.py:115} INFO - [2022-08-02 23:39:28,554] {dag.py:2420} INFO - Sync 2 DAGs
[2022-08-02 23:39:28,563] {logging_mixin.py:115} INFO - [2022-08-02 23:39:28,563] {dag.py:2972} INFO - Setting next_dagrun for example_subdag_operator.section-1 to None, run_after=None
[2022-08-02 23:39:28,566] {logging_mixin.py:115} INFO - [2022-08-02 23:39:28,565] {dag.py:2972} INFO - Setting next_dagrun for example_subdag_operator.section-2 to None, run_after=None
[2022-08-02 23:39:28,576] {processor.py:161} INFO - Processing /home/airflow/.local/lib/python3.7/site-packages/airflow/example_dags/example_subdag_operator.py took 0.233 seconds
[2022-08-02 23:39:58,808] {processor.py:153} INFO - Started process (PID=1946) to work on /home/airflow/.local/lib/python3.7/site-packages/airflow/example_dags/example_subdag_operator.py
[2022-08-02 23:39:58,811] {processor.py:641} INFO - Processing file /home/airflow/.local/lib/python3.7/site-packages/airflow/example_dags/example_subdag_operator.py for tasks to queue
[2022-08-02 23:39:58,815] {logging_mixin.py:115} INFO - [2022-08-02 23:39:58,815] {dagbag.py:508} INFO - Filling up the DagBag from /home/airflow/.local/lib/python3.7/site-packages/airflow/example_dags/example_subdag_operator.py
[2022-08-02 23:39:58,862] {processor.py:651} INFO - DAG(s) dict_keys(['example_subdag_operator.section-1', 'example_subdag_operator.section-2', 'example_subdag_operator']) retrieved from /home/airflow/.local/lib/python3.7/site-packages/airflow/example_dags/example_subdag_operator.py
[2022-08-02 23:39:58,894] {logging_mixin.py:115} INFO - [2022-08-02 23:39:58,894] {dag.py:2420} INFO - Sync 3 DAGs
[2022-08-02 23:39:58,912] {logging_mixin.py:115} INFO - [2022-08-02 23:39:58,912] {dag.py:2972} INFO - Setting next_dagrun for example_subdag_operator to 2022-01-01T00:00:00+00:00, run_after=2022-01-01T00:00:00+00:00
[2022-08-02 23:39:58,913] {logging_mixin.py:115} INFO - [2022-08-02 23:39:58,913] {dag.py:2972} INFO - Setting next_dagrun for example_subdag_operator.section-1 to None, run_after=None
[2022-08-02 23:39:58,915] {logging_mixin.py:115} INFO - [2022-08-02 23:39:58,915] {dag.py:2972} INFO - Setting next_dagrun for example_subdag_operator.section-2 to None, run_after=None
[2022-08-02 23:39:58,924] {logging_mixin.py:115} INFO - [2022-08-02 23:39:58,924] {dag.py:2420} INFO - Sync 2 DAGs
[2022-08-02 23:39:58,933] {logging_mixin.py:115} INFO - [2022-08-02 23:39:58,933] {dag.py:2972} INFO - Setting next_dagrun for example_subdag_operator.section-1 to None, run_after=None
[2022-08-02 23:39:58,934] {logging_mixin.py:115} INFO - [2022-08-02 23:39:58,934] {dag.py:2972} INFO - Setting next_dagrun for example_subdag_operator.section-2 to None, run_after=None
[2022-08-02 23:39:58,946] {processor.py:161} INFO - Processing /home/airflow/.local/lib/python3.7/site-packages/airflow/example_dags/example_subdag_operator.py took 0.141 seconds
[2022-08-02 23:40:29,359] {processor.py:153} INFO - Started process (PID=1998) to work on /home/airflow/.local/lib/python3.7/site-packages/airflow/example_dags/example_subdag_operator.py
[2022-08-02 23:40:29,362] {processor.py:641} INFO - Processing file /home/airflow/.local/lib/python3.7/site-packages/airflow/example_dags/example_subdag_operator.py for tasks to queue
[2022-08-02 23:40:29,365] {logging_mixin.py:115} INFO - [2022-08-02 23:40:29,365] {dagbag.py:508} INFO - Filling up the DagBag from /home/airflow/.local/lib/python3.7/site-packages/airflow/example_dags/example_subdag_operator.py
[2022-08-02 23:40:29,396] {processor.py:651} INFO - DAG(s) dict_keys(['example_subdag_operator.section-1', 'example_subdag_operator.section-2', 'example_subdag_operator']) retrieved from /home/airflow/.local/lib/python3.7/site-packages/airflow/example_dags/example_subdag_operator.py
[2022-08-02 23:40:29,426] {logging_mixin.py:115} INFO - [2022-08-02 23:40:29,426] {dag.py:2420} INFO - Sync 3 DAGs
[2022-08-02 23:40:29,448] {logging_mixin.py:115} INFO - [2022-08-02 23:40:29,448] {dag.py:2972} INFO - Setting next_dagrun for example_subdag_operator to 2022-01-01T00:00:00+00:00, run_after=2022-01-01T00:00:00+00:00
[2022-08-02 23:40:29,451] {logging_mixin.py:115} INFO - [2022-08-02 23:40:29,451] {dag.py:2972} INFO - Setting next_dagrun for example_subdag_operator.section-1 to None, run_after=None
[2022-08-02 23:40:29,452] {logging_mixin.py:115} INFO - [2022-08-02 23:40:29,452] {dag.py:2972} INFO - Setting next_dagrun for example_subdag_operator.section-2 to None, run_after=None
[2022-08-02 23:40:29,460] {logging_mixin.py:115} INFO - [2022-08-02 23:40:29,460] {dag.py:2420} INFO - Sync 2 DAGs
[2022-08-02 23:40:29,472] {logging_mixin.py:115} INFO - [2022-08-02 23:40:29,471] {dag.py:2972} INFO - Setting next_dagrun for example_subdag_operator.section-1 to None, run_after=None
[2022-08-02 23:40:29,474] {logging_mixin.py:115} INFO - [2022-08-02 23:40:29,474] {dag.py:2972} INFO - Setting next_dagrun for example_subdag_operator.section-2 to None, run_after=None
[2022-08-02 23:40:29,487] {processor.py:161} INFO - Processing /home/airflow/.local/lib/python3.7/site-packages/airflow/example_dags/example_subdag_operator.py took 0.132 seconds
[2022-08-02 23:40:59,806] {processor.py:153} INFO - Started process (PID=2057) to work on /home/airflow/.local/lib/python3.7/site-packages/airflow/example_dags/example_subdag_operator.py
[2022-08-02 23:40:59,812] {processor.py:641} INFO - Processing file /home/airflow/.local/lib/python3.7/site-packages/airflow/example_dags/example_subdag_operator.py for tasks to queue
[2022-08-02 23:40:59,822] {logging_mixin.py:115} INFO - [2022-08-02 23:40:59,821] {dagbag.py:508} INFO - Filling up the DagBag from /home/airflow/.local/lib/python3.7/site-packages/airflow/example_dags/example_subdag_operator.py
[2022-08-02 23:41:49,797] {processor.py:651} INFO - DAG(s) dict_keys(['example_subdag_operator.section-1', 'example_subdag_operator.section-2', 'example_subdag_operator']) retrieved from /home/airflow/.local/lib/python3.7/site-packages/airflow/example_dags/example_subdag_operator.py
[2022-08-02 23:41:49,857] {logging_mixin.py:115} INFO - [2022-08-02 23:41:49,857] {dag.py:2420} INFO - Sync 3 DAGs
[2022-08-02 23:41:49,881] {logging_mixin.py:115} INFO - [2022-08-02 23:41:49,881] {dag.py:2972} INFO - Setting next_dagrun for example_subdag_operator to 2022-01-01T00:00:00+00:00, run_after=2022-01-01T00:00:00+00:00
[2022-08-02 23:41:49,884] {logging_mixin.py:115} INFO - [2022-08-02 23:41:49,884] {dag.py:2972} INFO - Setting next_dagrun for example_subdag_operator.section-1 to None, run_after=None
[2022-08-02 23:41:49,887] {logging_mixin.py:115} INFO - [2022-08-02 23:41:49,887] {dag.py:2972} INFO - Setting next_dagrun for example_subdag_operator.section-2 to None, run_after=None
[2022-08-02 23:41:49,896] {logging_mixin.py:115} INFO - [2022-08-02 23:41:49,896] {dag.py:2420} INFO - Sync 2 DAGs
[2022-08-02 23:41:49,919] {logging_mixin.py:115} INFO - [2022-08-02 23:41:49,919] {dag.py:2972} INFO - Setting next_dagrun for example_subdag_operator.section-1 to None, run_after=None
[2022-08-02 23:41:49,924] {logging_mixin.py:115} INFO - [2022-08-02 23:41:49,924] {dag.py:2972} INFO - Setting next_dagrun for example_subdag_operator.section-2 to None, run_after=None
[2022-08-02 23:41:49,940] {processor.py:161} INFO - Processing /home/airflow/.local/lib/python3.7/site-packages/airflow/example_dags/example_subdag_operator.py took 0.248 seconds
[2022-08-02 23:41:56,074] {processor.py:153} INFO - Started process (PID=2084) to work on /home/airflow/.local/lib/python3.7/site-packages/airflow/example_dags/example_subdag_operator.py
[2022-08-02 23:41:56,077] {processor.py:641} INFO - Processing file /home/airflow/.local/lib/python3.7/site-packages/airflow/example_dags/example_subdag_operator.py for tasks to queue
[2022-08-02 23:41:56,081] {logging_mixin.py:115} INFO - [2022-08-02 23:41:56,080] {dagbag.py:508} INFO - Filling up the DagBag from /home/airflow/.local/lib/python3.7/site-packages/airflow/example_dags/example_subdag_operator.py
[2022-08-02 23:41:56,172] {processor.py:651} INFO - DAG(s) dict_keys(['example_subdag_operator.section-1', 'example_subdag_operator.section-2', 'example_subdag_operator']) retrieved from /home/airflow/.local/lib/python3.7/site-packages/airflow/example_dags/example_subdag_operator.py
[2022-08-02 23:41:56,224] {logging_mixin.py:115} INFO - [2022-08-02 23:41:56,224] {dag.py:2420} INFO - Sync 3 DAGs
[2022-08-02 23:41:56,244] {logging_mixin.py:115} INFO - [2022-08-02 23:41:56,244] {dag.py:2972} INFO - Setting next_dagrun for example_subdag_operator to 2022-01-01T00:00:00+00:00, run_after=2022-01-01T00:00:00+00:00
[2022-08-02 23:41:56,250] {logging_mixin.py:115} INFO - [2022-08-02 23:41:56,250] {dag.py:2972} INFO - Setting next_dagrun for example_subdag_operator.section-1 to None, run_after=None
[2022-08-02 23:41:56,257] {logging_mixin.py:115} INFO - [2022-08-02 23:41:56,256] {dag.py:2972} INFO - Setting next_dagrun for example_subdag_operator.section-2 to None, run_after=None
[2022-08-02 23:41:56,277] {logging_mixin.py:115} INFO - [2022-08-02 23:41:56,277] {dag.py:2420} INFO - Sync 2 DAGs
[2022-08-02 23:41:56,294] {logging_mixin.py:115} INFO - [2022-08-02 23:41:56,294] {dag.py:2972} INFO - Setting next_dagrun for example_subdag_operator.section-1 to None, run_after=None
[2022-08-02 23:41:56,308] {logging_mixin.py:115} INFO - [2022-08-02 23:41:56,307] {dag.py:2972} INFO - Setting next_dagrun for example_subdag_operator.section-2 to None, run_after=None
[2022-08-02 23:41:56,332] {processor.py:161} INFO - Processing /home/airflow/.local/lib/python3.7/site-packages/airflow/example_dags/example_subdag_operator.py took 0.264 seconds
[2022-08-02 23:55:25,098] {processor.py:153} INFO - Started process (PID=2134) to work on /home/airflow/.local/lib/python3.7/site-packages/airflow/example_dags/example_subdag_operator.py
[2022-08-02 23:55:25,106] {processor.py:641} INFO - Processing file /home/airflow/.local/lib/python3.7/site-packages/airflow/example_dags/example_subdag_operator.py for tasks to queue
[2022-08-02 23:55:25,115] {logging_mixin.py:115} INFO - [2022-08-02 23:55:25,115] {dagbag.py:508} INFO - Filling up the DagBag from /home/airflow/.local/lib/python3.7/site-packages/airflow/example_dags/example_subdag_operator.py
[2022-08-02 23:55:25,308] {processor.py:651} INFO - DAG(s) dict_keys(['example_subdag_operator.section-1', 'example_subdag_operator.section-2', 'example_subdag_operator']) retrieved from /home/airflow/.local/lib/python3.7/site-packages/airflow/example_dags/example_subdag_operator.py
[2022-08-02 23:55:25,437] {logging_mixin.py:115} INFO - [2022-08-02 23:55:25,437] {dag.py:2420} INFO - Sync 3 DAGs
[2022-08-02 23:55:25,474] {logging_mixin.py:115} INFO - [2022-08-02 23:55:25,474] {dag.py:2972} INFO - Setting next_dagrun for example_subdag_operator to 2022-01-01T00:00:00+00:00, run_after=2022-01-01T00:00:00+00:00
[2022-08-02 23:55:25,480] {logging_mixin.py:115} INFO - [2022-08-02 23:55:25,480] {dag.py:2972} INFO - Setting next_dagrun for example_subdag_operator.section-1 to None, run_after=None
[2022-08-02 23:55:25,482] {logging_mixin.py:115} INFO - [2022-08-02 23:55:25,482] {dag.py:2972} INFO - Setting next_dagrun for example_subdag_operator.section-2 to None, run_after=None
[2022-08-02 23:55:25,520] {logging_mixin.py:115} INFO - [2022-08-02 23:55:25,519] {dag.py:2420} INFO - Sync 2 DAGs
[2022-08-02 23:55:25,569] {logging_mixin.py:115} INFO - [2022-08-02 23:55:25,569] {dag.py:2972} INFO - Setting next_dagrun for example_subdag_operator.section-1 to None, run_after=None
[2022-08-02 23:55:25,578] {logging_mixin.py:115} INFO - [2022-08-02 23:55:25,578] {dag.py:2972} INFO - Setting next_dagrun for example_subdag_operator.section-2 to None, run_after=None
[2022-08-02 23:55:25,606] {processor.py:161} INFO - Processing /home/airflow/.local/lib/python3.7/site-packages/airflow/example_dags/example_subdag_operator.py took 0.523 seconds
[2022-08-02 23:55:58,825] {processor.py:153} INFO - Started process (PID=2194) to work on /home/airflow/.local/lib/python3.7/site-packages/airflow/example_dags/example_subdag_operator.py
[2022-08-02 23:55:58,830] {processor.py:641} INFO - Processing file /home/airflow/.local/lib/python3.7/site-packages/airflow/example_dags/example_subdag_operator.py for tasks to queue
[2022-08-02 23:55:58,838] {logging_mixin.py:115} INFO - [2022-08-02 23:55:58,838] {dagbag.py:508} INFO - Filling up the DagBag from /home/airflow/.local/lib/python3.7/site-packages/airflow/example_dags/example_subdag_operator.py
[2022-08-02 23:55:58,908] {processor.py:651} INFO - DAG(s) dict_keys(['example_subdag_operator.section-1', 'example_subdag_operator.section-2', 'example_subdag_operator']) retrieved from /home/airflow/.local/lib/python3.7/site-packages/airflow/example_dags/example_subdag_operator.py
[2022-08-02 23:55:59,054] {logging_mixin.py:115} INFO - [2022-08-02 23:55:59,054] {dag.py:2420} INFO - Sync 3 DAGs
[2022-08-02 23:55:59,260] {logging_mixin.py:115} INFO - [2022-08-02 23:55:59,260] {dag.py:2972} INFO - Setting next_dagrun for example_subdag_operator to 2022-01-01T00:00:00+00:00, run_after=2022-01-01T00:00:00+00:00
[2022-08-02 23:55:59,269] {logging_mixin.py:115} INFO - [2022-08-02 23:55:59,268] {dag.py:2972} INFO - Setting next_dagrun for example_subdag_operator.section-1 to None, run_after=None
[2022-08-02 23:55:59,275] {logging_mixin.py:115} INFO - [2022-08-02 23:55:59,275] {dag.py:2972} INFO - Setting next_dagrun for example_subdag_operator.section-2 to None, run_after=None
[2022-08-02 23:55:59,321] {logging_mixin.py:115} INFO - [2022-08-02 23:55:59,320] {dag.py:2420} INFO - Sync 2 DAGs
[2022-08-02 23:55:59,351] {logging_mixin.py:115} INFO - [2022-08-02 23:55:59,351] {dag.py:2972} INFO - Setting next_dagrun for example_subdag_operator.section-1 to None, run_after=None
[2022-08-02 23:55:59,368] {logging_mixin.py:115} INFO - [2022-08-02 23:55:59,368] {dag.py:2972} INFO - Setting next_dagrun for example_subdag_operator.section-2 to None, run_after=None
[2022-08-02 23:55:59,412] {processor.py:161} INFO - Processing /home/airflow/.local/lib/python3.7/site-packages/airflow/example_dags/example_subdag_operator.py took 0.596 seconds
