[2022-08-02 23:21:50,354] {processor.py:153} INFO - Started process (PID=55) to work on /home/airflow/.local/lib/python3.7/site-packages/airflow/example_dags/example_nested_branch_dag.py
[2022-08-02 23:21:50,369] {processor.py:641} INFO - Processing file /home/airflow/.local/lib/python3.7/site-packages/airflow/example_dags/example_nested_branch_dag.py for tasks to queue
[2022-08-02 23:21:50,377] {logging_mixin.py:115} INFO - [2022-08-02 23:21:50,377] {dagbag.py:508} INFO - Filling up the DagBag from /home/airflow/.local/lib/python3.7/site-packages/airflow/example_dags/example_nested_branch_dag.py
[2022-08-02 23:21:50,449] {processor.py:651} INFO - DAG(s) dict_keys(['example_nested_branch_dag']) retrieved from /home/airflow/.local/lib/python3.7/site-packages/airflow/example_dags/example_nested_branch_dag.py
[2022-08-02 23:21:50,580] {logging_mixin.py:115} INFO - [2022-08-02 23:21:50,580] {manager.py:508} INFO - Created Permission View: can read on DAG:example_nested_branch_dag
[2022-08-02 23:21:50,610] {logging_mixin.py:115} INFO - [2022-08-02 23:21:50,610] {manager.py:508} INFO - Created Permission View: can edit on DAG:example_nested_branch_dag
[2022-08-02 23:21:50,648] {logging_mixin.py:115} INFO - [2022-08-02 23:21:50,648] {manager.py:508} INFO - Created Permission View: can delete on DAG:example_nested_branch_dag
[2022-08-02 23:21:50,668] {logging_mixin.py:115} INFO - [2022-08-02 23:21:50,668] {dag.py:2420} INFO - Sync 1 DAGs
[2022-08-02 23:21:50,717] {logging_mixin.py:115} INFO - [2022-08-02 23:21:50,716] {dag.py:2439} INFO - Creating ORM DAG for example_nested_branch_dag
[2022-08-02 23:21:50,758] {logging_mixin.py:115} INFO - [2022-08-02 23:21:50,758] {dag.py:2972} INFO - Setting next_dagrun for example_nested_branch_dag to 2022-08-01T00:00:00+00:00, run_after=2022-08-02T00:00:00+00:00
[2022-08-02 23:21:50,823] {processor.py:161} INFO - Processing /home/airflow/.local/lib/python3.7/site-packages/airflow/example_dags/example_nested_branch_dag.py took 0.485 seconds
[2022-08-02 23:22:21,871] {processor.py:153} INFO - Started process (PID=107) to work on /home/airflow/.local/lib/python3.7/site-packages/airflow/example_dags/example_nested_branch_dag.py
[2022-08-02 23:22:21,948] {processor.py:641} INFO - Processing file /home/airflow/.local/lib/python3.7/site-packages/airflow/example_dags/example_nested_branch_dag.py for tasks to queue
[2022-08-02 23:22:21,961] {logging_mixin.py:115} INFO - [2022-08-02 23:22:21,961] {dagbag.py:508} INFO - Filling up the DagBag from /home/airflow/.local/lib/python3.7/site-packages/airflow/example_dags/example_nested_branch_dag.py
[2022-08-02 23:22:22,065] {processor.py:651} INFO - DAG(s) dict_keys(['example_nested_branch_dag']) retrieved from /home/airflow/.local/lib/python3.7/site-packages/airflow/example_dags/example_nested_branch_dag.py
[2022-08-02 23:22:22,234] {logging_mixin.py:115} INFO - [2022-08-02 23:22:22,233] {dag.py:2420} INFO - Sync 1 DAGs
[2022-08-02 23:22:22,325] {logging_mixin.py:115} INFO - [2022-08-02 23:22:22,325] {dag.py:2972} INFO - Setting next_dagrun for example_nested_branch_dag to 2022-08-01T00:00:00+00:00, run_after=2022-08-02T00:00:00+00:00
[2022-08-02 23:22:22,405] {processor.py:161} INFO - Processing /home/airflow/.local/lib/python3.7/site-packages/airflow/example_dags/example_nested_branch_dag.py took 0.540 seconds
[2022-08-02 23:22:53,342] {processor.py:153} INFO - Started process (PID=158) to work on /home/airflow/.local/lib/python3.7/site-packages/airflow/example_dags/example_nested_branch_dag.py
[2022-08-02 23:22:53,349] {processor.py:641} INFO - Processing file /home/airflow/.local/lib/python3.7/site-packages/airflow/example_dags/example_nested_branch_dag.py for tasks to queue
[2022-08-02 23:22:53,358] {logging_mixin.py:115} INFO - [2022-08-02 23:22:53,358] {dagbag.py:508} INFO - Filling up the DagBag from /home/airflow/.local/lib/python3.7/site-packages/airflow/example_dags/example_nested_branch_dag.py
[2022-08-02 23:22:53,377] {processor.py:651} INFO - DAG(s) dict_keys(['example_nested_branch_dag']) retrieved from /home/airflow/.local/lib/python3.7/site-packages/airflow/example_dags/example_nested_branch_dag.py
[2022-08-02 23:22:53,479] {logging_mixin.py:115} INFO - [2022-08-02 23:22:53,479] {dag.py:2420} INFO - Sync 1 DAGs
[2022-08-02 23:22:53,528] {logging_mixin.py:115} INFO - [2022-08-02 23:22:53,528] {dag.py:2972} INFO - Setting next_dagrun for example_nested_branch_dag to 2022-08-01T00:00:00+00:00, run_after=2022-08-02T00:00:00+00:00
[2022-08-02 23:22:53,552] {processor.py:161} INFO - Processing /home/airflow/.local/lib/python3.7/site-packages/airflow/example_dags/example_nested_branch_dag.py took 0.219 seconds
[2022-08-02 23:23:24,292] {processor.py:153} INFO - Started process (PID=211) to work on /home/airflow/.local/lib/python3.7/site-packages/airflow/example_dags/example_nested_branch_dag.py
[2022-08-02 23:23:24,294] {processor.py:641} INFO - Processing file /home/airflow/.local/lib/python3.7/site-packages/airflow/example_dags/example_nested_branch_dag.py for tasks to queue
[2022-08-02 23:23:24,297] {logging_mixin.py:115} INFO - [2022-08-02 23:23:24,297] {dagbag.py:508} INFO - Filling up the DagBag from /home/airflow/.local/lib/python3.7/site-packages/airflow/example_dags/example_nested_branch_dag.py
[2022-08-02 23:23:24,311] {processor.py:651} INFO - DAG(s) dict_keys(['example_nested_branch_dag']) retrieved from /home/airflow/.local/lib/python3.7/site-packages/airflow/example_dags/example_nested_branch_dag.py
[2022-08-02 23:23:24,343] {logging_mixin.py:115} INFO - [2022-08-02 23:23:24,343] {dag.py:2420} INFO - Sync 1 DAGs
[2022-08-02 23:23:24,366] {logging_mixin.py:115} INFO - [2022-08-02 23:23:24,366] {dag.py:2972} INFO - Setting next_dagrun for example_nested_branch_dag to 2022-08-01T00:00:00+00:00, run_after=2022-08-02T00:00:00+00:00
[2022-08-02 23:23:24,381] {processor.py:161} INFO - Processing /home/airflow/.local/lib/python3.7/site-packages/airflow/example_dags/example_nested_branch_dag.py took 0.092 seconds
[2022-08-02 23:23:54,969] {processor.py:153} INFO - Started process (PID=264) to work on /home/airflow/.local/lib/python3.7/site-packages/airflow/example_dags/example_nested_branch_dag.py
[2022-08-02 23:23:54,977] {processor.py:641} INFO - Processing file /home/airflow/.local/lib/python3.7/site-packages/airflow/example_dags/example_nested_branch_dag.py for tasks to queue
[2022-08-02 23:23:54,985] {logging_mixin.py:115} INFO - [2022-08-02 23:23:54,985] {dagbag.py:508} INFO - Filling up the DagBag from /home/airflow/.local/lib/python3.7/site-packages/airflow/example_dags/example_nested_branch_dag.py
[2022-08-02 23:23:55,016] {processor.py:651} INFO - DAG(s) dict_keys(['example_nested_branch_dag']) retrieved from /home/airflow/.local/lib/python3.7/site-packages/airflow/example_dags/example_nested_branch_dag.py
[2022-08-02 23:23:55,079] {logging_mixin.py:115} INFO - [2022-08-02 23:23:55,078] {dag.py:2420} INFO - Sync 1 DAGs
[2022-08-02 23:23:55,128] {logging_mixin.py:115} INFO - [2022-08-02 23:23:55,126] {dag.py:2972} INFO - Setting next_dagrun for example_nested_branch_dag to 2022-08-01T00:00:00+00:00, run_after=2022-08-02T00:00:00+00:00
[2022-08-02 23:23:55,184] {processor.py:161} INFO - Processing /home/airflow/.local/lib/python3.7/site-packages/airflow/example_dags/example_nested_branch_dag.py took 0.224 seconds
[2022-08-02 23:24:26,652] {processor.py:153} INFO - Started process (PID=324) to work on /home/airflow/.local/lib/python3.7/site-packages/airflow/example_dags/example_nested_branch_dag.py
[2022-08-02 23:24:26,683] {processor.py:641} INFO - Processing file /home/airflow/.local/lib/python3.7/site-packages/airflow/example_dags/example_nested_branch_dag.py for tasks to queue
[2022-08-02 23:24:26,698] {logging_mixin.py:115} INFO - [2022-08-02 23:24:26,698] {dagbag.py:508} INFO - Filling up the DagBag from /home/airflow/.local/lib/python3.7/site-packages/airflow/example_dags/example_nested_branch_dag.py
[2022-08-02 23:24:26,764] {processor.py:651} INFO - DAG(s) dict_keys(['example_nested_branch_dag']) retrieved from /home/airflow/.local/lib/python3.7/site-packages/airflow/example_dags/example_nested_branch_dag.py
[2022-08-02 23:24:26,914] {logging_mixin.py:115} INFO - [2022-08-02 23:24:26,914] {dag.py:2420} INFO - Sync 1 DAGs
[2022-08-02 23:24:26,999] {logging_mixin.py:115} INFO - [2022-08-02 23:24:26,998] {dag.py:2972} INFO - Setting next_dagrun for example_nested_branch_dag to 2022-08-01T00:00:00+00:00, run_after=2022-08-02T00:00:00+00:00
[2022-08-02 23:24:27,054] {processor.py:161} INFO - Processing /home/airflow/.local/lib/python3.7/site-packages/airflow/example_dags/example_nested_branch_dag.py took 0.429 seconds
[2022-08-02 23:24:58,249] {processor.py:153} INFO - Started process (PID=373) to work on /home/airflow/.local/lib/python3.7/site-packages/airflow/example_dags/example_nested_branch_dag.py
[2022-08-02 23:24:58,305] {processor.py:641} INFO - Processing file /home/airflow/.local/lib/python3.7/site-packages/airflow/example_dags/example_nested_branch_dag.py for tasks to queue
[2022-08-02 23:24:58,482] {logging_mixin.py:115} INFO - [2022-08-02 23:24:58,477] {dagbag.py:508} INFO - Filling up the DagBag from /home/airflow/.local/lib/python3.7/site-packages/airflow/example_dags/example_nested_branch_dag.py
[2022-08-02 23:24:58,762] {processor.py:651} INFO - DAG(s) dict_keys(['example_nested_branch_dag']) retrieved from /home/airflow/.local/lib/python3.7/site-packages/airflow/example_dags/example_nested_branch_dag.py
[2022-08-02 23:24:59,503] {logging_mixin.py:115} INFO - [2022-08-02 23:24:59,502] {dag.py:2420} INFO - Sync 1 DAGs
[2022-08-02 23:24:59,857] {logging_mixin.py:115} INFO - [2022-08-02 23:24:59,857] {dag.py:2972} INFO - Setting next_dagrun for example_nested_branch_dag to 2022-08-01T00:00:00+00:00, run_after=2022-08-02T00:00:00+00:00
[2022-08-02 23:25:00,001] {processor.py:161} INFO - Processing /home/airflow/.local/lib/python3.7/site-packages/airflow/example_dags/example_nested_branch_dag.py took 1.785 seconds
[2022-08-02 23:25:30,237] {processor.py:153} INFO - Started process (PID=418) to work on /home/airflow/.local/lib/python3.7/site-packages/airflow/example_dags/example_nested_branch_dag.py
[2022-08-02 23:25:30,239] {processor.py:641} INFO - Processing file /home/airflow/.local/lib/python3.7/site-packages/airflow/example_dags/example_nested_branch_dag.py for tasks to queue
[2022-08-02 23:25:30,247] {logging_mixin.py:115} INFO - [2022-08-02 23:25:30,247] {dagbag.py:508} INFO - Filling up the DagBag from /home/airflow/.local/lib/python3.7/site-packages/airflow/example_dags/example_nested_branch_dag.py
[2022-08-02 23:25:30,260] {processor.py:651} INFO - DAG(s) dict_keys(['example_nested_branch_dag']) retrieved from /home/airflow/.local/lib/python3.7/site-packages/airflow/example_dags/example_nested_branch_dag.py
[2022-08-02 23:25:30,291] {logging_mixin.py:115} INFO - [2022-08-02 23:25:30,291] {dag.py:2420} INFO - Sync 1 DAGs
[2022-08-02 23:25:30,311] {logging_mixin.py:115} INFO - [2022-08-02 23:25:30,311] {dag.py:2972} INFO - Setting next_dagrun for example_nested_branch_dag to 2022-08-01T00:00:00+00:00, run_after=2022-08-02T00:00:00+00:00
[2022-08-02 23:25:30,331] {processor.py:161} INFO - Processing /home/airflow/.local/lib/python3.7/site-packages/airflow/example_dags/example_nested_branch_dag.py took 0.099 seconds
[2022-08-02 23:26:01,432] {processor.py:153} INFO - Started process (PID=479) to work on /home/airflow/.local/lib/python3.7/site-packages/airflow/example_dags/example_nested_branch_dag.py
[2022-08-02 23:26:01,442] {processor.py:641} INFO - Processing file /home/airflow/.local/lib/python3.7/site-packages/airflow/example_dags/example_nested_branch_dag.py for tasks to queue
[2022-08-02 23:26:01,452] {logging_mixin.py:115} INFO - [2022-08-02 23:26:01,452] {dagbag.py:508} INFO - Filling up the DagBag from /home/airflow/.local/lib/python3.7/site-packages/airflow/example_dags/example_nested_branch_dag.py
[2022-08-02 23:26:01,533] {processor.py:651} INFO - DAG(s) dict_keys(['example_nested_branch_dag']) retrieved from /home/airflow/.local/lib/python3.7/site-packages/airflow/example_dags/example_nested_branch_dag.py
[2022-08-02 23:26:01,818] {logging_mixin.py:115} INFO - [2022-08-02 23:26:01,818] {dag.py:2420} INFO - Sync 1 DAGs
[2022-08-02 23:26:02,005] {logging_mixin.py:115} INFO - [2022-08-02 23:26:02,003] {dag.py:2972} INFO - Setting next_dagrun for example_nested_branch_dag to 2022-08-01T00:00:00+00:00, run_after=2022-08-02T00:00:00+00:00
[2022-08-02 23:26:02,059] {processor.py:161} INFO - Processing /home/airflow/.local/lib/python3.7/site-packages/airflow/example_dags/example_nested_branch_dag.py took 0.647 seconds
[2022-08-02 23:26:32,543] {processor.py:153} INFO - Started process (PID=532) to work on /home/airflow/.local/lib/python3.7/site-packages/airflow/example_dags/example_nested_branch_dag.py
[2022-08-02 23:26:32,546] {processor.py:641} INFO - Processing file /home/airflow/.local/lib/python3.7/site-packages/airflow/example_dags/example_nested_branch_dag.py for tasks to queue
[2022-08-02 23:26:32,548] {logging_mixin.py:115} INFO - [2022-08-02 23:26:32,548] {dagbag.py:508} INFO - Filling up the DagBag from /home/airflow/.local/lib/python3.7/site-packages/airflow/example_dags/example_nested_branch_dag.py
[2022-08-02 23:26:32,570] {processor.py:651} INFO - DAG(s) dict_keys(['example_nested_branch_dag']) retrieved from /home/airflow/.local/lib/python3.7/site-packages/airflow/example_dags/example_nested_branch_dag.py
[2022-08-02 23:26:32,646] {logging_mixin.py:115} INFO - [2022-08-02 23:26:32,646] {dag.py:2420} INFO - Sync 1 DAGs
[2022-08-02 23:26:32,701] {logging_mixin.py:115} INFO - [2022-08-02 23:26:32,701] {dag.py:2972} INFO - Setting next_dagrun for example_nested_branch_dag to 2022-08-01T00:00:00+00:00, run_after=2022-08-02T00:00:00+00:00
[2022-08-02 23:26:32,726] {processor.py:161} INFO - Processing /home/airflow/.local/lib/python3.7/site-packages/airflow/example_dags/example_nested_branch_dag.py took 0.189 seconds
[2022-08-02 23:27:05,000] {processor.py:153} INFO - Started process (PID=583) to work on /home/airflow/.local/lib/python3.7/site-packages/airflow/example_dags/example_nested_branch_dag.py
[2022-08-02 23:27:05,386] {processor.py:641} INFO - Processing file /home/airflow/.local/lib/python3.7/site-packages/airflow/example_dags/example_nested_branch_dag.py for tasks to queue
[2022-08-02 23:27:05,517] {logging_mixin.py:115} INFO - [2022-08-02 23:27:05,481] {dagbag.py:508} INFO - Filling up the DagBag from /home/airflow/.local/lib/python3.7/site-packages/airflow/example_dags/example_nested_branch_dag.py
[2022-08-02 23:27:06,071] {processor.py:651} INFO - DAG(s) dict_keys(['example_nested_branch_dag']) retrieved from /home/airflow/.local/lib/python3.7/site-packages/airflow/example_dags/example_nested_branch_dag.py
[2022-08-02 23:27:06,616] {logging_mixin.py:115} INFO - [2022-08-02 23:27:06,616] {dag.py:2420} INFO - Sync 1 DAGs
[2022-08-02 23:27:06,799] {logging_mixin.py:115} INFO - [2022-08-02 23:27:06,799] {dag.py:2972} INFO - Setting next_dagrun for example_nested_branch_dag to 2022-08-01T00:00:00+00:00, run_after=2022-08-02T00:00:00+00:00
[2022-08-02 23:27:06,985] {processor.py:161} INFO - Processing /home/airflow/.local/lib/python3.7/site-packages/airflow/example_dags/example_nested_branch_dag.py took 2.032 seconds
[2022-08-02 23:27:38,550] {processor.py:153} INFO - Started process (PID=643) to work on /home/airflow/.local/lib/python3.7/site-packages/airflow/example_dags/example_nested_branch_dag.py
[2022-08-02 23:27:38,563] {processor.py:641} INFO - Processing file /home/airflow/.local/lib/python3.7/site-packages/airflow/example_dags/example_nested_branch_dag.py for tasks to queue
[2022-08-02 23:27:38,595] {logging_mixin.py:115} INFO - [2022-08-02 23:27:38,595] {dagbag.py:508} INFO - Filling up the DagBag from /home/airflow/.local/lib/python3.7/site-packages/airflow/example_dags/example_nested_branch_dag.py
[2022-08-02 23:27:38,752] {processor.py:651} INFO - DAG(s) dict_keys(['example_nested_branch_dag']) retrieved from /home/airflow/.local/lib/python3.7/site-packages/airflow/example_dags/example_nested_branch_dag.py
[2022-08-02 23:27:38,822] {logging_mixin.py:115} INFO - [2022-08-02 23:27:38,822] {dag.py:2420} INFO - Sync 1 DAGs
[2022-08-02 23:27:38,912] {logging_mixin.py:115} INFO - [2022-08-02 23:27:38,912] {dag.py:2972} INFO - Setting next_dagrun for example_nested_branch_dag to 2022-08-01T00:00:00+00:00, run_after=2022-08-02T00:00:00+00:00
[2022-08-02 23:27:38,935] {processor.py:161} INFO - Processing /home/airflow/.local/lib/python3.7/site-packages/airflow/example_dags/example_nested_branch_dag.py took 0.414 seconds
[2022-08-02 23:28:09,229] {processor.py:153} INFO - Started process (PID=694) to work on /home/airflow/.local/lib/python3.7/site-packages/airflow/example_dags/example_nested_branch_dag.py
[2022-08-02 23:28:09,241] {processor.py:641} INFO - Processing file /home/airflow/.local/lib/python3.7/site-packages/airflow/example_dags/example_nested_branch_dag.py for tasks to queue
[2022-08-02 23:28:09,251] {logging_mixin.py:115} INFO - [2022-08-02 23:28:09,250] {dagbag.py:508} INFO - Filling up the DagBag from /home/airflow/.local/lib/python3.7/site-packages/airflow/example_dags/example_nested_branch_dag.py
[2022-08-02 23:28:09,363] {processor.py:651} INFO - DAG(s) dict_keys(['example_nested_branch_dag']) retrieved from /home/airflow/.local/lib/python3.7/site-packages/airflow/example_dags/example_nested_branch_dag.py
[2022-08-02 23:28:09,478] {logging_mixin.py:115} INFO - [2022-08-02 23:28:09,478] {dag.py:2420} INFO - Sync 1 DAGs
[2022-08-02 23:28:09,530] {logging_mixin.py:115} INFO - [2022-08-02 23:28:09,529] {dag.py:2972} INFO - Setting next_dagrun for example_nested_branch_dag to 2022-08-01T00:00:00+00:00, run_after=2022-08-02T00:00:00+00:00
[2022-08-02 23:28:09,569] {processor.py:161} INFO - Processing /home/airflow/.local/lib/python3.7/site-packages/airflow/example_dags/example_nested_branch_dag.py took 0.358 seconds
[2022-08-02 23:28:39,963] {processor.py:153} INFO - Started process (PID=747) to work on /home/airflow/.local/lib/python3.7/site-packages/airflow/example_dags/example_nested_branch_dag.py
[2022-08-02 23:28:39,978] {processor.py:641} INFO - Processing file /home/airflow/.local/lib/python3.7/site-packages/airflow/example_dags/example_nested_branch_dag.py for tasks to queue
[2022-08-02 23:28:39,988] {logging_mixin.py:115} INFO - [2022-08-02 23:28:39,988] {dagbag.py:508} INFO - Filling up the DagBag from /home/airflow/.local/lib/python3.7/site-packages/airflow/example_dags/example_nested_branch_dag.py
[2022-08-02 23:28:40,066] {processor.py:651} INFO - DAG(s) dict_keys(['example_nested_branch_dag']) retrieved from /home/airflow/.local/lib/python3.7/site-packages/airflow/example_dags/example_nested_branch_dag.py
[2022-08-02 23:28:40,200] {logging_mixin.py:115} INFO - [2022-08-02 23:28:40,199] {dag.py:2420} INFO - Sync 1 DAGs
[2022-08-02 23:28:40,233] {logging_mixin.py:115} INFO - [2022-08-02 23:28:40,233] {dag.py:2972} INFO - Setting next_dagrun for example_nested_branch_dag to 2022-08-01T00:00:00+00:00, run_after=2022-08-02T00:00:00+00:00
[2022-08-02 23:28:40,263] {processor.py:161} INFO - Processing /home/airflow/.local/lib/python3.7/site-packages/airflow/example_dags/example_nested_branch_dag.py took 0.321 seconds
[2022-08-02 23:29:10,600] {processor.py:153} INFO - Started process (PID=798) to work on /home/airflow/.local/lib/python3.7/site-packages/airflow/example_dags/example_nested_branch_dag.py
[2022-08-02 23:29:10,609] {processor.py:641} INFO - Processing file /home/airflow/.local/lib/python3.7/site-packages/airflow/example_dags/example_nested_branch_dag.py for tasks to queue
[2022-08-02 23:29:10,616] {logging_mixin.py:115} INFO - [2022-08-02 23:29:10,616] {dagbag.py:508} INFO - Filling up the DagBag from /home/airflow/.local/lib/python3.7/site-packages/airflow/example_dags/example_nested_branch_dag.py
[2022-08-02 23:29:10,656] {processor.py:651} INFO - DAG(s) dict_keys(['example_nested_branch_dag']) retrieved from /home/airflow/.local/lib/python3.7/site-packages/airflow/example_dags/example_nested_branch_dag.py
[2022-08-02 23:29:10,703] {logging_mixin.py:115} INFO - [2022-08-02 23:29:10,702] {dag.py:2420} INFO - Sync 1 DAGs
[2022-08-02 23:29:10,733] {logging_mixin.py:115} INFO - [2022-08-02 23:29:10,733] {dag.py:2972} INFO - Setting next_dagrun for example_nested_branch_dag to 2022-08-01T00:00:00+00:00, run_after=2022-08-02T00:00:00+00:00
[2022-08-02 23:29:10,750] {processor.py:161} INFO - Processing /home/airflow/.local/lib/python3.7/site-packages/airflow/example_dags/example_nested_branch_dag.py took 0.159 seconds
[2022-08-02 23:29:41,484] {processor.py:153} INFO - Started process (PID=850) to work on /home/airflow/.local/lib/python3.7/site-packages/airflow/example_dags/example_nested_branch_dag.py
[2022-08-02 23:29:41,487] {processor.py:641} INFO - Processing file /home/airflow/.local/lib/python3.7/site-packages/airflow/example_dags/example_nested_branch_dag.py for tasks to queue
[2022-08-02 23:29:41,489] {logging_mixin.py:115} INFO - [2022-08-02 23:29:41,489] {dagbag.py:508} INFO - Filling up the DagBag from /home/airflow/.local/lib/python3.7/site-packages/airflow/example_dags/example_nested_branch_dag.py
[2022-08-02 23:29:41,508] {processor.py:651} INFO - DAG(s) dict_keys(['example_nested_branch_dag']) retrieved from /home/airflow/.local/lib/python3.7/site-packages/airflow/example_dags/example_nested_branch_dag.py
[2022-08-02 23:29:41,545] {logging_mixin.py:115} INFO - [2022-08-02 23:29:41,545] {dag.py:2420} INFO - Sync 1 DAGs
[2022-08-02 23:29:41,565] {logging_mixin.py:115} INFO - [2022-08-02 23:29:41,565] {dag.py:2972} INFO - Setting next_dagrun for example_nested_branch_dag to 2022-08-01T00:00:00+00:00, run_after=2022-08-02T00:00:00+00:00
[2022-08-02 23:29:41,581] {processor.py:161} INFO - Processing /home/airflow/.local/lib/python3.7/site-packages/airflow/example_dags/example_nested_branch_dag.py took 0.104 seconds
[2022-08-02 23:30:12,268] {processor.py:153} INFO - Started process (PID=902) to work on /home/airflow/.local/lib/python3.7/site-packages/airflow/example_dags/example_nested_branch_dag.py
[2022-08-02 23:30:12,271] {processor.py:641} INFO - Processing file /home/airflow/.local/lib/python3.7/site-packages/airflow/example_dags/example_nested_branch_dag.py for tasks to queue
[2022-08-02 23:30:12,274] {logging_mixin.py:115} INFO - [2022-08-02 23:30:12,274] {dagbag.py:508} INFO - Filling up the DagBag from /home/airflow/.local/lib/python3.7/site-packages/airflow/example_dags/example_nested_branch_dag.py
[2022-08-02 23:30:12,300] {processor.py:651} INFO - DAG(s) dict_keys(['example_nested_branch_dag']) retrieved from /home/airflow/.local/lib/python3.7/site-packages/airflow/example_dags/example_nested_branch_dag.py
[2022-08-02 23:30:12,338] {logging_mixin.py:115} INFO - [2022-08-02 23:30:12,338] {dag.py:2420} INFO - Sync 1 DAGs
[2022-08-02 23:30:12,378] {logging_mixin.py:115} INFO - [2022-08-02 23:30:12,378] {dag.py:2972} INFO - Setting next_dagrun for example_nested_branch_dag to 2022-08-01T00:00:00+00:00, run_after=2022-08-02T00:00:00+00:00
[2022-08-02 23:30:12,406] {processor.py:161} INFO - Processing /home/airflow/.local/lib/python3.7/site-packages/airflow/example_dags/example_nested_branch_dag.py took 0.143 seconds
[2022-08-02 23:30:43,244] {processor.py:153} INFO - Started process (PID=956) to work on /home/airflow/.local/lib/python3.7/site-packages/airflow/example_dags/example_nested_branch_dag.py
[2022-08-02 23:30:43,247] {processor.py:641} INFO - Processing file /home/airflow/.local/lib/python3.7/site-packages/airflow/example_dags/example_nested_branch_dag.py for tasks to queue
[2022-08-02 23:30:43,248] {logging_mixin.py:115} INFO - [2022-08-02 23:30:43,248] {dagbag.py:508} INFO - Filling up the DagBag from /home/airflow/.local/lib/python3.7/site-packages/airflow/example_dags/example_nested_branch_dag.py
[2022-08-02 23:30:43,269] {processor.py:651} INFO - DAG(s) dict_keys(['example_nested_branch_dag']) retrieved from /home/airflow/.local/lib/python3.7/site-packages/airflow/example_dags/example_nested_branch_dag.py
[2022-08-02 23:30:43,317] {logging_mixin.py:115} INFO - [2022-08-02 23:30:43,317] {dag.py:2420} INFO - Sync 1 DAGs
[2022-08-02 23:30:43,350] {logging_mixin.py:115} INFO - [2022-08-02 23:30:43,350] {dag.py:2972} INFO - Setting next_dagrun for example_nested_branch_dag to 2022-08-01T00:00:00+00:00, run_after=2022-08-02T00:00:00+00:00
[2022-08-02 23:30:43,368] {processor.py:161} INFO - Processing /home/airflow/.local/lib/python3.7/site-packages/airflow/example_dags/example_nested_branch_dag.py took 0.131 seconds
[2022-08-02 23:31:14,100] {processor.py:153} INFO - Started process (PID=1017) to work on /home/airflow/.local/lib/python3.7/site-packages/airflow/example_dags/example_nested_branch_dag.py
[2022-08-02 23:31:14,117] {processor.py:641} INFO - Processing file /home/airflow/.local/lib/python3.7/site-packages/airflow/example_dags/example_nested_branch_dag.py for tasks to queue
[2022-08-02 23:31:14,124] {logging_mixin.py:115} INFO - [2022-08-02 23:31:14,124] {dagbag.py:508} INFO - Filling up the DagBag from /home/airflow/.local/lib/python3.7/site-packages/airflow/example_dags/example_nested_branch_dag.py
[2022-08-02 23:31:14,156] {processor.py:651} INFO - DAG(s) dict_keys(['example_nested_branch_dag']) retrieved from /home/airflow/.local/lib/python3.7/site-packages/airflow/example_dags/example_nested_branch_dag.py
[2022-08-02 23:31:14,275] {logging_mixin.py:115} INFO - [2022-08-02 23:31:14,275] {dag.py:2420} INFO - Sync 1 DAGs
[2022-08-02 23:31:14,327] {logging_mixin.py:115} INFO - [2022-08-02 23:31:14,326] {dag.py:2972} INFO - Setting next_dagrun for example_nested_branch_dag to 2022-08-01T00:00:00+00:00, run_after=2022-08-02T00:00:00+00:00
[2022-08-02 23:31:14,412] {processor.py:161} INFO - Processing /home/airflow/.local/lib/python3.7/site-packages/airflow/example_dags/example_nested_branch_dag.py took 0.333 seconds
[2022-08-02 23:31:45,365] {processor.py:153} INFO - Started process (PID=1069) to work on /home/airflow/.local/lib/python3.7/site-packages/airflow/example_dags/example_nested_branch_dag.py
[2022-08-02 23:31:45,375] {processor.py:641} INFO - Processing file /home/airflow/.local/lib/python3.7/site-packages/airflow/example_dags/example_nested_branch_dag.py for tasks to queue
[2022-08-02 23:31:45,389] {logging_mixin.py:115} INFO - [2022-08-02 23:31:45,389] {dagbag.py:508} INFO - Filling up the DagBag from /home/airflow/.local/lib/python3.7/site-packages/airflow/example_dags/example_nested_branch_dag.py
[2022-08-02 23:31:45,441] {processor.py:651} INFO - DAG(s) dict_keys(['example_nested_branch_dag']) retrieved from /home/airflow/.local/lib/python3.7/site-packages/airflow/example_dags/example_nested_branch_dag.py
[2022-08-02 23:31:45,589] {logging_mixin.py:115} INFO - [2022-08-02 23:31:45,585] {dag.py:2420} INFO - Sync 1 DAGs
[2022-08-02 23:31:45,706] {logging_mixin.py:115} INFO - [2022-08-02 23:31:45,706] {dag.py:2972} INFO - Setting next_dagrun for example_nested_branch_dag to 2022-08-01T00:00:00+00:00, run_after=2022-08-02T00:00:00+00:00
[2022-08-02 23:31:45,760] {processor.py:161} INFO - Processing /home/airflow/.local/lib/python3.7/site-packages/airflow/example_dags/example_nested_branch_dag.py took 0.417 seconds
[2022-08-02 23:32:16,700] {processor.py:153} INFO - Started process (PID=1121) to work on /home/airflow/.local/lib/python3.7/site-packages/airflow/example_dags/example_nested_branch_dag.py
[2022-08-02 23:32:16,722] {processor.py:641} INFO - Processing file /home/airflow/.local/lib/python3.7/site-packages/airflow/example_dags/example_nested_branch_dag.py for tasks to queue
[2022-08-02 23:32:16,727] {logging_mixin.py:115} INFO - [2022-08-02 23:32:16,727] {dagbag.py:508} INFO - Filling up the DagBag from /home/airflow/.local/lib/python3.7/site-packages/airflow/example_dags/example_nested_branch_dag.py
[2022-08-02 23:32:16,791] {processor.py:651} INFO - DAG(s) dict_keys(['example_nested_branch_dag']) retrieved from /home/airflow/.local/lib/python3.7/site-packages/airflow/example_dags/example_nested_branch_dag.py
[2022-08-02 23:32:17,030] {logging_mixin.py:115} INFO - [2022-08-02 23:32:17,030] {dag.py:2420} INFO - Sync 1 DAGs
[2022-08-02 23:32:17,159] {logging_mixin.py:115} INFO - [2022-08-02 23:32:17,152] {dag.py:2972} INFO - Setting next_dagrun for example_nested_branch_dag to 2022-08-01T00:00:00+00:00, run_after=2022-08-02T00:00:00+00:00
[2022-08-02 23:32:17,214] {processor.py:161} INFO - Processing /home/airflow/.local/lib/python3.7/site-packages/airflow/example_dags/example_nested_branch_dag.py took 0.538 seconds
[2022-08-02 23:32:48,030] {processor.py:153} INFO - Started process (PID=1182) to work on /home/airflow/.local/lib/python3.7/site-packages/airflow/example_dags/example_nested_branch_dag.py
[2022-08-02 23:32:48,037] {processor.py:641} INFO - Processing file /home/airflow/.local/lib/python3.7/site-packages/airflow/example_dags/example_nested_branch_dag.py for tasks to queue
[2022-08-02 23:32:48,047] {logging_mixin.py:115} INFO - [2022-08-02 23:32:48,047] {dagbag.py:508} INFO - Filling up the DagBag from /home/airflow/.local/lib/python3.7/site-packages/airflow/example_dags/example_nested_branch_dag.py
[2022-08-02 23:32:48,137] {processor.py:651} INFO - DAG(s) dict_keys(['example_nested_branch_dag']) retrieved from /home/airflow/.local/lib/python3.7/site-packages/airflow/example_dags/example_nested_branch_dag.py
[2022-08-02 23:32:48,292] {logging_mixin.py:115} INFO - [2022-08-02 23:32:48,292] {dag.py:2420} INFO - Sync 1 DAGs
[2022-08-02 23:32:48,329] {logging_mixin.py:115} INFO - [2022-08-02 23:32:48,328] {dag.py:2972} INFO - Setting next_dagrun for example_nested_branch_dag to 2022-08-01T00:00:00+00:00, run_after=2022-08-02T00:00:00+00:00
[2022-08-02 23:32:48,360] {processor.py:161} INFO - Processing /home/airflow/.local/lib/python3.7/site-packages/airflow/example_dags/example_nested_branch_dag.py took 0.346 seconds
[2022-08-02 23:33:18,976] {processor.py:153} INFO - Started process (PID=1233) to work on /home/airflow/.local/lib/python3.7/site-packages/airflow/example_dags/example_nested_branch_dag.py
[2022-08-02 23:33:18,978] {processor.py:641} INFO - Processing file /home/airflow/.local/lib/python3.7/site-packages/airflow/example_dags/example_nested_branch_dag.py for tasks to queue
[2022-08-02 23:33:18,980] {logging_mixin.py:115} INFO - [2022-08-02 23:33:18,980] {dagbag.py:508} INFO - Filling up the DagBag from /home/airflow/.local/lib/python3.7/site-packages/airflow/example_dags/example_nested_branch_dag.py
[2022-08-02 23:33:19,005] {processor.py:651} INFO - DAG(s) dict_keys(['example_nested_branch_dag']) retrieved from /home/airflow/.local/lib/python3.7/site-packages/airflow/example_dags/example_nested_branch_dag.py
[2022-08-02 23:33:19,047] {logging_mixin.py:115} INFO - [2022-08-02 23:33:19,046] {dag.py:2420} INFO - Sync 1 DAGs
[2022-08-02 23:33:19,084] {logging_mixin.py:115} INFO - [2022-08-02 23:33:19,084] {dag.py:2972} INFO - Setting next_dagrun for example_nested_branch_dag to 2022-08-01T00:00:00+00:00, run_after=2022-08-02T00:00:00+00:00
[2022-08-02 23:33:19,110] {processor.py:161} INFO - Processing /home/airflow/.local/lib/python3.7/site-packages/airflow/example_dags/example_nested_branch_dag.py took 0.143 seconds
[2022-08-02 23:33:49,747] {processor.py:153} INFO - Started process (PID=1284) to work on /home/airflow/.local/lib/python3.7/site-packages/airflow/example_dags/example_nested_branch_dag.py
[2022-08-02 23:33:49,754] {processor.py:641} INFO - Processing file /home/airflow/.local/lib/python3.7/site-packages/airflow/example_dags/example_nested_branch_dag.py for tasks to queue
[2022-08-02 23:33:49,759] {logging_mixin.py:115} INFO - [2022-08-02 23:33:49,759] {dagbag.py:508} INFO - Filling up the DagBag from /home/airflow/.local/lib/python3.7/site-packages/airflow/example_dags/example_nested_branch_dag.py
[2022-08-02 23:33:49,813] {processor.py:651} INFO - DAG(s) dict_keys(['example_nested_branch_dag']) retrieved from /home/airflow/.local/lib/python3.7/site-packages/airflow/example_dags/example_nested_branch_dag.py
[2022-08-02 23:33:49,929] {logging_mixin.py:115} INFO - [2022-08-02 23:33:49,928] {dag.py:2420} INFO - Sync 1 DAGs
[2022-08-02 23:33:49,969] {logging_mixin.py:115} INFO - [2022-08-02 23:33:49,968] {dag.py:2972} INFO - Setting next_dagrun for example_nested_branch_dag to 2022-08-01T00:00:00+00:00, run_after=2022-08-02T00:00:00+00:00
[2022-08-02 23:33:50,001] {processor.py:161} INFO - Processing /home/airflow/.local/lib/python3.7/site-packages/airflow/example_dags/example_nested_branch_dag.py took 0.304 seconds
[2022-08-02 23:34:20,667] {processor.py:153} INFO - Started process (PID=1345) to work on /home/airflow/.local/lib/python3.7/site-packages/airflow/example_dags/example_nested_branch_dag.py
[2022-08-02 23:34:20,683] {processor.py:641} INFO - Processing file /home/airflow/.local/lib/python3.7/site-packages/airflow/example_dags/example_nested_branch_dag.py for tasks to queue
[2022-08-02 23:34:20,692] {logging_mixin.py:115} INFO - [2022-08-02 23:34:20,692] {dagbag.py:508} INFO - Filling up the DagBag from /home/airflow/.local/lib/python3.7/site-packages/airflow/example_dags/example_nested_branch_dag.py
[2022-08-02 23:34:20,760] {processor.py:651} INFO - DAG(s) dict_keys(['example_nested_branch_dag']) retrieved from /home/airflow/.local/lib/python3.7/site-packages/airflow/example_dags/example_nested_branch_dag.py
[2022-08-02 23:34:20,965] {logging_mixin.py:115} INFO - [2022-08-02 23:34:20,963] {dag.py:2420} INFO - Sync 1 DAGs
[2022-08-02 23:34:21,062] {logging_mixin.py:115} INFO - [2022-08-02 23:34:21,062] {dag.py:2972} INFO - Setting next_dagrun for example_nested_branch_dag to 2022-08-01T00:00:00+00:00, run_after=2022-08-02T00:00:00+00:00
[2022-08-02 23:34:21,127] {processor.py:161} INFO - Processing /home/airflow/.local/lib/python3.7/site-packages/airflow/example_dags/example_nested_branch_dag.py took 0.549 seconds
[2022-08-02 23:34:51,946] {processor.py:153} INFO - Started process (PID=1398) to work on /home/airflow/.local/lib/python3.7/site-packages/airflow/example_dags/example_nested_branch_dag.py
[2022-08-02 23:34:51,956] {processor.py:641} INFO - Processing file /home/airflow/.local/lib/python3.7/site-packages/airflow/example_dags/example_nested_branch_dag.py for tasks to queue
[2022-08-02 23:34:51,963] {logging_mixin.py:115} INFO - [2022-08-02 23:34:51,963] {dagbag.py:508} INFO - Filling up the DagBag from /home/airflow/.local/lib/python3.7/site-packages/airflow/example_dags/example_nested_branch_dag.py
[2022-08-02 23:34:52,013] {processor.py:651} INFO - DAG(s) dict_keys(['example_nested_branch_dag']) retrieved from /home/airflow/.local/lib/python3.7/site-packages/airflow/example_dags/example_nested_branch_dag.py
[2022-08-02 23:34:52,220] {logging_mixin.py:115} INFO - [2022-08-02 23:34:52,220] {dag.py:2420} INFO - Sync 1 DAGs
[2022-08-02 23:34:52,403] {logging_mixin.py:115} INFO - [2022-08-02 23:34:52,402] {dag.py:2972} INFO - Setting next_dagrun for example_nested_branch_dag to 2022-08-01T00:00:00+00:00, run_after=2022-08-02T00:00:00+00:00
[2022-08-02 23:34:52,461] {processor.py:161} INFO - Processing /home/airflow/.local/lib/python3.7/site-packages/airflow/example_dags/example_nested_branch_dag.py took 0.536 seconds
[2022-08-02 23:35:27,083] {processor.py:153} INFO - Started process (PID=1450) to work on /home/airflow/.local/lib/python3.7/site-packages/airflow/example_dags/example_nested_branch_dag.py
[2022-08-02 23:35:27,101] {processor.py:641} INFO - Processing file /home/airflow/.local/lib/python3.7/site-packages/airflow/example_dags/example_nested_branch_dag.py for tasks to queue
[2022-08-02 23:35:27,122] {logging_mixin.py:115} INFO - [2022-08-02 23:35:27,122] {dagbag.py:508} INFO - Filling up the DagBag from /home/airflow/.local/lib/python3.7/site-packages/airflow/example_dags/example_nested_branch_dag.py
[2022-08-02 23:35:27,178] {processor.py:651} INFO - DAG(s) dict_keys(['example_nested_branch_dag']) retrieved from /home/airflow/.local/lib/python3.7/site-packages/airflow/example_dags/example_nested_branch_dag.py
[2022-08-02 23:35:27,251] {logging_mixin.py:115} INFO - [2022-08-02 23:35:27,251] {dag.py:2420} INFO - Sync 1 DAGs
[2022-08-02 23:35:27,330] {logging_mixin.py:115} INFO - [2022-08-02 23:35:27,330] {dag.py:2972} INFO - Setting next_dagrun for example_nested_branch_dag to 2022-08-01T00:00:00+00:00, run_after=2022-08-02T00:00:00+00:00
[2022-08-02 23:35:27,397] {processor.py:161} INFO - Processing /home/airflow/.local/lib/python3.7/site-packages/airflow/example_dags/example_nested_branch_dag.py took 0.326 seconds
[2022-08-02 23:35:58,055] {processor.py:153} INFO - Started process (PID=1503) to work on /home/airflow/.local/lib/python3.7/site-packages/airflow/example_dags/example_nested_branch_dag.py
[2022-08-02 23:35:58,060] {processor.py:641} INFO - Processing file /home/airflow/.local/lib/python3.7/site-packages/airflow/example_dags/example_nested_branch_dag.py for tasks to queue
[2022-08-02 23:35:58,062] {logging_mixin.py:115} INFO - [2022-08-02 23:35:58,062] {dagbag.py:508} INFO - Filling up the DagBag from /home/airflow/.local/lib/python3.7/site-packages/airflow/example_dags/example_nested_branch_dag.py
[2022-08-02 23:35:58,075] {processor.py:651} INFO - DAG(s) dict_keys(['example_nested_branch_dag']) retrieved from /home/airflow/.local/lib/python3.7/site-packages/airflow/example_dags/example_nested_branch_dag.py
[2022-08-02 23:35:58,103] {logging_mixin.py:115} INFO - [2022-08-02 23:35:58,103] {dag.py:2420} INFO - Sync 1 DAGs
[2022-08-02 23:35:58,132] {logging_mixin.py:115} INFO - [2022-08-02 23:35:58,132] {dag.py:2972} INFO - Setting next_dagrun for example_nested_branch_dag to 2022-08-01T00:00:00+00:00, run_after=2022-08-02T00:00:00+00:00
[2022-08-02 23:35:58,147] {processor.py:161} INFO - Processing /home/airflow/.local/lib/python3.7/site-packages/airflow/example_dags/example_nested_branch_dag.py took 0.097 seconds
[2022-08-02 23:36:28,613] {processor.py:153} INFO - Started process (PID=1565) to work on /home/airflow/.local/lib/python3.7/site-packages/airflow/example_dags/example_nested_branch_dag.py
[2022-08-02 23:36:28,618] {processor.py:641} INFO - Processing file /home/airflow/.local/lib/python3.7/site-packages/airflow/example_dags/example_nested_branch_dag.py for tasks to queue
[2022-08-02 23:36:28,623] {logging_mixin.py:115} INFO - [2022-08-02 23:36:28,623] {dagbag.py:508} INFO - Filling up the DagBag from /home/airflow/.local/lib/python3.7/site-packages/airflow/example_dags/example_nested_branch_dag.py
[2022-08-02 23:36:28,635] {processor.py:651} INFO - DAG(s) dict_keys(['example_nested_branch_dag']) retrieved from /home/airflow/.local/lib/python3.7/site-packages/airflow/example_dags/example_nested_branch_dag.py
[2022-08-02 23:36:28,691] {logging_mixin.py:115} INFO - [2022-08-02 23:36:28,691] {dag.py:2420} INFO - Sync 1 DAGs
[2022-08-02 23:36:28,756] {logging_mixin.py:115} INFO - [2022-08-02 23:36:28,755] {dag.py:2972} INFO - Setting next_dagrun for example_nested_branch_dag to 2022-08-01T00:00:00+00:00, run_after=2022-08-02T00:00:00+00:00
[2022-08-02 23:36:28,794] {processor.py:161} INFO - Processing /home/airflow/.local/lib/python3.7/site-packages/airflow/example_dags/example_nested_branch_dag.py took 0.185 seconds
[2022-08-02 23:36:58,965] {processor.py:153} INFO - Started process (PID=1617) to work on /home/airflow/.local/lib/python3.7/site-packages/airflow/example_dags/example_nested_branch_dag.py
[2022-08-02 23:36:58,967] {processor.py:641} INFO - Processing file /home/airflow/.local/lib/python3.7/site-packages/airflow/example_dags/example_nested_branch_dag.py for tasks to queue
[2022-08-02 23:36:58,969] {logging_mixin.py:115} INFO - [2022-08-02 23:36:58,969] {dagbag.py:508} INFO - Filling up the DagBag from /home/airflow/.local/lib/python3.7/site-packages/airflow/example_dags/example_nested_branch_dag.py
[2022-08-02 23:36:58,979] {processor.py:651} INFO - DAG(s) dict_keys(['example_nested_branch_dag']) retrieved from /home/airflow/.local/lib/python3.7/site-packages/airflow/example_dags/example_nested_branch_dag.py
[2022-08-02 23:36:59,009] {logging_mixin.py:115} INFO - [2022-08-02 23:36:59,009] {dag.py:2420} INFO - Sync 1 DAGs
[2022-08-02 23:36:59,028] {logging_mixin.py:115} INFO - [2022-08-02 23:36:59,028] {dag.py:2972} INFO - Setting next_dagrun for example_nested_branch_dag to 2022-08-01T00:00:00+00:00, run_after=2022-08-02T00:00:00+00:00
[2022-08-02 23:36:59,041] {processor.py:161} INFO - Processing /home/airflow/.local/lib/python3.7/site-packages/airflow/example_dags/example_nested_branch_dag.py took 0.080 seconds
[2022-08-02 23:37:29,768] {processor.py:153} INFO - Started process (PID=1678) to work on /home/airflow/.local/lib/python3.7/site-packages/airflow/example_dags/example_nested_branch_dag.py
[2022-08-02 23:37:29,769] {processor.py:641} INFO - Processing file /home/airflow/.local/lib/python3.7/site-packages/airflow/example_dags/example_nested_branch_dag.py for tasks to queue
[2022-08-02 23:37:29,783] {logging_mixin.py:115} INFO - [2022-08-02 23:37:29,783] {dagbag.py:508} INFO - Filling up the DagBag from /home/airflow/.local/lib/python3.7/site-packages/airflow/example_dags/example_nested_branch_dag.py
[2022-08-02 23:37:29,800] {processor.py:651} INFO - DAG(s) dict_keys(['example_nested_branch_dag']) retrieved from /home/airflow/.local/lib/python3.7/site-packages/airflow/example_dags/example_nested_branch_dag.py
[2022-08-02 23:37:29,887] {logging_mixin.py:115} INFO - [2022-08-02 23:37:29,887] {dag.py:2420} INFO - Sync 1 DAGs
[2022-08-02 23:37:29,942] {logging_mixin.py:115} INFO - [2022-08-02 23:37:29,941] {dag.py:2972} INFO - Setting next_dagrun for example_nested_branch_dag to 2022-08-01T00:00:00+00:00, run_after=2022-08-02T00:00:00+00:00
[2022-08-02 23:37:29,968] {processor.py:161} INFO - Processing /home/airflow/.local/lib/python3.7/site-packages/airflow/example_dags/example_nested_branch_dag.py took 0.215 seconds
[2022-08-02 23:38:00,734] {processor.py:153} INFO - Started process (PID=1737) to work on /home/airflow/.local/lib/python3.7/site-packages/airflow/example_dags/example_nested_branch_dag.py
[2022-08-02 23:38:00,736] {processor.py:641} INFO - Processing file /home/airflow/.local/lib/python3.7/site-packages/airflow/example_dags/example_nested_branch_dag.py for tasks to queue
[2022-08-02 23:38:00,739] {logging_mixin.py:115} INFO - [2022-08-02 23:38:00,739] {dagbag.py:508} INFO - Filling up the DagBag from /home/airflow/.local/lib/python3.7/site-packages/airflow/example_dags/example_nested_branch_dag.py
[2022-08-02 23:38:00,753] {processor.py:651} INFO - DAG(s) dict_keys(['example_nested_branch_dag']) retrieved from /home/airflow/.local/lib/python3.7/site-packages/airflow/example_dags/example_nested_branch_dag.py
[2022-08-02 23:38:00,825] {logging_mixin.py:115} INFO - [2022-08-02 23:38:00,825] {dag.py:2420} INFO - Sync 1 DAGs
[2022-08-02 23:38:00,848] {logging_mixin.py:115} INFO - [2022-08-02 23:38:00,848] {dag.py:2972} INFO - Setting next_dagrun for example_nested_branch_dag to 2022-08-01T00:00:00+00:00, run_after=2022-08-02T00:00:00+00:00
[2022-08-02 23:38:00,885] {processor.py:161} INFO - Processing /home/airflow/.local/lib/python3.7/site-packages/airflow/example_dags/example_nested_branch_dag.py took 0.155 seconds
[2022-08-02 23:38:31,023] {processor.py:153} INFO - Started process (PID=1791) to work on /home/airflow/.local/lib/python3.7/site-packages/airflow/example_dags/example_nested_branch_dag.py
[2022-08-02 23:38:31,031] {processor.py:641} INFO - Processing file /home/airflow/.local/lib/python3.7/site-packages/airflow/example_dags/example_nested_branch_dag.py for tasks to queue
[2022-08-02 23:38:31,038] {logging_mixin.py:115} INFO - [2022-08-02 23:38:31,038] {dagbag.py:508} INFO - Filling up the DagBag from /home/airflow/.local/lib/python3.7/site-packages/airflow/example_dags/example_nested_branch_dag.py
[2022-08-02 23:38:31,091] {processor.py:651} INFO - DAG(s) dict_keys(['example_nested_branch_dag']) retrieved from /home/airflow/.local/lib/python3.7/site-packages/airflow/example_dags/example_nested_branch_dag.py
[2022-08-02 23:38:31,149] {logging_mixin.py:115} INFO - [2022-08-02 23:38:31,148] {dag.py:2420} INFO - Sync 1 DAGs
[2022-08-02 23:38:31,180] {logging_mixin.py:115} INFO - [2022-08-02 23:38:31,180] {dag.py:2972} INFO - Setting next_dagrun for example_nested_branch_dag to 2022-08-01T00:00:00+00:00, run_after=2022-08-02T00:00:00+00:00
[2022-08-02 23:38:31,198] {processor.py:161} INFO - Processing /home/airflow/.local/lib/python3.7/site-packages/airflow/example_dags/example_nested_branch_dag.py took 0.190 seconds
[2022-08-02 23:39:01,486] {processor.py:153} INFO - Started process (PID=1852) to work on /home/airflow/.local/lib/python3.7/site-packages/airflow/example_dags/example_nested_branch_dag.py
[2022-08-02 23:39:01,489] {processor.py:641} INFO - Processing file /home/airflow/.local/lib/python3.7/site-packages/airflow/example_dags/example_nested_branch_dag.py for tasks to queue
[2022-08-02 23:39:01,492] {logging_mixin.py:115} INFO - [2022-08-02 23:39:01,492] {dagbag.py:508} INFO - Filling up the DagBag from /home/airflow/.local/lib/python3.7/site-packages/airflow/example_dags/example_nested_branch_dag.py
[2022-08-02 23:39:01,505] {processor.py:651} INFO - DAG(s) dict_keys(['example_nested_branch_dag']) retrieved from /home/airflow/.local/lib/python3.7/site-packages/airflow/example_dags/example_nested_branch_dag.py
[2022-08-02 23:39:01,535] {logging_mixin.py:115} INFO - [2022-08-02 23:39:01,535] {dag.py:2420} INFO - Sync 1 DAGs
[2022-08-02 23:39:01,553] {logging_mixin.py:115} INFO - [2022-08-02 23:39:01,553] {dag.py:2972} INFO - Setting next_dagrun for example_nested_branch_dag to 2022-08-01T00:00:00+00:00, run_after=2022-08-02T00:00:00+00:00
[2022-08-02 23:39:01,564] {processor.py:161} INFO - Processing /home/airflow/.local/lib/python3.7/site-packages/airflow/example_dags/example_nested_branch_dag.py took 0.082 seconds
[2022-08-02 23:39:32,168] {processor.py:153} INFO - Started process (PID=1904) to work on /home/airflow/.local/lib/python3.7/site-packages/airflow/example_dags/example_nested_branch_dag.py
[2022-08-02 23:39:32,172] {processor.py:641} INFO - Processing file /home/airflow/.local/lib/python3.7/site-packages/airflow/example_dags/example_nested_branch_dag.py for tasks to queue
[2022-08-02 23:39:32,176] {logging_mixin.py:115} INFO - [2022-08-02 23:39:32,176] {dagbag.py:508} INFO - Filling up the DagBag from /home/airflow/.local/lib/python3.7/site-packages/airflow/example_dags/example_nested_branch_dag.py
[2022-08-02 23:39:32,190] {processor.py:651} INFO - DAG(s) dict_keys(['example_nested_branch_dag']) retrieved from /home/airflow/.local/lib/python3.7/site-packages/airflow/example_dags/example_nested_branch_dag.py
[2022-08-02 23:39:32,224] {logging_mixin.py:115} INFO - [2022-08-02 23:39:32,224] {dag.py:2420} INFO - Sync 1 DAGs
[2022-08-02 23:39:32,254] {logging_mixin.py:115} INFO - [2022-08-02 23:39:32,254] {dag.py:2972} INFO - Setting next_dagrun for example_nested_branch_dag to 2022-08-01T00:00:00+00:00, run_after=2022-08-02T00:00:00+00:00
[2022-08-02 23:39:32,273] {processor.py:161} INFO - Processing /home/airflow/.local/lib/python3.7/site-packages/airflow/example_dags/example_nested_branch_dag.py took 0.109 seconds
[2022-08-02 23:40:02,351] {processor.py:153} INFO - Started process (PID=1955) to work on /home/airflow/.local/lib/python3.7/site-packages/airflow/example_dags/example_nested_branch_dag.py
[2022-08-02 23:40:02,360] {processor.py:641} INFO - Processing file /home/airflow/.local/lib/python3.7/site-packages/airflow/example_dags/example_nested_branch_dag.py for tasks to queue
[2022-08-02 23:40:02,368] {logging_mixin.py:115} INFO - [2022-08-02 23:40:02,368] {dagbag.py:508} INFO - Filling up the DagBag from /home/airflow/.local/lib/python3.7/site-packages/airflow/example_dags/example_nested_branch_dag.py
[2022-08-02 23:40:02,432] {processor.py:651} INFO - DAG(s) dict_keys(['example_nested_branch_dag']) retrieved from /home/airflow/.local/lib/python3.7/site-packages/airflow/example_dags/example_nested_branch_dag.py
[2022-08-02 23:40:02,925] {logging_mixin.py:115} INFO - [2022-08-02 23:40:02,922] {dag.py:2420} INFO - Sync 1 DAGs
[2022-08-02 23:40:03,072] {logging_mixin.py:115} INFO - [2022-08-02 23:40:03,072] {dag.py:2972} INFO - Setting next_dagrun for example_nested_branch_dag to 2022-08-01T00:00:00+00:00, run_after=2022-08-02T00:00:00+00:00
[2022-08-02 23:40:03,160] {processor.py:161} INFO - Processing /home/airflow/.local/lib/python3.7/site-packages/airflow/example_dags/example_nested_branch_dag.py took 0.811 seconds
[2022-08-02 23:40:41,032] {processor.py:153} INFO - Started process (PID=2015) to work on /home/airflow/.local/lib/python3.7/site-packages/airflow/example_dags/example_nested_branch_dag.py
[2022-08-02 23:40:41,043] {processor.py:641} INFO - Processing file /home/airflow/.local/lib/python3.7/site-packages/airflow/example_dags/example_nested_branch_dag.py for tasks to queue
[2022-08-02 23:40:41,050] {logging_mixin.py:115} INFO - [2022-08-02 23:40:41,049] {dagbag.py:508} INFO - Filling up the DagBag from /home/airflow/.local/lib/python3.7/site-packages/airflow/example_dags/example_nested_branch_dag.py
[2022-08-02 23:40:41,116] {processor.py:651} INFO - DAG(s) dict_keys(['example_nested_branch_dag']) retrieved from /home/airflow/.local/lib/python3.7/site-packages/airflow/example_dags/example_nested_branch_dag.py
[2022-08-02 23:40:41,211] {logging_mixin.py:115} INFO - [2022-08-02 23:40:41,211] {dag.py:2420} INFO - Sync 1 DAGs
[2022-08-02 23:40:41,281] {logging_mixin.py:115} INFO - [2022-08-02 23:40:41,281] {dag.py:2972} INFO - Setting next_dagrun for example_nested_branch_dag to 2022-08-01T00:00:00+00:00, run_after=2022-08-02T00:00:00+00:00
[2022-08-02 23:40:41,320] {processor.py:161} INFO - Processing /home/airflow/.local/lib/python3.7/site-packages/airflow/example_dags/example_nested_branch_dag.py took 0.300 seconds
[2022-08-02 23:41:51,470] {processor.py:153} INFO - Started process (PID=2062) to work on /home/airflow/.local/lib/python3.7/site-packages/airflow/example_dags/example_nested_branch_dag.py
[2022-08-02 23:41:51,474] {processor.py:641} INFO - Processing file /home/airflow/.local/lib/python3.7/site-packages/airflow/example_dags/example_nested_branch_dag.py for tasks to queue
[2022-08-02 23:41:51,478] {logging_mixin.py:115} INFO - [2022-08-02 23:41:51,478] {dagbag.py:508} INFO - Filling up the DagBag from /home/airflow/.local/lib/python3.7/site-packages/airflow/example_dags/example_nested_branch_dag.py
[2022-08-02 23:41:51,503] {processor.py:651} INFO - DAG(s) dict_keys(['example_nested_branch_dag']) retrieved from /home/airflow/.local/lib/python3.7/site-packages/airflow/example_dags/example_nested_branch_dag.py
[2022-08-02 23:41:51,549] {logging_mixin.py:115} INFO - [2022-08-02 23:41:51,549] {dag.py:2420} INFO - Sync 1 DAGs
[2022-08-02 23:41:51,579] {logging_mixin.py:115} INFO - [2022-08-02 23:41:51,579] {dag.py:2972} INFO - Setting next_dagrun for example_nested_branch_dag to 2022-08-01T00:00:00+00:00, run_after=2022-08-02T00:00:00+00:00
[2022-08-02 23:41:51,600] {processor.py:161} INFO - Processing /home/airflow/.local/lib/python3.7/site-packages/airflow/example_dags/example_nested_branch_dag.py took 0.135 seconds
[2022-08-02 23:55:18,979] {processor.py:153} INFO - Started process (PID=2112) to work on /home/airflow/.local/lib/python3.7/site-packages/airflow/example_dags/example_nested_branch_dag.py
[2022-08-02 23:55:18,987] {processor.py:641} INFO - Processing file /home/airflow/.local/lib/python3.7/site-packages/airflow/example_dags/example_nested_branch_dag.py for tasks to queue
[2022-08-02 23:55:18,994] {logging_mixin.py:115} INFO - [2022-08-02 23:55:18,994] {dagbag.py:508} INFO - Filling up the DagBag from /home/airflow/.local/lib/python3.7/site-packages/airflow/example_dags/example_nested_branch_dag.py
[2022-08-02 23:55:19,028] {processor.py:651} INFO - DAG(s) dict_keys(['example_nested_branch_dag']) retrieved from /home/airflow/.local/lib/python3.7/site-packages/airflow/example_dags/example_nested_branch_dag.py
[2022-08-02 23:55:19,188] {logging_mixin.py:115} INFO - [2022-08-02 23:55:19,187] {dag.py:2420} INFO - Sync 1 DAGs
[2022-08-02 23:55:19,268] {logging_mixin.py:115} INFO - [2022-08-02 23:55:19,268] {dag.py:2972} INFO - Setting next_dagrun for example_nested_branch_dag to 2022-08-01T00:00:00+00:00, run_after=2022-08-02T00:00:00+00:00
[2022-08-02 23:55:19,316] {processor.py:161} INFO - Processing /home/airflow/.local/lib/python3.7/site-packages/airflow/example_dags/example_nested_branch_dag.py took 0.347 seconds
[2022-08-02 23:55:49,461] {processor.py:153} INFO - Started process (PID=2164) to work on /home/airflow/.local/lib/python3.7/site-packages/airflow/example_dags/example_nested_branch_dag.py
[2022-08-02 23:55:49,465] {processor.py:641} INFO - Processing file /home/airflow/.local/lib/python3.7/site-packages/airflow/example_dags/example_nested_branch_dag.py for tasks to queue
[2022-08-02 23:55:49,470] {logging_mixin.py:115} INFO - [2022-08-02 23:55:49,469] {dagbag.py:508} INFO - Filling up the DagBag from /home/airflow/.local/lib/python3.7/site-packages/airflow/example_dags/example_nested_branch_dag.py
[2022-08-02 23:55:49,487] {processor.py:651} INFO - DAG(s) dict_keys(['example_nested_branch_dag']) retrieved from /home/airflow/.local/lib/python3.7/site-packages/airflow/example_dags/example_nested_branch_dag.py
[2022-08-02 23:55:49,530] {logging_mixin.py:115} INFO - [2022-08-02 23:55:49,530] {dag.py:2420} INFO - Sync 1 DAGs
[2022-08-02 23:55:49,565] {logging_mixin.py:115} INFO - [2022-08-02 23:55:49,565] {dag.py:2972} INFO - Setting next_dagrun for example_nested_branch_dag to 2022-08-01T00:00:00+00:00, run_after=2022-08-02T00:00:00+00:00
[2022-08-02 23:55:49,581] {processor.py:161} INFO - Processing /home/airflow/.local/lib/python3.7/site-packages/airflow/example_dags/example_nested_branch_dag.py took 0.124 seconds
