[2022-08-02 23:21:54,478] {processor.py:153} INFO - Started process (PID=63) to work on /home/airflow/.local/lib/python3.7/site-packages/airflow/example_dags/example_xcomargs.py
[2022-08-02 23:21:54,496] {processor.py:641} INFO - Processing file /home/airflow/.local/lib/python3.7/site-packages/airflow/example_dags/example_xcomargs.py for tasks to queue
[2022-08-02 23:21:54,503] {logging_mixin.py:115} INFO - [2022-08-02 23:21:54,502] {dagbag.py:508} INFO - Filling up the DagBag from /home/airflow/.local/lib/python3.7/site-packages/airflow/example_dags/example_xcomargs.py
[2022-08-02 23:21:54,655] {processor.py:651} INFO - DAG(s) dict_keys(['example_xcom_args', 'example_xcom_args_with_operators']) retrieved from /home/airflow/.local/lib/python3.7/site-packages/airflow/example_dags/example_xcomargs.py
[2022-08-02 23:21:55,247] {logging_mixin.py:115} INFO - [2022-08-02 23:21:55,247] {manager.py:508} INFO - Created Permission View: can read on DAG:example_xcom_args
[2022-08-02 23:21:55,272] {logging_mixin.py:115} INFO - [2022-08-02 23:21:55,272] {manager.py:508} INFO - Created Permission View: can edit on DAG:example_xcom_args
[2022-08-02 23:21:55,287] {logging_mixin.py:115} INFO - [2022-08-02 23:21:55,286] {manager.py:508} INFO - Created Permission View: can delete on DAG:example_xcom_args
[2022-08-02 23:21:55,325] {logging_mixin.py:115} INFO - [2022-08-02 23:21:55,325] {manager.py:508} INFO - Created Permission View: can read on DAG:example_xcom_args_with_operators
[2022-08-02 23:21:55,341] {logging_mixin.py:115} INFO - [2022-08-02 23:21:55,341] {manager.py:508} INFO - Created Permission View: can edit on DAG:example_xcom_args_with_operators
[2022-08-02 23:21:55,353] {logging_mixin.py:115} INFO - [2022-08-02 23:21:55,353] {manager.py:508} INFO - Created Permission View: can delete on DAG:example_xcom_args_with_operators
[2022-08-02 23:21:55,358] {logging_mixin.py:115} INFO - [2022-08-02 23:21:55,358] {dag.py:2420} INFO - Sync 2 DAGs
[2022-08-02 23:21:55,446] {logging_mixin.py:115} INFO - [2022-08-02 23:21:55,446] {dag.py:2439} INFO - Creating ORM DAG for example_xcom_args_with_operators
[2022-08-02 23:21:55,451] {logging_mixin.py:115} INFO - [2022-08-02 23:21:55,450] {dag.py:2439} INFO - Creating ORM DAG for example_xcom_args
[2022-08-02 23:21:55,516] {logging_mixin.py:115} INFO - [2022-08-02 23:21:55,516] {dag.py:2972} INFO - Setting next_dagrun for example_xcom_args to None, run_after=None
[2022-08-02 23:21:55,526] {logging_mixin.py:115} INFO - [2022-08-02 23:21:55,525] {dag.py:2972} INFO - Setting next_dagrun for example_xcom_args_with_operators to None, run_after=None
[2022-08-02 23:21:55,592] {processor.py:161} INFO - Processing /home/airflow/.local/lib/python3.7/site-packages/airflow/example_dags/example_xcomargs.py took 1.123 seconds
[2022-08-02 23:22:27,926] {processor.py:153} INFO - Started process (PID=115) to work on /home/airflow/.local/lib/python3.7/site-packages/airflow/example_dags/example_xcomargs.py
[2022-08-02 23:22:27,935] {processor.py:641} INFO - Processing file /home/airflow/.local/lib/python3.7/site-packages/airflow/example_dags/example_xcomargs.py for tasks to queue
[2022-08-02 23:22:27,944] {logging_mixin.py:115} INFO - [2022-08-02 23:22:27,944] {dagbag.py:508} INFO - Filling up the DagBag from /home/airflow/.local/lib/python3.7/site-packages/airflow/example_dags/example_xcomargs.py
[2022-08-02 23:22:27,984] {processor.py:651} INFO - DAG(s) dict_keys(['example_xcom_args', 'example_xcom_args_with_operators']) retrieved from /home/airflow/.local/lib/python3.7/site-packages/airflow/example_dags/example_xcomargs.py
[2022-08-02 23:22:28,177] {logging_mixin.py:115} INFO - [2022-08-02 23:22:28,177] {dag.py:2420} INFO - Sync 2 DAGs
[2022-08-02 23:22:28,241] {logging_mixin.py:115} INFO - [2022-08-02 23:22:28,241] {dag.py:2972} INFO - Setting next_dagrun for example_xcom_args to None, run_after=None
[2022-08-02 23:22:28,253] {logging_mixin.py:115} INFO - [2022-08-02 23:22:28,253] {dag.py:2972} INFO - Setting next_dagrun for example_xcom_args_with_operators to None, run_after=None
[2022-08-02 23:22:28,347] {processor.py:161} INFO - Processing /home/airflow/.local/lib/python3.7/site-packages/airflow/example_dags/example_xcomargs.py took 0.448 seconds
[2022-08-02 23:22:59,777] {processor.py:153} INFO - Started process (PID=166) to work on /home/airflow/.local/lib/python3.7/site-packages/airflow/example_dags/example_xcomargs.py
[2022-08-02 23:22:59,790] {processor.py:641} INFO - Processing file /home/airflow/.local/lib/python3.7/site-packages/airflow/example_dags/example_xcomargs.py for tasks to queue
[2022-08-02 23:22:59,798] {logging_mixin.py:115} INFO - [2022-08-02 23:22:59,798] {dagbag.py:508} INFO - Filling up the DagBag from /home/airflow/.local/lib/python3.7/site-packages/airflow/example_dags/example_xcomargs.py
[2022-08-02 23:22:59,950] {processor.py:651} INFO - DAG(s) dict_keys(['example_xcom_args', 'example_xcom_args_with_operators']) retrieved from /home/airflow/.local/lib/python3.7/site-packages/airflow/example_dags/example_xcomargs.py
[2022-08-02 23:23:00,462] {logging_mixin.py:115} INFO - [2022-08-02 23:23:00,462] {dag.py:2420} INFO - Sync 2 DAGs
[2022-08-02 23:23:00,559] {logging_mixin.py:115} INFO - [2022-08-02 23:23:00,559] {dag.py:2972} INFO - Setting next_dagrun for example_xcom_args to None, run_after=None
[2022-08-02 23:23:00,576] {logging_mixin.py:115} INFO - [2022-08-02 23:23:00,565] {dag.py:2972} INFO - Setting next_dagrun for example_xcom_args_with_operators to None, run_after=None
[2022-08-02 23:23:00,975] {processor.py:161} INFO - Processing /home/airflow/.local/lib/python3.7/site-packages/airflow/example_dags/example_xcomargs.py took 1.221 seconds
[2022-08-02 23:23:31,972] {processor.py:153} INFO - Started process (PID=229) to work on /home/airflow/.local/lib/python3.7/site-packages/airflow/example_dags/example_xcomargs.py
[2022-08-02 23:23:31,983] {processor.py:641} INFO - Processing file /home/airflow/.local/lib/python3.7/site-packages/airflow/example_dags/example_xcomargs.py for tasks to queue
[2022-08-02 23:23:31,994] {logging_mixin.py:115} INFO - [2022-08-02 23:23:31,993] {dagbag.py:508} INFO - Filling up the DagBag from /home/airflow/.local/lib/python3.7/site-packages/airflow/example_dags/example_xcomargs.py
[2022-08-02 23:23:32,037] {processor.py:651} INFO - DAG(s) dict_keys(['example_xcom_args', 'example_xcom_args_with_operators']) retrieved from /home/airflow/.local/lib/python3.7/site-packages/airflow/example_dags/example_xcomargs.py
[2022-08-02 23:23:32,157] {logging_mixin.py:115} INFO - [2022-08-02 23:23:32,157] {dag.py:2420} INFO - Sync 2 DAGs
[2022-08-02 23:23:32,212] {logging_mixin.py:115} INFO - [2022-08-02 23:23:32,212] {dag.py:2972} INFO - Setting next_dagrun for example_xcom_args to None, run_after=None
[2022-08-02 23:23:32,217] {logging_mixin.py:115} INFO - [2022-08-02 23:23:32,217] {dag.py:2972} INFO - Setting next_dagrun for example_xcom_args_with_operators to None, run_after=None
[2022-08-02 23:23:32,242] {processor.py:161} INFO - Processing /home/airflow/.local/lib/python3.7/site-packages/airflow/example_dags/example_xcomargs.py took 0.356 seconds
[2022-08-02 23:24:02,799] {processor.py:153} INFO - Started process (PID=282) to work on /home/airflow/.local/lib/python3.7/site-packages/airflow/example_dags/example_xcomargs.py
[2022-08-02 23:24:02,803] {processor.py:641} INFO - Processing file /home/airflow/.local/lib/python3.7/site-packages/airflow/example_dags/example_xcomargs.py for tasks to queue
[2022-08-02 23:24:02,806] {logging_mixin.py:115} INFO - [2022-08-02 23:24:02,806] {dagbag.py:508} INFO - Filling up the DagBag from /home/airflow/.local/lib/python3.7/site-packages/airflow/example_dags/example_xcomargs.py
[2022-08-02 23:24:02,836] {processor.py:651} INFO - DAG(s) dict_keys(['example_xcom_args', 'example_xcom_args_with_operators']) retrieved from /home/airflow/.local/lib/python3.7/site-packages/airflow/example_dags/example_xcomargs.py
[2022-08-02 23:24:03,530] {logging_mixin.py:115} INFO - [2022-08-02 23:24:03,529] {dag.py:2420} INFO - Sync 2 DAGs
[2022-08-02 23:24:04,107] {logging_mixin.py:115} INFO - [2022-08-02 23:24:04,107] {dag.py:2972} INFO - Setting next_dagrun for example_xcom_args to None, run_after=None
[2022-08-02 23:24:04,384] {logging_mixin.py:115} INFO - [2022-08-02 23:24:04,384] {dag.py:2972} INFO - Setting next_dagrun for example_xcom_args_with_operators to None, run_after=None
[2022-08-02 23:24:05,784] {processor.py:161} INFO - Processing /home/airflow/.local/lib/python3.7/site-packages/airflow/example_dags/example_xcomargs.py took 2.990 seconds
[2022-08-02 23:24:36,086] {processor.py:153} INFO - Started process (PID=334) to work on /home/airflow/.local/lib/python3.7/site-packages/airflow/example_dags/example_xcomargs.py
[2022-08-02 23:24:36,089] {processor.py:641} INFO - Processing file /home/airflow/.local/lib/python3.7/site-packages/airflow/example_dags/example_xcomargs.py for tasks to queue
[2022-08-02 23:24:36,092] {logging_mixin.py:115} INFO - [2022-08-02 23:24:36,091] {dagbag.py:508} INFO - Filling up the DagBag from /home/airflow/.local/lib/python3.7/site-packages/airflow/example_dags/example_xcomargs.py
[2022-08-02 23:24:36,120] {processor.py:651} INFO - DAG(s) dict_keys(['example_xcom_args', 'example_xcom_args_with_operators']) retrieved from /home/airflow/.local/lib/python3.7/site-packages/airflow/example_dags/example_xcomargs.py
[2022-08-02 23:24:36,222] {logging_mixin.py:115} INFO - [2022-08-02 23:24:36,221] {dag.py:2420} INFO - Sync 2 DAGs
[2022-08-02 23:24:36,244] {logging_mixin.py:115} INFO - [2022-08-02 23:24:36,244] {dag.py:2972} INFO - Setting next_dagrun for example_xcom_args to None, run_after=None
[2022-08-02 23:24:36,247] {logging_mixin.py:115} INFO - [2022-08-02 23:24:36,247] {dag.py:2972} INFO - Setting next_dagrun for example_xcom_args_with_operators to None, run_after=None
[2022-08-02 23:24:36,277] {processor.py:161} INFO - Processing /home/airflow/.local/lib/python3.7/site-packages/airflow/example_dags/example_xcomargs.py took 0.195 seconds
[2022-08-02 23:25:08,882] {processor.py:153} INFO - Started process (PID=384) to work on /home/airflow/.local/lib/python3.7/site-packages/airflow/example_dags/example_xcomargs.py
[2022-08-02 23:25:08,896] {processor.py:641} INFO - Processing file /home/airflow/.local/lib/python3.7/site-packages/airflow/example_dags/example_xcomargs.py for tasks to queue
[2022-08-02 23:25:08,953] {logging_mixin.py:115} INFO - [2022-08-02 23:25:08,953] {dagbag.py:508} INFO - Filling up the DagBag from /home/airflow/.local/lib/python3.7/site-packages/airflow/example_dags/example_xcomargs.py
[2022-08-02 23:25:09,079] {processor.py:651} INFO - DAG(s) dict_keys(['example_xcom_args', 'example_xcom_args_with_operators']) retrieved from /home/airflow/.local/lib/python3.7/site-packages/airflow/example_dags/example_xcomargs.py
[2022-08-02 23:25:09,610] {logging_mixin.py:115} INFO - [2022-08-02 23:25:09,603] {dag.py:2420} INFO - Sync 2 DAGs
[2022-08-02 23:25:09,774] {logging_mixin.py:115} INFO - [2022-08-02 23:25:09,774] {dag.py:2972} INFO - Setting next_dagrun for example_xcom_args to None, run_after=None
[2022-08-02 23:25:09,793] {logging_mixin.py:115} INFO - [2022-08-02 23:25:09,792] {dag.py:2972} INFO - Setting next_dagrun for example_xcom_args_with_operators to None, run_after=None
[2022-08-02 23:25:09,876] {processor.py:161} INFO - Processing /home/airflow/.local/lib/python3.7/site-packages/airflow/example_dags/example_xcomargs.py took 1.004 seconds
[2022-08-02 23:25:40,593] {processor.py:153} INFO - Started process (PID=436) to work on /home/airflow/.local/lib/python3.7/site-packages/airflow/example_dags/example_xcomargs.py
[2022-08-02 23:25:40,597] {processor.py:641} INFO - Processing file /home/airflow/.local/lib/python3.7/site-packages/airflow/example_dags/example_xcomargs.py for tasks to queue
[2022-08-02 23:25:40,600] {logging_mixin.py:115} INFO - [2022-08-02 23:25:40,600] {dagbag.py:508} INFO - Filling up the DagBag from /home/airflow/.local/lib/python3.7/site-packages/airflow/example_dags/example_xcomargs.py
[2022-08-02 23:25:40,622] {processor.py:651} INFO - DAG(s) dict_keys(['example_xcom_args', 'example_xcom_args_with_operators']) retrieved from /home/airflow/.local/lib/python3.7/site-packages/airflow/example_dags/example_xcomargs.py
[2022-08-02 23:25:40,693] {logging_mixin.py:115} INFO - [2022-08-02 23:25:40,693] {dag.py:2420} INFO - Sync 2 DAGs
[2022-08-02 23:25:40,729] {logging_mixin.py:115} INFO - [2022-08-02 23:25:40,729] {dag.py:2972} INFO - Setting next_dagrun for example_xcom_args to None, run_after=None
[2022-08-02 23:25:40,731] {logging_mixin.py:115} INFO - [2022-08-02 23:25:40,731] {dag.py:2972} INFO - Setting next_dagrun for example_xcom_args_with_operators to None, run_after=None
[2022-08-02 23:25:40,750] {processor.py:161} INFO - Processing /home/airflow/.local/lib/python3.7/site-packages/airflow/example_dags/example_xcomargs.py took 0.164 seconds
[2022-08-02 23:26:11,017] {processor.py:153} INFO - Started process (PID=497) to work on /home/airflow/.local/lib/python3.7/site-packages/airflow/example_dags/example_xcomargs.py
[2022-08-02 23:26:11,025] {processor.py:641} INFO - Processing file /home/airflow/.local/lib/python3.7/site-packages/airflow/example_dags/example_xcomargs.py for tasks to queue
[2022-08-02 23:26:11,031] {logging_mixin.py:115} INFO - [2022-08-02 23:26:11,031] {dagbag.py:508} INFO - Filling up the DagBag from /home/airflow/.local/lib/python3.7/site-packages/airflow/example_dags/example_xcomargs.py
[2022-08-02 23:26:11,059] {processor.py:651} INFO - DAG(s) dict_keys(['example_xcom_args', 'example_xcom_args_with_operators']) retrieved from /home/airflow/.local/lib/python3.7/site-packages/airflow/example_dags/example_xcomargs.py
[2022-08-02 23:26:11,176] {logging_mixin.py:115} INFO - [2022-08-02 23:26:11,176] {dag.py:2420} INFO - Sync 2 DAGs
[2022-08-02 23:26:11,212] {logging_mixin.py:115} INFO - [2022-08-02 23:26:11,212] {dag.py:2972} INFO - Setting next_dagrun for example_xcom_args to None, run_after=None
[2022-08-02 23:26:11,216] {logging_mixin.py:115} INFO - [2022-08-02 23:26:11,216] {dag.py:2972} INFO - Setting next_dagrun for example_xcom_args_with_operators to None, run_after=None
[2022-08-02 23:26:11,246] {processor.py:161} INFO - Processing /home/airflow/.local/lib/python3.7/site-packages/airflow/example_dags/example_xcomargs.py took 0.235 seconds
[2022-08-02 23:26:41,428] {processor.py:153} INFO - Started process (PID=550) to work on /home/airflow/.local/lib/python3.7/site-packages/airflow/example_dags/example_xcomargs.py
[2022-08-02 23:26:41,441] {processor.py:641} INFO - Processing file /home/airflow/.local/lib/python3.7/site-packages/airflow/example_dags/example_xcomargs.py for tasks to queue
[2022-08-02 23:26:41,452] {logging_mixin.py:115} INFO - [2022-08-02 23:26:41,452] {dagbag.py:508} INFO - Filling up the DagBag from /home/airflow/.local/lib/python3.7/site-packages/airflow/example_dags/example_xcomargs.py
[2022-08-02 23:26:41,492] {processor.py:651} INFO - DAG(s) dict_keys(['example_xcom_args', 'example_xcom_args_with_operators']) retrieved from /home/airflow/.local/lib/python3.7/site-packages/airflow/example_dags/example_xcomargs.py
[2022-08-02 23:26:41,661] {logging_mixin.py:115} INFO - [2022-08-02 23:26:41,661] {dag.py:2420} INFO - Sync 2 DAGs
[2022-08-02 23:26:41,714] {logging_mixin.py:115} INFO - [2022-08-02 23:26:41,714] {dag.py:2972} INFO - Setting next_dagrun for example_xcom_args to None, run_after=None
[2022-08-02 23:26:41,718] {logging_mixin.py:115} INFO - [2022-08-02 23:26:41,718] {dag.py:2972} INFO - Setting next_dagrun for example_xcom_args_with_operators to None, run_after=None
[2022-08-02 23:26:41,734] {processor.py:161} INFO - Processing /home/airflow/.local/lib/python3.7/site-packages/airflow/example_dags/example_xcomargs.py took 0.359 seconds
[2022-08-02 23:27:12,704] {processor.py:153} INFO - Started process (PID=599) to work on /home/airflow/.local/lib/python3.7/site-packages/airflow/example_dags/example_xcomargs.py
[2022-08-02 23:27:12,707] {processor.py:641} INFO - Processing file /home/airflow/.local/lib/python3.7/site-packages/airflow/example_dags/example_xcomargs.py for tasks to queue
[2022-08-02 23:27:12,712] {logging_mixin.py:115} INFO - [2022-08-02 23:27:12,712] {dagbag.py:508} INFO - Filling up the DagBag from /home/airflow/.local/lib/python3.7/site-packages/airflow/example_dags/example_xcomargs.py
[2022-08-02 23:27:12,737] {processor.py:651} INFO - DAG(s) dict_keys(['example_xcom_args', 'example_xcom_args_with_operators']) retrieved from /home/airflow/.local/lib/python3.7/site-packages/airflow/example_dags/example_xcomargs.py
[2022-08-02 23:27:12,842] {logging_mixin.py:115} INFO - [2022-08-02 23:27:12,842] {dag.py:2420} INFO - Sync 2 DAGs
[2022-08-02 23:27:12,902] {logging_mixin.py:115} INFO - [2022-08-02 23:27:12,902] {dag.py:2972} INFO - Setting next_dagrun for example_xcom_args to None, run_after=None
[2022-08-02 23:27:12,906] {logging_mixin.py:115} INFO - [2022-08-02 23:27:12,906] {dag.py:2972} INFO - Setting next_dagrun for example_xcom_args_with_operators to None, run_after=None
[2022-08-02 23:27:12,971] {processor.py:161} INFO - Processing /home/airflow/.local/lib/python3.7/site-packages/airflow/example_dags/example_xcomargs.py took 0.273 seconds
[2022-08-02 23:27:43,644] {processor.py:153} INFO - Started process (PID=651) to work on /home/airflow/.local/lib/python3.7/site-packages/airflow/example_dags/example_xcomargs.py
[2022-08-02 23:27:43,655] {processor.py:641} INFO - Processing file /home/airflow/.local/lib/python3.7/site-packages/airflow/example_dags/example_xcomargs.py for tasks to queue
[2022-08-02 23:27:43,665] {logging_mixin.py:115} INFO - [2022-08-02 23:27:43,665] {dagbag.py:508} INFO - Filling up the DagBag from /home/airflow/.local/lib/python3.7/site-packages/airflow/example_dags/example_xcomargs.py
[2022-08-02 23:27:43,702] {processor.py:651} INFO - DAG(s) dict_keys(['example_xcom_args', 'example_xcom_args_with_operators']) retrieved from /home/airflow/.local/lib/python3.7/site-packages/airflow/example_dags/example_xcomargs.py
[2022-08-02 23:27:43,776] {logging_mixin.py:115} INFO - [2022-08-02 23:27:43,776] {dag.py:2420} INFO - Sync 2 DAGs
[2022-08-02 23:27:43,819] {logging_mixin.py:115} INFO - [2022-08-02 23:27:43,819] {dag.py:2972} INFO - Setting next_dagrun for example_xcom_args to None, run_after=None
[2022-08-02 23:27:43,825] {logging_mixin.py:115} INFO - [2022-08-02 23:27:43,825] {dag.py:2972} INFO - Setting next_dagrun for example_xcom_args_with_operators to None, run_after=None
[2022-08-02 23:27:43,850] {processor.py:161} INFO - Processing /home/airflow/.local/lib/python3.7/site-packages/airflow/example_dags/example_xcomargs.py took 0.213 seconds
[2022-08-02 23:28:14,656] {processor.py:153} INFO - Started process (PID=702) to work on /home/airflow/.local/lib/python3.7/site-packages/airflow/example_dags/example_xcomargs.py
[2022-08-02 23:28:14,660] {processor.py:641} INFO - Processing file /home/airflow/.local/lib/python3.7/site-packages/airflow/example_dags/example_xcomargs.py for tasks to queue
[2022-08-02 23:28:14,662] {logging_mixin.py:115} INFO - [2022-08-02 23:28:14,662] {dagbag.py:508} INFO - Filling up the DagBag from /home/airflow/.local/lib/python3.7/site-packages/airflow/example_dags/example_xcomargs.py
[2022-08-02 23:28:14,682] {processor.py:651} INFO - DAG(s) dict_keys(['example_xcom_args', 'example_xcom_args_with_operators']) retrieved from /home/airflow/.local/lib/python3.7/site-packages/airflow/example_dags/example_xcomargs.py
[2022-08-02 23:28:14,773] {logging_mixin.py:115} INFO - [2022-08-02 23:28:14,772] {dag.py:2420} INFO - Sync 2 DAGs
[2022-08-02 23:28:14,796] {logging_mixin.py:115} INFO - [2022-08-02 23:28:14,796] {dag.py:2972} INFO - Setting next_dagrun for example_xcom_args to None, run_after=None
[2022-08-02 23:28:14,799] {logging_mixin.py:115} INFO - [2022-08-02 23:28:14,799] {dag.py:2972} INFO - Setting next_dagrun for example_xcom_args_with_operators to None, run_after=None
[2022-08-02 23:28:14,817] {processor.py:161} INFO - Processing /home/airflow/.local/lib/python3.7/site-packages/airflow/example_dags/example_xcomargs.py took 0.165 seconds
[2022-08-02 23:28:45,119] {processor.py:153} INFO - Started process (PID=755) to work on /home/airflow/.local/lib/python3.7/site-packages/airflow/example_dags/example_xcomargs.py
[2022-08-02 23:28:45,127] {processor.py:641} INFO - Processing file /home/airflow/.local/lib/python3.7/site-packages/airflow/example_dags/example_xcomargs.py for tasks to queue
[2022-08-02 23:28:45,141] {logging_mixin.py:115} INFO - [2022-08-02 23:28:45,141] {dagbag.py:508} INFO - Filling up the DagBag from /home/airflow/.local/lib/python3.7/site-packages/airflow/example_dags/example_xcomargs.py
[2022-08-02 23:28:45,207] {processor.py:651} INFO - DAG(s) dict_keys(['example_xcom_args', 'example_xcom_args_with_operators']) retrieved from /home/airflow/.local/lib/python3.7/site-packages/airflow/example_dags/example_xcomargs.py
[2022-08-02 23:28:45,279] {logging_mixin.py:115} INFO - [2022-08-02 23:28:45,278] {dag.py:2420} INFO - Sync 2 DAGs
[2022-08-02 23:28:45,307] {logging_mixin.py:115} INFO - [2022-08-02 23:28:45,307] {dag.py:2972} INFO - Setting next_dagrun for example_xcom_args to None, run_after=None
[2022-08-02 23:28:45,310] {logging_mixin.py:115} INFO - [2022-08-02 23:28:45,310] {dag.py:2972} INFO - Setting next_dagrun for example_xcom_args_with_operators to None, run_after=None
[2022-08-02 23:28:45,336] {processor.py:161} INFO - Processing /home/airflow/.local/lib/python3.7/site-packages/airflow/example_dags/example_xcomargs.py took 0.222 seconds
[2022-08-02 23:29:16,315] {processor.py:153} INFO - Started process (PID=806) to work on /home/airflow/.local/lib/python3.7/site-packages/airflow/example_dags/example_xcomargs.py
[2022-08-02 23:29:16,318] {processor.py:641} INFO - Processing file /home/airflow/.local/lib/python3.7/site-packages/airflow/example_dags/example_xcomargs.py for tasks to queue
[2022-08-02 23:29:16,321] {logging_mixin.py:115} INFO - [2022-08-02 23:29:16,321] {dagbag.py:508} INFO - Filling up the DagBag from /home/airflow/.local/lib/python3.7/site-packages/airflow/example_dags/example_xcomargs.py
[2022-08-02 23:29:16,338] {processor.py:651} INFO - DAG(s) dict_keys(['example_xcom_args', 'example_xcom_args_with_operators']) retrieved from /home/airflow/.local/lib/python3.7/site-packages/airflow/example_dags/example_xcomargs.py
[2022-08-02 23:29:16,408] {logging_mixin.py:115} INFO - [2022-08-02 23:29:16,408] {dag.py:2420} INFO - Sync 2 DAGs
[2022-08-02 23:29:16,435] {logging_mixin.py:115} INFO - [2022-08-02 23:29:16,435] {dag.py:2972} INFO - Setting next_dagrun for example_xcom_args to None, run_after=None
[2022-08-02 23:29:16,437] {logging_mixin.py:115} INFO - [2022-08-02 23:29:16,437] {dag.py:2972} INFO - Setting next_dagrun for example_xcom_args_with_operators to None, run_after=None
[2022-08-02 23:29:16,452] {processor.py:161} INFO - Processing /home/airflow/.local/lib/python3.7/site-packages/airflow/example_dags/example_xcomargs.py took 0.140 seconds
[2022-08-02 23:29:47,016] {processor.py:153} INFO - Started process (PID=867) to work on /home/airflow/.local/lib/python3.7/site-packages/airflow/example_dags/example_xcomargs.py
[2022-08-02 23:29:47,032] {processor.py:641} INFO - Processing file /home/airflow/.local/lib/python3.7/site-packages/airflow/example_dags/example_xcomargs.py for tasks to queue
[2022-08-02 23:29:47,040] {logging_mixin.py:115} INFO - [2022-08-02 23:29:47,040] {dagbag.py:508} INFO - Filling up the DagBag from /home/airflow/.local/lib/python3.7/site-packages/airflow/example_dags/example_xcomargs.py
[2022-08-02 23:29:47,077] {processor.py:651} INFO - DAG(s) dict_keys(['example_xcom_args', 'example_xcom_args_with_operators']) retrieved from /home/airflow/.local/lib/python3.7/site-packages/airflow/example_dags/example_xcomargs.py
[2022-08-02 23:29:47,234] {logging_mixin.py:115} INFO - [2022-08-02 23:29:47,234] {dag.py:2420} INFO - Sync 2 DAGs
[2022-08-02 23:29:47,279] {logging_mixin.py:115} INFO - [2022-08-02 23:29:47,279] {dag.py:2972} INFO - Setting next_dagrun for example_xcom_args to None, run_after=None
[2022-08-02 23:29:47,287] {logging_mixin.py:115} INFO - [2022-08-02 23:29:47,287] {dag.py:2972} INFO - Setting next_dagrun for example_xcom_args_with_operators to None, run_after=None
[2022-08-02 23:29:47,316] {processor.py:161} INFO - Processing /home/airflow/.local/lib/python3.7/site-packages/airflow/example_dags/example_xcomargs.py took 0.318 seconds
[2022-08-02 23:30:18,157] {processor.py:153} INFO - Started process (PID=910) to work on /home/airflow/.local/lib/python3.7/site-packages/airflow/example_dags/example_xcomargs.py
[2022-08-02 23:30:18,180] {processor.py:641} INFO - Processing file /home/airflow/.local/lib/python3.7/site-packages/airflow/example_dags/example_xcomargs.py for tasks to queue
[2022-08-02 23:30:18,194] {logging_mixin.py:115} INFO - [2022-08-02 23:30:18,194] {dagbag.py:508} INFO - Filling up the DagBag from /home/airflow/.local/lib/python3.7/site-packages/airflow/example_dags/example_xcomargs.py
[2022-08-02 23:30:18,281] {processor.py:651} INFO - DAG(s) dict_keys(['example_xcom_args', 'example_xcom_args_with_operators']) retrieved from /home/airflow/.local/lib/python3.7/site-packages/airflow/example_dags/example_xcomargs.py
[2022-08-02 23:30:18,718] {logging_mixin.py:115} INFO - [2022-08-02 23:30:18,718] {dag.py:2420} INFO - Sync 2 DAGs
[2022-08-02 23:30:18,751] {logging_mixin.py:115} INFO - [2022-08-02 23:30:18,750] {dag.py:2972} INFO - Setting next_dagrun for example_xcom_args to None, run_after=None
[2022-08-02 23:30:18,755] {logging_mixin.py:115} INFO - [2022-08-02 23:30:18,755] {dag.py:2972} INFO - Setting next_dagrun for example_xcom_args_with_operators to None, run_after=None
[2022-08-02 23:30:18,786] {processor.py:161} INFO - Processing /home/airflow/.local/lib/python3.7/site-packages/airflow/example_dags/example_xcomargs.py took 0.656 seconds
[2022-08-02 23:30:49,668] {processor.py:153} INFO - Started process (PID=973) to work on /home/airflow/.local/lib/python3.7/site-packages/airflow/example_dags/example_xcomargs.py
[2022-08-02 23:30:49,672] {processor.py:641} INFO - Processing file /home/airflow/.local/lib/python3.7/site-packages/airflow/example_dags/example_xcomargs.py for tasks to queue
[2022-08-02 23:30:49,676] {logging_mixin.py:115} INFO - [2022-08-02 23:30:49,676] {dagbag.py:508} INFO - Filling up the DagBag from /home/airflow/.local/lib/python3.7/site-packages/airflow/example_dags/example_xcomargs.py
[2022-08-02 23:30:49,698] {processor.py:651} INFO - DAG(s) dict_keys(['example_xcom_args', 'example_xcom_args_with_operators']) retrieved from /home/airflow/.local/lib/python3.7/site-packages/airflow/example_dags/example_xcomargs.py
[2022-08-02 23:30:49,784] {logging_mixin.py:115} INFO - [2022-08-02 23:30:49,783] {dag.py:2420} INFO - Sync 2 DAGs
[2022-08-02 23:30:49,834] {logging_mixin.py:115} INFO - [2022-08-02 23:30:49,834] {dag.py:2972} INFO - Setting next_dagrun for example_xcom_args to None, run_after=None
[2022-08-02 23:30:49,840] {logging_mixin.py:115} INFO - [2022-08-02 23:30:49,840] {dag.py:2972} INFO - Setting next_dagrun for example_xcom_args_with_operators to None, run_after=None
[2022-08-02 23:30:49,872] {processor.py:161} INFO - Processing /home/airflow/.local/lib/python3.7/site-packages/airflow/example_dags/example_xcomargs.py took 0.210 seconds
[2022-08-02 23:31:20,233] {processor.py:153} INFO - Started process (PID=1025) to work on /home/airflow/.local/lib/python3.7/site-packages/airflow/example_dags/example_xcomargs.py
[2022-08-02 23:31:20,235] {processor.py:641} INFO - Processing file /home/airflow/.local/lib/python3.7/site-packages/airflow/example_dags/example_xcomargs.py for tasks to queue
[2022-08-02 23:31:20,237] {logging_mixin.py:115} INFO - [2022-08-02 23:31:20,237] {dagbag.py:508} INFO - Filling up the DagBag from /home/airflow/.local/lib/python3.7/site-packages/airflow/example_dags/example_xcomargs.py
[2022-08-02 23:31:20,254] {processor.py:651} INFO - DAG(s) dict_keys(['example_xcom_args', 'example_xcom_args_with_operators']) retrieved from /home/airflow/.local/lib/python3.7/site-packages/airflow/example_dags/example_xcomargs.py
[2022-08-02 23:31:20,285] {logging_mixin.py:115} INFO - [2022-08-02 23:31:20,285] {dag.py:2420} INFO - Sync 2 DAGs
[2022-08-02 23:31:20,310] {logging_mixin.py:115} INFO - [2022-08-02 23:31:20,310] {dag.py:2972} INFO - Setting next_dagrun for example_xcom_args to None, run_after=None
[2022-08-02 23:31:20,314] {logging_mixin.py:115} INFO - [2022-08-02 23:31:20,314] {dag.py:2972} INFO - Setting next_dagrun for example_xcom_args_with_operators to None, run_after=None
[2022-08-02 23:31:20,348] {processor.py:161} INFO - Processing /home/airflow/.local/lib/python3.7/site-packages/airflow/example_dags/example_xcomargs.py took 0.119 seconds
[2022-08-02 23:31:50,688] {processor.py:153} INFO - Started process (PID=1077) to work on /home/airflow/.local/lib/python3.7/site-packages/airflow/example_dags/example_xcomargs.py
[2022-08-02 23:31:50,700] {processor.py:641} INFO - Processing file /home/airflow/.local/lib/python3.7/site-packages/airflow/example_dags/example_xcomargs.py for tasks to queue
[2022-08-02 23:31:50,704] {logging_mixin.py:115} INFO - [2022-08-02 23:31:50,703] {dagbag.py:508} INFO - Filling up the DagBag from /home/airflow/.local/lib/python3.7/site-packages/airflow/example_dags/example_xcomargs.py
[2022-08-02 23:31:50,750] {processor.py:651} INFO - DAG(s) dict_keys(['example_xcom_args', 'example_xcom_args_with_operators']) retrieved from /home/airflow/.local/lib/python3.7/site-packages/airflow/example_dags/example_xcomargs.py
[2022-08-02 23:31:51,030] {logging_mixin.py:115} INFO - [2022-08-02 23:31:51,028] {dag.py:2420} INFO - Sync 2 DAGs
[2022-08-02 23:31:51,088] {logging_mixin.py:115} INFO - [2022-08-02 23:31:51,087] {dag.py:2972} INFO - Setting next_dagrun for example_xcom_args to None, run_after=None
[2022-08-02 23:31:51,098] {logging_mixin.py:115} INFO - [2022-08-02 23:31:51,097] {dag.py:2972} INFO - Setting next_dagrun for example_xcom_args_with_operators to None, run_after=None
[2022-08-02 23:31:51,148] {processor.py:161} INFO - Processing /home/airflow/.local/lib/python3.7/site-packages/airflow/example_dags/example_xcomargs.py took 0.466 seconds
[2022-08-02 23:32:21,491] {processor.py:153} INFO - Started process (PID=1137) to work on /home/airflow/.local/lib/python3.7/site-packages/airflow/example_dags/example_xcomargs.py
[2022-08-02 23:32:21,501] {processor.py:641} INFO - Processing file /home/airflow/.local/lib/python3.7/site-packages/airflow/example_dags/example_xcomargs.py for tasks to queue
[2022-08-02 23:32:21,509] {logging_mixin.py:115} INFO - [2022-08-02 23:32:21,509] {dagbag.py:508} INFO - Filling up the DagBag from /home/airflow/.local/lib/python3.7/site-packages/airflow/example_dags/example_xcomargs.py
[2022-08-02 23:32:21,538] {processor.py:651} INFO - DAG(s) dict_keys(['example_xcom_args', 'example_xcom_args_with_operators']) retrieved from /home/airflow/.local/lib/python3.7/site-packages/airflow/example_dags/example_xcomargs.py
[2022-08-02 23:32:21,588] {logging_mixin.py:115} INFO - [2022-08-02 23:32:21,588] {dag.py:2420} INFO - Sync 2 DAGs
[2022-08-02 23:32:21,620] {logging_mixin.py:115} INFO - [2022-08-02 23:32:21,620] {dag.py:2972} INFO - Setting next_dagrun for example_xcom_args to None, run_after=None
[2022-08-02 23:32:21,624] {logging_mixin.py:115} INFO - [2022-08-02 23:32:21,624] {dag.py:2972} INFO - Setting next_dagrun for example_xcom_args_with_operators to None, run_after=None
[2022-08-02 23:32:21,657] {processor.py:161} INFO - Processing /home/airflow/.local/lib/python3.7/site-packages/airflow/example_dags/example_xcomargs.py took 0.170 seconds
[2022-08-02 23:32:52,247] {processor.py:153} INFO - Started process (PID=1190) to work on /home/airflow/.local/lib/python3.7/site-packages/airflow/example_dags/example_xcomargs.py
[2022-08-02 23:32:52,254] {processor.py:641} INFO - Processing file /home/airflow/.local/lib/python3.7/site-packages/airflow/example_dags/example_xcomargs.py for tasks to queue
[2022-08-02 23:32:52,290] {logging_mixin.py:115} INFO - [2022-08-02 23:32:52,290] {dagbag.py:508} INFO - Filling up the DagBag from /home/airflow/.local/lib/python3.7/site-packages/airflow/example_dags/example_xcomargs.py
[2022-08-02 23:32:52,312] {processor.py:651} INFO - DAG(s) dict_keys(['example_xcom_args', 'example_xcom_args_with_operators']) retrieved from /home/airflow/.local/lib/python3.7/site-packages/airflow/example_dags/example_xcomargs.py
[2022-08-02 23:32:52,381] {logging_mixin.py:115} INFO - [2022-08-02 23:32:52,381] {dag.py:2420} INFO - Sync 2 DAGs
[2022-08-02 23:32:52,405] {logging_mixin.py:115} INFO - [2022-08-02 23:32:52,405] {dag.py:2972} INFO - Setting next_dagrun for example_xcom_args to None, run_after=None
[2022-08-02 23:32:52,412] {logging_mixin.py:115} INFO - [2022-08-02 23:32:52,412] {dag.py:2972} INFO - Setting next_dagrun for example_xcom_args_with_operators to None, run_after=None
[2022-08-02 23:32:52,437] {processor.py:161} INFO - Processing /home/airflow/.local/lib/python3.7/site-packages/airflow/example_dags/example_xcomargs.py took 0.196 seconds
[2022-08-02 23:33:22,912] {processor.py:153} INFO - Started process (PID=1241) to work on /home/airflow/.local/lib/python3.7/site-packages/airflow/example_dags/example_xcomargs.py
[2022-08-02 23:33:22,915] {processor.py:641} INFO - Processing file /home/airflow/.local/lib/python3.7/site-packages/airflow/example_dags/example_xcomargs.py for tasks to queue
[2022-08-02 23:33:22,918] {logging_mixin.py:115} INFO - [2022-08-02 23:33:22,918] {dagbag.py:508} INFO - Filling up the DagBag from /home/airflow/.local/lib/python3.7/site-packages/airflow/example_dags/example_xcomargs.py
[2022-08-02 23:33:22,940] {processor.py:651} INFO - DAG(s) dict_keys(['example_xcom_args', 'example_xcom_args_with_operators']) retrieved from /home/airflow/.local/lib/python3.7/site-packages/airflow/example_dags/example_xcomargs.py
[2022-08-02 23:33:23,057] {logging_mixin.py:115} INFO - [2022-08-02 23:33:23,056] {dag.py:2420} INFO - Sync 2 DAGs
[2022-08-02 23:33:23,099] {logging_mixin.py:115} INFO - [2022-08-02 23:33:23,099] {dag.py:2972} INFO - Setting next_dagrun for example_xcom_args to None, run_after=None
[2022-08-02 23:33:23,106] {logging_mixin.py:115} INFO - [2022-08-02 23:33:23,106] {dag.py:2972} INFO - Setting next_dagrun for example_xcom_args_with_operators to None, run_after=None
[2022-08-02 23:33:23,133] {processor.py:161} INFO - Processing /home/airflow/.local/lib/python3.7/site-packages/airflow/example_dags/example_xcomargs.py took 0.226 seconds
[2022-08-02 23:33:53,628] {processor.py:153} INFO - Started process (PID=1301) to work on /home/airflow/.local/lib/python3.7/site-packages/airflow/example_dags/example_xcomargs.py
[2022-08-02 23:33:53,638] {processor.py:641} INFO - Processing file /home/airflow/.local/lib/python3.7/site-packages/airflow/example_dags/example_xcomargs.py for tasks to queue
[2022-08-02 23:33:53,649] {logging_mixin.py:115} INFO - [2022-08-02 23:33:53,649] {dagbag.py:508} INFO - Filling up the DagBag from /home/airflow/.local/lib/python3.7/site-packages/airflow/example_dags/example_xcomargs.py
[2022-08-02 23:33:53,679] {processor.py:651} INFO - DAG(s) dict_keys(['example_xcom_args', 'example_xcom_args_with_operators']) retrieved from /home/airflow/.local/lib/python3.7/site-packages/airflow/example_dags/example_xcomargs.py
[2022-08-02 23:33:53,752] {logging_mixin.py:115} INFO - [2022-08-02 23:33:53,752] {dag.py:2420} INFO - Sync 2 DAGs
[2022-08-02 23:33:53,781] {logging_mixin.py:115} INFO - [2022-08-02 23:33:53,781] {dag.py:2972} INFO - Setting next_dagrun for example_xcom_args to None, run_after=None
[2022-08-02 23:33:53,785] {logging_mixin.py:115} INFO - [2022-08-02 23:33:53,785] {dag.py:2972} INFO - Setting next_dagrun for example_xcom_args_with_operators to None, run_after=None
[2022-08-02 23:33:53,810] {processor.py:161} INFO - Processing /home/airflow/.local/lib/python3.7/site-packages/airflow/example_dags/example_xcomargs.py took 0.188 seconds
[2022-08-02 23:34:24,234] {processor.py:153} INFO - Started process (PID=1353) to work on /home/airflow/.local/lib/python3.7/site-packages/airflow/example_dags/example_xcomargs.py
[2022-08-02 23:34:24,238] {processor.py:641} INFO - Processing file /home/airflow/.local/lib/python3.7/site-packages/airflow/example_dags/example_xcomargs.py for tasks to queue
[2022-08-02 23:34:24,241] {logging_mixin.py:115} INFO - [2022-08-02 23:34:24,241] {dagbag.py:508} INFO - Filling up the DagBag from /home/airflow/.local/lib/python3.7/site-packages/airflow/example_dags/example_xcomargs.py
[2022-08-02 23:34:24,282] {processor.py:651} INFO - DAG(s) dict_keys(['example_xcom_args', 'example_xcom_args_with_operators']) retrieved from /home/airflow/.local/lib/python3.7/site-packages/airflow/example_dags/example_xcomargs.py
[2022-08-02 23:34:24,395] {logging_mixin.py:115} INFO - [2022-08-02 23:34:24,394] {dag.py:2420} INFO - Sync 2 DAGs
[2022-08-02 23:34:24,438] {logging_mixin.py:115} INFO - [2022-08-02 23:34:24,437] {dag.py:2972} INFO - Setting next_dagrun for example_xcom_args to None, run_after=None
[2022-08-02 23:34:24,446] {logging_mixin.py:115} INFO - [2022-08-02 23:34:24,446] {dag.py:2972} INFO - Setting next_dagrun for example_xcom_args_with_operators to None, run_after=None
[2022-08-02 23:34:24,477] {processor.py:161} INFO - Processing /home/airflow/.local/lib/python3.7/site-packages/airflow/example_dags/example_xcomargs.py took 0.251 seconds
[2022-08-02 23:34:54,987] {processor.py:153} INFO - Started process (PID=1406) to work on /home/airflow/.local/lib/python3.7/site-packages/airflow/example_dags/example_xcomargs.py
[2022-08-02 23:34:54,999] {processor.py:641} INFO - Processing file /home/airflow/.local/lib/python3.7/site-packages/airflow/example_dags/example_xcomargs.py for tasks to queue
[2022-08-02 23:34:55,014] {logging_mixin.py:115} INFO - [2022-08-02 23:34:55,014] {dagbag.py:508} INFO - Filling up the DagBag from /home/airflow/.local/lib/python3.7/site-packages/airflow/example_dags/example_xcomargs.py
[2022-08-02 23:34:55,137] {processor.py:651} INFO - DAG(s) dict_keys(['example_xcom_args', 'example_xcom_args_with_operators']) retrieved from /home/airflow/.local/lib/python3.7/site-packages/airflow/example_dags/example_xcomargs.py
[2022-08-02 23:34:55,481] {logging_mixin.py:115} INFO - [2022-08-02 23:34:55,481] {dag.py:2420} INFO - Sync 2 DAGs
[2022-08-02 23:34:55,537] {logging_mixin.py:115} INFO - [2022-08-02 23:34:55,537] {dag.py:2972} INFO - Setting next_dagrun for example_xcom_args to None, run_after=None
[2022-08-02 23:34:55,545] {logging_mixin.py:115} INFO - [2022-08-02 23:34:55,545] {dag.py:2972} INFO - Setting next_dagrun for example_xcom_args_with_operators to None, run_after=None
[2022-08-02 23:34:55,593] {processor.py:161} INFO - Processing /home/airflow/.local/lib/python3.7/site-packages/airflow/example_dags/example_xcomargs.py took 0.676 seconds
[2022-08-02 23:35:28,853] {processor.py:153} INFO - Started process (PID=1458) to work on /home/airflow/.local/lib/python3.7/site-packages/airflow/example_dags/example_xcomargs.py
[2022-08-02 23:35:28,856] {processor.py:641} INFO - Processing file /home/airflow/.local/lib/python3.7/site-packages/airflow/example_dags/example_xcomargs.py for tasks to queue
[2022-08-02 23:35:28,866] {logging_mixin.py:115} INFO - [2022-08-02 23:35:28,866] {dagbag.py:508} INFO - Filling up the DagBag from /home/airflow/.local/lib/python3.7/site-packages/airflow/example_dags/example_xcomargs.py
[2022-08-02 23:35:29,008] {processor.py:651} INFO - DAG(s) dict_keys(['example_xcom_args', 'example_xcom_args_with_operators']) retrieved from /home/airflow/.local/lib/python3.7/site-packages/airflow/example_dags/example_xcomargs.py
[2022-08-02 23:35:29,089] {logging_mixin.py:115} INFO - [2022-08-02 23:35:29,088] {dag.py:2420} INFO - Sync 2 DAGs
[2022-08-02 23:35:29,183] {logging_mixin.py:115} INFO - [2022-08-02 23:35:29,183] {dag.py:2972} INFO - Setting next_dagrun for example_xcom_args to None, run_after=None
[2022-08-02 23:35:29,195] {logging_mixin.py:115} INFO - [2022-08-02 23:35:29,195] {dag.py:2972} INFO - Setting next_dagrun for example_xcom_args_with_operators to None, run_after=None
[2022-08-02 23:35:29,281] {processor.py:161} INFO - Processing /home/airflow/.local/lib/python3.7/site-packages/airflow/example_dags/example_xcomargs.py took 0.433 seconds
[2022-08-02 23:35:59,640] {processor.py:153} INFO - Started process (PID=1511) to work on /home/airflow/.local/lib/python3.7/site-packages/airflow/example_dags/example_xcomargs.py
[2022-08-02 23:35:59,643] {processor.py:641} INFO - Processing file /home/airflow/.local/lib/python3.7/site-packages/airflow/example_dags/example_xcomargs.py for tasks to queue
[2022-08-02 23:35:59,645] {logging_mixin.py:115} INFO - [2022-08-02 23:35:59,644] {dagbag.py:508} INFO - Filling up the DagBag from /home/airflow/.local/lib/python3.7/site-packages/airflow/example_dags/example_xcomargs.py
[2022-08-02 23:35:59,665] {processor.py:651} INFO - DAG(s) dict_keys(['example_xcom_args', 'example_xcom_args_with_operators']) retrieved from /home/airflow/.local/lib/python3.7/site-packages/airflow/example_dags/example_xcomargs.py
[2022-08-02 23:35:59,711] {logging_mixin.py:115} INFO - [2022-08-02 23:35:59,711] {dag.py:2420} INFO - Sync 2 DAGs
[2022-08-02 23:35:59,735] {logging_mixin.py:115} INFO - [2022-08-02 23:35:59,734] {dag.py:2972} INFO - Setting next_dagrun for example_xcom_args to None, run_after=None
[2022-08-02 23:35:59,740] {logging_mixin.py:115} INFO - [2022-08-02 23:35:59,740] {dag.py:2972} INFO - Setting next_dagrun for example_xcom_args_with_operators to None, run_after=None
[2022-08-02 23:35:59,743] {processor.py:161} INFO - Processing /home/airflow/.local/lib/python3.7/site-packages/airflow/example_dags/example_xcomargs.py took 0.124 seconds
[2022-08-02 23:36:30,475] {processor.py:153} INFO - Started process (PID=1573) to work on /home/airflow/.local/lib/python3.7/site-packages/airflow/example_dags/example_xcomargs.py
[2022-08-02 23:36:30,483] {processor.py:641} INFO - Processing file /home/airflow/.local/lib/python3.7/site-packages/airflow/example_dags/example_xcomargs.py for tasks to queue
[2022-08-02 23:36:30,493] {logging_mixin.py:115} INFO - [2022-08-02 23:36:30,493] {dagbag.py:508} INFO - Filling up the DagBag from /home/airflow/.local/lib/python3.7/site-packages/airflow/example_dags/example_xcomargs.py
[2022-08-02 23:36:30,529] {processor.py:651} INFO - DAG(s) dict_keys(['example_xcom_args', 'example_xcom_args_with_operators']) retrieved from /home/airflow/.local/lib/python3.7/site-packages/airflow/example_dags/example_xcomargs.py
[2022-08-02 23:36:30,580] {logging_mixin.py:115} INFO - [2022-08-02 23:36:30,580] {dag.py:2420} INFO - Sync 2 DAGs
[2022-08-02 23:36:30,606] {logging_mixin.py:115} INFO - [2022-08-02 23:36:30,606] {dag.py:2972} INFO - Setting next_dagrun for example_xcom_args to None, run_after=None
[2022-08-02 23:36:30,609] {logging_mixin.py:115} INFO - [2022-08-02 23:36:30,609] {dag.py:2972} INFO - Setting next_dagrun for example_xcom_args_with_operators to None, run_after=None
[2022-08-02 23:36:30,629] {processor.py:161} INFO - Processing /home/airflow/.local/lib/python3.7/site-packages/airflow/example_dags/example_xcomargs.py took 0.159 seconds
[2022-08-02 23:37:00,718] {processor.py:153} INFO - Started process (PID=1625) to work on /home/airflow/.local/lib/python3.7/site-packages/airflow/example_dags/example_xcomargs.py
[2022-08-02 23:37:00,723] {processor.py:641} INFO - Processing file /home/airflow/.local/lib/python3.7/site-packages/airflow/example_dags/example_xcomargs.py for tasks to queue
[2022-08-02 23:37:00,728] {logging_mixin.py:115} INFO - [2022-08-02 23:37:00,728] {dagbag.py:508} INFO - Filling up the DagBag from /home/airflow/.local/lib/python3.7/site-packages/airflow/example_dags/example_xcomargs.py
[2022-08-02 23:37:00,751] {processor.py:651} INFO - DAG(s) dict_keys(['example_xcom_args', 'example_xcom_args_with_operators']) retrieved from /home/airflow/.local/lib/python3.7/site-packages/airflow/example_dags/example_xcomargs.py
[2022-08-02 23:37:00,869] {logging_mixin.py:115} INFO - [2022-08-02 23:37:00,869] {dag.py:2420} INFO - Sync 2 DAGs
[2022-08-02 23:37:00,931] {logging_mixin.py:115} INFO - [2022-08-02 23:37:00,931] {dag.py:2972} INFO - Setting next_dagrun for example_xcom_args to None, run_after=None
[2022-08-02 23:37:00,936] {logging_mixin.py:115} INFO - [2022-08-02 23:37:00,936] {dag.py:2972} INFO - Setting next_dagrun for example_xcom_args_with_operators to None, run_after=None
[2022-08-02 23:37:00,977] {processor.py:161} INFO - Processing /home/airflow/.local/lib/python3.7/site-packages/airflow/example_dags/example_xcomargs.py took 0.262 seconds
[2022-08-02 23:37:31,502] {processor.py:153} INFO - Started process (PID=1686) to work on /home/airflow/.local/lib/python3.7/site-packages/airflow/example_dags/example_xcomargs.py
[2022-08-02 23:37:31,511] {processor.py:641} INFO - Processing file /home/airflow/.local/lib/python3.7/site-packages/airflow/example_dags/example_xcomargs.py for tasks to queue
[2022-08-02 23:37:31,514] {logging_mixin.py:115} INFO - [2022-08-02 23:37:31,514] {dagbag.py:508} INFO - Filling up the DagBag from /home/airflow/.local/lib/python3.7/site-packages/airflow/example_dags/example_xcomargs.py
[2022-08-02 23:37:31,533] {processor.py:651} INFO - DAG(s) dict_keys(['example_xcom_args', 'example_xcom_args_with_operators']) retrieved from /home/airflow/.local/lib/python3.7/site-packages/airflow/example_dags/example_xcomargs.py
[2022-08-02 23:37:31,609] {logging_mixin.py:115} INFO - [2022-08-02 23:37:31,609] {dag.py:2420} INFO - Sync 2 DAGs
[2022-08-02 23:37:31,641] {logging_mixin.py:115} INFO - [2022-08-02 23:37:31,641] {dag.py:2972} INFO - Setting next_dagrun for example_xcom_args to None, run_after=None
[2022-08-02 23:37:31,645] {logging_mixin.py:115} INFO - [2022-08-02 23:37:31,645] {dag.py:2972} INFO - Setting next_dagrun for example_xcom_args_with_operators to None, run_after=None
[2022-08-02 23:37:31,669] {processor.py:161} INFO - Processing /home/airflow/.local/lib/python3.7/site-packages/airflow/example_dags/example_xcomargs.py took 0.170 seconds
[2022-08-02 23:38:03,436] {processor.py:153} INFO - Started process (PID=1747) to work on /home/airflow/.local/lib/python3.7/site-packages/airflow/example_dags/example_xcomargs.py
[2022-08-02 23:38:03,476] {processor.py:641} INFO - Processing file /home/airflow/.local/lib/python3.7/site-packages/airflow/example_dags/example_xcomargs.py for tasks to queue
[2022-08-02 23:38:03,522] {logging_mixin.py:115} INFO - [2022-08-02 23:38:03,522] {dagbag.py:508} INFO - Filling up the DagBag from /home/airflow/.local/lib/python3.7/site-packages/airflow/example_dags/example_xcomargs.py
[2022-08-02 23:38:04,540] {processor.py:651} INFO - DAG(s) dict_keys(['example_xcom_args', 'example_xcom_args_with_operators']) retrieved from /home/airflow/.local/lib/python3.7/site-packages/airflow/example_dags/example_xcomargs.py
[2022-08-02 23:38:05,462] {logging_mixin.py:115} INFO - [2022-08-02 23:38:05,461] {dag.py:2420} INFO - Sync 2 DAGs
[2022-08-02 23:38:05,516] {logging_mixin.py:115} INFO - [2022-08-02 23:38:05,516] {dag.py:2972} INFO - Setting next_dagrun for example_xcom_args to None, run_after=None
[2022-08-02 23:38:05,528] {logging_mixin.py:115} INFO - [2022-08-02 23:38:05,527] {dag.py:2972} INFO - Setting next_dagrun for example_xcom_args_with_operators to None, run_after=None
[2022-08-02 23:38:05,579] {processor.py:161} INFO - Processing /home/airflow/.local/lib/python3.7/site-packages/airflow/example_dags/example_xcomargs.py took 2.171 seconds
[2022-08-02 23:38:35,694] {processor.py:153} INFO - Started process (PID=1808) to work on /home/airflow/.local/lib/python3.7/site-packages/airflow/example_dags/example_xcomargs.py
[2022-08-02 23:38:35,698] {processor.py:641} INFO - Processing file /home/airflow/.local/lib/python3.7/site-packages/airflow/example_dags/example_xcomargs.py for tasks to queue
[2022-08-02 23:38:35,703] {logging_mixin.py:115} INFO - [2022-08-02 23:38:35,703] {dagbag.py:508} INFO - Filling up the DagBag from /home/airflow/.local/lib/python3.7/site-packages/airflow/example_dags/example_xcomargs.py
[2022-08-02 23:38:35,725] {processor.py:651} INFO - DAG(s) dict_keys(['example_xcom_args', 'example_xcom_args_with_operators']) retrieved from /home/airflow/.local/lib/python3.7/site-packages/airflow/example_dags/example_xcomargs.py
[2022-08-02 23:38:35,769] {logging_mixin.py:115} INFO - [2022-08-02 23:38:35,769] {dag.py:2420} INFO - Sync 2 DAGs
[2022-08-02 23:38:35,813] {logging_mixin.py:115} INFO - [2022-08-02 23:38:35,813] {dag.py:2972} INFO - Setting next_dagrun for example_xcom_args to None, run_after=None
[2022-08-02 23:38:35,818] {logging_mixin.py:115} INFO - [2022-08-02 23:38:35,818] {dag.py:2972} INFO - Setting next_dagrun for example_xcom_args_with_operators to None, run_after=None
[2022-08-02 23:38:35,836] {processor.py:161} INFO - Processing /home/airflow/.local/lib/python3.7/site-packages/airflow/example_dags/example_xcomargs.py took 0.144 seconds
[2022-08-02 23:39:06,216] {processor.py:153} INFO - Started process (PID=1860) to work on /home/airflow/.local/lib/python3.7/site-packages/airflow/example_dags/example_xcomargs.py
[2022-08-02 23:39:06,226] {processor.py:641} INFO - Processing file /home/airflow/.local/lib/python3.7/site-packages/airflow/example_dags/example_xcomargs.py for tasks to queue
[2022-08-02 23:39:06,230] {logging_mixin.py:115} INFO - [2022-08-02 23:39:06,230] {dagbag.py:508} INFO - Filling up the DagBag from /home/airflow/.local/lib/python3.7/site-packages/airflow/example_dags/example_xcomargs.py
[2022-08-02 23:39:06,275] {processor.py:651} INFO - DAG(s) dict_keys(['example_xcom_args', 'example_xcom_args_with_operators']) retrieved from /home/airflow/.local/lib/python3.7/site-packages/airflow/example_dags/example_xcomargs.py
[2022-08-02 23:39:06,365] {logging_mixin.py:115} INFO - [2022-08-02 23:39:06,365] {dag.py:2420} INFO - Sync 2 DAGs
[2022-08-02 23:39:06,411] {logging_mixin.py:115} INFO - [2022-08-02 23:39:06,411] {dag.py:2972} INFO - Setting next_dagrun for example_xcom_args to None, run_after=None
[2022-08-02 23:39:06,419] {logging_mixin.py:115} INFO - [2022-08-02 23:39:06,419] {dag.py:2972} INFO - Setting next_dagrun for example_xcom_args_with_operators to None, run_after=None
[2022-08-02 23:39:06,446] {processor.py:161} INFO - Processing /home/airflow/.local/lib/python3.7/site-packages/airflow/example_dags/example_xcomargs.py took 0.234 seconds
[2022-08-02 23:39:36,788] {processor.py:153} INFO - Started process (PID=1921) to work on /home/airflow/.local/lib/python3.7/site-packages/airflow/example_dags/example_xcomargs.py
[2022-08-02 23:39:36,791] {processor.py:641} INFO - Processing file /home/airflow/.local/lib/python3.7/site-packages/airflow/example_dags/example_xcomargs.py for tasks to queue
[2022-08-02 23:39:36,793] {logging_mixin.py:115} INFO - [2022-08-02 23:39:36,793] {dagbag.py:508} INFO - Filling up the DagBag from /home/airflow/.local/lib/python3.7/site-packages/airflow/example_dags/example_xcomargs.py
[2022-08-02 23:39:36,811] {processor.py:651} INFO - DAG(s) dict_keys(['example_xcom_args', 'example_xcom_args_with_operators']) retrieved from /home/airflow/.local/lib/python3.7/site-packages/airflow/example_dags/example_xcomargs.py
[2022-08-02 23:39:36,841] {logging_mixin.py:115} INFO - [2022-08-02 23:39:36,841] {dag.py:2420} INFO - Sync 2 DAGs
[2022-08-02 23:39:36,890] {logging_mixin.py:115} INFO - [2022-08-02 23:39:36,890] {dag.py:2972} INFO - Setting next_dagrun for example_xcom_args to None, run_after=None
[2022-08-02 23:39:36,893] {logging_mixin.py:115} INFO - [2022-08-02 23:39:36,892] {dag.py:2972} INFO - Setting next_dagrun for example_xcom_args_with_operators to None, run_after=None
[2022-08-02 23:39:36,910] {processor.py:161} INFO - Processing /home/airflow/.local/lib/python3.7/site-packages/airflow/example_dags/example_xcomargs.py took 0.125 seconds
[2022-08-02 23:40:13,479] {processor.py:153} INFO - Started process (PID=1972) to work on /home/airflow/.local/lib/python3.7/site-packages/airflow/example_dags/example_xcomargs.py
[2022-08-02 23:40:13,483] {processor.py:641} INFO - Processing file /home/airflow/.local/lib/python3.7/site-packages/airflow/example_dags/example_xcomargs.py for tasks to queue
[2022-08-02 23:40:13,488] {logging_mixin.py:115} INFO - [2022-08-02 23:40:13,488] {dagbag.py:508} INFO - Filling up the DagBag from /home/airflow/.local/lib/python3.7/site-packages/airflow/example_dags/example_xcomargs.py
[2022-08-02 23:40:13,523] {processor.py:651} INFO - DAG(s) dict_keys(['example_xcom_args', 'example_xcom_args_with_operators']) retrieved from /home/airflow/.local/lib/python3.7/site-packages/airflow/example_dags/example_xcomargs.py
[2022-08-02 23:40:13,637] {logging_mixin.py:115} INFO - [2022-08-02 23:40:13,637] {dag.py:2420} INFO - Sync 2 DAGs
[2022-08-02 23:40:13,726] {logging_mixin.py:115} INFO - [2022-08-02 23:40:13,726] {dag.py:2972} INFO - Setting next_dagrun for example_xcom_args to None, run_after=None
[2022-08-02 23:40:13,739] {logging_mixin.py:115} INFO - [2022-08-02 23:40:13,739] {dag.py:2972} INFO - Setting next_dagrun for example_xcom_args_with_operators to None, run_after=None
[2022-08-02 23:40:13,917] {processor.py:161} INFO - Processing /home/airflow/.local/lib/python3.7/site-packages/airflow/example_dags/example_xcomargs.py took 0.442 seconds
[2022-08-02 23:40:44,023] {processor.py:153} INFO - Started process (PID=2023) to work on /home/airflow/.local/lib/python3.7/site-packages/airflow/example_dags/example_xcomargs.py
[2022-08-02 23:40:44,027] {processor.py:641} INFO - Processing file /home/airflow/.local/lib/python3.7/site-packages/airflow/example_dags/example_xcomargs.py for tasks to queue
[2022-08-02 23:40:44,031] {logging_mixin.py:115} INFO - [2022-08-02 23:40:44,031] {dagbag.py:508} INFO - Filling up the DagBag from /home/airflow/.local/lib/python3.7/site-packages/airflow/example_dags/example_xcomargs.py
[2022-08-02 23:40:44,053] {processor.py:651} INFO - DAG(s) dict_keys(['example_xcom_args', 'example_xcom_args_with_operators']) retrieved from /home/airflow/.local/lib/python3.7/site-packages/airflow/example_dags/example_xcomargs.py
[2022-08-02 23:40:44,140] {logging_mixin.py:115} INFO - [2022-08-02 23:40:44,140] {dag.py:2420} INFO - Sync 2 DAGs
[2022-08-02 23:40:44,167] {logging_mixin.py:115} INFO - [2022-08-02 23:40:44,167] {dag.py:2972} INFO - Setting next_dagrun for example_xcom_args to None, run_after=None
[2022-08-02 23:40:44,175] {logging_mixin.py:115} INFO - [2022-08-02 23:40:44,175] {dag.py:2972} INFO - Setting next_dagrun for example_xcom_args_with_operators to None, run_after=None
[2022-08-02 23:40:44,195] {processor.py:161} INFO - Processing /home/airflow/.local/lib/python3.7/site-packages/airflow/example_dags/example_xcomargs.py took 0.177 seconds
[2022-08-02 23:41:52,668] {processor.py:153} INFO - Started process (PID=2070) to work on /home/airflow/.local/lib/python3.7/site-packages/airflow/example_dags/example_xcomargs.py
[2022-08-02 23:41:52,674] {processor.py:641} INFO - Processing file /home/airflow/.local/lib/python3.7/site-packages/airflow/example_dags/example_xcomargs.py for tasks to queue
[2022-08-02 23:41:52,678] {logging_mixin.py:115} INFO - [2022-08-02 23:41:52,677] {dagbag.py:508} INFO - Filling up the DagBag from /home/airflow/.local/lib/python3.7/site-packages/airflow/example_dags/example_xcomargs.py
[2022-08-02 23:41:52,703] {processor.py:651} INFO - DAG(s) dict_keys(['example_xcom_args', 'example_xcom_args_with_operators']) retrieved from /home/airflow/.local/lib/python3.7/site-packages/airflow/example_dags/example_xcomargs.py
[2022-08-02 23:41:52,933] {logging_mixin.py:115} INFO - [2022-08-02 23:41:52,931] {dag.py:2420} INFO - Sync 2 DAGs
[2022-08-02 23:41:53,276] {logging_mixin.py:115} INFO - [2022-08-02 23:41:53,276] {dag.py:2972} INFO - Setting next_dagrun for example_xcom_args to None, run_after=None
[2022-08-02 23:41:53,303] {logging_mixin.py:115} INFO - [2022-08-02 23:41:53,302] {dag.py:2972} INFO - Setting next_dagrun for example_xcom_args_with_operators to None, run_after=None
[2022-08-02 23:41:53,446] {processor.py:161} INFO - Processing /home/airflow/.local/lib/python3.7/site-packages/airflow/example_dags/example_xcomargs.py took 0.783 seconds
[2022-08-02 23:55:21,804] {processor.py:153} INFO - Started process (PID=2120) to work on /home/airflow/.local/lib/python3.7/site-packages/airflow/example_dags/example_xcomargs.py
[2022-08-02 23:55:21,820] {processor.py:641} INFO - Processing file /home/airflow/.local/lib/python3.7/site-packages/airflow/example_dags/example_xcomargs.py for tasks to queue
[2022-08-02 23:55:21,827] {logging_mixin.py:115} INFO - [2022-08-02 23:55:21,827] {dagbag.py:508} INFO - Filling up the DagBag from /home/airflow/.local/lib/python3.7/site-packages/airflow/example_dags/example_xcomargs.py
[2022-08-02 23:55:21,901] {processor.py:651} INFO - DAG(s) dict_keys(['example_xcom_args', 'example_xcom_args_with_operators']) retrieved from /home/airflow/.local/lib/python3.7/site-packages/airflow/example_dags/example_xcomargs.py
[2022-08-02 23:55:22,124] {logging_mixin.py:115} INFO - [2022-08-02 23:55:22,124] {dag.py:2420} INFO - Sync 2 DAGs
[2022-08-02 23:55:22,200] {logging_mixin.py:115} INFO - [2022-08-02 23:55:22,200] {dag.py:2972} INFO - Setting next_dagrun for example_xcom_args to None, run_after=None
[2022-08-02 23:55:22,210] {logging_mixin.py:115} INFO - [2022-08-02 23:55:22,210] {dag.py:2972} INFO - Setting next_dagrun for example_xcom_args_with_operators to None, run_after=None
[2022-08-02 23:55:22,290] {processor.py:161} INFO - Processing /home/airflow/.local/lib/python3.7/site-packages/airflow/example_dags/example_xcomargs.py took 0.521 seconds
[2022-08-02 23:55:53,084] {processor.py:153} INFO - Started process (PID=2178) to work on /home/airflow/.local/lib/python3.7/site-packages/airflow/example_dags/example_xcomargs.py
[2022-08-02 23:55:53,091] {processor.py:641} INFO - Processing file /home/airflow/.local/lib/python3.7/site-packages/airflow/example_dags/example_xcomargs.py for tasks to queue
[2022-08-02 23:55:53,108] {logging_mixin.py:115} INFO - [2022-08-02 23:55:53,108] {dagbag.py:508} INFO - Filling up the DagBag from /home/airflow/.local/lib/python3.7/site-packages/airflow/example_dags/example_xcomargs.py
[2022-08-02 23:55:53,143] {processor.py:651} INFO - DAG(s) dict_keys(['example_xcom_args', 'example_xcom_args_with_operators']) retrieved from /home/airflow/.local/lib/python3.7/site-packages/airflow/example_dags/example_xcomargs.py
[2022-08-02 23:55:53,269] {logging_mixin.py:115} INFO - [2022-08-02 23:55:53,269] {dag.py:2420} INFO - Sync 2 DAGs
[2022-08-02 23:55:53,306] {logging_mixin.py:115} INFO - [2022-08-02 23:55:53,306] {dag.py:2972} INFO - Setting next_dagrun for example_xcom_args to None, run_after=None
[2022-08-02 23:55:53,311] {logging_mixin.py:115} INFO - [2022-08-02 23:55:53,311] {dag.py:2972} INFO - Setting next_dagrun for example_xcom_args_with_operators to None, run_after=None
[2022-08-02 23:55:53,341] {processor.py:161} INFO - Processing /home/airflow/.local/lib/python3.7/site-packages/airflow/example_dags/example_xcomargs.py took 0.267 seconds
