[2022-08-02 23:22:15,586] {processor.py:153} INFO - Started process (PID=91) to work on /home/airflow/.local/lib/python3.7/site-packages/airflow/example_dags/example_branch_operator_decorator.py
[2022-08-02 23:22:15,602] {processor.py:641} INFO - Processing file /home/airflow/.local/lib/python3.7/site-packages/airflow/example_dags/example_branch_operator_decorator.py for tasks to queue
[2022-08-02 23:22:15,612] {logging_mixin.py:115} INFO - [2022-08-02 23:22:15,611] {dagbag.py:508} INFO - Filling up the DagBag from /home/airflow/.local/lib/python3.7/site-packages/airflow/example_dags/example_branch_operator_decorator.py
[2022-08-02 23:22:16,153] {processor.py:651} INFO - DAG(s) dict_keys(['example_branch_python_operator_decorator']) retrieved from /home/airflow/.local/lib/python3.7/site-packages/airflow/example_dags/example_branch_operator_decorator.py
[2022-08-02 23:22:16,431] {logging_mixin.py:115} INFO - [2022-08-02 23:22:16,430] {manager.py:508} INFO - Created Permission View: can read on DAG:example_branch_python_operator_decorator
[2022-08-02 23:22:16,481] {logging_mixin.py:115} INFO - [2022-08-02 23:22:16,481] {manager.py:508} INFO - Created Permission View: can edit on DAG:example_branch_python_operator_decorator
[2022-08-02 23:22:16,538] {logging_mixin.py:115} INFO - [2022-08-02 23:22:16,538] {manager.py:508} INFO - Created Permission View: can delete on DAG:example_branch_python_operator_decorator
[2022-08-02 23:22:16,551] {logging_mixin.py:115} INFO - [2022-08-02 23:22:16,551] {dag.py:2420} INFO - Sync 1 DAGs
[2022-08-02 23:22:16,614] {logging_mixin.py:115} INFO - [2022-08-02 23:22:16,614] {dag.py:2439} INFO - Creating ORM DAG for example_branch_python_operator_decorator
[2022-08-02 23:22:16,682] {logging_mixin.py:115} INFO - [2022-08-02 23:22:16,682] {dag.py:2972} INFO - Setting next_dagrun for example_branch_python_operator_decorator to 2022-08-01T00:00:00+00:00, run_after=2022-08-02T00:00:00+00:00
[2022-08-02 23:22:16,780] {processor.py:161} INFO - Processing /home/airflow/.local/lib/python3.7/site-packages/airflow/example_dags/example_branch_operator_decorator.py took 1.235 seconds
[2022-08-02 23:22:47,549] {processor.py:153} INFO - Started process (PID=142) to work on /home/airflow/.local/lib/python3.7/site-packages/airflow/example_dags/example_branch_operator_decorator.py
[2022-08-02 23:22:47,559] {processor.py:641} INFO - Processing file /home/airflow/.local/lib/python3.7/site-packages/airflow/example_dags/example_branch_operator_decorator.py for tasks to queue
[2022-08-02 23:22:47,567] {logging_mixin.py:115} INFO - [2022-08-02 23:22:47,567] {dagbag.py:508} INFO - Filling up the DagBag from /home/airflow/.local/lib/python3.7/site-packages/airflow/example_dags/example_branch_operator_decorator.py
[2022-08-02 23:22:47,663] {processor.py:651} INFO - DAG(s) dict_keys(['example_branch_python_operator_decorator']) retrieved from /home/airflow/.local/lib/python3.7/site-packages/airflow/example_dags/example_branch_operator_decorator.py
[2022-08-02 23:22:47,922] {logging_mixin.py:115} INFO - [2022-08-02 23:22:47,921] {dag.py:2420} INFO - Sync 1 DAGs
[2022-08-02 23:22:47,964] {logging_mixin.py:115} INFO - [2022-08-02 23:22:47,964] {dag.py:2972} INFO - Setting next_dagrun for example_branch_python_operator_decorator to 2022-08-01T00:00:00+00:00, run_after=2022-08-02T00:00:00+00:00
[2022-08-02 23:22:48,009] {processor.py:161} INFO - Processing /home/airflow/.local/lib/python3.7/site-packages/airflow/example_dags/example_branch_operator_decorator.py took 0.468 seconds
[2022-08-02 23:23:18,168] {processor.py:153} INFO - Started process (PID=195) to work on /home/airflow/.local/lib/python3.7/site-packages/airflow/example_dags/example_branch_operator_decorator.py
[2022-08-02 23:23:18,174] {processor.py:641} INFO - Processing file /home/airflow/.local/lib/python3.7/site-packages/airflow/example_dags/example_branch_operator_decorator.py for tasks to queue
[2022-08-02 23:23:18,178] {logging_mixin.py:115} INFO - [2022-08-02 23:23:18,178] {dagbag.py:508} INFO - Filling up the DagBag from /home/airflow/.local/lib/python3.7/site-packages/airflow/example_dags/example_branch_operator_decorator.py
[2022-08-02 23:23:18,214] {processor.py:651} INFO - DAG(s) dict_keys(['example_branch_python_operator_decorator']) retrieved from /home/airflow/.local/lib/python3.7/site-packages/airflow/example_dags/example_branch_operator_decorator.py
[2022-08-02 23:23:18,256] {logging_mixin.py:115} INFO - [2022-08-02 23:23:18,256] {dag.py:2420} INFO - Sync 1 DAGs
[2022-08-02 23:23:18,286] {logging_mixin.py:115} INFO - [2022-08-02 23:23:18,286] {dag.py:2972} INFO - Setting next_dagrun for example_branch_python_operator_decorator to 2022-08-01T00:00:00+00:00, run_after=2022-08-02T00:00:00+00:00
[2022-08-02 23:23:18,310] {processor.py:161} INFO - Processing /home/airflow/.local/lib/python3.7/site-packages/airflow/example_dags/example_branch_operator_decorator.py took 0.149 seconds
[2022-08-02 23:23:49,110] {processor.py:153} INFO - Started process (PID=257) to work on /home/airflow/.local/lib/python3.7/site-packages/airflow/example_dags/example_branch_operator_decorator.py
[2022-08-02 23:23:49,113] {processor.py:641} INFO - Processing file /home/airflow/.local/lib/python3.7/site-packages/airflow/example_dags/example_branch_operator_decorator.py for tasks to queue
[2022-08-02 23:23:49,117] {logging_mixin.py:115} INFO - [2022-08-02 23:23:49,117] {dagbag.py:508} INFO - Filling up the DagBag from /home/airflow/.local/lib/python3.7/site-packages/airflow/example_dags/example_branch_operator_decorator.py
[2022-08-02 23:23:49,148] {processor.py:651} INFO - DAG(s) dict_keys(['example_branch_python_operator_decorator']) retrieved from /home/airflow/.local/lib/python3.7/site-packages/airflow/example_dags/example_branch_operator_decorator.py
[2022-08-02 23:23:49,185] {logging_mixin.py:115} INFO - [2022-08-02 23:23:49,185] {dag.py:2420} INFO - Sync 1 DAGs
[2022-08-02 23:23:49,209] {logging_mixin.py:115} INFO - [2022-08-02 23:23:49,209] {dag.py:2972} INFO - Setting next_dagrun for example_branch_python_operator_decorator to 2022-08-01T00:00:00+00:00, run_after=2022-08-02T00:00:00+00:00
[2022-08-02 23:23:49,228] {processor.py:161} INFO - Processing /home/airflow/.local/lib/python3.7/site-packages/airflow/example_dags/example_branch_operator_decorator.py took 0.123 seconds
[2022-08-02 23:24:19,557] {processor.py:153} INFO - Started process (PID=309) to work on /home/airflow/.local/lib/python3.7/site-packages/airflow/example_dags/example_branch_operator_decorator.py
[2022-08-02 23:24:19,574] {processor.py:641} INFO - Processing file /home/airflow/.local/lib/python3.7/site-packages/airflow/example_dags/example_branch_operator_decorator.py for tasks to queue
[2022-08-02 23:24:19,590] {logging_mixin.py:115} INFO - [2022-08-02 23:24:19,590] {dagbag.py:508} INFO - Filling up the DagBag from /home/airflow/.local/lib/python3.7/site-packages/airflow/example_dags/example_branch_operator_decorator.py
[2022-08-02 23:24:19,660] {processor.py:651} INFO - DAG(s) dict_keys(['example_branch_python_operator_decorator']) retrieved from /home/airflow/.local/lib/python3.7/site-packages/airflow/example_dags/example_branch_operator_decorator.py
[2022-08-02 23:24:20,132] {logging_mixin.py:115} INFO - [2022-08-02 23:24:20,131] {dag.py:2420} INFO - Sync 1 DAGs
[2022-08-02 23:24:20,364] {logging_mixin.py:115} INFO - [2022-08-02 23:24:20,364] {dag.py:2972} INFO - Setting next_dagrun for example_branch_python_operator_decorator to 2022-08-01T00:00:00+00:00, run_after=2022-08-02T00:00:00+00:00
[2022-08-02 23:24:20,443] {processor.py:161} INFO - Processing /home/airflow/.local/lib/python3.7/site-packages/airflow/example_dags/example_branch_operator_decorator.py took 0.893 seconds
[2022-08-02 23:24:50,670] {processor.py:153} INFO - Started process (PID=360) to work on /home/airflow/.local/lib/python3.7/site-packages/airflow/example_dags/example_branch_operator_decorator.py
[2022-08-02 23:24:50,675] {processor.py:641} INFO - Processing file /home/airflow/.local/lib/python3.7/site-packages/airflow/example_dags/example_branch_operator_decorator.py for tasks to queue
[2022-08-02 23:24:50,677] {logging_mixin.py:115} INFO - [2022-08-02 23:24:50,677] {dagbag.py:508} INFO - Filling up the DagBag from /home/airflow/.local/lib/python3.7/site-packages/airflow/example_dags/example_branch_operator_decorator.py
[2022-08-02 23:24:50,702] {processor.py:651} INFO - DAG(s) dict_keys(['example_branch_python_operator_decorator']) retrieved from /home/airflow/.local/lib/python3.7/site-packages/airflow/example_dags/example_branch_operator_decorator.py
[2022-08-02 23:24:50,740] {logging_mixin.py:115} INFO - [2022-08-02 23:24:50,740] {dag.py:2420} INFO - Sync 1 DAGs
[2022-08-02 23:24:50,763] {logging_mixin.py:115} INFO - [2022-08-02 23:24:50,763] {dag.py:2972} INFO - Setting next_dagrun for example_branch_python_operator_decorator to 2022-08-01T00:00:00+00:00, run_after=2022-08-02T00:00:00+00:00
[2022-08-02 23:24:50,777] {processor.py:161} INFO - Processing /home/airflow/.local/lib/python3.7/site-packages/airflow/example_dags/example_branch_operator_decorator.py took 0.110 seconds
[2022-08-02 23:25:21,602] {processor.py:153} INFO - Started process (PID=411) to work on /home/airflow/.local/lib/python3.7/site-packages/airflow/example_dags/example_branch_operator_decorator.py
[2022-08-02 23:25:21,611] {processor.py:641} INFO - Processing file /home/airflow/.local/lib/python3.7/site-packages/airflow/example_dags/example_branch_operator_decorator.py for tasks to queue
[2022-08-02 23:25:21,619] {logging_mixin.py:115} INFO - [2022-08-02 23:25:21,618] {dagbag.py:508} INFO - Filling up the DagBag from /home/airflow/.local/lib/python3.7/site-packages/airflow/example_dags/example_branch_operator_decorator.py
[2022-08-02 23:25:21,681] {processor.py:651} INFO - DAG(s) dict_keys(['example_branch_python_operator_decorator']) retrieved from /home/airflow/.local/lib/python3.7/site-packages/airflow/example_dags/example_branch_operator_decorator.py
[2022-08-02 23:25:21,738] {logging_mixin.py:115} INFO - [2022-08-02 23:25:21,737] {dag.py:2420} INFO - Sync 1 DAGs
[2022-08-02 23:25:21,762] {logging_mixin.py:115} INFO - [2022-08-02 23:25:21,762] {dag.py:2972} INFO - Setting next_dagrun for example_branch_python_operator_decorator to 2022-08-01T00:00:00+00:00, run_after=2022-08-02T00:00:00+00:00
[2022-08-02 23:25:21,776] {processor.py:161} INFO - Processing /home/airflow/.local/lib/python3.7/site-packages/airflow/example_dags/example_branch_operator_decorator.py took 0.183 seconds
[2022-08-02 23:25:52,422] {processor.py:153} INFO - Started process (PID=463) to work on /home/airflow/.local/lib/python3.7/site-packages/airflow/example_dags/example_branch_operator_decorator.py
[2022-08-02 23:25:52,425] {processor.py:641} INFO - Processing file /home/airflow/.local/lib/python3.7/site-packages/airflow/example_dags/example_branch_operator_decorator.py for tasks to queue
[2022-08-02 23:25:52,428] {logging_mixin.py:115} INFO - [2022-08-02 23:25:52,428] {dagbag.py:508} INFO - Filling up the DagBag from /home/airflow/.local/lib/python3.7/site-packages/airflow/example_dags/example_branch_operator_decorator.py
[2022-08-02 23:25:52,460] {processor.py:651} INFO - DAG(s) dict_keys(['example_branch_python_operator_decorator']) retrieved from /home/airflow/.local/lib/python3.7/site-packages/airflow/example_dags/example_branch_operator_decorator.py
[2022-08-02 23:25:52,494] {logging_mixin.py:115} INFO - [2022-08-02 23:25:52,494] {dag.py:2420} INFO - Sync 1 DAGs
[2022-08-02 23:25:52,558] {logging_mixin.py:115} INFO - [2022-08-02 23:25:52,558] {dag.py:2972} INFO - Setting next_dagrun for example_branch_python_operator_decorator to 2022-08-01T00:00:00+00:00, run_after=2022-08-02T00:00:00+00:00
[2022-08-02 23:25:52,582] {processor.py:161} INFO - Processing /home/airflow/.local/lib/python3.7/site-packages/airflow/example_dags/example_branch_operator_decorator.py took 0.164 seconds
[2022-08-02 23:26:23,345] {processor.py:153} INFO - Started process (PID=525) to work on /home/airflow/.local/lib/python3.7/site-packages/airflow/example_dags/example_branch_operator_decorator.py
[2022-08-02 23:26:23,352] {processor.py:641} INFO - Processing file /home/airflow/.local/lib/python3.7/site-packages/airflow/example_dags/example_branch_operator_decorator.py for tasks to queue
[2022-08-02 23:26:23,363] {logging_mixin.py:115} INFO - [2022-08-02 23:26:23,363] {dagbag.py:508} INFO - Filling up the DagBag from /home/airflow/.local/lib/python3.7/site-packages/airflow/example_dags/example_branch_operator_decorator.py
[2022-08-02 23:26:23,407] {processor.py:651} INFO - DAG(s) dict_keys(['example_branch_python_operator_decorator']) retrieved from /home/airflow/.local/lib/python3.7/site-packages/airflow/example_dags/example_branch_operator_decorator.py
[2022-08-02 23:26:23,462] {logging_mixin.py:115} INFO - [2022-08-02 23:26:23,461] {dag.py:2420} INFO - Sync 1 DAGs
[2022-08-02 23:26:23,535] {logging_mixin.py:115} INFO - [2022-08-02 23:26:23,532] {dag.py:2972} INFO - Setting next_dagrun for example_branch_python_operator_decorator to 2022-08-01T00:00:00+00:00, run_after=2022-08-02T00:00:00+00:00
[2022-08-02 23:26:23,582] {processor.py:161} INFO - Processing /home/airflow/.local/lib/python3.7/site-packages/airflow/example_dags/example_branch_operator_decorator.py took 0.242 seconds
[2022-08-02 23:26:54,317] {processor.py:153} INFO - Started process (PID=576) to work on /home/airflow/.local/lib/python3.7/site-packages/airflow/example_dags/example_branch_operator_decorator.py
[2022-08-02 23:26:54,332] {processor.py:641} INFO - Processing file /home/airflow/.local/lib/python3.7/site-packages/airflow/example_dags/example_branch_operator_decorator.py for tasks to queue
[2022-08-02 23:26:54,339] {logging_mixin.py:115} INFO - [2022-08-02 23:26:54,337] {dagbag.py:508} INFO - Filling up the DagBag from /home/airflow/.local/lib/python3.7/site-packages/airflow/example_dags/example_branch_operator_decorator.py
[2022-08-02 23:26:54,501] {processor.py:651} INFO - DAG(s) dict_keys(['example_branch_python_operator_decorator']) retrieved from /home/airflow/.local/lib/python3.7/site-packages/airflow/example_dags/example_branch_operator_decorator.py
[2022-08-02 23:26:54,584] {logging_mixin.py:115} INFO - [2022-08-02 23:26:54,584] {dag.py:2420} INFO - Sync 1 DAGs
[2022-08-02 23:26:54,683] {logging_mixin.py:115} INFO - [2022-08-02 23:26:54,683] {dag.py:2972} INFO - Setting next_dagrun for example_branch_python_operator_decorator to 2022-08-01T00:00:00+00:00, run_after=2022-08-02T00:00:00+00:00
[2022-08-02 23:26:55,036] {processor.py:161} INFO - Processing /home/airflow/.local/lib/python3.7/site-packages/airflow/example_dags/example_branch_operator_decorator.py took 0.738 seconds
[2022-08-02 23:27:25,450] {processor.py:153} INFO - Started process (PID=627) to work on /home/airflow/.local/lib/python3.7/site-packages/airflow/example_dags/example_branch_operator_decorator.py
[2022-08-02 23:27:25,460] {processor.py:641} INFO - Processing file /home/airflow/.local/lib/python3.7/site-packages/airflow/example_dags/example_branch_operator_decorator.py for tasks to queue
[2022-08-02 23:27:25,476] {logging_mixin.py:115} INFO - [2022-08-02 23:27:25,476] {dagbag.py:508} INFO - Filling up the DagBag from /home/airflow/.local/lib/python3.7/site-packages/airflow/example_dags/example_branch_operator_decorator.py
[2022-08-02 23:27:25,555] {processor.py:651} INFO - DAG(s) dict_keys(['example_branch_python_operator_decorator']) retrieved from /home/airflow/.local/lib/python3.7/site-packages/airflow/example_dags/example_branch_operator_decorator.py
[2022-08-02 23:27:25,617] {logging_mixin.py:115} INFO - [2022-08-02 23:27:25,617] {dag.py:2420} INFO - Sync 1 DAGs
[2022-08-02 23:27:25,661] {logging_mixin.py:115} INFO - [2022-08-02 23:27:25,661] {dag.py:2972} INFO - Setting next_dagrun for example_branch_python_operator_decorator to 2022-08-01T00:00:00+00:00, run_after=2022-08-02T00:00:00+00:00
[2022-08-02 23:27:25,682] {processor.py:161} INFO - Processing /home/airflow/.local/lib/python3.7/site-packages/airflow/example_dags/example_branch_operator_decorator.py took 0.238 seconds
[2022-08-02 23:27:56,593] {processor.py:153} INFO - Started process (PID=678) to work on /home/airflow/.local/lib/python3.7/site-packages/airflow/example_dags/example_branch_operator_decorator.py
[2022-08-02 23:27:56,595] {processor.py:641} INFO - Processing file /home/airflow/.local/lib/python3.7/site-packages/airflow/example_dags/example_branch_operator_decorator.py for tasks to queue
[2022-08-02 23:27:56,599] {logging_mixin.py:115} INFO - [2022-08-02 23:27:56,599] {dagbag.py:508} INFO - Filling up the DagBag from /home/airflow/.local/lib/python3.7/site-packages/airflow/example_dags/example_branch_operator_decorator.py
[2022-08-02 23:27:56,618] {processor.py:651} INFO - DAG(s) dict_keys(['example_branch_python_operator_decorator']) retrieved from /home/airflow/.local/lib/python3.7/site-packages/airflow/example_dags/example_branch_operator_decorator.py
[2022-08-02 23:27:56,645] {logging_mixin.py:115} INFO - [2022-08-02 23:27:56,645] {dag.py:2420} INFO - Sync 1 DAGs
[2022-08-02 23:27:56,662] {logging_mixin.py:115} INFO - [2022-08-02 23:27:56,662] {dag.py:2972} INFO - Setting next_dagrun for example_branch_python_operator_decorator to 2022-08-01T00:00:00+00:00, run_after=2022-08-02T00:00:00+00:00
[2022-08-02 23:27:56,680] {processor.py:161} INFO - Processing /home/airflow/.local/lib/python3.7/site-packages/airflow/example_dags/example_branch_operator_decorator.py took 0.090 seconds
[2022-08-02 23:28:28,214] {processor.py:153} INFO - Started process (PID=731) to work on /home/airflow/.local/lib/python3.7/site-packages/airflow/example_dags/example_branch_operator_decorator.py
[2022-08-02 23:28:28,221] {processor.py:641} INFO - Processing file /home/airflow/.local/lib/python3.7/site-packages/airflow/example_dags/example_branch_operator_decorator.py for tasks to queue
[2022-08-02 23:28:28,225] {logging_mixin.py:115} INFO - [2022-08-02 23:28:28,225] {dagbag.py:508} INFO - Filling up the DagBag from /home/airflow/.local/lib/python3.7/site-packages/airflow/example_dags/example_branch_operator_decorator.py
[2022-08-02 23:28:28,249] {processor.py:651} INFO - DAG(s) dict_keys(['example_branch_python_operator_decorator']) retrieved from /home/airflow/.local/lib/python3.7/site-packages/airflow/example_dags/example_branch_operator_decorator.py
[2022-08-02 23:28:28,281] {logging_mixin.py:115} INFO - [2022-08-02 23:28:28,281] {dag.py:2420} INFO - Sync 1 DAGs
[2022-08-02 23:28:28,303] {logging_mixin.py:115} INFO - [2022-08-02 23:28:28,303] {dag.py:2972} INFO - Setting next_dagrun for example_branch_python_operator_decorator to 2022-08-01T00:00:00+00:00, run_after=2022-08-02T00:00:00+00:00
[2022-08-02 23:28:28,315] {processor.py:161} INFO - Processing /home/airflow/.local/lib/python3.7/site-packages/airflow/example_dags/example_branch_operator_decorator.py took 0.105 seconds
[2022-08-02 23:28:58,622] {processor.py:153} INFO - Started process (PID=783) to work on /home/airflow/.local/lib/python3.7/site-packages/airflow/example_dags/example_branch_operator_decorator.py
[2022-08-02 23:28:58,625] {processor.py:641} INFO - Processing file /home/airflow/.local/lib/python3.7/site-packages/airflow/example_dags/example_branch_operator_decorator.py for tasks to queue
[2022-08-02 23:28:58,629] {logging_mixin.py:115} INFO - [2022-08-02 23:28:58,628] {dagbag.py:508} INFO - Filling up the DagBag from /home/airflow/.local/lib/python3.7/site-packages/airflow/example_dags/example_branch_operator_decorator.py
[2022-08-02 23:28:58,659] {processor.py:651} INFO - DAG(s) dict_keys(['example_branch_python_operator_decorator']) retrieved from /home/airflow/.local/lib/python3.7/site-packages/airflow/example_dags/example_branch_operator_decorator.py
[2022-08-02 23:28:58,714] {logging_mixin.py:115} INFO - [2022-08-02 23:28:58,714] {dag.py:2420} INFO - Sync 1 DAGs
[2022-08-02 23:28:58,746] {logging_mixin.py:115} INFO - [2022-08-02 23:28:58,746] {dag.py:2972} INFO - Setting next_dagrun for example_branch_python_operator_decorator to 2022-08-01T00:00:00+00:00, run_after=2022-08-02T00:00:00+00:00
[2022-08-02 23:28:58,765] {processor.py:161} INFO - Processing /home/airflow/.local/lib/python3.7/site-packages/airflow/example_dags/example_branch_operator_decorator.py took 0.147 seconds
[2022-08-02 23:29:28,848] {processor.py:153} INFO - Started process (PID=834) to work on /home/airflow/.local/lib/python3.7/site-packages/airflow/example_dags/example_branch_operator_decorator.py
[2022-08-02 23:29:28,855] {processor.py:641} INFO - Processing file /home/airflow/.local/lib/python3.7/site-packages/airflow/example_dags/example_branch_operator_decorator.py for tasks to queue
[2022-08-02 23:29:28,858] {logging_mixin.py:115} INFO - [2022-08-02 23:29:28,858] {dagbag.py:508} INFO - Filling up the DagBag from /home/airflow/.local/lib/python3.7/site-packages/airflow/example_dags/example_branch_operator_decorator.py
[2022-08-02 23:29:28,895] {processor.py:651} INFO - DAG(s) dict_keys(['example_branch_python_operator_decorator']) retrieved from /home/airflow/.local/lib/python3.7/site-packages/airflow/example_dags/example_branch_operator_decorator.py
[2022-08-02 23:29:28,942] {logging_mixin.py:115} INFO - [2022-08-02 23:29:28,942] {dag.py:2420} INFO - Sync 1 DAGs
[2022-08-02 23:29:28,995] {logging_mixin.py:115} INFO - [2022-08-02 23:29:28,995] {dag.py:2972} INFO - Setting next_dagrun for example_branch_python_operator_decorator to 2022-08-01T00:00:00+00:00, run_after=2022-08-02T00:00:00+00:00
[2022-08-02 23:29:29,019] {processor.py:161} INFO - Processing /home/airflow/.local/lib/python3.7/site-packages/airflow/example_dags/example_branch_operator_decorator.py took 0.176 seconds
[2022-08-02 23:29:59,210] {processor.py:153} INFO - Started process (PID=886) to work on /home/airflow/.local/lib/python3.7/site-packages/airflow/example_dags/example_branch_operator_decorator.py
[2022-08-02 23:29:59,214] {processor.py:641} INFO - Processing file /home/airflow/.local/lib/python3.7/site-packages/airflow/example_dags/example_branch_operator_decorator.py for tasks to queue
[2022-08-02 23:29:59,218] {logging_mixin.py:115} INFO - [2022-08-02 23:29:59,218] {dagbag.py:508} INFO - Filling up the DagBag from /home/airflow/.local/lib/python3.7/site-packages/airflow/example_dags/example_branch_operator_decorator.py
[2022-08-02 23:29:59,243] {processor.py:651} INFO - DAG(s) dict_keys(['example_branch_python_operator_decorator']) retrieved from /home/airflow/.local/lib/python3.7/site-packages/airflow/example_dags/example_branch_operator_decorator.py
[2022-08-02 23:29:59,282] {logging_mixin.py:115} INFO - [2022-08-02 23:29:59,282] {dag.py:2420} INFO - Sync 1 DAGs
[2022-08-02 23:29:59,303] {logging_mixin.py:115} INFO - [2022-08-02 23:29:59,303] {dag.py:2972} INFO - Setting next_dagrun for example_branch_python_operator_decorator to 2022-08-01T00:00:00+00:00, run_after=2022-08-02T00:00:00+00:00
[2022-08-02 23:29:59,318] {processor.py:161} INFO - Processing /home/airflow/.local/lib/python3.7/site-packages/airflow/example_dags/example_branch_operator_decorator.py took 0.113 seconds
[2022-08-02 23:30:30,119] {processor.py:153} INFO - Started process (PID=939) to work on /home/airflow/.local/lib/python3.7/site-packages/airflow/example_dags/example_branch_operator_decorator.py
[2022-08-02 23:30:30,128] {processor.py:641} INFO - Processing file /home/airflow/.local/lib/python3.7/site-packages/airflow/example_dags/example_branch_operator_decorator.py for tasks to queue
[2022-08-02 23:30:30,135] {logging_mixin.py:115} INFO - [2022-08-02 23:30:30,134] {dagbag.py:508} INFO - Filling up the DagBag from /home/airflow/.local/lib/python3.7/site-packages/airflow/example_dags/example_branch_operator_decorator.py
[2022-08-02 23:30:30,170] {processor.py:651} INFO - DAG(s) dict_keys(['example_branch_python_operator_decorator']) retrieved from /home/airflow/.local/lib/python3.7/site-packages/airflow/example_dags/example_branch_operator_decorator.py
[2022-08-02 23:30:30,212] {logging_mixin.py:115} INFO - [2022-08-02 23:30:30,212] {dag.py:2420} INFO - Sync 1 DAGs
[2022-08-02 23:30:30,234] {logging_mixin.py:115} INFO - [2022-08-02 23:30:30,234] {dag.py:2972} INFO - Setting next_dagrun for example_branch_python_operator_decorator to 2022-08-01T00:00:00+00:00, run_after=2022-08-02T00:00:00+00:00
[2022-08-02 23:30:30,247] {processor.py:161} INFO - Processing /home/airflow/.local/lib/python3.7/site-packages/airflow/example_dags/example_branch_operator_decorator.py took 0.135 seconds
[2022-08-02 23:31:01,068] {processor.py:153} INFO - Started process (PID=1001) to work on /home/airflow/.local/lib/python3.7/site-packages/airflow/example_dags/example_branch_operator_decorator.py
[2022-08-02 23:31:01,080] {processor.py:641} INFO - Processing file /home/airflow/.local/lib/python3.7/site-packages/airflow/example_dags/example_branch_operator_decorator.py for tasks to queue
[2022-08-02 23:31:01,096] {logging_mixin.py:115} INFO - [2022-08-02 23:31:01,096] {dagbag.py:508} INFO - Filling up the DagBag from /home/airflow/.local/lib/python3.7/site-packages/airflow/example_dags/example_branch_operator_decorator.py
[2022-08-02 23:31:01,185] {processor.py:651} INFO - DAG(s) dict_keys(['example_branch_python_operator_decorator']) retrieved from /home/airflow/.local/lib/python3.7/site-packages/airflow/example_dags/example_branch_operator_decorator.py
[2022-08-02 23:31:01,298] {logging_mixin.py:115} INFO - [2022-08-02 23:31:01,298] {dag.py:2420} INFO - Sync 1 DAGs
[2022-08-02 23:31:01,358] {logging_mixin.py:115} INFO - [2022-08-02 23:31:01,358] {dag.py:2972} INFO - Setting next_dagrun for example_branch_python_operator_decorator to 2022-08-01T00:00:00+00:00, run_after=2022-08-02T00:00:00+00:00
[2022-08-02 23:31:01,415] {processor.py:161} INFO - Processing /home/airflow/.local/lib/python3.7/site-packages/airflow/example_dags/example_branch_operator_decorator.py took 0.355 seconds
[2022-08-02 23:31:32,089] {processor.py:153} INFO - Started process (PID=1053) to work on /home/airflow/.local/lib/python3.7/site-packages/airflow/example_dags/example_branch_operator_decorator.py
[2022-08-02 23:31:32,096] {processor.py:641} INFO - Processing file /home/airflow/.local/lib/python3.7/site-packages/airflow/example_dags/example_branch_operator_decorator.py for tasks to queue
[2022-08-02 23:31:32,105] {logging_mixin.py:115} INFO - [2022-08-02 23:31:32,105] {dagbag.py:508} INFO - Filling up the DagBag from /home/airflow/.local/lib/python3.7/site-packages/airflow/example_dags/example_branch_operator_decorator.py
[2022-08-02 23:31:32,142] {processor.py:651} INFO - DAG(s) dict_keys(['example_branch_python_operator_decorator']) retrieved from /home/airflow/.local/lib/python3.7/site-packages/airflow/example_dags/example_branch_operator_decorator.py
[2022-08-02 23:31:32,196] {logging_mixin.py:115} INFO - [2022-08-02 23:31:32,196] {dag.py:2420} INFO - Sync 1 DAGs
[2022-08-02 23:31:32,235] {logging_mixin.py:115} INFO - [2022-08-02 23:31:32,235] {dag.py:2972} INFO - Setting next_dagrun for example_branch_python_operator_decorator to 2022-08-01T00:00:00+00:00, run_after=2022-08-02T00:00:00+00:00
[2022-08-02 23:31:32,270] {processor.py:161} INFO - Processing /home/airflow/.local/lib/python3.7/site-packages/airflow/example_dags/example_branch_operator_decorator.py took 0.189 seconds
[2022-08-02 23:32:02,521] {processor.py:153} INFO - Started process (PID=1105) to work on /home/airflow/.local/lib/python3.7/site-packages/airflow/example_dags/example_branch_operator_decorator.py
[2022-08-02 23:32:02,532] {processor.py:641} INFO - Processing file /home/airflow/.local/lib/python3.7/site-packages/airflow/example_dags/example_branch_operator_decorator.py for tasks to queue
[2022-08-02 23:32:02,541] {logging_mixin.py:115} INFO - [2022-08-02 23:32:02,541] {dagbag.py:508} INFO - Filling up the DagBag from /home/airflow/.local/lib/python3.7/site-packages/airflow/example_dags/example_branch_operator_decorator.py
[2022-08-02 23:32:02,578] {processor.py:651} INFO - DAG(s) dict_keys(['example_branch_python_operator_decorator']) retrieved from /home/airflow/.local/lib/python3.7/site-packages/airflow/example_dags/example_branch_operator_decorator.py
[2022-08-02 23:32:02,643] {logging_mixin.py:115} INFO - [2022-08-02 23:32:02,643] {dag.py:2420} INFO - Sync 1 DAGs
[2022-08-02 23:32:02,674] {logging_mixin.py:115} INFO - [2022-08-02 23:32:02,674] {dag.py:2972} INFO - Setting next_dagrun for example_branch_python_operator_decorator to 2022-08-01T00:00:00+00:00, run_after=2022-08-02T00:00:00+00:00
[2022-08-02 23:32:02,688] {processor.py:161} INFO - Processing /home/airflow/.local/lib/python3.7/site-packages/airflow/example_dags/example_branch_operator_decorator.py took 0.174 seconds
[2022-08-02 23:32:32,831] {processor.py:153} INFO - Started process (PID=1157) to work on /home/airflow/.local/lib/python3.7/site-packages/airflow/example_dags/example_branch_operator_decorator.py
[2022-08-02 23:32:32,834] {processor.py:641} INFO - Processing file /home/airflow/.local/lib/python3.7/site-packages/airflow/example_dags/example_branch_operator_decorator.py for tasks to queue
[2022-08-02 23:32:32,837] {logging_mixin.py:115} INFO - [2022-08-02 23:32:32,837] {dagbag.py:508} INFO - Filling up the DagBag from /home/airflow/.local/lib/python3.7/site-packages/airflow/example_dags/example_branch_operator_decorator.py
[2022-08-02 23:32:32,865] {processor.py:651} INFO - DAG(s) dict_keys(['example_branch_python_operator_decorator']) retrieved from /home/airflow/.local/lib/python3.7/site-packages/airflow/example_dags/example_branch_operator_decorator.py
[2022-08-02 23:32:32,933] {logging_mixin.py:115} INFO - [2022-08-02 23:32:32,933] {dag.py:2420} INFO - Sync 1 DAGs
[2022-08-02 23:32:32,961] {logging_mixin.py:115} INFO - [2022-08-02 23:32:32,960] {dag.py:2972} INFO - Setting next_dagrun for example_branch_python_operator_decorator to 2022-08-01T00:00:00+00:00, run_after=2022-08-02T00:00:00+00:00
[2022-08-02 23:32:33,024] {processor.py:161} INFO - Processing /home/airflow/.local/lib/python3.7/site-packages/airflow/example_dags/example_branch_operator_decorator.py took 0.197 seconds
[2022-08-02 23:33:08,378] {processor.py:153} INFO - Started process (PID=1218) to work on /home/airflow/.local/lib/python3.7/site-packages/airflow/example_dags/example_branch_operator_decorator.py
[2022-08-02 23:33:08,383] {processor.py:641} INFO - Processing file /home/airflow/.local/lib/python3.7/site-packages/airflow/example_dags/example_branch_operator_decorator.py for tasks to queue
[2022-08-02 23:33:08,387] {logging_mixin.py:115} INFO - [2022-08-02 23:33:08,387] {dagbag.py:508} INFO - Filling up the DagBag from /home/airflow/.local/lib/python3.7/site-packages/airflow/example_dags/example_branch_operator_decorator.py
[2022-08-02 23:33:08,422] {processor.py:651} INFO - DAG(s) dict_keys(['example_branch_python_operator_decorator']) retrieved from /home/airflow/.local/lib/python3.7/site-packages/airflow/example_dags/example_branch_operator_decorator.py
[2022-08-02 23:33:08,478] {logging_mixin.py:115} INFO - [2022-08-02 23:33:08,478] {dag.py:2420} INFO - Sync 1 DAGs
[2022-08-02 23:33:08,506] {logging_mixin.py:115} INFO - [2022-08-02 23:33:08,506] {dag.py:2972} INFO - Setting next_dagrun for example_branch_python_operator_decorator to 2022-08-01T00:00:00+00:00, run_after=2022-08-02T00:00:00+00:00
[2022-08-02 23:33:08,528] {processor.py:161} INFO - Processing /home/airflow/.local/lib/python3.7/site-packages/airflow/example_dags/example_branch_operator_decorator.py took 0.154 seconds
[2022-08-02 23:33:38,788] {processor.py:153} INFO - Started process (PID=1277) to work on /home/airflow/.local/lib/python3.7/site-packages/airflow/example_dags/example_branch_operator_decorator.py
[2022-08-02 23:33:38,816] {processor.py:641} INFO - Processing file /home/airflow/.local/lib/python3.7/site-packages/airflow/example_dags/example_branch_operator_decorator.py for tasks to queue
[2022-08-02 23:33:38,838] {logging_mixin.py:115} INFO - [2022-08-02 23:33:38,838] {dagbag.py:508} INFO - Filling up the DagBag from /home/airflow/.local/lib/python3.7/site-packages/airflow/example_dags/example_branch_operator_decorator.py
[2022-08-02 23:33:38,905] {processor.py:651} INFO - DAG(s) dict_keys(['example_branch_python_operator_decorator']) retrieved from /home/airflow/.local/lib/python3.7/site-packages/airflow/example_dags/example_branch_operator_decorator.py
[2022-08-02 23:33:39,005] {logging_mixin.py:115} INFO - [2022-08-02 23:33:39,005] {dag.py:2420} INFO - Sync 1 DAGs
[2022-08-02 23:33:39,129] {logging_mixin.py:115} INFO - [2022-08-02 23:33:39,129] {dag.py:2972} INFO - Setting next_dagrun for example_branch_python_operator_decorator to 2022-08-01T00:00:00+00:00, run_after=2022-08-02T00:00:00+00:00
[2022-08-02 23:33:39,179] {processor.py:161} INFO - Processing /home/airflow/.local/lib/python3.7/site-packages/airflow/example_dags/example_branch_operator_decorator.py took 0.401 seconds
[2022-08-02 23:34:09,587] {processor.py:153} INFO - Started process (PID=1329) to work on /home/airflow/.local/lib/python3.7/site-packages/airflow/example_dags/example_branch_operator_decorator.py
[2022-08-02 23:34:09,592] {processor.py:641} INFO - Processing file /home/airflow/.local/lib/python3.7/site-packages/airflow/example_dags/example_branch_operator_decorator.py for tasks to queue
[2022-08-02 23:34:09,595] {logging_mixin.py:115} INFO - [2022-08-02 23:34:09,594] {dagbag.py:508} INFO - Filling up the DagBag from /home/airflow/.local/lib/python3.7/site-packages/airflow/example_dags/example_branch_operator_decorator.py
[2022-08-02 23:34:09,622] {processor.py:651} INFO - DAG(s) dict_keys(['example_branch_python_operator_decorator']) retrieved from /home/airflow/.local/lib/python3.7/site-packages/airflow/example_dags/example_branch_operator_decorator.py
[2022-08-02 23:34:09,663] {logging_mixin.py:115} INFO - [2022-08-02 23:34:09,662] {dag.py:2420} INFO - Sync 1 DAGs
[2022-08-02 23:34:09,697] {logging_mixin.py:115} INFO - [2022-08-02 23:34:09,697] {dag.py:2972} INFO - Setting next_dagrun for example_branch_python_operator_decorator to 2022-08-01T00:00:00+00:00, run_after=2022-08-02T00:00:00+00:00
[2022-08-02 23:34:09,716] {processor.py:161} INFO - Processing /home/airflow/.local/lib/python3.7/site-packages/airflow/example_dags/example_branch_operator_decorator.py took 0.135 seconds
[2022-08-02 23:34:40,415] {processor.py:153} INFO - Started process (PID=1382) to work on /home/airflow/.local/lib/python3.7/site-packages/airflow/example_dags/example_branch_operator_decorator.py
[2022-08-02 23:34:40,420] {processor.py:641} INFO - Processing file /home/airflow/.local/lib/python3.7/site-packages/airflow/example_dags/example_branch_operator_decorator.py for tasks to queue
[2022-08-02 23:34:40,424] {logging_mixin.py:115} INFO - [2022-08-02 23:34:40,424] {dagbag.py:508} INFO - Filling up the DagBag from /home/airflow/.local/lib/python3.7/site-packages/airflow/example_dags/example_branch_operator_decorator.py
[2022-08-02 23:34:40,443] {processor.py:651} INFO - DAG(s) dict_keys(['example_branch_python_operator_decorator']) retrieved from /home/airflow/.local/lib/python3.7/site-packages/airflow/example_dags/example_branch_operator_decorator.py
[2022-08-02 23:34:40,490] {logging_mixin.py:115} INFO - [2022-08-02 23:34:40,490] {dag.py:2420} INFO - Sync 1 DAGs
[2022-08-02 23:34:40,523] {logging_mixin.py:115} INFO - [2022-08-02 23:34:40,523] {dag.py:2972} INFO - Setting next_dagrun for example_branch_python_operator_decorator to 2022-08-01T00:00:00+00:00, run_after=2022-08-02T00:00:00+00:00
[2022-08-02 23:34:40,566] {processor.py:161} INFO - Processing /home/airflow/.local/lib/python3.7/site-packages/airflow/example_dags/example_branch_operator_decorator.py took 0.156 seconds
[2022-08-02 23:35:25,361] {processor.py:153} INFO - Started process (PID=1445) to work on /home/airflow/.local/lib/python3.7/site-packages/airflow/example_dags/example_branch_operator_decorator.py
[2022-08-02 23:35:25,377] {processor.py:641} INFO - Processing file /home/airflow/.local/lib/python3.7/site-packages/airflow/example_dags/example_branch_operator_decorator.py for tasks to queue
[2022-08-02 23:35:25,391] {logging_mixin.py:115} INFO - [2022-08-02 23:35:25,391] {dagbag.py:508} INFO - Filling up the DagBag from /home/airflow/.local/lib/python3.7/site-packages/airflow/example_dags/example_branch_operator_decorator.py
[2022-08-02 23:35:25,533] {processor.py:651} INFO - DAG(s) dict_keys(['example_branch_python_operator_decorator']) retrieved from /home/airflow/.local/lib/python3.7/site-packages/airflow/example_dags/example_branch_operator_decorator.py
[2022-08-02 23:35:25,668] {logging_mixin.py:115} INFO - [2022-08-02 23:35:25,668] {dag.py:2420} INFO - Sync 1 DAGs
[2022-08-02 23:35:25,743] {logging_mixin.py:115} INFO - [2022-08-02 23:35:25,743] {dag.py:2972} INFO - Setting next_dagrun for example_branch_python_operator_decorator to 2022-08-01T00:00:00+00:00, run_after=2022-08-02T00:00:00+00:00
[2022-08-02 23:35:25,793] {processor.py:161} INFO - Processing /home/airflow/.local/lib/python3.7/site-packages/airflow/example_dags/example_branch_operator_decorator.py took 0.450 seconds
[2022-08-02 23:35:56,583] {processor.py:153} INFO - Started process (PID=1498) to work on /home/airflow/.local/lib/python3.7/site-packages/airflow/example_dags/example_branch_operator_decorator.py
[2022-08-02 23:35:56,587] {processor.py:641} INFO - Processing file /home/airflow/.local/lib/python3.7/site-packages/airflow/example_dags/example_branch_operator_decorator.py for tasks to queue
[2022-08-02 23:35:56,589] {logging_mixin.py:115} INFO - [2022-08-02 23:35:56,589] {dagbag.py:508} INFO - Filling up the DagBag from /home/airflow/.local/lib/python3.7/site-packages/airflow/example_dags/example_branch_operator_decorator.py
[2022-08-02 23:35:56,612] {processor.py:651} INFO - DAG(s) dict_keys(['example_branch_python_operator_decorator']) retrieved from /home/airflow/.local/lib/python3.7/site-packages/airflow/example_dags/example_branch_operator_decorator.py
[2022-08-02 23:35:56,648] {logging_mixin.py:115} INFO - [2022-08-02 23:35:56,648] {dag.py:2420} INFO - Sync 1 DAGs
[2022-08-02 23:35:56,674] {logging_mixin.py:115} INFO - [2022-08-02 23:35:56,674] {dag.py:2972} INFO - Setting next_dagrun for example_branch_python_operator_decorator to 2022-08-01T00:00:00+00:00, run_after=2022-08-02T00:00:00+00:00
[2022-08-02 23:35:56,687] {processor.py:161} INFO - Processing /home/airflow/.local/lib/python3.7/site-packages/airflow/example_dags/example_branch_operator_decorator.py took 0.109 seconds
[2022-08-02 23:36:27,238] {processor.py:153} INFO - Started process (PID=1551) to work on /home/airflow/.local/lib/python3.7/site-packages/airflow/example_dags/example_branch_operator_decorator.py
[2022-08-02 23:36:27,240] {processor.py:641} INFO - Processing file /home/airflow/.local/lib/python3.7/site-packages/airflow/example_dags/example_branch_operator_decorator.py for tasks to queue
[2022-08-02 23:36:27,242] {logging_mixin.py:115} INFO - [2022-08-02 23:36:27,242] {dagbag.py:508} INFO - Filling up the DagBag from /home/airflow/.local/lib/python3.7/site-packages/airflow/example_dags/example_branch_operator_decorator.py
[2022-08-02 23:36:27,259] {processor.py:651} INFO - DAG(s) dict_keys(['example_branch_python_operator_decorator']) retrieved from /home/airflow/.local/lib/python3.7/site-packages/airflow/example_dags/example_branch_operator_decorator.py
[2022-08-02 23:36:27,284] {logging_mixin.py:115} INFO - [2022-08-02 23:36:27,284] {dag.py:2420} INFO - Sync 1 DAGs
[2022-08-02 23:36:27,303] {logging_mixin.py:115} INFO - [2022-08-02 23:36:27,303] {dag.py:2972} INFO - Setting next_dagrun for example_branch_python_operator_decorator to 2022-08-01T00:00:00+00:00, run_after=2022-08-02T00:00:00+00:00
[2022-08-02 23:36:27,316] {processor.py:161} INFO - Processing /home/airflow/.local/lib/python3.7/site-packages/airflow/example_dags/example_branch_operator_decorator.py took 0.080 seconds
[2022-08-02 23:36:57,425] {processor.py:153} INFO - Started process (PID=1612) to work on /home/airflow/.local/lib/python3.7/site-packages/airflow/example_dags/example_branch_operator_decorator.py
[2022-08-02 23:36:57,428] {processor.py:641} INFO - Processing file /home/airflow/.local/lib/python3.7/site-packages/airflow/example_dags/example_branch_operator_decorator.py for tasks to queue
[2022-08-02 23:36:57,429] {logging_mixin.py:115} INFO - [2022-08-02 23:36:57,429] {dagbag.py:508} INFO - Filling up the DagBag from /home/airflow/.local/lib/python3.7/site-packages/airflow/example_dags/example_branch_operator_decorator.py
[2022-08-02 23:36:57,446] {processor.py:651} INFO - DAG(s) dict_keys(['example_branch_python_operator_decorator']) retrieved from /home/airflow/.local/lib/python3.7/site-packages/airflow/example_dags/example_branch_operator_decorator.py
[2022-08-02 23:36:57,472] {logging_mixin.py:115} INFO - [2022-08-02 23:36:57,472] {dag.py:2420} INFO - Sync 1 DAGs
[2022-08-02 23:36:57,490] {logging_mixin.py:115} INFO - [2022-08-02 23:36:57,490] {dag.py:2972} INFO - Setting next_dagrun for example_branch_python_operator_decorator to 2022-08-01T00:00:00+00:00, run_after=2022-08-02T00:00:00+00:00
[2022-08-02 23:36:57,501] {processor.py:161} INFO - Processing /home/airflow/.local/lib/python3.7/site-packages/airflow/example_dags/example_branch_operator_decorator.py took 0.079 seconds
[2022-08-02 23:37:27,986] {processor.py:153} INFO - Started process (PID=1673) to work on /home/airflow/.local/lib/python3.7/site-packages/airflow/example_dags/example_branch_operator_decorator.py
[2022-08-02 23:37:27,992] {processor.py:641} INFO - Processing file /home/airflow/.local/lib/python3.7/site-packages/airflow/example_dags/example_branch_operator_decorator.py for tasks to queue
[2022-08-02 23:37:27,999] {logging_mixin.py:115} INFO - [2022-08-02 23:37:27,999] {dagbag.py:508} INFO - Filling up the DagBag from /home/airflow/.local/lib/python3.7/site-packages/airflow/example_dags/example_branch_operator_decorator.py
[2022-08-02 23:37:28,050] {processor.py:651} INFO - DAG(s) dict_keys(['example_branch_python_operator_decorator']) retrieved from /home/airflow/.local/lib/python3.7/site-packages/airflow/example_dags/example_branch_operator_decorator.py
[2022-08-02 23:37:28,122] {logging_mixin.py:115} INFO - [2022-08-02 23:37:28,122] {dag.py:2420} INFO - Sync 1 DAGs
[2022-08-02 23:37:28,147] {logging_mixin.py:115} INFO - [2022-08-02 23:37:28,147] {dag.py:2972} INFO - Setting next_dagrun for example_branch_python_operator_decorator to 2022-08-01T00:00:00+00:00, run_after=2022-08-02T00:00:00+00:00
[2022-08-02 23:37:28,161] {processor.py:161} INFO - Processing /home/airflow/.local/lib/python3.7/site-packages/airflow/example_dags/example_branch_operator_decorator.py took 0.181 seconds
[2022-08-02 23:37:58,336] {processor.py:153} INFO - Started process (PID=1725) to work on /home/airflow/.local/lib/python3.7/site-packages/airflow/example_dags/example_branch_operator_decorator.py
[2022-08-02 23:37:58,339] {processor.py:641} INFO - Processing file /home/airflow/.local/lib/python3.7/site-packages/airflow/example_dags/example_branch_operator_decorator.py for tasks to queue
[2022-08-02 23:37:58,341] {logging_mixin.py:115} INFO - [2022-08-02 23:37:58,341] {dagbag.py:508} INFO - Filling up the DagBag from /home/airflow/.local/lib/python3.7/site-packages/airflow/example_dags/example_branch_operator_decorator.py
[2022-08-02 23:37:58,367] {processor.py:651} INFO - DAG(s) dict_keys(['example_branch_python_operator_decorator']) retrieved from /home/airflow/.local/lib/python3.7/site-packages/airflow/example_dags/example_branch_operator_decorator.py
[2022-08-02 23:37:58,411] {logging_mixin.py:115} INFO - [2022-08-02 23:37:58,411] {dag.py:2420} INFO - Sync 1 DAGs
[2022-08-02 23:37:58,438] {logging_mixin.py:115} INFO - [2022-08-02 23:37:58,438] {dag.py:2972} INFO - Setting next_dagrun for example_branch_python_operator_decorator to 2022-08-01T00:00:00+00:00, run_after=2022-08-02T00:00:00+00:00
[2022-08-02 23:37:58,460] {processor.py:161} INFO - Processing /home/airflow/.local/lib/python3.7/site-packages/airflow/example_dags/example_branch_operator_decorator.py took 0.129 seconds
[2022-08-02 23:38:28,643] {processor.py:153} INFO - Started process (PID=1786) to work on /home/airflow/.local/lib/python3.7/site-packages/airflow/example_dags/example_branch_operator_decorator.py
[2022-08-02 23:38:28,645] {processor.py:641} INFO - Processing file /home/airflow/.local/lib/python3.7/site-packages/airflow/example_dags/example_branch_operator_decorator.py for tasks to queue
[2022-08-02 23:38:28,647] {logging_mixin.py:115} INFO - [2022-08-02 23:38:28,647] {dagbag.py:508} INFO - Filling up the DagBag from /home/airflow/.local/lib/python3.7/site-packages/airflow/example_dags/example_branch_operator_decorator.py
[2022-08-02 23:38:28,667] {processor.py:651} INFO - DAG(s) dict_keys(['example_branch_python_operator_decorator']) retrieved from /home/airflow/.local/lib/python3.7/site-packages/airflow/example_dags/example_branch_operator_decorator.py
[2022-08-02 23:38:28,695] {logging_mixin.py:115} INFO - [2022-08-02 23:38:28,695] {dag.py:2420} INFO - Sync 1 DAGs
[2022-08-02 23:38:28,715] {logging_mixin.py:115} INFO - [2022-08-02 23:38:28,715] {dag.py:2972} INFO - Setting next_dagrun for example_branch_python_operator_decorator to 2022-08-01T00:00:00+00:00, run_after=2022-08-02T00:00:00+00:00
[2022-08-02 23:38:28,726] {processor.py:161} INFO - Processing /home/airflow/.local/lib/python3.7/site-packages/airflow/example_dags/example_branch_operator_decorator.py took 0.087 seconds
[2022-08-02 23:38:59,208] {processor.py:153} INFO - Started process (PID=1847) to work on /home/airflow/.local/lib/python3.7/site-packages/airflow/example_dags/example_branch_operator_decorator.py
[2022-08-02 23:38:59,213] {processor.py:641} INFO - Processing file /home/airflow/.local/lib/python3.7/site-packages/airflow/example_dags/example_branch_operator_decorator.py for tasks to queue
[2022-08-02 23:38:59,218] {logging_mixin.py:115} INFO - [2022-08-02 23:38:59,218] {dagbag.py:508} INFO - Filling up the DagBag from /home/airflow/.local/lib/python3.7/site-packages/airflow/example_dags/example_branch_operator_decorator.py
[2022-08-02 23:38:59,244] {processor.py:651} INFO - DAG(s) dict_keys(['example_branch_python_operator_decorator']) retrieved from /home/airflow/.local/lib/python3.7/site-packages/airflow/example_dags/example_branch_operator_decorator.py
[2022-08-02 23:38:59,288] {logging_mixin.py:115} INFO - [2022-08-02 23:38:59,287] {dag.py:2420} INFO - Sync 1 DAGs
[2022-08-02 23:38:59,316] {logging_mixin.py:115} INFO - [2022-08-02 23:38:59,316] {dag.py:2972} INFO - Setting next_dagrun for example_branch_python_operator_decorator to 2022-08-01T00:00:00+00:00, run_after=2022-08-02T00:00:00+00:00
[2022-08-02 23:38:59,337] {processor.py:161} INFO - Processing /home/airflow/.local/lib/python3.7/site-packages/airflow/example_dags/example_branch_operator_decorator.py took 0.136 seconds
[2022-08-02 23:39:29,582] {processor.py:153} INFO - Started process (PID=1899) to work on /home/airflow/.local/lib/python3.7/site-packages/airflow/example_dags/example_branch_operator_decorator.py
[2022-08-02 23:39:29,587] {processor.py:641} INFO - Processing file /home/airflow/.local/lib/python3.7/site-packages/airflow/example_dags/example_branch_operator_decorator.py for tasks to queue
[2022-08-02 23:39:29,590] {logging_mixin.py:115} INFO - [2022-08-02 23:39:29,590] {dagbag.py:508} INFO - Filling up the DagBag from /home/airflow/.local/lib/python3.7/site-packages/airflow/example_dags/example_branch_operator_decorator.py
[2022-08-02 23:39:29,613] {processor.py:651} INFO - DAG(s) dict_keys(['example_branch_python_operator_decorator']) retrieved from /home/airflow/.local/lib/python3.7/site-packages/airflow/example_dags/example_branch_operator_decorator.py
[2022-08-02 23:39:29,645] {logging_mixin.py:115} INFO - [2022-08-02 23:39:29,645] {dag.py:2420} INFO - Sync 1 DAGs
[2022-08-02 23:39:29,687] {logging_mixin.py:115} INFO - [2022-08-02 23:39:29,687] {dag.py:2972} INFO - Setting next_dagrun for example_branch_python_operator_decorator to 2022-08-01T00:00:00+00:00, run_after=2022-08-02T00:00:00+00:00
[2022-08-02 23:39:29,718] {processor.py:161} INFO - Processing /home/airflow/.local/lib/python3.7/site-packages/airflow/example_dags/example_branch_operator_decorator.py took 0.141 seconds
[2022-08-02 23:40:00,003] {processor.py:153} INFO - Started process (PID=1950) to work on /home/airflow/.local/lib/python3.7/site-packages/airflow/example_dags/example_branch_operator_decorator.py
[2022-08-02 23:40:00,005] {processor.py:641} INFO - Processing file /home/airflow/.local/lib/python3.7/site-packages/airflow/example_dags/example_branch_operator_decorator.py for tasks to queue
[2022-08-02 23:40:00,008] {logging_mixin.py:115} INFO - [2022-08-02 23:40:00,008] {dagbag.py:508} INFO - Filling up the DagBag from /home/airflow/.local/lib/python3.7/site-packages/airflow/example_dags/example_branch_operator_decorator.py
[2022-08-02 23:40:00,027] {processor.py:651} INFO - DAG(s) dict_keys(['example_branch_python_operator_decorator']) retrieved from /home/airflow/.local/lib/python3.7/site-packages/airflow/example_dags/example_branch_operator_decorator.py
[2022-08-02 23:40:00,063] {logging_mixin.py:115} INFO - [2022-08-02 23:40:00,063] {dag.py:2420} INFO - Sync 1 DAGs
[2022-08-02 23:40:00,083] {logging_mixin.py:115} INFO - [2022-08-02 23:40:00,083] {dag.py:2972} INFO - Setting next_dagrun for example_branch_python_operator_decorator to 2022-08-01T00:00:00+00:00, run_after=2022-08-02T00:00:00+00:00
[2022-08-02 23:40:00,096] {processor.py:161} INFO - Processing /home/airflow/.local/lib/python3.7/site-packages/airflow/example_dags/example_branch_operator_decorator.py took 0.097 seconds
[2022-08-02 23:40:30,522] {processor.py:153} INFO - Started process (PID=2002) to work on /home/airflow/.local/lib/python3.7/site-packages/airflow/example_dags/example_branch_operator_decorator.py
[2022-08-02 23:40:30,525] {processor.py:641} INFO - Processing file /home/airflow/.local/lib/python3.7/site-packages/airflow/example_dags/example_branch_operator_decorator.py for tasks to queue
[2022-08-02 23:40:30,526] {logging_mixin.py:115} INFO - [2022-08-02 23:40:30,526] {dagbag.py:508} INFO - Filling up the DagBag from /home/airflow/.local/lib/python3.7/site-packages/airflow/example_dags/example_branch_operator_decorator.py
[2022-08-02 23:40:30,551] {processor.py:651} INFO - DAG(s) dict_keys(['example_branch_python_operator_decorator']) retrieved from /home/airflow/.local/lib/python3.7/site-packages/airflow/example_dags/example_branch_operator_decorator.py
[2022-08-02 23:40:30,588] {logging_mixin.py:115} INFO - [2022-08-02 23:40:30,588] {dag.py:2420} INFO - Sync 1 DAGs
[2022-08-02 23:40:30,615] {logging_mixin.py:115} INFO - [2022-08-02 23:40:30,614] {dag.py:2972} INFO - Setting next_dagrun for example_branch_python_operator_decorator to 2022-08-01T00:00:00+00:00, run_after=2022-08-02T00:00:00+00:00
[2022-08-02 23:40:30,631] {processor.py:161} INFO - Processing /home/airflow/.local/lib/python3.7/site-packages/airflow/example_dags/example_branch_operator_decorator.py took 0.112 seconds
[2022-08-02 23:41:56,529] {processor.py:153} INFO - Started process (PID=2087) to work on /home/airflow/.local/lib/python3.7/site-packages/airflow/example_dags/example_branch_operator_decorator.py
[2022-08-02 23:41:56,534] {processor.py:641} INFO - Processing file /home/airflow/.local/lib/python3.7/site-packages/airflow/example_dags/example_branch_operator_decorator.py for tasks to queue
[2022-08-02 23:41:56,539] {logging_mixin.py:115} INFO - [2022-08-02 23:41:56,539] {dagbag.py:508} INFO - Filling up the DagBag from /home/airflow/.local/lib/python3.7/site-packages/airflow/example_dags/example_branch_operator_decorator.py
[2022-08-02 23:41:56,572] {processor.py:651} INFO - DAG(s) dict_keys(['example_branch_python_operator_decorator']) retrieved from /home/airflow/.local/lib/python3.7/site-packages/airflow/example_dags/example_branch_operator_decorator.py
[2022-08-02 23:41:56,614] {logging_mixin.py:115} INFO - [2022-08-02 23:41:56,614] {dag.py:2420} INFO - Sync 1 DAGs
[2022-08-02 23:41:56,642] {logging_mixin.py:115} INFO - [2022-08-02 23:41:56,642] {dag.py:2972} INFO - Setting next_dagrun for example_branch_python_operator_decorator to 2022-08-01T00:00:00+00:00, run_after=2022-08-02T00:00:00+00:00
[2022-08-02 23:41:56,700] {processor.py:161} INFO - Processing /home/airflow/.local/lib/python3.7/site-packages/airflow/example_dags/example_branch_operator_decorator.py took 0.176 seconds
[2022-08-02 23:55:26,810] {processor.py:153} INFO - Started process (PID=2139) to work on /home/airflow/.local/lib/python3.7/site-packages/airflow/example_dags/example_branch_operator_decorator.py
[2022-08-02 23:55:26,817] {processor.py:641} INFO - Processing file /home/airflow/.local/lib/python3.7/site-packages/airflow/example_dags/example_branch_operator_decorator.py for tasks to queue
[2022-08-02 23:55:26,822] {logging_mixin.py:115} INFO - [2022-08-02 23:55:26,822] {dagbag.py:508} INFO - Filling up the DagBag from /home/airflow/.local/lib/python3.7/site-packages/airflow/example_dags/example_branch_operator_decorator.py
[2022-08-02 23:55:26,877] {processor.py:651} INFO - DAG(s) dict_keys(['example_branch_python_operator_decorator']) retrieved from /home/airflow/.local/lib/python3.7/site-packages/airflow/example_dags/example_branch_operator_decorator.py
[2022-08-02 23:55:27,106] {logging_mixin.py:115} INFO - [2022-08-02 23:55:27,106] {dag.py:2420} INFO - Sync 1 DAGs
[2022-08-02 23:55:27,223] {logging_mixin.py:115} INFO - [2022-08-02 23:55:27,223] {dag.py:2972} INFO - Setting next_dagrun for example_branch_python_operator_decorator to 2022-08-01T00:00:00+00:00, run_after=2022-08-02T00:00:00+00:00
[2022-08-02 23:55:27,272] {processor.py:161} INFO - Processing /home/airflow/.local/lib/python3.7/site-packages/airflow/example_dags/example_branch_operator_decorator.py took 0.474 seconds
[2022-08-02 23:55:59,979] {processor.py:153} INFO - Started process (PID=2199) to work on /home/airflow/.local/lib/python3.7/site-packages/airflow/example_dags/example_branch_operator_decorator.py
[2022-08-02 23:55:59,996] {processor.py:641} INFO - Processing file /home/airflow/.local/lib/python3.7/site-packages/airflow/example_dags/example_branch_operator_decorator.py for tasks to queue
[2022-08-02 23:56:00,008] {logging_mixin.py:115} INFO - [2022-08-02 23:56:00,008] {dagbag.py:508} INFO - Filling up the DagBag from /home/airflow/.local/lib/python3.7/site-packages/airflow/example_dags/example_branch_operator_decorator.py
[2022-08-02 23:56:00,272] {processor.py:651} INFO - DAG(s) dict_keys(['example_branch_python_operator_decorator']) retrieved from /home/airflow/.local/lib/python3.7/site-packages/airflow/example_dags/example_branch_operator_decorator.py
[2022-08-02 23:56:00,335] {logging_mixin.py:115} INFO - [2022-08-02 23:56:00,335] {dag.py:2420} INFO - Sync 1 DAGs
[2022-08-02 23:56:00,393] {logging_mixin.py:115} INFO - [2022-08-02 23:56:00,393] {dag.py:2972} INFO - Setting next_dagrun for example_branch_python_operator_decorator to 2022-08-01T00:00:00+00:00, run_after=2022-08-02T00:00:00+00:00
[2022-08-02 23:56:00,428] {processor.py:161} INFO - Processing /home/airflow/.local/lib/python3.7/site-packages/airflow/example_dags/example_branch_operator_decorator.py took 0.466 seconds
