[2022-08-02 23:21:48,940] {processor.py:153} INFO - Started process (PID=54) to work on /home/airflow/.local/lib/python3.7/site-packages/airflow/example_dags/example_trigger_target_dag.py
[2022-08-02 23:21:48,963] {processor.py:641} INFO - Processing file /home/airflow/.local/lib/python3.7/site-packages/airflow/example_dags/example_trigger_target_dag.py for tasks to queue
[2022-08-02 23:21:48,977] {logging_mixin.py:115} INFO - [2022-08-02 23:21:48,977] {dagbag.py:508} INFO - Filling up the DagBag from /home/airflow/.local/lib/python3.7/site-packages/airflow/example_dags/example_trigger_target_dag.py
[2022-08-02 23:21:49,601] {processor.py:651} INFO - DAG(s) dict_keys(['example_trigger_target_dag']) retrieved from /home/airflow/.local/lib/python3.7/site-packages/airflow/example_dags/example_trigger_target_dag.py
[2022-08-02 23:21:49,792] {logging_mixin.py:115} INFO - [2022-08-02 23:21:49,792] {manager.py:508} INFO - Created Permission View: can read on DAG:example_trigger_target_dag
[2022-08-02 23:21:49,846] {logging_mixin.py:115} INFO - [2022-08-02 23:21:49,845] {manager.py:508} INFO - Created Permission View: can edit on DAG:example_trigger_target_dag
[2022-08-02 23:21:49,868] {logging_mixin.py:115} INFO - [2022-08-02 23:21:49,868] {manager.py:508} INFO - Created Permission View: can delete on DAG:example_trigger_target_dag
[2022-08-02 23:21:49,881] {logging_mixin.py:115} INFO - [2022-08-02 23:21:49,881] {dag.py:2420} INFO - Sync 1 DAGs
[2022-08-02 23:21:49,932] {logging_mixin.py:115} INFO - [2022-08-02 23:21:49,932] {dag.py:2439} INFO - Creating ORM DAG for example_trigger_target_dag
[2022-08-02 23:21:50,040] {logging_mixin.py:115} INFO - [2022-08-02 23:21:50,040] {dag.py:2972} INFO - Setting next_dagrun for example_trigger_target_dag to None, run_after=None
[2022-08-02 23:21:50,065] {processor.py:161} INFO - Processing /home/airflow/.local/lib/python3.7/site-packages/airflow/example_dags/example_trigger_target_dag.py took 1.139 seconds
[2022-08-02 23:22:21,051] {processor.py:153} INFO - Started process (PID=106) to work on /home/airflow/.local/lib/python3.7/site-packages/airflow/example_dags/example_trigger_target_dag.py
[2022-08-02 23:22:21,071] {processor.py:641} INFO - Processing file /home/airflow/.local/lib/python3.7/site-packages/airflow/example_dags/example_trigger_target_dag.py for tasks to queue
[2022-08-02 23:22:21,080] {logging_mixin.py:115} INFO - [2022-08-02 23:22:21,079] {dagbag.py:508} INFO - Filling up the DagBag from /home/airflow/.local/lib/python3.7/site-packages/airflow/example_dags/example_trigger_target_dag.py
[2022-08-02 23:22:21,295] {processor.py:651} INFO - DAG(s) dict_keys(['example_trigger_target_dag']) retrieved from /home/airflow/.local/lib/python3.7/site-packages/airflow/example_dags/example_trigger_target_dag.py
[2022-08-02 23:22:21,532] {logging_mixin.py:115} INFO - [2022-08-02 23:22:21,531] {dag.py:2420} INFO - Sync 1 DAGs
[2022-08-02 23:22:21,686] {logging_mixin.py:115} INFO - [2022-08-02 23:22:21,686] {dag.py:2972} INFO - Setting next_dagrun for example_trigger_target_dag to None, run_after=None
[2022-08-02 23:22:21,769] {processor.py:161} INFO - Processing /home/airflow/.local/lib/python3.7/site-packages/airflow/example_dags/example_trigger_target_dag.py took 0.753 seconds
[2022-08-02 23:22:52,576] {processor.py:153} INFO - Started process (PID=157) to work on /home/airflow/.local/lib/python3.7/site-packages/airflow/example_dags/example_trigger_target_dag.py
[2022-08-02 23:22:52,627] {processor.py:641} INFO - Processing file /home/airflow/.local/lib/python3.7/site-packages/airflow/example_dags/example_trigger_target_dag.py for tasks to queue
[2022-08-02 23:22:52,667] {logging_mixin.py:115} INFO - [2022-08-02 23:22:52,666] {dagbag.py:508} INFO - Filling up the DagBag from /home/airflow/.local/lib/python3.7/site-packages/airflow/example_dags/example_trigger_target_dag.py
[2022-08-02 23:22:52,849] {processor.py:651} INFO - DAG(s) dict_keys(['example_trigger_target_dag']) retrieved from /home/airflow/.local/lib/python3.7/site-packages/airflow/example_dags/example_trigger_target_dag.py
[2022-08-02 23:22:53,246] {logging_mixin.py:115} INFO - [2022-08-02 23:22:53,246] {dag.py:2420} INFO - Sync 1 DAGs
[2022-08-02 23:22:53,289] {logging_mixin.py:115} INFO - [2022-08-02 23:22:53,289] {dag.py:2972} INFO - Setting next_dagrun for example_trigger_target_dag to None, run_after=None
[2022-08-02 23:22:53,327] {processor.py:161} INFO - Processing /home/airflow/.local/lib/python3.7/site-packages/airflow/example_dags/example_trigger_target_dag.py took 0.771 seconds
[2022-08-02 23:23:24,132] {processor.py:153} INFO - Started process (PID=210) to work on /home/airflow/.local/lib/python3.7/site-packages/airflow/example_dags/example_trigger_target_dag.py
[2022-08-02 23:23:24,138] {processor.py:641} INFO - Processing file /home/airflow/.local/lib/python3.7/site-packages/airflow/example_dags/example_trigger_target_dag.py for tasks to queue
[2022-08-02 23:23:24,140] {logging_mixin.py:115} INFO - [2022-08-02 23:23:24,140] {dagbag.py:508} INFO - Filling up the DagBag from /home/airflow/.local/lib/python3.7/site-packages/airflow/example_dags/example_trigger_target_dag.py
[2022-08-02 23:23:24,179] {processor.py:651} INFO - DAG(s) dict_keys(['example_trigger_target_dag']) retrieved from /home/airflow/.local/lib/python3.7/site-packages/airflow/example_dags/example_trigger_target_dag.py
[2022-08-02 23:23:24,218] {logging_mixin.py:115} INFO - [2022-08-02 23:23:24,217] {dag.py:2420} INFO - Sync 1 DAGs
[2022-08-02 23:23:24,241] {logging_mixin.py:115} INFO - [2022-08-02 23:23:24,241] {dag.py:2972} INFO - Setting next_dagrun for example_trigger_target_dag to None, run_after=None
[2022-08-02 23:23:24,256] {processor.py:161} INFO - Processing /home/airflow/.local/lib/python3.7/site-packages/airflow/example_dags/example_trigger_target_dag.py took 0.134 seconds
[2022-08-02 23:23:54,638] {processor.py:153} INFO - Started process (PID=263) to work on /home/airflow/.local/lib/python3.7/site-packages/airflow/example_dags/example_trigger_target_dag.py
[2022-08-02 23:23:54,644] {processor.py:641} INFO - Processing file /home/airflow/.local/lib/python3.7/site-packages/airflow/example_dags/example_trigger_target_dag.py for tasks to queue
[2022-08-02 23:23:54,649] {logging_mixin.py:115} INFO - [2022-08-02 23:23:54,648] {dagbag.py:508} INFO - Filling up the DagBag from /home/airflow/.local/lib/python3.7/site-packages/airflow/example_dags/example_trigger_target_dag.py
[2022-08-02 23:23:54,691] {processor.py:651} INFO - DAG(s) dict_keys(['example_trigger_target_dag']) retrieved from /home/airflow/.local/lib/python3.7/site-packages/airflow/example_dags/example_trigger_target_dag.py
[2022-08-02 23:23:54,753] {logging_mixin.py:115} INFO - [2022-08-02 23:23:54,753] {dag.py:2420} INFO - Sync 1 DAGs
[2022-08-02 23:23:54,806] {logging_mixin.py:115} INFO - [2022-08-02 23:23:54,806] {dag.py:2972} INFO - Setting next_dagrun for example_trigger_target_dag to None, run_after=None
[2022-08-02 23:23:54,834] {processor.py:161} INFO - Processing /home/airflow/.local/lib/python3.7/site-packages/airflow/example_dags/example_trigger_target_dag.py took 0.207 seconds
[2022-08-02 23:24:25,614] {processor.py:153} INFO - Started process (PID=323) to work on /home/airflow/.local/lib/python3.7/site-packages/airflow/example_dags/example_trigger_target_dag.py
[2022-08-02 23:24:25,633] {processor.py:641} INFO - Processing file /home/airflow/.local/lib/python3.7/site-packages/airflow/example_dags/example_trigger_target_dag.py for tasks to queue
[2022-08-02 23:24:25,644] {logging_mixin.py:115} INFO - [2022-08-02 23:24:25,644] {dagbag.py:508} INFO - Filling up the DagBag from /home/airflow/.local/lib/python3.7/site-packages/airflow/example_dags/example_trigger_target_dag.py
[2022-08-02 23:24:25,746] {processor.py:651} INFO - DAG(s) dict_keys(['example_trigger_target_dag']) retrieved from /home/airflow/.local/lib/python3.7/site-packages/airflow/example_dags/example_trigger_target_dag.py
[2022-08-02 23:24:25,858] {logging_mixin.py:115} INFO - [2022-08-02 23:24:25,858] {dag.py:2420} INFO - Sync 1 DAGs
[2022-08-02 23:24:26,164] {logging_mixin.py:115} INFO - [2022-08-02 23:24:26,164] {dag.py:2972} INFO - Setting next_dagrun for example_trigger_target_dag to None, run_after=None
[2022-08-02 23:24:26,395] {processor.py:161} INFO - Processing /home/airflow/.local/lib/python3.7/site-packages/airflow/example_dags/example_trigger_target_dag.py took 0.841 seconds
[2022-08-02 23:24:56,809] {processor.py:153} INFO - Started process (PID=366) to work on /home/airflow/.local/lib/python3.7/site-packages/airflow/example_dags/example_trigger_target_dag.py
[2022-08-02 23:24:56,817] {processor.py:641} INFO - Processing file /home/airflow/.local/lib/python3.7/site-packages/airflow/example_dags/example_trigger_target_dag.py for tasks to queue
[2022-08-02 23:24:56,828] {logging_mixin.py:115} INFO - [2022-08-02 23:24:56,828] {dagbag.py:508} INFO - Filling up the DagBag from /home/airflow/.local/lib/python3.7/site-packages/airflow/example_dags/example_trigger_target_dag.py
[2022-08-02 23:24:57,150] {processor.py:651} INFO - DAG(s) dict_keys(['example_trigger_target_dag']) retrieved from /home/airflow/.local/lib/python3.7/site-packages/airflow/example_dags/example_trigger_target_dag.py
[2022-08-02 23:24:57,413] {logging_mixin.py:115} INFO - [2022-08-02 23:24:57,413] {dag.py:2420} INFO - Sync 1 DAGs
[2022-08-02 23:24:57,635] {logging_mixin.py:115} INFO - [2022-08-02 23:24:57,635] {dag.py:2972} INFO - Setting next_dagrun for example_trigger_target_dag to None, run_after=None
[2022-08-02 23:24:57,751] {processor.py:161} INFO - Processing /home/airflow/.local/lib/python3.7/site-packages/airflow/example_dags/example_trigger_target_dag.py took 0.949 seconds
[2022-08-02 23:25:28,105] {processor.py:153} INFO - Started process (PID=416) to work on /home/airflow/.local/lib/python3.7/site-packages/airflow/example_dags/example_trigger_target_dag.py
[2022-08-02 23:25:28,109] {processor.py:641} INFO - Processing file /home/airflow/.local/lib/python3.7/site-packages/airflow/example_dags/example_trigger_target_dag.py for tasks to queue
[2022-08-02 23:25:28,111] {logging_mixin.py:115} INFO - [2022-08-02 23:25:28,111] {dagbag.py:508} INFO - Filling up the DagBag from /home/airflow/.local/lib/python3.7/site-packages/airflow/example_dags/example_trigger_target_dag.py
[2022-08-02 23:25:28,134] {processor.py:651} INFO - DAG(s) dict_keys(['example_trigger_target_dag']) retrieved from /home/airflow/.local/lib/python3.7/site-packages/airflow/example_dags/example_trigger_target_dag.py
[2022-08-02 23:25:28,170] {logging_mixin.py:115} INFO - [2022-08-02 23:25:28,170] {dag.py:2420} INFO - Sync 1 DAGs
[2022-08-02 23:25:28,193] {logging_mixin.py:115} INFO - [2022-08-02 23:25:28,193] {dag.py:2972} INFO - Setting next_dagrun for example_trigger_target_dag to None, run_after=None
[2022-08-02 23:25:28,213] {processor.py:161} INFO - Processing /home/airflow/.local/lib/python3.7/site-packages/airflow/example_dags/example_trigger_target_dag.py took 0.115 seconds
[2022-08-02 23:25:58,459] {processor.py:153} INFO - Started process (PID=477) to work on /home/airflow/.local/lib/python3.7/site-packages/airflow/example_dags/example_trigger_target_dag.py
[2022-08-02 23:25:58,468] {processor.py:641} INFO - Processing file /home/airflow/.local/lib/python3.7/site-packages/airflow/example_dags/example_trigger_target_dag.py for tasks to queue
[2022-08-02 23:25:58,487] {logging_mixin.py:115} INFO - [2022-08-02 23:25:58,487] {dagbag.py:508} INFO - Filling up the DagBag from /home/airflow/.local/lib/python3.7/site-packages/airflow/example_dags/example_trigger_target_dag.py
[2022-08-02 23:25:58,720] {processor.py:651} INFO - DAG(s) dict_keys(['example_trigger_target_dag']) retrieved from /home/airflow/.local/lib/python3.7/site-packages/airflow/example_dags/example_trigger_target_dag.py
[2022-08-02 23:25:58,846] {logging_mixin.py:115} INFO - [2022-08-02 23:25:58,846] {dag.py:2420} INFO - Sync 1 DAGs
[2022-08-02 23:25:59,075] {logging_mixin.py:115} INFO - [2022-08-02 23:25:59,075] {dag.py:2972} INFO - Setting next_dagrun for example_trigger_target_dag to None, run_after=None
[2022-08-02 23:25:59,106] {processor.py:161} INFO - Processing /home/airflow/.local/lib/python3.7/site-packages/airflow/example_dags/example_trigger_target_dag.py took 0.636 seconds
[2022-08-02 23:26:29,984] {processor.py:153} INFO - Started process (PID=531) to work on /home/airflow/.local/lib/python3.7/site-packages/airflow/example_dags/example_trigger_target_dag.py
[2022-08-02 23:26:30,103] {processor.py:641} INFO - Processing file /home/airflow/.local/lib/python3.7/site-packages/airflow/example_dags/example_trigger_target_dag.py for tasks to queue
[2022-08-02 23:26:30,196] {logging_mixin.py:115} INFO - [2022-08-02 23:26:30,196] {dagbag.py:508} INFO - Filling up the DagBag from /home/airflow/.local/lib/python3.7/site-packages/airflow/example_dags/example_trigger_target_dag.py
[2022-08-02 23:26:30,309] {processor.py:651} INFO - DAG(s) dict_keys(['example_trigger_target_dag']) retrieved from /home/airflow/.local/lib/python3.7/site-packages/airflow/example_dags/example_trigger_target_dag.py
[2022-08-02 23:26:30,431] {logging_mixin.py:115} INFO - [2022-08-02 23:26:30,431] {dag.py:2420} INFO - Sync 1 DAGs
[2022-08-02 23:26:30,460] {logging_mixin.py:115} INFO - [2022-08-02 23:26:30,460] {dag.py:2972} INFO - Setting next_dagrun for example_trigger_target_dag to None, run_after=None
[2022-08-02 23:26:30,485] {processor.py:161} INFO - Processing /home/airflow/.local/lib/python3.7/site-packages/airflow/example_dags/example_trigger_target_dag.py took 0.518 seconds
[2022-08-02 23:27:01,315] {processor.py:153} INFO - Started process (PID=582) to work on /home/airflow/.local/lib/python3.7/site-packages/airflow/example_dags/example_trigger_target_dag.py
[2022-08-02 23:27:01,318] {processor.py:641} INFO - Processing file /home/airflow/.local/lib/python3.7/site-packages/airflow/example_dags/example_trigger_target_dag.py for tasks to queue
[2022-08-02 23:27:01,319] {logging_mixin.py:115} INFO - [2022-08-02 23:27:01,319] {dagbag.py:508} INFO - Filling up the DagBag from /home/airflow/.local/lib/python3.7/site-packages/airflow/example_dags/example_trigger_target_dag.py
[2022-08-02 23:27:01,337] {processor.py:651} INFO - DAG(s) dict_keys(['example_trigger_target_dag']) retrieved from /home/airflow/.local/lib/python3.7/site-packages/airflow/example_dags/example_trigger_target_dag.py
[2022-08-02 23:27:01,370] {logging_mixin.py:115} INFO - [2022-08-02 23:27:01,370] {dag.py:2420} INFO - Sync 1 DAGs
[2022-08-02 23:27:01,389] {logging_mixin.py:115} INFO - [2022-08-02 23:27:01,389] {dag.py:2972} INFO - Setting next_dagrun for example_trigger_target_dag to None, run_after=None
[2022-08-02 23:27:01,404] {processor.py:161} INFO - Processing /home/airflow/.local/lib/python3.7/site-packages/airflow/example_dags/example_trigger_target_dag.py took 0.093 seconds
[2022-08-02 23:27:31,970] {processor.py:153} INFO - Started process (PID=633) to work on /home/airflow/.local/lib/python3.7/site-packages/airflow/example_dags/example_trigger_target_dag.py
[2022-08-02 23:27:31,980] {processor.py:641} INFO - Processing file /home/airflow/.local/lib/python3.7/site-packages/airflow/example_dags/example_trigger_target_dag.py for tasks to queue
[2022-08-02 23:27:31,983] {logging_mixin.py:115} INFO - [2022-08-02 23:27:31,983] {dagbag.py:508} INFO - Filling up the DagBag from /home/airflow/.local/lib/python3.7/site-packages/airflow/example_dags/example_trigger_target_dag.py
[2022-08-02 23:27:32,006] {processor.py:651} INFO - DAG(s) dict_keys(['example_trigger_target_dag']) retrieved from /home/airflow/.local/lib/python3.7/site-packages/airflow/example_dags/example_trigger_target_dag.py
[2022-08-02 23:27:32,042] {logging_mixin.py:115} INFO - [2022-08-02 23:27:32,042] {dag.py:2420} INFO - Sync 1 DAGs
[2022-08-02 23:27:32,066] {logging_mixin.py:115} INFO - [2022-08-02 23:27:32,066] {dag.py:2972} INFO - Setting next_dagrun for example_trigger_target_dag to None, run_after=None
[2022-08-02 23:27:32,089] {processor.py:161} INFO - Processing /home/airflow/.local/lib/python3.7/site-packages/airflow/example_dags/example_trigger_target_dag.py took 0.126 seconds
[2022-08-02 23:28:02,436] {processor.py:153} INFO - Started process (PID=684) to work on /home/airflow/.local/lib/python3.7/site-packages/airflow/example_dags/example_trigger_target_dag.py
[2022-08-02 23:28:02,440] {processor.py:641} INFO - Processing file /home/airflow/.local/lib/python3.7/site-packages/airflow/example_dags/example_trigger_target_dag.py for tasks to queue
[2022-08-02 23:28:02,442] {logging_mixin.py:115} INFO - [2022-08-02 23:28:02,442] {dagbag.py:508} INFO - Filling up the DagBag from /home/airflow/.local/lib/python3.7/site-packages/airflow/example_dags/example_trigger_target_dag.py
[2022-08-02 23:28:02,459] {processor.py:651} INFO - DAG(s) dict_keys(['example_trigger_target_dag']) retrieved from /home/airflow/.local/lib/python3.7/site-packages/airflow/example_dags/example_trigger_target_dag.py
[2022-08-02 23:28:02,489] {logging_mixin.py:115} INFO - [2022-08-02 23:28:02,489] {dag.py:2420} INFO - Sync 1 DAGs
[2022-08-02 23:28:02,509] {logging_mixin.py:115} INFO - [2022-08-02 23:28:02,509] {dag.py:2972} INFO - Setting next_dagrun for example_trigger_target_dag to None, run_after=None
[2022-08-02 23:28:02,527] {processor.py:161} INFO - Processing /home/airflow/.local/lib/python3.7/site-packages/airflow/example_dags/example_trigger_target_dag.py took 0.094 seconds
[2022-08-02 23:28:32,636] {processor.py:153} INFO - Started process (PID=737) to work on /home/airflow/.local/lib/python3.7/site-packages/airflow/example_dags/example_trigger_target_dag.py
[2022-08-02 23:28:32,642] {processor.py:641} INFO - Processing file /home/airflow/.local/lib/python3.7/site-packages/airflow/example_dags/example_trigger_target_dag.py for tasks to queue
[2022-08-02 23:28:32,648] {logging_mixin.py:115} INFO - [2022-08-02 23:28:32,647] {dagbag.py:508} INFO - Filling up the DagBag from /home/airflow/.local/lib/python3.7/site-packages/airflow/example_dags/example_trigger_target_dag.py
[2022-08-02 23:28:32,670] {processor.py:651} INFO - DAG(s) dict_keys(['example_trigger_target_dag']) retrieved from /home/airflow/.local/lib/python3.7/site-packages/airflow/example_dags/example_trigger_target_dag.py
[2022-08-02 23:28:32,724] {logging_mixin.py:115} INFO - [2022-08-02 23:28:32,724] {dag.py:2420} INFO - Sync 1 DAGs
[2022-08-02 23:28:32,756] {logging_mixin.py:115} INFO - [2022-08-02 23:28:32,756] {dag.py:2972} INFO - Setting next_dagrun for example_trigger_target_dag to None, run_after=None
[2022-08-02 23:28:32,788] {processor.py:161} INFO - Processing /home/airflow/.local/lib/python3.7/site-packages/airflow/example_dags/example_trigger_target_dag.py took 0.156 seconds
[2022-08-02 23:29:08,141] {processor.py:153} INFO - Started process (PID=797) to work on /home/airflow/.local/lib/python3.7/site-packages/airflow/example_dags/example_trigger_target_dag.py
[2022-08-02 23:29:08,168] {processor.py:641} INFO - Processing file /home/airflow/.local/lib/python3.7/site-packages/airflow/example_dags/example_trigger_target_dag.py for tasks to queue
[2022-08-02 23:29:08,183] {logging_mixin.py:115} INFO - [2022-08-02 23:29:08,183] {dagbag.py:508} INFO - Filling up the DagBag from /home/airflow/.local/lib/python3.7/site-packages/airflow/example_dags/example_trigger_target_dag.py
[2022-08-02 23:29:08,247] {processor.py:651} INFO - DAG(s) dict_keys(['example_trigger_target_dag']) retrieved from /home/airflow/.local/lib/python3.7/site-packages/airflow/example_dags/example_trigger_target_dag.py
[2022-08-02 23:29:08,490] {logging_mixin.py:115} INFO - [2022-08-02 23:29:08,489] {dag.py:2420} INFO - Sync 1 DAGs
[2022-08-02 23:29:08,834] {logging_mixin.py:115} INFO - [2022-08-02 23:29:08,834] {dag.py:2972} INFO - Setting next_dagrun for example_trigger_target_dag to None, run_after=None
[2022-08-02 23:29:08,908] {processor.py:161} INFO - Processing /home/airflow/.local/lib/python3.7/site-packages/airflow/example_dags/example_trigger_target_dag.py took 0.801 seconds
[2022-08-02 23:29:39,437] {processor.py:153} INFO - Started process (PID=849) to work on /home/airflow/.local/lib/python3.7/site-packages/airflow/example_dags/example_trigger_target_dag.py
[2022-08-02 23:29:39,440] {processor.py:641} INFO - Processing file /home/airflow/.local/lib/python3.7/site-packages/airflow/example_dags/example_trigger_target_dag.py for tasks to queue
[2022-08-02 23:29:39,444] {logging_mixin.py:115} INFO - [2022-08-02 23:29:39,444] {dagbag.py:508} INFO - Filling up the DagBag from /home/airflow/.local/lib/python3.7/site-packages/airflow/example_dags/example_trigger_target_dag.py
[2022-08-02 23:29:39,458] {processor.py:651} INFO - DAG(s) dict_keys(['example_trigger_target_dag']) retrieved from /home/airflow/.local/lib/python3.7/site-packages/airflow/example_dags/example_trigger_target_dag.py
[2022-08-02 23:29:39,482] {logging_mixin.py:115} INFO - [2022-08-02 23:29:39,482] {dag.py:2420} INFO - Sync 1 DAGs
[2022-08-02 23:29:39,496] {logging_mixin.py:115} INFO - [2022-08-02 23:29:39,496] {dag.py:2972} INFO - Setting next_dagrun for example_trigger_target_dag to None, run_after=None
[2022-08-02 23:29:39,508] {processor.py:161} INFO - Processing /home/airflow/.local/lib/python3.7/site-packages/airflow/example_dags/example_trigger_target_dag.py took 0.074 seconds
[2022-08-02 23:30:10,215] {processor.py:153} INFO - Started process (PID=901) to work on /home/airflow/.local/lib/python3.7/site-packages/airflow/example_dags/example_trigger_target_dag.py
[2022-08-02 23:30:10,217] {processor.py:641} INFO - Processing file /home/airflow/.local/lib/python3.7/site-packages/airflow/example_dags/example_trigger_target_dag.py for tasks to queue
[2022-08-02 23:30:10,221] {logging_mixin.py:115} INFO - [2022-08-02 23:30:10,221] {dagbag.py:508} INFO - Filling up the DagBag from /home/airflow/.local/lib/python3.7/site-packages/airflow/example_dags/example_trigger_target_dag.py
[2022-08-02 23:30:10,244] {processor.py:651} INFO - DAG(s) dict_keys(['example_trigger_target_dag']) retrieved from /home/airflow/.local/lib/python3.7/site-packages/airflow/example_dags/example_trigger_target_dag.py
[2022-08-02 23:30:10,286] {logging_mixin.py:115} INFO - [2022-08-02 23:30:10,285] {dag.py:2420} INFO - Sync 1 DAGs
[2022-08-02 23:30:10,321] {logging_mixin.py:115} INFO - [2022-08-02 23:30:10,321] {dag.py:2972} INFO - Setting next_dagrun for example_trigger_target_dag to None, run_after=None
[2022-08-02 23:30:10,344] {processor.py:161} INFO - Processing /home/airflow/.local/lib/python3.7/site-packages/airflow/example_dags/example_trigger_target_dag.py took 0.133 seconds
[2022-08-02 23:30:41,107] {processor.py:153} INFO - Started process (PID=955) to work on /home/airflow/.local/lib/python3.7/site-packages/airflow/example_dags/example_trigger_target_dag.py
[2022-08-02 23:30:41,110] {processor.py:641} INFO - Processing file /home/airflow/.local/lib/python3.7/site-packages/airflow/example_dags/example_trigger_target_dag.py for tasks to queue
[2022-08-02 23:30:41,112] {logging_mixin.py:115} INFO - [2022-08-02 23:30:41,112] {dagbag.py:508} INFO - Filling up the DagBag from /home/airflow/.local/lib/python3.7/site-packages/airflow/example_dags/example_trigger_target_dag.py
[2022-08-02 23:30:41,132] {processor.py:651} INFO - DAG(s) dict_keys(['example_trigger_target_dag']) retrieved from /home/airflow/.local/lib/python3.7/site-packages/airflow/example_dags/example_trigger_target_dag.py
[2022-08-02 23:30:41,160] {logging_mixin.py:115} INFO - [2022-08-02 23:30:41,160] {dag.py:2420} INFO - Sync 1 DAGs
[2022-08-02 23:30:41,185] {logging_mixin.py:115} INFO - [2022-08-02 23:30:41,185] {dag.py:2972} INFO - Setting next_dagrun for example_trigger_target_dag to None, run_after=None
[2022-08-02 23:30:41,200] {processor.py:161} INFO - Processing /home/airflow/.local/lib/python3.7/site-packages/airflow/example_dags/example_trigger_target_dag.py took 0.099 seconds
[2022-08-02 23:31:11,671] {processor.py:153} INFO - Started process (PID=1007) to work on /home/airflow/.local/lib/python3.7/site-packages/airflow/example_dags/example_trigger_target_dag.py
[2022-08-02 23:31:11,678] {processor.py:641} INFO - Processing file /home/airflow/.local/lib/python3.7/site-packages/airflow/example_dags/example_trigger_target_dag.py for tasks to queue
[2022-08-02 23:31:11,687] {logging_mixin.py:115} INFO - [2022-08-02 23:31:11,687] {dagbag.py:508} INFO - Filling up the DagBag from /home/airflow/.local/lib/python3.7/site-packages/airflow/example_dags/example_trigger_target_dag.py
[2022-08-02 23:31:11,731] {processor.py:651} INFO - DAG(s) dict_keys(['example_trigger_target_dag']) retrieved from /home/airflow/.local/lib/python3.7/site-packages/airflow/example_dags/example_trigger_target_dag.py
[2022-08-02 23:31:11,900] {logging_mixin.py:115} INFO - [2022-08-02 23:31:11,900] {dag.py:2420} INFO - Sync 1 DAGs
[2022-08-02 23:31:12,065] {logging_mixin.py:115} INFO - [2022-08-02 23:31:12,065] {dag.py:2972} INFO - Setting next_dagrun for example_trigger_target_dag to None, run_after=None
[2022-08-02 23:31:12,110] {processor.py:161} INFO - Processing /home/airflow/.local/lib/python3.7/site-packages/airflow/example_dags/example_trigger_target_dag.py took 0.448 seconds
[2022-08-02 23:31:42,205] {processor.py:153} INFO - Started process (PID=1068) to work on /home/airflow/.local/lib/python3.7/site-packages/airflow/example_dags/example_trigger_target_dag.py
[2022-08-02 23:31:42,209] {processor.py:641} INFO - Processing file /home/airflow/.local/lib/python3.7/site-packages/airflow/example_dags/example_trigger_target_dag.py for tasks to queue
[2022-08-02 23:31:42,216] {logging_mixin.py:115} INFO - [2022-08-02 23:31:42,215] {dagbag.py:508} INFO - Filling up the DagBag from /home/airflow/.local/lib/python3.7/site-packages/airflow/example_dags/example_trigger_target_dag.py
[2022-08-02 23:31:42,237] {processor.py:651} INFO - DAG(s) dict_keys(['example_trigger_target_dag']) retrieved from /home/airflow/.local/lib/python3.7/site-packages/airflow/example_dags/example_trigger_target_dag.py
[2022-08-02 23:31:42,275] {logging_mixin.py:115} INFO - [2022-08-02 23:31:42,275] {dag.py:2420} INFO - Sync 1 DAGs
[2022-08-02 23:31:42,298] {logging_mixin.py:115} INFO - [2022-08-02 23:31:42,298] {dag.py:2972} INFO - Setting next_dagrun for example_trigger_target_dag to None, run_after=None
[2022-08-02 23:31:42,312] {processor.py:161} INFO - Processing /home/airflow/.local/lib/python3.7/site-packages/airflow/example_dags/example_trigger_target_dag.py took 0.110 seconds
[2022-08-02 23:32:12,478] {processor.py:153} INFO - Started process (PID=1120) to work on /home/airflow/.local/lib/python3.7/site-packages/airflow/example_dags/example_trigger_target_dag.py
[2022-08-02 23:32:12,481] {processor.py:641} INFO - Processing file /home/airflow/.local/lib/python3.7/site-packages/airflow/example_dags/example_trigger_target_dag.py for tasks to queue
[2022-08-02 23:32:12,486] {logging_mixin.py:115} INFO - [2022-08-02 23:32:12,485] {dagbag.py:508} INFO - Filling up the DagBag from /home/airflow/.local/lib/python3.7/site-packages/airflow/example_dags/example_trigger_target_dag.py
[2022-08-02 23:32:12,511] {processor.py:651} INFO - DAG(s) dict_keys(['example_trigger_target_dag']) retrieved from /home/airflow/.local/lib/python3.7/site-packages/airflow/example_dags/example_trigger_target_dag.py
[2022-08-02 23:32:12,592] {logging_mixin.py:115} INFO - [2022-08-02 23:32:12,591] {dag.py:2420} INFO - Sync 1 DAGs
[2022-08-02 23:32:12,661] {logging_mixin.py:115} INFO - [2022-08-02 23:32:12,661] {dag.py:2972} INFO - Setting next_dagrun for example_trigger_target_dag to None, run_after=None
[2022-08-02 23:32:12,680] {processor.py:161} INFO - Processing /home/airflow/.local/lib/python3.7/site-packages/airflow/example_dags/example_trigger_target_dag.py took 0.207 seconds
[2022-08-02 23:32:43,138] {processor.py:153} INFO - Started process (PID=1168) to work on /home/airflow/.local/lib/python3.7/site-packages/airflow/example_dags/example_trigger_target_dag.py
[2022-08-02 23:32:43,141] {processor.py:641} INFO - Processing file /home/airflow/.local/lib/python3.7/site-packages/airflow/example_dags/example_trigger_target_dag.py for tasks to queue
[2022-08-02 23:32:43,144] {logging_mixin.py:115} INFO - [2022-08-02 23:32:43,144] {dagbag.py:508} INFO - Filling up the DagBag from /home/airflow/.local/lib/python3.7/site-packages/airflow/example_dags/example_trigger_target_dag.py
[2022-08-02 23:32:43,185] {processor.py:651} INFO - DAG(s) dict_keys(['example_trigger_target_dag']) retrieved from /home/airflow/.local/lib/python3.7/site-packages/airflow/example_dags/example_trigger_target_dag.py
[2022-08-02 23:32:43,243] {logging_mixin.py:115} INFO - [2022-08-02 23:32:43,243] {dag.py:2420} INFO - Sync 1 DAGs
[2022-08-02 23:32:43,277] {logging_mixin.py:115} INFO - [2022-08-02 23:32:43,277] {dag.py:2972} INFO - Setting next_dagrun for example_trigger_target_dag to None, run_after=None
[2022-08-02 23:32:43,301] {processor.py:161} INFO - Processing /home/airflow/.local/lib/python3.7/site-packages/airflow/example_dags/example_trigger_target_dag.py took 0.172 seconds
[2022-08-02 23:33:13,490] {processor.py:153} INFO - Started process (PID=1228) to work on /home/airflow/.local/lib/python3.7/site-packages/airflow/example_dags/example_trigger_target_dag.py
[2022-08-02 23:33:13,507] {processor.py:641} INFO - Processing file /home/airflow/.local/lib/python3.7/site-packages/airflow/example_dags/example_trigger_target_dag.py for tasks to queue
[2022-08-02 23:33:13,517] {logging_mixin.py:115} INFO - [2022-08-02 23:33:13,516] {dagbag.py:508} INFO - Filling up the DagBag from /home/airflow/.local/lib/python3.7/site-packages/airflow/example_dags/example_trigger_target_dag.py
[2022-08-02 23:33:13,568] {processor.py:651} INFO - DAG(s) dict_keys(['example_trigger_target_dag']) retrieved from /home/airflow/.local/lib/python3.7/site-packages/airflow/example_dags/example_trigger_target_dag.py
[2022-08-02 23:33:13,679] {logging_mixin.py:115} INFO - [2022-08-02 23:33:13,679] {dag.py:2420} INFO - Sync 1 DAGs
[2022-08-02 23:33:13,742] {logging_mixin.py:115} INFO - [2022-08-02 23:33:13,742] {dag.py:2972} INFO - Setting next_dagrun for example_trigger_target_dag to None, run_after=None
[2022-08-02 23:33:13,808] {processor.py:161} INFO - Processing /home/airflow/.local/lib/python3.7/site-packages/airflow/example_dags/example_trigger_target_dag.py took 0.328 seconds
[2022-08-02 23:33:44,217] {processor.py:153} INFO - Started process (PID=1279) to work on /home/airflow/.local/lib/python3.7/site-packages/airflow/example_dags/example_trigger_target_dag.py
[2022-08-02 23:33:44,220] {processor.py:641} INFO - Processing file /home/airflow/.local/lib/python3.7/site-packages/airflow/example_dags/example_trigger_target_dag.py for tasks to queue
[2022-08-02 23:33:44,222] {logging_mixin.py:115} INFO - [2022-08-02 23:33:44,222] {dagbag.py:508} INFO - Filling up the DagBag from /home/airflow/.local/lib/python3.7/site-packages/airflow/example_dags/example_trigger_target_dag.py
[2022-08-02 23:33:44,242] {processor.py:651} INFO - DAG(s) dict_keys(['example_trigger_target_dag']) retrieved from /home/airflow/.local/lib/python3.7/site-packages/airflow/example_dags/example_trigger_target_dag.py
[2022-08-02 23:33:44,275] {logging_mixin.py:115} INFO - [2022-08-02 23:33:44,275] {dag.py:2420} INFO - Sync 1 DAGs
[2022-08-02 23:33:44,301] {logging_mixin.py:115} INFO - [2022-08-02 23:33:44,301] {dag.py:2972} INFO - Setting next_dagrun for example_trigger_target_dag to None, run_after=None
[2022-08-02 23:33:44,317] {processor.py:161} INFO - Processing /home/airflow/.local/lib/python3.7/site-packages/airflow/example_dags/example_trigger_target_dag.py took 0.105 seconds
[2022-08-02 23:34:15,035] {processor.py:153} INFO - Started process (PID=1331) to work on /home/airflow/.local/lib/python3.7/site-packages/airflow/example_dags/example_trigger_target_dag.py
[2022-08-02 23:34:15,043] {processor.py:641} INFO - Processing file /home/airflow/.local/lib/python3.7/site-packages/airflow/example_dags/example_trigger_target_dag.py for tasks to queue
[2022-08-02 23:34:15,052] {logging_mixin.py:115} INFO - [2022-08-02 23:34:15,052] {dagbag.py:508} INFO - Filling up the DagBag from /home/airflow/.local/lib/python3.7/site-packages/airflow/example_dags/example_trigger_target_dag.py
[2022-08-02 23:34:15,152] {processor.py:651} INFO - DAG(s) dict_keys(['example_trigger_target_dag']) retrieved from /home/airflow/.local/lib/python3.7/site-packages/airflow/example_dags/example_trigger_target_dag.py
[2022-08-02 23:34:15,235] {logging_mixin.py:115} INFO - [2022-08-02 23:34:15,235] {dag.py:2420} INFO - Sync 1 DAGs
[2022-08-02 23:34:15,278] {logging_mixin.py:115} INFO - [2022-08-02 23:34:15,278] {dag.py:2972} INFO - Setting next_dagrun for example_trigger_target_dag to None, run_after=None
[2022-08-02 23:34:15,335] {processor.py:161} INFO - Processing /home/airflow/.local/lib/python3.7/site-packages/airflow/example_dags/example_trigger_target_dag.py took 0.324 seconds
[2022-08-02 23:34:45,617] {processor.py:153} INFO - Started process (PID=1393) to work on /home/airflow/.local/lib/python3.7/site-packages/airflow/example_dags/example_trigger_target_dag.py
[2022-08-02 23:34:45,628] {processor.py:641} INFO - Processing file /home/airflow/.local/lib/python3.7/site-packages/airflow/example_dags/example_trigger_target_dag.py for tasks to queue
[2022-08-02 23:34:45,635] {logging_mixin.py:115} INFO - [2022-08-02 23:34:45,635] {dagbag.py:508} INFO - Filling up the DagBag from /home/airflow/.local/lib/python3.7/site-packages/airflow/example_dags/example_trigger_target_dag.py
[2022-08-02 23:34:45,699] {processor.py:651} INFO - DAG(s) dict_keys(['example_trigger_target_dag']) retrieved from /home/airflow/.local/lib/python3.7/site-packages/airflow/example_dags/example_trigger_target_dag.py
[2022-08-02 23:34:45,907] {logging_mixin.py:115} INFO - [2022-08-02 23:34:45,907] {dag.py:2420} INFO - Sync 1 DAGs
[2022-08-02 23:34:45,994] {logging_mixin.py:115} INFO - [2022-08-02 23:34:45,994] {dag.py:2972} INFO - Setting next_dagrun for example_trigger_target_dag to None, run_after=None
[2022-08-02 23:34:46,039] {processor.py:161} INFO - Processing /home/airflow/.local/lib/python3.7/site-packages/airflow/example_dags/example_trigger_target_dag.py took 0.441 seconds
[2022-08-02 23:35:20,342] {processor.py:153} INFO - Started process (PID=1436) to work on /home/airflow/.local/lib/python3.7/site-packages/airflow/example_dags/example_trigger_target_dag.py
[2022-08-02 23:35:20,354] {processor.py:641} INFO - Processing file /home/airflow/.local/lib/python3.7/site-packages/airflow/example_dags/example_trigger_target_dag.py for tasks to queue
[2022-08-02 23:35:20,366] {logging_mixin.py:115} INFO - [2022-08-02 23:35:20,366] {dagbag.py:508} INFO - Filling up the DagBag from /home/airflow/.local/lib/python3.7/site-packages/airflow/example_dags/example_trigger_target_dag.py
[2022-08-02 23:35:20,538] {processor.py:651} INFO - DAG(s) dict_keys(['example_trigger_target_dag']) retrieved from /home/airflow/.local/lib/python3.7/site-packages/airflow/example_dags/example_trigger_target_dag.py
[2022-08-02 23:35:21,034] {logging_mixin.py:115} INFO - [2022-08-02 23:35:21,033] {dag.py:2420} INFO - Sync 1 DAGs
[2022-08-02 23:35:21,260] {logging_mixin.py:115} INFO - [2022-08-02 23:35:21,260] {dag.py:2972} INFO - Setting next_dagrun for example_trigger_target_dag to None, run_after=None
[2022-08-02 23:35:21,308] {processor.py:161} INFO - Processing /home/airflow/.local/lib/python3.7/site-packages/airflow/example_dags/example_trigger_target_dag.py took 0.990 seconds
[2022-08-02 23:35:51,987] {processor.py:153} INFO - Started process (PID=1491) to work on /home/airflow/.local/lib/python3.7/site-packages/airflow/example_dags/example_trigger_target_dag.py
[2022-08-02 23:35:51,992] {processor.py:641} INFO - Processing file /home/airflow/.local/lib/python3.7/site-packages/airflow/example_dags/example_trigger_target_dag.py for tasks to queue
[2022-08-02 23:35:51,997] {logging_mixin.py:115} INFO - [2022-08-02 23:35:51,997] {dagbag.py:508} INFO - Filling up the DagBag from /home/airflow/.local/lib/python3.7/site-packages/airflow/example_dags/example_trigger_target_dag.py
[2022-08-02 23:35:52,018] {processor.py:651} INFO - DAG(s) dict_keys(['example_trigger_target_dag']) retrieved from /home/airflow/.local/lib/python3.7/site-packages/airflow/example_dags/example_trigger_target_dag.py
[2022-08-02 23:35:52,089] {logging_mixin.py:115} INFO - [2022-08-02 23:35:52,089] {dag.py:2420} INFO - Sync 1 DAGs
[2022-08-02 23:35:52,175] {logging_mixin.py:115} INFO - [2022-08-02 23:35:52,175] {dag.py:2972} INFO - Setting next_dagrun for example_trigger_target_dag to None, run_after=None
[2022-08-02 23:35:52,207] {processor.py:161} INFO - Processing /home/airflow/.local/lib/python3.7/site-packages/airflow/example_dags/example_trigger_target_dag.py took 0.224 seconds
[2022-08-02 23:36:22,551] {processor.py:153} INFO - Started process (PID=1544) to work on /home/airflow/.local/lib/python3.7/site-packages/airflow/example_dags/example_trigger_target_dag.py
[2022-08-02 23:36:22,556] {processor.py:641} INFO - Processing file /home/airflow/.local/lib/python3.7/site-packages/airflow/example_dags/example_trigger_target_dag.py for tasks to queue
[2022-08-02 23:36:22,560] {logging_mixin.py:115} INFO - [2022-08-02 23:36:22,560] {dagbag.py:508} INFO - Filling up the DagBag from /home/airflow/.local/lib/python3.7/site-packages/airflow/example_dags/example_trigger_target_dag.py
[2022-08-02 23:36:22,593] {processor.py:651} INFO - DAG(s) dict_keys(['example_trigger_target_dag']) retrieved from /home/airflow/.local/lib/python3.7/site-packages/airflow/example_dags/example_trigger_target_dag.py
[2022-08-02 23:36:22,636] {logging_mixin.py:115} INFO - [2022-08-02 23:36:22,635] {dag.py:2420} INFO - Sync 1 DAGs
[2022-08-02 23:36:22,664] {logging_mixin.py:115} INFO - [2022-08-02 23:36:22,664] {dag.py:2972} INFO - Setting next_dagrun for example_trigger_target_dag to None, run_after=None
[2022-08-02 23:36:22,692] {processor.py:161} INFO - Processing /home/airflow/.local/lib/python3.7/site-packages/airflow/example_dags/example_trigger_target_dag.py took 0.150 seconds
[2022-08-02 23:36:52,851] {processor.py:153} INFO - Started process (PID=1605) to work on /home/airflow/.local/lib/python3.7/site-packages/airflow/example_dags/example_trigger_target_dag.py
[2022-08-02 23:36:52,853] {processor.py:641} INFO - Processing file /home/airflow/.local/lib/python3.7/site-packages/airflow/example_dags/example_trigger_target_dag.py for tasks to queue
[2022-08-02 23:36:52,862] {logging_mixin.py:115} INFO - [2022-08-02 23:36:52,862] {dagbag.py:508} INFO - Filling up the DagBag from /home/airflow/.local/lib/python3.7/site-packages/airflow/example_dags/example_trigger_target_dag.py
[2022-08-02 23:36:52,917] {processor.py:651} INFO - DAG(s) dict_keys(['example_trigger_target_dag']) retrieved from /home/airflow/.local/lib/python3.7/site-packages/airflow/example_dags/example_trigger_target_dag.py
[2022-08-02 23:36:52,957] {logging_mixin.py:115} INFO - [2022-08-02 23:36:52,957] {dag.py:2420} INFO - Sync 1 DAGs
[2022-08-02 23:36:52,989] {logging_mixin.py:115} INFO - [2022-08-02 23:36:52,989] {dag.py:2972} INFO - Setting next_dagrun for example_trigger_target_dag to None, run_after=None
[2022-08-02 23:36:53,005] {processor.py:161} INFO - Processing /home/airflow/.local/lib/python3.7/site-packages/airflow/example_dags/example_trigger_target_dag.py took 0.157 seconds
[2022-08-02 23:37:23,293] {processor.py:153} INFO - Started process (PID=1657) to work on /home/airflow/.local/lib/python3.7/site-packages/airflow/example_dags/example_trigger_target_dag.py
[2022-08-02 23:37:23,299] {processor.py:641} INFO - Processing file /home/airflow/.local/lib/python3.7/site-packages/airflow/example_dags/example_trigger_target_dag.py for tasks to queue
[2022-08-02 23:37:23,305] {logging_mixin.py:115} INFO - [2022-08-02 23:37:23,305] {dagbag.py:508} INFO - Filling up the DagBag from /home/airflow/.local/lib/python3.7/site-packages/airflow/example_dags/example_trigger_target_dag.py
[2022-08-02 23:37:23,329] {processor.py:651} INFO - DAG(s) dict_keys(['example_trigger_target_dag']) retrieved from /home/airflow/.local/lib/python3.7/site-packages/airflow/example_dags/example_trigger_target_dag.py
[2022-08-02 23:37:23,372] {logging_mixin.py:115} INFO - [2022-08-02 23:37:23,372] {dag.py:2420} INFO - Sync 1 DAGs
[2022-08-02 23:37:23,401] {logging_mixin.py:115} INFO - [2022-08-02 23:37:23,401] {dag.py:2972} INFO - Setting next_dagrun for example_trigger_target_dag to None, run_after=None
[2022-08-02 23:37:23,429] {processor.py:161} INFO - Processing /home/airflow/.local/lib/python3.7/site-packages/airflow/example_dags/example_trigger_target_dag.py took 0.141 seconds
[2022-08-02 23:37:54,201] {processor.py:153} INFO - Started process (PID=1718) to work on /home/airflow/.local/lib/python3.7/site-packages/airflow/example_dags/example_trigger_target_dag.py
[2022-08-02 23:37:54,220] {processor.py:641} INFO - Processing file /home/airflow/.local/lib/python3.7/site-packages/airflow/example_dags/example_trigger_target_dag.py for tasks to queue
[2022-08-02 23:37:54,228] {logging_mixin.py:115} INFO - [2022-08-02 23:37:54,228] {dagbag.py:508} INFO - Filling up the DagBag from /home/airflow/.local/lib/python3.7/site-packages/airflow/example_dags/example_trigger_target_dag.py
[2022-08-02 23:37:54,328] {processor.py:651} INFO - DAG(s) dict_keys(['example_trigger_target_dag']) retrieved from /home/airflow/.local/lib/python3.7/site-packages/airflow/example_dags/example_trigger_target_dag.py
[2022-08-02 23:37:54,418] {logging_mixin.py:115} INFO - [2022-08-02 23:37:54,418] {dag.py:2420} INFO - Sync 1 DAGs
[2022-08-02 23:37:54,461] {logging_mixin.py:115} INFO - [2022-08-02 23:37:54,461] {dag.py:2972} INFO - Setting next_dagrun for example_trigger_target_dag to None, run_after=None
[2022-08-02 23:37:54,513] {processor.py:161} INFO - Processing /home/airflow/.local/lib/python3.7/site-packages/airflow/example_dags/example_trigger_target_dag.py took 0.325 seconds
[2022-08-02 23:38:25,318] {processor.py:153} INFO - Started process (PID=1779) to work on /home/airflow/.local/lib/python3.7/site-packages/airflow/example_dags/example_trigger_target_dag.py
[2022-08-02 23:38:25,323] {processor.py:641} INFO - Processing file /home/airflow/.local/lib/python3.7/site-packages/airflow/example_dags/example_trigger_target_dag.py for tasks to queue
[2022-08-02 23:38:25,325] {logging_mixin.py:115} INFO - [2022-08-02 23:38:25,325] {dagbag.py:508} INFO - Filling up the DagBag from /home/airflow/.local/lib/python3.7/site-packages/airflow/example_dags/example_trigger_target_dag.py
[2022-08-02 23:38:25,342] {processor.py:651} INFO - DAG(s) dict_keys(['example_trigger_target_dag']) retrieved from /home/airflow/.local/lib/python3.7/site-packages/airflow/example_dags/example_trigger_target_dag.py
[2022-08-02 23:38:25,375] {logging_mixin.py:115} INFO - [2022-08-02 23:38:25,375] {dag.py:2420} INFO - Sync 1 DAGs
[2022-08-02 23:38:25,399] {logging_mixin.py:115} INFO - [2022-08-02 23:38:25,399] {dag.py:2972} INFO - Setting next_dagrun for example_trigger_target_dag to None, run_after=None
[2022-08-02 23:38:25,413] {processor.py:161} INFO - Processing /home/airflow/.local/lib/python3.7/site-packages/airflow/example_dags/example_trigger_target_dag.py took 0.098 seconds
[2022-08-02 23:38:55,471] {processor.py:153} INFO - Started process (PID=1831) to work on /home/airflow/.local/lib/python3.7/site-packages/airflow/example_dags/example_trigger_target_dag.py
[2022-08-02 23:38:55,473] {processor.py:641} INFO - Processing file /home/airflow/.local/lib/python3.7/site-packages/airflow/example_dags/example_trigger_target_dag.py for tasks to queue
[2022-08-02 23:38:55,475] {logging_mixin.py:115} INFO - [2022-08-02 23:38:55,475] {dagbag.py:508} INFO - Filling up the DagBag from /home/airflow/.local/lib/python3.7/site-packages/airflow/example_dags/example_trigger_target_dag.py
[2022-08-02 23:38:55,488] {processor.py:651} INFO - DAG(s) dict_keys(['example_trigger_target_dag']) retrieved from /home/airflow/.local/lib/python3.7/site-packages/airflow/example_dags/example_trigger_target_dag.py
[2022-08-02 23:38:55,510] {logging_mixin.py:115} INFO - [2022-08-02 23:38:55,510] {dag.py:2420} INFO - Sync 1 DAGs
[2022-08-02 23:38:55,526] {logging_mixin.py:115} INFO - [2022-08-02 23:38:55,526] {dag.py:2972} INFO - Setting next_dagrun for example_trigger_target_dag to None, run_after=None
[2022-08-02 23:38:55,538] {processor.py:161} INFO - Processing /home/airflow/.local/lib/python3.7/site-packages/airflow/example_dags/example_trigger_target_dag.py took 0.071 seconds
[2022-08-02 23:39:25,893] {processor.py:153} INFO - Started process (PID=1892) to work on /home/airflow/.local/lib/python3.7/site-packages/airflow/example_dags/example_trigger_target_dag.py
[2022-08-02 23:39:25,896] {processor.py:641} INFO - Processing file /home/airflow/.local/lib/python3.7/site-packages/airflow/example_dags/example_trigger_target_dag.py for tasks to queue
[2022-08-02 23:39:25,900] {logging_mixin.py:115} INFO - [2022-08-02 23:39:25,900] {dagbag.py:508} INFO - Filling up the DagBag from /home/airflow/.local/lib/python3.7/site-packages/airflow/example_dags/example_trigger_target_dag.py
[2022-08-02 23:39:25,916] {processor.py:651} INFO - DAG(s) dict_keys(['example_trigger_target_dag']) retrieved from /home/airflow/.local/lib/python3.7/site-packages/airflow/example_dags/example_trigger_target_dag.py
[2022-08-02 23:39:25,952] {logging_mixin.py:115} INFO - [2022-08-02 23:39:25,952] {dag.py:2420} INFO - Sync 1 DAGs
[2022-08-02 23:39:25,981] {logging_mixin.py:115} INFO - [2022-08-02 23:39:25,981] {dag.py:2972} INFO - Setting next_dagrun for example_trigger_target_dag to None, run_after=None
[2022-08-02 23:39:25,998] {processor.py:161} INFO - Processing /home/airflow/.local/lib/python3.7/site-packages/airflow/example_dags/example_trigger_target_dag.py took 0.108 seconds
[2022-08-02 23:39:56,543] {processor.py:153} INFO - Started process (PID=1943) to work on /home/airflow/.local/lib/python3.7/site-packages/airflow/example_dags/example_trigger_target_dag.py
[2022-08-02 23:39:56,545] {processor.py:641} INFO - Processing file /home/airflow/.local/lib/python3.7/site-packages/airflow/example_dags/example_trigger_target_dag.py for tasks to queue
[2022-08-02 23:39:56,547] {logging_mixin.py:115} INFO - [2022-08-02 23:39:56,547] {dagbag.py:508} INFO - Filling up the DagBag from /home/airflow/.local/lib/python3.7/site-packages/airflow/example_dags/example_trigger_target_dag.py
[2022-08-02 23:39:56,563] {processor.py:651} INFO - DAG(s) dict_keys(['example_trigger_target_dag']) retrieved from /home/airflow/.local/lib/python3.7/site-packages/airflow/example_dags/example_trigger_target_dag.py
[2022-08-02 23:39:56,589] {logging_mixin.py:115} INFO - [2022-08-02 23:39:56,589] {dag.py:2420} INFO - Sync 1 DAGs
[2022-08-02 23:39:56,608] {logging_mixin.py:115} INFO - [2022-08-02 23:39:56,608] {dag.py:2972} INFO - Setting next_dagrun for example_trigger_target_dag to None, run_after=None
[2022-08-02 23:39:56,620] {processor.py:161} INFO - Processing /home/airflow/.local/lib/python3.7/site-packages/airflow/example_dags/example_trigger_target_dag.py took 0.080 seconds
[2022-08-02 23:40:27,125] {processor.py:153} INFO - Started process (PID=1995) to work on /home/airflow/.local/lib/python3.7/site-packages/airflow/example_dags/example_trigger_target_dag.py
[2022-08-02 23:40:27,129] {processor.py:641} INFO - Processing file /home/airflow/.local/lib/python3.7/site-packages/airflow/example_dags/example_trigger_target_dag.py for tasks to queue
[2022-08-02 23:40:27,134] {logging_mixin.py:115} INFO - [2022-08-02 23:40:27,134] {dagbag.py:508} INFO - Filling up the DagBag from /home/airflow/.local/lib/python3.7/site-packages/airflow/example_dags/example_trigger_target_dag.py
[2022-08-02 23:40:27,155] {processor.py:651} INFO - DAG(s) dict_keys(['example_trigger_target_dag']) retrieved from /home/airflow/.local/lib/python3.7/site-packages/airflow/example_dags/example_trigger_target_dag.py
[2022-08-02 23:40:27,195] {logging_mixin.py:115} INFO - [2022-08-02 23:40:27,194] {dag.py:2420} INFO - Sync 1 DAGs
[2022-08-02 23:40:27,240] {logging_mixin.py:115} INFO - [2022-08-02 23:40:27,239] {dag.py:2972} INFO - Setting next_dagrun for example_trigger_target_dag to None, run_after=None
[2022-08-02 23:40:27,268] {processor.py:161} INFO - Processing /home/airflow/.local/lib/python3.7/site-packages/airflow/example_dags/example_trigger_target_dag.py took 0.149 seconds
[2022-08-02 23:40:57,435] {processor.py:153} INFO - Started process (PID=2046) to work on /home/airflow/.local/lib/python3.7/site-packages/airflow/example_dags/example_trigger_target_dag.py
[2022-08-02 23:40:57,438] {processor.py:641} INFO - Processing file /home/airflow/.local/lib/python3.7/site-packages/airflow/example_dags/example_trigger_target_dag.py for tasks to queue
[2022-08-02 23:40:57,441] {logging_mixin.py:115} INFO - [2022-08-02 23:40:57,441] {dagbag.py:508} INFO - Filling up the DagBag from /home/airflow/.local/lib/python3.7/site-packages/airflow/example_dags/example_trigger_target_dag.py
[2022-08-02 23:40:57,463] {processor.py:651} INFO - DAG(s) dict_keys(['example_trigger_target_dag']) retrieved from /home/airflow/.local/lib/python3.7/site-packages/airflow/example_dags/example_trigger_target_dag.py
[2022-08-02 23:40:57,497] {logging_mixin.py:115} INFO - [2022-08-02 23:40:57,497] {dag.py:2420} INFO - Sync 1 DAGs
[2022-08-02 23:40:57,523] {logging_mixin.py:115} INFO - [2022-08-02 23:40:57,523] {dag.py:2972} INFO - Setting next_dagrun for example_trigger_target_dag to None, run_after=None
[2022-08-02 23:40:57,542] {processor.py:161} INFO - Processing /home/airflow/.local/lib/python3.7/site-packages/airflow/example_dags/example_trigger_target_dag.py took 0.111 seconds
[2022-08-02 23:41:50,400] {processor.py:153} INFO - Started process (PID=2061) to work on /home/airflow/.local/lib/python3.7/site-packages/airflow/example_dags/example_trigger_target_dag.py
[2022-08-02 23:41:50,453] {processor.py:641} INFO - Processing file /home/airflow/.local/lib/python3.7/site-packages/airflow/example_dags/example_trigger_target_dag.py for tasks to queue
[2022-08-02 23:41:50,493] {logging_mixin.py:115} INFO - [2022-08-02 23:41:50,493] {dagbag.py:508} INFO - Filling up the DagBag from /home/airflow/.local/lib/python3.7/site-packages/airflow/example_dags/example_trigger_target_dag.py
[2022-08-02 23:41:50,840] {processor.py:651} INFO - DAG(s) dict_keys(['example_trigger_target_dag']) retrieved from /home/airflow/.local/lib/python3.7/site-packages/airflow/example_dags/example_trigger_target_dag.py
[2022-08-02 23:41:50,969] {logging_mixin.py:115} INFO - [2022-08-02 23:41:50,969] {dag.py:2420} INFO - Sync 1 DAGs
[2022-08-02 23:41:51,085] {logging_mixin.py:115} INFO - [2022-08-02 23:41:51,085] {dag.py:2972} INFO - Setting next_dagrun for example_trigger_target_dag to None, run_after=None
[2022-08-02 23:41:51,326] {processor.py:161} INFO - Processing /home/airflow/.local/lib/python3.7/site-packages/airflow/example_dags/example_trigger_target_dag.py took 0.938 seconds
[2022-08-02 23:55:18,549] {processor.py:153} INFO - Started process (PID=2111) to work on /home/airflow/.local/lib/python3.7/site-packages/airflow/example_dags/example_trigger_target_dag.py
[2022-08-02 23:55:18,565] {processor.py:641} INFO - Processing file /home/airflow/.local/lib/python3.7/site-packages/airflow/example_dags/example_trigger_target_dag.py for tasks to queue
[2022-08-02 23:55:18,587] {logging_mixin.py:115} INFO - [2022-08-02 23:55:18,587] {dagbag.py:508} INFO - Filling up the DagBag from /home/airflow/.local/lib/python3.7/site-packages/airflow/example_dags/example_trigger_target_dag.py
[2022-08-02 23:55:18,642] {processor.py:651} INFO - DAG(s) dict_keys(['example_trigger_target_dag']) retrieved from /home/airflow/.local/lib/python3.7/site-packages/airflow/example_dags/example_trigger_target_dag.py
[2022-08-02 23:55:18,724] {logging_mixin.py:115} INFO - [2022-08-02 23:55:18,724] {dag.py:2420} INFO - Sync 1 DAGs
[2022-08-02 23:55:18,790] {logging_mixin.py:115} INFO - [2022-08-02 23:55:18,789] {dag.py:2972} INFO - Setting next_dagrun for example_trigger_target_dag to None, run_after=None
[2022-08-02 23:55:18,859] {processor.py:161} INFO - Processing /home/airflow/.local/lib/python3.7/site-packages/airflow/example_dags/example_trigger_target_dag.py took 0.324 seconds
[2022-08-02 23:55:49,176] {processor.py:153} INFO - Started process (PID=2163) to work on /home/airflow/.local/lib/python3.7/site-packages/airflow/example_dags/example_trigger_target_dag.py
[2022-08-02 23:55:49,185] {processor.py:641} INFO - Processing file /home/airflow/.local/lib/python3.7/site-packages/airflow/example_dags/example_trigger_target_dag.py for tasks to queue
[2022-08-02 23:55:49,190] {logging_mixin.py:115} INFO - [2022-08-02 23:55:49,190] {dagbag.py:508} INFO - Filling up the DagBag from /home/airflow/.local/lib/python3.7/site-packages/airflow/example_dags/example_trigger_target_dag.py
[2022-08-02 23:55:49,236] {processor.py:651} INFO - DAG(s) dict_keys(['example_trigger_target_dag']) retrieved from /home/airflow/.local/lib/python3.7/site-packages/airflow/example_dags/example_trigger_target_dag.py
[2022-08-02 23:55:49,313] {logging_mixin.py:115} INFO - [2022-08-02 23:55:49,313] {dag.py:2420} INFO - Sync 1 DAGs
[2022-08-02 23:55:49,359] {logging_mixin.py:115} INFO - [2022-08-02 23:55:49,359] {dag.py:2972} INFO - Setting next_dagrun for example_trigger_target_dag to None, run_after=None
[2022-08-02 23:55:49,394] {processor.py:161} INFO - Processing /home/airflow/.local/lib/python3.7/site-packages/airflow/example_dags/example_trigger_target_dag.py took 0.231 seconds
