[2022-08-02 23:21:59,475] {processor.py:153} INFO - Started process (PID=79) to work on /home/airflow/.local/lib/python3.7/site-packages/airflow/example_dags/example_branch_day_of_week_operator.py
[2022-08-02 23:21:59,485] {processor.py:641} INFO - Processing file /home/airflow/.local/lib/python3.7/site-packages/airflow/example_dags/example_branch_day_of_week_operator.py for tasks to queue
[2022-08-02 23:21:59,498] {logging_mixin.py:115} INFO - [2022-08-02 23:21:59,498] {dagbag.py:508} INFO - Filling up the DagBag from /home/airflow/.local/lib/python3.7/site-packages/airflow/example_dags/example_branch_day_of_week_operator.py
[2022-08-02 23:21:59,558] {processor.py:651} INFO - DAG(s) dict_keys(['example_weekday_branch_operator']) retrieved from /home/airflow/.local/lib/python3.7/site-packages/airflow/example_dags/example_branch_day_of_week_operator.py
[2022-08-02 23:22:00,313] {logging_mixin.py:115} INFO - [2022-08-02 23:22:00,312] {manager.py:508} INFO - Created Permission View: can read on DAG:example_weekday_branch_operator
[2022-08-02 23:22:00,413] {logging_mixin.py:115} INFO - [2022-08-02 23:22:00,412] {manager.py:508} INFO - Created Permission View: can edit on DAG:example_weekday_branch_operator
[2022-08-02 23:22:00,462] {logging_mixin.py:115} INFO - [2022-08-02 23:22:00,461] {manager.py:508} INFO - Created Permission View: can delete on DAG:example_weekday_branch_operator
[2022-08-02 23:22:00,477] {logging_mixin.py:115} INFO - [2022-08-02 23:22:00,477] {dag.py:2420} INFO - Sync 1 DAGs
[2022-08-02 23:22:00,528] {logging_mixin.py:115} INFO - [2022-08-02 23:22:00,528] {dag.py:2439} INFO - Creating ORM DAG for example_weekday_branch_operator
[2022-08-02 23:22:00,595] {logging_mixin.py:115} INFO - [2022-08-02 23:22:00,595] {dag.py:2972} INFO - Setting next_dagrun for example_weekday_branch_operator to 2022-08-01T00:00:00+00:00, run_after=2022-08-02T00:00:00+00:00
[2022-08-02 23:22:00,653] {processor.py:161} INFO - Processing /home/airflow/.local/lib/python3.7/site-packages/airflow/example_dags/example_branch_day_of_week_operator.py took 1.202 seconds
[2022-08-02 23:22:31,118] {processor.py:153} INFO - Started process (PID=122) to work on /home/airflow/.local/lib/python3.7/site-packages/airflow/example_dags/example_branch_day_of_week_operator.py
[2022-08-02 23:22:31,126] {processor.py:641} INFO - Processing file /home/airflow/.local/lib/python3.7/site-packages/airflow/example_dags/example_branch_day_of_week_operator.py for tasks to queue
[2022-08-02 23:22:31,136] {logging_mixin.py:115} INFO - [2022-08-02 23:22:31,136] {dagbag.py:508} INFO - Filling up the DagBag from /home/airflow/.local/lib/python3.7/site-packages/airflow/example_dags/example_branch_day_of_week_operator.py
[2022-08-02 23:22:31,170] {processor.py:651} INFO - DAG(s) dict_keys(['example_weekday_branch_operator']) retrieved from /home/airflow/.local/lib/python3.7/site-packages/airflow/example_dags/example_branch_day_of_week_operator.py
[2022-08-02 23:22:31,247] {logging_mixin.py:115} INFO - [2022-08-02 23:22:31,246] {dag.py:2420} INFO - Sync 1 DAGs
[2022-08-02 23:22:31,303] {logging_mixin.py:115} INFO - [2022-08-02 23:22:31,303] {dag.py:2972} INFO - Setting next_dagrun for example_weekday_branch_operator to 2022-08-01T00:00:00+00:00, run_after=2022-08-02T00:00:00+00:00
[2022-08-02 23:22:31,329] {processor.py:161} INFO - Processing /home/airflow/.local/lib/python3.7/site-packages/airflow/example_dags/example_branch_day_of_week_operator.py took 0.400 seconds
[2022-08-02 23:23:02,948] {processor.py:153} INFO - Started process (PID=183) to work on /home/airflow/.local/lib/python3.7/site-packages/airflow/example_dags/example_branch_day_of_week_operator.py
[2022-08-02 23:23:02,966] {processor.py:641} INFO - Processing file /home/airflow/.local/lib/python3.7/site-packages/airflow/example_dags/example_branch_day_of_week_operator.py for tasks to queue
[2022-08-02 23:23:03,029] {logging_mixin.py:115} INFO - [2022-08-02 23:23:03,022] {dagbag.py:508} INFO - Filling up the DagBag from /home/airflow/.local/lib/python3.7/site-packages/airflow/example_dags/example_branch_day_of_week_operator.py
[2022-08-02 23:23:03,300] {processor.py:651} INFO - DAG(s) dict_keys(['example_weekday_branch_operator']) retrieved from /home/airflow/.local/lib/python3.7/site-packages/airflow/example_dags/example_branch_day_of_week_operator.py
[2022-08-02 23:23:05,763] {logging_mixin.py:115} INFO - [2022-08-02 23:23:05,690] {dag.py:2420} INFO - Sync 1 DAGs
[2022-08-02 23:23:06,424] {logging_mixin.py:115} INFO - [2022-08-02 23:23:06,423] {dag.py:2972} INFO - Setting next_dagrun for example_weekday_branch_operator to 2022-08-01T00:00:00+00:00, run_after=2022-08-02T00:00:00+00:00
[2022-08-02 23:23:06,601] {processor.py:161} INFO - Processing /home/airflow/.local/lib/python3.7/site-packages/airflow/example_dags/example_branch_day_of_week_operator.py took 3.676 seconds
[2022-08-02 23:23:37,693] {processor.py:153} INFO - Started process (PID=235) to work on /home/airflow/.local/lib/python3.7/site-packages/airflow/example_dags/example_branch_day_of_week_operator.py
[2022-08-02 23:23:37,698] {processor.py:641} INFO - Processing file /home/airflow/.local/lib/python3.7/site-packages/airflow/example_dags/example_branch_day_of_week_operator.py for tasks to queue
[2022-08-02 23:23:37,702] {logging_mixin.py:115} INFO - [2022-08-02 23:23:37,701] {dagbag.py:508} INFO - Filling up the DagBag from /home/airflow/.local/lib/python3.7/site-packages/airflow/example_dags/example_branch_day_of_week_operator.py
[2022-08-02 23:23:37,719] {processor.py:651} INFO - DAG(s) dict_keys(['example_weekday_branch_operator']) retrieved from /home/airflow/.local/lib/python3.7/site-packages/airflow/example_dags/example_branch_day_of_week_operator.py
[2022-08-02 23:23:37,789] {logging_mixin.py:115} INFO - [2022-08-02 23:23:37,789] {dag.py:2420} INFO - Sync 1 DAGs
[2022-08-02 23:23:37,820] {logging_mixin.py:115} INFO - [2022-08-02 23:23:37,820] {dag.py:2972} INFO - Setting next_dagrun for example_weekday_branch_operator to 2022-08-01T00:00:00+00:00, run_after=2022-08-02T00:00:00+00:00
[2022-08-02 23:23:37,835] {processor.py:161} INFO - Processing /home/airflow/.local/lib/python3.7/site-packages/airflow/example_dags/example_branch_day_of_week_operator.py took 0.149 seconds
[2022-08-02 23:24:08,230] {processor.py:153} INFO - Started process (PID=288) to work on /home/airflow/.local/lib/python3.7/site-packages/airflow/example_dags/example_branch_day_of_week_operator.py
[2022-08-02 23:24:08,383] {processor.py:641} INFO - Processing file /home/airflow/.local/lib/python3.7/site-packages/airflow/example_dags/example_branch_day_of_week_operator.py for tasks to queue
[2022-08-02 23:24:08,402] {logging_mixin.py:115} INFO - [2022-08-02 23:24:08,402] {dagbag.py:508} INFO - Filling up the DagBag from /home/airflow/.local/lib/python3.7/site-packages/airflow/example_dags/example_branch_day_of_week_operator.py
[2022-08-02 23:24:08,472] {processor.py:651} INFO - DAG(s) dict_keys(['example_weekday_branch_operator']) retrieved from /home/airflow/.local/lib/python3.7/site-packages/airflow/example_dags/example_branch_day_of_week_operator.py
[2022-08-02 23:24:08,668] {logging_mixin.py:115} INFO - [2022-08-02 23:24:08,664] {dag.py:2420} INFO - Sync 1 DAGs
[2022-08-02 23:24:08,747] {logging_mixin.py:115} INFO - [2022-08-02 23:24:08,747] {dag.py:2972} INFO - Setting next_dagrun for example_weekday_branch_operator to 2022-08-01T00:00:00+00:00, run_after=2022-08-02T00:00:00+00:00
[2022-08-02 23:24:08,913] {processor.py:161} INFO - Processing /home/airflow/.local/lib/python3.7/site-packages/airflow/example_dags/example_branch_day_of_week_operator.py took 0.728 seconds
[2022-08-02 23:24:41,516] {processor.py:153} INFO - Started process (PID=348) to work on /home/airflow/.local/lib/python3.7/site-packages/airflow/example_dags/example_branch_day_of_week_operator.py
[2022-08-02 23:24:41,532] {processor.py:641} INFO - Processing file /home/airflow/.local/lib/python3.7/site-packages/airflow/example_dags/example_branch_day_of_week_operator.py for tasks to queue
[2022-08-02 23:24:41,537] {logging_mixin.py:115} INFO - [2022-08-02 23:24:41,537] {dagbag.py:508} INFO - Filling up the DagBag from /home/airflow/.local/lib/python3.7/site-packages/airflow/example_dags/example_branch_day_of_week_operator.py
[2022-08-02 23:24:41,608] {processor.py:651} INFO - DAG(s) dict_keys(['example_weekday_branch_operator']) retrieved from /home/airflow/.local/lib/python3.7/site-packages/airflow/example_dags/example_branch_day_of_week_operator.py
[2022-08-02 23:24:41,991] {logging_mixin.py:115} INFO - [2022-08-02 23:24:41,991] {dag.py:2420} INFO - Sync 1 DAGs
[2022-08-02 23:24:42,168] {logging_mixin.py:115} INFO - [2022-08-02 23:24:42,168] {dag.py:2972} INFO - Setting next_dagrun for example_weekday_branch_operator to 2022-08-01T00:00:00+00:00, run_after=2022-08-02T00:00:00+00:00
[2022-08-02 23:24:42,260] {processor.py:161} INFO - Processing /home/airflow/.local/lib/python3.7/site-packages/airflow/example_dags/example_branch_day_of_week_operator.py took 0.762 seconds
[2022-08-02 23:25:12,454] {processor.py:153} INFO - Started process (PID=390) to work on /home/airflow/.local/lib/python3.7/site-packages/airflow/example_dags/example_branch_day_of_week_operator.py
[2022-08-02 23:25:12,458] {processor.py:641} INFO - Processing file /home/airflow/.local/lib/python3.7/site-packages/airflow/example_dags/example_branch_day_of_week_operator.py for tasks to queue
[2022-08-02 23:25:12,461] {logging_mixin.py:115} INFO - [2022-08-02 23:25:12,461] {dagbag.py:508} INFO - Filling up the DagBag from /home/airflow/.local/lib/python3.7/site-packages/airflow/example_dags/example_branch_day_of_week_operator.py
[2022-08-02 23:25:12,473] {processor.py:651} INFO - DAG(s) dict_keys(['example_weekday_branch_operator']) retrieved from /home/airflow/.local/lib/python3.7/site-packages/airflow/example_dags/example_branch_day_of_week_operator.py
[2022-08-02 23:25:12,508] {logging_mixin.py:115} INFO - [2022-08-02 23:25:12,508] {dag.py:2420} INFO - Sync 1 DAGs
[2022-08-02 23:25:12,535] {logging_mixin.py:115} INFO - [2022-08-02 23:25:12,535] {dag.py:2972} INFO - Setting next_dagrun for example_weekday_branch_operator to 2022-08-01T00:00:00+00:00, run_after=2022-08-02T00:00:00+00:00
[2022-08-02 23:25:12,567] {processor.py:161} INFO - Processing /home/airflow/.local/lib/python3.7/site-packages/airflow/example_dags/example_branch_day_of_week_operator.py took 0.117 seconds
[2022-08-02 23:25:43,590] {processor.py:153} INFO - Started process (PID=442) to work on /home/airflow/.local/lib/python3.7/site-packages/airflow/example_dags/example_branch_day_of_week_operator.py
[2022-08-02 23:25:43,602] {processor.py:641} INFO - Processing file /home/airflow/.local/lib/python3.7/site-packages/airflow/example_dags/example_branch_day_of_week_operator.py for tasks to queue
[2022-08-02 23:25:43,615] {logging_mixin.py:115} INFO - [2022-08-02 23:25:43,615] {dagbag.py:508} INFO - Filling up the DagBag from /home/airflow/.local/lib/python3.7/site-packages/airflow/example_dags/example_branch_day_of_week_operator.py
[2022-08-02 23:25:43,662] {processor.py:651} INFO - DAG(s) dict_keys(['example_weekday_branch_operator']) retrieved from /home/airflow/.local/lib/python3.7/site-packages/airflow/example_dags/example_branch_day_of_week_operator.py
[2022-08-02 23:25:43,735] {logging_mixin.py:115} INFO - [2022-08-02 23:25:43,735] {dag.py:2420} INFO - Sync 1 DAGs
[2022-08-02 23:25:43,786] {logging_mixin.py:115} INFO - [2022-08-02 23:25:43,786] {dag.py:2972} INFO - Setting next_dagrun for example_weekday_branch_operator to 2022-08-01T00:00:00+00:00, run_after=2022-08-02T00:00:00+00:00
[2022-08-02 23:25:43,831] {processor.py:161} INFO - Processing /home/airflow/.local/lib/python3.7/site-packages/airflow/example_dags/example_branch_day_of_week_operator.py took 0.249 seconds
[2022-08-02 23:26:14,246] {processor.py:153} INFO - Started process (PID=503) to work on /home/airflow/.local/lib/python3.7/site-packages/airflow/example_dags/example_branch_day_of_week_operator.py
[2022-08-02 23:26:14,254] {processor.py:641} INFO - Processing file /home/airflow/.local/lib/python3.7/site-packages/airflow/example_dags/example_branch_day_of_week_operator.py for tasks to queue
[2022-08-02 23:26:14,263] {logging_mixin.py:115} INFO - [2022-08-02 23:26:14,262] {dagbag.py:508} INFO - Filling up the DagBag from /home/airflow/.local/lib/python3.7/site-packages/airflow/example_dags/example_branch_day_of_week_operator.py
[2022-08-02 23:26:14,296] {processor.py:651} INFO - DAG(s) dict_keys(['example_weekday_branch_operator']) retrieved from /home/airflow/.local/lib/python3.7/site-packages/airflow/example_dags/example_branch_day_of_week_operator.py
[2022-08-02 23:26:14,366] {logging_mixin.py:115} INFO - [2022-08-02 23:26:14,366] {dag.py:2420} INFO - Sync 1 DAGs
[2022-08-02 23:26:14,406] {logging_mixin.py:115} INFO - [2022-08-02 23:26:14,406] {dag.py:2972} INFO - Setting next_dagrun for example_weekday_branch_operator to 2022-08-01T00:00:00+00:00, run_after=2022-08-02T00:00:00+00:00
[2022-08-02 23:26:14,431] {processor.py:161} INFO - Processing /home/airflow/.local/lib/python3.7/site-packages/airflow/example_dags/example_branch_day_of_week_operator.py took 0.193 seconds
[2022-08-02 23:26:44,599] {processor.py:153} INFO - Started process (PID=556) to work on /home/airflow/.local/lib/python3.7/site-packages/airflow/example_dags/example_branch_day_of_week_operator.py
[2022-08-02 23:26:44,602] {processor.py:641} INFO - Processing file /home/airflow/.local/lib/python3.7/site-packages/airflow/example_dags/example_branch_day_of_week_operator.py for tasks to queue
[2022-08-02 23:26:44,607] {logging_mixin.py:115} INFO - [2022-08-02 23:26:44,606] {dagbag.py:508} INFO - Filling up the DagBag from /home/airflow/.local/lib/python3.7/site-packages/airflow/example_dags/example_branch_day_of_week_operator.py
[2022-08-02 23:26:44,620] {processor.py:651} INFO - DAG(s) dict_keys(['example_weekday_branch_operator']) retrieved from /home/airflow/.local/lib/python3.7/site-packages/airflow/example_dags/example_branch_day_of_week_operator.py
[2022-08-02 23:26:44,663] {logging_mixin.py:115} INFO - [2022-08-02 23:26:44,663] {dag.py:2420} INFO - Sync 1 DAGs
[2022-08-02 23:26:44,689] {logging_mixin.py:115} INFO - [2022-08-02 23:26:44,689] {dag.py:2972} INFO - Setting next_dagrun for example_weekday_branch_operator to 2022-08-01T00:00:00+00:00, run_after=2022-08-02T00:00:00+00:00
[2022-08-02 23:26:44,706] {processor.py:161} INFO - Processing /home/airflow/.local/lib/python3.7/site-packages/airflow/example_dags/example_branch_day_of_week_operator.py took 0.110 seconds
[2022-08-02 23:27:14,914] {processor.py:153} INFO - Started process (PID=606) to work on /home/airflow/.local/lib/python3.7/site-packages/airflow/example_dags/example_branch_day_of_week_operator.py
[2022-08-02 23:27:14,918] {processor.py:641} INFO - Processing file /home/airflow/.local/lib/python3.7/site-packages/airflow/example_dags/example_branch_day_of_week_operator.py for tasks to queue
[2022-08-02 23:27:14,923] {logging_mixin.py:115} INFO - [2022-08-02 23:27:14,923] {dagbag.py:508} INFO - Filling up the DagBag from /home/airflow/.local/lib/python3.7/site-packages/airflow/example_dags/example_branch_day_of_week_operator.py
[2022-08-02 23:27:14,939] {processor.py:651} INFO - DAG(s) dict_keys(['example_weekday_branch_operator']) retrieved from /home/airflow/.local/lib/python3.7/site-packages/airflow/example_dags/example_branch_day_of_week_operator.py
[2022-08-02 23:27:14,995] {logging_mixin.py:115} INFO - [2022-08-02 23:27:14,995] {dag.py:2420} INFO - Sync 1 DAGs
[2022-08-02 23:27:15,046] {logging_mixin.py:115} INFO - [2022-08-02 23:27:15,045] {dag.py:2972} INFO - Setting next_dagrun for example_weekday_branch_operator to 2022-08-01T00:00:00+00:00, run_after=2022-08-02T00:00:00+00:00
[2022-08-02 23:27:15,066] {processor.py:161} INFO - Processing /home/airflow/.local/lib/python3.7/site-packages/airflow/example_dags/example_branch_day_of_week_operator.py took 0.157 seconds
[2022-08-02 23:27:45,559] {processor.py:153} INFO - Started process (PID=658) to work on /home/airflow/.local/lib/python3.7/site-packages/airflow/example_dags/example_branch_day_of_week_operator.py
[2022-08-02 23:27:45,569] {processor.py:641} INFO - Processing file /home/airflow/.local/lib/python3.7/site-packages/airflow/example_dags/example_branch_day_of_week_operator.py for tasks to queue
[2022-08-02 23:27:45,588] {logging_mixin.py:115} INFO - [2022-08-02 23:27:45,588] {dagbag.py:508} INFO - Filling up the DagBag from /home/airflow/.local/lib/python3.7/site-packages/airflow/example_dags/example_branch_day_of_week_operator.py
[2022-08-02 23:27:45,616] {processor.py:651} INFO - DAG(s) dict_keys(['example_weekday_branch_operator']) retrieved from /home/airflow/.local/lib/python3.7/site-packages/airflow/example_dags/example_branch_day_of_week_operator.py
[2022-08-02 23:27:45,670] {logging_mixin.py:115} INFO - [2022-08-02 23:27:45,670] {dag.py:2420} INFO - Sync 1 DAGs
[2022-08-02 23:27:45,704] {logging_mixin.py:115} INFO - [2022-08-02 23:27:45,704] {dag.py:2972} INFO - Setting next_dagrun for example_weekday_branch_operator to 2022-08-01T00:00:00+00:00, run_after=2022-08-02T00:00:00+00:00
[2022-08-02 23:27:45,739] {processor.py:161} INFO - Processing /home/airflow/.local/lib/python3.7/site-packages/airflow/example_dags/example_branch_day_of_week_operator.py took 0.191 seconds
[2022-08-02 23:28:17,380] {processor.py:153} INFO - Started process (PID=709) to work on /home/airflow/.local/lib/python3.7/site-packages/airflow/example_dags/example_branch_day_of_week_operator.py
[2022-08-02 23:28:17,392] {processor.py:641} INFO - Processing file /home/airflow/.local/lib/python3.7/site-packages/airflow/example_dags/example_branch_day_of_week_operator.py for tasks to queue
[2022-08-02 23:28:17,395] {logging_mixin.py:115} INFO - [2022-08-02 23:28:17,395] {dagbag.py:508} INFO - Filling up the DagBag from /home/airflow/.local/lib/python3.7/site-packages/airflow/example_dags/example_branch_day_of_week_operator.py
[2022-08-02 23:28:17,431] {processor.py:651} INFO - DAG(s) dict_keys(['example_weekday_branch_operator']) retrieved from /home/airflow/.local/lib/python3.7/site-packages/airflow/example_dags/example_branch_day_of_week_operator.py
[2022-08-02 23:28:17,524] {logging_mixin.py:115} INFO - [2022-08-02 23:28:17,524] {dag.py:2420} INFO - Sync 1 DAGs
[2022-08-02 23:28:17,560] {logging_mixin.py:115} INFO - [2022-08-02 23:28:17,559] {dag.py:2972} INFO - Setting next_dagrun for example_weekday_branch_operator to 2022-08-01T00:00:00+00:00, run_after=2022-08-02T00:00:00+00:00
[2022-08-02 23:28:17,585] {processor.py:161} INFO - Processing /home/airflow/.local/lib/python3.7/site-packages/airflow/example_dags/example_branch_day_of_week_operator.py took 0.222 seconds
[2022-08-02 23:28:47,787] {processor.py:153} INFO - Started process (PID=762) to work on /home/airflow/.local/lib/python3.7/site-packages/airflow/example_dags/example_branch_day_of_week_operator.py
[2022-08-02 23:28:47,790] {processor.py:641} INFO - Processing file /home/airflow/.local/lib/python3.7/site-packages/airflow/example_dags/example_branch_day_of_week_operator.py for tasks to queue
[2022-08-02 23:28:47,792] {logging_mixin.py:115} INFO - [2022-08-02 23:28:47,792] {dagbag.py:508} INFO - Filling up the DagBag from /home/airflow/.local/lib/python3.7/site-packages/airflow/example_dags/example_branch_day_of_week_operator.py
[2022-08-02 23:28:47,803] {processor.py:651} INFO - DAG(s) dict_keys(['example_weekday_branch_operator']) retrieved from /home/airflow/.local/lib/python3.7/site-packages/airflow/example_dags/example_branch_day_of_week_operator.py
[2022-08-02 23:28:47,836] {logging_mixin.py:115} INFO - [2022-08-02 23:28:47,836] {dag.py:2420} INFO - Sync 1 DAGs
[2022-08-02 23:28:48,115] {logging_mixin.py:115} INFO - [2022-08-02 23:28:48,113] {dag.py:2972} INFO - Setting next_dagrun for example_weekday_branch_operator to 2022-08-01T00:00:00+00:00, run_after=2022-08-02T00:00:00+00:00
[2022-08-02 23:28:48,250] {processor.py:161} INFO - Processing /home/airflow/.local/lib/python3.7/site-packages/airflow/example_dags/example_branch_day_of_week_operator.py took 0.467 seconds
[2022-08-02 23:29:18,911] {processor.py:153} INFO - Started process (PID=813) to work on /home/airflow/.local/lib/python3.7/site-packages/airflow/example_dags/example_branch_day_of_week_operator.py
[2022-08-02 23:29:18,916] {processor.py:641} INFO - Processing file /home/airflow/.local/lib/python3.7/site-packages/airflow/example_dags/example_branch_day_of_week_operator.py for tasks to queue
[2022-08-02 23:29:18,926] {logging_mixin.py:115} INFO - [2022-08-02 23:29:18,926] {dagbag.py:508} INFO - Filling up the DagBag from /home/airflow/.local/lib/python3.7/site-packages/airflow/example_dags/example_branch_day_of_week_operator.py
[2022-08-02 23:29:18,943] {processor.py:651} INFO - DAG(s) dict_keys(['example_weekday_branch_operator']) retrieved from /home/airflow/.local/lib/python3.7/site-packages/airflow/example_dags/example_branch_day_of_week_operator.py
[2022-08-02 23:29:18,998] {logging_mixin.py:115} INFO - [2022-08-02 23:29:18,998] {dag.py:2420} INFO - Sync 1 DAGs
[2022-08-02 23:29:19,033] {logging_mixin.py:115} INFO - [2022-08-02 23:29:19,033] {dag.py:2972} INFO - Setting next_dagrun for example_weekday_branch_operator to 2022-08-01T00:00:00+00:00, run_after=2022-08-02T00:00:00+00:00
[2022-08-02 23:29:19,046] {processor.py:161} INFO - Processing /home/airflow/.local/lib/python3.7/site-packages/airflow/example_dags/example_branch_day_of_week_operator.py took 0.145 seconds
[2022-08-02 23:29:49,685] {processor.py:153} INFO - Started process (PID=874) to work on /home/airflow/.local/lib/python3.7/site-packages/airflow/example_dags/example_branch_day_of_week_operator.py
[2022-08-02 23:29:49,691] {processor.py:641} INFO - Processing file /home/airflow/.local/lib/python3.7/site-packages/airflow/example_dags/example_branch_day_of_week_operator.py for tasks to queue
[2022-08-02 23:29:49,696] {logging_mixin.py:115} INFO - [2022-08-02 23:29:49,696] {dagbag.py:508} INFO - Filling up the DagBag from /home/airflow/.local/lib/python3.7/site-packages/airflow/example_dags/example_branch_day_of_week_operator.py
[2022-08-02 23:29:49,710] {processor.py:651} INFO - DAG(s) dict_keys(['example_weekday_branch_operator']) retrieved from /home/airflow/.local/lib/python3.7/site-packages/airflow/example_dags/example_branch_day_of_week_operator.py
[2022-08-02 23:29:49,784] {logging_mixin.py:115} INFO - [2022-08-02 23:29:49,784] {dag.py:2420} INFO - Sync 1 DAGs
[2022-08-02 23:29:49,821] {logging_mixin.py:115} INFO - [2022-08-02 23:29:49,820] {dag.py:2972} INFO - Setting next_dagrun for example_weekday_branch_operator to 2022-08-01T00:00:00+00:00, run_after=2022-08-02T00:00:00+00:00
[2022-08-02 23:29:49,847] {processor.py:161} INFO - Processing /home/airflow/.local/lib/python3.7/site-packages/airflow/example_dags/example_branch_day_of_week_operator.py took 0.165 seconds
[2022-08-02 23:30:20,966] {processor.py:153} INFO - Started process (PID=927) to work on /home/airflow/.local/lib/python3.7/site-packages/airflow/example_dags/example_branch_day_of_week_operator.py
[2022-08-02 23:30:20,971] {processor.py:641} INFO - Processing file /home/airflow/.local/lib/python3.7/site-packages/airflow/example_dags/example_branch_day_of_week_operator.py for tasks to queue
[2022-08-02 23:30:20,979] {logging_mixin.py:115} INFO - [2022-08-02 23:30:20,979] {dagbag.py:508} INFO - Filling up the DagBag from /home/airflow/.local/lib/python3.7/site-packages/airflow/example_dags/example_branch_day_of_week_operator.py
[2022-08-02 23:30:20,998] {processor.py:651} INFO - DAG(s) dict_keys(['example_weekday_branch_operator']) retrieved from /home/airflow/.local/lib/python3.7/site-packages/airflow/example_dags/example_branch_day_of_week_operator.py
[2022-08-02 23:30:21,071] {logging_mixin.py:115} INFO - [2022-08-02 23:30:21,070] {dag.py:2420} INFO - Sync 1 DAGs
[2022-08-02 23:30:21,145] {logging_mixin.py:115} INFO - [2022-08-02 23:30:21,145] {dag.py:2972} INFO - Setting next_dagrun for example_weekday_branch_operator to 2022-08-01T00:00:00+00:00, run_after=2022-08-02T00:00:00+00:00
[2022-08-02 23:30:21,222] {processor.py:161} INFO - Processing /home/airflow/.local/lib/python3.7/site-packages/airflow/example_dags/example_branch_day_of_week_operator.py took 0.266 seconds
[2022-08-02 23:30:51,657] {processor.py:153} INFO - Started process (PID=980) to work on /home/airflow/.local/lib/python3.7/site-packages/airflow/example_dags/example_branch_day_of_week_operator.py
[2022-08-02 23:30:51,668] {processor.py:641} INFO - Processing file /home/airflow/.local/lib/python3.7/site-packages/airflow/example_dags/example_branch_day_of_week_operator.py for tasks to queue
[2022-08-02 23:30:51,674] {logging_mixin.py:115} INFO - [2022-08-02 23:30:51,674] {dagbag.py:508} INFO - Filling up the DagBag from /home/airflow/.local/lib/python3.7/site-packages/airflow/example_dags/example_branch_day_of_week_operator.py
[2022-08-02 23:30:51,689] {processor.py:651} INFO - DAG(s) dict_keys(['example_weekday_branch_operator']) retrieved from /home/airflow/.local/lib/python3.7/site-packages/airflow/example_dags/example_branch_day_of_week_operator.py
[2022-08-02 23:30:51,726] {logging_mixin.py:115} INFO - [2022-08-02 23:30:51,726] {dag.py:2420} INFO - Sync 1 DAGs
[2022-08-02 23:30:51,749] {logging_mixin.py:115} INFO - [2022-08-02 23:30:51,749] {dag.py:2972} INFO - Setting next_dagrun for example_weekday_branch_operator to 2022-08-01T00:00:00+00:00, run_after=2022-08-02T00:00:00+00:00
[2022-08-02 23:30:51,768] {processor.py:161} INFO - Processing /home/airflow/.local/lib/python3.7/site-packages/airflow/example_dags/example_branch_day_of_week_operator.py took 0.117 seconds
[2022-08-02 23:31:22,367] {processor.py:153} INFO - Started process (PID=1032) to work on /home/airflow/.local/lib/python3.7/site-packages/airflow/example_dags/example_branch_day_of_week_operator.py
[2022-08-02 23:31:22,372] {processor.py:641} INFO - Processing file /home/airflow/.local/lib/python3.7/site-packages/airflow/example_dags/example_branch_day_of_week_operator.py for tasks to queue
[2022-08-02 23:31:22,376] {logging_mixin.py:115} INFO - [2022-08-02 23:31:22,376] {dagbag.py:508} INFO - Filling up the DagBag from /home/airflow/.local/lib/python3.7/site-packages/airflow/example_dags/example_branch_day_of_week_operator.py
[2022-08-02 23:31:22,391] {processor.py:651} INFO - DAG(s) dict_keys(['example_weekday_branch_operator']) retrieved from /home/airflow/.local/lib/python3.7/site-packages/airflow/example_dags/example_branch_day_of_week_operator.py
[2022-08-02 23:31:22,433] {logging_mixin.py:115} INFO - [2022-08-02 23:31:22,433] {dag.py:2420} INFO - Sync 1 DAGs
[2022-08-02 23:31:22,466] {logging_mixin.py:115} INFO - [2022-08-02 23:31:22,465] {dag.py:2972} INFO - Setting next_dagrun for example_weekday_branch_operator to 2022-08-01T00:00:00+00:00, run_after=2022-08-02T00:00:00+00:00
[2022-08-02 23:31:22,486] {processor.py:161} INFO - Processing /home/airflow/.local/lib/python3.7/site-packages/airflow/example_dags/example_branch_day_of_week_operator.py took 0.124 seconds
[2022-08-02 23:31:53,704] {processor.py:153} INFO - Started process (PID=1093) to work on /home/airflow/.local/lib/python3.7/site-packages/airflow/example_dags/example_branch_day_of_week_operator.py
[2022-08-02 23:31:53,722] {processor.py:641} INFO - Processing file /home/airflow/.local/lib/python3.7/site-packages/airflow/example_dags/example_branch_day_of_week_operator.py for tasks to queue
[2022-08-02 23:31:53,731] {logging_mixin.py:115} INFO - [2022-08-02 23:31:53,731] {dagbag.py:508} INFO - Filling up the DagBag from /home/airflow/.local/lib/python3.7/site-packages/airflow/example_dags/example_branch_day_of_week_operator.py
[2022-08-02 23:31:53,751] {processor.py:651} INFO - DAG(s) dict_keys(['example_weekday_branch_operator']) retrieved from /home/airflow/.local/lib/python3.7/site-packages/airflow/example_dags/example_branch_day_of_week_operator.py
[2022-08-02 23:31:53,827] {logging_mixin.py:115} INFO - [2022-08-02 23:31:53,826] {dag.py:2420} INFO - Sync 1 DAGs
[2022-08-02 23:31:53,902] {logging_mixin.py:115} INFO - [2022-08-02 23:31:53,901] {dag.py:2972} INFO - Setting next_dagrun for example_weekday_branch_operator to 2022-08-01T00:00:00+00:00, run_after=2022-08-02T00:00:00+00:00
[2022-08-02 23:31:53,956] {processor.py:161} INFO - Processing /home/airflow/.local/lib/python3.7/site-packages/airflow/example_dags/example_branch_day_of_week_operator.py took 0.256 seconds
[2022-08-02 23:32:24,260] {processor.py:153} INFO - Started process (PID=1145) to work on /home/airflow/.local/lib/python3.7/site-packages/airflow/example_dags/example_branch_day_of_week_operator.py
[2022-08-02 23:32:24,342] {processor.py:641} INFO - Processing file /home/airflow/.local/lib/python3.7/site-packages/airflow/example_dags/example_branch_day_of_week_operator.py for tasks to queue
[2022-08-02 23:32:24,365] {logging_mixin.py:115} INFO - [2022-08-02 23:32:24,365] {dagbag.py:508} INFO - Filling up the DagBag from /home/airflow/.local/lib/python3.7/site-packages/airflow/example_dags/example_branch_day_of_week_operator.py
[2022-08-02 23:32:24,429] {processor.py:651} INFO - DAG(s) dict_keys(['example_weekday_branch_operator']) retrieved from /home/airflow/.local/lib/python3.7/site-packages/airflow/example_dags/example_branch_day_of_week_operator.py
[2022-08-02 23:32:24,489] {logging_mixin.py:115} INFO - [2022-08-02 23:32:24,488] {dag.py:2420} INFO - Sync 1 DAGs
[2022-08-02 23:32:24,551] {logging_mixin.py:115} INFO - [2022-08-02 23:32:24,551] {dag.py:2972} INFO - Setting next_dagrun for example_weekday_branch_operator to 2022-08-01T00:00:00+00:00, run_after=2022-08-02T00:00:00+00:00
[2022-08-02 23:32:24,603] {processor.py:161} INFO - Processing /home/airflow/.local/lib/python3.7/site-packages/airflow/example_dags/example_branch_day_of_week_operator.py took 0.369 seconds
[2022-08-02 23:32:54,835] {processor.py:153} INFO - Started process (PID=1197) to work on /home/airflow/.local/lib/python3.7/site-packages/airflow/example_dags/example_branch_day_of_week_operator.py
[2022-08-02 23:32:54,838] {processor.py:641} INFO - Processing file /home/airflow/.local/lib/python3.7/site-packages/airflow/example_dags/example_branch_day_of_week_operator.py for tasks to queue
[2022-08-02 23:32:54,841] {logging_mixin.py:115} INFO - [2022-08-02 23:32:54,841] {dagbag.py:508} INFO - Filling up the DagBag from /home/airflow/.local/lib/python3.7/site-packages/airflow/example_dags/example_branch_day_of_week_operator.py
[2022-08-02 23:32:54,851] {processor.py:651} INFO - DAG(s) dict_keys(['example_weekday_branch_operator']) retrieved from /home/airflow/.local/lib/python3.7/site-packages/airflow/example_dags/example_branch_day_of_week_operator.py
[2022-08-02 23:32:54,910] {logging_mixin.py:115} INFO - [2022-08-02 23:32:54,910] {dag.py:2420} INFO - Sync 1 DAGs
[2022-08-02 23:32:54,933] {logging_mixin.py:115} INFO - [2022-08-02 23:32:54,933] {dag.py:2972} INFO - Setting next_dagrun for example_weekday_branch_operator to 2022-08-01T00:00:00+00:00, run_after=2022-08-02T00:00:00+00:00
[2022-08-02 23:32:54,950] {processor.py:161} INFO - Processing /home/airflow/.local/lib/python3.7/site-packages/airflow/example_dags/example_branch_day_of_week_operator.py took 0.119 seconds
[2022-08-02 23:33:25,804] {processor.py:153} INFO - Started process (PID=1257) to work on /home/airflow/.local/lib/python3.7/site-packages/airflow/example_dags/example_branch_day_of_week_operator.py
[2022-08-02 23:33:25,814] {processor.py:641} INFO - Processing file /home/airflow/.local/lib/python3.7/site-packages/airflow/example_dags/example_branch_day_of_week_operator.py for tasks to queue
[2022-08-02 23:33:25,825] {logging_mixin.py:115} INFO - [2022-08-02 23:33:25,825] {dagbag.py:508} INFO - Filling up the DagBag from /home/airflow/.local/lib/python3.7/site-packages/airflow/example_dags/example_branch_day_of_week_operator.py
[2022-08-02 23:33:25,856] {processor.py:651} INFO - DAG(s) dict_keys(['example_weekday_branch_operator']) retrieved from /home/airflow/.local/lib/python3.7/site-packages/airflow/example_dags/example_branch_day_of_week_operator.py
[2022-08-02 23:33:26,003] {logging_mixin.py:115} INFO - [2022-08-02 23:33:26,003] {dag.py:2420} INFO - Sync 1 DAGs
[2022-08-02 23:33:26,152] {logging_mixin.py:115} INFO - [2022-08-02 23:33:26,152] {dag.py:2972} INFO - Setting next_dagrun for example_weekday_branch_operator to 2022-08-01T00:00:00+00:00, run_after=2022-08-02T00:00:00+00:00
[2022-08-02 23:33:26,193] {processor.py:161} INFO - Processing /home/airflow/.local/lib/python3.7/site-packages/airflow/example_dags/example_branch_day_of_week_operator.py took 0.396 seconds
[2022-08-02 23:33:57,066] {processor.py:153} INFO - Started process (PID=1308) to work on /home/airflow/.local/lib/python3.7/site-packages/airflow/example_dags/example_branch_day_of_week_operator.py
[2022-08-02 23:33:57,068] {processor.py:641} INFO - Processing file /home/airflow/.local/lib/python3.7/site-packages/airflow/example_dags/example_branch_day_of_week_operator.py for tasks to queue
[2022-08-02 23:33:57,071] {logging_mixin.py:115} INFO - [2022-08-02 23:33:57,071] {dagbag.py:508} INFO - Filling up the DagBag from /home/airflow/.local/lib/python3.7/site-packages/airflow/example_dags/example_branch_day_of_week_operator.py
[2022-08-02 23:33:57,080] {processor.py:651} INFO - DAG(s) dict_keys(['example_weekday_branch_operator']) retrieved from /home/airflow/.local/lib/python3.7/site-packages/airflow/example_dags/example_branch_day_of_week_operator.py
[2022-08-02 23:33:57,133] {logging_mixin.py:115} INFO - [2022-08-02 23:33:57,133] {dag.py:2420} INFO - Sync 1 DAGs
[2022-08-02 23:33:57,159] {logging_mixin.py:115} INFO - [2022-08-02 23:33:57,159] {dag.py:2972} INFO - Setting next_dagrun for example_weekday_branch_operator to 2022-08-01T00:00:00+00:00, run_after=2022-08-02T00:00:00+00:00
[2022-08-02 23:33:57,177] {processor.py:161} INFO - Processing /home/airflow/.local/lib/python3.7/site-packages/airflow/example_dags/example_branch_day_of_week_operator.py took 0.114 seconds
[2022-08-02 23:34:27,449] {processor.py:153} INFO - Started process (PID=1360) to work on /home/airflow/.local/lib/python3.7/site-packages/airflow/example_dags/example_branch_day_of_week_operator.py
[2022-08-02 23:34:27,460] {processor.py:641} INFO - Processing file /home/airflow/.local/lib/python3.7/site-packages/airflow/example_dags/example_branch_day_of_week_operator.py for tasks to queue
[2022-08-02 23:34:27,465] {logging_mixin.py:115} INFO - [2022-08-02 23:34:27,465] {dagbag.py:508} INFO - Filling up the DagBag from /home/airflow/.local/lib/python3.7/site-packages/airflow/example_dags/example_branch_day_of_week_operator.py
[2022-08-02 23:34:27,484] {processor.py:651} INFO - DAG(s) dict_keys(['example_weekday_branch_operator']) retrieved from /home/airflow/.local/lib/python3.7/site-packages/airflow/example_dags/example_branch_day_of_week_operator.py
[2022-08-02 23:34:27,582] {logging_mixin.py:115} INFO - [2022-08-02 23:34:27,582] {dag.py:2420} INFO - Sync 1 DAGs
[2022-08-02 23:34:27,669] {logging_mixin.py:115} INFO - [2022-08-02 23:34:27,669] {dag.py:2972} INFO - Setting next_dagrun for example_weekday_branch_operator to 2022-08-01T00:00:00+00:00, run_after=2022-08-02T00:00:00+00:00
[2022-08-02 23:34:27,721] {processor.py:161} INFO - Processing /home/airflow/.local/lib/python3.7/site-packages/airflow/example_dags/example_branch_day_of_week_operator.py took 0.280 seconds
[2022-08-02 23:35:01,216] {processor.py:153} INFO - Started process (PID=1422) to work on /home/airflow/.local/lib/python3.7/site-packages/airflow/example_dags/example_branch_day_of_week_operator.py
[2022-08-02 23:35:01,240] {processor.py:641} INFO - Processing file /home/airflow/.local/lib/python3.7/site-packages/airflow/example_dags/example_branch_day_of_week_operator.py for tasks to queue
[2022-08-02 23:35:01,246] {logging_mixin.py:115} INFO - [2022-08-02 23:35:01,246] {dagbag.py:508} INFO - Filling up the DagBag from /home/airflow/.local/lib/python3.7/site-packages/airflow/example_dags/example_branch_day_of_week_operator.py
[2022-08-02 23:35:01,282] {processor.py:651} INFO - DAG(s) dict_keys(['example_weekday_branch_operator']) retrieved from /home/airflow/.local/lib/python3.7/site-packages/airflow/example_dags/example_branch_day_of_week_operator.py
[2022-08-02 23:35:01,474] {logging_mixin.py:115} INFO - [2022-08-02 23:35:01,474] {dag.py:2420} INFO - Sync 1 DAGs
[2022-08-02 23:35:01,595] {logging_mixin.py:115} INFO - [2022-08-02 23:35:01,595] {dag.py:2972} INFO - Setting next_dagrun for example_weekday_branch_operator to 2022-08-01T00:00:00+00:00, run_after=2022-08-02T00:00:00+00:00
[2022-08-02 23:35:01,668] {processor.py:161} INFO - Processing /home/airflow/.local/lib/python3.7/site-packages/airflow/example_dags/example_branch_day_of_week_operator.py took 0.475 seconds
[2022-08-02 23:35:32,692] {processor.py:153} INFO - Started process (PID=1465) to work on /home/airflow/.local/lib/python3.7/site-packages/airflow/example_dags/example_branch_day_of_week_operator.py
[2022-08-02 23:35:32,721] {processor.py:641} INFO - Processing file /home/airflow/.local/lib/python3.7/site-packages/airflow/example_dags/example_branch_day_of_week_operator.py for tasks to queue
[2022-08-02 23:35:32,730] {logging_mixin.py:115} INFO - [2022-08-02 23:35:32,730] {dagbag.py:508} INFO - Filling up the DagBag from /home/airflow/.local/lib/python3.7/site-packages/airflow/example_dags/example_branch_day_of_week_operator.py
[2022-08-02 23:35:32,766] {processor.py:651} INFO - DAG(s) dict_keys(['example_weekday_branch_operator']) retrieved from /home/airflow/.local/lib/python3.7/site-packages/airflow/example_dags/example_branch_day_of_week_operator.py
[2022-08-02 23:35:32,897] {logging_mixin.py:115} INFO - [2022-08-02 23:35:32,897] {dag.py:2420} INFO - Sync 1 DAGs
[2022-08-02 23:35:33,094] {logging_mixin.py:115} INFO - [2022-08-02 23:35:33,093] {dag.py:2972} INFO - Setting next_dagrun for example_weekday_branch_operator to 2022-08-01T00:00:00+00:00, run_after=2022-08-02T00:00:00+00:00
[2022-08-02 23:35:33,237] {processor.py:161} INFO - Processing /home/airflow/.local/lib/python3.7/site-packages/airflow/example_dags/example_branch_day_of_week_operator.py took 0.555 seconds
[2022-08-02 23:36:03,709] {processor.py:153} INFO - Started process (PID=1527) to work on /home/airflow/.local/lib/python3.7/site-packages/airflow/example_dags/example_branch_day_of_week_operator.py
[2022-08-02 23:36:04,050] {processor.py:641} INFO - Processing file /home/airflow/.local/lib/python3.7/site-packages/airflow/example_dags/example_branch_day_of_week_operator.py for tasks to queue
[2022-08-02 23:36:04,188] {logging_mixin.py:115} INFO - [2022-08-02 23:36:04,187] {dagbag.py:508} INFO - Filling up the DagBag from /home/airflow/.local/lib/python3.7/site-packages/airflow/example_dags/example_branch_day_of_week_operator.py
[2022-08-02 23:36:04,409] {processor.py:651} INFO - DAG(s) dict_keys(['example_weekday_branch_operator']) retrieved from /home/airflow/.local/lib/python3.7/site-packages/airflow/example_dags/example_branch_day_of_week_operator.py
[2022-08-02 23:36:04,732] {logging_mixin.py:115} INFO - [2022-08-02 23:36:04,732] {dag.py:2420} INFO - Sync 1 DAGs
[2022-08-02 23:36:04,864] {logging_mixin.py:115} INFO - [2022-08-02 23:36:04,864] {dag.py:2972} INFO - Setting next_dagrun for example_weekday_branch_operator to 2022-08-01T00:00:00+00:00, run_after=2022-08-02T00:00:00+00:00
[2022-08-02 23:36:04,948] {processor.py:161} INFO - Processing /home/airflow/.local/lib/python3.7/site-packages/airflow/example_dags/example_branch_day_of_week_operator.py took 1.275 seconds
[2022-08-02 23:36:35,198] {processor.py:153} INFO - Started process (PID=1580) to work on /home/airflow/.local/lib/python3.7/site-packages/airflow/example_dags/example_branch_day_of_week_operator.py
[2022-08-02 23:36:35,201] {processor.py:641} INFO - Processing file /home/airflow/.local/lib/python3.7/site-packages/airflow/example_dags/example_branch_day_of_week_operator.py for tasks to queue
[2022-08-02 23:36:35,203] {logging_mixin.py:115} INFO - [2022-08-02 23:36:35,203] {dagbag.py:508} INFO - Filling up the DagBag from /home/airflow/.local/lib/python3.7/site-packages/airflow/example_dags/example_branch_day_of_week_operator.py
[2022-08-02 23:36:35,213] {processor.py:651} INFO - DAG(s) dict_keys(['example_weekday_branch_operator']) retrieved from /home/airflow/.local/lib/python3.7/site-packages/airflow/example_dags/example_branch_day_of_week_operator.py
[2022-08-02 23:36:35,245] {logging_mixin.py:115} INFO - [2022-08-02 23:36:35,245] {dag.py:2420} INFO - Sync 1 DAGs
[2022-08-02 23:36:35,267] {logging_mixin.py:115} INFO - [2022-08-02 23:36:35,267] {dag.py:2972} INFO - Setting next_dagrun for example_weekday_branch_operator to 2022-08-01T00:00:00+00:00, run_after=2022-08-02T00:00:00+00:00
[2022-08-02 23:36:35,286] {processor.py:161} INFO - Processing /home/airflow/.local/lib/python3.7/site-packages/airflow/example_dags/example_branch_day_of_week_operator.py took 0.091 seconds
[2022-08-02 23:37:05,554] {processor.py:153} INFO - Started process (PID=1641) to work on /home/airflow/.local/lib/python3.7/site-packages/airflow/example_dags/example_branch_day_of_week_operator.py
[2022-08-02 23:37:05,560] {processor.py:641} INFO - Processing file /home/airflow/.local/lib/python3.7/site-packages/airflow/example_dags/example_branch_day_of_week_operator.py for tasks to queue
[2022-08-02 23:37:05,565] {logging_mixin.py:115} INFO - [2022-08-02 23:37:05,565] {dagbag.py:508} INFO - Filling up the DagBag from /home/airflow/.local/lib/python3.7/site-packages/airflow/example_dags/example_branch_day_of_week_operator.py
[2022-08-02 23:37:05,591] {processor.py:651} INFO - DAG(s) dict_keys(['example_weekday_branch_operator']) retrieved from /home/airflow/.local/lib/python3.7/site-packages/airflow/example_dags/example_branch_day_of_week_operator.py
[2022-08-02 23:37:05,654] {logging_mixin.py:115} INFO - [2022-08-02 23:37:05,654] {dag.py:2420} INFO - Sync 1 DAGs
[2022-08-02 23:37:05,710] {logging_mixin.py:115} INFO - [2022-08-02 23:37:05,710] {dag.py:2972} INFO - Setting next_dagrun for example_weekday_branch_operator to 2022-08-01T00:00:00+00:00, run_after=2022-08-02T00:00:00+00:00
[2022-08-02 23:37:05,736] {processor.py:161} INFO - Processing /home/airflow/.local/lib/python3.7/site-packages/airflow/example_dags/example_branch_day_of_week_operator.py took 0.191 seconds
[2022-08-02 23:37:36,199] {processor.py:153} INFO - Started process (PID=1693) to work on /home/airflow/.local/lib/python3.7/site-packages/airflow/example_dags/example_branch_day_of_week_operator.py
[2022-08-02 23:37:36,203] {processor.py:641} INFO - Processing file /home/airflow/.local/lib/python3.7/site-packages/airflow/example_dags/example_branch_day_of_week_operator.py for tasks to queue
[2022-08-02 23:37:36,207] {logging_mixin.py:115} INFO - [2022-08-02 23:37:36,207] {dagbag.py:508} INFO - Filling up the DagBag from /home/airflow/.local/lib/python3.7/site-packages/airflow/example_dags/example_branch_day_of_week_operator.py
[2022-08-02 23:37:36,220] {processor.py:651} INFO - DAG(s) dict_keys(['example_weekday_branch_operator']) retrieved from /home/airflow/.local/lib/python3.7/site-packages/airflow/example_dags/example_branch_day_of_week_operator.py
[2022-08-02 23:37:36,272] {logging_mixin.py:115} INFO - [2022-08-02 23:37:36,272] {dag.py:2420} INFO - Sync 1 DAGs
[2022-08-02 23:37:36,296] {logging_mixin.py:115} INFO - [2022-08-02 23:37:36,296] {dag.py:2972} INFO - Setting next_dagrun for example_weekday_branch_operator to 2022-08-01T00:00:00+00:00, run_after=2022-08-02T00:00:00+00:00
[2022-08-02 23:37:36,316] {processor.py:161} INFO - Processing /home/airflow/.local/lib/python3.7/site-packages/airflow/example_dags/example_branch_day_of_week_operator.py took 0.120 seconds
[2022-08-02 23:38:06,459] {processor.py:153} INFO - Started process (PID=1754) to work on /home/airflow/.local/lib/python3.7/site-packages/airflow/example_dags/example_branch_day_of_week_operator.py
[2022-08-02 23:38:06,467] {processor.py:641} INFO - Processing file /home/airflow/.local/lib/python3.7/site-packages/airflow/example_dags/example_branch_day_of_week_operator.py for tasks to queue
[2022-08-02 23:38:06,476] {logging_mixin.py:115} INFO - [2022-08-02 23:38:06,476] {dagbag.py:508} INFO - Filling up the DagBag from /home/airflow/.local/lib/python3.7/site-packages/airflow/example_dags/example_branch_day_of_week_operator.py
[2022-08-02 23:38:06,504] {processor.py:651} INFO - DAG(s) dict_keys(['example_weekday_branch_operator']) retrieved from /home/airflow/.local/lib/python3.7/site-packages/airflow/example_dags/example_branch_day_of_week_operator.py
[2022-08-02 23:38:06,558] {logging_mixin.py:115} INFO - [2022-08-02 23:38:06,558] {dag.py:2420} INFO - Sync 1 DAGs
[2022-08-02 23:38:06,601] {logging_mixin.py:115} INFO - [2022-08-02 23:38:06,600] {dag.py:2972} INFO - Setting next_dagrun for example_weekday_branch_operator to 2022-08-01T00:00:00+00:00, run_after=2022-08-02T00:00:00+00:00
[2022-08-02 23:38:06,647] {processor.py:161} INFO - Processing /home/airflow/.local/lib/python3.7/site-packages/airflow/example_dags/example_branch_day_of_week_operator.py took 0.196 seconds
[2022-08-02 23:38:36,801] {processor.py:153} INFO - Started process (PID=1815) to work on /home/airflow/.local/lib/python3.7/site-packages/airflow/example_dags/example_branch_day_of_week_operator.py
[2022-08-02 23:38:36,804] {processor.py:641} INFO - Processing file /home/airflow/.local/lib/python3.7/site-packages/airflow/example_dags/example_branch_day_of_week_operator.py for tasks to queue
[2022-08-02 23:38:36,807] {logging_mixin.py:115} INFO - [2022-08-02 23:38:36,807] {dagbag.py:508} INFO - Filling up the DagBag from /home/airflow/.local/lib/python3.7/site-packages/airflow/example_dags/example_branch_day_of_week_operator.py
[2022-08-02 23:38:36,818] {processor.py:651} INFO - DAG(s) dict_keys(['example_weekday_branch_operator']) retrieved from /home/airflow/.local/lib/python3.7/site-packages/airflow/example_dags/example_branch_day_of_week_operator.py
[2022-08-02 23:38:36,967] {logging_mixin.py:115} INFO - [2022-08-02 23:38:36,967] {dag.py:2420} INFO - Sync 1 DAGs
[2022-08-02 23:38:37,039] {logging_mixin.py:115} INFO - [2022-08-02 23:38:37,039] {dag.py:2972} INFO - Setting next_dagrun for example_weekday_branch_operator to 2022-08-01T00:00:00+00:00, run_after=2022-08-02T00:00:00+00:00
[2022-08-02 23:38:37,070] {processor.py:161} INFO - Processing /home/airflow/.local/lib/python3.7/site-packages/airflow/example_dags/example_branch_day_of_week_operator.py took 0.274 seconds
[2022-08-02 23:39:07,406] {processor.py:153} INFO - Started process (PID=1867) to work on /home/airflow/.local/lib/python3.7/site-packages/airflow/example_dags/example_branch_day_of_week_operator.py
[2022-08-02 23:39:07,412] {processor.py:641} INFO - Processing file /home/airflow/.local/lib/python3.7/site-packages/airflow/example_dags/example_branch_day_of_week_operator.py for tasks to queue
[2022-08-02 23:39:07,417] {logging_mixin.py:115} INFO - [2022-08-02 23:39:07,416] {dagbag.py:508} INFO - Filling up the DagBag from /home/airflow/.local/lib/python3.7/site-packages/airflow/example_dags/example_branch_day_of_week_operator.py
[2022-08-02 23:39:07,434] {processor.py:651} INFO - DAG(s) dict_keys(['example_weekday_branch_operator']) retrieved from /home/airflow/.local/lib/python3.7/site-packages/airflow/example_dags/example_branch_day_of_week_operator.py
[2022-08-02 23:39:07,473] {logging_mixin.py:115} INFO - [2022-08-02 23:39:07,473] {dag.py:2420} INFO - Sync 1 DAGs
[2022-08-02 23:39:07,502] {logging_mixin.py:115} INFO - [2022-08-02 23:39:07,501] {dag.py:2972} INFO - Setting next_dagrun for example_weekday_branch_operator to 2022-08-01T00:00:00+00:00, run_after=2022-08-02T00:00:00+00:00
[2022-08-02 23:39:07,534] {processor.py:161} INFO - Processing /home/airflow/.local/lib/python3.7/site-packages/airflow/example_dags/example_branch_day_of_week_operator.py took 0.132 seconds
[2022-08-02 23:39:38,522] {processor.py:153} INFO - Started process (PID=1928) to work on /home/airflow/.local/lib/python3.7/site-packages/airflow/example_dags/example_branch_day_of_week_operator.py
[2022-08-02 23:39:38,526] {processor.py:641} INFO - Processing file /home/airflow/.local/lib/python3.7/site-packages/airflow/example_dags/example_branch_day_of_week_operator.py for tasks to queue
[2022-08-02 23:39:38,530] {logging_mixin.py:115} INFO - [2022-08-02 23:39:38,530] {dagbag.py:508} INFO - Filling up the DagBag from /home/airflow/.local/lib/python3.7/site-packages/airflow/example_dags/example_branch_day_of_week_operator.py
[2022-08-02 23:39:38,541] {processor.py:651} INFO - DAG(s) dict_keys(['example_weekday_branch_operator']) retrieved from /home/airflow/.local/lib/python3.7/site-packages/airflow/example_dags/example_branch_day_of_week_operator.py
[2022-08-02 23:39:38,571] {logging_mixin.py:115} INFO - [2022-08-02 23:39:38,571] {dag.py:2420} INFO - Sync 1 DAGs
[2022-08-02 23:39:38,599] {logging_mixin.py:115} INFO - [2022-08-02 23:39:38,599] {dag.py:2972} INFO - Setting next_dagrun for example_weekday_branch_operator to 2022-08-01T00:00:00+00:00, run_after=2022-08-02T00:00:00+00:00
[2022-08-02 23:39:38,613] {processor.py:161} INFO - Processing /home/airflow/.local/lib/python3.7/site-packages/airflow/example_dags/example_branch_day_of_week_operator.py took 0.096 seconds
[2022-08-02 23:40:15,203] {processor.py:153} INFO - Started process (PID=1979) to work on /home/airflow/.local/lib/python3.7/site-packages/airflow/example_dags/example_branch_day_of_week_operator.py
[2022-08-02 23:40:15,211] {processor.py:641} INFO - Processing file /home/airflow/.local/lib/python3.7/site-packages/airflow/example_dags/example_branch_day_of_week_operator.py for tasks to queue
[2022-08-02 23:40:15,221] {logging_mixin.py:115} INFO - [2022-08-02 23:40:15,221] {dagbag.py:508} INFO - Filling up the DagBag from /home/airflow/.local/lib/python3.7/site-packages/airflow/example_dags/example_branch_day_of_week_operator.py
[2022-08-02 23:40:15,269] {processor.py:651} INFO - DAG(s) dict_keys(['example_weekday_branch_operator']) retrieved from /home/airflow/.local/lib/python3.7/site-packages/airflow/example_dags/example_branch_day_of_week_operator.py
[2022-08-02 23:40:15,326] {logging_mixin.py:115} INFO - [2022-08-02 23:40:15,326] {dag.py:2420} INFO - Sync 1 DAGs
[2022-08-02 23:40:15,441] {logging_mixin.py:115} INFO - [2022-08-02 23:40:15,441] {dag.py:2972} INFO - Setting next_dagrun for example_weekday_branch_operator to 2022-08-01T00:00:00+00:00, run_after=2022-08-02T00:00:00+00:00
[2022-08-02 23:40:15,478] {processor.py:161} INFO - Processing /home/airflow/.local/lib/python3.7/site-packages/airflow/example_dags/example_branch_day_of_week_operator.py took 0.301 seconds
[2022-08-02 23:40:45,772] {processor.py:153} INFO - Started process (PID=2030) to work on /home/airflow/.local/lib/python3.7/site-packages/airflow/example_dags/example_branch_day_of_week_operator.py
[2022-08-02 23:40:45,775] {processor.py:641} INFO - Processing file /home/airflow/.local/lib/python3.7/site-packages/airflow/example_dags/example_branch_day_of_week_operator.py for tasks to queue
[2022-08-02 23:40:45,778] {logging_mixin.py:115} INFO - [2022-08-02 23:40:45,778] {dagbag.py:508} INFO - Filling up the DagBag from /home/airflow/.local/lib/python3.7/site-packages/airflow/example_dags/example_branch_day_of_week_operator.py
[2022-08-02 23:40:45,791] {processor.py:651} INFO - DAG(s) dict_keys(['example_weekday_branch_operator']) retrieved from /home/airflow/.local/lib/python3.7/site-packages/airflow/example_dags/example_branch_day_of_week_operator.py
[2022-08-02 23:40:45,855] {logging_mixin.py:115} INFO - [2022-08-02 23:40:45,855] {dag.py:2420} INFO - Sync 1 DAGs
[2022-08-02 23:40:45,894] {logging_mixin.py:115} INFO - [2022-08-02 23:40:45,894] {dag.py:2972} INFO - Setting next_dagrun for example_weekday_branch_operator to 2022-08-01T00:00:00+00:00, run_after=2022-08-02T00:00:00+00:00
[2022-08-02 23:40:45,916] {processor.py:161} INFO - Processing /home/airflow/.local/lib/python3.7/site-packages/airflow/example_dags/example_branch_day_of_week_operator.py took 0.149 seconds
[2022-08-02 23:41:55,056] {processor.py:153} INFO - Started process (PID=2077) to work on /home/airflow/.local/lib/python3.7/site-packages/airflow/example_dags/example_branch_day_of_week_operator.py
[2022-08-02 23:41:55,068] {processor.py:641} INFO - Processing file /home/airflow/.local/lib/python3.7/site-packages/airflow/example_dags/example_branch_day_of_week_operator.py for tasks to queue
[2022-08-02 23:41:55,073] {logging_mixin.py:115} INFO - [2022-08-02 23:41:55,073] {dagbag.py:508} INFO - Filling up the DagBag from /home/airflow/.local/lib/python3.7/site-packages/airflow/example_dags/example_branch_day_of_week_operator.py
[2022-08-02 23:41:55,097] {processor.py:651} INFO - DAG(s) dict_keys(['example_weekday_branch_operator']) retrieved from /home/airflow/.local/lib/python3.7/site-packages/airflow/example_dags/example_branch_day_of_week_operator.py
[2022-08-02 23:41:55,156] {logging_mixin.py:115} INFO - [2022-08-02 23:41:55,155] {dag.py:2420} INFO - Sync 1 DAGs
[2022-08-02 23:41:55,242] {logging_mixin.py:115} INFO - [2022-08-02 23:41:55,242] {dag.py:2972} INFO - Setting next_dagrun for example_weekday_branch_operator to 2022-08-01T00:00:00+00:00, run_after=2022-08-02T00:00:00+00:00
[2022-08-02 23:41:55,273] {processor.py:161} INFO - Processing /home/airflow/.local/lib/python3.7/site-packages/airflow/example_dags/example_branch_day_of_week_operator.py took 0.227 seconds
[2022-08-02 23:55:23,419] {processor.py:153} INFO - Started process (PID=2127) to work on /home/airflow/.local/lib/python3.7/site-packages/airflow/example_dags/example_branch_day_of_week_operator.py
[2022-08-02 23:55:23,423] {processor.py:641} INFO - Processing file /home/airflow/.local/lib/python3.7/site-packages/airflow/example_dags/example_branch_day_of_week_operator.py for tasks to queue
[2022-08-02 23:55:23,427] {logging_mixin.py:115} INFO - [2022-08-02 23:55:23,427] {dagbag.py:508} INFO - Filling up the DagBag from /home/airflow/.local/lib/python3.7/site-packages/airflow/example_dags/example_branch_day_of_week_operator.py
[2022-08-02 23:55:23,451] {processor.py:651} INFO - DAG(s) dict_keys(['example_weekday_branch_operator']) retrieved from /home/airflow/.local/lib/python3.7/site-packages/airflow/example_dags/example_branch_day_of_week_operator.py
[2022-08-02 23:55:23,557] {logging_mixin.py:115} INFO - [2022-08-02 23:55:23,556] {dag.py:2420} INFO - Sync 1 DAGs
[2022-08-02 23:55:23,637] {logging_mixin.py:115} INFO - [2022-08-02 23:55:23,636] {dag.py:2972} INFO - Setting next_dagrun for example_weekday_branch_operator to 2022-08-01T00:00:00+00:00, run_after=2022-08-02T00:00:00+00:00
[2022-08-02 23:55:23,678] {processor.py:161} INFO - Processing /home/airflow/.local/lib/python3.7/site-packages/airflow/example_dags/example_branch_day_of_week_operator.py took 0.329 seconds
[2022-08-02 23:55:54,828] {processor.py:153} INFO - Started process (PID=2187) to work on /home/airflow/.local/lib/python3.7/site-packages/airflow/example_dags/example_branch_day_of_week_operator.py
[2022-08-02 23:55:54,850] {processor.py:641} INFO - Processing file /home/airflow/.local/lib/python3.7/site-packages/airflow/example_dags/example_branch_day_of_week_operator.py for tasks to queue
[2022-08-02 23:55:54,922] {logging_mixin.py:115} INFO - [2022-08-02 23:55:54,921] {dagbag.py:508} INFO - Filling up the DagBag from /home/airflow/.local/lib/python3.7/site-packages/airflow/example_dags/example_branch_day_of_week_operator.py
[2022-08-02 23:55:55,011] {processor.py:651} INFO - DAG(s) dict_keys(['example_weekday_branch_operator']) retrieved from /home/airflow/.local/lib/python3.7/site-packages/airflow/example_dags/example_branch_day_of_week_operator.py
[2022-08-02 23:55:55,252] {logging_mixin.py:115} INFO - [2022-08-02 23:55:55,252] {dag.py:2420} INFO - Sync 1 DAGs
[2022-08-02 23:55:55,462] {logging_mixin.py:115} INFO - [2022-08-02 23:55:55,462] {dag.py:2972} INFO - Setting next_dagrun for example_weekday_branch_operator to 2022-08-01T00:00:00+00:00, run_after=2022-08-02T00:00:00+00:00
[2022-08-02 23:55:57,115] {processor.py:161} INFO - Processing /home/airflow/.local/lib/python3.7/site-packages/airflow/example_dags/example_branch_day_of_week_operator.py took 2.304 seconds
