[2022-08-02 23:21:51,158] {processor.py:153} INFO - Started process (PID=57) to work on /home/airflow/.local/lib/python3.7/site-packages/airflow/example_dags/example_branch_python_dop_operator_3.py
[2022-08-02 23:21:51,165] {processor.py:641} INFO - Processing file /home/airflow/.local/lib/python3.7/site-packages/airflow/example_dags/example_branch_python_dop_operator_3.py for tasks to queue
[2022-08-02 23:21:51,170] {logging_mixin.py:115} INFO - [2022-08-02 23:21:51,170] {dagbag.py:508} INFO - Filling up the DagBag from /home/airflow/.local/lib/python3.7/site-packages/airflow/example_dags/example_branch_python_dop_operator_3.py
[2022-08-02 23:21:51,218] {processor.py:651} INFO - DAG(s) dict_keys(['example_branch_dop_operator_v3']) retrieved from /home/airflow/.local/lib/python3.7/site-packages/airflow/example_dags/example_branch_python_dop_operator_3.py
[2022-08-02 23:21:51,454] {logging_mixin.py:115} INFO - [2022-08-02 23:21:51,454] {manager.py:508} INFO - Created Permission View: can read on DAG:example_branch_dop_operator_v3
[2022-08-02 23:21:51,501] {logging_mixin.py:115} INFO - [2022-08-02 23:21:51,500] {manager.py:508} INFO - Created Permission View: can edit on DAG:example_branch_dop_operator_v3
[2022-08-02 23:21:51,520] {logging_mixin.py:115} INFO - [2022-08-02 23:21:51,520] {manager.py:508} INFO - Created Permission View: can delete on DAG:example_branch_dop_operator_v3
[2022-08-02 23:21:51,531] {logging_mixin.py:115} INFO - [2022-08-02 23:21:51,531] {dag.py:2420} INFO - Sync 1 DAGs
[2022-08-02 23:21:51,568] {logging_mixin.py:115} INFO - [2022-08-02 23:21:51,568] {dag.py:2439} INFO - Creating ORM DAG for example_branch_dop_operator_v3
[2022-08-02 23:21:51,619] {logging_mixin.py:115} INFO - [2022-08-02 23:21:51,619] {dag.py:2972} INFO - Setting next_dagrun for example_branch_dop_operator_v3 to 2022-08-02T23:20:00+00:00, run_after=2022-08-02T23:21:00+00:00
[2022-08-02 23:21:51,661] {processor.py:161} INFO - Processing /home/airflow/.local/lib/python3.7/site-packages/airflow/example_dags/example_branch_python_dop_operator_3.py took 0.521 seconds
[2022-08-02 23:22:22,616] {processor.py:153} INFO - Started process (PID=109) to work on /home/airflow/.local/lib/python3.7/site-packages/airflow/example_dags/example_branch_python_dop_operator_3.py
[2022-08-02 23:22:22,630] {processor.py:641} INFO - Processing file /home/airflow/.local/lib/python3.7/site-packages/airflow/example_dags/example_branch_python_dop_operator_3.py for tasks to queue
[2022-08-02 23:22:22,641] {logging_mixin.py:115} INFO - [2022-08-02 23:22:22,641] {dagbag.py:508} INFO - Filling up the DagBag from /home/airflow/.local/lib/python3.7/site-packages/airflow/example_dags/example_branch_python_dop_operator_3.py
[2022-08-02 23:22:22,704] {processor.py:651} INFO - DAG(s) dict_keys(['example_branch_dop_operator_v3']) retrieved from /home/airflow/.local/lib/python3.7/site-packages/airflow/example_dags/example_branch_python_dop_operator_3.py
[2022-08-02 23:22:22,940] {logging_mixin.py:115} INFO - [2022-08-02 23:22:22,940] {dag.py:2420} INFO - Sync 1 DAGs
[2022-08-02 23:22:24,298] {logging_mixin.py:115} INFO - [2022-08-02 23:22:24,298] {dag.py:2972} INFO - Setting next_dagrun for example_branch_dop_operator_v3 to 2022-08-02T23:21:00+00:00, run_after=2022-08-02T23:22:00+00:00
[2022-08-02 23:22:24,397] {processor.py:161} INFO - Processing /home/airflow/.local/lib/python3.7/site-packages/airflow/example_dags/example_branch_python_dop_operator_3.py took 1.789 seconds
[2022-08-02 23:22:55,268] {processor.py:153} INFO - Started process (PID=160) to work on /home/airflow/.local/lib/python3.7/site-packages/airflow/example_dags/example_branch_python_dop_operator_3.py
[2022-08-02 23:22:55,345] {processor.py:641} INFO - Processing file /home/airflow/.local/lib/python3.7/site-packages/airflow/example_dags/example_branch_python_dop_operator_3.py for tasks to queue
[2022-08-02 23:22:55,376] {logging_mixin.py:115} INFO - [2022-08-02 23:22:55,376] {dagbag.py:508} INFO - Filling up the DagBag from /home/airflow/.local/lib/python3.7/site-packages/airflow/example_dags/example_branch_python_dop_operator_3.py
[2022-08-02 23:22:55,586] {processor.py:651} INFO - DAG(s) dict_keys(['example_branch_dop_operator_v3']) retrieved from /home/airflow/.local/lib/python3.7/site-packages/airflow/example_dags/example_branch_python_dop_operator_3.py
[2022-08-02 23:22:56,083] {logging_mixin.py:115} INFO - [2022-08-02 23:22:56,083] {dag.py:2420} INFO - Sync 1 DAGs
[2022-08-02 23:22:56,282] {logging_mixin.py:115} INFO - [2022-08-02 23:22:56,282] {dag.py:2972} INFO - Setting next_dagrun for example_branch_dop_operator_v3 to 2022-08-02T23:21:00+00:00, run_after=2022-08-02T23:22:00+00:00
[2022-08-02 23:22:56,504] {processor.py:161} INFO - Processing /home/airflow/.local/lib/python3.7/site-packages/airflow/example_dags/example_branch_python_dop_operator_3.py took 1.423 seconds
[2022-08-02 23:23:27,570] {processor.py:153} INFO - Started process (PID=213) to work on /home/airflow/.local/lib/python3.7/site-packages/airflow/example_dags/example_branch_python_dop_operator_3.py
[2022-08-02 23:23:27,605] {processor.py:641} INFO - Processing file /home/airflow/.local/lib/python3.7/site-packages/airflow/example_dags/example_branch_python_dop_operator_3.py for tasks to queue
[2022-08-02 23:23:27,626] {logging_mixin.py:115} INFO - [2022-08-02 23:23:27,625] {dagbag.py:508} INFO - Filling up the DagBag from /home/airflow/.local/lib/python3.7/site-packages/airflow/example_dags/example_branch_python_dop_operator_3.py
[2022-08-02 23:23:27,698] {processor.py:651} INFO - DAG(s) dict_keys(['example_branch_dop_operator_v3']) retrieved from /home/airflow/.local/lib/python3.7/site-packages/airflow/example_dags/example_branch_python_dop_operator_3.py
[2022-08-02 23:23:27,865] {logging_mixin.py:115} INFO - [2022-08-02 23:23:27,865] {dag.py:2420} INFO - Sync 1 DAGs
[2022-08-02 23:23:27,974] {logging_mixin.py:115} INFO - [2022-08-02 23:23:27,974] {dag.py:2972} INFO - Setting next_dagrun for example_branch_dop_operator_v3 to 2022-08-02T23:22:00+00:00, run_after=2022-08-02T23:23:00+00:00
[2022-08-02 23:23:28,089] {processor.py:161} INFO - Processing /home/airflow/.local/lib/python3.7/site-packages/airflow/example_dags/example_branch_python_dop_operator_3.py took 0.554 seconds
[2022-08-02 23:23:58,353] {processor.py:153} INFO - Started process (PID=275) to work on /home/airflow/.local/lib/python3.7/site-packages/airflow/example_dags/example_branch_python_dop_operator_3.py
[2022-08-02 23:23:58,358] {processor.py:641} INFO - Processing file /home/airflow/.local/lib/python3.7/site-packages/airflow/example_dags/example_branch_python_dop_operator_3.py for tasks to queue
[2022-08-02 23:23:58,360] {logging_mixin.py:115} INFO - [2022-08-02 23:23:58,360] {dagbag.py:508} INFO - Filling up the DagBag from /home/airflow/.local/lib/python3.7/site-packages/airflow/example_dags/example_branch_python_dop_operator_3.py
[2022-08-02 23:23:58,381] {processor.py:651} INFO - DAG(s) dict_keys(['example_branch_dop_operator_v3']) retrieved from /home/airflow/.local/lib/python3.7/site-packages/airflow/example_dags/example_branch_python_dop_operator_3.py
[2022-08-02 23:23:58,453] {logging_mixin.py:115} INFO - [2022-08-02 23:23:58,453] {dag.py:2420} INFO - Sync 1 DAGs
[2022-08-02 23:23:58,509] {logging_mixin.py:115} INFO - [2022-08-02 23:23:58,509] {dag.py:2972} INFO - Setting next_dagrun for example_branch_dop_operator_v3 to 2022-08-02T23:22:00+00:00, run_after=2022-08-02T23:23:00+00:00
[2022-08-02 23:23:58,539] {processor.py:161} INFO - Processing /home/airflow/.local/lib/python3.7/site-packages/airflow/example_dags/example_branch_python_dop_operator_3.py took 0.190 seconds
[2022-08-02 23:24:29,183] {processor.py:153} INFO - Started process (PID=326) to work on /home/airflow/.local/lib/python3.7/site-packages/airflow/example_dags/example_branch_python_dop_operator_3.py
[2022-08-02 23:24:29,185] {processor.py:641} INFO - Processing file /home/airflow/.local/lib/python3.7/site-packages/airflow/example_dags/example_branch_python_dop_operator_3.py for tasks to queue
[2022-08-02 23:24:29,188] {logging_mixin.py:115} INFO - [2022-08-02 23:24:29,187] {dagbag.py:508} INFO - Filling up the DagBag from /home/airflow/.local/lib/python3.7/site-packages/airflow/example_dags/example_branch_python_dop_operator_3.py
[2022-08-02 23:24:29,202] {processor.py:651} INFO - DAG(s) dict_keys(['example_branch_dop_operator_v3']) retrieved from /home/airflow/.local/lib/python3.7/site-packages/airflow/example_dags/example_branch_python_dop_operator_3.py
[2022-08-02 23:24:29,250] {logging_mixin.py:115} INFO - [2022-08-02 23:24:29,250] {dag.py:2420} INFO - Sync 1 DAGs
[2022-08-02 23:24:29,290] {logging_mixin.py:115} INFO - [2022-08-02 23:24:29,290] {dag.py:2972} INFO - Setting next_dagrun for example_branch_dop_operator_v3 to 2022-08-02T23:23:00+00:00, run_after=2022-08-02T23:24:00+00:00
[2022-08-02 23:24:29,320] {processor.py:161} INFO - Processing /home/airflow/.local/lib/python3.7/site-packages/airflow/example_dags/example_branch_python_dop_operator_3.py took 0.141 seconds
[2022-08-02 23:25:00,601] {processor.py:153} INFO - Started process (PID=377) to work on /home/airflow/.local/lib/python3.7/site-packages/airflow/example_dags/example_branch_python_dop_operator_3.py
[2022-08-02 23:25:00,628] {processor.py:641} INFO - Processing file /home/airflow/.local/lib/python3.7/site-packages/airflow/example_dags/example_branch_python_dop_operator_3.py for tasks to queue
[2022-08-02 23:25:00,652] {logging_mixin.py:115} INFO - [2022-08-02 23:25:00,652] {dagbag.py:508} INFO - Filling up the DagBag from /home/airflow/.local/lib/python3.7/site-packages/airflow/example_dags/example_branch_python_dop_operator_3.py
[2022-08-02 23:25:00,815] {processor.py:651} INFO - DAG(s) dict_keys(['example_branch_dop_operator_v3']) retrieved from /home/airflow/.local/lib/python3.7/site-packages/airflow/example_dags/example_branch_python_dop_operator_3.py
[2022-08-02 23:25:01,111] {logging_mixin.py:115} INFO - [2022-08-02 23:25:01,110] {dag.py:2420} INFO - Sync 1 DAGs
[2022-08-02 23:25:01,251] {logging_mixin.py:115} INFO - [2022-08-02 23:25:01,251] {dag.py:2972} INFO - Setting next_dagrun for example_branch_dop_operator_v3 to 2022-08-02T23:24:00+00:00, run_after=2022-08-02T23:25:00+00:00
[2022-08-02 23:25:01,482] {processor.py:161} INFO - Processing /home/airflow/.local/lib/python3.7/site-packages/airflow/example_dags/example_branch_python_dop_operator_3.py took 0.890 seconds
[2022-08-02 23:25:32,425] {processor.py:153} INFO - Started process (PID=429) to work on /home/airflow/.local/lib/python3.7/site-packages/airflow/example_dags/example_branch_python_dop_operator_3.py
[2022-08-02 23:25:32,432] {processor.py:641} INFO - Processing file /home/airflow/.local/lib/python3.7/site-packages/airflow/example_dags/example_branch_python_dop_operator_3.py for tasks to queue
[2022-08-02 23:25:32,437] {logging_mixin.py:115} INFO - [2022-08-02 23:25:32,437] {dagbag.py:508} INFO - Filling up the DagBag from /home/airflow/.local/lib/python3.7/site-packages/airflow/example_dags/example_branch_python_dop_operator_3.py
[2022-08-02 23:25:32,488] {processor.py:651} INFO - DAG(s) dict_keys(['example_branch_dop_operator_v3']) retrieved from /home/airflow/.local/lib/python3.7/site-packages/airflow/example_dags/example_branch_python_dop_operator_3.py
[2022-08-02 23:25:32,633] {logging_mixin.py:115} INFO - [2022-08-02 23:25:32,633] {dag.py:2420} INFO - Sync 1 DAGs
[2022-08-02 23:25:32,712] {logging_mixin.py:115} INFO - [2022-08-02 23:25:32,712] {dag.py:2972} INFO - Setting next_dagrun for example_branch_dop_operator_v3 to 2022-08-02T23:24:00+00:00, run_after=2022-08-02T23:25:00+00:00
[2022-08-02 23:25:32,749] {processor.py:161} INFO - Processing /home/airflow/.local/lib/python3.7/site-packages/airflow/example_dags/example_branch_python_dop_operator_3.py took 0.334 seconds
[2022-08-02 23:26:07,287] {processor.py:153} INFO - Started process (PID=481) to work on /home/airflow/.local/lib/python3.7/site-packages/airflow/example_dags/example_branch_python_dop_operator_3.py
[2022-08-02 23:26:07,523] {processor.py:641} INFO - Processing file /home/airflow/.local/lib/python3.7/site-packages/airflow/example_dags/example_branch_python_dop_operator_3.py for tasks to queue
[2022-08-02 23:26:07,553] {logging_mixin.py:115} INFO - [2022-08-02 23:26:07,552] {dagbag.py:508} INFO - Filling up the DagBag from /home/airflow/.local/lib/python3.7/site-packages/airflow/example_dags/example_branch_python_dop_operator_3.py
[2022-08-02 23:26:07,976] {processor.py:651} INFO - DAG(s) dict_keys(['example_branch_dop_operator_v3']) retrieved from /home/airflow/.local/lib/python3.7/site-packages/airflow/example_dags/example_branch_python_dop_operator_3.py
[2022-08-02 23:26:08,135] {logging_mixin.py:115} INFO - [2022-08-02 23:26:08,134] {dag.py:2420} INFO - Sync 1 DAGs
[2022-08-02 23:26:08,201] {logging_mixin.py:115} INFO - [2022-08-02 23:26:08,201] {dag.py:2972} INFO - Setting next_dagrun for example_branch_dop_operator_v3 to 2022-08-02T23:25:00+00:00, run_after=2022-08-02T23:26:00+00:00
[2022-08-02 23:26:08,239] {processor.py:161} INFO - Processing /home/airflow/.local/lib/python3.7/site-packages/airflow/example_dags/example_branch_python_dop_operator_3.py took 1.768 seconds
[2022-08-02 23:26:39,552] {processor.py:153} INFO - Started process (PID=543) to work on /home/airflow/.local/lib/python3.7/site-packages/airflow/example_dags/example_branch_python_dop_operator_3.py
[2022-08-02 23:26:39,560] {processor.py:641} INFO - Processing file /home/airflow/.local/lib/python3.7/site-packages/airflow/example_dags/example_branch_python_dop_operator_3.py for tasks to queue
[2022-08-02 23:26:39,563] {logging_mixin.py:115} INFO - [2022-08-02 23:26:39,563] {dagbag.py:508} INFO - Filling up the DagBag from /home/airflow/.local/lib/python3.7/site-packages/airflow/example_dags/example_branch_python_dop_operator_3.py
[2022-08-02 23:26:39,591] {processor.py:651} INFO - DAG(s) dict_keys(['example_branch_dop_operator_v3']) retrieved from /home/airflow/.local/lib/python3.7/site-packages/airflow/example_dags/example_branch_python_dop_operator_3.py
[2022-08-02 23:26:39,661] {logging_mixin.py:115} INFO - [2022-08-02 23:26:39,661] {dag.py:2420} INFO - Sync 1 DAGs
[2022-08-02 23:26:39,705] {logging_mixin.py:115} INFO - [2022-08-02 23:26:39,705] {dag.py:2972} INFO - Setting next_dagrun for example_branch_dop_operator_v3 to 2022-08-02T23:25:00+00:00, run_after=2022-08-02T23:26:00+00:00
[2022-08-02 23:26:39,732] {processor.py:161} INFO - Processing /home/airflow/.local/lib/python3.7/site-packages/airflow/example_dags/example_branch_python_dop_operator_3.py took 0.186 seconds
[2022-08-02 23:27:10,987] {processor.py:153} INFO - Started process (PID=593) to work on /home/airflow/.local/lib/python3.7/site-packages/airflow/example_dags/example_branch_python_dop_operator_3.py
[2022-08-02 23:27:11,012] {processor.py:641} INFO - Processing file /home/airflow/.local/lib/python3.7/site-packages/airflow/example_dags/example_branch_python_dop_operator_3.py for tasks to queue
[2022-08-02 23:27:11,027] {logging_mixin.py:115} INFO - [2022-08-02 23:27:11,026] {dagbag.py:508} INFO - Filling up the DagBag from /home/airflow/.local/lib/python3.7/site-packages/airflow/example_dags/example_branch_python_dop_operator_3.py
[2022-08-02 23:27:11,242] {processor.py:651} INFO - DAG(s) dict_keys(['example_branch_dop_operator_v3']) retrieved from /home/airflow/.local/lib/python3.7/site-packages/airflow/example_dags/example_branch_python_dop_operator_3.py
[2022-08-02 23:27:11,587] {logging_mixin.py:115} INFO - [2022-08-02 23:27:11,586] {dag.py:2420} INFO - Sync 1 DAGs
[2022-08-02 23:27:11,719] {logging_mixin.py:115} INFO - [2022-08-02 23:27:11,717] {dag.py:2972} INFO - Setting next_dagrun for example_branch_dop_operator_v3 to 2022-08-02T23:26:00+00:00, run_after=2022-08-02T23:27:00+00:00
[2022-08-02 23:27:11,763] {processor.py:161} INFO - Processing /home/airflow/.local/lib/python3.7/site-packages/airflow/example_dags/example_branch_python_dop_operator_3.py took 0.813 seconds
[2022-08-02 23:27:42,040] {processor.py:153} INFO - Started process (PID=645) to work on /home/airflow/.local/lib/python3.7/site-packages/airflow/example_dags/example_branch_python_dop_operator_3.py
[2022-08-02 23:27:42,043] {processor.py:641} INFO - Processing file /home/airflow/.local/lib/python3.7/site-packages/airflow/example_dags/example_branch_python_dop_operator_3.py for tasks to queue
[2022-08-02 23:27:42,049] {logging_mixin.py:115} INFO - [2022-08-02 23:27:42,049] {dagbag.py:508} INFO - Filling up the DagBag from /home/airflow/.local/lib/python3.7/site-packages/airflow/example_dags/example_branch_python_dop_operator_3.py
[2022-08-02 23:27:42,083] {processor.py:651} INFO - DAG(s) dict_keys(['example_branch_dop_operator_v3']) retrieved from /home/airflow/.local/lib/python3.7/site-packages/airflow/example_dags/example_branch_python_dop_operator_3.py
[2022-08-02 23:27:42,158] {logging_mixin.py:115} INFO - [2022-08-02 23:27:42,158] {dag.py:2420} INFO - Sync 1 DAGs
[2022-08-02 23:27:42,184] {logging_mixin.py:115} INFO - [2022-08-02 23:27:42,184] {dag.py:2972} INFO - Setting next_dagrun for example_branch_dop_operator_v3 to 2022-08-02T23:26:00+00:00, run_after=2022-08-02T23:27:00+00:00
[2022-08-02 23:27:42,205] {processor.py:161} INFO - Processing /home/airflow/.local/lib/python3.7/site-packages/airflow/example_dags/example_branch_python_dop_operator_3.py took 0.185 seconds
[2022-08-02 23:28:12,829] {processor.py:153} INFO - Started process (PID=696) to work on /home/airflow/.local/lib/python3.7/site-packages/airflow/example_dags/example_branch_python_dop_operator_3.py
[2022-08-02 23:28:12,834] {processor.py:641} INFO - Processing file /home/airflow/.local/lib/python3.7/site-packages/airflow/example_dags/example_branch_python_dop_operator_3.py for tasks to queue
[2022-08-02 23:28:12,843] {logging_mixin.py:115} INFO - [2022-08-02 23:28:12,843] {dagbag.py:508} INFO - Filling up the DagBag from /home/airflow/.local/lib/python3.7/site-packages/airflow/example_dags/example_branch_python_dop_operator_3.py
[2022-08-02 23:28:12,944] {processor.py:651} INFO - DAG(s) dict_keys(['example_branch_dop_operator_v3']) retrieved from /home/airflow/.local/lib/python3.7/site-packages/airflow/example_dags/example_branch_python_dop_operator_3.py
[2022-08-02 23:28:13,074] {logging_mixin.py:115} INFO - [2022-08-02 23:28:13,074] {dag.py:2420} INFO - Sync 1 DAGs
[2022-08-02 23:28:13,140] {logging_mixin.py:115} INFO - [2022-08-02 23:28:13,140] {dag.py:2972} INFO - Setting next_dagrun for example_branch_dop_operator_v3 to 2022-08-02T23:27:00+00:00, run_after=2022-08-02T23:28:00+00:00
[2022-08-02 23:28:13,180] {processor.py:161} INFO - Processing /home/airflow/.local/lib/python3.7/site-packages/airflow/example_dags/example_branch_python_dop_operator_3.py took 0.364 seconds
[2022-08-02 23:28:43,336] {processor.py:153} INFO - Started process (PID=749) to work on /home/airflow/.local/lib/python3.7/site-packages/airflow/example_dags/example_branch_python_dop_operator_3.py
[2022-08-02 23:28:43,339] {processor.py:641} INFO - Processing file /home/airflow/.local/lib/python3.7/site-packages/airflow/example_dags/example_branch_python_dop_operator_3.py for tasks to queue
[2022-08-02 23:28:43,341] {logging_mixin.py:115} INFO - [2022-08-02 23:28:43,341] {dagbag.py:508} INFO - Filling up the DagBag from /home/airflow/.local/lib/python3.7/site-packages/airflow/example_dags/example_branch_python_dop_operator_3.py
[2022-08-02 23:28:43,352] {processor.py:651} INFO - DAG(s) dict_keys(['example_branch_dop_operator_v3']) retrieved from /home/airflow/.local/lib/python3.7/site-packages/airflow/example_dags/example_branch_python_dop_operator_3.py
[2022-08-02 23:28:43,379] {logging_mixin.py:115} INFO - [2022-08-02 23:28:43,379] {dag.py:2420} INFO - Sync 1 DAGs
[2022-08-02 23:28:43,452] {logging_mixin.py:115} INFO - [2022-08-02 23:28:43,452] {dag.py:2972} INFO - Setting next_dagrun for example_branch_dop_operator_v3 to 2022-08-02T23:27:00+00:00, run_after=2022-08-02T23:28:00+00:00
[2022-08-02 23:28:43,498] {processor.py:161} INFO - Processing /home/airflow/.local/lib/python3.7/site-packages/airflow/example_dags/example_branch_python_dop_operator_3.py took 0.166 seconds
[2022-08-02 23:29:13,835] {processor.py:153} INFO - Started process (PID=800) to work on /home/airflow/.local/lib/python3.7/site-packages/airflow/example_dags/example_branch_python_dop_operator_3.py
[2022-08-02 23:29:13,838] {processor.py:641} INFO - Processing file /home/airflow/.local/lib/python3.7/site-packages/airflow/example_dags/example_branch_python_dop_operator_3.py for tasks to queue
[2022-08-02 23:29:13,843] {logging_mixin.py:115} INFO - [2022-08-02 23:29:13,842] {dagbag.py:508} INFO - Filling up the DagBag from /home/airflow/.local/lib/python3.7/site-packages/airflow/example_dags/example_branch_python_dop_operator_3.py
[2022-08-02 23:29:13,858] {processor.py:651} INFO - DAG(s) dict_keys(['example_branch_dop_operator_v3']) retrieved from /home/airflow/.local/lib/python3.7/site-packages/airflow/example_dags/example_branch_python_dop_operator_3.py
[2022-08-02 23:29:13,923] {logging_mixin.py:115} INFO - [2022-08-02 23:29:13,923] {dag.py:2420} INFO - Sync 1 DAGs
[2022-08-02 23:29:13,953] {logging_mixin.py:115} INFO - [2022-08-02 23:29:13,953] {dag.py:2972} INFO - Setting next_dagrun for example_branch_dop_operator_v3 to 2022-08-02T23:28:00+00:00, run_after=2022-08-02T23:29:00+00:00
[2022-08-02 23:29:13,976] {processor.py:161} INFO - Processing /home/airflow/.local/lib/python3.7/site-packages/airflow/example_dags/example_branch_python_dop_operator_3.py took 0.152 seconds
[2022-08-02 23:29:44,643] {processor.py:153} INFO - Started process (PID=852) to work on /home/airflow/.local/lib/python3.7/site-packages/airflow/example_dags/example_branch_python_dop_operator_3.py
[2022-08-02 23:29:44,646] {processor.py:641} INFO - Processing file /home/airflow/.local/lib/python3.7/site-packages/airflow/example_dags/example_branch_python_dop_operator_3.py for tasks to queue
[2022-08-02 23:29:44,648] {logging_mixin.py:115} INFO - [2022-08-02 23:29:44,648] {dagbag.py:508} INFO - Filling up the DagBag from /home/airflow/.local/lib/python3.7/site-packages/airflow/example_dags/example_branch_python_dop_operator_3.py
[2022-08-02 23:29:44,663] {processor.py:651} INFO - DAG(s) dict_keys(['example_branch_dop_operator_v3']) retrieved from /home/airflow/.local/lib/python3.7/site-packages/airflow/example_dags/example_branch_python_dop_operator_3.py
[2022-08-02 23:29:44,704] {logging_mixin.py:115} INFO - [2022-08-02 23:29:44,703] {dag.py:2420} INFO - Sync 1 DAGs
[2022-08-02 23:29:44,740] {logging_mixin.py:115} INFO - [2022-08-02 23:29:44,740] {dag.py:2972} INFO - Setting next_dagrun for example_branch_dop_operator_v3 to 2022-08-02T23:28:00+00:00, run_after=2022-08-02T23:29:00+00:00
[2022-08-02 23:29:44,757] {processor.py:161} INFO - Processing /home/airflow/.local/lib/python3.7/site-packages/airflow/example_dags/example_branch_python_dop_operator_3.py took 0.118 seconds
[2022-08-02 23:30:15,511] {processor.py:153} INFO - Started process (PID=904) to work on /home/airflow/.local/lib/python3.7/site-packages/airflow/example_dags/example_branch_python_dop_operator_3.py
[2022-08-02 23:30:15,514] {processor.py:641} INFO - Processing file /home/airflow/.local/lib/python3.7/site-packages/airflow/example_dags/example_branch_python_dop_operator_3.py for tasks to queue
[2022-08-02 23:30:15,517] {logging_mixin.py:115} INFO - [2022-08-02 23:30:15,517] {dagbag.py:508} INFO - Filling up the DagBag from /home/airflow/.local/lib/python3.7/site-packages/airflow/example_dags/example_branch_python_dop_operator_3.py
[2022-08-02 23:30:15,543] {processor.py:651} INFO - DAG(s) dict_keys(['example_branch_dop_operator_v3']) retrieved from /home/airflow/.local/lib/python3.7/site-packages/airflow/example_dags/example_branch_python_dop_operator_3.py
[2022-08-02 23:30:15,605] {logging_mixin.py:115} INFO - [2022-08-02 23:30:15,604] {dag.py:2420} INFO - Sync 1 DAGs
[2022-08-02 23:30:15,645] {logging_mixin.py:115} INFO - [2022-08-02 23:30:15,645] {dag.py:2972} INFO - Setting next_dagrun for example_branch_dop_operator_v3 to 2022-08-02T23:29:00+00:00, run_after=2022-08-02T23:30:00+00:00
[2022-08-02 23:30:15,659] {processor.py:161} INFO - Processing /home/airflow/.local/lib/python3.7/site-packages/airflow/example_dags/example_branch_python_dop_operator_3.py took 0.157 seconds
[2022-08-02 23:30:46,446] {processor.py:153} INFO - Started process (PID=958) to work on /home/airflow/.local/lib/python3.7/site-packages/airflow/example_dags/example_branch_python_dop_operator_3.py
[2022-08-02 23:30:46,450] {processor.py:641} INFO - Processing file /home/airflow/.local/lib/python3.7/site-packages/airflow/example_dags/example_branch_python_dop_operator_3.py for tasks to queue
[2022-08-02 23:30:46,453] {logging_mixin.py:115} INFO - [2022-08-02 23:30:46,453] {dagbag.py:508} INFO - Filling up the DagBag from /home/airflow/.local/lib/python3.7/site-packages/airflow/example_dags/example_branch_python_dop_operator_3.py
[2022-08-02 23:30:46,472] {processor.py:651} INFO - DAG(s) dict_keys(['example_branch_dop_operator_v3']) retrieved from /home/airflow/.local/lib/python3.7/site-packages/airflow/example_dags/example_branch_python_dop_operator_3.py
[2022-08-02 23:30:46,511] {logging_mixin.py:115} INFO - [2022-08-02 23:30:46,511] {dag.py:2420} INFO - Sync 1 DAGs
[2022-08-02 23:30:46,544] {logging_mixin.py:115} INFO - [2022-08-02 23:30:46,544] {dag.py:2972} INFO - Setting next_dagrun for example_branch_dop_operator_v3 to 2022-08-02T23:29:00+00:00, run_after=2022-08-02T23:30:00+00:00
[2022-08-02 23:30:46,559] {processor.py:161} INFO - Processing /home/airflow/.local/lib/python3.7/site-packages/airflow/example_dags/example_branch_python_dop_operator_3.py took 0.123 seconds
[2022-08-02 23:31:17,368] {processor.py:153} INFO - Started process (PID=1019) to work on /home/airflow/.local/lib/python3.7/site-packages/airflow/example_dags/example_branch_python_dop_operator_3.py
[2022-08-02 23:31:17,388] {processor.py:641} INFO - Processing file /home/airflow/.local/lib/python3.7/site-packages/airflow/example_dags/example_branch_python_dop_operator_3.py for tasks to queue
[2022-08-02 23:31:17,424] {logging_mixin.py:115} INFO - [2022-08-02 23:31:17,422] {dagbag.py:508} INFO - Filling up the DagBag from /home/airflow/.local/lib/python3.7/site-packages/airflow/example_dags/example_branch_python_dop_operator_3.py
[2022-08-02 23:31:17,511] {processor.py:651} INFO - DAG(s) dict_keys(['example_branch_dop_operator_v3']) retrieved from /home/airflow/.local/lib/python3.7/site-packages/airflow/example_dags/example_branch_python_dop_operator_3.py
[2022-08-02 23:31:17,705] {logging_mixin.py:115} INFO - [2022-08-02 23:31:17,704] {dag.py:2420} INFO - Sync 1 DAGs
[2022-08-02 23:31:17,832] {logging_mixin.py:115} INFO - [2022-08-02 23:31:17,832] {dag.py:2972} INFO - Setting next_dagrun for example_branch_dop_operator_v3 to 2022-08-02T23:30:00+00:00, run_after=2022-08-02T23:31:00+00:00
[2022-08-02 23:31:17,920] {processor.py:161} INFO - Processing /home/airflow/.local/lib/python3.7/site-packages/airflow/example_dags/example_branch_python_dop_operator_3.py took 0.588 seconds
[2022-08-02 23:31:48,138] {processor.py:153} INFO - Started process (PID=1071) to work on /home/airflow/.local/lib/python3.7/site-packages/airflow/example_dags/example_branch_python_dop_operator_3.py
[2022-08-02 23:31:48,142] {processor.py:641} INFO - Processing file /home/airflow/.local/lib/python3.7/site-packages/airflow/example_dags/example_branch_python_dop_operator_3.py for tasks to queue
[2022-08-02 23:31:48,144] {logging_mixin.py:115} INFO - [2022-08-02 23:31:48,144] {dagbag.py:508} INFO - Filling up the DagBag from /home/airflow/.local/lib/python3.7/site-packages/airflow/example_dags/example_branch_python_dop_operator_3.py
[2022-08-02 23:31:48,158] {processor.py:651} INFO - DAG(s) dict_keys(['example_branch_dop_operator_v3']) retrieved from /home/airflow/.local/lib/python3.7/site-packages/airflow/example_dags/example_branch_python_dop_operator_3.py
[2022-08-02 23:31:48,190] {logging_mixin.py:115} INFO - [2022-08-02 23:31:48,190] {dag.py:2420} INFO - Sync 1 DAGs
[2022-08-02 23:31:48,230] {logging_mixin.py:115} INFO - [2022-08-02 23:31:48,230] {dag.py:2972} INFO - Setting next_dagrun for example_branch_dop_operator_v3 to 2022-08-02T23:30:00+00:00, run_after=2022-08-02T23:31:00+00:00
[2022-08-02 23:31:48,246] {processor.py:161} INFO - Processing /home/airflow/.local/lib/python3.7/site-packages/airflow/example_dags/example_branch_python_dop_operator_3.py took 0.113 seconds
[2022-08-02 23:32:18,509] {processor.py:153} INFO - Started process (PID=1123) to work on /home/airflow/.local/lib/python3.7/site-packages/airflow/example_dags/example_branch_python_dop_operator_3.py
[2022-08-02 23:32:18,529] {processor.py:641} INFO - Processing file /home/airflow/.local/lib/python3.7/site-packages/airflow/example_dags/example_branch_python_dop_operator_3.py for tasks to queue
[2022-08-02 23:32:18,543] {logging_mixin.py:115} INFO - [2022-08-02 23:32:18,543] {dagbag.py:508} INFO - Filling up the DagBag from /home/airflow/.local/lib/python3.7/site-packages/airflow/example_dags/example_branch_python_dop_operator_3.py
[2022-08-02 23:32:18,611] {processor.py:651} INFO - DAG(s) dict_keys(['example_branch_dop_operator_v3']) retrieved from /home/airflow/.local/lib/python3.7/site-packages/airflow/example_dags/example_branch_python_dop_operator_3.py
[2022-08-02 23:32:18,712] {logging_mixin.py:115} INFO - [2022-08-02 23:32:18,712] {dag.py:2420} INFO - Sync 1 DAGs
[2022-08-02 23:32:18,781] {logging_mixin.py:115} INFO - [2022-08-02 23:32:18,781] {dag.py:2972} INFO - Setting next_dagrun for example_branch_dop_operator_v3 to 2022-08-02T23:31:00+00:00, run_after=2022-08-02T23:32:00+00:00
[2022-08-02 23:32:18,819] {processor.py:161} INFO - Processing /home/airflow/.local/lib/python3.7/site-packages/airflow/example_dags/example_branch_python_dop_operator_3.py took 0.333 seconds
[2022-08-02 23:32:49,496] {processor.py:153} INFO - Started process (PID=1184) to work on /home/airflow/.local/lib/python3.7/site-packages/airflow/example_dags/example_branch_python_dop_operator_3.py
[2022-08-02 23:32:49,500] {processor.py:641} INFO - Processing file /home/airflow/.local/lib/python3.7/site-packages/airflow/example_dags/example_branch_python_dop_operator_3.py for tasks to queue
[2022-08-02 23:32:49,503] {logging_mixin.py:115} INFO - [2022-08-02 23:32:49,503] {dagbag.py:508} INFO - Filling up the DagBag from /home/airflow/.local/lib/python3.7/site-packages/airflow/example_dags/example_branch_python_dop_operator_3.py
[2022-08-02 23:32:49,520] {processor.py:651} INFO - DAG(s) dict_keys(['example_branch_dop_operator_v3']) retrieved from /home/airflow/.local/lib/python3.7/site-packages/airflow/example_dags/example_branch_python_dop_operator_3.py
[2022-08-02 23:32:49,574] {logging_mixin.py:115} INFO - [2022-08-02 23:32:49,574] {dag.py:2420} INFO - Sync 1 DAGs
[2022-08-02 23:32:49,622] {logging_mixin.py:115} INFO - [2022-08-02 23:32:49,622] {dag.py:2972} INFO - Setting next_dagrun for example_branch_dop_operator_v3 to 2022-08-02T23:31:00+00:00, run_after=2022-08-02T23:32:00+00:00
[2022-08-02 23:32:49,649] {processor.py:161} INFO - Processing /home/airflow/.local/lib/python3.7/site-packages/airflow/example_dags/example_branch_python_dop_operator_3.py took 0.156 seconds
[2022-08-02 23:33:20,168] {processor.py:153} INFO - Started process (PID=1235) to work on /home/airflow/.local/lib/python3.7/site-packages/airflow/example_dags/example_branch_python_dop_operator_3.py
[2022-08-02 23:33:20,176] {processor.py:641} INFO - Processing file /home/airflow/.local/lib/python3.7/site-packages/airflow/example_dags/example_branch_python_dop_operator_3.py for tasks to queue
[2022-08-02 23:33:20,181] {logging_mixin.py:115} INFO - [2022-08-02 23:33:20,181] {dagbag.py:508} INFO - Filling up the DagBag from /home/airflow/.local/lib/python3.7/site-packages/airflow/example_dags/example_branch_python_dop_operator_3.py
[2022-08-02 23:33:20,209] {processor.py:651} INFO - DAG(s) dict_keys(['example_branch_dop_operator_v3']) retrieved from /home/airflow/.local/lib/python3.7/site-packages/airflow/example_dags/example_branch_python_dop_operator_3.py
[2022-08-02 23:33:20,253] {logging_mixin.py:115} INFO - [2022-08-02 23:33:20,253] {dag.py:2420} INFO - Sync 1 DAGs
[2022-08-02 23:33:20,279] {logging_mixin.py:115} INFO - [2022-08-02 23:33:20,279] {dag.py:2972} INFO - Setting next_dagrun for example_branch_dop_operator_v3 to 2022-08-02T23:32:00+00:00, run_after=2022-08-02T23:33:00+00:00
[2022-08-02 23:33:20,294] {processor.py:161} INFO - Processing /home/airflow/.local/lib/python3.7/site-packages/airflow/example_dags/example_branch_python_dop_operator_3.py took 0.130 seconds
[2022-08-02 23:33:51,125] {processor.py:153} INFO - Started process (PID=1295) to work on /home/airflow/.local/lib/python3.7/site-packages/airflow/example_dags/example_branch_python_dop_operator_3.py
[2022-08-02 23:33:51,146] {processor.py:641} INFO - Processing file /home/airflow/.local/lib/python3.7/site-packages/airflow/example_dags/example_branch_python_dop_operator_3.py for tasks to queue
[2022-08-02 23:33:51,154] {logging_mixin.py:115} INFO - [2022-08-02 23:33:51,153] {dagbag.py:508} INFO - Filling up the DagBag from /home/airflow/.local/lib/python3.7/site-packages/airflow/example_dags/example_branch_python_dop_operator_3.py
[2022-08-02 23:33:51,207] {processor.py:651} INFO - DAG(s) dict_keys(['example_branch_dop_operator_v3']) retrieved from /home/airflow/.local/lib/python3.7/site-packages/airflow/example_dags/example_branch_python_dop_operator_3.py
[2022-08-02 23:33:51,304] {logging_mixin.py:115} INFO - [2022-08-02 23:33:51,304] {dag.py:2420} INFO - Sync 1 DAGs
[2022-08-02 23:33:51,372] {logging_mixin.py:115} INFO - [2022-08-02 23:33:51,372] {dag.py:2972} INFO - Setting next_dagrun for example_branch_dop_operator_v3 to 2022-08-02T23:32:00+00:00, run_after=2022-08-02T23:33:00+00:00
[2022-08-02 23:33:51,434] {processor.py:161} INFO - Processing /home/airflow/.local/lib/python3.7/site-packages/airflow/example_dags/example_branch_python_dop_operator_3.py took 0.338 seconds
[2022-08-02 23:34:22,365] {processor.py:153} INFO - Started process (PID=1347) to work on /home/airflow/.local/lib/python3.7/site-packages/airflow/example_dags/example_branch_python_dop_operator_3.py
[2022-08-02 23:34:22,380] {processor.py:641} INFO - Processing file /home/airflow/.local/lib/python3.7/site-packages/airflow/example_dags/example_branch_python_dop_operator_3.py for tasks to queue
[2022-08-02 23:34:22,409] {logging_mixin.py:115} INFO - [2022-08-02 23:34:22,409] {dagbag.py:508} INFO - Filling up the DagBag from /home/airflow/.local/lib/python3.7/site-packages/airflow/example_dags/example_branch_python_dop_operator_3.py
[2022-08-02 23:34:22,439] {processor.py:651} INFO - DAG(s) dict_keys(['example_branch_dop_operator_v3']) retrieved from /home/airflow/.local/lib/python3.7/site-packages/airflow/example_dags/example_branch_python_dop_operator_3.py
[2022-08-02 23:34:22,530] {logging_mixin.py:115} INFO - [2022-08-02 23:34:22,530] {dag.py:2420} INFO - Sync 1 DAGs
[2022-08-02 23:34:22,577] {logging_mixin.py:115} INFO - [2022-08-02 23:34:22,577] {dag.py:2972} INFO - Setting next_dagrun for example_branch_dop_operator_v3 to 2022-08-02T23:33:00+00:00, run_after=2022-08-02T23:34:00+00:00
[2022-08-02 23:34:22,600] {processor.py:161} INFO - Processing /home/airflow/.local/lib/python3.7/site-packages/airflow/example_dags/example_branch_python_dop_operator_3.py took 0.251 seconds
[2022-08-02 23:34:53,556] {processor.py:153} INFO - Started process (PID=1400) to work on /home/airflow/.local/lib/python3.7/site-packages/airflow/example_dags/example_branch_python_dop_operator_3.py
[2022-08-02 23:34:53,560] {processor.py:641} INFO - Processing file /home/airflow/.local/lib/python3.7/site-packages/airflow/example_dags/example_branch_python_dop_operator_3.py for tasks to queue
[2022-08-02 23:34:53,565] {logging_mixin.py:115} INFO - [2022-08-02 23:34:53,565] {dagbag.py:508} INFO - Filling up the DagBag from /home/airflow/.local/lib/python3.7/site-packages/airflow/example_dags/example_branch_python_dop_operator_3.py
[2022-08-02 23:34:53,588] {processor.py:651} INFO - DAG(s) dict_keys(['example_branch_dop_operator_v3']) retrieved from /home/airflow/.local/lib/python3.7/site-packages/airflow/example_dags/example_branch_python_dop_operator_3.py
[2022-08-02 23:34:53,633] {logging_mixin.py:115} INFO - [2022-08-02 23:34:53,633] {dag.py:2420} INFO - Sync 1 DAGs
[2022-08-02 23:34:53,691] {logging_mixin.py:115} INFO - [2022-08-02 23:34:53,691] {dag.py:2972} INFO - Setting next_dagrun for example_branch_dop_operator_v3 to 2022-08-02T23:33:00+00:00, run_after=2022-08-02T23:34:00+00:00
[2022-08-02 23:34:53,732] {processor.py:161} INFO - Processing /home/airflow/.local/lib/python3.7/site-packages/airflow/example_dags/example_branch_python_dop_operator_3.py took 0.184 seconds
[2022-08-02 23:35:27,528] {processor.py:153} INFO - Started process (PID=1452) to work on /home/airflow/.local/lib/python3.7/site-packages/airflow/example_dags/example_branch_python_dop_operator_3.py
[2022-08-02 23:35:27,534] {processor.py:641} INFO - Processing file /home/airflow/.local/lib/python3.7/site-packages/airflow/example_dags/example_branch_python_dop_operator_3.py for tasks to queue
[2022-08-02 23:35:27,543] {logging_mixin.py:115} INFO - [2022-08-02 23:35:27,543] {dagbag.py:508} INFO - Filling up the DagBag from /home/airflow/.local/lib/python3.7/site-packages/airflow/example_dags/example_branch_python_dop_operator_3.py
[2022-08-02 23:35:27,576] {processor.py:651} INFO - DAG(s) dict_keys(['example_branch_dop_operator_v3']) retrieved from /home/airflow/.local/lib/python3.7/site-packages/airflow/example_dags/example_branch_python_dop_operator_3.py
[2022-08-02 23:35:27,659] {logging_mixin.py:115} INFO - [2022-08-02 23:35:27,658] {dag.py:2420} INFO - Sync 1 DAGs
[2022-08-02 23:35:27,726] {logging_mixin.py:115} INFO - [2022-08-02 23:35:27,726] {dag.py:2972} INFO - Setting next_dagrun for example_branch_dop_operator_v3 to 2022-08-02T23:34:00+00:00, run_after=2022-08-02T23:35:00+00:00
[2022-08-02 23:35:27,789] {processor.py:161} INFO - Processing /home/airflow/.local/lib/python3.7/site-packages/airflow/example_dags/example_branch_python_dop_operator_3.py took 0.268 seconds
[2022-08-02 23:35:58,175] {processor.py:153} INFO - Started process (PID=1505) to work on /home/airflow/.local/lib/python3.7/site-packages/airflow/example_dags/example_branch_python_dop_operator_3.py
[2022-08-02 23:35:58,178] {processor.py:641} INFO - Processing file /home/airflow/.local/lib/python3.7/site-packages/airflow/example_dags/example_branch_python_dop_operator_3.py for tasks to queue
[2022-08-02 23:35:58,182] {logging_mixin.py:115} INFO - [2022-08-02 23:35:58,182] {dagbag.py:508} INFO - Filling up the DagBag from /home/airflow/.local/lib/python3.7/site-packages/airflow/example_dags/example_branch_python_dop_operator_3.py
[2022-08-02 23:35:58,204] {processor.py:651} INFO - DAG(s) dict_keys(['example_branch_dop_operator_v3']) retrieved from /home/airflow/.local/lib/python3.7/site-packages/airflow/example_dags/example_branch_python_dop_operator_3.py
[2022-08-02 23:35:58,253] {logging_mixin.py:115} INFO - [2022-08-02 23:35:58,252] {dag.py:2420} INFO - Sync 1 DAGs
[2022-08-02 23:35:58,287] {logging_mixin.py:115} INFO - [2022-08-02 23:35:58,287] {dag.py:2972} INFO - Setting next_dagrun for example_branch_dop_operator_v3 to 2022-08-02T23:34:00+00:00, run_after=2022-08-02T23:35:00+00:00
[2022-08-02 23:35:58,305] {processor.py:161} INFO - Processing /home/airflow/.local/lib/python3.7/site-packages/airflow/example_dags/example_branch_python_dop_operator_3.py took 0.132 seconds
[2022-08-02 23:36:28,855] {processor.py:153} INFO - Started process (PID=1567) to work on /home/airflow/.local/lib/python3.7/site-packages/airflow/example_dags/example_branch_python_dop_operator_3.py
[2022-08-02 23:36:28,864] {processor.py:641} INFO - Processing file /home/airflow/.local/lib/python3.7/site-packages/airflow/example_dags/example_branch_python_dop_operator_3.py for tasks to queue
[2022-08-02 23:36:28,896] {logging_mixin.py:115} INFO - [2022-08-02 23:36:28,896] {dagbag.py:508} INFO - Filling up the DagBag from /home/airflow/.local/lib/python3.7/site-packages/airflow/example_dags/example_branch_python_dop_operator_3.py
[2022-08-02 23:36:28,950] {processor.py:651} INFO - DAG(s) dict_keys(['example_branch_dop_operator_v3']) retrieved from /home/airflow/.local/lib/python3.7/site-packages/airflow/example_dags/example_branch_python_dop_operator_3.py
[2022-08-02 23:36:29,023] {logging_mixin.py:115} INFO - [2022-08-02 23:36:29,023] {dag.py:2420} INFO - Sync 1 DAGs
[2022-08-02 23:36:29,064] {logging_mixin.py:115} INFO - [2022-08-02 23:36:29,064] {dag.py:2972} INFO - Setting next_dagrun for example_branch_dop_operator_v3 to 2022-08-02T23:35:00+00:00, run_after=2022-08-02T23:36:00+00:00
[2022-08-02 23:36:29,094] {processor.py:161} INFO - Processing /home/airflow/.local/lib/python3.7/site-packages/airflow/example_dags/example_branch_python_dop_operator_3.py took 0.251 seconds
[2022-08-02 23:37:00,099] {processor.py:153} INFO - Started process (PID=1619) to work on /home/airflow/.local/lib/python3.7/site-packages/airflow/example_dags/example_branch_python_dop_operator_3.py
[2022-08-02 23:37:00,104] {processor.py:641} INFO - Processing file /home/airflow/.local/lib/python3.7/site-packages/airflow/example_dags/example_branch_python_dop_operator_3.py for tasks to queue
[2022-08-02 23:37:00,111] {logging_mixin.py:115} INFO - [2022-08-02 23:37:00,111] {dagbag.py:508} INFO - Filling up the DagBag from /home/airflow/.local/lib/python3.7/site-packages/airflow/example_dags/example_branch_python_dop_operator_3.py
[2022-08-02 23:37:00,140] {processor.py:651} INFO - DAG(s) dict_keys(['example_branch_dop_operator_v3']) retrieved from /home/airflow/.local/lib/python3.7/site-packages/airflow/example_dags/example_branch_python_dop_operator_3.py
[2022-08-02 23:37:00,204] {logging_mixin.py:115} INFO - [2022-08-02 23:37:00,204] {dag.py:2420} INFO - Sync 1 DAGs
[2022-08-02 23:37:00,241] {logging_mixin.py:115} INFO - [2022-08-02 23:37:00,241] {dag.py:2972} INFO - Setting next_dagrun for example_branch_dop_operator_v3 to 2022-08-02T23:36:00+00:00, run_after=2022-08-02T23:37:00+00:00
[2022-08-02 23:37:00,265] {processor.py:161} INFO - Processing /home/airflow/.local/lib/python3.7/site-packages/airflow/example_dags/example_branch_python_dop_operator_3.py took 0.173 seconds
[2022-08-02 23:37:31,036] {processor.py:153} INFO - Started process (PID=1680) to work on /home/airflow/.local/lib/python3.7/site-packages/airflow/example_dags/example_branch_python_dop_operator_3.py
[2022-08-02 23:37:31,039] {processor.py:641} INFO - Processing file /home/airflow/.local/lib/python3.7/site-packages/airflow/example_dags/example_branch_python_dop_operator_3.py for tasks to queue
[2022-08-02 23:37:31,042] {logging_mixin.py:115} INFO - [2022-08-02 23:37:31,042] {dagbag.py:508} INFO - Filling up the DagBag from /home/airflow/.local/lib/python3.7/site-packages/airflow/example_dags/example_branch_python_dop_operator_3.py
[2022-08-02 23:37:31,057] {processor.py:651} INFO - DAG(s) dict_keys(['example_branch_dop_operator_v3']) retrieved from /home/airflow/.local/lib/python3.7/site-packages/airflow/example_dags/example_branch_python_dop_operator_3.py
[2022-08-02 23:37:31,102] {logging_mixin.py:115} INFO - [2022-08-02 23:37:31,102] {dag.py:2420} INFO - Sync 1 DAGs
[2022-08-02 23:37:31,144] {logging_mixin.py:115} INFO - [2022-08-02 23:37:31,144] {dag.py:2972} INFO - Setting next_dagrun for example_branch_dop_operator_v3 to 2022-08-02T23:36:00+00:00, run_after=2022-08-02T23:37:00+00:00
[2022-08-02 23:37:31,169] {processor.py:161} INFO - Processing /home/airflow/.local/lib/python3.7/site-packages/airflow/example_dags/example_branch_python_dop_operator_3.py took 0.139 seconds
[2022-08-02 23:38:01,980] {processor.py:153} INFO - Started process (PID=1741) to work on /home/airflow/.local/lib/python3.7/site-packages/airflow/example_dags/example_branch_python_dop_operator_3.py
[2022-08-02 23:38:01,990] {processor.py:641} INFO - Processing file /home/airflow/.local/lib/python3.7/site-packages/airflow/example_dags/example_branch_python_dop_operator_3.py for tasks to queue
[2022-08-02 23:38:01,997] {logging_mixin.py:115} INFO - [2022-08-02 23:38:01,996] {dagbag.py:508} INFO - Filling up the DagBag from /home/airflow/.local/lib/python3.7/site-packages/airflow/example_dags/example_branch_python_dop_operator_3.py
[2022-08-02 23:38:02,016] {processor.py:651} INFO - DAG(s) dict_keys(['example_branch_dop_operator_v3']) retrieved from /home/airflow/.local/lib/python3.7/site-packages/airflow/example_dags/example_branch_python_dop_operator_3.py
[2022-08-02 23:38:02,074] {logging_mixin.py:115} INFO - [2022-08-02 23:38:02,074] {dag.py:2420} INFO - Sync 1 DAGs
[2022-08-02 23:38:02,119] {logging_mixin.py:115} INFO - [2022-08-02 23:38:02,119] {dag.py:2972} INFO - Setting next_dagrun for example_branch_dop_operator_v3 to 2022-08-02T23:37:00+00:00, run_after=2022-08-02T23:38:00+00:00
[2022-08-02 23:38:02,146] {processor.py:161} INFO - Processing /home/airflow/.local/lib/python3.7/site-packages/airflow/example_dags/example_branch_python_dop_operator_3.py took 0.173 seconds
[2022-08-02 23:38:32,268] {processor.py:153} INFO - Started process (PID=1794) to work on /home/airflow/.local/lib/python3.7/site-packages/airflow/example_dags/example_branch_python_dop_operator_3.py
[2022-08-02 23:38:32,271] {processor.py:641} INFO - Processing file /home/airflow/.local/lib/python3.7/site-packages/airflow/example_dags/example_branch_python_dop_operator_3.py for tasks to queue
[2022-08-02 23:38:32,272] {logging_mixin.py:115} INFO - [2022-08-02 23:38:32,272] {dagbag.py:508} INFO - Filling up the DagBag from /home/airflow/.local/lib/python3.7/site-packages/airflow/example_dags/example_branch_python_dop_operator_3.py
[2022-08-02 23:38:32,282] {processor.py:651} INFO - DAG(s) dict_keys(['example_branch_dop_operator_v3']) retrieved from /home/airflow/.local/lib/python3.7/site-packages/airflow/example_dags/example_branch_python_dop_operator_3.py
[2022-08-02 23:38:32,306] {logging_mixin.py:115} INFO - [2022-08-02 23:38:32,306] {dag.py:2420} INFO - Sync 1 DAGs
[2022-08-02 23:38:32,328] {logging_mixin.py:115} INFO - [2022-08-02 23:38:32,328] {dag.py:2972} INFO - Setting next_dagrun for example_branch_dop_operator_v3 to 2022-08-02T23:37:00+00:00, run_after=2022-08-02T23:38:00+00:00
[2022-08-02 23:38:32,340] {processor.py:161} INFO - Processing /home/airflow/.local/lib/python3.7/site-packages/airflow/example_dags/example_branch_python_dop_operator_3.py took 0.076 seconds
[2022-08-02 23:39:02,607] {processor.py:153} INFO - Started process (PID=1854) to work on /home/airflow/.local/lib/python3.7/site-packages/airflow/example_dags/example_branch_python_dop_operator_3.py
[2022-08-02 23:39:02,611] {processor.py:641} INFO - Processing file /home/airflow/.local/lib/python3.7/site-packages/airflow/example_dags/example_branch_python_dop_operator_3.py for tasks to queue
[2022-08-02 23:39:02,614] {logging_mixin.py:115} INFO - [2022-08-02 23:39:02,613] {dagbag.py:508} INFO - Filling up the DagBag from /home/airflow/.local/lib/python3.7/site-packages/airflow/example_dags/example_branch_python_dop_operator_3.py
[2022-08-02 23:39:02,633] {processor.py:651} INFO - DAG(s) dict_keys(['example_branch_dop_operator_v3']) retrieved from /home/airflow/.local/lib/python3.7/site-packages/airflow/example_dags/example_branch_python_dop_operator_3.py
[2022-08-02 23:39:02,675] {logging_mixin.py:115} INFO - [2022-08-02 23:39:02,675] {dag.py:2420} INFO - Sync 1 DAGs
[2022-08-02 23:39:02,700] {logging_mixin.py:115} INFO - [2022-08-02 23:39:02,700] {dag.py:2972} INFO - Setting next_dagrun for example_branch_dop_operator_v3 to 2022-08-02T23:38:00+00:00, run_after=2022-08-02T23:39:00+00:00
[2022-08-02 23:39:02,717] {processor.py:161} INFO - Processing /home/airflow/.local/lib/python3.7/site-packages/airflow/example_dags/example_branch_python_dop_operator_3.py took 0.114 seconds
[2022-08-02 23:39:33,349] {processor.py:153} INFO - Started process (PID=1915) to work on /home/airflow/.local/lib/python3.7/site-packages/airflow/example_dags/example_branch_python_dop_operator_3.py
[2022-08-02 23:39:33,358] {processor.py:641} INFO - Processing file /home/airflow/.local/lib/python3.7/site-packages/airflow/example_dags/example_branch_python_dop_operator_3.py for tasks to queue
[2022-08-02 23:39:33,368] {logging_mixin.py:115} INFO - [2022-08-02 23:39:33,368] {dagbag.py:508} INFO - Filling up the DagBag from /home/airflow/.local/lib/python3.7/site-packages/airflow/example_dags/example_branch_python_dop_operator_3.py
[2022-08-02 23:39:33,386] {processor.py:651} INFO - DAG(s) dict_keys(['example_branch_dop_operator_v3']) retrieved from /home/airflow/.local/lib/python3.7/site-packages/airflow/example_dags/example_branch_python_dop_operator_3.py
[2022-08-02 23:39:33,454] {logging_mixin.py:115} INFO - [2022-08-02 23:39:33,453] {dag.py:2420} INFO - Sync 1 DAGs
[2022-08-02 23:39:33,544] {logging_mixin.py:115} INFO - [2022-08-02 23:39:33,544] {dag.py:2972} INFO - Setting next_dagrun for example_branch_dop_operator_v3 to 2022-08-02T23:38:00+00:00, run_after=2022-08-02T23:39:00+00:00
[2022-08-02 23:39:33,563] {processor.py:161} INFO - Processing /home/airflow/.local/lib/python3.7/site-packages/airflow/example_dags/example_branch_python_dop_operator_3.py took 0.222 seconds
[2022-08-02 23:40:10,615] {processor.py:153} INFO - Started process (PID=1964) to work on /home/airflow/.local/lib/python3.7/site-packages/airflow/example_dags/example_branch_python_dop_operator_3.py
[2022-08-02 23:40:10,629] {processor.py:641} INFO - Processing file /home/airflow/.local/lib/python3.7/site-packages/airflow/example_dags/example_branch_python_dop_operator_3.py for tasks to queue
[2022-08-02 23:40:10,641] {logging_mixin.py:115} INFO - [2022-08-02 23:40:10,640] {dagbag.py:508} INFO - Filling up the DagBag from /home/airflow/.local/lib/python3.7/site-packages/airflow/example_dags/example_branch_python_dop_operator_3.py
[2022-08-02 23:40:10,781] {processor.py:651} INFO - DAG(s) dict_keys(['example_branch_dop_operator_v3']) retrieved from /home/airflow/.local/lib/python3.7/site-packages/airflow/example_dags/example_branch_python_dop_operator_3.py
[2022-08-02 23:40:11,809] {logging_mixin.py:115} INFO - [2022-08-02 23:40:11,808] {dag.py:2420} INFO - Sync 1 DAGs
[2022-08-02 23:40:12,018] {logging_mixin.py:115} INFO - [2022-08-02 23:40:12,018] {dag.py:2972} INFO - Setting next_dagrun for example_branch_dop_operator_v3 to 2022-08-02T23:39:00+00:00, run_after=2022-08-02T23:40:00+00:00
[2022-08-02 23:40:12,106] {processor.py:161} INFO - Processing /home/airflow/.local/lib/python3.7/site-packages/airflow/example_dags/example_branch_python_dop_operator_3.py took 1.558 seconds
[2022-08-02 23:40:42,539] {processor.py:153} INFO - Started process (PID=2017) to work on /home/airflow/.local/lib/python3.7/site-packages/airflow/example_dags/example_branch_python_dop_operator_3.py
[2022-08-02 23:40:42,618] {processor.py:641} INFO - Processing file /home/airflow/.local/lib/python3.7/site-packages/airflow/example_dags/example_branch_python_dop_operator_3.py for tasks to queue
[2022-08-02 23:40:42,641] {logging_mixin.py:115} INFO - [2022-08-02 23:40:42,635] {dagbag.py:508} INFO - Filling up the DagBag from /home/airflow/.local/lib/python3.7/site-packages/airflow/example_dags/example_branch_python_dop_operator_3.py
[2022-08-02 23:40:42,781] {processor.py:651} INFO - DAG(s) dict_keys(['example_branch_dop_operator_v3']) retrieved from /home/airflow/.local/lib/python3.7/site-packages/airflow/example_dags/example_branch_python_dop_operator_3.py
[2022-08-02 23:40:43,127] {logging_mixin.py:115} INFO - [2022-08-02 23:40:43,126] {dag.py:2420} INFO - Sync 1 DAGs
[2022-08-02 23:40:43,212] {logging_mixin.py:115} INFO - [2022-08-02 23:40:43,212] {dag.py:2972} INFO - Setting next_dagrun for example_branch_dop_operator_v3 to 2022-08-02T23:39:00+00:00, run_after=2022-08-02T23:40:00+00:00
[2022-08-02 23:40:43,265] {processor.py:161} INFO - Processing /home/airflow/.local/lib/python3.7/site-packages/airflow/example_dags/example_branch_python_dop_operator_3.py took 0.757 seconds
[2022-08-02 23:41:51,661] {processor.py:153} INFO - Started process (PID=2064) to work on /home/airflow/.local/lib/python3.7/site-packages/airflow/example_dags/example_branch_python_dop_operator_3.py
[2022-08-02 23:41:51,667] {processor.py:641} INFO - Processing file /home/airflow/.local/lib/python3.7/site-packages/airflow/example_dags/example_branch_python_dop_operator_3.py for tasks to queue
[2022-08-02 23:41:51,670] {logging_mixin.py:115} INFO - [2022-08-02 23:41:51,670] {dagbag.py:508} INFO - Filling up the DagBag from /home/airflow/.local/lib/python3.7/site-packages/airflow/example_dags/example_branch_python_dop_operator_3.py
[2022-08-02 23:41:51,684] {processor.py:651} INFO - DAG(s) dict_keys(['example_branch_dop_operator_v3']) retrieved from /home/airflow/.local/lib/python3.7/site-packages/airflow/example_dags/example_branch_python_dop_operator_3.py
[2022-08-02 23:41:51,724] {logging_mixin.py:115} INFO - [2022-08-02 23:41:51,724] {dag.py:2420} INFO - Sync 1 DAGs
[2022-08-02 23:41:51,814] {logging_mixin.py:115} INFO - [2022-08-02 23:41:51,812] {dag.py:2972} INFO - Setting next_dagrun for example_branch_dop_operator_v3 to 2022-08-02T23:40:00+00:00, run_after=2022-08-02T23:41:00+00:00
[2022-08-02 23:41:51,873] {processor.py:161} INFO - Processing /home/airflow/.local/lib/python3.7/site-packages/airflow/example_dags/example_branch_python_dop_operator_3.py took 0.215 seconds
[2022-08-02 23:55:19,464] {processor.py:153} INFO - Started process (PID=2114) to work on /home/airflow/.local/lib/python3.7/site-packages/airflow/example_dags/example_branch_python_dop_operator_3.py
[2022-08-02 23:55:19,470] {processor.py:641} INFO - Processing file /home/airflow/.local/lib/python3.7/site-packages/airflow/example_dags/example_branch_python_dop_operator_3.py for tasks to queue
[2022-08-02 23:55:19,477] {logging_mixin.py:115} INFO - [2022-08-02 23:55:19,477] {dagbag.py:508} INFO - Filling up the DagBag from /home/airflow/.local/lib/python3.7/site-packages/airflow/example_dags/example_branch_python_dop_operator_3.py
[2022-08-02 23:55:19,538] {processor.py:651} INFO - DAG(s) dict_keys(['example_branch_dop_operator_v3']) retrieved from /home/airflow/.local/lib/python3.7/site-packages/airflow/example_dags/example_branch_python_dop_operator_3.py
[2022-08-02 23:55:19,591] {logging_mixin.py:115} INFO - [2022-08-02 23:55:19,591] {dag.py:2420} INFO - Sync 1 DAGs
[2022-08-02 23:55:19,763] {logging_mixin.py:115} INFO - [2022-08-02 23:55:19,763] {dag.py:2972} INFO - Setting next_dagrun for example_branch_dop_operator_v3 to 2022-08-02T23:54:00+00:00, run_after=2022-08-02T23:55:00+00:00
[2022-08-02 23:55:20,014] {processor.py:161} INFO - Processing /home/airflow/.local/lib/python3.7/site-packages/airflow/example_dags/example_branch_python_dop_operator_3.py took 0.562 seconds
[2022-08-02 23:55:50,490] {processor.py:153} INFO - Started process (PID=2166) to work on /home/airflow/.local/lib/python3.7/site-packages/airflow/example_dags/example_branch_python_dop_operator_3.py
[2022-08-02 23:55:50,492] {processor.py:641} INFO - Processing file /home/airflow/.local/lib/python3.7/site-packages/airflow/example_dags/example_branch_python_dop_operator_3.py for tasks to queue
[2022-08-02 23:55:50,494] {logging_mixin.py:115} INFO - [2022-08-02 23:55:50,494] {dagbag.py:508} INFO - Filling up the DagBag from /home/airflow/.local/lib/python3.7/site-packages/airflow/example_dags/example_branch_python_dop_operator_3.py
[2022-08-02 23:55:50,507] {processor.py:651} INFO - DAG(s) dict_keys(['example_branch_dop_operator_v3']) retrieved from /home/airflow/.local/lib/python3.7/site-packages/airflow/example_dags/example_branch_python_dop_operator_3.py
[2022-08-02 23:55:50,545] {logging_mixin.py:115} INFO - [2022-08-02 23:55:50,545] {dag.py:2420} INFO - Sync 1 DAGs
[2022-08-02 23:55:50,577] {logging_mixin.py:115} INFO - [2022-08-02 23:55:50,577] {dag.py:2972} INFO - Setting next_dagrun for example_branch_dop_operator_v3 to 2022-08-02T23:54:00+00:00, run_after=2022-08-02T23:55:00+00:00
[2022-08-02 23:55:50,592] {processor.py:161} INFO - Processing /home/airflow/.local/lib/python3.7/site-packages/airflow/example_dags/example_branch_python_dop_operator_3.py took 0.106 seconds
