[2022-08-02 23:22:10,078] {processor.py:153} INFO - Started process (PID=84) to work on /home/airflow/.local/lib/python3.7/site-packages/airflow/example_dags/example_sla_dag.py
[2022-08-02 23:22:10,132] {processor.py:641} INFO - Processing file /home/airflow/.local/lib/python3.7/site-packages/airflow/example_dags/example_sla_dag.py for tasks to queue
[2022-08-02 23:22:10,167] {logging_mixin.py:115} INFO - [2022-08-02 23:22:10,167] {dagbag.py:508} INFO - Filling up the DagBag from /home/airflow/.local/lib/python3.7/site-packages/airflow/example_dags/example_sla_dag.py
[2022-08-02 23:22:10,479] {processor.py:651} INFO - DAG(s) dict_keys(['example_sla_dag']) retrieved from /home/airflow/.local/lib/python3.7/site-packages/airflow/example_dags/example_sla_dag.py
[2022-08-02 23:22:11,028] {logging_mixin.py:115} INFO - [2022-08-02 23:22:11,028] {manager.py:508} INFO - Created Permission View: can read on DAG:example_sla_dag
[2022-08-02 23:22:11,091] {logging_mixin.py:115} INFO - [2022-08-02 23:22:11,091] {manager.py:508} INFO - Created Permission View: can edit on DAG:example_sla_dag
[2022-08-02 23:22:11,118] {logging_mixin.py:115} INFO - [2022-08-02 23:22:11,117] {manager.py:508} INFO - Created Permission View: can delete on DAG:example_sla_dag
[2022-08-02 23:22:11,128] {logging_mixin.py:115} INFO - [2022-08-02 23:22:11,128] {dag.py:2420} INFO - Sync 1 DAGs
[2022-08-02 23:22:11,159] {logging_mixin.py:115} INFO - [2022-08-02 23:22:11,159] {dag.py:2439} INFO - Creating ORM DAG for example_sla_dag
[2022-08-02 23:22:11,205] {logging_mixin.py:115} INFO - [2022-08-02 23:22:11,204] {dag.py:2972} INFO - Setting next_dagrun for example_sla_dag to 2022-08-02T23:20:00+00:00, run_after=2022-08-02T23:22:00+00:00
[2022-08-02 23:22:11,248] {processor.py:161} INFO - Processing /home/airflow/.local/lib/python3.7/site-packages/airflow/example_dags/example_sla_dag.py took 1.225 seconds
[2022-08-02 23:22:42,168] {processor.py:153} INFO - Started process (PID=135) to work on /home/airflow/.local/lib/python3.7/site-packages/airflow/example_dags/example_sla_dag.py
[2022-08-02 23:22:42,179] {processor.py:641} INFO - Processing file /home/airflow/.local/lib/python3.7/site-packages/airflow/example_dags/example_sla_dag.py for tasks to queue
[2022-08-02 23:22:42,191] {logging_mixin.py:115} INFO - [2022-08-02 23:22:42,190] {dagbag.py:508} INFO - Filling up the DagBag from /home/airflow/.local/lib/python3.7/site-packages/airflow/example_dags/example_sla_dag.py
[2022-08-02 23:22:42,393] {processor.py:651} INFO - DAG(s) dict_keys(['example_sla_dag']) retrieved from /home/airflow/.local/lib/python3.7/site-packages/airflow/example_dags/example_sla_dag.py
[2022-08-02 23:22:42,532] {logging_mixin.py:115} INFO - [2022-08-02 23:22:42,532] {dag.py:2420} INFO - Sync 1 DAGs
[2022-08-02 23:22:42,619] {logging_mixin.py:115} INFO - [2022-08-02 23:22:42,619] {dag.py:2972} INFO - Setting next_dagrun for example_sla_dag to 2022-08-02T23:20:00+00:00, run_after=2022-08-02T23:22:00+00:00
[2022-08-02 23:22:42,685] {processor.py:161} INFO - Processing /home/airflow/.local/lib/python3.7/site-packages/airflow/example_dags/example_sla_dag.py took 0.537 seconds
[2022-08-02 23:23:12,944] {processor.py:153} INFO - Started process (PID=188) to work on /home/airflow/.local/lib/python3.7/site-packages/airflow/example_dags/example_sla_dag.py
[2022-08-02 23:23:12,953] {processor.py:641} INFO - Processing file /home/airflow/.local/lib/python3.7/site-packages/airflow/example_dags/example_sla_dag.py for tasks to queue
[2022-08-02 23:23:12,962] {logging_mixin.py:115} INFO - [2022-08-02 23:23:12,961] {dagbag.py:508} INFO - Filling up the DagBag from /home/airflow/.local/lib/python3.7/site-packages/airflow/example_dags/example_sla_dag.py
[2022-08-02 23:23:13,021] {processor.py:651} INFO - DAG(s) dict_keys(['example_sla_dag']) retrieved from /home/airflow/.local/lib/python3.7/site-packages/airflow/example_dags/example_sla_dag.py
[2022-08-02 23:23:13,103] {logging_mixin.py:115} INFO - [2022-08-02 23:23:13,103] {dag.py:2420} INFO - Sync 1 DAGs
[2022-08-02 23:23:13,186] {logging_mixin.py:115} INFO - [2022-08-02 23:23:13,185] {dag.py:2972} INFO - Setting next_dagrun for example_sla_dag to 2022-08-02T23:20:00+00:00, run_after=2022-08-02T23:22:00+00:00
[2022-08-02 23:23:13,224] {processor.py:161} INFO - Processing /home/airflow/.local/lib/python3.7/site-packages/airflow/example_dags/example_sla_dag.py took 0.301 seconds
[2022-08-02 23:23:43,301] {processor.py:153} INFO - Started process (PID=240) to work on /home/airflow/.local/lib/python3.7/site-packages/airflow/example_dags/example_sla_dag.py
[2022-08-02 23:23:43,304] {processor.py:641} INFO - Processing file /home/airflow/.local/lib/python3.7/site-packages/airflow/example_dags/example_sla_dag.py for tasks to queue
[2022-08-02 23:23:43,307] {logging_mixin.py:115} INFO - [2022-08-02 23:23:43,307] {dagbag.py:508} INFO - Filling up the DagBag from /home/airflow/.local/lib/python3.7/site-packages/airflow/example_dags/example_sla_dag.py
[2022-08-02 23:23:43,335] {processor.py:651} INFO - DAG(s) dict_keys(['example_sla_dag']) retrieved from /home/airflow/.local/lib/python3.7/site-packages/airflow/example_dags/example_sla_dag.py
[2022-08-02 23:23:43,392] {logging_mixin.py:115} INFO - [2022-08-02 23:23:43,392] {dag.py:2420} INFO - Sync 1 DAGs
[2022-08-02 23:23:43,428] {logging_mixin.py:115} INFO - [2022-08-02 23:23:43,428] {dag.py:2972} INFO - Setting next_dagrun for example_sla_dag to 2022-08-02T23:20:00+00:00, run_after=2022-08-02T23:22:00+00:00
[2022-08-02 23:23:43,445] {processor.py:161} INFO - Processing /home/airflow/.local/lib/python3.7/site-packages/airflow/example_dags/example_sla_dag.py took 0.148 seconds
[2022-08-02 23:24:14,041] {processor.py:153} INFO - Started process (PID=302) to work on /home/airflow/.local/lib/python3.7/site-packages/airflow/example_dags/example_sla_dag.py
[2022-08-02 23:24:14,044] {processor.py:641} INFO - Processing file /home/airflow/.local/lib/python3.7/site-packages/airflow/example_dags/example_sla_dag.py for tasks to queue
[2022-08-02 23:24:14,047] {logging_mixin.py:115} INFO - [2022-08-02 23:24:14,046] {dagbag.py:508} INFO - Filling up the DagBag from /home/airflow/.local/lib/python3.7/site-packages/airflow/example_dags/example_sla_dag.py
[2022-08-02 23:24:14,072] {processor.py:651} INFO - DAG(s) dict_keys(['example_sla_dag']) retrieved from /home/airflow/.local/lib/python3.7/site-packages/airflow/example_dags/example_sla_dag.py
[2022-08-02 23:24:14,113] {logging_mixin.py:115} INFO - [2022-08-02 23:24:14,113] {dag.py:2420} INFO - Sync 1 DAGs
[2022-08-02 23:24:14,160] {logging_mixin.py:115} INFO - [2022-08-02 23:24:14,160] {dag.py:2972} INFO - Setting next_dagrun for example_sla_dag to 2022-08-02T23:22:00+00:00, run_after=2022-08-02T23:24:00+00:00
[2022-08-02 23:24:14,190] {processor.py:161} INFO - Processing /home/airflow/.local/lib/python3.7/site-packages/airflow/example_dags/example_sla_dag.py took 0.155 seconds
[2022-08-02 23:24:44,925] {processor.py:153} INFO - Started process (PID=353) to work on /home/airflow/.local/lib/python3.7/site-packages/airflow/example_dags/example_sla_dag.py
[2022-08-02 23:24:44,960] {processor.py:641} INFO - Processing file /home/airflow/.local/lib/python3.7/site-packages/airflow/example_dags/example_sla_dag.py for tasks to queue
[2022-08-02 23:24:44,983] {logging_mixin.py:115} INFO - [2022-08-02 23:24:44,983] {dagbag.py:508} INFO - Filling up the DagBag from /home/airflow/.local/lib/python3.7/site-packages/airflow/example_dags/example_sla_dag.py
[2022-08-02 23:24:45,454] {processor.py:651} INFO - DAG(s) dict_keys(['example_sla_dag']) retrieved from /home/airflow/.local/lib/python3.7/site-packages/airflow/example_dags/example_sla_dag.py
[2022-08-02 23:24:45,832] {logging_mixin.py:115} INFO - [2022-08-02 23:24:45,831] {dag.py:2420} INFO - Sync 1 DAGs
[2022-08-02 23:24:46,502] {logging_mixin.py:115} INFO - [2022-08-02 23:24:46,502] {dag.py:2972} INFO - Setting next_dagrun for example_sla_dag to 2022-08-02T23:22:00+00:00, run_after=2022-08-02T23:24:00+00:00
[2022-08-02 23:24:46,604] {processor.py:161} INFO - Processing /home/airflow/.local/lib/python3.7/site-packages/airflow/example_dags/example_sla_dag.py took 1.702 seconds
[2022-08-02 23:25:16,888] {processor.py:153} INFO - Started process (PID=395) to work on /home/airflow/.local/lib/python3.7/site-packages/airflow/example_dags/example_sla_dag.py
[2022-08-02 23:25:16,892] {processor.py:641} INFO - Processing file /home/airflow/.local/lib/python3.7/site-packages/airflow/example_dags/example_sla_dag.py for tasks to queue
[2022-08-02 23:25:16,896] {logging_mixin.py:115} INFO - [2022-08-02 23:25:16,896] {dagbag.py:508} INFO - Filling up the DagBag from /home/airflow/.local/lib/python3.7/site-packages/airflow/example_dags/example_sla_dag.py
[2022-08-02 23:25:16,959] {processor.py:651} INFO - DAG(s) dict_keys(['example_sla_dag']) retrieved from /home/airflow/.local/lib/python3.7/site-packages/airflow/example_dags/example_sla_dag.py
[2022-08-02 23:25:16,995] {logging_mixin.py:115} INFO - [2022-08-02 23:25:16,995] {dag.py:2420} INFO - Sync 1 DAGs
[2022-08-02 23:25:17,031] {logging_mixin.py:115} INFO - [2022-08-02 23:25:17,031] {dag.py:2972} INFO - Setting next_dagrun for example_sla_dag to 2022-08-02T23:22:00+00:00, run_after=2022-08-02T23:24:00+00:00
[2022-08-02 23:25:17,047] {processor.py:161} INFO - Processing /home/airflow/.local/lib/python3.7/site-packages/airflow/example_dags/example_sla_dag.py took 0.168 seconds
[2022-08-02 23:25:47,795] {processor.py:153} INFO - Started process (PID=456) to work on /home/airflow/.local/lib/python3.7/site-packages/airflow/example_dags/example_sla_dag.py
[2022-08-02 23:25:47,806] {processor.py:641} INFO - Processing file /home/airflow/.local/lib/python3.7/site-packages/airflow/example_dags/example_sla_dag.py for tasks to queue
[2022-08-02 23:25:47,811] {logging_mixin.py:115} INFO - [2022-08-02 23:25:47,811] {dagbag.py:508} INFO - Filling up the DagBag from /home/airflow/.local/lib/python3.7/site-packages/airflow/example_dags/example_sla_dag.py
[2022-08-02 23:25:47,849] {processor.py:651} INFO - DAG(s) dict_keys(['example_sla_dag']) retrieved from /home/airflow/.local/lib/python3.7/site-packages/airflow/example_dags/example_sla_dag.py
[2022-08-02 23:25:48,127] {logging_mixin.py:115} INFO - [2022-08-02 23:25:48,127] {dag.py:2420} INFO - Sync 1 DAGs
[2022-08-02 23:25:48,495] {logging_mixin.py:115} INFO - [2022-08-02 23:25:48,495] {dag.py:2972} INFO - Setting next_dagrun for example_sla_dag to 2022-08-02T23:22:00+00:00, run_after=2022-08-02T23:24:00+00:00
[2022-08-02 23:25:48,575] {processor.py:161} INFO - Processing /home/airflow/.local/lib/python3.7/site-packages/airflow/example_dags/example_sla_dag.py took 0.785 seconds
[2022-08-02 23:26:18,705] {processor.py:153} INFO - Started process (PID=508) to work on /home/airflow/.local/lib/python3.7/site-packages/airflow/example_dags/example_sla_dag.py
[2022-08-02 23:26:18,712] {processor.py:641} INFO - Processing file /home/airflow/.local/lib/python3.7/site-packages/airflow/example_dags/example_sla_dag.py for tasks to queue
[2022-08-02 23:26:18,718] {logging_mixin.py:115} INFO - [2022-08-02 23:26:18,718] {dagbag.py:508} INFO - Filling up the DagBag from /home/airflow/.local/lib/python3.7/site-packages/airflow/example_dags/example_sla_dag.py
[2022-08-02 23:26:18,746] {processor.py:651} INFO - DAG(s) dict_keys(['example_sla_dag']) retrieved from /home/airflow/.local/lib/python3.7/site-packages/airflow/example_dags/example_sla_dag.py
[2022-08-02 23:26:18,789] {logging_mixin.py:115} INFO - [2022-08-02 23:26:18,789] {dag.py:2420} INFO - Sync 1 DAGs
[2022-08-02 23:26:18,822] {logging_mixin.py:115} INFO - [2022-08-02 23:26:18,821] {dag.py:2972} INFO - Setting next_dagrun for example_sla_dag to 2022-08-02T23:24:00+00:00, run_after=2022-08-02T23:26:00+00:00
[2022-08-02 23:26:18,843] {processor.py:161} INFO - Processing /home/airflow/.local/lib/python3.7/site-packages/airflow/example_dags/example_sla_dag.py took 0.147 seconds
[2022-08-02 23:26:49,928] {processor.py:153} INFO - Started process (PID=569) to work on /home/airflow/.local/lib/python3.7/site-packages/airflow/example_dags/example_sla_dag.py
[2022-08-02 23:26:49,944] {processor.py:641} INFO - Processing file /home/airflow/.local/lib/python3.7/site-packages/airflow/example_dags/example_sla_dag.py for tasks to queue
[2022-08-02 23:26:49,993] {logging_mixin.py:115} INFO - [2022-08-02 23:26:49,993] {dagbag.py:508} INFO - Filling up the DagBag from /home/airflow/.local/lib/python3.7/site-packages/airflow/example_dags/example_sla_dag.py
[2022-08-02 23:26:50,203] {processor.py:651} INFO - DAG(s) dict_keys(['example_sla_dag']) retrieved from /home/airflow/.local/lib/python3.7/site-packages/airflow/example_dags/example_sla_dag.py
[2022-08-02 23:26:50,353] {logging_mixin.py:115} INFO - [2022-08-02 23:26:50,353] {dag.py:2420} INFO - Sync 1 DAGs
[2022-08-02 23:26:50,470] {logging_mixin.py:115} INFO - [2022-08-02 23:26:50,470] {dag.py:2972} INFO - Setting next_dagrun for example_sla_dag to 2022-08-02T23:24:00+00:00, run_after=2022-08-02T23:26:00+00:00
[2022-08-02 23:26:50,569] {processor.py:161} INFO - Processing /home/airflow/.local/lib/python3.7/site-packages/airflow/example_dags/example_sla_dag.py took 0.652 seconds
[2022-08-02 23:27:20,845] {processor.py:153} INFO - Started process (PID=611) to work on /home/airflow/.local/lib/python3.7/site-packages/airflow/example_dags/example_sla_dag.py
[2022-08-02 23:27:20,849] {processor.py:641} INFO - Processing file /home/airflow/.local/lib/python3.7/site-packages/airflow/example_dags/example_sla_dag.py for tasks to queue
[2022-08-02 23:27:20,852] {logging_mixin.py:115} INFO - [2022-08-02 23:27:20,852] {dagbag.py:508} INFO - Filling up the DagBag from /home/airflow/.local/lib/python3.7/site-packages/airflow/example_dags/example_sla_dag.py
[2022-08-02 23:27:20,913] {processor.py:651} INFO - DAG(s) dict_keys(['example_sla_dag']) retrieved from /home/airflow/.local/lib/python3.7/site-packages/airflow/example_dags/example_sla_dag.py
[2022-08-02 23:27:20,963] {logging_mixin.py:115} INFO - [2022-08-02 23:27:20,963] {dag.py:2420} INFO - Sync 1 DAGs
[2022-08-02 23:27:20,989] {logging_mixin.py:115} INFO - [2022-08-02 23:27:20,989] {dag.py:2972} INFO - Setting next_dagrun for example_sla_dag to 2022-08-02T23:24:00+00:00, run_after=2022-08-02T23:26:00+00:00
[2022-08-02 23:27:21,003] {processor.py:161} INFO - Processing /home/airflow/.local/lib/python3.7/site-packages/airflow/example_dags/example_sla_dag.py took 0.166 seconds
[2022-08-02 23:27:51,591] {processor.py:153} INFO - Started process (PID=671) to work on /home/airflow/.local/lib/python3.7/site-packages/airflow/example_dags/example_sla_dag.py
[2022-08-02 23:27:51,601] {processor.py:641} INFO - Processing file /home/airflow/.local/lib/python3.7/site-packages/airflow/example_dags/example_sla_dag.py for tasks to queue
[2022-08-02 23:27:51,611] {logging_mixin.py:115} INFO - [2022-08-02 23:27:51,609] {dagbag.py:508} INFO - Filling up the DagBag from /home/airflow/.local/lib/python3.7/site-packages/airflow/example_dags/example_sla_dag.py
[2022-08-02 23:27:51,694] {processor.py:651} INFO - DAG(s) dict_keys(['example_sla_dag']) retrieved from /home/airflow/.local/lib/python3.7/site-packages/airflow/example_dags/example_sla_dag.py
[2022-08-02 23:27:51,863] {logging_mixin.py:115} INFO - [2022-08-02 23:27:51,863] {dag.py:2420} INFO - Sync 1 DAGs
[2022-08-02 23:27:52,016] {logging_mixin.py:115} INFO - [2022-08-02 23:27:52,016] {dag.py:2972} INFO - Setting next_dagrun for example_sla_dag to 2022-08-02T23:24:00+00:00, run_after=2022-08-02T23:26:00+00:00
[2022-08-02 23:27:52,084] {processor.py:161} INFO - Processing /home/airflow/.local/lib/python3.7/site-packages/airflow/example_dags/example_sla_dag.py took 0.501 seconds
[2022-08-02 23:28:22,463] {processor.py:153} INFO - Started process (PID=724) to work on /home/airflow/.local/lib/python3.7/site-packages/airflow/example_dags/example_sla_dag.py
[2022-08-02 23:28:22,477] {processor.py:641} INFO - Processing file /home/airflow/.local/lib/python3.7/site-packages/airflow/example_dags/example_sla_dag.py for tasks to queue
[2022-08-02 23:28:22,484] {logging_mixin.py:115} INFO - [2022-08-02 23:28:22,484] {dagbag.py:508} INFO - Filling up the DagBag from /home/airflow/.local/lib/python3.7/site-packages/airflow/example_dags/example_sla_dag.py
[2022-08-02 23:28:22,930] {processor.py:651} INFO - DAG(s) dict_keys(['example_sla_dag']) retrieved from /home/airflow/.local/lib/python3.7/site-packages/airflow/example_dags/example_sla_dag.py
[2022-08-02 23:28:23,224] {logging_mixin.py:115} INFO - [2022-08-02 23:28:23,223] {dag.py:2420} INFO - Sync 1 DAGs
[2022-08-02 23:28:24,168] {logging_mixin.py:115} INFO - [2022-08-02 23:28:24,168] {dag.py:2972} INFO - Setting next_dagrun for example_sla_dag to 2022-08-02T23:26:00+00:00, run_after=2022-08-02T23:28:00+00:00
[2022-08-02 23:28:24,295] {processor.py:161} INFO - Processing /home/airflow/.local/lib/python3.7/site-packages/airflow/example_dags/example_sla_dag.py took 1.854 seconds
[2022-08-02 23:28:54,800] {processor.py:153} INFO - Started process (PID=775) to work on /home/airflow/.local/lib/python3.7/site-packages/airflow/example_dags/example_sla_dag.py
[2022-08-02 23:28:54,803] {processor.py:641} INFO - Processing file /home/airflow/.local/lib/python3.7/site-packages/airflow/example_dags/example_sla_dag.py for tasks to queue
[2022-08-02 23:28:54,806] {logging_mixin.py:115} INFO - [2022-08-02 23:28:54,806] {dagbag.py:508} INFO - Filling up the DagBag from /home/airflow/.local/lib/python3.7/site-packages/airflow/example_dags/example_sla_dag.py
[2022-08-02 23:28:54,833] {processor.py:651} INFO - DAG(s) dict_keys(['example_sla_dag']) retrieved from /home/airflow/.local/lib/python3.7/site-packages/airflow/example_dags/example_sla_dag.py
[2022-08-02 23:28:54,909] {logging_mixin.py:115} INFO - [2022-08-02 23:28:54,909] {dag.py:2420} INFO - Sync 1 DAGs
[2022-08-02 23:28:54,951] {logging_mixin.py:115} INFO - [2022-08-02 23:28:54,950] {dag.py:2972} INFO - Setting next_dagrun for example_sla_dag to 2022-08-02T23:26:00+00:00, run_after=2022-08-02T23:28:00+00:00
[2022-08-02 23:28:54,970] {processor.py:161} INFO - Processing /home/airflow/.local/lib/python3.7/site-packages/airflow/example_dags/example_sla_dag.py took 0.176 seconds
[2022-08-02 23:29:25,290] {processor.py:153} INFO - Started process (PID=827) to work on /home/airflow/.local/lib/python3.7/site-packages/airflow/example_dags/example_sla_dag.py
[2022-08-02 23:29:25,292] {processor.py:641} INFO - Processing file /home/airflow/.local/lib/python3.7/site-packages/airflow/example_dags/example_sla_dag.py for tasks to queue
[2022-08-02 23:29:25,295] {logging_mixin.py:115} INFO - [2022-08-02 23:29:25,295] {dagbag.py:508} INFO - Filling up the DagBag from /home/airflow/.local/lib/python3.7/site-packages/airflow/example_dags/example_sla_dag.py
[2022-08-02 23:29:25,317] {processor.py:651} INFO - DAG(s) dict_keys(['example_sla_dag']) retrieved from /home/airflow/.local/lib/python3.7/site-packages/airflow/example_dags/example_sla_dag.py
[2022-08-02 23:29:25,349] {logging_mixin.py:115} INFO - [2022-08-02 23:29:25,349] {dag.py:2420} INFO - Sync 1 DAGs
[2022-08-02 23:29:25,372] {logging_mixin.py:115} INFO - [2022-08-02 23:29:25,372] {dag.py:2972} INFO - Setting next_dagrun for example_sla_dag to 2022-08-02T23:26:00+00:00, run_after=2022-08-02T23:28:00+00:00
[2022-08-02 23:29:25,383] {processor.py:161} INFO - Processing /home/airflow/.local/lib/python3.7/site-packages/airflow/example_dags/example_sla_dag.py took 0.097 seconds
[2022-08-02 23:29:55,504] {processor.py:153} INFO - Started process (PID=879) to work on /home/airflow/.local/lib/python3.7/site-packages/airflow/example_dags/example_sla_dag.py
[2022-08-02 23:29:55,506] {processor.py:641} INFO - Processing file /home/airflow/.local/lib/python3.7/site-packages/airflow/example_dags/example_sla_dag.py for tasks to queue
[2022-08-02 23:29:55,508] {logging_mixin.py:115} INFO - [2022-08-02 23:29:55,508] {dagbag.py:508} INFO - Filling up the DagBag from /home/airflow/.local/lib/python3.7/site-packages/airflow/example_dags/example_sla_dag.py
[2022-08-02 23:29:55,529] {processor.py:651} INFO - DAG(s) dict_keys(['example_sla_dag']) retrieved from /home/airflow/.local/lib/python3.7/site-packages/airflow/example_dags/example_sla_dag.py
[2022-08-02 23:29:55,561] {logging_mixin.py:115} INFO - [2022-08-02 23:29:55,561] {dag.py:2420} INFO - Sync 1 DAGs
[2022-08-02 23:29:55,590] {logging_mixin.py:115} INFO - [2022-08-02 23:29:55,590] {dag.py:2972} INFO - Setting next_dagrun for example_sla_dag to 2022-08-02T23:26:00+00:00, run_after=2022-08-02T23:28:00+00:00
[2022-08-02 23:29:55,610] {processor.py:161} INFO - Processing /home/airflow/.local/lib/python3.7/site-packages/airflow/example_dags/example_sla_dag.py took 0.110 seconds
[2022-08-02 23:30:25,945] {processor.py:153} INFO - Started process (PID=932) to work on /home/airflow/.local/lib/python3.7/site-packages/airflow/example_dags/example_sla_dag.py
[2022-08-02 23:30:25,948] {processor.py:641} INFO - Processing file /home/airflow/.local/lib/python3.7/site-packages/airflow/example_dags/example_sla_dag.py for tasks to queue
[2022-08-02 23:30:25,951] {logging_mixin.py:115} INFO - [2022-08-02 23:30:25,950] {dagbag.py:508} INFO - Filling up the DagBag from /home/airflow/.local/lib/python3.7/site-packages/airflow/example_dags/example_sla_dag.py
[2022-08-02 23:30:26,017] {processor.py:651} INFO - DAG(s) dict_keys(['example_sla_dag']) retrieved from /home/airflow/.local/lib/python3.7/site-packages/airflow/example_dags/example_sla_dag.py
[2022-08-02 23:30:26,106] {logging_mixin.py:115} INFO - [2022-08-02 23:30:26,105] {dag.py:2420} INFO - Sync 1 DAGs
[2022-08-02 23:30:26,152] {logging_mixin.py:115} INFO - [2022-08-02 23:30:26,151] {dag.py:2972} INFO - Setting next_dagrun for example_sla_dag to 2022-08-02T23:28:00+00:00, run_after=2022-08-02T23:30:00+00:00
[2022-08-02 23:30:26,176] {processor.py:161} INFO - Processing /home/airflow/.local/lib/python3.7/site-packages/airflow/example_dags/example_sla_dag.py took 0.239 seconds
[2022-08-02 23:30:57,240] {processor.py:153} INFO - Started process (PID=985) to work on /home/airflow/.local/lib/python3.7/site-packages/airflow/example_dags/example_sla_dag.py
[2022-08-02 23:30:57,243] {processor.py:641} INFO - Processing file /home/airflow/.local/lib/python3.7/site-packages/airflow/example_dags/example_sla_dag.py for tasks to queue
[2022-08-02 23:30:57,246] {logging_mixin.py:115} INFO - [2022-08-02 23:30:57,245] {dagbag.py:508} INFO - Filling up the DagBag from /home/airflow/.local/lib/python3.7/site-packages/airflow/example_dags/example_sla_dag.py
[2022-08-02 23:30:57,271] {processor.py:651} INFO - DAG(s) dict_keys(['example_sla_dag']) retrieved from /home/airflow/.local/lib/python3.7/site-packages/airflow/example_dags/example_sla_dag.py
[2022-08-02 23:30:57,318] {logging_mixin.py:115} INFO - [2022-08-02 23:30:57,318] {dag.py:2420} INFO - Sync 1 DAGs
[2022-08-02 23:30:57,349] {logging_mixin.py:115} INFO - [2022-08-02 23:30:57,349] {dag.py:2972} INFO - Setting next_dagrun for example_sla_dag to 2022-08-02T23:28:00+00:00, run_after=2022-08-02T23:30:00+00:00
[2022-08-02 23:30:57,366] {processor.py:161} INFO - Processing /home/airflow/.local/lib/python3.7/site-packages/airflow/example_dags/example_sla_dag.py took 0.133 seconds
[2022-08-02 23:31:27,782] {processor.py:153} INFO - Started process (PID=1046) to work on /home/airflow/.local/lib/python3.7/site-packages/airflow/example_dags/example_sla_dag.py
[2022-08-02 23:31:27,789] {processor.py:641} INFO - Processing file /home/airflow/.local/lib/python3.7/site-packages/airflow/example_dags/example_sla_dag.py for tasks to queue
[2022-08-02 23:31:27,794] {logging_mixin.py:115} INFO - [2022-08-02 23:31:27,794] {dagbag.py:508} INFO - Filling up the DagBag from /home/airflow/.local/lib/python3.7/site-packages/airflow/example_dags/example_sla_dag.py
[2022-08-02 23:31:27,818] {processor.py:651} INFO - DAG(s) dict_keys(['example_sla_dag']) retrieved from /home/airflow/.local/lib/python3.7/site-packages/airflow/example_dags/example_sla_dag.py
[2022-08-02 23:31:27,936] {logging_mixin.py:115} INFO - [2022-08-02 23:31:27,936] {dag.py:2420} INFO - Sync 1 DAGs
[2022-08-02 23:31:27,992] {logging_mixin.py:115} INFO - [2022-08-02 23:31:27,991] {dag.py:2972} INFO - Setting next_dagrun for example_sla_dag to 2022-08-02T23:28:00+00:00, run_after=2022-08-02T23:30:00+00:00
[2022-08-02 23:31:28,041] {processor.py:161} INFO - Processing /home/airflow/.local/lib/python3.7/site-packages/airflow/example_dags/example_sla_dag.py took 0.266 seconds
[2022-08-02 23:31:58,303] {processor.py:153} INFO - Started process (PID=1098) to work on /home/airflow/.local/lib/python3.7/site-packages/airflow/example_dags/example_sla_dag.py
[2022-08-02 23:31:58,307] {processor.py:641} INFO - Processing file /home/airflow/.local/lib/python3.7/site-packages/airflow/example_dags/example_sla_dag.py for tasks to queue
[2022-08-02 23:31:58,311] {logging_mixin.py:115} INFO - [2022-08-02 23:31:58,310] {dagbag.py:508} INFO - Filling up the DagBag from /home/airflow/.local/lib/python3.7/site-packages/airflow/example_dags/example_sla_dag.py
[2022-08-02 23:31:58,341] {processor.py:651} INFO - DAG(s) dict_keys(['example_sla_dag']) retrieved from /home/airflow/.local/lib/python3.7/site-packages/airflow/example_dags/example_sla_dag.py
[2022-08-02 23:31:58,393] {logging_mixin.py:115} INFO - [2022-08-02 23:31:58,393] {dag.py:2420} INFO - Sync 1 DAGs
[2022-08-02 23:31:58,426] {logging_mixin.py:115} INFO - [2022-08-02 23:31:58,426] {dag.py:2972} INFO - Setting next_dagrun for example_sla_dag to 2022-08-02T23:28:00+00:00, run_after=2022-08-02T23:30:00+00:00
[2022-08-02 23:31:58,459] {processor.py:161} INFO - Processing /home/airflow/.local/lib/python3.7/site-packages/airflow/example_dags/example_sla_dag.py took 0.163 seconds
[2022-08-02 23:32:28,877] {processor.py:153} INFO - Started process (PID=1150) to work on /home/airflow/.local/lib/python3.7/site-packages/airflow/example_dags/example_sla_dag.py
[2022-08-02 23:32:28,885] {processor.py:641} INFO - Processing file /home/airflow/.local/lib/python3.7/site-packages/airflow/example_dags/example_sla_dag.py for tasks to queue
[2022-08-02 23:32:28,887] {logging_mixin.py:115} INFO - [2022-08-02 23:32:28,887] {dagbag.py:508} INFO - Filling up the DagBag from /home/airflow/.local/lib/python3.7/site-packages/airflow/example_dags/example_sla_dag.py
[2022-08-02 23:32:28,913] {processor.py:651} INFO - DAG(s) dict_keys(['example_sla_dag']) retrieved from /home/airflow/.local/lib/python3.7/site-packages/airflow/example_dags/example_sla_dag.py
[2022-08-02 23:32:28,992] {logging_mixin.py:115} INFO - [2022-08-02 23:32:28,992] {dag.py:2420} INFO - Sync 1 DAGs
[2022-08-02 23:32:29,025] {logging_mixin.py:115} INFO - [2022-08-02 23:32:29,025] {dag.py:2972} INFO - Setting next_dagrun for example_sla_dag to 2022-08-02T23:30:00+00:00, run_after=2022-08-02T23:32:00+00:00
[2022-08-02 23:32:29,045] {processor.py:161} INFO - Processing /home/airflow/.local/lib/python3.7/site-packages/airflow/example_dags/example_sla_dag.py took 0.173 seconds
[2022-08-02 23:32:59,277] {processor.py:153} INFO - Started process (PID=1209) to work on /home/airflow/.local/lib/python3.7/site-packages/airflow/example_dags/example_sla_dag.py
[2022-08-02 23:32:59,292] {processor.py:641} INFO - Processing file /home/airflow/.local/lib/python3.7/site-packages/airflow/example_dags/example_sla_dag.py for tasks to queue
[2022-08-02 23:32:59,320] {logging_mixin.py:115} INFO - [2022-08-02 23:32:59,319] {dagbag.py:508} INFO - Filling up the DagBag from /home/airflow/.local/lib/python3.7/site-packages/airflow/example_dags/example_sla_dag.py
[2022-08-02 23:32:59,346] {processor.py:651} INFO - DAG(s) dict_keys(['example_sla_dag']) retrieved from /home/airflow/.local/lib/python3.7/site-packages/airflow/example_dags/example_sla_dag.py
[2022-08-02 23:32:59,416] {logging_mixin.py:115} INFO - [2022-08-02 23:32:59,416] {dag.py:2420} INFO - Sync 1 DAGs
[2022-08-02 23:32:59,459] {logging_mixin.py:115} INFO - [2022-08-02 23:32:59,458] {dag.py:2972} INFO - Setting next_dagrun for example_sla_dag to 2022-08-02T23:30:00+00:00, run_after=2022-08-02T23:32:00+00:00
[2022-08-02 23:32:59,491] {processor.py:161} INFO - Processing /home/airflow/.local/lib/python3.7/site-packages/airflow/example_dags/example_sla_dag.py took 0.222 seconds
[2022-08-02 23:33:29,670] {processor.py:153} INFO - Started process (PID=1262) to work on /home/airflow/.local/lib/python3.7/site-packages/airflow/example_dags/example_sla_dag.py
[2022-08-02 23:33:29,673] {processor.py:641} INFO - Processing file /home/airflow/.local/lib/python3.7/site-packages/airflow/example_dags/example_sla_dag.py for tasks to queue
[2022-08-02 23:33:29,678] {logging_mixin.py:115} INFO - [2022-08-02 23:33:29,678] {dagbag.py:508} INFO - Filling up the DagBag from /home/airflow/.local/lib/python3.7/site-packages/airflow/example_dags/example_sla_dag.py
[2022-08-02 23:33:29,701] {processor.py:651} INFO - DAG(s) dict_keys(['example_sla_dag']) retrieved from /home/airflow/.local/lib/python3.7/site-packages/airflow/example_dags/example_sla_dag.py
[2022-08-02 23:33:29,739] {logging_mixin.py:115} INFO - [2022-08-02 23:33:29,739] {dag.py:2420} INFO - Sync 1 DAGs
[2022-08-02 23:33:29,769] {logging_mixin.py:115} INFO - [2022-08-02 23:33:29,769] {dag.py:2972} INFO - Setting next_dagrun for example_sla_dag to 2022-08-02T23:30:00+00:00, run_after=2022-08-02T23:32:00+00:00
[2022-08-02 23:33:29,784] {processor.py:161} INFO - Processing /home/airflow/.local/lib/python3.7/site-packages/airflow/example_dags/example_sla_dag.py took 0.120 seconds
[2022-08-02 23:34:00,398] {processor.py:153} INFO - Started process (PID=1313) to work on /home/airflow/.local/lib/python3.7/site-packages/airflow/example_dags/example_sla_dag.py
[2022-08-02 23:34:00,400] {processor.py:641} INFO - Processing file /home/airflow/.local/lib/python3.7/site-packages/airflow/example_dags/example_sla_dag.py for tasks to queue
[2022-08-02 23:34:00,402] {logging_mixin.py:115} INFO - [2022-08-02 23:34:00,402] {dagbag.py:508} INFO - Filling up the DagBag from /home/airflow/.local/lib/python3.7/site-packages/airflow/example_dags/example_sla_dag.py
[2022-08-02 23:34:00,417] {processor.py:651} INFO - DAG(s) dict_keys(['example_sla_dag']) retrieved from /home/airflow/.local/lib/python3.7/site-packages/airflow/example_dags/example_sla_dag.py
[2022-08-02 23:34:00,445] {logging_mixin.py:115} INFO - [2022-08-02 23:34:00,445] {dag.py:2420} INFO - Sync 1 DAGs
[2022-08-02 23:34:00,467] {logging_mixin.py:115} INFO - [2022-08-02 23:34:00,467] {dag.py:2972} INFO - Setting next_dagrun for example_sla_dag to 2022-08-02T23:32:00+00:00, run_after=2022-08-02T23:34:00+00:00
[2022-08-02 23:34:00,478] {processor.py:161} INFO - Processing /home/airflow/.local/lib/python3.7/site-packages/airflow/example_dags/example_sla_dag.py took 0.083 seconds
[2022-08-02 23:34:31,166] {processor.py:153} INFO - Started process (PID=1375) to work on /home/airflow/.local/lib/python3.7/site-packages/airflow/example_dags/example_sla_dag.py
[2022-08-02 23:34:31,174] {processor.py:641} INFO - Processing file /home/airflow/.local/lib/python3.7/site-packages/airflow/example_dags/example_sla_dag.py for tasks to queue
[2022-08-02 23:34:31,189] {logging_mixin.py:115} INFO - [2022-08-02 23:34:31,189] {dagbag.py:508} INFO - Filling up the DagBag from /home/airflow/.local/lib/python3.7/site-packages/airflow/example_dags/example_sla_dag.py
[2022-08-02 23:34:31,273] {processor.py:651} INFO - DAG(s) dict_keys(['example_sla_dag']) retrieved from /home/airflow/.local/lib/python3.7/site-packages/airflow/example_dags/example_sla_dag.py
[2022-08-02 23:34:31,342] {logging_mixin.py:115} INFO - [2022-08-02 23:34:31,342] {dag.py:2420} INFO - Sync 1 DAGs
[2022-08-02 23:34:31,385] {logging_mixin.py:115} INFO - [2022-08-02 23:34:31,385] {dag.py:2972} INFO - Setting next_dagrun for example_sla_dag to 2022-08-02T23:32:00+00:00, run_after=2022-08-02T23:34:00+00:00
[2022-08-02 23:34:31,458] {processor.py:161} INFO - Processing /home/airflow/.local/lib/python3.7/site-packages/airflow/example_dags/example_sla_dag.py took 0.305 seconds
[2022-08-02 23:35:16,917] {processor.py:153} INFO - Started process (PID=1427) to work on /home/airflow/.local/lib/python3.7/site-packages/airflow/example_dags/example_sla_dag.py
[2022-08-02 23:35:16,935] {processor.py:641} INFO - Processing file /home/airflow/.local/lib/python3.7/site-packages/airflow/example_dags/example_sla_dag.py for tasks to queue
[2022-08-02 23:35:16,973] {logging_mixin.py:115} INFO - [2022-08-02 23:35:16,972] {dagbag.py:508} INFO - Filling up the DagBag from /home/airflow/.local/lib/python3.7/site-packages/airflow/example_dags/example_sla_dag.py
[2022-08-02 23:35:17,086] {processor.py:651} INFO - DAG(s) dict_keys(['example_sla_dag']) retrieved from /home/airflow/.local/lib/python3.7/site-packages/airflow/example_dags/example_sla_dag.py
[2022-08-02 23:35:17,533] {logging_mixin.py:115} INFO - [2022-08-02 23:35:17,533] {dag.py:2420} INFO - Sync 1 DAGs
[2022-08-02 23:35:18,562] {logging_mixin.py:115} INFO - [2022-08-02 23:35:18,562] {dag.py:2972} INFO - Setting next_dagrun for example_sla_dag to 2022-08-02T23:32:00+00:00, run_after=2022-08-02T23:34:00+00:00
[2022-08-02 23:35:19,014] {processor.py:161} INFO - Processing /home/airflow/.local/lib/python3.7/site-packages/airflow/example_dags/example_sla_dag.py took 2.101 seconds
[2022-08-02 23:35:50,725] {processor.py:153} INFO - Started process (PID=1489) to work on /home/airflow/.local/lib/python3.7/site-packages/airflow/example_dags/example_sla_dag.py
[2022-08-02 23:35:50,730] {processor.py:641} INFO - Processing file /home/airflow/.local/lib/python3.7/site-packages/airflow/example_dags/example_sla_dag.py for tasks to queue
[2022-08-02 23:35:50,735] {logging_mixin.py:115} INFO - [2022-08-02 23:35:50,735] {dagbag.py:508} INFO - Filling up the DagBag from /home/airflow/.local/lib/python3.7/site-packages/airflow/example_dags/example_sla_dag.py
[2022-08-02 23:35:50,763] {processor.py:651} INFO - DAG(s) dict_keys(['example_sla_dag']) retrieved from /home/airflow/.local/lib/python3.7/site-packages/airflow/example_dags/example_sla_dag.py
[2022-08-02 23:35:50,802] {logging_mixin.py:115} INFO - [2022-08-02 23:35:50,802] {dag.py:2420} INFO - Sync 1 DAGs
[2022-08-02 23:35:50,856] {logging_mixin.py:115} INFO - [2022-08-02 23:35:50,856] {dag.py:2972} INFO - Setting next_dagrun for example_sla_dag to 2022-08-02T23:32:00+00:00, run_after=2022-08-02T23:34:00+00:00
[2022-08-02 23:35:50,886] {processor.py:161} INFO - Processing /home/airflow/.local/lib/python3.7/site-packages/airflow/example_dags/example_sla_dag.py took 0.169 seconds
[2022-08-02 23:36:21,508] {processor.py:153} INFO - Started process (PID=1542) to work on /home/airflow/.local/lib/python3.7/site-packages/airflow/example_dags/example_sla_dag.py
[2022-08-02 23:36:21,510] {processor.py:641} INFO - Processing file /home/airflow/.local/lib/python3.7/site-packages/airflow/example_dags/example_sla_dag.py for tasks to queue
[2022-08-02 23:36:21,512] {logging_mixin.py:115} INFO - [2022-08-02 23:36:21,511] {dagbag.py:508} INFO - Filling up the DagBag from /home/airflow/.local/lib/python3.7/site-packages/airflow/example_dags/example_sla_dag.py
[2022-08-02 23:36:21,530] {processor.py:651} INFO - DAG(s) dict_keys(['example_sla_dag']) retrieved from /home/airflow/.local/lib/python3.7/site-packages/airflow/example_dags/example_sla_dag.py
[2022-08-02 23:36:21,560] {logging_mixin.py:115} INFO - [2022-08-02 23:36:21,560] {dag.py:2420} INFO - Sync 1 DAGs
[2022-08-02 23:36:21,583] {logging_mixin.py:115} INFO - [2022-08-02 23:36:21,583] {dag.py:2972} INFO - Setting next_dagrun for example_sla_dag to 2022-08-02T23:34:00+00:00, run_after=2022-08-02T23:36:00+00:00
[2022-08-02 23:36:21,593] {processor.py:161} INFO - Processing /home/airflow/.local/lib/python3.7/site-packages/airflow/example_dags/example_sla_dag.py took 0.088 seconds
[2022-08-02 23:36:51,674] {processor.py:153} INFO - Started process (PID=1603) to work on /home/airflow/.local/lib/python3.7/site-packages/airflow/example_dags/example_sla_dag.py
[2022-08-02 23:36:51,678] {processor.py:641} INFO - Processing file /home/airflow/.local/lib/python3.7/site-packages/airflow/example_dags/example_sla_dag.py for tasks to queue
[2022-08-02 23:36:51,683] {logging_mixin.py:115} INFO - [2022-08-02 23:36:51,683] {dagbag.py:508} INFO - Filling up the DagBag from /home/airflow/.local/lib/python3.7/site-packages/airflow/example_dags/example_sla_dag.py
[2022-08-02 23:36:51,703] {processor.py:651} INFO - DAG(s) dict_keys(['example_sla_dag']) retrieved from /home/airflow/.local/lib/python3.7/site-packages/airflow/example_dags/example_sla_dag.py
[2022-08-02 23:36:51,741] {logging_mixin.py:115} INFO - [2022-08-02 23:36:51,740] {dag.py:2420} INFO - Sync 1 DAGs
[2022-08-02 23:36:51,773] {logging_mixin.py:115} INFO - [2022-08-02 23:36:51,773] {dag.py:2972} INFO - Setting next_dagrun for example_sla_dag to 2022-08-02T23:34:00+00:00, run_after=2022-08-02T23:36:00+00:00
[2022-08-02 23:36:51,791] {processor.py:161} INFO - Processing /home/airflow/.local/lib/python3.7/site-packages/airflow/example_dags/example_sla_dag.py took 0.121 seconds
[2022-08-02 23:37:22,128] {processor.py:153} INFO - Started process (PID=1655) to work on /home/airflow/.local/lib/python3.7/site-packages/airflow/example_dags/example_sla_dag.py
[2022-08-02 23:37:22,134] {processor.py:641} INFO - Processing file /home/airflow/.local/lib/python3.7/site-packages/airflow/example_dags/example_sla_dag.py for tasks to queue
[2022-08-02 23:37:22,136] {logging_mixin.py:115} INFO - [2022-08-02 23:37:22,136] {dagbag.py:508} INFO - Filling up the DagBag from /home/airflow/.local/lib/python3.7/site-packages/airflow/example_dags/example_sla_dag.py
[2022-08-02 23:37:22,159] {processor.py:651} INFO - DAG(s) dict_keys(['example_sla_dag']) retrieved from /home/airflow/.local/lib/python3.7/site-packages/airflow/example_dags/example_sla_dag.py
[2022-08-02 23:37:22,189] {logging_mixin.py:115} INFO - [2022-08-02 23:37:22,189] {dag.py:2420} INFO - Sync 1 DAGs
[2022-08-02 23:37:22,216] {logging_mixin.py:115} INFO - [2022-08-02 23:37:22,216] {dag.py:2972} INFO - Setting next_dagrun for example_sla_dag to 2022-08-02T23:34:00+00:00, run_after=2022-08-02T23:36:00+00:00
[2022-08-02 23:37:22,233] {processor.py:161} INFO - Processing /home/airflow/.local/lib/python3.7/site-packages/airflow/example_dags/example_sla_dag.py took 0.109 seconds
[2022-08-02 23:37:52,731] {processor.py:153} INFO - Started process (PID=1716) to work on /home/airflow/.local/lib/python3.7/site-packages/airflow/example_dags/example_sla_dag.py
[2022-08-02 23:37:52,735] {processor.py:641} INFO - Processing file /home/airflow/.local/lib/python3.7/site-packages/airflow/example_dags/example_sla_dag.py for tasks to queue
[2022-08-02 23:37:52,739] {logging_mixin.py:115} INFO - [2022-08-02 23:37:52,739] {dagbag.py:508} INFO - Filling up the DagBag from /home/airflow/.local/lib/python3.7/site-packages/airflow/example_dags/example_sla_dag.py
[2022-08-02 23:37:52,766] {processor.py:651} INFO - DAG(s) dict_keys(['example_sla_dag']) retrieved from /home/airflow/.local/lib/python3.7/site-packages/airflow/example_dags/example_sla_dag.py
[2022-08-02 23:37:52,809] {logging_mixin.py:115} INFO - [2022-08-02 23:37:52,809] {dag.py:2420} INFO - Sync 1 DAGs
[2022-08-02 23:37:52,885] {logging_mixin.py:115} INFO - [2022-08-02 23:37:52,884] {dag.py:2972} INFO - Setting next_dagrun for example_sla_dag to 2022-08-02T23:34:00+00:00, run_after=2022-08-02T23:36:00+00:00
[2022-08-02 23:37:52,923] {processor.py:161} INFO - Processing /home/airflow/.local/lib/python3.7/site-packages/airflow/example_dags/example_sla_dag.py took 0.195 seconds
[2022-08-02 23:38:23,128] {processor.py:153} INFO - Started process (PID=1767) to work on /home/airflow/.local/lib/python3.7/site-packages/airflow/example_dags/example_sla_dag.py
[2022-08-02 23:38:23,134] {processor.py:641} INFO - Processing file /home/airflow/.local/lib/python3.7/site-packages/airflow/example_dags/example_sla_dag.py for tasks to queue
[2022-08-02 23:38:23,138] {logging_mixin.py:115} INFO - [2022-08-02 23:38:23,138] {dagbag.py:508} INFO - Filling up the DagBag from /home/airflow/.local/lib/python3.7/site-packages/airflow/example_dags/example_sla_dag.py
[2022-08-02 23:38:23,159] {processor.py:651} INFO - DAG(s) dict_keys(['example_sla_dag']) retrieved from /home/airflow/.local/lib/python3.7/site-packages/airflow/example_dags/example_sla_dag.py
[2022-08-02 23:38:23,189] {logging_mixin.py:115} INFO - [2022-08-02 23:38:23,189] {dag.py:2420} INFO - Sync 1 DAGs
[2022-08-02 23:38:23,227] {logging_mixin.py:115} INFO - [2022-08-02 23:38:23,227] {dag.py:2972} INFO - Setting next_dagrun for example_sla_dag to 2022-08-02T23:36:00+00:00, run_after=2022-08-02T23:38:00+00:00
[2022-08-02 23:38:23,246] {processor.py:161} INFO - Processing /home/airflow/.local/lib/python3.7/site-packages/airflow/example_dags/example_sla_dag.py took 0.123 seconds
[2022-08-02 23:38:53,319] {processor.py:153} INFO - Started process (PID=1828) to work on /home/airflow/.local/lib/python3.7/site-packages/airflow/example_dags/example_sla_dag.py
[2022-08-02 23:38:53,323] {processor.py:641} INFO - Processing file /home/airflow/.local/lib/python3.7/site-packages/airflow/example_dags/example_sla_dag.py for tasks to queue
[2022-08-02 23:38:53,326] {logging_mixin.py:115} INFO - [2022-08-02 23:38:53,326] {dagbag.py:508} INFO - Filling up the DagBag from /home/airflow/.local/lib/python3.7/site-packages/airflow/example_dags/example_sla_dag.py
[2022-08-02 23:38:53,346] {processor.py:651} INFO - DAG(s) dict_keys(['example_sla_dag']) retrieved from /home/airflow/.local/lib/python3.7/site-packages/airflow/example_dags/example_sla_dag.py
[2022-08-02 23:38:53,379] {logging_mixin.py:115} INFO - [2022-08-02 23:38:53,379] {dag.py:2420} INFO - Sync 1 DAGs
[2022-08-02 23:38:53,405] {logging_mixin.py:115} INFO - [2022-08-02 23:38:53,405] {dag.py:2972} INFO - Setting next_dagrun for example_sla_dag to 2022-08-02T23:36:00+00:00, run_after=2022-08-02T23:38:00+00:00
[2022-08-02 23:38:53,419] {processor.py:161} INFO - Processing /home/airflow/.local/lib/python3.7/site-packages/airflow/example_dags/example_sla_dag.py took 0.104 seconds
[2022-08-02 23:39:23,900] {processor.py:153} INFO - Started process (PID=1889) to work on /home/airflow/.local/lib/python3.7/site-packages/airflow/example_dags/example_sla_dag.py
[2022-08-02 23:39:23,908] {processor.py:641} INFO - Processing file /home/airflow/.local/lib/python3.7/site-packages/airflow/example_dags/example_sla_dag.py for tasks to queue
[2022-08-02 23:39:23,913] {logging_mixin.py:115} INFO - [2022-08-02 23:39:23,912] {dagbag.py:508} INFO - Filling up the DagBag from /home/airflow/.local/lib/python3.7/site-packages/airflow/example_dags/example_sla_dag.py
[2022-08-02 23:39:23,985] {processor.py:651} INFO - DAG(s) dict_keys(['example_sla_dag']) retrieved from /home/airflow/.local/lib/python3.7/site-packages/airflow/example_dags/example_sla_dag.py
[2022-08-02 23:39:24,069] {logging_mixin.py:115} INFO - [2022-08-02 23:39:24,069] {dag.py:2420} INFO - Sync 1 DAGs
[2022-08-02 23:39:24,104] {logging_mixin.py:115} INFO - [2022-08-02 23:39:24,104] {dag.py:2972} INFO - Setting next_dagrun for example_sla_dag to 2022-08-02T23:36:00+00:00, run_after=2022-08-02T23:38:00+00:00
[2022-08-02 23:39:24,122] {processor.py:161} INFO - Processing /home/airflow/.local/lib/python3.7/site-packages/airflow/example_dags/example_sla_dag.py took 0.239 seconds
[2022-08-02 23:39:54,530] {processor.py:153} INFO - Started process (PID=1940) to work on /home/airflow/.local/lib/python3.7/site-packages/airflow/example_dags/example_sla_dag.py
[2022-08-02 23:39:54,535] {processor.py:641} INFO - Processing file /home/airflow/.local/lib/python3.7/site-packages/airflow/example_dags/example_sla_dag.py for tasks to queue
[2022-08-02 23:39:54,538] {logging_mixin.py:115} INFO - [2022-08-02 23:39:54,537] {dagbag.py:508} INFO - Filling up the DagBag from /home/airflow/.local/lib/python3.7/site-packages/airflow/example_dags/example_sla_dag.py
[2022-08-02 23:39:54,560] {processor.py:651} INFO - DAG(s) dict_keys(['example_sla_dag']) retrieved from /home/airflow/.local/lib/python3.7/site-packages/airflow/example_dags/example_sla_dag.py
[2022-08-02 23:39:54,609] {logging_mixin.py:115} INFO - [2022-08-02 23:39:54,609] {dag.py:2420} INFO - Sync 1 DAGs
[2022-08-02 23:39:54,639] {logging_mixin.py:115} INFO - [2022-08-02 23:39:54,639] {dag.py:2972} INFO - Setting next_dagrun for example_sla_dag to 2022-08-02T23:36:00+00:00, run_after=2022-08-02T23:38:00+00:00
[2022-08-02 23:39:54,657] {processor.py:161} INFO - Processing /home/airflow/.local/lib/python3.7/site-packages/airflow/example_dags/example_sla_dag.py took 0.133 seconds
[2022-08-02 23:40:25,113] {processor.py:153} INFO - Started process (PID=1992) to work on /home/airflow/.local/lib/python3.7/site-packages/airflow/example_dags/example_sla_dag.py
[2022-08-02 23:40:25,149] {processor.py:641} INFO - Processing file /home/airflow/.local/lib/python3.7/site-packages/airflow/example_dags/example_sla_dag.py for tasks to queue
[2022-08-02 23:40:25,155] {logging_mixin.py:115} INFO - [2022-08-02 23:40:25,155] {dagbag.py:508} INFO - Filling up the DagBag from /home/airflow/.local/lib/python3.7/site-packages/airflow/example_dags/example_sla_dag.py
[2022-08-02 23:40:25,186] {processor.py:651} INFO - DAG(s) dict_keys(['example_sla_dag']) retrieved from /home/airflow/.local/lib/python3.7/site-packages/airflow/example_dags/example_sla_dag.py
[2022-08-02 23:40:25,227] {logging_mixin.py:115} INFO - [2022-08-02 23:40:25,227] {dag.py:2420} INFO - Sync 1 DAGs
[2022-08-02 23:40:25,250] {logging_mixin.py:115} INFO - [2022-08-02 23:40:25,250] {dag.py:2972} INFO - Setting next_dagrun for example_sla_dag to 2022-08-02T23:38:00+00:00, run_after=2022-08-02T23:40:00+00:00
[2022-08-02 23:40:25,280] {processor.py:161} INFO - Processing /home/airflow/.local/lib/python3.7/site-packages/airflow/example_dags/example_sla_dag.py took 0.173 seconds
[2022-08-02 23:40:55,418] {processor.py:153} INFO - Started process (PID=2043) to work on /home/airflow/.local/lib/python3.7/site-packages/airflow/example_dags/example_sla_dag.py
[2022-08-02 23:40:55,425] {processor.py:641} INFO - Processing file /home/airflow/.local/lib/python3.7/site-packages/airflow/example_dags/example_sla_dag.py for tasks to queue
[2022-08-02 23:40:55,430] {logging_mixin.py:115} INFO - [2022-08-02 23:40:55,430] {dagbag.py:508} INFO - Filling up the DagBag from /home/airflow/.local/lib/python3.7/site-packages/airflow/example_dags/example_sla_dag.py
[2022-08-02 23:40:55,454] {processor.py:651} INFO - DAG(s) dict_keys(['example_sla_dag']) retrieved from /home/airflow/.local/lib/python3.7/site-packages/airflow/example_dags/example_sla_dag.py
[2022-08-02 23:40:55,488] {logging_mixin.py:115} INFO - [2022-08-02 23:40:55,488] {dag.py:2420} INFO - Sync 1 DAGs
[2022-08-02 23:40:55,511] {logging_mixin.py:115} INFO - [2022-08-02 23:40:55,511] {dag.py:2972} INFO - Setting next_dagrun for example_sla_dag to 2022-08-02T23:38:00+00:00, run_after=2022-08-02T23:40:00+00:00
[2022-08-02 23:40:55,522] {processor.py:161} INFO - Processing /home/airflow/.local/lib/python3.7/site-packages/airflow/example_dags/example_sla_dag.py took 0.107 seconds
[2022-08-02 23:41:55,673] {processor.py:153} INFO - Started process (PID=2082) to work on /home/airflow/.local/lib/python3.7/site-packages/airflow/example_dags/example_sla_dag.py
[2022-08-02 23:41:55,677] {processor.py:641} INFO - Processing file /home/airflow/.local/lib/python3.7/site-packages/airflow/example_dags/example_sla_dag.py for tasks to queue
[2022-08-02 23:41:55,682] {logging_mixin.py:115} INFO - [2022-08-02 23:41:55,681] {dagbag.py:508} INFO - Filling up the DagBag from /home/airflow/.local/lib/python3.7/site-packages/airflow/example_dags/example_sla_dag.py
[2022-08-02 23:41:55,701] {processor.py:651} INFO - DAG(s) dict_keys(['example_sla_dag']) retrieved from /home/airflow/.local/lib/python3.7/site-packages/airflow/example_dags/example_sla_dag.py
[2022-08-02 23:41:55,787] {logging_mixin.py:115} INFO - [2022-08-02 23:41:55,787] {dag.py:2420} INFO - Sync 1 DAGs
[2022-08-02 23:41:55,848] {logging_mixin.py:115} INFO - [2022-08-02 23:41:55,847] {dag.py:2972} INFO - Setting next_dagrun for example_sla_dag to 2022-08-02T23:38:00+00:00, run_after=2022-08-02T23:40:00+00:00
[2022-08-02 23:41:55,971] {processor.py:161} INFO - Processing /home/airflow/.local/lib/python3.7/site-packages/airflow/example_dags/example_sla_dag.py took 0.304 seconds
[2022-08-02 23:55:24,514] {processor.py:153} INFO - Started process (PID=2132) to work on /home/airflow/.local/lib/python3.7/site-packages/airflow/example_dags/example_sla_dag.py
[2022-08-02 23:55:24,521] {processor.py:641} INFO - Processing file /home/airflow/.local/lib/python3.7/site-packages/airflow/example_dags/example_sla_dag.py for tasks to queue
[2022-08-02 23:55:24,527] {logging_mixin.py:115} INFO - [2022-08-02 23:55:24,527] {dagbag.py:508} INFO - Filling up the DagBag from /home/airflow/.local/lib/python3.7/site-packages/airflow/example_dags/example_sla_dag.py
[2022-08-02 23:55:24,649] {processor.py:651} INFO - DAG(s) dict_keys(['example_sla_dag']) retrieved from /home/airflow/.local/lib/python3.7/site-packages/airflow/example_dags/example_sla_dag.py
[2022-08-02 23:55:24,793] {logging_mixin.py:115} INFO - [2022-08-02 23:55:24,792] {dag.py:2420} INFO - Sync 1 DAGs
[2022-08-02 23:55:24,891] {logging_mixin.py:115} INFO - [2022-08-02 23:55:24,891] {dag.py:2972} INFO - Setting next_dagrun for example_sla_dag to 2022-08-02T23:52:00+00:00, run_after=2022-08-02T23:54:00+00:00
[2022-08-02 23:55:24,935] {processor.py:161} INFO - Processing /home/airflow/.local/lib/python3.7/site-packages/airflow/example_dags/example_sla_dag.py took 0.458 seconds
[2022-08-02 23:55:58,494] {processor.py:153} INFO - Started process (PID=2192) to work on /home/airflow/.local/lib/python3.7/site-packages/airflow/example_dags/example_sla_dag.py
[2022-08-02 23:55:58,517] {processor.py:641} INFO - Processing file /home/airflow/.local/lib/python3.7/site-packages/airflow/example_dags/example_sla_dag.py for tasks to queue
[2022-08-02 23:55:58,526] {logging_mixin.py:115} INFO - [2022-08-02 23:55:58,526] {dagbag.py:508} INFO - Filling up the DagBag from /home/airflow/.local/lib/python3.7/site-packages/airflow/example_dags/example_sla_dag.py
[2022-08-02 23:55:58,554] {processor.py:651} INFO - DAG(s) dict_keys(['example_sla_dag']) retrieved from /home/airflow/.local/lib/python3.7/site-packages/airflow/example_dags/example_sla_dag.py
[2022-08-02 23:55:58,634] {logging_mixin.py:115} INFO - [2022-08-02 23:55:58,634] {dag.py:2420} INFO - Sync 1 DAGs
[2022-08-02 23:55:58,672] {logging_mixin.py:115} INFO - [2022-08-02 23:55:58,672] {dag.py:2972} INFO - Setting next_dagrun for example_sla_dag to 2022-08-02T23:52:00+00:00, run_after=2022-08-02T23:54:00+00:00
[2022-08-02 23:55:58,743] {processor.py:161} INFO - Processing /home/airflow/.local/lib/python3.7/site-packages/airflow/example_dags/example_sla_dag.py took 0.257 seconds
