[2022-08-02 23:22:08,088] {processor.py:153} INFO - Started process (PID=82) to work on /home/airflow/.local/lib/python3.7/site-packages/airflow/example_dags/example_python_operator.py
[2022-08-02 23:22:08,101] {processor.py:641} INFO - Processing file /home/airflow/.local/lib/python3.7/site-packages/airflow/example_dags/example_python_operator.py for tasks to queue
[2022-08-02 23:22:08,159] {logging_mixin.py:115} INFO - [2022-08-02 23:22:08,159] {dagbag.py:508} INFO - Filling up the DagBag from /home/airflow/.local/lib/python3.7/site-packages/airflow/example_dags/example_python_operator.py
[2022-08-02 23:22:08,679] {processor.py:651} INFO - DAG(s) dict_keys(['example_python_operator']) retrieved from /home/airflow/.local/lib/python3.7/site-packages/airflow/example_dags/example_python_operator.py
[2022-08-02 23:22:09,309] {logging_mixin.py:115} INFO - [2022-08-02 23:22:09,309] {manager.py:508} INFO - Created Permission View: can read on DAG:example_python_operator
[2022-08-02 23:22:09,353] {logging_mixin.py:115} INFO - [2022-08-02 23:22:09,353] {manager.py:508} INFO - Created Permission View: can edit on DAG:example_python_operator
[2022-08-02 23:22:09,410] {logging_mixin.py:115} INFO - [2022-08-02 23:22:09,409] {manager.py:508} INFO - Created Permission View: can delete on DAG:example_python_operator
[2022-08-02 23:22:09,417] {logging_mixin.py:115} INFO - [2022-08-02 23:22:09,416] {dag.py:2420} INFO - Sync 1 DAGs
[2022-08-02 23:22:09,538] {logging_mixin.py:115} INFO - [2022-08-02 23:22:09,537] {dag.py:2439} INFO - Creating ORM DAG for example_python_operator
[2022-08-02 23:22:09,594] {logging_mixin.py:115} INFO - [2022-08-02 23:22:09,594] {dag.py:2972} INFO - Setting next_dagrun for example_python_operator to None, run_after=None
[2022-08-02 23:22:09,655] {processor.py:161} INFO - Processing /home/airflow/.local/lib/python3.7/site-packages/airflow/example_dags/example_python_operator.py took 1.932 seconds
[2022-08-02 23:22:39,810] {processor.py:153} INFO - Started process (PID=133) to work on /home/airflow/.local/lib/python3.7/site-packages/airflow/example_dags/example_python_operator.py
[2022-08-02 23:22:39,818] {processor.py:641} INFO - Processing file /home/airflow/.local/lib/python3.7/site-packages/airflow/example_dags/example_python_operator.py for tasks to queue
[2022-08-02 23:22:39,837] {logging_mixin.py:115} INFO - [2022-08-02 23:22:39,837] {dagbag.py:508} INFO - Filling up the DagBag from /home/airflow/.local/lib/python3.7/site-packages/airflow/example_dags/example_python_operator.py
[2022-08-02 23:22:39,896] {processor.py:651} INFO - DAG(s) dict_keys(['example_python_operator']) retrieved from /home/airflow/.local/lib/python3.7/site-packages/airflow/example_dags/example_python_operator.py
[2022-08-02 23:22:39,952] {logging_mixin.py:115} INFO - [2022-08-02 23:22:39,951] {dag.py:2420} INFO - Sync 1 DAGs
[2022-08-02 23:22:40,023] {logging_mixin.py:115} INFO - [2022-08-02 23:22:40,023] {dag.py:2972} INFO - Setting next_dagrun for example_python_operator to None, run_after=None
[2022-08-02 23:22:40,052] {processor.py:161} INFO - Processing /home/airflow/.local/lib/python3.7/site-packages/airflow/example_dags/example_python_operator.py took 0.255 seconds
[2022-08-02 23:23:10,478] {processor.py:153} INFO - Started process (PID=186) to work on /home/airflow/.local/lib/python3.7/site-packages/airflow/example_dags/example_python_operator.py
[2022-08-02 23:23:10,486] {processor.py:641} INFO - Processing file /home/airflow/.local/lib/python3.7/site-packages/airflow/example_dags/example_python_operator.py for tasks to queue
[2022-08-02 23:23:10,489] {logging_mixin.py:115} INFO - [2022-08-02 23:23:10,489] {dagbag.py:508} INFO - Filling up the DagBag from /home/airflow/.local/lib/python3.7/site-packages/airflow/example_dags/example_python_operator.py
[2022-08-02 23:23:10,518] {processor.py:651} INFO - DAG(s) dict_keys(['example_python_operator']) retrieved from /home/airflow/.local/lib/python3.7/site-packages/airflow/example_dags/example_python_operator.py
[2022-08-02 23:23:10,551] {logging_mixin.py:115} INFO - [2022-08-02 23:23:10,551] {dag.py:2420} INFO - Sync 1 DAGs
[2022-08-02 23:23:10,581] {logging_mixin.py:115} INFO - [2022-08-02 23:23:10,581] {dag.py:2972} INFO - Setting next_dagrun for example_python_operator to None, run_after=None
[2022-08-02 23:23:10,597] {processor.py:161} INFO - Processing /home/airflow/.local/lib/python3.7/site-packages/airflow/example_dags/example_python_operator.py took 0.121 seconds
[2022-08-02 23:23:40,943] {processor.py:153} INFO - Started process (PID=238) to work on /home/airflow/.local/lib/python3.7/site-packages/airflow/example_dags/example_python_operator.py
[2022-08-02 23:23:40,950] {processor.py:641} INFO - Processing file /home/airflow/.local/lib/python3.7/site-packages/airflow/example_dags/example_python_operator.py for tasks to queue
[2022-08-02 23:23:40,960] {logging_mixin.py:115} INFO - [2022-08-02 23:23:40,960] {dagbag.py:508} INFO - Filling up the DagBag from /home/airflow/.local/lib/python3.7/site-packages/airflow/example_dags/example_python_operator.py
[2022-08-02 23:23:41,026] {processor.py:651} INFO - DAG(s) dict_keys(['example_python_operator']) retrieved from /home/airflow/.local/lib/python3.7/site-packages/airflow/example_dags/example_python_operator.py
[2022-08-02 23:23:41,131] {logging_mixin.py:115} INFO - [2022-08-02 23:23:41,131] {dag.py:2420} INFO - Sync 1 DAGs
[2022-08-02 23:23:41,193] {logging_mixin.py:115} INFO - [2022-08-02 23:23:41,193] {dag.py:2972} INFO - Setting next_dagrun for example_python_operator to None, run_after=None
[2022-08-02 23:23:41,227] {processor.py:161} INFO - Processing /home/airflow/.local/lib/python3.7/site-packages/airflow/example_dags/example_python_operator.py took 0.303 seconds
[2022-08-02 23:24:11,670] {processor.py:153} INFO - Started process (PID=300) to work on /home/airflow/.local/lib/python3.7/site-packages/airflow/example_dags/example_python_operator.py
[2022-08-02 23:24:11,694] {processor.py:641} INFO - Processing file /home/airflow/.local/lib/python3.7/site-packages/airflow/example_dags/example_python_operator.py for tasks to queue
[2022-08-02 23:24:11,706] {logging_mixin.py:115} INFO - [2022-08-02 23:24:11,706] {dagbag.py:508} INFO - Filling up the DagBag from /home/airflow/.local/lib/python3.7/site-packages/airflow/example_dags/example_python_operator.py
[2022-08-02 23:24:11,800] {processor.py:651} INFO - DAG(s) dict_keys(['example_python_operator']) retrieved from /home/airflow/.local/lib/python3.7/site-packages/airflow/example_dags/example_python_operator.py
[2022-08-02 23:24:11,981] {logging_mixin.py:115} INFO - [2022-08-02 23:24:11,981] {dag.py:2420} INFO - Sync 1 DAGs
[2022-08-02 23:24:12,048] {logging_mixin.py:115} INFO - [2022-08-02 23:24:12,048] {dag.py:2972} INFO - Setting next_dagrun for example_python_operator to None, run_after=None
[2022-08-02 23:24:12,082] {processor.py:161} INFO - Processing /home/airflow/.local/lib/python3.7/site-packages/airflow/example_dags/example_python_operator.py took 0.428 seconds
[2022-08-02 23:24:42,737] {processor.py:153} INFO - Started process (PID=351) to work on /home/airflow/.local/lib/python3.7/site-packages/airflow/example_dags/example_python_operator.py
[2022-08-02 23:24:42,747] {processor.py:641} INFO - Processing file /home/airflow/.local/lib/python3.7/site-packages/airflow/example_dags/example_python_operator.py for tasks to queue
[2022-08-02 23:24:42,770] {logging_mixin.py:115} INFO - [2022-08-02 23:24:42,770] {dagbag.py:508} INFO - Filling up the DagBag from /home/airflow/.local/lib/python3.7/site-packages/airflow/example_dags/example_python_operator.py
[2022-08-02 23:24:42,915] {processor.py:651} INFO - DAG(s) dict_keys(['example_python_operator']) retrieved from /home/airflow/.local/lib/python3.7/site-packages/airflow/example_dags/example_python_operator.py
[2022-08-02 23:24:43,064] {logging_mixin.py:115} INFO - [2022-08-02 23:24:43,064] {dag.py:2420} INFO - Sync 1 DAGs
[2022-08-02 23:24:43,235] {logging_mixin.py:115} INFO - [2022-08-02 23:24:43,235] {dag.py:2972} INFO - Setting next_dagrun for example_python_operator to None, run_after=None
[2022-08-02 23:24:43,396] {processor.py:161} INFO - Processing /home/airflow/.local/lib/python3.7/site-packages/airflow/example_dags/example_python_operator.py took 0.668 seconds
[2022-08-02 23:25:13,691] {processor.py:153} INFO - Started process (PID=393) to work on /home/airflow/.local/lib/python3.7/site-packages/airflow/example_dags/example_python_operator.py
[2022-08-02 23:25:13,694] {processor.py:641} INFO - Processing file /home/airflow/.local/lib/python3.7/site-packages/airflow/example_dags/example_python_operator.py for tasks to queue
[2022-08-02 23:25:13,699] {logging_mixin.py:115} INFO - [2022-08-02 23:25:13,698] {dagbag.py:508} INFO - Filling up the DagBag from /home/airflow/.local/lib/python3.7/site-packages/airflow/example_dags/example_python_operator.py
[2022-08-02 23:25:13,726] {processor.py:651} INFO - DAG(s) dict_keys(['example_python_operator']) retrieved from /home/airflow/.local/lib/python3.7/site-packages/airflow/example_dags/example_python_operator.py
[2022-08-02 23:25:13,770] {logging_mixin.py:115} INFO - [2022-08-02 23:25:13,770] {dag.py:2420} INFO - Sync 1 DAGs
[2022-08-02 23:25:13,792] {logging_mixin.py:115} INFO - [2022-08-02 23:25:13,792] {dag.py:2972} INFO - Setting next_dagrun for example_python_operator to None, run_after=None
[2022-08-02 23:25:13,812] {processor.py:161} INFO - Processing /home/airflow/.local/lib/python3.7/site-packages/airflow/example_dags/example_python_operator.py took 0.126 seconds
[2022-08-02 23:25:44,317] {processor.py:153} INFO - Started process (PID=452) to work on /home/airflow/.local/lib/python3.7/site-packages/airflow/example_dags/example_python_operator.py
[2022-08-02 23:25:44,330] {processor.py:641} INFO - Processing file /home/airflow/.local/lib/python3.7/site-packages/airflow/example_dags/example_python_operator.py for tasks to queue
[2022-08-02 23:25:44,343] {logging_mixin.py:115} INFO - [2022-08-02 23:25:44,343] {dagbag.py:508} INFO - Filling up the DagBag from /home/airflow/.local/lib/python3.7/site-packages/airflow/example_dags/example_python_operator.py
[2022-08-02 23:25:44,393] {processor.py:651} INFO - DAG(s) dict_keys(['example_python_operator']) retrieved from /home/airflow/.local/lib/python3.7/site-packages/airflow/example_dags/example_python_operator.py
[2022-08-02 23:25:44,576] {logging_mixin.py:115} INFO - [2022-08-02 23:25:44,576] {dag.py:2420} INFO - Sync 1 DAGs
[2022-08-02 23:25:44,664] {logging_mixin.py:115} INFO - [2022-08-02 23:25:44,664] {dag.py:2972} INFO - Setting next_dagrun for example_python_operator to None, run_after=None
[2022-08-02 23:25:44,698] {processor.py:161} INFO - Processing /home/airflow/.local/lib/python3.7/site-packages/airflow/example_dags/example_python_operator.py took 0.388 seconds
[2022-08-02 23:26:15,522] {processor.py:153} INFO - Started process (PID=506) to work on /home/airflow/.local/lib/python3.7/site-packages/airflow/example_dags/example_python_operator.py
[2022-08-02 23:26:15,531] {processor.py:641} INFO - Processing file /home/airflow/.local/lib/python3.7/site-packages/airflow/example_dags/example_python_operator.py for tasks to queue
[2022-08-02 23:26:15,537] {logging_mixin.py:115} INFO - [2022-08-02 23:26:15,537] {dagbag.py:508} INFO - Filling up the DagBag from /home/airflow/.local/lib/python3.7/site-packages/airflow/example_dags/example_python_operator.py
[2022-08-02 23:26:15,557] {processor.py:651} INFO - DAG(s) dict_keys(['example_python_operator']) retrieved from /home/airflow/.local/lib/python3.7/site-packages/airflow/example_dags/example_python_operator.py
[2022-08-02 23:26:15,591] {logging_mixin.py:115} INFO - [2022-08-02 23:26:15,591] {dag.py:2420} INFO - Sync 1 DAGs
[2022-08-02 23:26:15,613] {logging_mixin.py:115} INFO - [2022-08-02 23:26:15,612] {dag.py:2972} INFO - Setting next_dagrun for example_python_operator to None, run_after=None
[2022-08-02 23:26:15,629] {processor.py:161} INFO - Processing /home/airflow/.local/lib/python3.7/site-packages/airflow/example_dags/example_python_operator.py took 0.115 seconds
[2022-08-02 23:26:45,935] {processor.py:153} INFO - Started process (PID=559) to work on /home/airflow/.local/lib/python3.7/site-packages/airflow/example_dags/example_python_operator.py
[2022-08-02 23:26:45,952] {processor.py:641} INFO - Processing file /home/airflow/.local/lib/python3.7/site-packages/airflow/example_dags/example_python_operator.py for tasks to queue
[2022-08-02 23:26:45,975] {logging_mixin.py:115} INFO - [2022-08-02 23:26:45,975] {dagbag.py:508} INFO - Filling up the DagBag from /home/airflow/.local/lib/python3.7/site-packages/airflow/example_dags/example_python_operator.py
[2022-08-02 23:26:46,696] {processor.py:651} INFO - DAG(s) dict_keys(['example_python_operator']) retrieved from /home/airflow/.local/lib/python3.7/site-packages/airflow/example_dags/example_python_operator.py
[2022-08-02 23:26:47,346] {logging_mixin.py:115} INFO - [2022-08-02 23:26:47,346] {dag.py:2420} INFO - Sync 1 DAGs
[2022-08-02 23:26:47,424] {logging_mixin.py:115} INFO - [2022-08-02 23:26:47,424] {dag.py:2972} INFO - Setting next_dagrun for example_python_operator to None, run_after=None
[2022-08-02 23:26:47,497] {processor.py:161} INFO - Processing /home/airflow/.local/lib/python3.7/site-packages/airflow/example_dags/example_python_operator.py took 1.603 seconds
[2022-08-02 23:27:18,214] {processor.py:153} INFO - Started process (PID=609) to work on /home/airflow/.local/lib/python3.7/site-packages/airflow/example_dags/example_python_operator.py
[2022-08-02 23:27:18,218] {processor.py:641} INFO - Processing file /home/airflow/.local/lib/python3.7/site-packages/airflow/example_dags/example_python_operator.py for tasks to queue
[2022-08-02 23:27:18,222] {logging_mixin.py:115} INFO - [2022-08-02 23:27:18,222] {dagbag.py:508} INFO - Filling up the DagBag from /home/airflow/.local/lib/python3.7/site-packages/airflow/example_dags/example_python_operator.py
[2022-08-02 23:27:18,412] {processor.py:651} INFO - DAG(s) dict_keys(['example_python_operator']) retrieved from /home/airflow/.local/lib/python3.7/site-packages/airflow/example_dags/example_python_operator.py
[2022-08-02 23:27:18,516] {logging_mixin.py:115} INFO - [2022-08-02 23:27:18,514] {dag.py:2420} INFO - Sync 1 DAGs
[2022-08-02 23:27:18,559] {logging_mixin.py:115} INFO - [2022-08-02 23:27:18,559] {dag.py:2972} INFO - Setting next_dagrun for example_python_operator to None, run_after=None
[2022-08-02 23:27:18,610] {processor.py:161} INFO - Processing /home/airflow/.local/lib/python3.7/site-packages/airflow/example_dags/example_python_operator.py took 0.411 seconds
[2022-08-02 23:27:49,053] {processor.py:153} INFO - Started process (PID=666) to work on /home/airflow/.local/lib/python3.7/site-packages/airflow/example_dags/example_python_operator.py
[2022-08-02 23:27:49,066] {processor.py:641} INFO - Processing file /home/airflow/.local/lib/python3.7/site-packages/airflow/example_dags/example_python_operator.py for tasks to queue
[2022-08-02 23:27:49,076] {logging_mixin.py:115} INFO - [2022-08-02 23:27:49,075] {dagbag.py:508} INFO - Filling up the DagBag from /home/airflow/.local/lib/python3.7/site-packages/airflow/example_dags/example_python_operator.py
[2022-08-02 23:27:49,227] {processor.py:651} INFO - DAG(s) dict_keys(['example_python_operator']) retrieved from /home/airflow/.local/lib/python3.7/site-packages/airflow/example_dags/example_python_operator.py
[2022-08-02 23:27:49,344] {logging_mixin.py:115} INFO - [2022-08-02 23:27:49,344] {dag.py:2420} INFO - Sync 1 DAGs
[2022-08-02 23:27:49,512] {logging_mixin.py:115} INFO - [2022-08-02 23:27:49,511] {dag.py:2972} INFO - Setting next_dagrun for example_python_operator to None, run_after=None
[2022-08-02 23:27:49,579] {processor.py:161} INFO - Processing /home/airflow/.local/lib/python3.7/site-packages/airflow/example_dags/example_python_operator.py took 0.564 seconds
[2022-08-02 23:28:19,866] {processor.py:153} INFO - Started process (PID=719) to work on /home/airflow/.local/lib/python3.7/site-packages/airflow/example_dags/example_python_operator.py
[2022-08-02 23:28:19,912] {processor.py:641} INFO - Processing file /home/airflow/.local/lib/python3.7/site-packages/airflow/example_dags/example_python_operator.py for tasks to queue
[2022-08-02 23:28:19,919] {logging_mixin.py:115} INFO - [2022-08-02 23:28:19,919] {dagbag.py:508} INFO - Filling up the DagBag from /home/airflow/.local/lib/python3.7/site-packages/airflow/example_dags/example_python_operator.py
[2022-08-02 23:28:20,082] {processor.py:651} INFO - DAG(s) dict_keys(['example_python_operator']) retrieved from /home/airflow/.local/lib/python3.7/site-packages/airflow/example_dags/example_python_operator.py
[2022-08-02 23:28:20,252] {logging_mixin.py:115} INFO - [2022-08-02 23:28:20,252] {dag.py:2420} INFO - Sync 1 DAGs
[2022-08-02 23:28:20,365] {logging_mixin.py:115} INFO - [2022-08-02 23:28:20,364] {dag.py:2972} INFO - Setting next_dagrun for example_python_operator to None, run_after=None
[2022-08-02 23:28:20,414] {processor.py:161} INFO - Processing /home/airflow/.local/lib/python3.7/site-packages/airflow/example_dags/example_python_operator.py took 0.568 seconds
[2022-08-02 23:28:51,277] {processor.py:153} INFO - Started process (PID=771) to work on /home/airflow/.local/lib/python3.7/site-packages/airflow/example_dags/example_python_operator.py
[2022-08-02 23:28:51,287] {processor.py:641} INFO - Processing file /home/airflow/.local/lib/python3.7/site-packages/airflow/example_dags/example_python_operator.py for tasks to queue
[2022-08-02 23:28:51,327] {logging_mixin.py:115} INFO - [2022-08-02 23:28:51,312] {dagbag.py:508} INFO - Filling up the DagBag from /home/airflow/.local/lib/python3.7/site-packages/airflow/example_dags/example_python_operator.py
[2022-08-02 23:28:51,449] {processor.py:651} INFO - DAG(s) dict_keys(['example_python_operator']) retrieved from /home/airflow/.local/lib/python3.7/site-packages/airflow/example_dags/example_python_operator.py
[2022-08-02 23:28:51,603] {logging_mixin.py:115} INFO - [2022-08-02 23:28:51,602] {dag.py:2420} INFO - Sync 1 DAGs
[2022-08-02 23:28:51,684] {logging_mixin.py:115} INFO - [2022-08-02 23:28:51,684] {dag.py:2972} INFO - Setting next_dagrun for example_python_operator to None, run_after=None
[2022-08-02 23:28:51,727] {processor.py:161} INFO - Processing /home/airflow/.local/lib/python3.7/site-packages/airflow/example_dags/example_python_operator.py took 0.499 seconds
[2022-08-02 23:29:22,212] {processor.py:153} INFO - Started process (PID=824) to work on /home/airflow/.local/lib/python3.7/site-packages/airflow/example_dags/example_python_operator.py
[2022-08-02 23:29:22,221] {processor.py:641} INFO - Processing file /home/airflow/.local/lib/python3.7/site-packages/airflow/example_dags/example_python_operator.py for tasks to queue
[2022-08-02 23:29:22,231] {logging_mixin.py:115} INFO - [2022-08-02 23:29:22,231] {dagbag.py:508} INFO - Filling up the DagBag from /home/airflow/.local/lib/python3.7/site-packages/airflow/example_dags/example_python_operator.py
[2022-08-02 23:29:22,302] {processor.py:651} INFO - DAG(s) dict_keys(['example_python_operator']) retrieved from /home/airflow/.local/lib/python3.7/site-packages/airflow/example_dags/example_python_operator.py
[2022-08-02 23:29:22,796] {logging_mixin.py:115} INFO - [2022-08-02 23:29:22,796] {dag.py:2420} INFO - Sync 1 DAGs
[2022-08-02 23:29:22,842] {logging_mixin.py:115} INFO - [2022-08-02 23:29:22,841] {dag.py:2972} INFO - Setting next_dagrun for example_python_operator to None, run_after=None
[2022-08-02 23:29:22,961] {processor.py:161} INFO - Processing /home/airflow/.local/lib/python3.7/site-packages/airflow/example_dags/example_python_operator.py took 0.757 seconds
[2022-08-02 23:29:53,100] {processor.py:153} INFO - Started process (PID=876) to work on /home/airflow/.local/lib/python3.7/site-packages/airflow/example_dags/example_python_operator.py
[2022-08-02 23:29:53,104] {processor.py:641} INFO - Processing file /home/airflow/.local/lib/python3.7/site-packages/airflow/example_dags/example_python_operator.py for tasks to queue
[2022-08-02 23:29:53,107] {logging_mixin.py:115} INFO - [2022-08-02 23:29:53,107] {dagbag.py:508} INFO - Filling up the DagBag from /home/airflow/.local/lib/python3.7/site-packages/airflow/example_dags/example_python_operator.py
[2022-08-02 23:29:53,154] {processor.py:651} INFO - DAG(s) dict_keys(['example_python_operator']) retrieved from /home/airflow/.local/lib/python3.7/site-packages/airflow/example_dags/example_python_operator.py
[2022-08-02 23:29:53,233] {logging_mixin.py:115} INFO - [2022-08-02 23:29:53,233] {dag.py:2420} INFO - Sync 1 DAGs
[2022-08-02 23:29:53,275] {logging_mixin.py:115} INFO - [2022-08-02 23:29:53,275] {dag.py:2972} INFO - Setting next_dagrun for example_python_operator to None, run_after=None
[2022-08-02 23:29:53,408] {processor.py:161} INFO - Processing /home/airflow/.local/lib/python3.7/site-packages/airflow/example_dags/example_python_operator.py took 0.319 seconds
[2022-08-02 23:30:23,753] {processor.py:153} INFO - Started process (PID=929) to work on /home/airflow/.local/lib/python3.7/site-packages/airflow/example_dags/example_python_operator.py
[2022-08-02 23:30:23,756] {processor.py:641} INFO - Processing file /home/airflow/.local/lib/python3.7/site-packages/airflow/example_dags/example_python_operator.py for tasks to queue
[2022-08-02 23:30:23,758] {logging_mixin.py:115} INFO - [2022-08-02 23:30:23,758] {dagbag.py:508} INFO - Filling up the DagBag from /home/airflow/.local/lib/python3.7/site-packages/airflow/example_dags/example_python_operator.py
[2022-08-02 23:30:23,778] {processor.py:651} INFO - DAG(s) dict_keys(['example_python_operator']) retrieved from /home/airflow/.local/lib/python3.7/site-packages/airflow/example_dags/example_python_operator.py
[2022-08-02 23:30:23,805] {logging_mixin.py:115} INFO - [2022-08-02 23:30:23,805] {dag.py:2420} INFO - Sync 1 DAGs
[2022-08-02 23:30:23,828] {logging_mixin.py:115} INFO - [2022-08-02 23:30:23,828] {dag.py:2972} INFO - Setting next_dagrun for example_python_operator to None, run_after=None
[2022-08-02 23:30:23,853] {processor.py:161} INFO - Processing /home/airflow/.local/lib/python3.7/site-packages/airflow/example_dags/example_python_operator.py took 0.105 seconds
[2022-08-02 23:30:53,987] {processor.py:153} INFO - Started process (PID=982) to work on /home/airflow/.local/lib/python3.7/site-packages/airflow/example_dags/example_python_operator.py
[2022-08-02 23:30:53,990] {processor.py:641} INFO - Processing file /home/airflow/.local/lib/python3.7/site-packages/airflow/example_dags/example_python_operator.py for tasks to queue
[2022-08-02 23:30:53,992] {logging_mixin.py:115} INFO - [2022-08-02 23:30:53,992] {dagbag.py:508} INFO - Filling up the DagBag from /home/airflow/.local/lib/python3.7/site-packages/airflow/example_dags/example_python_operator.py
[2022-08-02 23:30:54,025] {processor.py:651} INFO - DAG(s) dict_keys(['example_python_operator']) retrieved from /home/airflow/.local/lib/python3.7/site-packages/airflow/example_dags/example_python_operator.py
[2022-08-02 23:30:54,064] {logging_mixin.py:115} INFO - [2022-08-02 23:30:54,064] {dag.py:2420} INFO - Sync 1 DAGs
[2022-08-02 23:30:54,083] {logging_mixin.py:115} INFO - [2022-08-02 23:30:54,083] {dag.py:2972} INFO - Setting next_dagrun for example_python_operator to None, run_after=None
[2022-08-02 23:30:54,099] {processor.py:161} INFO - Processing /home/airflow/.local/lib/python3.7/site-packages/airflow/example_dags/example_python_operator.py took 0.120 seconds
[2022-08-02 23:31:24,379] {processor.py:153} INFO - Started process (PID=1034) to work on /home/airflow/.local/lib/python3.7/site-packages/airflow/example_dags/example_python_operator.py
[2022-08-02 23:31:24,383] {processor.py:641} INFO - Processing file /home/airflow/.local/lib/python3.7/site-packages/airflow/example_dags/example_python_operator.py for tasks to queue
[2022-08-02 23:31:24,385] {logging_mixin.py:115} INFO - [2022-08-02 23:31:24,385] {dagbag.py:508} INFO - Filling up the DagBag from /home/airflow/.local/lib/python3.7/site-packages/airflow/example_dags/example_python_operator.py
[2022-08-02 23:31:24,413] {processor.py:651} INFO - DAG(s) dict_keys(['example_python_operator']) retrieved from /home/airflow/.local/lib/python3.7/site-packages/airflow/example_dags/example_python_operator.py
[2022-08-02 23:31:24,457] {logging_mixin.py:115} INFO - [2022-08-02 23:31:24,457] {dag.py:2420} INFO - Sync 1 DAGs
[2022-08-02 23:31:24,490] {logging_mixin.py:115} INFO - [2022-08-02 23:31:24,490] {dag.py:2972} INFO - Setting next_dagrun for example_python_operator to None, run_after=None
[2022-08-02 23:31:24,505] {processor.py:161} INFO - Processing /home/airflow/.local/lib/python3.7/site-packages/airflow/example_dags/example_python_operator.py took 0.132 seconds
[2022-08-02 23:31:55,046] {processor.py:153} INFO - Started process (PID=1095) to work on /home/airflow/.local/lib/python3.7/site-packages/airflow/example_dags/example_python_operator.py
[2022-08-02 23:31:55,048] {processor.py:641} INFO - Processing file /home/airflow/.local/lib/python3.7/site-packages/airflow/example_dags/example_python_operator.py for tasks to queue
[2022-08-02 23:31:55,050] {logging_mixin.py:115} INFO - [2022-08-02 23:31:55,049] {dagbag.py:508} INFO - Filling up the DagBag from /home/airflow/.local/lib/python3.7/site-packages/airflow/example_dags/example_python_operator.py
[2022-08-02 23:31:55,070] {processor.py:651} INFO - DAG(s) dict_keys(['example_python_operator']) retrieved from /home/airflow/.local/lib/python3.7/site-packages/airflow/example_dags/example_python_operator.py
[2022-08-02 23:31:55,104] {logging_mixin.py:115} INFO - [2022-08-02 23:31:55,103] {dag.py:2420} INFO - Sync 1 DAGs
[2022-08-02 23:31:55,134] {logging_mixin.py:115} INFO - [2022-08-02 23:31:55,133] {dag.py:2972} INFO - Setting next_dagrun for example_python_operator to None, run_after=None
[2022-08-02 23:31:55,150] {processor.py:161} INFO - Processing /home/airflow/.local/lib/python3.7/site-packages/airflow/example_dags/example_python_operator.py took 0.108 seconds
[2022-08-02 23:32:25,733] {processor.py:153} INFO - Started process (PID=1147) to work on /home/airflow/.local/lib/python3.7/site-packages/airflow/example_dags/example_python_operator.py
[2022-08-02 23:32:25,738] {processor.py:641} INFO - Processing file /home/airflow/.local/lib/python3.7/site-packages/airflow/example_dags/example_python_operator.py for tasks to queue
[2022-08-02 23:32:25,742] {logging_mixin.py:115} INFO - [2022-08-02 23:32:25,742] {dagbag.py:508} INFO - Filling up the DagBag from /home/airflow/.local/lib/python3.7/site-packages/airflow/example_dags/example_python_operator.py
[2022-08-02 23:32:25,799] {processor.py:651} INFO - DAG(s) dict_keys(['example_python_operator']) retrieved from /home/airflow/.local/lib/python3.7/site-packages/airflow/example_dags/example_python_operator.py
[2022-08-02 23:32:25,880] {logging_mixin.py:115} INFO - [2022-08-02 23:32:25,880] {dag.py:2420} INFO - Sync 1 DAGs
[2022-08-02 23:32:25,965] {logging_mixin.py:115} INFO - [2022-08-02 23:32:25,965] {dag.py:2972} INFO - Setting next_dagrun for example_python_operator to None, run_after=None
[2022-08-02 23:32:26,085] {processor.py:161} INFO - Processing /home/airflow/.local/lib/python3.7/site-packages/airflow/example_dags/example_python_operator.py took 0.367 seconds
[2022-08-02 23:32:57,018] {processor.py:153} INFO - Started process (PID=1199) to work on /home/airflow/.local/lib/python3.7/site-packages/airflow/example_dags/example_python_operator.py
[2022-08-02 23:32:57,022] {processor.py:641} INFO - Processing file /home/airflow/.local/lib/python3.7/site-packages/airflow/example_dags/example_python_operator.py for tasks to queue
[2022-08-02 23:32:57,025] {logging_mixin.py:115} INFO - [2022-08-02 23:32:57,025] {dagbag.py:508} INFO - Filling up the DagBag from /home/airflow/.local/lib/python3.7/site-packages/airflow/example_dags/example_python_operator.py
[2022-08-02 23:32:57,053] {processor.py:651} INFO - DAG(s) dict_keys(['example_python_operator']) retrieved from /home/airflow/.local/lib/python3.7/site-packages/airflow/example_dags/example_python_operator.py
[2022-08-02 23:32:57,102] {logging_mixin.py:115} INFO - [2022-08-02 23:32:57,102] {dag.py:2420} INFO - Sync 1 DAGs
[2022-08-02 23:32:57,132] {logging_mixin.py:115} INFO - [2022-08-02 23:32:57,132] {dag.py:2972} INFO - Setting next_dagrun for example_python_operator to None, run_after=None
[2022-08-02 23:32:57,155] {processor.py:161} INFO - Processing /home/airflow/.local/lib/python3.7/site-packages/airflow/example_dags/example_python_operator.py took 0.142 seconds
[2022-08-02 23:33:27,313] {processor.py:153} INFO - Started process (PID=1259) to work on /home/airflow/.local/lib/python3.7/site-packages/airflow/example_dags/example_python_operator.py
[2022-08-02 23:33:27,320] {processor.py:641} INFO - Processing file /home/airflow/.local/lib/python3.7/site-packages/airflow/example_dags/example_python_operator.py for tasks to queue
[2022-08-02 23:33:27,325] {logging_mixin.py:115} INFO - [2022-08-02 23:33:27,324] {dagbag.py:508} INFO - Filling up the DagBag from /home/airflow/.local/lib/python3.7/site-packages/airflow/example_dags/example_python_operator.py
[2022-08-02 23:33:27,391] {processor.py:651} INFO - DAG(s) dict_keys(['example_python_operator']) retrieved from /home/airflow/.local/lib/python3.7/site-packages/airflow/example_dags/example_python_operator.py
[2022-08-02 23:33:27,482] {logging_mixin.py:115} INFO - [2022-08-02 23:33:27,481] {dag.py:2420} INFO - Sync 1 DAGs
[2022-08-02 23:33:27,530] {logging_mixin.py:115} INFO - [2022-08-02 23:33:27,530] {dag.py:2972} INFO - Setting next_dagrun for example_python_operator to None, run_after=None
[2022-08-02 23:33:27,564] {processor.py:161} INFO - Processing /home/airflow/.local/lib/python3.7/site-packages/airflow/example_dags/example_python_operator.py took 0.263 seconds
[2022-08-02 23:33:58,234] {processor.py:153} INFO - Started process (PID=1311) to work on /home/airflow/.local/lib/python3.7/site-packages/airflow/example_dags/example_python_operator.py
[2022-08-02 23:33:58,236] {processor.py:641} INFO - Processing file /home/airflow/.local/lib/python3.7/site-packages/airflow/example_dags/example_python_operator.py for tasks to queue
[2022-08-02 23:33:58,239] {logging_mixin.py:115} INFO - [2022-08-02 23:33:58,239] {dagbag.py:508} INFO - Filling up the DagBag from /home/airflow/.local/lib/python3.7/site-packages/airflow/example_dags/example_python_operator.py
[2022-08-02 23:33:58,288] {processor.py:651} INFO - DAG(s) dict_keys(['example_python_operator']) retrieved from /home/airflow/.local/lib/python3.7/site-packages/airflow/example_dags/example_python_operator.py
[2022-08-02 23:33:58,314] {logging_mixin.py:115} INFO - [2022-08-02 23:33:58,314] {dag.py:2420} INFO - Sync 1 DAGs
[2022-08-02 23:33:58,334] {logging_mixin.py:115} INFO - [2022-08-02 23:33:58,334] {dag.py:2972} INFO - Setting next_dagrun for example_python_operator to None, run_after=None
[2022-08-02 23:33:58,346] {processor.py:161} INFO - Processing /home/airflow/.local/lib/python3.7/site-packages/airflow/example_dags/example_python_operator.py took 0.116 seconds
[2022-08-02 23:34:28,845] {processor.py:153} INFO - Started process (PID=1363) to work on /home/airflow/.local/lib/python3.7/site-packages/airflow/example_dags/example_python_operator.py
[2022-08-02 23:34:28,848] {processor.py:641} INFO - Processing file /home/airflow/.local/lib/python3.7/site-packages/airflow/example_dags/example_python_operator.py for tasks to queue
[2022-08-02 23:34:28,854] {logging_mixin.py:115} INFO - [2022-08-02 23:34:28,853] {dagbag.py:508} INFO - Filling up the DagBag from /home/airflow/.local/lib/python3.7/site-packages/airflow/example_dags/example_python_operator.py
[2022-08-02 23:34:28,889] {processor.py:651} INFO - DAG(s) dict_keys(['example_python_operator']) retrieved from /home/airflow/.local/lib/python3.7/site-packages/airflow/example_dags/example_python_operator.py
[2022-08-02 23:34:28,975] {logging_mixin.py:115} INFO - [2022-08-02 23:34:28,974] {dag.py:2420} INFO - Sync 1 DAGs
[2022-08-02 23:34:29,013] {logging_mixin.py:115} INFO - [2022-08-02 23:34:29,013] {dag.py:2972} INFO - Setting next_dagrun for example_python_operator to None, run_after=None
[2022-08-02 23:34:29,035] {processor.py:161} INFO - Processing /home/airflow/.local/lib/python3.7/site-packages/airflow/example_dags/example_python_operator.py took 0.195 seconds
[2022-08-02 23:35:02,817] {processor.py:153} INFO - Started process (PID=1425) to work on /home/airflow/.local/lib/python3.7/site-packages/airflow/example_dags/example_python_operator.py
[2022-08-02 23:35:02,908] {processor.py:641} INFO - Processing file /home/airflow/.local/lib/python3.7/site-packages/airflow/example_dags/example_python_operator.py for tasks to queue
[2022-08-02 23:35:02,975] {logging_mixin.py:115} INFO - [2022-08-02 23:35:02,975] {dagbag.py:508} INFO - Filling up the DagBag from /home/airflow/.local/lib/python3.7/site-packages/airflow/example_dags/example_python_operator.py
[2022-08-02 23:35:05,040] {processor.py:651} INFO - DAG(s) dict_keys(['example_python_operator']) retrieved from /home/airflow/.local/lib/python3.7/site-packages/airflow/example_dags/example_python_operator.py
[2022-08-02 23:35:16,384] {logging_mixin.py:115} INFO - [2022-08-02 23:35:16,372] {dag.py:2420} INFO - Sync 1 DAGs
[2022-08-02 23:35:16,637] {logging_mixin.py:115} INFO - [2022-08-02 23:35:16,637] {dag.py:2972} INFO - Setting next_dagrun for example_python_operator to None, run_after=None
[2022-08-02 23:35:16,721] {processor.py:161} INFO - Processing /home/airflow/.local/lib/python3.7/site-packages/airflow/example_dags/example_python_operator.py took 13.946 seconds
[2022-08-02 23:35:47,457] {processor.py:153} INFO - Started process (PID=1478) to work on /home/airflow/.local/lib/python3.7/site-packages/airflow/example_dags/example_python_operator.py
[2022-08-02 23:35:47,460] {processor.py:641} INFO - Processing file /home/airflow/.local/lib/python3.7/site-packages/airflow/example_dags/example_python_operator.py for tasks to queue
[2022-08-02 23:35:47,463] {logging_mixin.py:115} INFO - [2022-08-02 23:35:47,463] {dagbag.py:508} INFO - Filling up the DagBag from /home/airflow/.local/lib/python3.7/site-packages/airflow/example_dags/example_python_operator.py
[2022-08-02 23:35:47,500] {processor.py:651} INFO - DAG(s) dict_keys(['example_python_operator']) retrieved from /home/airflow/.local/lib/python3.7/site-packages/airflow/example_dags/example_python_operator.py
[2022-08-02 23:35:47,591] {logging_mixin.py:115} INFO - [2022-08-02 23:35:47,591] {dag.py:2420} INFO - Sync 1 DAGs
[2022-08-02 23:35:47,623] {logging_mixin.py:115} INFO - [2022-08-02 23:35:47,623] {dag.py:2972} INFO - Setting next_dagrun for example_python_operator to None, run_after=None
[2022-08-02 23:35:47,653] {processor.py:161} INFO - Processing /home/airflow/.local/lib/python3.7/site-packages/airflow/example_dags/example_python_operator.py took 0.210 seconds
[2022-08-02 23:36:18,135] {processor.py:153} INFO - Started process (PID=1540) to work on /home/airflow/.local/lib/python3.7/site-packages/airflow/example_dags/example_python_operator.py
[2022-08-02 23:36:18,149] {processor.py:641} INFO - Processing file /home/airflow/.local/lib/python3.7/site-packages/airflow/example_dags/example_python_operator.py for tasks to queue
[2022-08-02 23:36:18,158] {logging_mixin.py:115} INFO - [2022-08-02 23:36:18,157] {dagbag.py:508} INFO - Filling up the DagBag from /home/airflow/.local/lib/python3.7/site-packages/airflow/example_dags/example_python_operator.py
[2022-08-02 23:36:18,203] {processor.py:651} INFO - DAG(s) dict_keys(['example_python_operator']) retrieved from /home/airflow/.local/lib/python3.7/site-packages/airflow/example_dags/example_python_operator.py
[2022-08-02 23:36:18,297] {logging_mixin.py:115} INFO - [2022-08-02 23:36:18,296] {dag.py:2420} INFO - Sync 1 DAGs
[2022-08-02 23:36:18,335] {logging_mixin.py:115} INFO - [2022-08-02 23:36:18,334] {dag.py:2972} INFO - Setting next_dagrun for example_python_operator to None, run_after=None
[2022-08-02 23:36:18,427] {processor.py:161} INFO - Processing /home/airflow/.local/lib/python3.7/site-packages/airflow/example_dags/example_python_operator.py took 0.316 seconds
[2022-08-02 23:36:49,406] {processor.py:153} INFO - Started process (PID=1592) to work on /home/airflow/.local/lib/python3.7/site-packages/airflow/example_dags/example_python_operator.py
[2022-08-02 23:36:49,412] {processor.py:641} INFO - Processing file /home/airflow/.local/lib/python3.7/site-packages/airflow/example_dags/example_python_operator.py for tasks to queue
[2022-08-02 23:36:49,417] {logging_mixin.py:115} INFO - [2022-08-02 23:36:49,416] {dagbag.py:508} INFO - Filling up the DagBag from /home/airflow/.local/lib/python3.7/site-packages/airflow/example_dags/example_python_operator.py
[2022-08-02 23:36:49,489] {processor.py:651} INFO - DAG(s) dict_keys(['example_python_operator']) retrieved from /home/airflow/.local/lib/python3.7/site-packages/airflow/example_dags/example_python_operator.py
[2022-08-02 23:36:49,572] {logging_mixin.py:115} INFO - [2022-08-02 23:36:49,572] {dag.py:2420} INFO - Sync 1 DAGs
[2022-08-02 23:36:49,604] {logging_mixin.py:115} INFO - [2022-08-02 23:36:49,604] {dag.py:2972} INFO - Setting next_dagrun for example_python_operator to None, run_after=None
[2022-08-02 23:36:49,623] {processor.py:161} INFO - Processing /home/airflow/.local/lib/python3.7/site-packages/airflow/example_dags/example_python_operator.py took 0.220 seconds
[2022-08-02 23:37:19,912] {processor.py:153} INFO - Started process (PID=1653) to work on /home/airflow/.local/lib/python3.7/site-packages/airflow/example_dags/example_python_operator.py
[2022-08-02 23:37:19,916] {processor.py:641} INFO - Processing file /home/airflow/.local/lib/python3.7/site-packages/airflow/example_dags/example_python_operator.py for tasks to queue
[2022-08-02 23:37:19,922] {logging_mixin.py:115} INFO - [2022-08-02 23:37:19,922] {dagbag.py:508} INFO - Filling up the DagBag from /home/airflow/.local/lib/python3.7/site-packages/airflow/example_dags/example_python_operator.py
[2022-08-02 23:37:19,958] {processor.py:651} INFO - DAG(s) dict_keys(['example_python_operator']) retrieved from /home/airflow/.local/lib/python3.7/site-packages/airflow/example_dags/example_python_operator.py
[2022-08-02 23:37:20,012] {logging_mixin.py:115} INFO - [2022-08-02 23:37:20,012] {dag.py:2420} INFO - Sync 1 DAGs
[2022-08-02 23:37:20,045] {logging_mixin.py:115} INFO - [2022-08-02 23:37:20,045] {dag.py:2972} INFO - Setting next_dagrun for example_python_operator to None, run_after=None
[2022-08-02 23:37:20,060] {processor.py:161} INFO - Processing /home/airflow/.local/lib/python3.7/site-packages/airflow/example_dags/example_python_operator.py took 0.165 seconds
[2022-08-02 23:37:50,475] {processor.py:153} INFO - Started process (PID=1714) to work on /home/airflow/.local/lib/python3.7/site-packages/airflow/example_dags/example_python_operator.py
[2022-08-02 23:37:50,481] {processor.py:641} INFO - Processing file /home/airflow/.local/lib/python3.7/site-packages/airflow/example_dags/example_python_operator.py for tasks to queue
[2022-08-02 23:37:50,483] {logging_mixin.py:115} INFO - [2022-08-02 23:37:50,483] {dagbag.py:508} INFO - Filling up the DagBag from /home/airflow/.local/lib/python3.7/site-packages/airflow/example_dags/example_python_operator.py
[2022-08-02 23:37:50,516] {processor.py:651} INFO - DAG(s) dict_keys(['example_python_operator']) retrieved from /home/airflow/.local/lib/python3.7/site-packages/airflow/example_dags/example_python_operator.py
[2022-08-02 23:37:50,598] {logging_mixin.py:115} INFO - [2022-08-02 23:37:50,598] {dag.py:2420} INFO - Sync 1 DAGs
[2022-08-02 23:37:50,634] {logging_mixin.py:115} INFO - [2022-08-02 23:37:50,634] {dag.py:2972} INFO - Setting next_dagrun for example_python_operator to None, run_after=None
[2022-08-02 23:37:50,653] {processor.py:161} INFO - Processing /home/airflow/.local/lib/python3.7/site-packages/airflow/example_dags/example_python_operator.py took 0.186 seconds
[2022-08-02 23:38:20,824] {processor.py:153} INFO - Started process (PID=1766) to work on /home/airflow/.local/lib/python3.7/site-packages/airflow/example_dags/example_python_operator.py
[2022-08-02 23:38:20,828] {processor.py:641} INFO - Processing file /home/airflow/.local/lib/python3.7/site-packages/airflow/example_dags/example_python_operator.py for tasks to queue
[2022-08-02 23:38:20,831] {logging_mixin.py:115} INFO - [2022-08-02 23:38:20,831] {dagbag.py:508} INFO - Filling up the DagBag from /home/airflow/.local/lib/python3.7/site-packages/airflow/example_dags/example_python_operator.py
[2022-08-02 23:38:20,891] {processor.py:651} INFO - DAG(s) dict_keys(['example_python_operator']) retrieved from /home/airflow/.local/lib/python3.7/site-packages/airflow/example_dags/example_python_operator.py
[2022-08-02 23:38:20,966] {logging_mixin.py:115} INFO - [2022-08-02 23:38:20,966] {dag.py:2420} INFO - Sync 1 DAGs
[2022-08-02 23:38:21,007] {logging_mixin.py:115} INFO - [2022-08-02 23:38:21,006] {dag.py:2972} INFO - Setting next_dagrun for example_python_operator to None, run_after=None
[2022-08-02 23:38:21,040] {processor.py:161} INFO - Processing /home/airflow/.local/lib/python3.7/site-packages/airflow/example_dags/example_python_operator.py took 0.222 seconds
[2022-08-02 23:38:51,172] {processor.py:153} INFO - Started process (PID=1827) to work on /home/airflow/.local/lib/python3.7/site-packages/airflow/example_dags/example_python_operator.py
[2022-08-02 23:38:51,175] {processor.py:641} INFO - Processing file /home/airflow/.local/lib/python3.7/site-packages/airflow/example_dags/example_python_operator.py for tasks to queue
[2022-08-02 23:38:51,177] {logging_mixin.py:115} INFO - [2022-08-02 23:38:51,177] {dagbag.py:508} INFO - Filling up the DagBag from /home/airflow/.local/lib/python3.7/site-packages/airflow/example_dags/example_python_operator.py
[2022-08-02 23:38:51,194] {processor.py:651} INFO - DAG(s) dict_keys(['example_python_operator']) retrieved from /home/airflow/.local/lib/python3.7/site-packages/airflow/example_dags/example_python_operator.py
[2022-08-02 23:38:51,225] {logging_mixin.py:115} INFO - [2022-08-02 23:38:51,225] {dag.py:2420} INFO - Sync 1 DAGs
[2022-08-02 23:38:51,244] {logging_mixin.py:115} INFO - [2022-08-02 23:38:51,244] {dag.py:2972} INFO - Setting next_dagrun for example_python_operator to None, run_after=None
[2022-08-02 23:38:51,255] {processor.py:161} INFO - Processing /home/airflow/.local/lib/python3.7/site-packages/airflow/example_dags/example_python_operator.py took 0.086 seconds
[2022-08-02 23:39:21,669] {processor.py:153} INFO - Started process (PID=1888) to work on /home/airflow/.local/lib/python3.7/site-packages/airflow/example_dags/example_python_operator.py
[2022-08-02 23:39:21,673] {processor.py:641} INFO - Processing file /home/airflow/.local/lib/python3.7/site-packages/airflow/example_dags/example_python_operator.py for tasks to queue
[2022-08-02 23:39:21,679] {logging_mixin.py:115} INFO - [2022-08-02 23:39:21,679] {dagbag.py:508} INFO - Filling up the DagBag from /home/airflow/.local/lib/python3.7/site-packages/airflow/example_dags/example_python_operator.py
[2022-08-02 23:39:21,700] {processor.py:651} INFO - DAG(s) dict_keys(['example_python_operator']) retrieved from /home/airflow/.local/lib/python3.7/site-packages/airflow/example_dags/example_python_operator.py
[2022-08-02 23:39:21,745] {logging_mixin.py:115} INFO - [2022-08-02 23:39:21,745] {dag.py:2420} INFO - Sync 1 DAGs
[2022-08-02 23:39:21,772] {logging_mixin.py:115} INFO - [2022-08-02 23:39:21,772] {dag.py:2972} INFO - Setting next_dagrun for example_python_operator to None, run_after=None
[2022-08-02 23:39:21,798] {processor.py:161} INFO - Processing /home/airflow/.local/lib/python3.7/site-packages/airflow/example_dags/example_python_operator.py took 0.133 seconds
[2022-08-02 23:39:53,955] {processor.py:153} INFO - Started process (PID=1937) to work on /home/airflow/.local/lib/python3.7/site-packages/airflow/example_dags/example_python_operator.py
[2022-08-02 23:39:53,971] {processor.py:641} INFO - Processing file /home/airflow/.local/lib/python3.7/site-packages/airflow/example_dags/example_python_operator.py for tasks to queue
[2022-08-02 23:39:54,000] {logging_mixin.py:115} INFO - [2022-08-02 23:39:53,999] {dagbag.py:508} INFO - Filling up the DagBag from /home/airflow/.local/lib/python3.7/site-packages/airflow/example_dags/example_python_operator.py
[2022-08-02 23:39:54,190] {processor.py:651} INFO - DAG(s) dict_keys(['example_python_operator']) retrieved from /home/airflow/.local/lib/python3.7/site-packages/airflow/example_dags/example_python_operator.py
[2022-08-02 23:39:54,301] {logging_mixin.py:115} INFO - [2022-08-02 23:39:54,301] {dag.py:2420} INFO - Sync 1 DAGs
[2022-08-02 23:39:54,379] {logging_mixin.py:115} INFO - [2022-08-02 23:39:54,379] {dag.py:2972} INFO - Setting next_dagrun for example_python_operator to None, run_after=None
[2022-08-02 23:39:54,457] {processor.py:161} INFO - Processing /home/airflow/.local/lib/python3.7/site-packages/airflow/example_dags/example_python_operator.py took 0.619 seconds
[2022-08-02 23:40:24,619] {processor.py:153} INFO - Started process (PID=1989) to work on /home/airflow/.local/lib/python3.7/site-packages/airflow/example_dags/example_python_operator.py
[2022-08-02 23:40:24,627] {processor.py:641} INFO - Processing file /home/airflow/.local/lib/python3.7/site-packages/airflow/example_dags/example_python_operator.py for tasks to queue
[2022-08-02 23:40:24,633] {logging_mixin.py:115} INFO - [2022-08-02 23:40:24,633] {dagbag.py:508} INFO - Filling up the DagBag from /home/airflow/.local/lib/python3.7/site-packages/airflow/example_dags/example_python_operator.py
[2022-08-02 23:40:24,690] {processor.py:651} INFO - DAG(s) dict_keys(['example_python_operator']) retrieved from /home/airflow/.local/lib/python3.7/site-packages/airflow/example_dags/example_python_operator.py
[2022-08-02 23:40:24,914] {logging_mixin.py:115} INFO - [2022-08-02 23:40:24,914] {dag.py:2420} INFO - Sync 1 DAGs
[2022-08-02 23:40:25,002] {logging_mixin.py:115} INFO - [2022-08-02 23:40:25,002] {dag.py:2972} INFO - Setting next_dagrun for example_python_operator to None, run_after=None
[2022-08-02 23:40:25,028] {processor.py:161} INFO - Processing /home/airflow/.local/lib/python3.7/site-packages/airflow/example_dags/example_python_operator.py took 0.420 seconds
[2022-08-02 23:40:55,212] {processor.py:153} INFO - Started process (PID=2042) to work on /home/airflow/.local/lib/python3.7/site-packages/airflow/example_dags/example_python_operator.py
[2022-08-02 23:40:55,216] {processor.py:641} INFO - Processing file /home/airflow/.local/lib/python3.7/site-packages/airflow/example_dags/example_python_operator.py for tasks to queue
[2022-08-02 23:40:55,219] {logging_mixin.py:115} INFO - [2022-08-02 23:40:55,219] {dagbag.py:508} INFO - Filling up the DagBag from /home/airflow/.local/lib/python3.7/site-packages/airflow/example_dags/example_python_operator.py
[2022-08-02 23:40:55,258] {processor.py:651} INFO - DAG(s) dict_keys(['example_python_operator']) retrieved from /home/airflow/.local/lib/python3.7/site-packages/airflow/example_dags/example_python_operator.py
[2022-08-02 23:40:55,301] {logging_mixin.py:115} INFO - [2022-08-02 23:40:55,301] {dag.py:2420} INFO - Sync 1 DAGs
[2022-08-02 23:40:55,331] {logging_mixin.py:115} INFO - [2022-08-02 23:40:55,331] {dag.py:2972} INFO - Setting next_dagrun for example_python_operator to None, run_after=None
[2022-08-02 23:40:55,350] {processor.py:161} INFO - Processing /home/airflow/.local/lib/python3.7/site-packages/airflow/example_dags/example_python_operator.py took 0.144 seconds
[2022-08-02 23:41:55,477] {processor.py:153} INFO - Started process (PID=2080) to work on /home/airflow/.local/lib/python3.7/site-packages/airflow/example_dags/example_python_operator.py
[2022-08-02 23:41:55,480] {processor.py:641} INFO - Processing file /home/airflow/.local/lib/python3.7/site-packages/airflow/example_dags/example_python_operator.py for tasks to queue
[2022-08-02 23:41:55,485] {logging_mixin.py:115} INFO - [2022-08-02 23:41:55,485] {dagbag.py:508} INFO - Filling up the DagBag from /home/airflow/.local/lib/python3.7/site-packages/airflow/example_dags/example_python_operator.py
[2022-08-02 23:41:55,511] {processor.py:651} INFO - DAG(s) dict_keys(['example_python_operator']) retrieved from /home/airflow/.local/lib/python3.7/site-packages/airflow/example_dags/example_python_operator.py
[2022-08-02 23:41:55,552] {logging_mixin.py:115} INFO - [2022-08-02 23:41:55,552] {dag.py:2420} INFO - Sync 1 DAGs
[2022-08-02 23:41:55,593] {logging_mixin.py:115} INFO - [2022-08-02 23:41:55,593] {dag.py:2972} INFO - Setting next_dagrun for example_python_operator to None, run_after=None
[2022-08-02 23:41:55,612] {processor.py:161} INFO - Processing /home/airflow/.local/lib/python3.7/site-packages/airflow/example_dags/example_python_operator.py took 0.139 seconds
[2022-08-02 23:55:24,058] {processor.py:153} INFO - Started process (PID=2130) to work on /home/airflow/.local/lib/python3.7/site-packages/airflow/example_dags/example_python_operator.py
[2022-08-02 23:55:24,073] {processor.py:641} INFO - Processing file /home/airflow/.local/lib/python3.7/site-packages/airflow/example_dags/example_python_operator.py for tasks to queue
[2022-08-02 23:55:24,083] {logging_mixin.py:115} INFO - [2022-08-02 23:55:24,083] {dagbag.py:508} INFO - Filling up the DagBag from /home/airflow/.local/lib/python3.7/site-packages/airflow/example_dags/example_python_operator.py
[2022-08-02 23:55:24,159] {processor.py:651} INFO - DAG(s) dict_keys(['example_python_operator']) retrieved from /home/airflow/.local/lib/python3.7/site-packages/airflow/example_dags/example_python_operator.py
[2022-08-02 23:55:24,248] {logging_mixin.py:115} INFO - [2022-08-02 23:55:24,247] {dag.py:2420} INFO - Sync 1 DAGs
[2022-08-02 23:55:24,313] {logging_mixin.py:115} INFO - [2022-08-02 23:55:24,313] {dag.py:2972} INFO - Setting next_dagrun for example_python_operator to None, run_after=None
[2022-08-02 23:55:24,336] {processor.py:161} INFO - Processing /home/airflow/.local/lib/python3.7/site-packages/airflow/example_dags/example_python_operator.py took 0.282 seconds
[2022-08-02 23:55:58,192] {processor.py:153} INFO - Started process (PID=2190) to work on /home/airflow/.local/lib/python3.7/site-packages/airflow/example_dags/example_python_operator.py
[2022-08-02 23:55:58,198] {processor.py:641} INFO - Processing file /home/airflow/.local/lib/python3.7/site-packages/airflow/example_dags/example_python_operator.py for tasks to queue
[2022-08-02 23:55:58,204] {logging_mixin.py:115} INFO - [2022-08-02 23:55:58,204] {dagbag.py:508} INFO - Filling up the DagBag from /home/airflow/.local/lib/python3.7/site-packages/airflow/example_dags/example_python_operator.py
[2022-08-02 23:55:58,238] {processor.py:651} INFO - DAG(s) dict_keys(['example_python_operator']) retrieved from /home/airflow/.local/lib/python3.7/site-packages/airflow/example_dags/example_python_operator.py
[2022-08-02 23:55:58,285] {logging_mixin.py:115} INFO - [2022-08-02 23:55:58,285] {dag.py:2420} INFO - Sync 1 DAGs
[2022-08-02 23:55:58,346] {logging_mixin.py:115} INFO - [2022-08-02 23:55:58,346] {dag.py:2972} INFO - Setting next_dagrun for example_python_operator to None, run_after=None
[2022-08-02 23:55:58,368] {processor.py:161} INFO - Processing /home/airflow/.local/lib/python3.7/site-packages/airflow/example_dags/example_python_operator.py took 0.180 seconds
