[2022-08-02 23:22:01,591] {processor.py:153} INFO - Started process (PID=81) to work on /home/airflow/.local/lib/python3.7/site-packages/airflow/example_dags/tutorial_etl_dag.py
[2022-08-02 23:22:01,636] {processor.py:641} INFO - Processing file /home/airflow/.local/lib/python3.7/site-packages/airflow/example_dags/tutorial_etl_dag.py for tasks to queue
[2022-08-02 23:22:01,658] {logging_mixin.py:115} INFO - [2022-08-02 23:22:01,658] {dagbag.py:508} INFO - Filling up the DagBag from /home/airflow/.local/lib/python3.7/site-packages/airflow/example_dags/tutorial_etl_dag.py
[2022-08-02 23:22:01,779] {processor.py:651} INFO - DAG(s) dict_keys(['tutorial_etl_dag']) retrieved from /home/airflow/.local/lib/python3.7/site-packages/airflow/example_dags/tutorial_etl_dag.py
[2022-08-02 23:22:02,916] {logging_mixin.py:115} INFO - [2022-08-02 23:22:02,916] {manager.py:508} INFO - Created Permission View: can read on DAG:tutorial_etl_dag
[2022-08-02 23:22:03,064] {logging_mixin.py:115} INFO - [2022-08-02 23:22:03,063] {manager.py:508} INFO - Created Permission View: can edit on DAG:tutorial_etl_dag
[2022-08-02 23:22:04,101] {logging_mixin.py:115} INFO - [2022-08-02 23:22:04,101] {manager.py:508} INFO - Created Permission View: can delete on DAG:tutorial_etl_dag
[2022-08-02 23:22:04,872] {logging_mixin.py:115} INFO - [2022-08-02 23:22:04,627] {dag.py:2420} INFO - Sync 1 DAGs
[2022-08-02 23:22:06,581] {logging_mixin.py:115} INFO - [2022-08-02 23:22:05,908] {dag.py:2439} INFO - Creating ORM DAG for tutorial_etl_dag
[2022-08-02 23:22:08,566] {logging_mixin.py:115} INFO - [2022-08-02 23:22:08,566] {dag.py:2972} INFO - Setting next_dagrun for tutorial_etl_dag to None, run_after=None
[2022-08-02 23:22:08,684] {processor.py:161} INFO - Processing /home/airflow/.local/lib/python3.7/site-packages/airflow/example_dags/tutorial_etl_dag.py took 7.121 seconds
[2022-08-02 23:22:39,497] {processor.py:153} INFO - Started process (PID=132) to work on /home/airflow/.local/lib/python3.7/site-packages/airflow/example_dags/tutorial_etl_dag.py
[2022-08-02 23:22:39,502] {processor.py:641} INFO - Processing file /home/airflow/.local/lib/python3.7/site-packages/airflow/example_dags/tutorial_etl_dag.py for tasks to queue
[2022-08-02 23:22:39,508] {logging_mixin.py:115} INFO - [2022-08-02 23:22:39,508] {dagbag.py:508} INFO - Filling up the DagBag from /home/airflow/.local/lib/python3.7/site-packages/airflow/example_dags/tutorial_etl_dag.py
[2022-08-02 23:22:39,528] {processor.py:651} INFO - DAG(s) dict_keys(['tutorial_etl_dag']) retrieved from /home/airflow/.local/lib/python3.7/site-packages/airflow/example_dags/tutorial_etl_dag.py
[2022-08-02 23:22:39,583] {logging_mixin.py:115} INFO - [2022-08-02 23:22:39,583] {dag.py:2420} INFO - Sync 1 DAGs
[2022-08-02 23:22:39,685] {logging_mixin.py:115} INFO - [2022-08-02 23:22:39,685] {dag.py:2972} INFO - Setting next_dagrun for tutorial_etl_dag to None, run_after=None
[2022-08-02 23:22:39,728] {processor.py:161} INFO - Processing /home/airflow/.local/lib/python3.7/site-packages/airflow/example_dags/tutorial_etl_dag.py took 0.243 seconds
[2022-08-02 23:23:10,478] {processor.py:153} INFO - Started process (PID=185) to work on /home/airflow/.local/lib/python3.7/site-packages/airflow/example_dags/tutorial_etl_dag.py
[2022-08-02 23:23:10,486] {processor.py:641} INFO - Processing file /home/airflow/.local/lib/python3.7/site-packages/airflow/example_dags/tutorial_etl_dag.py for tasks to queue
[2022-08-02 23:23:10,489] {logging_mixin.py:115} INFO - [2022-08-02 23:23:10,489] {dagbag.py:508} INFO - Filling up the DagBag from /home/airflow/.local/lib/python3.7/site-packages/airflow/example_dags/tutorial_etl_dag.py
[2022-08-02 23:23:10,504] {processor.py:651} INFO - DAG(s) dict_keys(['tutorial_etl_dag']) retrieved from /home/airflow/.local/lib/python3.7/site-packages/airflow/example_dags/tutorial_etl_dag.py
[2022-08-02 23:23:10,549] {logging_mixin.py:115} INFO - [2022-08-02 23:23:10,548] {dag.py:2420} INFO - Sync 1 DAGs
[2022-08-02 23:23:10,571] {logging_mixin.py:115} INFO - [2022-08-02 23:23:10,571] {dag.py:2972} INFO - Setting next_dagrun for tutorial_etl_dag to None, run_after=None
[2022-08-02 23:23:10,591] {processor.py:161} INFO - Processing /home/airflow/.local/lib/python3.7/site-packages/airflow/example_dags/tutorial_etl_dag.py took 0.117 seconds
[2022-08-02 23:23:40,931] {processor.py:153} INFO - Started process (PID=237) to work on /home/airflow/.local/lib/python3.7/site-packages/airflow/example_dags/tutorial_etl_dag.py
[2022-08-02 23:23:40,943] {processor.py:641} INFO - Processing file /home/airflow/.local/lib/python3.7/site-packages/airflow/example_dags/tutorial_etl_dag.py for tasks to queue
[2022-08-02 23:23:40,953] {logging_mixin.py:115} INFO - [2022-08-02 23:23:40,953] {dagbag.py:508} INFO - Filling up the DagBag from /home/airflow/.local/lib/python3.7/site-packages/airflow/example_dags/tutorial_etl_dag.py
[2022-08-02 23:23:40,991] {processor.py:651} INFO - DAG(s) dict_keys(['tutorial_etl_dag']) retrieved from /home/airflow/.local/lib/python3.7/site-packages/airflow/example_dags/tutorial_etl_dag.py
[2022-08-02 23:23:41,129] {logging_mixin.py:115} INFO - [2022-08-02 23:23:41,128] {dag.py:2420} INFO - Sync 1 DAGs
[2022-08-02 23:23:41,192] {logging_mixin.py:115} INFO - [2022-08-02 23:23:41,192] {dag.py:2972} INFO - Setting next_dagrun for tutorial_etl_dag to None, run_after=None
[2022-08-02 23:23:41,226] {processor.py:161} INFO - Processing /home/airflow/.local/lib/python3.7/site-packages/airflow/example_dags/tutorial_etl_dag.py took 0.307 seconds
[2022-08-02 23:24:11,691] {processor.py:153} INFO - Started process (PID=299) to work on /home/airflow/.local/lib/python3.7/site-packages/airflow/example_dags/tutorial_etl_dag.py
[2022-08-02 23:24:11,702] {processor.py:641} INFO - Processing file /home/airflow/.local/lib/python3.7/site-packages/airflow/example_dags/tutorial_etl_dag.py for tasks to queue
[2022-08-02 23:24:11,721] {logging_mixin.py:115} INFO - [2022-08-02 23:24:11,720] {dagbag.py:508} INFO - Filling up the DagBag from /home/airflow/.local/lib/python3.7/site-packages/airflow/example_dags/tutorial_etl_dag.py
[2022-08-02 23:24:11,785] {processor.py:651} INFO - DAG(s) dict_keys(['tutorial_etl_dag']) retrieved from /home/airflow/.local/lib/python3.7/site-packages/airflow/example_dags/tutorial_etl_dag.py
[2022-08-02 23:24:11,976] {logging_mixin.py:115} INFO - [2022-08-02 23:24:11,976] {dag.py:2420} INFO - Sync 1 DAGs
[2022-08-02 23:24:12,049] {logging_mixin.py:115} INFO - [2022-08-02 23:24:12,048] {dag.py:2972} INFO - Setting next_dagrun for tutorial_etl_dag to None, run_after=None
[2022-08-02 23:24:12,085] {processor.py:161} INFO - Processing /home/airflow/.local/lib/python3.7/site-packages/airflow/example_dags/tutorial_etl_dag.py took 0.429 seconds
[2022-08-02 23:24:42,404] {processor.py:153} INFO - Started process (PID=350) to work on /home/airflow/.local/lib/python3.7/site-packages/airflow/example_dags/tutorial_etl_dag.py
[2022-08-02 23:24:42,429] {processor.py:641} INFO - Processing file /home/airflow/.local/lib/python3.7/site-packages/airflow/example_dags/tutorial_etl_dag.py for tasks to queue
[2022-08-02 23:24:42,443] {logging_mixin.py:115} INFO - [2022-08-02 23:24:42,443] {dagbag.py:508} INFO - Filling up the DagBag from /home/airflow/.local/lib/python3.7/site-packages/airflow/example_dags/tutorial_etl_dag.py
[2022-08-02 23:24:42,498] {processor.py:651} INFO - DAG(s) dict_keys(['tutorial_etl_dag']) retrieved from /home/airflow/.local/lib/python3.7/site-packages/airflow/example_dags/tutorial_etl_dag.py
[2022-08-02 23:24:42,842] {logging_mixin.py:115} INFO - [2022-08-02 23:24:42,841] {dag.py:2420} INFO - Sync 1 DAGs
[2022-08-02 23:24:43,037] {logging_mixin.py:115} INFO - [2022-08-02 23:24:43,037] {dag.py:2972} INFO - Setting next_dagrun for tutorial_etl_dag to None, run_after=None
[2022-08-02 23:24:43,146] {processor.py:161} INFO - Processing /home/airflow/.local/lib/python3.7/site-packages/airflow/example_dags/tutorial_etl_dag.py took 0.764 seconds
[2022-08-02 23:25:13,489] {processor.py:153} INFO - Started process (PID=392) to work on /home/airflow/.local/lib/python3.7/site-packages/airflow/example_dags/tutorial_etl_dag.py
[2022-08-02 23:25:13,492] {processor.py:641} INFO - Processing file /home/airflow/.local/lib/python3.7/site-packages/airflow/example_dags/tutorial_etl_dag.py for tasks to queue
[2022-08-02 23:25:13,496] {logging_mixin.py:115} INFO - [2022-08-02 23:25:13,496] {dagbag.py:508} INFO - Filling up the DagBag from /home/airflow/.local/lib/python3.7/site-packages/airflow/example_dags/tutorial_etl_dag.py
[2022-08-02 23:25:13,512] {processor.py:651} INFO - DAG(s) dict_keys(['tutorial_etl_dag']) retrieved from /home/airflow/.local/lib/python3.7/site-packages/airflow/example_dags/tutorial_etl_dag.py
[2022-08-02 23:25:13,571] {logging_mixin.py:115} INFO - [2022-08-02 23:25:13,570] {dag.py:2420} INFO - Sync 1 DAGs
[2022-08-02 23:25:13,626] {logging_mixin.py:115} INFO - [2022-08-02 23:25:13,625] {dag.py:2972} INFO - Setting next_dagrun for tutorial_etl_dag to None, run_after=None
[2022-08-02 23:25:13,649] {processor.py:161} INFO - Processing /home/airflow/.local/lib/python3.7/site-packages/airflow/example_dags/tutorial_etl_dag.py took 0.164 seconds
[2022-08-02 23:25:43,733] {processor.py:153} INFO - Started process (PID=450) to work on /home/airflow/.local/lib/python3.7/site-packages/airflow/example_dags/tutorial_etl_dag.py
[2022-08-02 23:25:43,740] {processor.py:641} INFO - Processing file /home/airflow/.local/lib/python3.7/site-packages/airflow/example_dags/tutorial_etl_dag.py for tasks to queue
[2022-08-02 23:25:43,745] {logging_mixin.py:115} INFO - [2022-08-02 23:25:43,745] {dagbag.py:508} INFO - Filling up the DagBag from /home/airflow/.local/lib/python3.7/site-packages/airflow/example_dags/tutorial_etl_dag.py
[2022-08-02 23:25:43,783] {processor.py:651} INFO - DAG(s) dict_keys(['tutorial_etl_dag']) retrieved from /home/airflow/.local/lib/python3.7/site-packages/airflow/example_dags/tutorial_etl_dag.py
[2022-08-02 23:25:43,914] {logging_mixin.py:115} INFO - [2022-08-02 23:25:43,914] {dag.py:2420} INFO - Sync 1 DAGs
[2022-08-02 23:25:43,979] {logging_mixin.py:115} INFO - [2022-08-02 23:25:43,979] {dag.py:2972} INFO - Setting next_dagrun for tutorial_etl_dag to None, run_after=None
[2022-08-02 23:25:44,141] {processor.py:161} INFO - Processing /home/airflow/.local/lib/python3.7/site-packages/airflow/example_dags/tutorial_etl_dag.py took 0.416 seconds
[2022-08-02 23:26:14,495] {processor.py:153} INFO - Started process (PID=504) to work on /home/airflow/.local/lib/python3.7/site-packages/airflow/example_dags/tutorial_etl_dag.py
[2022-08-02 23:26:14,500] {processor.py:641} INFO - Processing file /home/airflow/.local/lib/python3.7/site-packages/airflow/example_dags/tutorial_etl_dag.py for tasks to queue
[2022-08-02 23:26:14,508] {logging_mixin.py:115} INFO - [2022-08-02 23:26:14,508] {dagbag.py:508} INFO - Filling up the DagBag from /home/airflow/.local/lib/python3.7/site-packages/airflow/example_dags/tutorial_etl_dag.py
[2022-08-02 23:26:14,524] {processor.py:651} INFO - DAG(s) dict_keys(['tutorial_etl_dag']) retrieved from /home/airflow/.local/lib/python3.7/site-packages/airflow/example_dags/tutorial_etl_dag.py
[2022-08-02 23:26:14,560] {logging_mixin.py:115} INFO - [2022-08-02 23:26:14,560] {dag.py:2420} INFO - Sync 1 DAGs
[2022-08-02 23:26:14,579] {logging_mixin.py:115} INFO - [2022-08-02 23:26:14,579] {dag.py:2972} INFO - Setting next_dagrun for tutorial_etl_dag to None, run_after=None
[2022-08-02 23:26:14,599] {processor.py:161} INFO - Processing /home/airflow/.local/lib/python3.7/site-packages/airflow/example_dags/tutorial_etl_dag.py took 0.110 seconds
[2022-08-02 23:26:44,770] {processor.py:153} INFO - Started process (PID=557) to work on /home/airflow/.local/lib/python3.7/site-packages/airflow/example_dags/tutorial_etl_dag.py
[2022-08-02 23:26:44,778] {processor.py:641} INFO - Processing file /home/airflow/.local/lib/python3.7/site-packages/airflow/example_dags/tutorial_etl_dag.py for tasks to queue
[2022-08-02 23:26:44,782] {logging_mixin.py:115} INFO - [2022-08-02 23:26:44,782] {dagbag.py:508} INFO - Filling up the DagBag from /home/airflow/.local/lib/python3.7/site-packages/airflow/example_dags/tutorial_etl_dag.py
[2022-08-02 23:26:44,799] {processor.py:651} INFO - DAG(s) dict_keys(['tutorial_etl_dag']) retrieved from /home/airflow/.local/lib/python3.7/site-packages/airflow/example_dags/tutorial_etl_dag.py
[2022-08-02 23:26:44,890] {logging_mixin.py:115} INFO - [2022-08-02 23:26:44,890] {dag.py:2420} INFO - Sync 1 DAGs
[2022-08-02 23:26:44,917] {logging_mixin.py:115} INFO - [2022-08-02 23:26:44,917] {dag.py:2972} INFO - Setting next_dagrun for tutorial_etl_dag to None, run_after=None
[2022-08-02 23:26:44,940] {processor.py:161} INFO - Processing /home/airflow/.local/lib/python3.7/site-packages/airflow/example_dags/tutorial_etl_dag.py took 0.176 seconds
[2022-08-02 23:27:15,159] {processor.py:153} INFO - Started process (PID=607) to work on /home/airflow/.local/lib/python3.7/site-packages/airflow/example_dags/tutorial_etl_dag.py
[2022-08-02 23:27:15,166] {processor.py:641} INFO - Processing file /home/airflow/.local/lib/python3.7/site-packages/airflow/example_dags/tutorial_etl_dag.py for tasks to queue
[2022-08-02 23:27:15,175] {logging_mixin.py:115} INFO - [2022-08-02 23:27:15,175] {dagbag.py:508} INFO - Filling up the DagBag from /home/airflow/.local/lib/python3.7/site-packages/airflow/example_dags/tutorial_etl_dag.py
[2022-08-02 23:27:15,204] {processor.py:651} INFO - DAG(s) dict_keys(['tutorial_etl_dag']) retrieved from /home/airflow/.local/lib/python3.7/site-packages/airflow/example_dags/tutorial_etl_dag.py
[2022-08-02 23:27:15,263] {logging_mixin.py:115} INFO - [2022-08-02 23:27:15,262] {dag.py:2420} INFO - Sync 1 DAGs
[2022-08-02 23:27:15,292] {logging_mixin.py:115} INFO - [2022-08-02 23:27:15,292] {dag.py:2972} INFO - Setting next_dagrun for tutorial_etl_dag to None, run_after=None
[2022-08-02 23:27:15,313] {processor.py:161} INFO - Processing /home/airflow/.local/lib/python3.7/site-packages/airflow/example_dags/tutorial_etl_dag.py took 0.160 seconds
[2022-08-02 23:27:45,795] {processor.py:153} INFO - Started process (PID=659) to work on /home/airflow/.local/lib/python3.7/site-packages/airflow/example_dags/tutorial_etl_dag.py
[2022-08-02 23:27:45,799] {processor.py:641} INFO - Processing file /home/airflow/.local/lib/python3.7/site-packages/airflow/example_dags/tutorial_etl_dag.py for tasks to queue
[2022-08-02 23:27:45,802] {logging_mixin.py:115} INFO - [2022-08-02 23:27:45,802] {dagbag.py:508} INFO - Filling up the DagBag from /home/airflow/.local/lib/python3.7/site-packages/airflow/example_dags/tutorial_etl_dag.py
[2022-08-02 23:27:45,823] {processor.py:651} INFO - DAG(s) dict_keys(['tutorial_etl_dag']) retrieved from /home/airflow/.local/lib/python3.7/site-packages/airflow/example_dags/tutorial_etl_dag.py
[2022-08-02 23:27:45,862] {logging_mixin.py:115} INFO - [2022-08-02 23:27:45,862] {dag.py:2420} INFO - Sync 1 DAGs
[2022-08-02 23:27:45,922] {logging_mixin.py:115} INFO - [2022-08-02 23:27:45,922] {dag.py:2972} INFO - Setting next_dagrun for tutorial_etl_dag to None, run_after=None
[2022-08-02 23:27:45,943] {processor.py:161} INFO - Processing /home/airflow/.local/lib/python3.7/site-packages/airflow/example_dags/tutorial_etl_dag.py took 0.153 seconds
[2022-08-02 23:28:17,434] {processor.py:153} INFO - Started process (PID=710) to work on /home/airflow/.local/lib/python3.7/site-packages/airflow/example_dags/tutorial_etl_dag.py
[2022-08-02 23:28:17,449] {processor.py:641} INFO - Processing file /home/airflow/.local/lib/python3.7/site-packages/airflow/example_dags/tutorial_etl_dag.py for tasks to queue
[2022-08-02 23:28:17,461] {logging_mixin.py:115} INFO - [2022-08-02 23:28:17,461] {dagbag.py:508} INFO - Filling up the DagBag from /home/airflow/.local/lib/python3.7/site-packages/airflow/example_dags/tutorial_etl_dag.py
[2022-08-02 23:28:17,488] {processor.py:651} INFO - DAG(s) dict_keys(['tutorial_etl_dag']) retrieved from /home/airflow/.local/lib/python3.7/site-packages/airflow/example_dags/tutorial_etl_dag.py
[2022-08-02 23:28:17,542] {logging_mixin.py:115} INFO - [2022-08-02 23:28:17,542] {dag.py:2420} INFO - Sync 1 DAGs
[2022-08-02 23:28:17,574] {logging_mixin.py:115} INFO - [2022-08-02 23:28:17,574] {dag.py:2972} INFO - Setting next_dagrun for tutorial_etl_dag to None, run_after=None
[2022-08-02 23:28:17,603] {processor.py:161} INFO - Processing /home/airflow/.local/lib/python3.7/site-packages/airflow/example_dags/tutorial_etl_dag.py took 0.176 seconds
[2022-08-02 23:28:48,512] {processor.py:153} INFO - Started process (PID=763) to work on /home/airflow/.local/lib/python3.7/site-packages/airflow/example_dags/tutorial_etl_dag.py
[2022-08-02 23:28:48,550] {processor.py:641} INFO - Processing file /home/airflow/.local/lib/python3.7/site-packages/airflow/example_dags/tutorial_etl_dag.py for tasks to queue
[2022-08-02 23:28:48,568] {logging_mixin.py:115} INFO - [2022-08-02 23:28:48,568] {dagbag.py:508} INFO - Filling up the DagBag from /home/airflow/.local/lib/python3.7/site-packages/airflow/example_dags/tutorial_etl_dag.py
[2022-08-02 23:28:48,593] {processor.py:651} INFO - DAG(s) dict_keys(['tutorial_etl_dag']) retrieved from /home/airflow/.local/lib/python3.7/site-packages/airflow/example_dags/tutorial_etl_dag.py
[2022-08-02 23:28:48,634] {logging_mixin.py:115} INFO - [2022-08-02 23:28:48,634] {dag.py:2420} INFO - Sync 1 DAGs
[2022-08-02 23:28:48,658] {logging_mixin.py:115} INFO - [2022-08-02 23:28:48,658] {dag.py:2972} INFO - Setting next_dagrun for tutorial_etl_dag to None, run_after=None
[2022-08-02 23:28:48,678] {processor.py:161} INFO - Processing /home/airflow/.local/lib/python3.7/site-packages/airflow/example_dags/tutorial_etl_dag.py took 0.212 seconds
[2022-08-02 23:29:19,092] {processor.py:153} INFO - Started process (PID=814) to work on /home/airflow/.local/lib/python3.7/site-packages/airflow/example_dags/tutorial_etl_dag.py
[2022-08-02 23:29:19,095] {processor.py:641} INFO - Processing file /home/airflow/.local/lib/python3.7/site-packages/airflow/example_dags/tutorial_etl_dag.py for tasks to queue
[2022-08-02 23:29:19,097] {logging_mixin.py:115} INFO - [2022-08-02 23:29:19,097] {dagbag.py:508} INFO - Filling up the DagBag from /home/airflow/.local/lib/python3.7/site-packages/airflow/example_dags/tutorial_etl_dag.py
[2022-08-02 23:29:19,110] {processor.py:651} INFO - DAG(s) dict_keys(['tutorial_etl_dag']) retrieved from /home/airflow/.local/lib/python3.7/site-packages/airflow/example_dags/tutorial_etl_dag.py
[2022-08-02 23:29:19,152] {logging_mixin.py:115} INFO - [2022-08-02 23:29:19,152] {dag.py:2420} INFO - Sync 1 DAGs
[2022-08-02 23:29:19,187] {logging_mixin.py:115} INFO - [2022-08-02 23:29:19,187] {dag.py:2972} INFO - Setting next_dagrun for tutorial_etl_dag to None, run_after=None
[2022-08-02 23:29:19,206] {processor.py:161} INFO - Processing /home/airflow/.local/lib/python3.7/site-packages/airflow/example_dags/tutorial_etl_dag.py took 0.117 seconds
[2022-08-02 23:29:49,959] {processor.py:153} INFO - Started process (PID=875) to work on /home/airflow/.local/lib/python3.7/site-packages/airflow/example_dags/tutorial_etl_dag.py
[2022-08-02 23:29:49,966] {processor.py:641} INFO - Processing file /home/airflow/.local/lib/python3.7/site-packages/airflow/example_dags/tutorial_etl_dag.py for tasks to queue
[2022-08-02 23:29:49,973] {logging_mixin.py:115} INFO - [2022-08-02 23:29:49,972] {dagbag.py:508} INFO - Filling up the DagBag from /home/airflow/.local/lib/python3.7/site-packages/airflow/example_dags/tutorial_etl_dag.py
[2022-08-02 23:29:49,991] {processor.py:651} INFO - DAG(s) dict_keys(['tutorial_etl_dag']) retrieved from /home/airflow/.local/lib/python3.7/site-packages/airflow/example_dags/tutorial_etl_dag.py
[2022-08-02 23:29:50,274] {logging_mixin.py:115} INFO - [2022-08-02 23:29:50,274] {dag.py:2420} INFO - Sync 1 DAGs
[2022-08-02 23:29:50,318] {logging_mixin.py:115} INFO - [2022-08-02 23:29:50,318] {dag.py:2972} INFO - Setting next_dagrun for tutorial_etl_dag to None, run_after=None
[2022-08-02 23:29:50,337] {processor.py:161} INFO - Processing /home/airflow/.local/lib/python3.7/site-packages/airflow/example_dags/tutorial_etl_dag.py took 0.384 seconds
[2022-08-02 23:30:21,361] {processor.py:153} INFO - Started process (PID=928) to work on /home/airflow/.local/lib/python3.7/site-packages/airflow/example_dags/tutorial_etl_dag.py
[2022-08-02 23:30:21,371] {processor.py:641} INFO - Processing file /home/airflow/.local/lib/python3.7/site-packages/airflow/example_dags/tutorial_etl_dag.py for tasks to queue
[2022-08-02 23:30:21,389] {logging_mixin.py:115} INFO - [2022-08-02 23:30:21,388] {dagbag.py:508} INFO - Filling up the DagBag from /home/airflow/.local/lib/python3.7/site-packages/airflow/example_dags/tutorial_etl_dag.py
[2022-08-02 23:30:21,411] {processor.py:651} INFO - DAG(s) dict_keys(['tutorial_etl_dag']) retrieved from /home/airflow/.local/lib/python3.7/site-packages/airflow/example_dags/tutorial_etl_dag.py
[2022-08-02 23:30:21,555] {logging_mixin.py:115} INFO - [2022-08-02 23:30:21,555] {dag.py:2420} INFO - Sync 1 DAGs
[2022-08-02 23:30:21,604] {logging_mixin.py:115} INFO - [2022-08-02 23:30:21,604] {dag.py:2972} INFO - Setting next_dagrun for tutorial_etl_dag to None, run_after=None
[2022-08-02 23:30:21,654] {processor.py:161} INFO - Processing /home/airflow/.local/lib/python3.7/site-packages/airflow/example_dags/tutorial_etl_dag.py took 0.303 seconds
[2022-08-02 23:30:51,810] {processor.py:153} INFO - Started process (PID=981) to work on /home/airflow/.local/lib/python3.7/site-packages/airflow/example_dags/tutorial_etl_dag.py
[2022-08-02 23:30:51,814] {processor.py:641} INFO - Processing file /home/airflow/.local/lib/python3.7/site-packages/airflow/example_dags/tutorial_etl_dag.py for tasks to queue
[2022-08-02 23:30:51,816] {logging_mixin.py:115} INFO - [2022-08-02 23:30:51,816] {dagbag.py:508} INFO - Filling up the DagBag from /home/airflow/.local/lib/python3.7/site-packages/airflow/example_dags/tutorial_etl_dag.py
[2022-08-02 23:30:51,826] {processor.py:651} INFO - DAG(s) dict_keys(['tutorial_etl_dag']) retrieved from /home/airflow/.local/lib/python3.7/site-packages/airflow/example_dags/tutorial_etl_dag.py
[2022-08-02 23:30:51,858] {logging_mixin.py:115} INFO - [2022-08-02 23:30:51,857] {dag.py:2420} INFO - Sync 1 DAGs
[2022-08-02 23:30:51,880] {logging_mixin.py:115} INFO - [2022-08-02 23:30:51,880] {dag.py:2972} INFO - Setting next_dagrun for tutorial_etl_dag to None, run_after=None
[2022-08-02 23:30:51,915] {processor.py:161} INFO - Processing /home/airflow/.local/lib/python3.7/site-packages/airflow/example_dags/tutorial_etl_dag.py took 0.108 seconds
[2022-08-02 23:31:22,372] {processor.py:153} INFO - Started process (PID=1033) to work on /home/airflow/.local/lib/python3.7/site-packages/airflow/example_dags/tutorial_etl_dag.py
[2022-08-02 23:31:22,376] {processor.py:641} INFO - Processing file /home/airflow/.local/lib/python3.7/site-packages/airflow/example_dags/tutorial_etl_dag.py for tasks to queue
[2022-08-02 23:31:22,380] {logging_mixin.py:115} INFO - [2022-08-02 23:31:22,380] {dagbag.py:508} INFO - Filling up the DagBag from /home/airflow/.local/lib/python3.7/site-packages/airflow/example_dags/tutorial_etl_dag.py
[2022-08-02 23:31:22,391] {processor.py:651} INFO - DAG(s) dict_keys(['tutorial_etl_dag']) retrieved from /home/airflow/.local/lib/python3.7/site-packages/airflow/example_dags/tutorial_etl_dag.py
[2022-08-02 23:31:22,433] {logging_mixin.py:115} INFO - [2022-08-02 23:31:22,432] {dag.py:2420} INFO - Sync 1 DAGs
[2022-08-02 23:31:22,460] {logging_mixin.py:115} INFO - [2022-08-02 23:31:22,460] {dag.py:2972} INFO - Setting next_dagrun for tutorial_etl_dag to None, run_after=None
[2022-08-02 23:31:22,486] {processor.py:161} INFO - Processing /home/airflow/.local/lib/python3.7/site-packages/airflow/example_dags/tutorial_etl_dag.py took 0.118 seconds
[2022-08-02 23:31:54,024] {processor.py:153} INFO - Started process (PID=1094) to work on /home/airflow/.local/lib/python3.7/site-packages/airflow/example_dags/tutorial_etl_dag.py
[2022-08-02 23:31:54,034] {processor.py:641} INFO - Processing file /home/airflow/.local/lib/python3.7/site-packages/airflow/example_dags/tutorial_etl_dag.py for tasks to queue
[2022-08-02 23:31:54,042] {logging_mixin.py:115} INFO - [2022-08-02 23:31:54,041] {dagbag.py:508} INFO - Filling up the DagBag from /home/airflow/.local/lib/python3.7/site-packages/airflow/example_dags/tutorial_etl_dag.py
[2022-08-02 23:31:54,065] {processor.py:651} INFO - DAG(s) dict_keys(['tutorial_etl_dag']) retrieved from /home/airflow/.local/lib/python3.7/site-packages/airflow/example_dags/tutorial_etl_dag.py
[2022-08-02 23:31:54,140] {logging_mixin.py:115} INFO - [2022-08-02 23:31:54,140] {dag.py:2420} INFO - Sync 1 DAGs
[2022-08-02 23:31:54,178] {logging_mixin.py:115} INFO - [2022-08-02 23:31:54,178] {dag.py:2972} INFO - Setting next_dagrun for tutorial_etl_dag to None, run_after=None
[2022-08-02 23:31:54,198] {processor.py:161} INFO - Processing /home/airflow/.local/lib/python3.7/site-packages/airflow/example_dags/tutorial_etl_dag.py took 0.183 seconds
[2022-08-02 23:32:24,604] {processor.py:153} INFO - Started process (PID=1146) to work on /home/airflow/.local/lib/python3.7/site-packages/airflow/example_dags/tutorial_etl_dag.py
[2022-08-02 23:32:24,612] {processor.py:641} INFO - Processing file /home/airflow/.local/lib/python3.7/site-packages/airflow/example_dags/tutorial_etl_dag.py for tasks to queue
[2022-08-02 23:32:24,618] {logging_mixin.py:115} INFO - [2022-08-02 23:32:24,618] {dagbag.py:508} INFO - Filling up the DagBag from /home/airflow/.local/lib/python3.7/site-packages/airflow/example_dags/tutorial_etl_dag.py
[2022-08-02 23:32:24,641] {processor.py:651} INFO - DAG(s) dict_keys(['tutorial_etl_dag']) retrieved from /home/airflow/.local/lib/python3.7/site-packages/airflow/example_dags/tutorial_etl_dag.py
[2022-08-02 23:32:24,694] {logging_mixin.py:115} INFO - [2022-08-02 23:32:24,694] {dag.py:2420} INFO - Sync 1 DAGs
[2022-08-02 23:32:24,721] {logging_mixin.py:115} INFO - [2022-08-02 23:32:24,721] {dag.py:2972} INFO - Setting next_dagrun for tutorial_etl_dag to None, run_after=None
[2022-08-02 23:32:24,735] {processor.py:161} INFO - Processing /home/airflow/.local/lib/python3.7/site-packages/airflow/example_dags/tutorial_etl_dag.py took 0.137 seconds
[2022-08-02 23:32:55,001] {processor.py:153} INFO - Started process (PID=1198) to work on /home/airflow/.local/lib/python3.7/site-packages/airflow/example_dags/tutorial_etl_dag.py
[2022-08-02 23:32:55,004] {processor.py:641} INFO - Processing file /home/airflow/.local/lib/python3.7/site-packages/airflow/example_dags/tutorial_etl_dag.py for tasks to queue
[2022-08-02 23:32:55,007] {logging_mixin.py:115} INFO - [2022-08-02 23:32:55,007] {dagbag.py:508} INFO - Filling up the DagBag from /home/airflow/.local/lib/python3.7/site-packages/airflow/example_dags/tutorial_etl_dag.py
[2022-08-02 23:32:55,017] {processor.py:651} INFO - DAG(s) dict_keys(['tutorial_etl_dag']) retrieved from /home/airflow/.local/lib/python3.7/site-packages/airflow/example_dags/tutorial_etl_dag.py
[2022-08-02 23:32:55,055] {logging_mixin.py:115} INFO - [2022-08-02 23:32:55,054] {dag.py:2420} INFO - Sync 1 DAGs
[2022-08-02 23:32:55,078] {logging_mixin.py:115} INFO - [2022-08-02 23:32:55,078] {dag.py:2972} INFO - Setting next_dagrun for tutorial_etl_dag to None, run_after=None
[2022-08-02 23:32:55,098] {processor.py:161} INFO - Processing /home/airflow/.local/lib/python3.7/site-packages/airflow/example_dags/tutorial_etl_dag.py took 0.101 seconds
[2022-08-02 23:33:26,234] {processor.py:153} INFO - Started process (PID=1258) to work on /home/airflow/.local/lib/python3.7/site-packages/airflow/example_dags/tutorial_etl_dag.py
[2022-08-02 23:33:26,242] {processor.py:641} INFO - Processing file /home/airflow/.local/lib/python3.7/site-packages/airflow/example_dags/tutorial_etl_dag.py for tasks to queue
[2022-08-02 23:33:26,249] {logging_mixin.py:115} INFO - [2022-08-02 23:33:26,249] {dagbag.py:508} INFO - Filling up the DagBag from /home/airflow/.local/lib/python3.7/site-packages/airflow/example_dags/tutorial_etl_dag.py
[2022-08-02 23:33:26,269] {processor.py:651} INFO - DAG(s) dict_keys(['tutorial_etl_dag']) retrieved from /home/airflow/.local/lib/python3.7/site-packages/airflow/example_dags/tutorial_etl_dag.py
[2022-08-02 23:33:26,411] {logging_mixin.py:115} INFO - [2022-08-02 23:33:26,411] {dag.py:2420} INFO - Sync 1 DAGs
[2022-08-02 23:33:26,558] {logging_mixin.py:115} INFO - [2022-08-02 23:33:26,558] {dag.py:2972} INFO - Setting next_dagrun for tutorial_etl_dag to None, run_after=None
[2022-08-02 23:33:26,613] {processor.py:161} INFO - Processing /home/airflow/.local/lib/python3.7/site-packages/airflow/example_dags/tutorial_etl_dag.py took 0.383 seconds
[2022-08-02 23:33:57,210] {processor.py:153} INFO - Started process (PID=1309) to work on /home/airflow/.local/lib/python3.7/site-packages/airflow/example_dags/tutorial_etl_dag.py
[2022-08-02 23:33:57,212] {processor.py:641} INFO - Processing file /home/airflow/.local/lib/python3.7/site-packages/airflow/example_dags/tutorial_etl_dag.py for tasks to queue
[2022-08-02 23:33:57,214] {logging_mixin.py:115} INFO - [2022-08-02 23:33:57,214] {dagbag.py:508} INFO - Filling up the DagBag from /home/airflow/.local/lib/python3.7/site-packages/airflow/example_dags/tutorial_etl_dag.py
[2022-08-02 23:33:57,227] {processor.py:651} INFO - DAG(s) dict_keys(['tutorial_etl_dag']) retrieved from /home/airflow/.local/lib/python3.7/site-packages/airflow/example_dags/tutorial_etl_dag.py
[2022-08-02 23:33:57,258] {logging_mixin.py:115} INFO - [2022-08-02 23:33:57,258] {dag.py:2420} INFO - Sync 1 DAGs
[2022-08-02 23:33:57,280] {logging_mixin.py:115} INFO - [2022-08-02 23:33:57,280] {dag.py:2972} INFO - Setting next_dagrun for tutorial_etl_dag to None, run_after=None
[2022-08-02 23:33:57,294] {processor.py:161} INFO - Processing /home/airflow/.local/lib/python3.7/site-packages/airflow/example_dags/tutorial_etl_dag.py took 0.089 seconds
[2022-08-02 23:34:27,466] {processor.py:153} INFO - Started process (PID=1361) to work on /home/airflow/.local/lib/python3.7/site-packages/airflow/example_dags/tutorial_etl_dag.py
[2022-08-02 23:34:27,475] {processor.py:641} INFO - Processing file /home/airflow/.local/lib/python3.7/site-packages/airflow/example_dags/tutorial_etl_dag.py for tasks to queue
[2022-08-02 23:34:27,480] {logging_mixin.py:115} INFO - [2022-08-02 23:34:27,479] {dagbag.py:508} INFO - Filling up the DagBag from /home/airflow/.local/lib/python3.7/site-packages/airflow/example_dags/tutorial_etl_dag.py
[2022-08-02 23:34:27,493] {processor.py:651} INFO - DAG(s) dict_keys(['tutorial_etl_dag']) retrieved from /home/airflow/.local/lib/python3.7/site-packages/airflow/example_dags/tutorial_etl_dag.py
[2022-08-02 23:34:27,595] {logging_mixin.py:115} INFO - [2022-08-02 23:34:27,595] {dag.py:2420} INFO - Sync 1 DAGs
[2022-08-02 23:34:27,680] {logging_mixin.py:115} INFO - [2022-08-02 23:34:27,680] {dag.py:2972} INFO - Setting next_dagrun for tutorial_etl_dag to None, run_after=None
[2022-08-02 23:34:27,757] {processor.py:161} INFO - Processing /home/airflow/.local/lib/python3.7/site-packages/airflow/example_dags/tutorial_etl_dag.py took 0.297 seconds
[2022-08-02 23:35:01,352] {processor.py:153} INFO - Started process (PID=1423) to work on /home/airflow/.local/lib/python3.7/site-packages/airflow/example_dags/tutorial_etl_dag.py
[2022-08-02 23:35:01,373] {processor.py:641} INFO - Processing file /home/airflow/.local/lib/python3.7/site-packages/airflow/example_dags/tutorial_etl_dag.py for tasks to queue
[2022-08-02 23:35:01,392] {logging_mixin.py:115} INFO - [2022-08-02 23:35:01,392] {dagbag.py:508} INFO - Filling up the DagBag from /home/airflow/.local/lib/python3.7/site-packages/airflow/example_dags/tutorial_etl_dag.py
[2022-08-02 23:35:01,480] {processor.py:651} INFO - DAG(s) dict_keys(['tutorial_etl_dag']) retrieved from /home/airflow/.local/lib/python3.7/site-packages/airflow/example_dags/tutorial_etl_dag.py
[2022-08-02 23:35:01,694] {logging_mixin.py:115} INFO - [2022-08-02 23:35:01,693] {dag.py:2420} INFO - Sync 1 DAGs
[2022-08-02 23:35:01,802] {logging_mixin.py:115} INFO - [2022-08-02 23:35:01,802] {dag.py:2972} INFO - Setting next_dagrun for tutorial_etl_dag to None, run_after=None
[2022-08-02 23:35:02,106] {processor.py:161} INFO - Processing /home/airflow/.local/lib/python3.7/site-packages/airflow/example_dags/tutorial_etl_dag.py took 0.765 seconds
[2022-08-02 23:35:32,833] {processor.py:153} INFO - Started process (PID=1466) to work on /home/airflow/.local/lib/python3.7/site-packages/airflow/example_dags/tutorial_etl_dag.py
[2022-08-02 23:35:32,849] {processor.py:641} INFO - Processing file /home/airflow/.local/lib/python3.7/site-packages/airflow/example_dags/tutorial_etl_dag.py for tasks to queue
[2022-08-02 23:35:32,856] {logging_mixin.py:115} INFO - [2022-08-02 23:35:32,856] {dagbag.py:508} INFO - Filling up the DagBag from /home/airflow/.local/lib/python3.7/site-packages/airflow/example_dags/tutorial_etl_dag.py
[2022-08-02 23:35:32,877] {processor.py:651} INFO - DAG(s) dict_keys(['tutorial_etl_dag']) retrieved from /home/airflow/.local/lib/python3.7/site-packages/airflow/example_dags/tutorial_etl_dag.py
[2022-08-02 23:35:33,093] {logging_mixin.py:115} INFO - [2022-08-02 23:35:33,093] {dag.py:2420} INFO - Sync 1 DAGs
[2022-08-02 23:35:33,243] {logging_mixin.py:115} INFO - [2022-08-02 23:35:33,242] {dag.py:2972} INFO - Setting next_dagrun for tutorial_etl_dag to None, run_after=None
[2022-08-02 23:35:33,331] {processor.py:161} INFO - Processing /home/airflow/.local/lib/python3.7/site-packages/airflow/example_dags/tutorial_etl_dag.py took 0.504 seconds
[2022-08-02 23:36:03,709] {processor.py:153} INFO - Started process (PID=1528) to work on /home/airflow/.local/lib/python3.7/site-packages/airflow/example_dags/tutorial_etl_dag.py
[2022-08-02 23:36:03,746] {processor.py:641} INFO - Processing file /home/airflow/.local/lib/python3.7/site-packages/airflow/example_dags/tutorial_etl_dag.py for tasks to queue
[2022-08-02 23:36:04,059] {logging_mixin.py:115} INFO - [2022-08-02 23:36:04,059] {dagbag.py:508} INFO - Filling up the DagBag from /home/airflow/.local/lib/python3.7/site-packages/airflow/example_dags/tutorial_etl_dag.py
[2022-08-02 23:36:04,281] {processor.py:651} INFO - DAG(s) dict_keys(['tutorial_etl_dag']) retrieved from /home/airflow/.local/lib/python3.7/site-packages/airflow/example_dags/tutorial_etl_dag.py
[2022-08-02 23:36:04,604] {logging_mixin.py:115} INFO - [2022-08-02 23:36:04,603] {dag.py:2420} INFO - Sync 1 DAGs
[2022-08-02 23:36:04,758] {logging_mixin.py:115} INFO - [2022-08-02 23:36:04,758] {dag.py:2972} INFO - Setting next_dagrun for tutorial_etl_dag to None, run_after=None
[2022-08-02 23:36:04,832] {processor.py:161} INFO - Processing /home/airflow/.local/lib/python3.7/site-packages/airflow/example_dags/tutorial_etl_dag.py took 1.145 seconds
[2022-08-02 23:36:35,205] {processor.py:153} INFO - Started process (PID=1581) to work on /home/airflow/.local/lib/python3.7/site-packages/airflow/example_dags/tutorial_etl_dag.py
[2022-08-02 23:36:35,207] {processor.py:641} INFO - Processing file /home/airflow/.local/lib/python3.7/site-packages/airflow/example_dags/tutorial_etl_dag.py for tasks to queue
[2022-08-02 23:36:35,209] {logging_mixin.py:115} INFO - [2022-08-02 23:36:35,209] {dagbag.py:508} INFO - Filling up the DagBag from /home/airflow/.local/lib/python3.7/site-packages/airflow/example_dags/tutorial_etl_dag.py
[2022-08-02 23:36:35,217] {processor.py:651} INFO - DAG(s) dict_keys(['tutorial_etl_dag']) retrieved from /home/airflow/.local/lib/python3.7/site-packages/airflow/example_dags/tutorial_etl_dag.py
[2022-08-02 23:36:35,245] {logging_mixin.py:115} INFO - [2022-08-02 23:36:35,245] {dag.py:2420} INFO - Sync 1 DAGs
[2022-08-02 23:36:35,266] {logging_mixin.py:115} INFO - [2022-08-02 23:36:35,266] {dag.py:2972} INFO - Setting next_dagrun for tutorial_etl_dag to None, run_after=None
[2022-08-02 23:36:35,288] {processor.py:161} INFO - Processing /home/airflow/.local/lib/python3.7/site-packages/airflow/example_dags/tutorial_etl_dag.py took 0.086 seconds
[2022-08-02 23:37:05,554] {processor.py:153} INFO - Started process (PID=1642) to work on /home/airflow/.local/lib/python3.7/site-packages/airflow/example_dags/tutorial_etl_dag.py
[2022-08-02 23:37:05,559] {processor.py:641} INFO - Processing file /home/airflow/.local/lib/python3.7/site-packages/airflow/example_dags/tutorial_etl_dag.py for tasks to queue
[2022-08-02 23:37:05,565] {logging_mixin.py:115} INFO - [2022-08-02 23:37:05,565] {dagbag.py:508} INFO - Filling up the DagBag from /home/airflow/.local/lib/python3.7/site-packages/airflow/example_dags/tutorial_etl_dag.py
[2022-08-02 23:37:05,587] {processor.py:651} INFO - DAG(s) dict_keys(['tutorial_etl_dag']) retrieved from /home/airflow/.local/lib/python3.7/site-packages/airflow/example_dags/tutorial_etl_dag.py
[2022-08-02 23:37:05,658] {logging_mixin.py:115} INFO - [2022-08-02 23:37:05,657] {dag.py:2420} INFO - Sync 1 DAGs
[2022-08-02 23:37:05,707] {logging_mixin.py:115} INFO - [2022-08-02 23:37:05,707] {dag.py:2972} INFO - Setting next_dagrun for tutorial_etl_dag to None, run_after=None
[2022-08-02 23:37:05,737] {processor.py:161} INFO - Processing /home/airflow/.local/lib/python3.7/site-packages/airflow/example_dags/tutorial_etl_dag.py took 0.191 seconds
[2022-08-02 23:37:36,200] {processor.py:153} INFO - Started process (PID=1694) to work on /home/airflow/.local/lib/python3.7/site-packages/airflow/example_dags/tutorial_etl_dag.py
[2022-08-02 23:37:36,205] {processor.py:641} INFO - Processing file /home/airflow/.local/lib/python3.7/site-packages/airflow/example_dags/tutorial_etl_dag.py for tasks to queue
[2022-08-02 23:37:36,210] {logging_mixin.py:115} INFO - [2022-08-02 23:37:36,210] {dagbag.py:508} INFO - Filling up the DagBag from /home/airflow/.local/lib/python3.7/site-packages/airflow/example_dags/tutorial_etl_dag.py
[2022-08-02 23:37:36,223] {processor.py:651} INFO - DAG(s) dict_keys(['tutorial_etl_dag']) retrieved from /home/airflow/.local/lib/python3.7/site-packages/airflow/example_dags/tutorial_etl_dag.py
[2022-08-02 23:37:36,268] {logging_mixin.py:115} INFO - [2022-08-02 23:37:36,268] {dag.py:2420} INFO - Sync 1 DAGs
[2022-08-02 23:37:36,296] {logging_mixin.py:115} INFO - [2022-08-02 23:37:36,296] {dag.py:2972} INFO - Setting next_dagrun for tutorial_etl_dag to None, run_after=None
[2022-08-02 23:37:36,313] {processor.py:161} INFO - Processing /home/airflow/.local/lib/python3.7/site-packages/airflow/example_dags/tutorial_etl_dag.py took 0.117 seconds
[2022-08-02 23:38:06,552] {processor.py:153} INFO - Started process (PID=1755) to work on /home/airflow/.local/lib/python3.7/site-packages/airflow/example_dags/tutorial_etl_dag.py
[2022-08-02 23:38:06,559] {processor.py:641} INFO - Processing file /home/airflow/.local/lib/python3.7/site-packages/airflow/example_dags/tutorial_etl_dag.py for tasks to queue
[2022-08-02 23:38:06,563] {logging_mixin.py:115} INFO - [2022-08-02 23:38:06,563] {dagbag.py:508} INFO - Filling up the DagBag from /home/airflow/.local/lib/python3.7/site-packages/airflow/example_dags/tutorial_etl_dag.py
[2022-08-02 23:38:06,577] {processor.py:651} INFO - DAG(s) dict_keys(['tutorial_etl_dag']) retrieved from /home/airflow/.local/lib/python3.7/site-packages/airflow/example_dags/tutorial_etl_dag.py
[2022-08-02 23:38:06,637] {logging_mixin.py:115} INFO - [2022-08-02 23:38:06,637] {dag.py:2420} INFO - Sync 1 DAGs
[2022-08-02 23:38:06,690] {logging_mixin.py:115} INFO - [2022-08-02 23:38:06,690] {dag.py:2972} INFO - Setting next_dagrun for tutorial_etl_dag to None, run_after=None
[2022-08-02 23:38:06,710] {processor.py:161} INFO - Processing /home/airflow/.local/lib/python3.7/site-packages/airflow/example_dags/tutorial_etl_dag.py took 0.163 seconds
[2022-08-02 23:38:36,884] {processor.py:153} INFO - Started process (PID=1816) to work on /home/airflow/.local/lib/python3.7/site-packages/airflow/example_dags/tutorial_etl_dag.py
[2022-08-02 23:38:36,891] {processor.py:641} INFO - Processing file /home/airflow/.local/lib/python3.7/site-packages/airflow/example_dags/tutorial_etl_dag.py for tasks to queue
[2022-08-02 23:38:36,896] {logging_mixin.py:115} INFO - [2022-08-02 23:38:36,896] {dagbag.py:508} INFO - Filling up the DagBag from /home/airflow/.local/lib/python3.7/site-packages/airflow/example_dags/tutorial_etl_dag.py
[2022-08-02 23:38:36,922] {processor.py:651} INFO - DAG(s) dict_keys(['tutorial_etl_dag']) retrieved from /home/airflow/.local/lib/python3.7/site-packages/airflow/example_dags/tutorial_etl_dag.py
[2022-08-02 23:38:36,977] {logging_mixin.py:115} INFO - [2022-08-02 23:38:36,976] {dag.py:2420} INFO - Sync 1 DAGs
[2022-08-02 23:38:37,002] {logging_mixin.py:115} INFO - [2022-08-02 23:38:37,002] {dag.py:2972} INFO - Setting next_dagrun for tutorial_etl_dag to None, run_after=None
[2022-08-02 23:38:37,022] {processor.py:161} INFO - Processing /home/airflow/.local/lib/python3.7/site-packages/airflow/example_dags/tutorial_etl_dag.py took 0.151 seconds
[2022-08-02 23:39:07,606] {processor.py:153} INFO - Started process (PID=1868) to work on /home/airflow/.local/lib/python3.7/site-packages/airflow/example_dags/tutorial_etl_dag.py
[2022-08-02 23:39:07,612] {processor.py:641} INFO - Processing file /home/airflow/.local/lib/python3.7/site-packages/airflow/example_dags/tutorial_etl_dag.py for tasks to queue
[2022-08-02 23:39:07,617] {logging_mixin.py:115} INFO - [2022-08-02 23:39:07,617] {dagbag.py:508} INFO - Filling up the DagBag from /home/airflow/.local/lib/python3.7/site-packages/airflow/example_dags/tutorial_etl_dag.py
[2022-08-02 23:39:07,632] {processor.py:651} INFO - DAG(s) dict_keys(['tutorial_etl_dag']) retrieved from /home/airflow/.local/lib/python3.7/site-packages/airflow/example_dags/tutorial_etl_dag.py
[2022-08-02 23:39:07,683] {logging_mixin.py:115} INFO - [2022-08-02 23:39:07,683] {dag.py:2420} INFO - Sync 1 DAGs
[2022-08-02 23:39:07,706] {logging_mixin.py:115} INFO - [2022-08-02 23:39:07,706] {dag.py:2972} INFO - Setting next_dagrun for tutorial_etl_dag to None, run_after=None
[2022-08-02 23:39:07,720] {processor.py:161} INFO - Processing /home/airflow/.local/lib/python3.7/site-packages/airflow/example_dags/tutorial_etl_dag.py took 0.120 seconds
[2022-08-02 23:39:38,522] {processor.py:153} INFO - Started process (PID=1929) to work on /home/airflow/.local/lib/python3.7/site-packages/airflow/example_dags/tutorial_etl_dag.py
[2022-08-02 23:39:38,525] {processor.py:641} INFO - Processing file /home/airflow/.local/lib/python3.7/site-packages/airflow/example_dags/tutorial_etl_dag.py for tasks to queue
[2022-08-02 23:39:38,529] {logging_mixin.py:115} INFO - [2022-08-02 23:39:38,529] {dagbag.py:508} INFO - Filling up the DagBag from /home/airflow/.local/lib/python3.7/site-packages/airflow/example_dags/tutorial_etl_dag.py
[2022-08-02 23:39:38,540] {processor.py:651} INFO - DAG(s) dict_keys(['tutorial_etl_dag']) retrieved from /home/airflow/.local/lib/python3.7/site-packages/airflow/example_dags/tutorial_etl_dag.py
[2022-08-02 23:39:38,571] {logging_mixin.py:115} INFO - [2022-08-02 23:39:38,571] {dag.py:2420} INFO - Sync 1 DAGs
[2022-08-02 23:39:38,594] {logging_mixin.py:115} INFO - [2022-08-02 23:39:38,593] {dag.py:2972} INFO - Setting next_dagrun for tutorial_etl_dag to None, run_after=None
[2022-08-02 23:39:38,608] {processor.py:161} INFO - Processing /home/airflow/.local/lib/python3.7/site-packages/airflow/example_dags/tutorial_etl_dag.py took 0.091 seconds
[2022-08-02 23:40:15,452] {processor.py:153} INFO - Started process (PID=1980) to work on /home/airflow/.local/lib/python3.7/site-packages/airflow/example_dags/tutorial_etl_dag.py
[2022-08-02 23:40:15,460] {processor.py:641} INFO - Processing file /home/airflow/.local/lib/python3.7/site-packages/airflow/example_dags/tutorial_etl_dag.py for tasks to queue
[2022-08-02 23:40:15,470] {logging_mixin.py:115} INFO - [2022-08-02 23:40:15,470] {dagbag.py:508} INFO - Filling up the DagBag from /home/airflow/.local/lib/python3.7/site-packages/airflow/example_dags/tutorial_etl_dag.py
[2022-08-02 23:40:15,486] {processor.py:651} INFO - DAG(s) dict_keys(['tutorial_etl_dag']) retrieved from /home/airflow/.local/lib/python3.7/site-packages/airflow/example_dags/tutorial_etl_dag.py
[2022-08-02 23:40:15,528] {logging_mixin.py:115} INFO - [2022-08-02 23:40:15,528] {dag.py:2420} INFO - Sync 1 DAGs
[2022-08-02 23:40:15,559] {logging_mixin.py:115} INFO - [2022-08-02 23:40:15,559] {dag.py:2972} INFO - Setting next_dagrun for tutorial_etl_dag to None, run_after=None
[2022-08-02 23:40:15,583] {processor.py:161} INFO - Processing /home/airflow/.local/lib/python3.7/site-packages/airflow/example_dags/tutorial_etl_dag.py took 0.136 seconds
[2022-08-02 23:40:45,958] {processor.py:153} INFO - Started process (PID=2031) to work on /home/airflow/.local/lib/python3.7/site-packages/airflow/example_dags/tutorial_etl_dag.py
[2022-08-02 23:40:45,964] {processor.py:641} INFO - Processing file /home/airflow/.local/lib/python3.7/site-packages/airflow/example_dags/tutorial_etl_dag.py for tasks to queue
[2022-08-02 23:40:45,966] {logging_mixin.py:115} INFO - [2022-08-02 23:40:45,966] {dagbag.py:508} INFO - Filling up the DagBag from /home/airflow/.local/lib/python3.7/site-packages/airflow/example_dags/tutorial_etl_dag.py
[2022-08-02 23:40:45,977] {processor.py:651} INFO - DAG(s) dict_keys(['tutorial_etl_dag']) retrieved from /home/airflow/.local/lib/python3.7/site-packages/airflow/example_dags/tutorial_etl_dag.py
[2022-08-02 23:40:46,014] {logging_mixin.py:115} INFO - [2022-08-02 23:40:46,014] {dag.py:2420} INFO - Sync 1 DAGs
[2022-08-02 23:40:46,037] {logging_mixin.py:115} INFO - [2022-08-02 23:40:46,037] {dag.py:2972} INFO - Setting next_dagrun for tutorial_etl_dag to None, run_after=None
[2022-08-02 23:40:46,052] {processor.py:161} INFO - Processing /home/airflow/.local/lib/python3.7/site-packages/airflow/example_dags/tutorial_etl_dag.py took 0.098 seconds
[2022-08-02 23:41:55,337] {processor.py:153} INFO - Started process (PID=2079) to work on /home/airflow/.local/lib/python3.7/site-packages/airflow/example_dags/tutorial_etl_dag.py
[2022-08-02 23:41:55,340] {processor.py:641} INFO - Processing file /home/airflow/.local/lib/python3.7/site-packages/airflow/example_dags/tutorial_etl_dag.py for tasks to queue
[2022-08-02 23:41:55,344] {logging_mixin.py:115} INFO - [2022-08-02 23:41:55,344] {dagbag.py:508} INFO - Filling up the DagBag from /home/airflow/.local/lib/python3.7/site-packages/airflow/example_dags/tutorial_etl_dag.py
[2022-08-02 23:41:55,356] {processor.py:651} INFO - DAG(s) dict_keys(['tutorial_etl_dag']) retrieved from /home/airflow/.local/lib/python3.7/site-packages/airflow/example_dags/tutorial_etl_dag.py
[2022-08-02 23:41:55,392] {logging_mixin.py:115} INFO - [2022-08-02 23:41:55,392] {dag.py:2420} INFO - Sync 1 DAGs
[2022-08-02 23:41:55,415] {logging_mixin.py:115} INFO - [2022-08-02 23:41:55,415] {dag.py:2972} INFO - Setting next_dagrun for tutorial_etl_dag to None, run_after=None
[2022-08-02 23:41:55,431] {processor.py:161} INFO - Processing /home/airflow/.local/lib/python3.7/site-packages/airflow/example_dags/tutorial_etl_dag.py took 0.099 seconds
[2022-08-02 23:55:23,812] {processor.py:153} INFO - Started process (PID=2129) to work on /home/airflow/.local/lib/python3.7/site-packages/airflow/example_dags/tutorial_etl_dag.py
[2022-08-02 23:55:23,818] {processor.py:641} INFO - Processing file /home/airflow/.local/lib/python3.7/site-packages/airflow/example_dags/tutorial_etl_dag.py for tasks to queue
[2022-08-02 23:55:23,828] {logging_mixin.py:115} INFO - [2022-08-02 23:55:23,828] {dagbag.py:508} INFO - Filling up the DagBag from /home/airflow/.local/lib/python3.7/site-packages/airflow/example_dags/tutorial_etl_dag.py
[2022-08-02 23:55:23,854] {processor.py:651} INFO - DAG(s) dict_keys(['tutorial_etl_dag']) retrieved from /home/airflow/.local/lib/python3.7/site-packages/airflow/example_dags/tutorial_etl_dag.py
[2022-08-02 23:55:23,932] {logging_mixin.py:115} INFO - [2022-08-02 23:55:23,932] {dag.py:2420} INFO - Sync 1 DAGs
[2022-08-02 23:55:23,984] {logging_mixin.py:115} INFO - [2022-08-02 23:55:23,984] {dag.py:2972} INFO - Setting next_dagrun for tutorial_etl_dag to None, run_after=None
[2022-08-02 23:55:24,022] {processor.py:161} INFO - Processing /home/airflow/.local/lib/python3.7/site-packages/airflow/example_dags/tutorial_etl_dag.py took 0.217 seconds
[2022-08-02 23:55:58,040] {processor.py:153} INFO - Started process (PID=2189) to work on /home/airflow/.local/lib/python3.7/site-packages/airflow/example_dags/tutorial_etl_dag.py
[2022-08-02 23:55:58,053] {processor.py:641} INFO - Processing file /home/airflow/.local/lib/python3.7/site-packages/airflow/example_dags/tutorial_etl_dag.py for tasks to queue
[2022-08-02 23:55:58,065] {logging_mixin.py:115} INFO - [2022-08-02 23:55:58,065] {dagbag.py:508} INFO - Filling up the DagBag from /home/airflow/.local/lib/python3.7/site-packages/airflow/example_dags/tutorial_etl_dag.py
[2022-08-02 23:55:58,128] {processor.py:651} INFO - DAG(s) dict_keys(['tutorial_etl_dag']) retrieved from /home/airflow/.local/lib/python3.7/site-packages/airflow/example_dags/tutorial_etl_dag.py
[2022-08-02 23:55:58,220] {logging_mixin.py:115} INFO - [2022-08-02 23:55:58,219] {dag.py:2420} INFO - Sync 1 DAGs
[2022-08-02 23:55:58,263] {logging_mixin.py:115} INFO - [2022-08-02 23:55:58,263] {dag.py:2972} INFO - Setting next_dagrun for tutorial_etl_dag to None, run_after=None
[2022-08-02 23:55:58,290] {processor.py:161} INFO - Processing /home/airflow/.local/lib/python3.7/site-packages/airflow/example_dags/tutorial_etl_dag.py took 0.264 seconds
