[2022-08-02 23:21:56,231] {processor.py:153} INFO - Started process (PID=66) to work on /home/airflow/.local/lib/python3.7/site-packages/airflow/example_dags/tutorial.py
[2022-08-02 23:21:56,238] {processor.py:641} INFO - Processing file /home/airflow/.local/lib/python3.7/site-packages/airflow/example_dags/tutorial.py for tasks to queue
[2022-08-02 23:21:56,245] {logging_mixin.py:115} INFO - [2022-08-02 23:21:56,245] {dagbag.py:508} INFO - Filling up the DagBag from /home/airflow/.local/lib/python3.7/site-packages/airflow/example_dags/tutorial.py
[2022-08-02 23:21:56,268] {processor.py:651} INFO - DAG(s) dict_keys(['tutorial']) retrieved from /home/airflow/.local/lib/python3.7/site-packages/airflow/example_dags/tutorial.py
[2022-08-02 23:21:56,674] {logging_mixin.py:115} INFO - [2022-08-02 23:21:56,673] {manager.py:508} INFO - Created Permission View: can read on DAG:tutorial
[2022-08-02 23:21:56,790] {logging_mixin.py:115} INFO - [2022-08-02 23:21:56,789] {manager.py:508} INFO - Created Permission View: can edit on DAG:tutorial
[2022-08-02 23:21:56,896] {logging_mixin.py:115} INFO - [2022-08-02 23:21:56,896] {manager.py:508} INFO - Created Permission View: can delete on DAG:tutorial
[2022-08-02 23:21:56,940] {logging_mixin.py:115} INFO - [2022-08-02 23:21:56,940] {dag.py:2420} INFO - Sync 1 DAGs
[2022-08-02 23:21:56,998] {logging_mixin.py:115} INFO - [2022-08-02 23:21:56,998] {dag.py:2439} INFO - Creating ORM DAG for tutorial
[2022-08-02 23:21:57,058] {logging_mixin.py:115} INFO - [2022-08-02 23:21:57,057] {dag.py:2972} INFO - Setting next_dagrun for tutorial to 2022-08-01T23:21:57.057513+00:00, run_after=2022-08-02T23:21:57.057513+00:00
[2022-08-02 23:21:57,103] {processor.py:161} INFO - Processing /home/airflow/.local/lib/python3.7/site-packages/airflow/example_dags/tutorial.py took 0.877 seconds
[2022-08-02 23:22:28,498] {processor.py:153} INFO - Started process (PID=118) to work on /home/airflow/.local/lib/python3.7/site-packages/airflow/example_dags/tutorial.py
[2022-08-02 23:22:28,519] {processor.py:641} INFO - Processing file /home/airflow/.local/lib/python3.7/site-packages/airflow/example_dags/tutorial.py for tasks to queue
[2022-08-02 23:22:28,538] {logging_mixin.py:115} INFO - [2022-08-02 23:22:28,537] {dagbag.py:508} INFO - Filling up the DagBag from /home/airflow/.local/lib/python3.7/site-packages/airflow/example_dags/tutorial.py
[2022-08-02 23:22:28,568] {processor.py:651} INFO - DAG(s) dict_keys(['tutorial']) retrieved from /home/airflow/.local/lib/python3.7/site-packages/airflow/example_dags/tutorial.py
[2022-08-02 23:22:28,666] {logging_mixin.py:115} INFO - [2022-08-02 23:22:28,666] {dag.py:2420} INFO - Sync 1 DAGs
[2022-08-02 23:22:28,739] {logging_mixin.py:115} INFO - [2022-08-02 23:22:28,738] {dag.py:2972} INFO - Setting next_dagrun for tutorial to 2022-08-01T23:22:28.738659+00:00, run_after=2022-08-02T23:22:28.738659+00:00
[2022-08-02 23:22:28,791] {processor.py:161} INFO - Processing /home/airflow/.local/lib/python3.7/site-packages/airflow/example_dags/tutorial.py took 0.308 seconds
[2022-08-02 23:23:01,809] {processor.py:153} INFO - Started process (PID=177) to work on /home/airflow/.local/lib/python3.7/site-packages/airflow/example_dags/tutorial.py
[2022-08-02 23:23:01,825] {processor.py:641} INFO - Processing file /home/airflow/.local/lib/python3.7/site-packages/airflow/example_dags/tutorial.py for tasks to queue
[2022-08-02 23:23:01,838] {logging_mixin.py:115} INFO - [2022-08-02 23:23:01,837] {dagbag.py:508} INFO - Filling up the DagBag from /home/airflow/.local/lib/python3.7/site-packages/airflow/example_dags/tutorial.py
[2022-08-02 23:23:01,866] {processor.py:651} INFO - DAG(s) dict_keys(['tutorial']) retrieved from /home/airflow/.local/lib/python3.7/site-packages/airflow/example_dags/tutorial.py
[2022-08-02 23:23:02,010] {logging_mixin.py:115} INFO - [2022-08-02 23:23:02,010] {dag.py:2420} INFO - Sync 1 DAGs
[2022-08-02 23:23:02,178] {logging_mixin.py:115} INFO - [2022-08-02 23:23:02,177] {dag.py:2972} INFO - Setting next_dagrun for tutorial to 2022-08-01T23:23:02.175958+00:00, run_after=2022-08-02T23:23:02.175958+00:00
[2022-08-02 23:23:02,283] {processor.py:161} INFO - Processing /home/airflow/.local/lib/python3.7/site-packages/airflow/example_dags/tutorial.py took 0.488 seconds
[2022-08-02 23:23:32,778] {processor.py:153} INFO - Started process (PID=231) to work on /home/airflow/.local/lib/python3.7/site-packages/airflow/example_dags/tutorial.py
[2022-08-02 23:23:32,792] {processor.py:641} INFO - Processing file /home/airflow/.local/lib/python3.7/site-packages/airflow/example_dags/tutorial.py for tasks to queue
[2022-08-02 23:23:32,803] {logging_mixin.py:115} INFO - [2022-08-02 23:23:32,803] {dagbag.py:508} INFO - Filling up the DagBag from /home/airflow/.local/lib/python3.7/site-packages/airflow/example_dags/tutorial.py
[2022-08-02 23:23:32,826] {processor.py:651} INFO - DAG(s) dict_keys(['tutorial']) retrieved from /home/airflow/.local/lib/python3.7/site-packages/airflow/example_dags/tutorial.py
[2022-08-02 23:23:32,940] {logging_mixin.py:115} INFO - [2022-08-02 23:23:32,940] {dag.py:2420} INFO - Sync 1 DAGs
[2022-08-02 23:23:33,003] {logging_mixin.py:115} INFO - [2022-08-02 23:23:33,002] {dag.py:2972} INFO - Setting next_dagrun for tutorial to 2022-08-01T23:23:33.002541+00:00, run_after=2022-08-02T23:23:33.002541+00:00
[2022-08-02 23:23:33,046] {processor.py:161} INFO - Processing /home/airflow/.local/lib/python3.7/site-packages/airflow/example_dags/tutorial.py took 0.283 seconds
[2022-08-02 23:24:06,165] {processor.py:153} INFO - Started process (PID=284) to work on /home/airflow/.local/lib/python3.7/site-packages/airflow/example_dags/tutorial.py
[2022-08-02 23:24:06,190] {processor.py:641} INFO - Processing file /home/airflow/.local/lib/python3.7/site-packages/airflow/example_dags/tutorial.py for tasks to queue
[2022-08-02 23:24:06,219] {logging_mixin.py:115} INFO - [2022-08-02 23:24:06,218] {dagbag.py:508} INFO - Filling up the DagBag from /home/airflow/.local/lib/python3.7/site-packages/airflow/example_dags/tutorial.py
[2022-08-02 23:24:06,312] {processor.py:651} INFO - DAG(s) dict_keys(['tutorial']) retrieved from /home/airflow/.local/lib/python3.7/site-packages/airflow/example_dags/tutorial.py
[2022-08-02 23:24:06,530] {logging_mixin.py:115} INFO - [2022-08-02 23:24:06,530] {dag.py:2420} INFO - Sync 1 DAGs
[2022-08-02 23:24:06,779] {logging_mixin.py:115} INFO - [2022-08-02 23:24:06,779] {dag.py:2972} INFO - Setting next_dagrun for tutorial to 2022-08-01T23:24:06.778102+00:00, run_after=2022-08-02T23:24:06.778102+00:00
[2022-08-02 23:24:06,952] {processor.py:161} INFO - Processing /home/airflow/.local/lib/python3.7/site-packages/airflow/example_dags/tutorial.py took 0.828 seconds
[2022-08-02 23:24:37,323] {processor.py:153} INFO - Started process (PID=338) to work on /home/airflow/.local/lib/python3.7/site-packages/airflow/example_dags/tutorial.py
[2022-08-02 23:24:37,344] {processor.py:641} INFO - Processing file /home/airflow/.local/lib/python3.7/site-packages/airflow/example_dags/tutorial.py for tasks to queue
[2022-08-02 23:24:37,370] {logging_mixin.py:115} INFO - [2022-08-02 23:24:37,369] {dagbag.py:508} INFO - Filling up the DagBag from /home/airflow/.local/lib/python3.7/site-packages/airflow/example_dags/tutorial.py
[2022-08-02 23:24:37,726] {processor.py:651} INFO - DAG(s) dict_keys(['tutorial']) retrieved from /home/airflow/.local/lib/python3.7/site-packages/airflow/example_dags/tutorial.py
[2022-08-02 23:24:39,380] {logging_mixin.py:115} INFO - [2022-08-02 23:24:39,379] {dag.py:2420} INFO - Sync 1 DAGs
[2022-08-02 23:24:40,128] {logging_mixin.py:115} INFO - [2022-08-02 23:24:40,128] {dag.py:2972} INFO - Setting next_dagrun for tutorial to 2022-08-01T23:24:40.127836+00:00, run_after=2022-08-02T23:24:40.127836+00:00
[2022-08-02 23:24:40,376] {processor.py:161} INFO - Processing /home/airflow/.local/lib/python3.7/site-packages/airflow/example_dags/tutorial.py took 3.074 seconds
[2022-08-02 23:25:10,982] {processor.py:153} INFO - Started process (PID=386) to work on /home/airflow/.local/lib/python3.7/site-packages/airflow/example_dags/tutorial.py
[2022-08-02 23:25:10,990] {processor.py:641} INFO - Processing file /home/airflow/.local/lib/python3.7/site-packages/airflow/example_dags/tutorial.py for tasks to queue
[2022-08-02 23:25:11,002] {logging_mixin.py:115} INFO - [2022-08-02 23:25:11,002] {dagbag.py:508} INFO - Filling up the DagBag from /home/airflow/.local/lib/python3.7/site-packages/airflow/example_dags/tutorial.py
[2022-08-02 23:25:11,024] {processor.py:651} INFO - DAG(s) dict_keys(['tutorial']) retrieved from /home/airflow/.local/lib/python3.7/site-packages/airflow/example_dags/tutorial.py
[2022-08-02 23:25:11,084] {logging_mixin.py:115} INFO - [2022-08-02 23:25:11,084] {dag.py:2420} INFO - Sync 1 DAGs
[2022-08-02 23:25:11,142] {logging_mixin.py:115} INFO - [2022-08-02 23:25:11,141] {dag.py:2972} INFO - Setting next_dagrun for tutorial to 2022-08-01T23:25:11.141675+00:00, run_after=2022-08-02T23:25:11.141675+00:00
[2022-08-02 23:25:11,180] {processor.py:161} INFO - Processing /home/airflow/.local/lib/python3.7/site-packages/airflow/example_dags/tutorial.py took 0.245 seconds
[2022-08-02 23:25:41,758] {processor.py:153} INFO - Started process (PID=438) to work on /home/airflow/.local/lib/python3.7/site-packages/airflow/example_dags/tutorial.py
[2022-08-02 23:25:41,764] {processor.py:641} INFO - Processing file /home/airflow/.local/lib/python3.7/site-packages/airflow/example_dags/tutorial.py for tasks to queue
[2022-08-02 23:25:41,767] {logging_mixin.py:115} INFO - [2022-08-02 23:25:41,767] {dagbag.py:508} INFO - Filling up the DagBag from /home/airflow/.local/lib/python3.7/site-packages/airflow/example_dags/tutorial.py
[2022-08-02 23:25:41,785] {processor.py:651} INFO - DAG(s) dict_keys(['tutorial']) retrieved from /home/airflow/.local/lib/python3.7/site-packages/airflow/example_dags/tutorial.py
[2022-08-02 23:25:41,938] {logging_mixin.py:115} INFO - [2022-08-02 23:25:41,938] {dag.py:2420} INFO - Sync 1 DAGs
[2022-08-02 23:25:42,009] {logging_mixin.py:115} INFO - [2022-08-02 23:25:42,009] {dag.py:2972} INFO - Setting next_dagrun for tutorial to 2022-08-01T23:25:42.004035+00:00, run_after=2022-08-02T23:25:42.004035+00:00
[2022-08-02 23:25:42,085] {processor.py:161} INFO - Processing /home/airflow/.local/lib/python3.7/site-packages/airflow/example_dags/tutorial.py took 0.340 seconds
[2022-08-02 23:26:13,324] {processor.py:153} INFO - Started process (PID=499) to work on /home/airflow/.local/lib/python3.7/site-packages/airflow/example_dags/tutorial.py
[2022-08-02 23:26:13,352] {processor.py:641} INFO - Processing file /home/airflow/.local/lib/python3.7/site-packages/airflow/example_dags/tutorial.py for tasks to queue
[2022-08-02 23:26:13,366] {logging_mixin.py:115} INFO - [2022-08-02 23:26:13,365] {dagbag.py:508} INFO - Filling up the DagBag from /home/airflow/.local/lib/python3.7/site-packages/airflow/example_dags/tutorial.py
[2022-08-02 23:26:13,410] {processor.py:651} INFO - DAG(s) dict_keys(['tutorial']) retrieved from /home/airflow/.local/lib/python3.7/site-packages/airflow/example_dags/tutorial.py
[2022-08-02 23:26:13,530] {logging_mixin.py:115} INFO - [2022-08-02 23:26:13,530] {dag.py:2420} INFO - Sync 1 DAGs
[2022-08-02 23:26:13,578] {logging_mixin.py:115} INFO - [2022-08-02 23:26:13,578] {dag.py:2972} INFO - Setting next_dagrun for tutorial to 2022-08-01T23:26:13.578152+00:00, run_after=2022-08-02T23:26:13.578152+00:00
[2022-08-02 23:26:13,608] {processor.py:161} INFO - Processing /home/airflow/.local/lib/python3.7/site-packages/airflow/example_dags/tutorial.py took 0.291 seconds
[2022-08-02 23:26:44,009] {processor.py:153} INFO - Started process (PID=552) to work on /home/airflow/.local/lib/python3.7/site-packages/airflow/example_dags/tutorial.py
[2022-08-02 23:26:44,019] {processor.py:641} INFO - Processing file /home/airflow/.local/lib/python3.7/site-packages/airflow/example_dags/tutorial.py for tasks to queue
[2022-08-02 23:26:44,028] {logging_mixin.py:115} INFO - [2022-08-02 23:26:44,028] {dagbag.py:508} INFO - Filling up the DagBag from /home/airflow/.local/lib/python3.7/site-packages/airflow/example_dags/tutorial.py
[2022-08-02 23:26:44,060] {processor.py:651} INFO - DAG(s) dict_keys(['tutorial']) retrieved from /home/airflow/.local/lib/python3.7/site-packages/airflow/example_dags/tutorial.py
[2022-08-02 23:26:44,150] {logging_mixin.py:115} INFO - [2022-08-02 23:26:44,150] {dag.py:2420} INFO - Sync 1 DAGs
[2022-08-02 23:26:44,195] {logging_mixin.py:115} INFO - [2022-08-02 23:26:44,194] {dag.py:2972} INFO - Setting next_dagrun for tutorial to 2022-08-01T23:26:44.194248+00:00, run_after=2022-08-02T23:26:44.194248+00:00
[2022-08-02 23:26:44,221] {processor.py:161} INFO - Processing /home/airflow/.local/lib/python3.7/site-packages/airflow/example_dags/tutorial.py took 0.375 seconds
[2022-08-02 23:27:14,331] {processor.py:153} INFO - Started process (PID=602) to work on /home/airflow/.local/lib/python3.7/site-packages/airflow/example_dags/tutorial.py
[2022-08-02 23:27:14,335] {processor.py:641} INFO - Processing file /home/airflow/.local/lib/python3.7/site-packages/airflow/example_dags/tutorial.py for tasks to queue
[2022-08-02 23:27:14,337] {logging_mixin.py:115} INFO - [2022-08-02 23:27:14,337] {dagbag.py:508} INFO - Filling up the DagBag from /home/airflow/.local/lib/python3.7/site-packages/airflow/example_dags/tutorial.py
[2022-08-02 23:27:14,350] {processor.py:651} INFO - DAG(s) dict_keys(['tutorial']) retrieved from /home/airflow/.local/lib/python3.7/site-packages/airflow/example_dags/tutorial.py
[2022-08-02 23:27:14,412] {logging_mixin.py:115} INFO - [2022-08-02 23:27:14,412] {dag.py:2420} INFO - Sync 1 DAGs
[2022-08-02 23:27:14,449] {logging_mixin.py:115} INFO - [2022-08-02 23:27:14,448] {dag.py:2972} INFO - Setting next_dagrun for tutorial to 2022-08-01T23:27:14.448620+00:00, run_after=2022-08-02T23:27:14.448620+00:00
[2022-08-02 23:27:14,471] {processor.py:161} INFO - Processing /home/airflow/.local/lib/python3.7/site-packages/airflow/example_dags/tutorial.py took 0.148 seconds
[2022-08-02 23:27:45,212] {processor.py:153} INFO - Started process (PID=654) to work on /home/airflow/.local/lib/python3.7/site-packages/airflow/example_dags/tutorial.py
[2022-08-02 23:27:45,216] {processor.py:641} INFO - Processing file /home/airflow/.local/lib/python3.7/site-packages/airflow/example_dags/tutorial.py for tasks to queue
[2022-08-02 23:27:45,219] {logging_mixin.py:115} INFO - [2022-08-02 23:27:45,218] {dagbag.py:508} INFO - Filling up the DagBag from /home/airflow/.local/lib/python3.7/site-packages/airflow/example_dags/tutorial.py
[2022-08-02 23:27:45,229] {processor.py:651} INFO - DAG(s) dict_keys(['tutorial']) retrieved from /home/airflow/.local/lib/python3.7/site-packages/airflow/example_dags/tutorial.py
[2022-08-02 23:27:45,284] {logging_mixin.py:115} INFO - [2022-08-02 23:27:45,284] {dag.py:2420} INFO - Sync 1 DAGs
[2022-08-02 23:27:45,314] {logging_mixin.py:115} INFO - [2022-08-02 23:27:45,313] {dag.py:2972} INFO - Setting next_dagrun for tutorial to 2022-08-01T23:27:45.313503+00:00, run_after=2022-08-02T23:27:45.313503+00:00
[2022-08-02 23:27:45,332] {processor.py:161} INFO - Processing /home/airflow/.local/lib/python3.7/site-packages/airflow/example_dags/tutorial.py took 0.126 seconds
[2022-08-02 23:28:16,014] {processor.py:153} INFO - Started process (PID=705) to work on /home/airflow/.local/lib/python3.7/site-packages/airflow/example_dags/tutorial.py
[2022-08-02 23:28:16,026] {processor.py:641} INFO - Processing file /home/airflow/.local/lib/python3.7/site-packages/airflow/example_dags/tutorial.py for tasks to queue
[2022-08-02 23:28:16,030] {logging_mixin.py:115} INFO - [2022-08-02 23:28:16,030] {dagbag.py:508} INFO - Filling up the DagBag from /home/airflow/.local/lib/python3.7/site-packages/airflow/example_dags/tutorial.py
[2022-08-02 23:28:16,053] {processor.py:651} INFO - DAG(s) dict_keys(['tutorial']) retrieved from /home/airflow/.local/lib/python3.7/site-packages/airflow/example_dags/tutorial.py
[2022-08-02 23:28:16,170] {logging_mixin.py:115} INFO - [2022-08-02 23:28:16,170] {dag.py:2420} INFO - Sync 1 DAGs
[2022-08-02 23:28:16,241] {logging_mixin.py:115} INFO - [2022-08-02 23:28:16,241] {dag.py:2972} INFO - Setting next_dagrun for tutorial to 2022-08-01T23:28:16.241113+00:00, run_after=2022-08-02T23:28:16.241113+00:00
[2022-08-02 23:28:16,377] {processor.py:161} INFO - Processing /home/airflow/.local/lib/python3.7/site-packages/airflow/example_dags/tutorial.py took 0.383 seconds
[2022-08-02 23:28:46,611] {processor.py:153} INFO - Started process (PID=758) to work on /home/airflow/.local/lib/python3.7/site-packages/airflow/example_dags/tutorial.py
[2022-08-02 23:28:46,621] {processor.py:641} INFO - Processing file /home/airflow/.local/lib/python3.7/site-packages/airflow/example_dags/tutorial.py for tasks to queue
[2022-08-02 23:28:46,628] {logging_mixin.py:115} INFO - [2022-08-02 23:28:46,628] {dagbag.py:508} INFO - Filling up the DagBag from /home/airflow/.local/lib/python3.7/site-packages/airflow/example_dags/tutorial.py
[2022-08-02 23:28:46,644] {processor.py:651} INFO - DAG(s) dict_keys(['tutorial']) retrieved from /home/airflow/.local/lib/python3.7/site-packages/airflow/example_dags/tutorial.py
[2022-08-02 23:28:46,698] {logging_mixin.py:115} INFO - [2022-08-02 23:28:46,698] {dag.py:2420} INFO - Sync 1 DAGs
[2022-08-02 23:28:46,730] {logging_mixin.py:115} INFO - [2022-08-02 23:28:46,729] {dag.py:2972} INFO - Setting next_dagrun for tutorial to 2022-08-01T23:28:46.729684+00:00, run_after=2022-08-02T23:28:46.729684+00:00
[2022-08-02 23:28:46,747] {processor.py:161} INFO - Processing /home/airflow/.local/lib/python3.7/site-packages/airflow/example_dags/tutorial.py took 0.143 seconds
[2022-08-02 23:29:17,517] {processor.py:153} INFO - Started process (PID=809) to work on /home/airflow/.local/lib/python3.7/site-packages/airflow/example_dags/tutorial.py
[2022-08-02 23:29:17,525] {processor.py:641} INFO - Processing file /home/airflow/.local/lib/python3.7/site-packages/airflow/example_dags/tutorial.py for tasks to queue
[2022-08-02 23:29:17,528] {logging_mixin.py:115} INFO - [2022-08-02 23:29:17,528] {dagbag.py:508} INFO - Filling up the DagBag from /home/airflow/.local/lib/python3.7/site-packages/airflow/example_dags/tutorial.py
[2022-08-02 23:29:17,539] {processor.py:651} INFO - DAG(s) dict_keys(['tutorial']) retrieved from /home/airflow/.local/lib/python3.7/site-packages/airflow/example_dags/tutorial.py
[2022-08-02 23:29:17,573] {logging_mixin.py:115} INFO - [2022-08-02 23:29:17,573] {dag.py:2420} INFO - Sync 1 DAGs
[2022-08-02 23:29:17,604] {logging_mixin.py:115} INFO - [2022-08-02 23:29:17,603] {dag.py:2972} INFO - Setting next_dagrun for tutorial to 2022-08-01T23:29:17.603786+00:00, run_after=2022-08-02T23:29:17.603786+00:00
[2022-08-02 23:29:17,626] {processor.py:161} INFO - Processing /home/airflow/.local/lib/python3.7/site-packages/airflow/example_dags/tutorial.py took 0.115 seconds
[2022-08-02 23:29:48,465] {processor.py:153} INFO - Started process (PID=870) to work on /home/airflow/.local/lib/python3.7/site-packages/airflow/example_dags/tutorial.py
[2022-08-02 23:29:48,476] {processor.py:641} INFO - Processing file /home/airflow/.local/lib/python3.7/site-packages/airflow/example_dags/tutorial.py for tasks to queue
[2022-08-02 23:29:48,481] {logging_mixin.py:115} INFO - [2022-08-02 23:29:48,481] {dagbag.py:508} INFO - Filling up the DagBag from /home/airflow/.local/lib/python3.7/site-packages/airflow/example_dags/tutorial.py
[2022-08-02 23:29:48,498] {processor.py:651} INFO - DAG(s) dict_keys(['tutorial']) retrieved from /home/airflow/.local/lib/python3.7/site-packages/airflow/example_dags/tutorial.py
[2022-08-02 23:29:48,597] {logging_mixin.py:115} INFO - [2022-08-02 23:29:48,596] {dag.py:2420} INFO - Sync 1 DAGs
[2022-08-02 23:29:48,673] {logging_mixin.py:115} INFO - [2022-08-02 23:29:48,673] {dag.py:2972} INFO - Setting next_dagrun for tutorial to 2022-08-01T23:29:48.672461+00:00, run_after=2022-08-02T23:29:48.672461+00:00
[2022-08-02 23:29:49,058] {processor.py:161} INFO - Processing /home/airflow/.local/lib/python3.7/site-packages/airflow/example_dags/tutorial.py took 0.603 seconds
[2022-08-02 23:30:19,929] {processor.py:153} INFO - Started process (PID=923) to work on /home/airflow/.local/lib/python3.7/site-packages/airflow/example_dags/tutorial.py
[2022-08-02 23:30:19,940] {processor.py:641} INFO - Processing file /home/airflow/.local/lib/python3.7/site-packages/airflow/example_dags/tutorial.py for tasks to queue
[2022-08-02 23:30:19,961] {logging_mixin.py:115} INFO - [2022-08-02 23:30:19,961] {dagbag.py:508} INFO - Filling up the DagBag from /home/airflow/.local/lib/python3.7/site-packages/airflow/example_dags/tutorial.py
[2022-08-02 23:30:19,991] {processor.py:651} INFO - DAG(s) dict_keys(['tutorial']) retrieved from /home/airflow/.local/lib/python3.7/site-packages/airflow/example_dags/tutorial.py
[2022-08-02 23:30:20,078] {logging_mixin.py:115} INFO - [2022-08-02 23:30:20,078] {dag.py:2420} INFO - Sync 1 DAGs
[2022-08-02 23:30:20,233] {logging_mixin.py:115} INFO - [2022-08-02 23:30:20,233] {dag.py:2972} INFO - Setting next_dagrun for tutorial to 2022-08-01T23:30:20.231838+00:00, run_after=2022-08-02T23:30:20.231838+00:00
[2022-08-02 23:30:20,284] {processor.py:161} INFO - Processing /home/airflow/.local/lib/python3.7/site-packages/airflow/example_dags/tutorial.py took 0.385 seconds
[2022-08-02 23:30:50,957] {processor.py:153} INFO - Started process (PID=976) to work on /home/airflow/.local/lib/python3.7/site-packages/airflow/example_dags/tutorial.py
[2022-08-02 23:30:50,960] {processor.py:641} INFO - Processing file /home/airflow/.local/lib/python3.7/site-packages/airflow/example_dags/tutorial.py for tasks to queue
[2022-08-02 23:30:50,962] {logging_mixin.py:115} INFO - [2022-08-02 23:30:50,962] {dagbag.py:508} INFO - Filling up the DagBag from /home/airflow/.local/lib/python3.7/site-packages/airflow/example_dags/tutorial.py
[2022-08-02 23:30:50,971] {processor.py:651} INFO - DAG(s) dict_keys(['tutorial']) retrieved from /home/airflow/.local/lib/python3.7/site-packages/airflow/example_dags/tutorial.py
[2022-08-02 23:30:51,011] {logging_mixin.py:115} INFO - [2022-08-02 23:30:51,011] {dag.py:2420} INFO - Sync 1 DAGs
[2022-08-02 23:30:51,043] {logging_mixin.py:115} INFO - [2022-08-02 23:30:51,042] {dag.py:2972} INFO - Setting next_dagrun for tutorial to 2022-08-01T23:30:51.042152+00:00, run_after=2022-08-02T23:30:51.042152+00:00
[2022-08-02 23:30:51,072] {processor.py:161} INFO - Processing /home/airflow/.local/lib/python3.7/site-packages/airflow/example_dags/tutorial.py took 0.119 seconds
[2022-08-02 23:31:21,420] {processor.py:153} INFO - Started process (PID=1028) to work on /home/airflow/.local/lib/python3.7/site-packages/airflow/example_dags/tutorial.py
[2022-08-02 23:31:21,425] {processor.py:641} INFO - Processing file /home/airflow/.local/lib/python3.7/site-packages/airflow/example_dags/tutorial.py for tasks to queue
[2022-08-02 23:31:21,431] {logging_mixin.py:115} INFO - [2022-08-02 23:31:21,431] {dagbag.py:508} INFO - Filling up the DagBag from /home/airflow/.local/lib/python3.7/site-packages/airflow/example_dags/tutorial.py
[2022-08-02 23:31:21,441] {processor.py:651} INFO - DAG(s) dict_keys(['tutorial']) retrieved from /home/airflow/.local/lib/python3.7/site-packages/airflow/example_dags/tutorial.py
[2022-08-02 23:31:21,504] {logging_mixin.py:115} INFO - [2022-08-02 23:31:21,504] {dag.py:2420} INFO - Sync 1 DAGs
[2022-08-02 23:31:21,585] {logging_mixin.py:115} INFO - [2022-08-02 23:31:21,585] {dag.py:2972} INFO - Setting next_dagrun for tutorial to 2022-08-01T23:31:21.582405+00:00, run_after=2022-08-02T23:31:21.582405+00:00
[2022-08-02 23:31:21,670] {processor.py:161} INFO - Processing /home/airflow/.local/lib/python3.7/site-packages/airflow/example_dags/tutorial.py took 0.259 seconds
[2022-08-02 23:31:52,468] {processor.py:153} INFO - Started process (PID=1089) to work on /home/airflow/.local/lib/python3.7/site-packages/airflow/example_dags/tutorial.py
[2022-08-02 23:31:52,496] {processor.py:641} INFO - Processing file /home/airflow/.local/lib/python3.7/site-packages/airflow/example_dags/tutorial.py for tasks to queue
[2022-08-02 23:31:52,517] {logging_mixin.py:115} INFO - [2022-08-02 23:31:52,517] {dagbag.py:508} INFO - Filling up the DagBag from /home/airflow/.local/lib/python3.7/site-packages/airflow/example_dags/tutorial.py
[2022-08-02 23:31:52,557] {processor.py:651} INFO - DAG(s) dict_keys(['tutorial']) retrieved from /home/airflow/.local/lib/python3.7/site-packages/airflow/example_dags/tutorial.py
[2022-08-02 23:31:52,933] {logging_mixin.py:115} INFO - [2022-08-02 23:31:52,933] {dag.py:2420} INFO - Sync 1 DAGs
[2022-08-02 23:31:53,173] {logging_mixin.py:115} INFO - [2022-08-02 23:31:53,172] {dag.py:2972} INFO - Setting next_dagrun for tutorial to 2022-08-01T23:31:53.169065+00:00, run_after=2022-08-02T23:31:53.169065+00:00
[2022-08-02 23:31:53,235] {processor.py:161} INFO - Processing /home/airflow/.local/lib/python3.7/site-packages/airflow/example_dags/tutorial.py took 0.772 seconds
[2022-08-02 23:32:23,744] {processor.py:153} INFO - Started process (PID=1141) to work on /home/airflow/.local/lib/python3.7/site-packages/airflow/example_dags/tutorial.py
[2022-08-02 23:32:23,748] {processor.py:641} INFO - Processing file /home/airflow/.local/lib/python3.7/site-packages/airflow/example_dags/tutorial.py for tasks to queue
[2022-08-02 23:32:23,754] {logging_mixin.py:115} INFO - [2022-08-02 23:32:23,754] {dagbag.py:508} INFO - Filling up the DagBag from /home/airflow/.local/lib/python3.7/site-packages/airflow/example_dags/tutorial.py
[2022-08-02 23:32:23,767] {processor.py:651} INFO - DAG(s) dict_keys(['tutorial']) retrieved from /home/airflow/.local/lib/python3.7/site-packages/airflow/example_dags/tutorial.py
[2022-08-02 23:32:23,813] {logging_mixin.py:115} INFO - [2022-08-02 23:32:23,812] {dag.py:2420} INFO - Sync 1 DAGs
[2022-08-02 23:32:23,849] {logging_mixin.py:115} INFO - [2022-08-02 23:32:23,849] {dag.py:2972} INFO - Setting next_dagrun for tutorial to 2022-08-01T23:32:23.848651+00:00, run_after=2022-08-02T23:32:23.848651+00:00
[2022-08-02 23:32:23,901] {processor.py:161} INFO - Processing /home/airflow/.local/lib/python3.7/site-packages/airflow/example_dags/tutorial.py took 0.162 seconds
[2022-08-02 23:32:54,513] {processor.py:153} INFO - Started process (PID=1193) to work on /home/airflow/.local/lib/python3.7/site-packages/airflow/example_dags/tutorial.py
[2022-08-02 23:32:54,516] {processor.py:641} INFO - Processing file /home/airflow/.local/lib/python3.7/site-packages/airflow/example_dags/tutorial.py for tasks to queue
[2022-08-02 23:32:54,519] {logging_mixin.py:115} INFO - [2022-08-02 23:32:54,519] {dagbag.py:508} INFO - Filling up the DagBag from /home/airflow/.local/lib/python3.7/site-packages/airflow/example_dags/tutorial.py
[2022-08-02 23:32:54,530] {processor.py:651} INFO - DAG(s) dict_keys(['tutorial']) retrieved from /home/airflow/.local/lib/python3.7/site-packages/airflow/example_dags/tutorial.py
[2022-08-02 23:32:54,614] {logging_mixin.py:115} INFO - [2022-08-02 23:32:54,614] {dag.py:2420} INFO - Sync 1 DAGs
[2022-08-02 23:32:54,657] {logging_mixin.py:115} INFO - [2022-08-02 23:32:54,657] {dag.py:2972} INFO - Setting next_dagrun for tutorial to 2022-08-01T23:32:54.655895+00:00, run_after=2022-08-02T23:32:54.655895+00:00
[2022-08-02 23:32:54,678] {processor.py:161} INFO - Processing /home/airflow/.local/lib/python3.7/site-packages/airflow/example_dags/tutorial.py took 0.172 seconds
[2022-08-02 23:33:25,241] {processor.py:153} INFO - Started process (PID=1251) to work on /home/airflow/.local/lib/python3.7/site-packages/airflow/example_dags/tutorial.py
[2022-08-02 23:33:25,247] {processor.py:641} INFO - Processing file /home/airflow/.local/lib/python3.7/site-packages/airflow/example_dags/tutorial.py for tasks to queue
[2022-08-02 23:33:25,253] {logging_mixin.py:115} INFO - [2022-08-02 23:33:25,253] {dagbag.py:508} INFO - Filling up the DagBag from /home/airflow/.local/lib/python3.7/site-packages/airflow/example_dags/tutorial.py
[2022-08-02 23:33:25,269] {processor.py:651} INFO - DAG(s) dict_keys(['tutorial']) retrieved from /home/airflow/.local/lib/python3.7/site-packages/airflow/example_dags/tutorial.py
[2022-08-02 23:33:25,354] {logging_mixin.py:115} INFO - [2022-08-02 23:33:25,352] {dag.py:2420} INFO - Sync 1 DAGs
[2022-08-02 23:33:25,411] {logging_mixin.py:115} INFO - [2022-08-02 23:33:25,411] {dag.py:2972} INFO - Setting next_dagrun for tutorial to 2022-08-01T23:33:25.410393+00:00, run_after=2022-08-02T23:33:25.410393+00:00
[2022-08-02 23:33:25,461] {processor.py:161} INFO - Processing /home/airflow/.local/lib/python3.7/site-packages/airflow/example_dags/tutorial.py took 0.232 seconds
[2022-08-02 23:33:55,915] {processor.py:153} INFO - Started process (PID=1304) to work on /home/airflow/.local/lib/python3.7/site-packages/airflow/example_dags/tutorial.py
[2022-08-02 23:33:55,917] {processor.py:641} INFO - Processing file /home/airflow/.local/lib/python3.7/site-packages/airflow/example_dags/tutorial.py for tasks to queue
[2022-08-02 23:33:55,920] {logging_mixin.py:115} INFO - [2022-08-02 23:33:55,920] {dagbag.py:508} INFO - Filling up the DagBag from /home/airflow/.local/lib/python3.7/site-packages/airflow/example_dags/tutorial.py
[2022-08-02 23:33:55,927] {processor.py:651} INFO - DAG(s) dict_keys(['tutorial']) retrieved from /home/airflow/.local/lib/python3.7/site-packages/airflow/example_dags/tutorial.py
[2022-08-02 23:33:55,967] {logging_mixin.py:115} INFO - [2022-08-02 23:33:55,967] {dag.py:2420} INFO - Sync 1 DAGs
[2022-08-02 23:33:55,991] {logging_mixin.py:115} INFO - [2022-08-02 23:33:55,991] {dag.py:2972} INFO - Setting next_dagrun for tutorial to 2022-08-01T23:33:55.990813+00:00, run_after=2022-08-02T23:33:55.990813+00:00
[2022-08-02 23:33:56,006] {processor.py:161} INFO - Processing /home/airflow/.local/lib/python3.7/site-packages/airflow/example_dags/tutorial.py took 0.099 seconds
[2022-08-02 23:34:26,627] {processor.py:153} INFO - Started process (PID=1356) to work on /home/airflow/.local/lib/python3.7/site-packages/airflow/example_dags/tutorial.py
[2022-08-02 23:34:26,638] {processor.py:641} INFO - Processing file /home/airflow/.local/lib/python3.7/site-packages/airflow/example_dags/tutorial.py for tasks to queue
[2022-08-02 23:34:26,650] {logging_mixin.py:115} INFO - [2022-08-02 23:34:26,650] {dagbag.py:508} INFO - Filling up the DagBag from /home/airflow/.local/lib/python3.7/site-packages/airflow/example_dags/tutorial.py
[2022-08-02 23:34:26,691] {processor.py:651} INFO - DAG(s) dict_keys(['tutorial']) retrieved from /home/airflow/.local/lib/python3.7/site-packages/airflow/example_dags/tutorial.py
[2022-08-02 23:34:26,810] {logging_mixin.py:115} INFO - [2022-08-02 23:34:26,810] {dag.py:2420} INFO - Sync 1 DAGs
[2022-08-02 23:34:26,863] {logging_mixin.py:115} INFO - [2022-08-02 23:34:26,863] {dag.py:2972} INFO - Setting next_dagrun for tutorial to 2022-08-01T23:34:26.863297+00:00, run_after=2022-08-02T23:34:26.863297+00:00
[2022-08-02 23:34:26,946] {processor.py:161} INFO - Processing /home/airflow/.local/lib/python3.7/site-packages/airflow/example_dags/tutorial.py took 0.332 seconds
[2022-08-02 23:34:57,626] {processor.py:153} INFO - Started process (PID=1415) to work on /home/airflow/.local/lib/python3.7/site-packages/airflow/example_dags/tutorial.py
[2022-08-02 23:34:57,727] {processor.py:641} INFO - Processing file /home/airflow/.local/lib/python3.7/site-packages/airflow/example_dags/tutorial.py for tasks to queue
[2022-08-02 23:34:57,741] {logging_mixin.py:115} INFO - [2022-08-02 23:34:57,741] {dagbag.py:508} INFO - Filling up the DagBag from /home/airflow/.local/lib/python3.7/site-packages/airflow/example_dags/tutorial.py
[2022-08-02 23:34:57,868] {processor.py:651} INFO - DAG(s) dict_keys(['tutorial']) retrieved from /home/airflow/.local/lib/python3.7/site-packages/airflow/example_dags/tutorial.py
[2022-08-02 23:34:58,603] {logging_mixin.py:115} INFO - [2022-08-02 23:34:58,603] {dag.py:2420} INFO - Sync 1 DAGs
[2022-08-02 23:34:58,739] {logging_mixin.py:115} INFO - [2022-08-02 23:34:58,737] {dag.py:2972} INFO - Setting next_dagrun for tutorial to 2022-08-01T23:34:58.737133+00:00, run_after=2022-08-02T23:34:58.737133+00:00
[2022-08-02 23:34:58,986] {processor.py:161} INFO - Processing /home/airflow/.local/lib/python3.7/site-packages/airflow/example_dags/tutorial.py took 1.389 seconds
[2022-08-02 23:35:29,841] {processor.py:153} INFO - Started process (PID=1461) to work on /home/airflow/.local/lib/python3.7/site-packages/airflow/example_dags/tutorial.py
[2022-08-02 23:35:29,851] {processor.py:641} INFO - Processing file /home/airflow/.local/lib/python3.7/site-packages/airflow/example_dags/tutorial.py for tasks to queue
[2022-08-02 23:35:29,883] {logging_mixin.py:115} INFO - [2022-08-02 23:35:29,882] {dagbag.py:508} INFO - Filling up the DagBag from /home/airflow/.local/lib/python3.7/site-packages/airflow/example_dags/tutorial.py
[2022-08-02 23:35:29,935] {processor.py:651} INFO - DAG(s) dict_keys(['tutorial']) retrieved from /home/airflow/.local/lib/python3.7/site-packages/airflow/example_dags/tutorial.py
[2022-08-02 23:35:30,024] {logging_mixin.py:115} INFO - [2022-08-02 23:35:30,024] {dag.py:2420} INFO - Sync 1 DAGs
[2022-08-02 23:35:30,087] {logging_mixin.py:115} INFO - [2022-08-02 23:35:30,086] {dag.py:2972} INFO - Setting next_dagrun for tutorial to 2022-08-01T23:35:30.085508+00:00, run_after=2022-08-02T23:35:30.085508+00:00
[2022-08-02 23:35:30,161] {processor.py:161} INFO - Processing /home/airflow/.local/lib/python3.7/site-packages/airflow/example_dags/tutorial.py took 0.332 seconds
[2022-08-02 23:36:01,080] {processor.py:153} INFO - Started process (PID=1514) to work on /home/airflow/.local/lib/python3.7/site-packages/airflow/example_dags/tutorial.py
[2022-08-02 23:36:01,086] {processor.py:641} INFO - Processing file /home/airflow/.local/lib/python3.7/site-packages/airflow/example_dags/tutorial.py for tasks to queue
[2022-08-02 23:36:01,095] {logging_mixin.py:115} INFO - [2022-08-02 23:36:01,095] {dagbag.py:508} INFO - Filling up the DagBag from /home/airflow/.local/lib/python3.7/site-packages/airflow/example_dags/tutorial.py
[2022-08-02 23:36:01,150] {processor.py:651} INFO - DAG(s) dict_keys(['tutorial']) retrieved from /home/airflow/.local/lib/python3.7/site-packages/airflow/example_dags/tutorial.py
[2022-08-02 23:36:01,426] {logging_mixin.py:115} INFO - [2022-08-02 23:36:01,425] {dag.py:2420} INFO - Sync 1 DAGs
[2022-08-02 23:36:01,623] {logging_mixin.py:115} INFO - [2022-08-02 23:36:01,623] {dag.py:2972} INFO - Setting next_dagrun for tutorial to 2022-08-01T23:36:01.623425+00:00, run_after=2022-08-02T23:36:01.623425+00:00
[2022-08-02 23:36:01,662] {processor.py:161} INFO - Processing /home/airflow/.local/lib/python3.7/site-packages/airflow/example_dags/tutorial.py took 0.587 seconds
[2022-08-02 23:36:31,925] {processor.py:153} INFO - Started process (PID=1576) to work on /home/airflow/.local/lib/python3.7/site-packages/airflow/example_dags/tutorial.py
[2022-08-02 23:36:31,929] {processor.py:641} INFO - Processing file /home/airflow/.local/lib/python3.7/site-packages/airflow/example_dags/tutorial.py for tasks to queue
[2022-08-02 23:36:31,931] {logging_mixin.py:115} INFO - [2022-08-02 23:36:31,931] {dagbag.py:508} INFO - Filling up the DagBag from /home/airflow/.local/lib/python3.7/site-packages/airflow/example_dags/tutorial.py
[2022-08-02 23:36:31,942] {processor.py:651} INFO - DAG(s) dict_keys(['tutorial']) retrieved from /home/airflow/.local/lib/python3.7/site-packages/airflow/example_dags/tutorial.py
[2022-08-02 23:36:31,975] {logging_mixin.py:115} INFO - [2022-08-02 23:36:31,975] {dag.py:2420} INFO - Sync 1 DAGs
[2022-08-02 23:36:31,997] {logging_mixin.py:115} INFO - [2022-08-02 23:36:31,996] {dag.py:2972} INFO - Setting next_dagrun for tutorial to 2022-08-01T23:36:31.996716+00:00, run_after=2022-08-02T23:36:31.996716+00:00
[2022-08-02 23:36:32,016] {processor.py:161} INFO - Processing /home/airflow/.local/lib/python3.7/site-packages/airflow/example_dags/tutorial.py took 0.094 seconds
[2022-08-02 23:37:02,194] {processor.py:153} INFO - Started process (PID=1628) to work on /home/airflow/.local/lib/python3.7/site-packages/airflow/example_dags/tutorial.py
[2022-08-02 23:37:02,195] {processor.py:641} INFO - Processing file /home/airflow/.local/lib/python3.7/site-packages/airflow/example_dags/tutorial.py for tasks to queue
[2022-08-02 23:37:02,198] {logging_mixin.py:115} INFO - [2022-08-02 23:37:02,198] {dagbag.py:508} INFO - Filling up the DagBag from /home/airflow/.local/lib/python3.7/site-packages/airflow/example_dags/tutorial.py
[2022-08-02 23:37:02,206] {processor.py:651} INFO - DAG(s) dict_keys(['tutorial']) retrieved from /home/airflow/.local/lib/python3.7/site-packages/airflow/example_dags/tutorial.py
[2022-08-02 23:37:02,233] {logging_mixin.py:115} INFO - [2022-08-02 23:37:02,233] {dag.py:2420} INFO - Sync 1 DAGs
[2022-08-02 23:37:02,251] {logging_mixin.py:115} INFO - [2022-08-02 23:37:02,251] {dag.py:2972} INFO - Setting next_dagrun for tutorial to 2022-08-01T23:37:02.251572+00:00, run_after=2022-08-02T23:37:02.251572+00:00
[2022-08-02 23:37:02,263] {processor.py:161} INFO - Processing /home/airflow/.local/lib/python3.7/site-packages/airflow/example_dags/tutorial.py took 0.073 seconds
[2022-08-02 23:37:32,786] {processor.py:153} INFO - Started process (PID=1689) to work on /home/airflow/.local/lib/python3.7/site-packages/airflow/example_dags/tutorial.py
[2022-08-02 23:37:32,788] {processor.py:641} INFO - Processing file /home/airflow/.local/lib/python3.7/site-packages/airflow/example_dags/tutorial.py for tasks to queue
[2022-08-02 23:37:32,792] {logging_mixin.py:115} INFO - [2022-08-02 23:37:32,791] {dagbag.py:508} INFO - Filling up the DagBag from /home/airflow/.local/lib/python3.7/site-packages/airflow/example_dags/tutorial.py
[2022-08-02 23:37:32,805] {processor.py:651} INFO - DAG(s) dict_keys(['tutorial']) retrieved from /home/airflow/.local/lib/python3.7/site-packages/airflow/example_dags/tutorial.py
[2022-08-02 23:37:32,853] {logging_mixin.py:115} INFO - [2022-08-02 23:37:32,852] {dag.py:2420} INFO - Sync 1 DAGs
[2022-08-02 23:37:32,917] {logging_mixin.py:115} INFO - [2022-08-02 23:37:32,916] {dag.py:2972} INFO - Setting next_dagrun for tutorial to 2022-08-01T23:37:32.916115+00:00, run_after=2022-08-02T23:37:32.916115+00:00
[2022-08-02 23:37:32,947] {processor.py:161} INFO - Processing /home/airflow/.local/lib/python3.7/site-packages/airflow/example_dags/tutorial.py took 0.167 seconds
[2022-08-02 23:38:05,866] {processor.py:153} INFO - Started process (PID=1750) to work on /home/airflow/.local/lib/python3.7/site-packages/airflow/example_dags/tutorial.py
[2022-08-02 23:38:05,886] {processor.py:641} INFO - Processing file /home/airflow/.local/lib/python3.7/site-packages/airflow/example_dags/tutorial.py for tasks to queue
[2022-08-02 23:38:05,893] {logging_mixin.py:115} INFO - [2022-08-02 23:38:05,893] {dagbag.py:508} INFO - Filling up the DagBag from /home/airflow/.local/lib/python3.7/site-packages/airflow/example_dags/tutorial.py
[2022-08-02 23:38:05,915] {processor.py:651} INFO - DAG(s) dict_keys(['tutorial']) retrieved from /home/airflow/.local/lib/python3.7/site-packages/airflow/example_dags/tutorial.py
[2022-08-02 23:38:05,996] {logging_mixin.py:115} INFO - [2022-08-02 23:38:05,996] {dag.py:2420} INFO - Sync 1 DAGs
[2022-08-02 23:38:06,040] {logging_mixin.py:115} INFO - [2022-08-02 23:38:06,039] {dag.py:2972} INFO - Setting next_dagrun for tutorial to 2022-08-01T23:38:06.038479+00:00, run_after=2022-08-02T23:38:06.038479+00:00
[2022-08-02 23:38:06,061] {processor.py:161} INFO - Processing /home/airflow/.local/lib/python3.7/site-packages/airflow/example_dags/tutorial.py took 0.224 seconds
[2022-08-02 23:38:36,324] {processor.py:153} INFO - Started process (PID=1811) to work on /home/airflow/.local/lib/python3.7/site-packages/airflow/example_dags/tutorial.py
[2022-08-02 23:38:36,332] {processor.py:641} INFO - Processing file /home/airflow/.local/lib/python3.7/site-packages/airflow/example_dags/tutorial.py for tasks to queue
[2022-08-02 23:38:36,338] {logging_mixin.py:115} INFO - [2022-08-02 23:38:36,338] {dagbag.py:508} INFO - Filling up the DagBag from /home/airflow/.local/lib/python3.7/site-packages/airflow/example_dags/tutorial.py
[2022-08-02 23:38:36,350] {processor.py:651} INFO - DAG(s) dict_keys(['tutorial']) retrieved from /home/airflow/.local/lib/python3.7/site-packages/airflow/example_dags/tutorial.py
[2022-08-02 23:38:36,396] {logging_mixin.py:115} INFO - [2022-08-02 23:38:36,396] {dag.py:2420} INFO - Sync 1 DAGs
[2022-08-02 23:38:36,423] {logging_mixin.py:115} INFO - [2022-08-02 23:38:36,423] {dag.py:2972} INFO - Setting next_dagrun for tutorial to 2022-08-01T23:38:36.422545+00:00, run_after=2022-08-02T23:38:36.422545+00:00
[2022-08-02 23:38:36,444] {processor.py:161} INFO - Processing /home/airflow/.local/lib/python3.7/site-packages/airflow/example_dags/tutorial.py took 0.123 seconds
[2022-08-02 23:39:06,727] {processor.py:153} INFO - Started process (PID=1863) to work on /home/airflow/.local/lib/python3.7/site-packages/airflow/example_dags/tutorial.py
[2022-08-02 23:39:06,737] {processor.py:641} INFO - Processing file /home/airflow/.local/lib/python3.7/site-packages/airflow/example_dags/tutorial.py for tasks to queue
[2022-08-02 23:39:06,751] {logging_mixin.py:115} INFO - [2022-08-02 23:39:06,751] {dagbag.py:508} INFO - Filling up the DagBag from /home/airflow/.local/lib/python3.7/site-packages/airflow/example_dags/tutorial.py
[2022-08-02 23:39:06,766] {processor.py:651} INFO - DAG(s) dict_keys(['tutorial']) retrieved from /home/airflow/.local/lib/python3.7/site-packages/airflow/example_dags/tutorial.py
[2022-08-02 23:39:06,837] {logging_mixin.py:115} INFO - [2022-08-02 23:39:06,837] {dag.py:2420} INFO - Sync 1 DAGs
[2022-08-02 23:39:06,916] {logging_mixin.py:115} INFO - [2022-08-02 23:39:06,916] {dag.py:2972} INFO - Setting next_dagrun for tutorial to 2022-08-01T23:39:06.916386+00:00, run_after=2022-08-02T23:39:06.916386+00:00
[2022-08-02 23:39:07,011] {processor.py:161} INFO - Processing /home/airflow/.local/lib/python3.7/site-packages/airflow/example_dags/tutorial.py took 0.294 seconds
[2022-08-02 23:39:37,095] {processor.py:153} INFO - Started process (PID=1924) to work on /home/airflow/.local/lib/python3.7/site-packages/airflow/example_dags/tutorial.py
[2022-08-02 23:39:37,102] {processor.py:641} INFO - Processing file /home/airflow/.local/lib/python3.7/site-packages/airflow/example_dags/tutorial.py for tasks to queue
[2022-08-02 23:39:37,108] {logging_mixin.py:115} INFO - [2022-08-02 23:39:37,108] {dagbag.py:508} INFO - Filling up the DagBag from /home/airflow/.local/lib/python3.7/site-packages/airflow/example_dags/tutorial.py
[2022-08-02 23:39:37,123] {processor.py:651} INFO - DAG(s) dict_keys(['tutorial']) retrieved from /home/airflow/.local/lib/python3.7/site-packages/airflow/example_dags/tutorial.py
[2022-08-02 23:39:37,169] {logging_mixin.py:115} INFO - [2022-08-02 23:39:37,169] {dag.py:2420} INFO - Sync 1 DAGs
[2022-08-02 23:39:37,196] {logging_mixin.py:115} INFO - [2022-08-02 23:39:37,195] {dag.py:2972} INFO - Setting next_dagrun for tutorial to 2022-08-01T23:39:37.195228+00:00, run_after=2022-08-02T23:39:37.195228+00:00
[2022-08-02 23:39:37,213] {processor.py:161} INFO - Processing /home/airflow/.local/lib/python3.7/site-packages/airflow/example_dags/tutorial.py took 0.125 seconds
[2022-08-02 23:40:14,271] {processor.py:153} INFO - Started process (PID=1975) to work on /home/airflow/.local/lib/python3.7/site-packages/airflow/example_dags/tutorial.py
[2022-08-02 23:40:14,276] {processor.py:641} INFO - Processing file /home/airflow/.local/lib/python3.7/site-packages/airflow/example_dags/tutorial.py for tasks to queue
[2022-08-02 23:40:14,281] {logging_mixin.py:115} INFO - [2022-08-02 23:40:14,281] {dagbag.py:508} INFO - Filling up the DagBag from /home/airflow/.local/lib/python3.7/site-packages/airflow/example_dags/tutorial.py
[2022-08-02 23:40:14,346] {processor.py:651} INFO - DAG(s) dict_keys(['tutorial']) retrieved from /home/airflow/.local/lib/python3.7/site-packages/airflow/example_dags/tutorial.py
[2022-08-02 23:40:14,428] {logging_mixin.py:115} INFO - [2022-08-02 23:40:14,428] {dag.py:2420} INFO - Sync 1 DAGs
[2022-08-02 23:40:14,492] {logging_mixin.py:115} INFO - [2022-08-02 23:40:14,492] {dag.py:2972} INFO - Setting next_dagrun for tutorial to 2022-08-01T23:40:14.491731+00:00, run_after=2022-08-02T23:40:14.491731+00:00
[2022-08-02 23:40:14,512] {processor.py:161} INFO - Processing /home/airflow/.local/lib/python3.7/site-packages/airflow/example_dags/tutorial.py took 0.246 seconds
[2022-08-02 23:40:44,623] {processor.py:153} INFO - Started process (PID=2026) to work on /home/airflow/.local/lib/python3.7/site-packages/airflow/example_dags/tutorial.py
[2022-08-02 23:40:44,628] {processor.py:641} INFO - Processing file /home/airflow/.local/lib/python3.7/site-packages/airflow/example_dags/tutorial.py for tasks to queue
[2022-08-02 23:40:44,636] {logging_mixin.py:115} INFO - [2022-08-02 23:40:44,636] {dagbag.py:508} INFO - Filling up the DagBag from /home/airflow/.local/lib/python3.7/site-packages/airflow/example_dags/tutorial.py
[2022-08-02 23:40:44,649] {processor.py:651} INFO - DAG(s) dict_keys(['tutorial']) retrieved from /home/airflow/.local/lib/python3.7/site-packages/airflow/example_dags/tutorial.py
[2022-08-02 23:40:44,686] {logging_mixin.py:115} INFO - [2022-08-02 23:40:44,686] {dag.py:2420} INFO - Sync 1 DAGs
[2022-08-02 23:40:44,713] {logging_mixin.py:115} INFO - [2022-08-02 23:40:44,713] {dag.py:2972} INFO - Setting next_dagrun for tutorial to 2022-08-01T23:40:44.713094+00:00, run_after=2022-08-02T23:40:44.713094+00:00
[2022-08-02 23:40:44,729] {processor.py:161} INFO - Processing /home/airflow/.local/lib/python3.7/site-packages/airflow/example_dags/tutorial.py took 0.113 seconds
[2022-08-02 23:41:53,833] {processor.py:153} INFO - Started process (PID=2073) to work on /home/airflow/.local/lib/python3.7/site-packages/airflow/example_dags/tutorial.py
[2022-08-02 23:41:53,841] {processor.py:641} INFO - Processing file /home/airflow/.local/lib/python3.7/site-packages/airflow/example_dags/tutorial.py for tasks to queue
[2022-08-02 23:41:53,853] {logging_mixin.py:115} INFO - [2022-08-02 23:41:53,853] {dagbag.py:508} INFO - Filling up the DagBag from /home/airflow/.local/lib/python3.7/site-packages/airflow/example_dags/tutorial.py
[2022-08-02 23:41:53,883] {processor.py:651} INFO - DAG(s) dict_keys(['tutorial']) retrieved from /home/airflow/.local/lib/python3.7/site-packages/airflow/example_dags/tutorial.py
[2022-08-02 23:41:53,955] {logging_mixin.py:115} INFO - [2022-08-02 23:41:53,955] {dag.py:2420} INFO - Sync 1 DAGs
[2022-08-02 23:41:53,999] {logging_mixin.py:115} INFO - [2022-08-02 23:41:53,999] {dag.py:2972} INFO - Setting next_dagrun for tutorial to 2022-08-01T23:41:53.999531+00:00, run_after=2022-08-02T23:41:53.999531+00:00
[2022-08-02 23:41:54,038] {processor.py:161} INFO - Processing /home/airflow/.local/lib/python3.7/site-packages/airflow/example_dags/tutorial.py took 0.218 seconds
[2022-08-02 23:55:22,422] {processor.py:153} INFO - Started process (PID=2123) to work on /home/airflow/.local/lib/python3.7/site-packages/airflow/example_dags/tutorial.py
[2022-08-02 23:55:22,431] {processor.py:641} INFO - Processing file /home/airflow/.local/lib/python3.7/site-packages/airflow/example_dags/tutorial.py for tasks to queue
[2022-08-02 23:55:22,435] {logging_mixin.py:115} INFO - [2022-08-02 23:55:22,435] {dagbag.py:508} INFO - Filling up the DagBag from /home/airflow/.local/lib/python3.7/site-packages/airflow/example_dags/tutorial.py
[2022-08-02 23:55:22,468] {processor.py:651} INFO - DAG(s) dict_keys(['tutorial']) retrieved from /home/airflow/.local/lib/python3.7/site-packages/airflow/example_dags/tutorial.py
[2022-08-02 23:55:22,544] {logging_mixin.py:115} INFO - [2022-08-02 23:55:22,544] {dag.py:2420} INFO - Sync 1 DAGs
[2022-08-02 23:55:22,598] {logging_mixin.py:115} INFO - [2022-08-02 23:55:22,598] {dag.py:2972} INFO - Setting next_dagrun for tutorial to 2022-08-01T23:55:22.598396+00:00, run_after=2022-08-02T23:55:22.598396+00:00
[2022-08-02 23:55:22,620] {processor.py:161} INFO - Processing /home/airflow/.local/lib/python3.7/site-packages/airflow/example_dags/tutorial.py took 0.205 seconds
[2022-08-02 23:55:53,403] {processor.py:153} INFO - Started process (PID=2183) to work on /home/airflow/.local/lib/python3.7/site-packages/airflow/example_dags/tutorial.py
[2022-08-02 23:55:53,408] {processor.py:641} INFO - Processing file /home/airflow/.local/lib/python3.7/site-packages/airflow/example_dags/tutorial.py for tasks to queue
[2022-08-02 23:55:53,458] {logging_mixin.py:115} INFO - [2022-08-02 23:55:53,457] {dagbag.py:508} INFO - Filling up the DagBag from /home/airflow/.local/lib/python3.7/site-packages/airflow/example_dags/tutorial.py
[2022-08-02 23:55:53,468] {processor.py:651} INFO - DAG(s) dict_keys(['tutorial']) retrieved from /home/airflow/.local/lib/python3.7/site-packages/airflow/example_dags/tutorial.py
[2022-08-02 23:55:53,507] {logging_mixin.py:115} INFO - [2022-08-02 23:55:53,507] {dag.py:2420} INFO - Sync 1 DAGs
[2022-08-02 23:55:53,532] {logging_mixin.py:115} INFO - [2022-08-02 23:55:53,532] {dag.py:2972} INFO - Setting next_dagrun for tutorial to 2022-08-01T23:55:53.532214+00:00, run_after=2022-08-02T23:55:53.532214+00:00
[2022-08-02 23:55:53,554] {processor.py:161} INFO - Processing /home/airflow/.local/lib/python3.7/site-packages/airflow/example_dags/tutorial.py took 0.154 seconds
