[2022-08-03 22:19:42,781] {taskinstance.py:1179} INFO - Dependencies all met for <TaskInstance: ltv-pipeline.drop_table manual__2022-08-03T22:19:33.592145+00:00 [queued]>
[2022-08-03 22:19:42,853] {taskinstance.py:1179} INFO - Dependencies all met for <TaskInstance: ltv-pipeline.drop_table manual__2022-08-03T22:19:33.592145+00:00 [queued]>
[2022-08-03 22:19:42,883] {taskinstance.py:1376} INFO - 
--------------------------------------------------------------------------------
[2022-08-03 22:19:42,929] {taskinstance.py:1377} INFO - Starting attempt 1 of 1
[2022-08-03 22:19:42,966] {taskinstance.py:1378} INFO - 
--------------------------------------------------------------------------------
[2022-08-03 22:19:43,369] {taskinstance.py:1397} INFO - Executing <Task(PostgresOperator): drop_table> on 2022-08-03 22:19:33.592145+00:00
[2022-08-03 22:19:43,485] {standard_task_runner.py:52} INFO - Started process 4575 to run task
[2022-08-03 22:19:43,533] {standard_task_runner.py:79} INFO - Running: ['***', 'tasks', 'run', 'ltv-pipeline', 'drop_table', 'manual__2022-08-03T22:19:33.592145+00:00', '--job-id', '216', '--raw', '--subdir', 'DAGS_FOLDER/dag-test.py', '--cfg-path', '/tmp/tmpkojeg4h3', '--error-file', '/tmp/tmpniu06ymp']
[2022-08-03 22:19:43,564] {standard_task_runner.py:80} INFO - Job 216: Subtask drop_table
[2022-08-03 22:19:44,372] {task_command.py:371} INFO - Running <TaskInstance: ltv-pipeline.drop_table manual__2022-08-03T22:19:33.592145+00:00 [running]> on host 3b0f05b8acbc
[2022-08-03 22:19:44,707] {taskinstance.py:1591} INFO - Exporting the following env vars:
AIRFLOW_CTX_DAG_OWNER=***
AIRFLOW_CTX_DAG_ID=ltv-pipeline
AIRFLOW_CTX_TASK_ID=drop_table
AIRFLOW_CTX_EXECUTION_DATE=2022-08-03T22:19:33.592145+00:00
AIRFLOW_CTX_TRY_NUMBER=1
AIRFLOW_CTX_DAG_RUN_ID=manual__2022-08-03T22:19:33.592145+00:00
[2022-08-03 22:19:44,763] {base.py:68} INFO - Using connection ID 'postgres' for task execution.
[2022-08-03 22:19:44,783] {dbapi.py:231} INFO - Running statement: DROP TABLE IF EXISTS vehicles, parameters: None
[2022-08-03 22:19:48,576] {taskinstance.py:1420} INFO - Marking task as SUCCESS. dag_id=ltv-pipeline, task_id=drop_table, execution_date=20220803T221933, start_date=20220803T221942, end_date=20220803T221948
[2022-08-03 22:19:48,622] {local_task_job.py:221} WARNING - State of this instance has been externally set to success. Terminating instance.
[2022-08-03 22:19:48,644] {process_utils.py:129} INFO - Sending Signals.SIGTERM to group 4575. PIDs of all processes in the group: [4575]
[2022-08-03 22:19:48,648] {process_utils.py:80} INFO - Sending the signal Signals.SIGTERM to group 4575
[2022-08-03 22:19:48,652] {process_utils.py:75} INFO - Process psutil.Process(pid=4575, status='terminated', exitcode=0, started='22:19:42') (4575) terminated with exit code 0
