[2022-08-03 23:29:43,074] {taskinstance.py:1179} INFO - Dependencies all met for <TaskInstance: ltv-pipeline.decompress-file manual__2022-08-03T23:29:31.572855+00:00 [queued]>
[2022-08-03 23:29:43,091] {taskinstance.py:1179} INFO - Dependencies all met for <TaskInstance: ltv-pipeline.decompress-file manual__2022-08-03T23:29:31.572855+00:00 [queued]>
[2022-08-03 23:29:43,095] {taskinstance.py:1376} INFO - 
--------------------------------------------------------------------------------
[2022-08-03 23:29:43,100] {taskinstance.py:1377} INFO - Starting attempt 1 of 1
[2022-08-03 23:29:43,104] {taskinstance.py:1378} INFO - 
--------------------------------------------------------------------------------
[2022-08-03 23:29:43,125] {taskinstance.py:1397} INFO - Executing <Task(BashOperator): decompress-file> on 2022-08-03 23:29:31.572855+00:00
[2022-08-03 23:29:43,141] {standard_task_runner.py:52} INFO - Started process 7490 to run task
[2022-08-03 23:29:43,149] {standard_task_runner.py:79} INFO - Running: ['***', 'tasks', 'run', 'ltv-pipeline', 'decompress-file', 'manual__2022-08-03T23:29:31.572855+00:00', '--job-id', '287', '--raw', '--subdir', 'DAGS_FOLDER/dag-test.py', '--cfg-path', '/tmp/tmplya4u_0y', '--error-file', '/tmp/tmpqn4jfpw3']
[2022-08-03 23:29:43,156] {standard_task_runner.py:80} INFO - Job 287: Subtask decompress-file
[2022-08-03 23:29:43,269] {task_command.py:371} INFO - Running <TaskInstance: ltv-pipeline.decompress-file manual__2022-08-03T23:29:31.572855+00:00 [running]> on host 3b0f05b8acbc
[2022-08-03 23:29:43,533] {taskinstance.py:1591} INFO - Exporting the following env vars:
AIRFLOW_CTX_DAG_OWNER=***
AIRFLOW_CTX_DAG_ID=ltv-pipeline
AIRFLOW_CTX_TASK_ID=decompress-file
AIRFLOW_CTX_EXECUTION_DATE=2022-08-03T23:29:31.572855+00:00
AIRFLOW_CTX_TRY_NUMBER=1
AIRFLOW_CTX_DAG_RUN_ID=manual__2022-08-03T23:29:31.572855+00:00
[2022-08-03 23:29:43,543] {subprocess.py:62} INFO - Tmp dir root location: 
 /tmp
[2022-08-03 23:29:43,553] {subprocess.py:74} INFO - Running command: ['bash', '-c', 'if [ -f *vehicle_challenge.csv.gz ]; then  gunzip -f /opt/***/files/vehicle_challenge.csv.gz; fi;']
[2022-08-03 23:29:43,625] {subprocess.py:85} INFO - Output:
[2022-08-03 23:29:43,659] {subprocess.py:96} INFO - Command exited with return code 0
[2022-08-03 23:29:43,980] {taskinstance.py:1420} INFO - Marking task as SUCCESS. dag_id=ltv-pipeline, task_id=decompress-file, execution_date=20220803T232931, start_date=20220803T232943, end_date=20220803T232943
[2022-08-03 23:29:44,144] {local_task_job.py:156} INFO - Task exited with return code 0
[2022-08-03 23:29:44,369] {local_task_job.py:273} INFO - 1 downstream tasks scheduled from follow-on schedule check
