[2022-08-03 16:21:44,920] {taskinstance.py:1179} INFO - Dependencies all met for <TaskInstance: ltv-pipeline.drop_table manual__2022-08-03T16:21:39.128344+00:00 [queued]>
[2022-08-03 16:21:45,167] {taskinstance.py:1179} INFO - Dependencies all met for <TaskInstance: ltv-pipeline.drop_table manual__2022-08-03T16:21:39.128344+00:00 [queued]>
[2022-08-03 16:21:45,183] {taskinstance.py:1376} INFO - 
--------------------------------------------------------------------------------
[2022-08-03 16:21:45,188] {taskinstance.py:1377} INFO - Starting attempt 1 of 1
[2022-08-03 16:21:45,199] {taskinstance.py:1378} INFO - 
--------------------------------------------------------------------------------
[2022-08-03 16:21:45,253] {taskinstance.py:1397} INFO - Executing <Task(PostgresOperator): drop_table> on 2022-08-03 16:21:39.128344+00:00
[2022-08-03 16:21:45,286] {standard_task_runner.py:52} INFO - Started process 1024 to run task
[2022-08-03 16:21:45,307] {standard_task_runner.py:79} INFO - Running: ['***', 'tasks', 'run', 'ltv-pipeline', 'drop_table', 'manual__2022-08-03T16:21:39.128344+00:00', '--job-id', '64', '--raw', '--subdir', 'DAGS_FOLDER/dag-test.py', '--cfg-path', '/tmp/tmpo8h5b94a', '--error-file', '/tmp/tmpxmenxipc']
[2022-08-03 16:21:45,318] {standard_task_runner.py:80} INFO - Job 64: Subtask drop_table
[2022-08-03 16:21:45,675] {task_command.py:371} INFO - Running <TaskInstance: ltv-pipeline.drop_table manual__2022-08-03T16:21:39.128344+00:00 [running]> on host 3b0f05b8acbc
[2022-08-03 16:21:45,900] {taskinstance.py:1591} INFO - Exporting the following env vars:
AIRFLOW_CTX_DAG_OWNER=***
AIRFLOW_CTX_DAG_ID=ltv-pipeline
AIRFLOW_CTX_TASK_ID=drop_table
AIRFLOW_CTX_EXECUTION_DATE=2022-08-03T16:21:39.128344+00:00
AIRFLOW_CTX_TRY_NUMBER=1
AIRFLOW_CTX_DAG_RUN_ID=manual__2022-08-03T16:21:39.128344+00:00
[2022-08-03 16:21:45,949] {base.py:68} INFO - Using connection ID 'postgres' for task execution.
[2022-08-03 16:21:45,965] {dbapi.py:231} INFO - Running statement: DROP TABLE vehicles, parameters: None
[2022-08-03 16:21:46,151] {taskinstance.py:1420} INFO - Marking task as SUCCESS. dag_id=ltv-pipeline, task_id=drop_table, execution_date=20220803T162139, start_date=20220803T162144, end_date=20220803T162146
[2022-08-03 16:21:46,296] {local_task_job.py:156} INFO - Task exited with return code 0
[2022-08-03 16:21:46,524] {local_task_job.py:273} INFO - 0 downstream tasks scheduled from follow-on schedule check
