[2022-08-03 21:45:04,519] {taskinstance.py:1179} INFO - Dependencies all met for <TaskInstance: ltv-pipeline.drop_table manual__2022-08-03T21:44:57.805413+00:00 [queued]>
[2022-08-03 21:45:04,535] {taskinstance.py:1179} INFO - Dependencies all met for <TaskInstance: ltv-pipeline.drop_table manual__2022-08-03T21:44:57.805413+00:00 [queued]>
[2022-08-03 21:45:04,539] {taskinstance.py:1376} INFO - 
--------------------------------------------------------------------------------
[2022-08-03 21:45:04,544] {taskinstance.py:1377} INFO - Starting attempt 1 of 1
[2022-08-03 21:45:04,546] {taskinstance.py:1378} INFO - 
--------------------------------------------------------------------------------
[2022-08-03 21:45:04,590] {taskinstance.py:1397} INFO - Executing <Task(PostgresOperator): drop_table> on 2022-08-03 21:44:57.805413+00:00
[2022-08-03 21:45:04,611] {standard_task_runner.py:52} INFO - Started process 3069 to run task
[2022-08-03 21:45:04,622] {standard_task_runner.py:79} INFO - Running: ['***', 'tasks', 'run', 'ltv-pipeline', 'drop_table', 'manual__2022-08-03T21:44:57.805413+00:00', '--job-id', '174', '--raw', '--subdir', 'DAGS_FOLDER/dag-test.py', '--cfg-path', '/tmp/tmpag4oiqcn', '--error-file', '/tmp/tmprnqzxxue']
[2022-08-03 21:45:04,644] {standard_task_runner.py:80} INFO - Job 174: Subtask drop_table
[2022-08-03 21:45:05,004] {task_command.py:371} INFO - Running <TaskInstance: ltv-pipeline.drop_table manual__2022-08-03T21:44:57.805413+00:00 [running]> on host 3b0f05b8acbc
[2022-08-03 21:45:05,576] {taskinstance.py:1591} INFO - Exporting the following env vars:
AIRFLOW_CTX_DAG_OWNER=***
AIRFLOW_CTX_DAG_ID=ltv-pipeline
AIRFLOW_CTX_TASK_ID=drop_table
AIRFLOW_CTX_EXECUTION_DATE=2022-08-03T21:44:57.805413+00:00
AIRFLOW_CTX_TRY_NUMBER=1
AIRFLOW_CTX_DAG_RUN_ID=manual__2022-08-03T21:44:57.805413+00:00
[2022-08-03 21:45:05,705] {base.py:68} INFO - Using connection ID 'postgres' for task execution.
[2022-08-03 21:45:05,803] {dbapi.py:231} INFO - Running statement: DROP TABLE IF EXISTS vehicles, parameters: None
[2022-08-03 21:45:10,512] {taskinstance.py:1420} INFO - Marking task as SUCCESS. dag_id=ltv-pipeline, task_id=drop_table, execution_date=20220803T214457, start_date=20220803T214504, end_date=20220803T214510
[2022-08-03 21:45:11,833] {local_task_job.py:156} INFO - Task exited with return code 0
[2022-08-03 21:45:12,134] {local_task_job.py:273} INFO - 0 downstream tasks scheduled from follow-on schedule check
