[2022-08-03 17:04:32,139] {taskinstance.py:1179} INFO - Dependencies all met for <TaskInstance: ltv-pipeline.drop_table manual__2022-08-03T17:04:23.531473+00:00 [queued]>
[2022-08-03 17:04:32,342] {taskinstance.py:1179} INFO - Dependencies all met for <TaskInstance: ltv-pipeline.drop_table manual__2022-08-03T17:04:23.531473+00:00 [queued]>
[2022-08-03 17:04:32,362] {taskinstance.py:1376} INFO - 
--------------------------------------------------------------------------------
[2022-08-03 17:04:32,383] {taskinstance.py:1377} INFO - Starting attempt 1 of 1
[2022-08-03 17:04:32,397] {taskinstance.py:1378} INFO - 
--------------------------------------------------------------------------------
[2022-08-03 17:04:32,727] {taskinstance.py:1397} INFO - Executing <Task(PostgresOperator): drop_table> on 2022-08-03 17:04:23.531473+00:00
[2022-08-03 17:04:33,255] {standard_task_runner.py:52} INFO - Started process 2754 to run task
[2022-08-03 17:04:33,606] {standard_task_runner.py:79} INFO - Running: ['***', 'tasks', 'run', 'ltv-pipeline', 'drop_table', 'manual__2022-08-03T17:04:23.531473+00:00', '--job-id', '88', '--raw', '--subdir', 'DAGS_FOLDER/dag-test.py', '--cfg-path', '/tmp/tmpykjdosnm', '--error-file', '/tmp/tmpe4sfqjca']
[2022-08-03 17:04:33,657] {standard_task_runner.py:80} INFO - Job 88: Subtask drop_table
[2022-08-03 17:04:34,345] {task_command.py:371} INFO - Running <TaskInstance: ltv-pipeline.drop_table manual__2022-08-03T17:04:23.531473+00:00 [running]> on host 3b0f05b8acbc
[2022-08-03 17:04:34,752] {taskinstance.py:1591} INFO - Exporting the following env vars:
AIRFLOW_CTX_DAG_OWNER=***
AIRFLOW_CTX_DAG_ID=ltv-pipeline
AIRFLOW_CTX_TASK_ID=drop_table
AIRFLOW_CTX_EXECUTION_DATE=2022-08-03T17:04:23.531473+00:00
AIRFLOW_CTX_TRY_NUMBER=1
AIRFLOW_CTX_DAG_RUN_ID=manual__2022-08-03T17:04:23.531473+00:00
[2022-08-03 17:04:34,879] {base.py:68} INFO - Using connection ID 'postgres' for task execution.
[2022-08-03 17:04:34,928] {dbapi.py:231} INFO - Running statement: DROP TABLE vehicles, parameters: None
[2022-08-03 17:04:40,524] {taskinstance.py:1420} INFO - Marking task as SUCCESS. dag_id=ltv-pipeline, task_id=drop_table, execution_date=20220803T170423, start_date=20220803T170432, end_date=20220803T170440
[2022-08-03 17:04:40,662] {local_task_job.py:156} INFO - Task exited with return code 0
[2022-08-03 17:04:41,021] {local_task_job.py:273} INFO - 1 downstream tasks scheduled from follow-on schedule check
