[2022-08-03 16:10:53,909] {taskinstance.py:1179} INFO - Dependencies all met for <TaskInstance: ltv-pipeline.drop_table manual__2022-08-03T16:10:47.070698+00:00 [queued]>
[2022-08-03 16:10:53,962] {taskinstance.py:1179} INFO - Dependencies all met for <TaskInstance: ltv-pipeline.drop_table manual__2022-08-03T16:10:47.070698+00:00 [queued]>
[2022-08-03 16:10:53,970] {taskinstance.py:1376} INFO - 
--------------------------------------------------------------------------------
[2022-08-03 16:10:53,987] {taskinstance.py:1377} INFO - Starting attempt 1 of 1
[2022-08-03 16:10:54,000] {taskinstance.py:1378} INFO - 
--------------------------------------------------------------------------------
[2022-08-03 16:10:54,072] {taskinstance.py:1397} INFO - Executing <Task(PostgresOperator): drop_table> on 2022-08-03 16:10:47.070698+00:00
[2022-08-03 16:10:54,123] {standard_task_runner.py:52} INFO - Started process 633 to run task
[2022-08-03 16:10:54,135] {standard_task_runner.py:79} INFO - Running: ['***', 'tasks', 'run', 'ltv-pipeline', 'drop_table', 'manual__2022-08-03T16:10:47.070698+00:00', '--job-id', '60', '--raw', '--subdir', 'DAGS_FOLDER/dag-test.py', '--cfg-path', '/tmp/tmpel7vox4t', '--error-file', '/tmp/tmpp73c59io']
[2022-08-03 16:10:54,165] {standard_task_runner.py:80} INFO - Job 60: Subtask drop_table
[2022-08-03 16:10:54,423] {task_command.py:371} INFO - Running <TaskInstance: ltv-pipeline.drop_table manual__2022-08-03T16:10:47.070698+00:00 [running]> on host 3b0f05b8acbc
[2022-08-03 16:10:54,706] {taskinstance.py:1591} INFO - Exporting the following env vars:
AIRFLOW_CTX_DAG_OWNER=***
AIRFLOW_CTX_DAG_ID=ltv-pipeline
AIRFLOW_CTX_TASK_ID=drop_table
AIRFLOW_CTX_EXECUTION_DATE=2022-08-03T16:10:47.070698+00:00
AIRFLOW_CTX_TRY_NUMBER=1
AIRFLOW_CTX_DAG_RUN_ID=manual__2022-08-03T16:10:47.070698+00:00
[2022-08-03 16:10:54,760] {base.py:68} INFO - Using connection ID 'postgres' for task execution.
[2022-08-03 16:10:54,786] {dbapi.py:231} INFO - Running statement: DROP TABLE vehicles, parameters: None
[2022-08-03 16:10:54,881] {taskinstance.py:1420} INFO - Marking task as SUCCESS. dag_id=ltv-pipeline, task_id=drop_table, execution_date=20220803T161047, start_date=20220803T161053, end_date=20220803T161054
[2022-08-03 16:10:54,952] {local_task_job.py:156} INFO - Task exited with return code 0
[2022-08-03 16:10:55,090] {local_task_job.py:273} INFO - 1 downstream tasks scheduled from follow-on schedule check
