[2022-08-03 16:44:00,580] {taskinstance.py:1179} INFO - Dependencies all met for <TaskInstance: ltv-pipeline.load-data manual__2022-08-03T16:43:47.384924+00:00 [queued]>
[2022-08-03 16:44:00,614] {taskinstance.py:1179} INFO - Dependencies all met for <TaskInstance: ltv-pipeline.load-data manual__2022-08-03T16:43:47.384924+00:00 [queued]>
[2022-08-03 16:44:00,629] {taskinstance.py:1376} INFO - 
--------------------------------------------------------------------------------
[2022-08-03 16:44:00,640] {taskinstance.py:1377} INFO - Starting attempt 1 of 1
[2022-08-03 16:44:00,648] {taskinstance.py:1378} INFO - 
--------------------------------------------------------------------------------
[2022-08-03 16:44:00,691] {taskinstance.py:1397} INFO - Executing <Task(PythonOperator): load-data> on 2022-08-03 16:43:47.384924+00:00
[2022-08-03 16:44:00,709] {standard_task_runner.py:52} INFO - Started process 1948 to run task
[2022-08-03 16:44:00,715] {standard_task_runner.py:79} INFO - Running: ['***', 'tasks', 'run', 'ltv-pipeline', 'load-data', 'manual__2022-08-03T16:43:47.384924+00:00', '--job-id', '83', '--raw', '--subdir', 'DAGS_FOLDER/dag-test.py', '--cfg-path', '/tmp/tmpx4xd3nm7', '--error-file', '/tmp/tmpd3yezk_7']
[2022-08-03 16:44:00,723] {standard_task_runner.py:80} INFO - Job 83: Subtask load-data
[2022-08-03 16:44:00,915] {task_command.py:371} INFO - Running <TaskInstance: ltv-pipeline.load-data manual__2022-08-03T16:43:47.384924+00:00 [running]> on host 3b0f05b8acbc
[2022-08-03 16:44:01,121] {taskinstance.py:1591} INFO - Exporting the following env vars:
AIRFLOW_CTX_DAG_OWNER=***
AIRFLOW_CTX_DAG_ID=ltv-pipeline
AIRFLOW_CTX_TASK_ID=load-data
AIRFLOW_CTX_EXECUTION_DATE=2022-08-03T16:43:47.384924+00:00
AIRFLOW_CTX_TRY_NUMBER=1
AIRFLOW_CTX_DAG_RUN_ID=manual__2022-08-03T16:43:47.384924+00:00
[2022-08-03 16:44:01,136] {postgres.py:127} INFO - Running copy expert: COPY vehicles FROM STDIN WITH DELIMITER ',' CSV HEADER , filename: /opt/***/files/vehicle_challenge.csv
[2022-08-03 16:44:01,194] {base.py:68} INFO - Using connection ID 'postgres' for task execution.
[2022-08-03 16:44:10,728] {python.py:173} INFO - Done. Returned value was: None
[2022-08-03 16:44:11,063] {taskinstance.py:1420} INFO - Marking task as SUCCESS. dag_id=ltv-pipeline, task_id=load-data, execution_date=20220803T164347, start_date=20220803T164400, end_date=20220803T164411
[2022-08-03 16:44:11,959] {local_task_job.py:156} INFO - Task exited with return code 0
[2022-08-03 16:44:12,377] {local_task_job.py:273} INFO - 0 downstream tasks scheduled from follow-on schedule check
