[2022-08-11 19:44:51,190] {taskinstance.py:1179} INFO - Dependencies all met for <TaskInstance: ltv-pipeline.decompress-file manual__2022-08-11T19:44:47.198772+00:00 [queued]>
[2022-08-11 19:44:51,199] {taskinstance.py:1179} INFO - Dependencies all met for <TaskInstance: ltv-pipeline.decompress-file manual__2022-08-11T19:44:47.198772+00:00 [queued]>
[2022-08-11 19:44:51,200] {taskinstance.py:1376} INFO - 
--------------------------------------------------------------------------------
[2022-08-11 19:44:51,201] {taskinstance.py:1377} INFO - Starting attempt 1 of 1
[2022-08-11 19:44:51,202] {taskinstance.py:1378} INFO - 
--------------------------------------------------------------------------------
[2022-08-11 19:44:51,213] {taskinstance.py:1397} INFO - Executing <Task(BashOperator): decompress-file> on 2022-08-11 19:44:47.198772+00:00
[2022-08-11 19:44:51,226] {standard_task_runner.py:52} INFO - Started process 83 to run task
[2022-08-11 19:44:51,230] {standard_task_runner.py:79} INFO - Running: ['***', 'tasks', 'run', 'ltv-pipeline', 'decompress-file', 'manual__2022-08-11T19:44:47.198772+00:00', '--job-id', '309', '--raw', '--subdir', 'DAGS_FOLDER/dag-test.py', '--cfg-path', '/tmp/tmpveq5xd3g', '--error-file', '/tmp/tmpn_lah_gf']
[2022-08-11 19:44:51,234] {standard_task_runner.py:80} INFO - Job 309: Subtask decompress-file
[2022-08-11 19:44:51,301] {task_command.py:371} INFO - Running <TaskInstance: ltv-pipeline.decompress-file manual__2022-08-11T19:44:47.198772+00:00 [running]> on host f961364be009
[2022-08-11 19:44:51,368] {taskinstance.py:1591} INFO - Exporting the following env vars:
AIRFLOW_CTX_DAG_OWNER=***
AIRFLOW_CTX_DAG_ID=ltv-pipeline
AIRFLOW_CTX_TASK_ID=decompress-file
AIRFLOW_CTX_EXECUTION_DATE=2022-08-11T19:44:47.198772+00:00
AIRFLOW_CTX_TRY_NUMBER=1
AIRFLOW_CTX_DAG_RUN_ID=manual__2022-08-11T19:44:47.198772+00:00
[2022-08-11 19:44:51,370] {subprocess.py:62} INFO - Tmp dir root location: 
 /tmp
[2022-08-11 19:44:51,372] {subprocess.py:74} INFO - Running command: ['bash', '-c', 'if [ -f *vehicle_challenge.csv.gz ]; then  gunzip -f /opt/***/files/vehicle_challenge.csv.gz; fi;']
[2022-08-11 19:44:51,383] {subprocess.py:85} INFO - Output:
[2022-08-11 19:44:51,385] {subprocess.py:96} INFO - Command exited with return code 0
[2022-08-11 19:44:51,413] {taskinstance.py:1420} INFO - Marking task as SUCCESS. dag_id=ltv-pipeline, task_id=decompress-file, execution_date=20220811T194447, start_date=20220811T194451, end_date=20220811T194451
[2022-08-11 19:44:51,444] {local_task_job.py:156} INFO - Task exited with return code 0
[2022-08-11 19:44:51,480] {local_task_job.py:273} INFO - 1 downstream tasks scheduled from follow-on schedule check
