[2022-08-03 22:06:56,769] {taskinstance.py:1179} INFO - Dependencies all met for <TaskInstance: ltv-pipeline.drop_table manual__2022-08-03T22:06:40.020954+00:00 [queued]>
[2022-08-03 22:06:56,880] {taskinstance.py:1179} INFO - Dependencies all met for <TaskInstance: ltv-pipeline.drop_table manual__2022-08-03T22:06:40.020954+00:00 [queued]>
[2022-08-03 22:06:56,892] {taskinstance.py:1376} INFO - 
--------------------------------------------------------------------------------
[2022-08-03 22:06:56,912] {taskinstance.py:1377} INFO - Starting attempt 1 of 1
[2022-08-03 22:06:56,923] {taskinstance.py:1378} INFO - 
--------------------------------------------------------------------------------
[2022-08-03 22:06:56,979] {taskinstance.py:1397} INFO - Executing <Task(PostgresOperator): drop_table> on 2022-08-03 22:06:40.020954+00:00
[2022-08-03 22:06:57,037] {standard_task_runner.py:52} INFO - Started process 4037 to run task
[2022-08-03 22:06:57,062] {standard_task_runner.py:79} INFO - Running: ['***', 'tasks', 'run', 'ltv-pipeline', 'drop_table', 'manual__2022-08-03T22:06:40.020954+00:00', '--job-id', '210', '--raw', '--subdir', 'DAGS_FOLDER/dag-test.py', '--cfg-path', '/tmp/tmpjqfv6286', '--error-file', '/tmp/tmpsboqoewk']
[2022-08-03 22:06:57,073] {standard_task_runner.py:80} INFO - Job 210: Subtask drop_table
[2022-08-03 22:06:57,379] {task_command.py:371} INFO - Running <TaskInstance: ltv-pipeline.drop_table manual__2022-08-03T22:06:40.020954+00:00 [running]> on host 3b0f05b8acbc
[2022-08-03 22:06:57,796] {taskinstance.py:1591} INFO - Exporting the following env vars:
AIRFLOW_CTX_DAG_OWNER=***
AIRFLOW_CTX_DAG_ID=ltv-pipeline
AIRFLOW_CTX_TASK_ID=drop_table
AIRFLOW_CTX_EXECUTION_DATE=2022-08-03T22:06:40.020954+00:00
AIRFLOW_CTX_TRY_NUMBER=1
AIRFLOW_CTX_DAG_RUN_ID=manual__2022-08-03T22:06:40.020954+00:00
[2022-08-03 22:06:57,860] {base.py:68} INFO - Using connection ID 'postgres' for task execution.
[2022-08-03 22:06:57,879] {dbapi.py:231} INFO - Running statement: DROP TABLE IF EXISTS vehicles, parameters: None
[2022-08-03 22:07:00,783] {taskinstance.py:1420} INFO - Marking task as SUCCESS. dag_id=ltv-pipeline, task_id=drop_table, execution_date=20220803T220640, start_date=20220803T220656, end_date=20220803T220700
[2022-08-03 22:07:00,875] {local_task_job.py:156} INFO - Task exited with return code 0
[2022-08-03 22:07:01,094] {local_task_job.py:273} INFO - 1 downstream tasks scheduled from follow-on schedule check
