[2022-08-03 22:07:20,579] {taskinstance.py:1179} INFO - Dependencies all met for <TaskInstance: ltv-pipeline.load-data manual__2022-08-03T22:06:40.020954+00:00 [queued]>
[2022-08-03 22:07:20,707] {taskinstance.py:1179} INFO - Dependencies all met for <TaskInstance: ltv-pipeline.load-data manual__2022-08-03T22:06:40.020954+00:00 [queued]>
[2022-08-03 22:07:20,709] {taskinstance.py:1376} INFO - 
--------------------------------------------------------------------------------
[2022-08-03 22:07:20,712] {taskinstance.py:1377} INFO - Starting attempt 1 of 1
[2022-08-03 22:07:20,714] {taskinstance.py:1378} INFO - 
--------------------------------------------------------------------------------
[2022-08-03 22:07:20,736] {taskinstance.py:1397} INFO - Executing <Task(PythonOperator): load-data> on 2022-08-03 22:06:40.020954+00:00
[2022-08-03 22:07:20,756] {standard_task_runner.py:52} INFO - Started process 4065 to run task
[2022-08-03 22:07:20,792] {standard_task_runner.py:79} INFO - Running: ['***', 'tasks', 'run', 'ltv-pipeline', 'load-data', 'manual__2022-08-03T22:06:40.020954+00:00', '--job-id', '214', '--raw', '--subdir', 'DAGS_FOLDER/dag-test.py', '--cfg-path', '/tmp/tmpozsexf4a', '--error-file', '/tmp/tmp5v5fjn6i']
[2022-08-03 22:07:20,802] {standard_task_runner.py:80} INFO - Job 214: Subtask load-data
[2022-08-03 22:07:21,201] {task_command.py:371} INFO - Running <TaskInstance: ltv-pipeline.load-data manual__2022-08-03T22:06:40.020954+00:00 [running]> on host 3b0f05b8acbc
[2022-08-03 22:07:21,583] {taskinstance.py:1591} INFO - Exporting the following env vars:
AIRFLOW_CTX_DAG_OWNER=***
AIRFLOW_CTX_DAG_ID=ltv-pipeline
AIRFLOW_CTX_TASK_ID=load-data
AIRFLOW_CTX_EXECUTION_DATE=2022-08-03T22:06:40.020954+00:00
AIRFLOW_CTX_TRY_NUMBER=1
AIRFLOW_CTX_DAG_RUN_ID=manual__2022-08-03T22:06:40.020954+00:00
[2022-08-03 22:07:21,604] {postgres.py:127} INFO - Running copy expert: COPY vehicles FROM STDIN WITH DELIMITER ',' CSV HEADER , filename: files/vehicle_challenge.csv
[2022-08-03 22:07:21,673] {base.py:68} INFO - Using connection ID 'postgres' for task execution.
[2022-08-03 22:07:28,074] {python.py:173} INFO - Done. Returned value was: None
[2022-08-03 22:07:28,953] {taskinstance.py:1420} INFO - Marking task as SUCCESS. dag_id=ltv-pipeline, task_id=load-data, execution_date=20220803T220640, start_date=20220803T220720, end_date=20220803T220728
[2022-08-03 22:07:29,499] {local_task_job.py:156} INFO - Task exited with return code 0
[2022-08-03 22:07:29,791] {local_task_job.py:273} INFO - 1 downstream tasks scheduled from follow-on schedule check
