[2022-08-03 00:32:00,679] {taskinstance.py:1179} INFO - Dependencies all met for <TaskInstance: ltv-pipeline.create_table manual__2022-08-03T00:31:54.873520+00:00 [queued]>
[2022-08-03 00:32:00,733] {taskinstance.py:1179} INFO - Dependencies all met for <TaskInstance: ltv-pipeline.create_table manual__2022-08-03T00:31:54.873520+00:00 [queued]>
[2022-08-03 00:32:00,739] {taskinstance.py:1376} INFO - 
--------------------------------------------------------------------------------
[2022-08-03 00:32:00,749] {taskinstance.py:1377} INFO - Starting attempt 1 of 1
[2022-08-03 00:32:00,760] {taskinstance.py:1378} INFO - 
--------------------------------------------------------------------------------
[2022-08-03 00:32:00,786] {taskinstance.py:1397} INFO - Executing <Task(PostgresOperator): create_table> on 2022-08-03 00:31:54.873520+00:00
[2022-08-03 00:32:00,802] {standard_task_runner.py:52} INFO - Started process 1800 to run task
[2022-08-03 00:32:00,807] {standard_task_runner.py:79} INFO - Running: ['***', 'tasks', 'run', 'ltv-pipeline', 'create_table', 'manual__2022-08-03T00:31:54.873520+00:00', '--job-id', '3', '--raw', '--subdir', 'DAGS_FOLDER/dag-test.py', '--cfg-path', '/tmp/tmpsthferwf', '--error-file', '/tmp/tmp7l0s72cv']
[2022-08-03 00:32:00,810] {standard_task_runner.py:80} INFO - Job 3: Subtask create_table
[2022-08-03 00:32:00,958] {task_command.py:371} INFO - Running <TaskInstance: ltv-pipeline.create_table manual__2022-08-03T00:31:54.873520+00:00 [running]> on host dc3eb4614e33
[2022-08-03 00:32:01,267] {taskinstance.py:1591} INFO - Exporting the following env vars:
AIRFLOW_CTX_DAG_OWNER=***
AIRFLOW_CTX_DAG_ID=ltv-pipeline
AIRFLOW_CTX_TASK_ID=create_table
AIRFLOW_CTX_EXECUTION_DATE=2022-08-03T00:31:54.873520+00:00
AIRFLOW_CTX_TRY_NUMBER=1
AIRFLOW_CTX_DAG_RUN_ID=manual__2022-08-03T00:31:54.873520+00:00
[2022-08-03 00:32:01,299] {base.py:68} INFO - Using connection ID 'postgres' for task execution.
[2022-08-03 00:32:01,321] {dbapi.py:231} INFO - Running statement: 
                CREATE TABLE IF NOT EXISTS users(
                    first_name TEXT NOT NULL,
                    last_name TEXT NOT NULL
                )
        , parameters: None
[2022-08-03 00:32:01,390] {taskinstance.py:1420} INFO - Marking task as SUCCESS. dag_id=ltv-pipeline, task_id=create_table, execution_date=20220803T003154, start_date=20220803T003200, end_date=20220803T003201
[2022-08-03 00:32:01,456] {local_task_job.py:156} INFO - Task exited with return code 0
[2022-08-03 00:32:01,542] {local_task_job.py:273} INFO - 1 downstream tasks scheduled from follow-on schedule check
