[2022-08-03 00:35:50,457] {taskinstance.py:1179} INFO - Dependencies all met for <TaskInstance: ltv-pipeline.query-table manual__2022-08-03T00:35:46.127326+00:00 [queued]>
[2022-08-03 00:35:50,496] {taskinstance.py:1179} INFO - Dependencies all met for <TaskInstance: ltv-pipeline.query-table manual__2022-08-03T00:35:46.127326+00:00 [queued]>
[2022-08-03 00:35:50,501] {taskinstance.py:1376} INFO - 
--------------------------------------------------------------------------------
[2022-08-03 00:35:50,504] {taskinstance.py:1377} INFO - Starting attempt 1 of 1
[2022-08-03 00:35:50,511] {taskinstance.py:1378} INFO - 
--------------------------------------------------------------------------------
[2022-08-03 00:35:50,527] {taskinstance.py:1397} INFO - Executing <Task(PythonOperator): query-table> on 2022-08-03 00:35:46.127326+00:00
[2022-08-03 00:35:50,538] {standard_task_runner.py:52} INFO - Started process 1974 to run task
[2022-08-03 00:35:50,544] {standard_task_runner.py:79} INFO - Running: ['***', 'tasks', 'run', 'ltv-pipeline', 'query-table', 'manual__2022-08-03T00:35:46.127326+00:00', '--job-id', '8', '--raw', '--subdir', 'DAGS_FOLDER/dag-test.py', '--cfg-path', '/tmp/tmp8oecmckl', '--error-file', '/tmp/tmp7v5p8jfl']
[2022-08-03 00:35:50,555] {standard_task_runner.py:80} INFO - Job 8: Subtask query-table
[2022-08-03 00:35:50,667] {task_command.py:371} INFO - Running <TaskInstance: ltv-pipeline.query-table manual__2022-08-03T00:35:46.127326+00:00 [running]> on host dc3eb4614e33
[2022-08-03 00:35:50,757] {taskinstance.py:1591} INFO - Exporting the following env vars:
AIRFLOW_CTX_DAG_OWNER=***
AIRFLOW_CTX_DAG_ID=ltv-pipeline
AIRFLOW_CTX_TASK_ID=query-table
AIRFLOW_CTX_EXECUTION_DATE=2022-08-03T00:35:46.127326+00:00
AIRFLOW_CTX_TRY_NUMBER=1
AIRFLOW_CTX_DAG_RUN_ID=manual__2022-08-03T00:35:46.127326+00:00
[2022-08-03 00:35:50,765] {logging_mixin.py:115} INFO - Testing hook
[2022-08-03 00:35:50,790] {base.py:68} INFO - Using connection ID 'postgres' for task execution.
[2022-08-03 00:35:50,809] {logging_mixin.py:115} INFO - []
[2022-08-03 00:35:50,833] {base.py:68} INFO - Using connection ID 'postgres' for task execution.
[2022-08-03 00:35:50,870] {logging_mixin.py:115} INFO - [('pg_toast',), ('pg_catalog',), ('public',), ('information_schema',)]
[2022-08-03 00:35:50,879] {python.py:173} INFO - Done. Returned value was: None
[2022-08-03 00:35:50,914] {taskinstance.py:1420} INFO - Marking task as SUCCESS. dag_id=ltv-pipeline, task_id=query-table, execution_date=20220803T003546, start_date=20220803T003550, end_date=20220803T003550
[2022-08-03 00:35:50,974] {local_task_job.py:156} INFO - Task exited with return code 0
[2022-08-03 00:35:51,024] {local_task_job.py:273} INFO - 0 downstream tasks scheduled from follow-on schedule check
